[2024-04-04T20:01:53.375+0000] {taskinstance.py:1956} INFO - Dependencies all met for dep_context=non-requeueable deps ti=<TaskInstance: dag___dbt.run_model1 scheduled__2024-04-03T10:00:00+00:00 [queued]>
[2024-04-04T20:01:53.440+0000] {taskinstance.py:1956} INFO - Dependencies all met for dep_context=requeueable deps ti=<TaskInstance: dag___dbt.run_model1 scheduled__2024-04-03T10:00:00+00:00 [queued]>
[2024-04-04T20:01:53.441+0000] {taskinstance.py:2170} INFO - Starting attempt 1 of 2
[2024-04-04T20:01:53.525+0000] {taskinstance.py:2191} INFO - Executing <Task(BashOperator): run_model1> on 2024-04-03 10:00:00+00:00
[2024-04-04T20:01:53.567+0000] {standard_task_runner.py:60} INFO - Started process 5891 to run task
[2024-04-04T20:01:53.584+0000] {standard_task_runner.py:87} INFO - Running: ['***', 'tasks', 'run', 'dag___dbt', 'run_model1', 'scheduled__2024-04-03T10:00:00+00:00', '--job-id', '393', '--raw', '--subdir', 'DAGS_FOLDER/freshness_test_dag.py', '--cfg-path', '/tmp/tmppsasng9q']
[2024-04-04T20:01:53.615+0000] {standard_task_runner.py:88} INFO - Job 393: Subtask run_model1
[2024-04-04T20:01:54.011+0000] {task_command.py:423} INFO - Running <TaskInstance: dag___dbt.run_model1 scheduled__2024-04-03T10:00:00+00:00 [running]> on host 62dc842f1ceb
[2024-04-04T20:01:54.506+0000] {taskinstance.py:2480} INFO - Exporting env vars: AIRFLOW_CTX_DAG_OWNER='***' AIRFLOW_CTX_DAG_ID='dag___dbt' AIRFLOW_CTX_TASK_ID='run_model1' AIRFLOW_CTX_EXECUTION_DATE='2024-04-03T10:00:00+00:00' AIRFLOW_CTX_TRY_NUMBER='1' AIRFLOW_CTX_DAG_RUN_ID='scheduled__2024-04-03T10:00:00+00:00'
[2024-04-04T20:01:54.556+0000] {subprocess.py:63} INFO - Tmp dir root location: /tmp
[2024-04-04T20:01:54.576+0000] {subprocess.py:75} INFO - Running command: ['/usr/bin/bash', '-c', '/home/***/.local/bin/dbt run --models my_first_dbt_model my_second_dbt_model  --profiles-dir /home/***/.dbt --project-dir /opt/***/proj']
[2024-04-04T20:01:54.609+0000] {subprocess.py:86} INFO - Output:
[2024-04-04T20:02:08.444+0000] {subprocess.py:93} INFO - [0m20:02:08  Running with dbt=1.7.10
[2024-04-04T20:02:09.754+0000] {subprocess.py:93} INFO - [0m20:02:09  Registered adapter: postgres=1.7.10
[2024-04-04T10:39:29.884+0000] {subprocess.py:93} INFO - [0m10:39:29  Found 34 models, 2 operations, 5 tests, 1 source, 0 exposures, 0 metrics, 1407 macros, 0 groups, 0 semantic models
[2024-04-04T10:39:29.904+0000] {subprocess.py:93} INFO - [0m10:39:29
[2024-04-04T10:39:31.617+0000] {subprocess.py:93} INFO - [0m10:39:31
[2024-04-04T10:39:31.625+0000] {subprocess.py:93} INFO - [0m10:39:31  Running 1 on-run-start hook
[2024-04-04T10:39:31.959+0000] {subprocess.py:93} INFO - [0m10:39:31  1 of 1 START hook: elementary.on-run-start.0 ................................... [RUN]
[2024-04-04T10:39:31.963+0000] {subprocess.py:93} INFO - [0m10:39:31  1 of 1 OK hook: elementary.on-run-start.0 ...................................... [[32mOK[0m in 0.00s]
[2024-04-04T10:39:31.977+0000] {subprocess.py:93} INFO - [0m10:39:31
[2024-04-04T10:39:31.995+0000] {subprocess.py:93} INFO - [0m10:39:31  Concurrency: 1 threads (target='dev')
[2024-04-04T10:39:31.999+0000] {subprocess.py:93} INFO - [0m10:39:31
[2024-04-04T10:39:32.033+0000] {subprocess.py:93} INFO - [0m10:39:32  1 of 2 START sql table model public.my_first_dbt_model ......................... [RUN]
[2024-04-04T10:39:33.668+0000] {subprocess.py:93} INFO - [0m10:39:33  1 of 2 OK created sql table model public.my_first_dbt_model .................... [[32mSELECT 2[0m in 1.62s]
[2024-04-04T10:39:33.683+0000] {subprocess.py:93} INFO - [0m10:39:33  2 of 2 START sql view model public.my_second_dbt_model ......................... [RUN]
[2024-04-04T10:39:34.412+0000] {subprocess.py:93} INFO - [0m10:39:34  2 of 2 OK created sql view model public.my_second_dbt_model .................... [[32mCREATE VIEW[0m in 0.71s]
[2024-04-04T10:39:34.620+0000] {subprocess.py:93} INFO - [0m10:39:34
[2024-04-04T10:39:34.632+0000] {subprocess.py:93} INFO - [0m10:39:34  Running 1 on-run-end hook
[2024-04-04T10:39:45.609+0000] {subprocess.py:93} INFO - [0m10:39:45  1 of 1 START hook: elementary.on-run-end.0 ..................................... [RUN]
[2024-04-04T10:39:45.612+0000] {subprocess.py:93} INFO - [0m10:39:45  1 of 1 OK hook: elementary.on-run-end.0 ........................................ [[32mOK[0m in 0.00s]
[2024-04-04T10:39:45.618+0000] {subprocess.py:93} INFO - [0m10:39:45
[2024-04-04T10:39:45.643+0000] {subprocess.py:93} INFO - [0m10:39:45
[2024-04-04T10:39:45.647+0000] {subprocess.py:93} INFO - [0m10:39:45  Finished running 1 table model, 1 view model, 2 hooks in 0 hours 0 minutes and 15.73 seconds (15.73s).
[2024-04-04T10:39:45.773+0000] {subprocess.py:93} INFO - [0m10:39:45
[2024-04-04T10:39:45.775+0000] {subprocess.py:93} INFO - [0m10:39:45  [32mCompleted successfully[0m
[2024-04-04T10:39:45.777+0000] {subprocess.py:93} INFO - [0m10:39:45
[2024-04-04T10:39:45.779+0000] {subprocess.py:93} INFO - [0m10:39:45  Done. PASS=2 WARN=0 ERROR=0 SKIP=0 TOTAL=2
[2024-04-04T10:39:46.859+0000] {subprocess.py:97} INFO - Command exited with return code 0
[2024-04-04T10:39:46.906+0000] {taskinstance.py:1138} INFO - Marking task as SUCCESS. dag_id=dag___dbt, task_id=run_model1, execution_date=20240403T100000, start_date=20240404T200153, end_date=20240404T103946
[2024-04-04T23:14:07.090+0000] {local_task_job_runner.py:234} INFO - Task exited with return code 0
[2024-04-04T23:14:07.576+0000] {taskinstance.py:3280} INFO - 0 downstream tasks scheduled from follow-on schedule check
