[2024-03-25T12:08:50.129+0000] {taskinstance.py:1956} INFO - Dependencies all met for dep_context=non-requeueable deps ti=<TaskInstance: dag___dbt.run_model1 scheduled__2024-03-20T00:00:00+00:00 [queued]>
[2024-03-25T12:08:50.188+0000] {taskinstance.py:1956} INFO - Dependencies all met for dep_context=requeueable deps ti=<TaskInstance: dag___dbt.run_model1 scheduled__2024-03-20T00:00:00+00:00 [queued]>
[2024-03-25T12:08:50.193+0000] {taskinstance.py:2170} INFO - Starting attempt 1 of 2
[2024-03-25T12:08:50.252+0000] {taskinstance.py:2191} INFO - Executing <Task(BashOperator): run_model1> on 2024-03-20 00:00:00+00:00
[2024-03-25T12:08:50.292+0000] {standard_task_runner.py:60} INFO - Started process 217 to run task
[2024-03-25T12:08:50.305+0000] {standard_task_runner.py:87} INFO - Running: ['***', 'tasks', 'run', 'dag___dbt', 'run_model1', 'scheduled__2024-03-20T00:00:00+00:00', '--job-id', '12', '--raw', '--subdir', 'DAGS_FOLDER/dbt_dag.py', '--cfg-path', '/tmp/tmpiukbkfj2']
[2024-03-25T12:08:50.315+0000] {standard_task_runner.py:88} INFO - Job 12: Subtask run_model1
[2024-03-25T12:08:50.635+0000] {task_command.py:423} INFO - Running <TaskInstance: dag___dbt.run_model1 scheduled__2024-03-20T00:00:00+00:00 [running]> on host 62dc842f1ceb
[2024-03-25T12:08:51.010+0000] {taskinstance.py:2480} INFO - Exporting env vars: AIRFLOW_CTX_DAG_OWNER='***' AIRFLOW_CTX_DAG_ID='dag___dbt' AIRFLOW_CTX_TASK_ID='run_model1' AIRFLOW_CTX_EXECUTION_DATE='2024-03-20T00:00:00+00:00' AIRFLOW_CTX_TRY_NUMBER='1' AIRFLOW_CTX_DAG_RUN_ID='scheduled__2024-03-20T00:00:00+00:00'
[2024-03-25T12:08:51.024+0000] {subprocess.py:63} INFO - Tmp dir root location: /tmp
[2024-03-25T12:08:51.026+0000] {subprocess.py:75} INFO - Running command: ['/usr/bin/bash', '-c', '/home/***/.local/bin/dbt run --models my_first_dbt_model  --profiles-dir /home/***/.dbt --project-dir /opt/***/proj']
[2024-03-25T12:08:51.074+0000] {subprocess.py:86} INFO - Output:
[2024-03-25T12:08:51.081+0000] {subprocess.py:93} INFO - /usr/bin/bash: line 1: /home/***/.local/bin/dbt: No such file or directory
[2024-03-25T12:08:51.085+0000] {subprocess.py:97} INFO - Command exited with return code 127
[2024-03-25T12:08:51.129+0000] {taskinstance.py:2698} ERROR - Task failed with exception
Traceback (most recent call last):
  File "/home/airflow/.local/lib/python3.8/site-packages/airflow/models/taskinstance.py", line 433, in _execute_task
    result = execute_callable(context=context, **execute_callable_kwargs)
  File "/home/airflow/.local/lib/python3.8/site-packages/airflow/operators/bash.py", line 212, in execute
    raise AirflowException(
airflow.exceptions.AirflowException: Bash command failed. The command returned a non-zero exit code 127.
[2024-03-25T12:08:51.143+0000] {taskinstance.py:1138} INFO - Marking task as UP_FOR_RETRY. dag_id=dag___dbt, task_id=run_model1, execution_date=20240320T000000, start_date=20240325T120850, end_date=20240325T120851
[2024-03-25T12:08:51.225+0000] {standard_task_runner.py:107} ERROR - Failed to execute job 12 for task run_model1 (Bash command failed. The command returned a non-zero exit code 127.; 217)
[2024-03-25T12:08:51.270+0000] {local_task_job_runner.py:234} INFO - Task exited with return code 1
[2024-03-25T12:08:51.922+0000] {taskinstance.py:3280} INFO - 0 downstream tasks scheduled from follow-on schedule check
