[2024-04-02T11:53:02.229+0000] {taskinstance.py:1956} INFO - Dependencies all met for dep_context=non-requeueable deps ti=<TaskInstance: dag___dbt.elementary_reports_generation scheduled__2024-04-01T10:00:00+00:00 [queued]>
[2024-04-02T11:53:02.241+0000] {taskinstance.py:1956} INFO - Dependencies all met for dep_context=requeueable deps ti=<TaskInstance: dag___dbt.elementary_reports_generation scheduled__2024-04-01T10:00:00+00:00 [queued]>
[2024-04-02T11:53:02.242+0000] {taskinstance.py:2170} INFO - Starting attempt 1 of 2
[2024-04-02T11:53:02.259+0000] {taskinstance.py:2191} INFO - Executing <Task(BashOperator): elementary_reports_generation> on 2024-04-01 10:00:00+00:00
[2024-04-02T11:53:02.265+0000] {standard_task_runner.py:60} INFO - Started process 113 to run task
[2024-04-02T11:53:02.269+0000] {standard_task_runner.py:87} INFO - Running: ['***', 'tasks', 'run', 'dag___dbt', 'elementary_reports_generation', 'scheduled__2024-04-01T10:00:00+00:00', '--job-id', '341', '--raw', '--subdir', 'DAGS_FOLDER/freshness_test_dag.py', '--cfg-path', '/tmp/tmpf1zs4cnj']
[2024-04-02T11:53:02.272+0000] {standard_task_runner.py:88} INFO - Job 341: Subtask elementary_reports_generation
[2024-04-02T11:53:02.328+0000] {task_command.py:423} INFO - Running <TaskInstance: dag___dbt.elementary_reports_generation scheduled__2024-04-01T10:00:00+00:00 [running]> on host 62dc842f1ceb
[2024-04-02T11:53:02.421+0000] {taskinstance.py:2480} INFO - Exporting env vars: AIRFLOW_CTX_DAG_OWNER='***' AIRFLOW_CTX_DAG_ID='dag___dbt' AIRFLOW_CTX_TASK_ID='elementary_reports_generation' AIRFLOW_CTX_EXECUTION_DATE='2024-04-01T10:00:00+00:00' AIRFLOW_CTX_TRY_NUMBER='1' AIRFLOW_CTX_DAG_RUN_ID='scheduled__2024-04-01T10:00:00+00:00'
[2024-04-02T11:53:02.424+0000] {subprocess.py:63} INFO - Tmp dir root location: /tmp
[2024-04-02T11:53:02.426+0000] {subprocess.py:75} INFO - Running command: ['/usr/bin/bash', '-c', '/home/***/.local/bin/edr report']
[2024-04-02T11:53:02.439+0000] {subprocess.py:86} INFO - Output:
[2024-04-02T11:53:04.603+0000] {subprocess.py:93} INFO -     ________                          __
[2024-04-02T11:53:04.603+0000] {subprocess.py:93} INFO -    / ____/ /__  ____ ___  ___  ____  / /_____ ________  __
[2024-04-02T11:53:04.604+0000] {subprocess.py:93} INFO -   / __/ / / _ \/ __ `__ \/ _ \/ __ \/ __/ __ `/ ___/ / / /
[2024-04-02T11:53:04.605+0000] {subprocess.py:93} INFO -  / /___/ /  __/ / / / / /  __/ / / / /_/ /_/ / /  / /_/ /
[2024-04-02T11:53:04.605+0000] {subprocess.py:93} INFO - /_____/_/\___/_/ /_/ /_/\___/_/ /_/\__/\__,_/_/   \__, /
[2024-04-02T11:53:04.606+0000] {subprocess.py:93} INFO -                                                  /____/
[2024-04-02T11:53:04.606+0000] {subprocess.py:93} INFO - 
[2024-04-02T11:53:04.888+0000] {subprocess.py:93} INFO - Any feedback and suggestions are welcomed! join our community here - https://bit.ly/slack-elementary
[2024-04-02T11:53:04.889+0000] {subprocess.py:93} INFO - 
[2024-04-02T11:53:04.889+0000] {subprocess.py:93} INFO - 2024-04-02 11:53:04 — INFO — Running with edr=0.14.1
[2024-04-02T11:53:20.313+0000] {subprocess.py:93} INFO - 2024-04-02 11:53:20 — INFO — edr (0.14.1) and Elementary's dbt package (0.14.1) are compatible.
[2024-04-02T11:53:26.174+0000] {subprocess.py:93} INFO - 2024-04-02 11:53:26 — INFO — Elementary's database and schema: '"postgres.public_elementary"'
[2024-04-02T11:53:26.175+0000] {subprocess.py:93} INFO - 2024-04-02 11:53:26 — INFO — Running dbt --log-format json run-operation elementary.log_macro_results --args {"macro_name": "elementary_cli.get_test_results", "macro_args": {"days_back": 7, "invocations_per_test": 720, "disable_passed_test_metrics": false}} --project-dir /home/***/.local/lib/python3.8/site-packages/elementary/monitor/dbt_project
[2024-04-02T11:53:35.940+0000] {subprocess.py:93} INFO - 2024-04-02 11:53:35 — INFO — Running dbt --log-format json run-operation elementary.log_macro_results --args {"macro_name": "elementary_cli.get_source_freshness_results", "macro_args": {"days_back": 7, "invocations_per_test": 720}} --project-dir /home/***/.local/lib/python3.8/site-packages/elementary/monitor/dbt_project
[2024-04-02T11:53:41.550+0000] {subprocess.py:93} INFO - 2024-04-02 11:53:41 — INFO — Running dbt --log-format json run-operation elementary.log_macro_results --args {"macro_name": "elementary_cli.get_models", "macro_args": {"exclude_elementary": true}} --project-dir /home/***/.local/lib/python3.8/site-packages/elementary/monitor/dbt_project
[2024-04-02T11:53:47.983+0000] {subprocess.py:93} INFO - 2024-04-02 11:53:47 — INFO — Running dbt --log-format json run-operation elementary.log_macro_results --args {"macro_name": "elementary_cli.get_sources", "macro_args": {}} --project-dir /home/***/.local/lib/python3.8/site-packages/elementary/monitor/dbt_project
[2024-04-02T11:53:56.368+0000] {subprocess.py:93} INFO - 2024-04-02 11:53:56 — INFO — Running dbt --log-format json run-operation elementary.log_macro_results --args {"macro_name": "elementary_cli.get_exposures", "macro_args": {}} --project-dir /home/***/.local/lib/python3.8/site-packages/elementary/monitor/dbt_project
[2024-04-02T11:54:04.294+0000] {subprocess.py:93} INFO - 2024-04-02 11:54:04 — INFO — Running dbt --log-format json run-operation elementary.log_macro_results --args {"macro_name": "elementary_cli.get_models_runs", "macro_args": {"days_back": 7, "exclude_elementary": true}} --project-dir /home/***/.local/lib/python3.8/site-packages/elementary/monitor/dbt_project
[2024-04-02T11:54:10.879+0000] {subprocess.py:93} INFO - 2024-04-02 11:54:10 — INFO — Running dbt --log-format json run-operation elementary.log_macro_results --args {"macro_name": "elementary_cli.get_dbt_models_test_coverage", "macro_args": {}} --project-dir /home/***/.local/lib/python3.8/site-packages/elementary/monitor/dbt_project
[2024-04-02T11:54:18.339+0000] {subprocess.py:93} INFO - 2024-04-02 11:54:18 — INFO — Running dbt --log-format json run-operation elementary.log_macro_results --args {"macro_name": "elementary_cli.get_nodes_depends_on_nodes", "macro_args": {"exclude_elementary": true}} --project-dir /home/***/.local/lib/python3.8/site-packages/elementary/monitor/dbt_project
[2024-04-02T11:54:27.361+0000] {subprocess.py:93} INFO - 2024-04-02 11:54:27 — INFO — Running dbt --log-format json run-operation elementary.log_macro_results --args {"macro_name": "elementary_cli.get_models_latest_invocation", "macro_args": {}} --project-dir /home/***/.local/lib/python3.8/site-packages/elementary/monitor/dbt_project
[2024-04-02T11:54:35.395+0000] {subprocess.py:93} INFO - 2024-04-02 11:54:35 — INFO — Running dbt --log-format json run-operation elementary.log_macro_results --args {"macro_name": "elementary_cli.get_models_latest_invocations_data", "macro_args": {}} --project-dir /home/***/.local/lib/python3.8/site-packages/elementary/monitor/dbt_project
[2024-04-02T11:54:45.013+0000] {subprocess.py:97} INFO - Command exited with return code 0
[2024-04-02T11:54:45.044+0000] {taskinstance.py:1138} INFO - Marking task as SUCCESS. dag_id=dag___dbt, task_id=elementary_reports_generation, execution_date=20240401T100000, start_date=20240402T115302, end_date=20240402T115445
[2024-04-02T11:54:45.091+0000] {local_task_job_runner.py:234} INFO - Task exited with return code 0
[2024-04-02T11:54:45.135+0000] {taskinstance.py:3280} INFO - 0 downstream tasks scheduled from follow-on schedule check
