[2024-03-26T12:52:47.341+0000] {taskinstance.py:1956} INFO - Dependencies all met for dep_context=non-requeueable deps ti=<TaskInstance: dag___dbt.elementary_reports_generation scheduled__2024-03-25T00:00:00+00:00 [queued]>
[2024-03-26T12:52:47.350+0000] {taskinstance.py:1956} INFO - Dependencies all met for dep_context=requeueable deps ti=<TaskInstance: dag___dbt.elementary_reports_generation scheduled__2024-03-25T00:00:00+00:00 [queued]>
[2024-03-26T12:52:47.351+0000] {taskinstance.py:2170} INFO - Starting attempt 1 of 2
[2024-03-26T12:52:47.368+0000] {taskinstance.py:2191} INFO - Executing <Task(BashOperator): elementary_reports_generation> on 2024-03-25 00:00:00+00:00
[2024-03-26T12:52:47.376+0000] {standard_task_runner.py:60} INFO - Started process 2922 to run task
[2024-03-26T12:52:47.380+0000] {standard_task_runner.py:87} INFO - Running: ['***', 'tasks', 'run', 'dag___dbt', 'elementary_reports_generation', 'scheduled__2024-03-25T00:00:00+00:00', '--job-id', '59', '--raw', '--subdir', 'DAGS_FOLDER/dbt_dag.py', '--cfg-path', '/tmp/tmpfn3egbfl']
[2024-03-26T12:52:47.383+0000] {standard_task_runner.py:88} INFO - Job 59: Subtask elementary_reports_generation
[2024-03-26T12:52:47.440+0000] {task_command.py:423} INFO - Running <TaskInstance: dag___dbt.elementary_reports_generation scheduled__2024-03-25T00:00:00+00:00 [running]> on host 62dc842f1ceb
[2024-03-26T12:52:47.524+0000] {taskinstance.py:2480} INFO - Exporting env vars: AIRFLOW_CTX_DAG_OWNER='***' AIRFLOW_CTX_DAG_ID='dag___dbt' AIRFLOW_CTX_TASK_ID='elementary_reports_generation' AIRFLOW_CTX_EXECUTION_DATE='2024-03-25T00:00:00+00:00' AIRFLOW_CTX_TRY_NUMBER='1' AIRFLOW_CTX_DAG_RUN_ID='scheduled__2024-03-25T00:00:00+00:00'
[2024-03-26T12:52:47.526+0000] {subprocess.py:63} INFO - Tmp dir root location: /tmp
[2024-03-26T12:52:47.527+0000] {subprocess.py:75} INFO - Running command: ['/usr/bin/bash', '-c', '/home/***/.local/bin/edr report']
[2024-03-26T12:52:47.541+0000] {subprocess.py:86} INFO - Output:
[2024-03-26T12:52:49.926+0000] {subprocess.py:93} INFO -     ________                          __
[2024-03-26T12:52:49.927+0000] {subprocess.py:93} INFO -    / ____/ /__  ____ ___  ___  ____  / /_____ ________  __
[2024-03-26T12:52:49.928+0000] {subprocess.py:93} INFO -   / __/ / / _ \/ __ `__ \/ _ \/ __ \/ __/ __ `/ ___/ / / /
[2024-03-26T12:52:49.929+0000] {subprocess.py:93} INFO -  / /___/ /  __/ / / / / /  __/ / / / /_/ /_/ / /  / /_/ /
[2024-03-26T12:52:49.929+0000] {subprocess.py:93} INFO - /_____/_/\___/_/ /_/ /_/\___/_/ /_/\__/\__,_/_/   \__, /
[2024-03-26T12:52:49.930+0000] {subprocess.py:93} INFO -                                                  /____/
[2024-03-26T12:52:49.931+0000] {subprocess.py:93} INFO - 
[2024-03-26T12:52:49.940+0000] {subprocess.py:93} INFO - Any feedback and suggestions are welcomed! join our community here - https://bit.ly/slack-elementary
[2024-03-26T12:52:49.941+0000] {subprocess.py:93} INFO - 
[2024-03-26T12:52:49.942+0000] {subprocess.py:93} INFO - 2024-03-26 12:52:49 — INFO — Running with edr=0.14.1
[2024-03-26T12:53:02.540+0000] {subprocess.py:93} INFO - 2024-03-26 12:53:02 — INFO — edr (0.14.1) and Elementary's dbt package (0.14.1) are compatible.
[2024-03-26T12:53:07.761+0000] {subprocess.py:93} INFO - 2024-03-26 12:53:07 — INFO — Elementary's database and schema: '"postgres.public_elementary"'
[2024-03-26T12:53:07.762+0000] {subprocess.py:93} INFO - 2024-03-26 12:53:07 — INFO — Running dbt --log-format json run-operation elementary.log_macro_results --args {"macro_name": "elementary_cli.get_test_results", "macro_args": {"days_back": 7, "invocations_per_test": 720, "disable_passed_test_metrics": false}} --project-dir /home/***/.local/lib/python3.8/site-packages/elementary/monitor/dbt_project
[2024-03-26T12:53:14.543+0000] {subprocess.py:93} INFO - 2024-03-26 12:53:14 — INFO — Running dbt --log-format json run-operation elementary.log_macro_results --args {"macro_name": "elementary_cli.get_source_freshness_results", "macro_args": {"days_back": 7, "invocations_per_test": 720}} --project-dir /home/***/.local/lib/python3.8/site-packages/elementary/monitor/dbt_project
[2024-03-26T12:53:27.274+0000] {subprocess.py:93} INFO - 2024-03-26 12:53:27 — INFO — Running dbt --log-format json run-operation elementary.log_macro_results --args {"macro_name": "elementary_cli.get_models", "macro_args": {"exclude_elementary": true}} --project-dir /home/***/.local/lib/python3.8/site-packages/elementary/monitor/dbt_project
[2024-03-26T12:53:45.554+0000] {subprocess.py:93} INFO - 2024-03-26 12:53:45 — INFO — Running dbt --log-format json run-operation elementary.log_macro_results --args {"macro_name": "elementary_cli.get_sources", "macro_args": {}} --project-dir /home/***/.local/lib/python3.8/site-packages/elementary/monitor/dbt_project
[2024-03-26T12:54:01.132+0000] {subprocess.py:93} INFO - 2024-03-26 12:54:01 — INFO — Running dbt --log-format json run-operation elementary.log_macro_results --args {"macro_name": "elementary_cli.get_exposures", "macro_args": {}} --project-dir /home/***/.local/lib/python3.8/site-packages/elementary/monitor/dbt_project
[2024-03-26T12:54:12.841+0000] {subprocess.py:93} INFO - 2024-03-26 12:54:12 — INFO — Running dbt --log-format json run-operation elementary.log_macro_results --args {"macro_name": "elementary_cli.get_models_runs", "macro_args": {"days_back": 7, "exclude_elementary": true}} --project-dir /home/***/.local/lib/python3.8/site-packages/elementary/monitor/dbt_project
[2024-03-26T12:54:22.545+0000] {subprocess.py:93} INFO - 2024-03-26 12:54:22 — INFO — Running dbt --log-format json run-operation elementary.log_macro_results --args {"macro_name": "elementary_cli.get_dbt_models_test_coverage", "macro_args": {}} --project-dir /home/***/.local/lib/python3.8/site-packages/elementary/monitor/dbt_project
[2024-03-26T12:54:28.617+0000] {subprocess.py:93} INFO - 2024-03-26 12:54:28 — INFO — Running dbt --log-format json run-operation elementary.log_macro_results --args {"macro_name": "elementary_cli.get_nodes_depends_on_nodes", "macro_args": {"exclude_elementary": true}} --project-dir /home/***/.local/lib/python3.8/site-packages/elementary/monitor/dbt_project
[2024-03-26T12:54:37.779+0000] {subprocess.py:93} INFO - 2024-03-26 12:54:37 — INFO — Running dbt --log-format json run-operation elementary.log_macro_results --args {"macro_name": "elementary_cli.get_models_latest_invocation", "macro_args": {}} --project-dir /home/***/.local/lib/python3.8/site-packages/elementary/monitor/dbt_project
[2024-03-26T12:54:52.349+0000] {subprocess.py:93} INFO - 2024-03-26 12:54:52 — INFO — Running dbt --log-format json run-operation elementary.log_macro_results --args {"macro_name": "elementary_cli.get_models_latest_invocations_data", "macro_args": {}} --project-dir /home/***/.local/lib/python3.8/site-packages/elementary/monitor/dbt_project
[2024-03-26T12:55:01.479+0000] {subprocess.py:97} INFO - Command exited with return code 0
[2024-03-26T12:55:01.522+0000] {taskinstance.py:1138} INFO - Marking task as SUCCESS. dag_id=dag___dbt, task_id=elementary_reports_generation, execution_date=20240325T000000, start_date=20240326T125247, end_date=20240326T125501
[2024-03-26T12:55:01.585+0000] {local_task_job_runner.py:234} INFO - Task exited with return code 0
[2024-03-26T12:55:01.627+0000] {taskinstance.py:3280} INFO - 0 downstream tasks scheduled from follow-on schedule check
