[2024-04-04T20:02:00.972+0000] {processor.py:161} INFO - Started process (PID=43469) to work on /home/airflow/.local/lib/python3.8/site-packages/airflow/example_dags/example_sensor_decorator.py
[2024-04-04T20:02:00.976+0000] {processor.py:830} INFO - Processing file /home/airflow/.local/lib/python3.8/site-packages/airflow/example_dags/example_sensor_decorator.py for tasks to queue
[2024-04-04T20:02:00.980+0000] {logging_mixin.py:188} INFO - [2024-04-04T20:02:00.980+0000] {dagbag.py:538} INFO - Filling up the DagBag from /home/airflow/.local/lib/python3.8/site-packages/airflow/example_dags/example_sensor_decorator.py
[2024-04-04T20:02:01.004+0000] {processor.py:840} INFO - DAG(s) 'example_sensor_decorator' retrieved from /home/airflow/.local/lib/python3.8/site-packages/airflow/example_dags/example_sensor_decorator.py
[2024-04-04T20:02:01.056+0000] {logging_mixin.py:188} INFO - [2024-04-04T20:02:01.056+0000] {dag.py:3036} INFO - Sync 1 DAGs
[2024-04-04T20:02:01.104+0000] {logging_mixin.py:188} INFO - [2024-04-04T20:02:01.103+0000] {dag.py:3823} INFO - Setting next_dagrun for example_sensor_decorator to None, run_after=None
[2024-04-04T20:02:01.165+0000] {processor.py:183} INFO - Processing /home/airflow/.local/lib/python3.8/site-packages/airflow/example_dags/example_sensor_decorator.py took 0.206 seconds
[2024-04-04T18:12:29.250+0000] {processor.py:161} INFO - Started process (PID=46149) to work on /home/airflow/.local/lib/python3.8/site-packages/airflow/example_dags/example_sensor_decorator.py
[2024-04-04T18:12:29.252+0000] {processor.py:830} INFO - Processing file /home/airflow/.local/lib/python3.8/site-packages/airflow/example_dags/example_sensor_decorator.py for tasks to queue
[2024-04-04T18:12:29.255+0000] {logging_mixin.py:188} INFO - [2024-04-04T18:12:29.254+0000] {dagbag.py:538} INFO - Filling up the DagBag from /home/airflow/.local/lib/python3.8/site-packages/airflow/example_dags/example_sensor_decorator.py
[2024-04-04T18:12:29.271+0000] {processor.py:840} INFO - DAG(s) 'example_sensor_decorator' retrieved from /home/airflow/.local/lib/python3.8/site-packages/airflow/example_dags/example_sensor_decorator.py
[2024-04-04T18:12:29.316+0000] {logging_mixin.py:188} INFO - [2024-04-04T18:12:29.316+0000] {dag.py:3036} INFO - Sync 1 DAGs
[2024-04-04T18:12:29.342+0000] {logging_mixin.py:188} INFO - [2024-04-04T18:12:29.341+0000] {dag.py:3823} INFO - Setting next_dagrun for example_sensor_decorator to None, run_after=None
[2024-04-04T18:12:29.408+0000] {processor.py:183} INFO - Processing /home/airflow/.local/lib/python3.8/site-packages/airflow/example_dags/example_sensor_decorator.py took 0.165 seconds
[2024-04-04T18:13:00.060+0000] {processor.py:161} INFO - Started process (PID=46209) to work on /home/airflow/.local/lib/python3.8/site-packages/airflow/example_dags/example_sensor_decorator.py
[2024-04-04T18:13:00.061+0000] {processor.py:830} INFO - Processing file /home/airflow/.local/lib/python3.8/site-packages/airflow/example_dags/example_sensor_decorator.py for tasks to queue
[2024-04-04T18:13:00.063+0000] {logging_mixin.py:188} INFO - [2024-04-04T18:13:00.062+0000] {dagbag.py:538} INFO - Filling up the DagBag from /home/airflow/.local/lib/python3.8/site-packages/airflow/example_dags/example_sensor_decorator.py
[2024-04-04T18:13:00.070+0000] {processor.py:840} INFO - DAG(s) 'example_sensor_decorator' retrieved from /home/airflow/.local/lib/python3.8/site-packages/airflow/example_dags/example_sensor_decorator.py
[2024-04-04T18:13:00.095+0000] {logging_mixin.py:188} INFO - [2024-04-04T18:13:00.095+0000] {dag.py:3036} INFO - Sync 1 DAGs
[2024-04-04T18:13:00.113+0000] {logging_mixin.py:188} INFO - [2024-04-04T18:13:00.113+0000] {dag.py:3823} INFO - Setting next_dagrun for example_sensor_decorator to None, run_after=None
[2024-04-04T18:13:00.135+0000] {processor.py:183} INFO - Processing /home/airflow/.local/lib/python3.8/site-packages/airflow/example_dags/example_sensor_decorator.py took 0.078 seconds
[2024-04-04T18:13:30.532+0000] {processor.py:161} INFO - Started process (PID=46269) to work on /home/airflow/.local/lib/python3.8/site-packages/airflow/example_dags/example_sensor_decorator.py
[2024-04-04T18:13:30.533+0000] {processor.py:830} INFO - Processing file /home/airflow/.local/lib/python3.8/site-packages/airflow/example_dags/example_sensor_decorator.py for tasks to queue
[2024-04-04T18:13:30.535+0000] {logging_mixin.py:188} INFO - [2024-04-04T18:13:30.534+0000] {dagbag.py:538} INFO - Filling up the DagBag from /home/airflow/.local/lib/python3.8/site-packages/airflow/example_dags/example_sensor_decorator.py
[2024-04-04T18:13:30.542+0000] {processor.py:840} INFO - DAG(s) 'example_sensor_decorator' retrieved from /home/airflow/.local/lib/python3.8/site-packages/airflow/example_dags/example_sensor_decorator.py
[2024-04-04T18:13:30.564+0000] {logging_mixin.py:188} INFO - [2024-04-04T18:13:30.563+0000] {dag.py:3036} INFO - Sync 1 DAGs
[2024-04-04T18:13:30.577+0000] {logging_mixin.py:188} INFO - [2024-04-04T18:13:30.577+0000] {dag.py:3823} INFO - Setting next_dagrun for example_sensor_decorator to None, run_after=None
[2024-04-04T18:13:30.598+0000] {processor.py:183} INFO - Processing /home/airflow/.local/lib/python3.8/site-packages/airflow/example_dags/example_sensor_decorator.py took 0.070 seconds
[2024-04-04T18:14:01.029+0000] {processor.py:161} INFO - Started process (PID=46329) to work on /home/airflow/.local/lib/python3.8/site-packages/airflow/example_dags/example_sensor_decorator.py
[2024-04-04T18:14:01.030+0000] {processor.py:830} INFO - Processing file /home/airflow/.local/lib/python3.8/site-packages/airflow/example_dags/example_sensor_decorator.py for tasks to queue
[2024-04-04T18:14:01.033+0000] {logging_mixin.py:188} INFO - [2024-04-04T18:14:01.032+0000] {dagbag.py:538} INFO - Filling up the DagBag from /home/airflow/.local/lib/python3.8/site-packages/airflow/example_dags/example_sensor_decorator.py
[2024-04-04T18:14:01.047+0000] {processor.py:840} INFO - DAG(s) 'example_sensor_decorator' retrieved from /home/airflow/.local/lib/python3.8/site-packages/airflow/example_dags/example_sensor_decorator.py
[2024-04-04T18:14:01.088+0000] {logging_mixin.py:188} INFO - [2024-04-04T18:14:01.088+0000] {dag.py:3036} INFO - Sync 1 DAGs
[2024-04-04T18:14:01.112+0000] {logging_mixin.py:188} INFO - [2024-04-04T18:14:01.112+0000] {dag.py:3823} INFO - Setting next_dagrun for example_sensor_decorator to None, run_after=None
[2024-04-04T18:14:01.146+0000] {processor.py:183} INFO - Processing /home/airflow/.local/lib/python3.8/site-packages/airflow/example_dags/example_sensor_decorator.py took 0.122 seconds
[2024-04-04T18:14:31.597+0000] {processor.py:161} INFO - Started process (PID=46389) to work on /home/airflow/.local/lib/python3.8/site-packages/airflow/example_dags/example_sensor_decorator.py
[2024-04-04T18:14:31.598+0000] {processor.py:830} INFO - Processing file /home/airflow/.local/lib/python3.8/site-packages/airflow/example_dags/example_sensor_decorator.py for tasks to queue
[2024-04-04T18:14:31.600+0000] {logging_mixin.py:188} INFO - [2024-04-04T18:14:31.600+0000] {dagbag.py:538} INFO - Filling up the DagBag from /home/airflow/.local/lib/python3.8/site-packages/airflow/example_dags/example_sensor_decorator.py
[2024-04-04T18:14:31.608+0000] {processor.py:840} INFO - DAG(s) 'example_sensor_decorator' retrieved from /home/airflow/.local/lib/python3.8/site-packages/airflow/example_dags/example_sensor_decorator.py
[2024-04-04T18:14:31.640+0000] {logging_mixin.py:188} INFO - [2024-04-04T18:14:31.640+0000] {dag.py:3036} INFO - Sync 1 DAGs
[2024-04-04T18:14:31.661+0000] {logging_mixin.py:188} INFO - [2024-04-04T18:14:31.661+0000] {dag.py:3823} INFO - Setting next_dagrun for example_sensor_decorator to None, run_after=None
[2024-04-04T18:14:31.687+0000] {processor.py:183} INFO - Processing /home/airflow/.local/lib/python3.8/site-packages/airflow/example_dags/example_sensor_decorator.py took 0.096 seconds
[2024-04-04T18:15:04.259+0000] {processor.py:161} INFO - Started process (PID=46449) to work on /home/airflow/.local/lib/python3.8/site-packages/airflow/example_dags/example_sensor_decorator.py
[2024-04-04T18:15:04.264+0000] {processor.py:830} INFO - Processing file /home/airflow/.local/lib/python3.8/site-packages/airflow/example_dags/example_sensor_decorator.py for tasks to queue
[2024-04-04T18:15:04.268+0000] {logging_mixin.py:188} INFO - [2024-04-04T18:15:04.267+0000] {dagbag.py:538} INFO - Filling up the DagBag from /home/airflow/.local/lib/python3.8/site-packages/airflow/example_dags/example_sensor_decorator.py
[2024-04-04T18:15:04.291+0000] {processor.py:840} INFO - DAG(s) 'example_sensor_decorator' retrieved from /home/airflow/.local/lib/python3.8/site-packages/airflow/example_dags/example_sensor_decorator.py
[2024-04-04T18:15:04.391+0000] {logging_mixin.py:188} INFO - [2024-04-04T18:15:04.390+0000] {dag.py:3036} INFO - Sync 1 DAGs
[2024-04-04T18:15:04.454+0000] {logging_mixin.py:188} INFO - [2024-04-04T18:15:04.453+0000] {dag.py:3823} INFO - Setting next_dagrun for example_sensor_decorator to None, run_after=None
[2024-04-04T18:15:04.591+0000] {processor.py:183} INFO - Processing /home/airflow/.local/lib/python3.8/site-packages/airflow/example_dags/example_sensor_decorator.py took 0.345 seconds
[2024-04-04T18:15:39.365+0000] {processor.py:161} INFO - Started process (PID=46509) to work on /home/airflow/.local/lib/python3.8/site-packages/airflow/example_dags/example_sensor_decorator.py
[2024-04-04T18:15:39.370+0000] {processor.py:830} INFO - Processing file /home/airflow/.local/lib/python3.8/site-packages/airflow/example_dags/example_sensor_decorator.py for tasks to queue
[2024-04-04T18:15:39.375+0000] {logging_mixin.py:188} INFO - [2024-04-04T18:15:39.374+0000] {dagbag.py:538} INFO - Filling up the DagBag from /home/airflow/.local/lib/python3.8/site-packages/airflow/example_dags/example_sensor_decorator.py
[2024-04-04T18:15:39.401+0000] {processor.py:840} INFO - DAG(s) 'example_sensor_decorator' retrieved from /home/airflow/.local/lib/python3.8/site-packages/airflow/example_dags/example_sensor_decorator.py
[2024-04-04T18:15:39.517+0000] {logging_mixin.py:188} INFO - [2024-04-04T18:15:39.516+0000] {dag.py:3036} INFO - Sync 1 DAGs
[2024-04-04T18:15:39.589+0000] {logging_mixin.py:188} INFO - [2024-04-04T18:15:39.588+0000] {dag.py:3823} INFO - Setting next_dagrun for example_sensor_decorator to None, run_after=None
[2024-04-04T18:15:39.695+0000] {processor.py:183} INFO - Processing /home/airflow/.local/lib/python3.8/site-packages/airflow/example_dags/example_sensor_decorator.py took 0.346 seconds
[2024-04-04T18:16:10.086+0000] {processor.py:161} INFO - Started process (PID=46569) to work on /home/airflow/.local/lib/python3.8/site-packages/airflow/example_dags/example_sensor_decorator.py
[2024-04-04T18:16:10.090+0000] {processor.py:830} INFO - Processing file /home/airflow/.local/lib/python3.8/site-packages/airflow/example_dags/example_sensor_decorator.py for tasks to queue
[2024-04-04T18:16:10.095+0000] {logging_mixin.py:188} INFO - [2024-04-04T18:16:10.094+0000] {dagbag.py:538} INFO - Filling up the DagBag from /home/airflow/.local/lib/python3.8/site-packages/airflow/example_dags/example_sensor_decorator.py
[2024-04-04T18:16:10.130+0000] {processor.py:840} INFO - DAG(s) 'example_sensor_decorator' retrieved from /home/airflow/.local/lib/python3.8/site-packages/airflow/example_dags/example_sensor_decorator.py
[2024-04-04T18:16:10.237+0000] {logging_mixin.py:188} INFO - [2024-04-04T18:16:10.235+0000] {dag.py:3036} INFO - Sync 1 DAGs
[2024-04-04T18:16:10.316+0000] {logging_mixin.py:188} INFO - [2024-04-04T18:16:10.314+0000] {dag.py:3823} INFO - Setting next_dagrun for example_sensor_decorator to None, run_after=None
[2024-04-04T18:16:10.410+0000] {processor.py:183} INFO - Processing /home/airflow/.local/lib/python3.8/site-packages/airflow/example_dags/example_sensor_decorator.py took 0.340 seconds
[2024-04-04T18:16:41.146+0000] {processor.py:161} INFO - Started process (PID=46629) to work on /home/airflow/.local/lib/python3.8/site-packages/airflow/example_dags/example_sensor_decorator.py
[2024-04-04T18:16:41.149+0000] {processor.py:830} INFO - Processing file /home/airflow/.local/lib/python3.8/site-packages/airflow/example_dags/example_sensor_decorator.py for tasks to queue
[2024-04-04T18:16:41.154+0000] {logging_mixin.py:188} INFO - [2024-04-04T18:16:41.153+0000] {dagbag.py:538} INFO - Filling up the DagBag from /home/airflow/.local/lib/python3.8/site-packages/airflow/example_dags/example_sensor_decorator.py
[2024-04-04T18:16:41.174+0000] {processor.py:840} INFO - DAG(s) 'example_sensor_decorator' retrieved from /home/airflow/.local/lib/python3.8/site-packages/airflow/example_dags/example_sensor_decorator.py
[2024-04-04T18:16:41.245+0000] {logging_mixin.py:188} INFO - [2024-04-04T18:16:41.244+0000] {dag.py:3036} INFO - Sync 1 DAGs
[2024-04-04T18:16:41.296+0000] {logging_mixin.py:188} INFO - [2024-04-04T18:16:41.296+0000] {dag.py:3823} INFO - Setting next_dagrun for example_sensor_decorator to None, run_after=None
[2024-04-04T18:16:41.356+0000] {processor.py:183} INFO - Processing /home/airflow/.local/lib/python3.8/site-packages/airflow/example_dags/example_sensor_decorator.py took 0.218 seconds
[2024-04-04T18:17:11.539+0000] {processor.py:161} INFO - Started process (PID=46690) to work on /home/airflow/.local/lib/python3.8/site-packages/airflow/example_dags/example_sensor_decorator.py
[2024-04-04T18:17:11.543+0000] {processor.py:830} INFO - Processing file /home/airflow/.local/lib/python3.8/site-packages/airflow/example_dags/example_sensor_decorator.py for tasks to queue
[2024-04-04T18:17:11.547+0000] {logging_mixin.py:188} INFO - [2024-04-04T18:17:11.546+0000] {dagbag.py:538} INFO - Filling up the DagBag from /home/airflow/.local/lib/python3.8/site-packages/airflow/example_dags/example_sensor_decorator.py
[2024-04-04T18:17:11.570+0000] {processor.py:840} INFO - DAG(s) 'example_sensor_decorator' retrieved from /home/airflow/.local/lib/python3.8/site-packages/airflow/example_dags/example_sensor_decorator.py
[2024-04-04T18:17:11.670+0000] {logging_mixin.py:188} INFO - [2024-04-04T18:17:11.668+0000] {dag.py:3036} INFO - Sync 1 DAGs
[2024-04-04T18:17:11.746+0000] {logging_mixin.py:188} INFO - [2024-04-04T18:17:11.745+0000] {dag.py:3823} INFO - Setting next_dagrun for example_sensor_decorator to None, run_after=None
[2024-04-04T18:17:11.809+0000] {processor.py:183} INFO - Processing /home/airflow/.local/lib/python3.8/site-packages/airflow/example_dags/example_sensor_decorator.py took 0.286 seconds
[2024-04-04T18:17:43.879+0000] {processor.py:161} INFO - Started process (PID=46750) to work on /home/airflow/.local/lib/python3.8/site-packages/airflow/example_dags/example_sensor_decorator.py
[2024-04-04T18:17:43.885+0000] {processor.py:830} INFO - Processing file /home/airflow/.local/lib/python3.8/site-packages/airflow/example_dags/example_sensor_decorator.py for tasks to queue
[2024-04-04T18:17:43.892+0000] {logging_mixin.py:188} INFO - [2024-04-04T18:17:43.890+0000] {dagbag.py:538} INFO - Filling up the DagBag from /home/airflow/.local/lib/python3.8/site-packages/airflow/example_dags/example_sensor_decorator.py
[2024-04-04T18:17:43.931+0000] {processor.py:840} INFO - DAG(s) 'example_sensor_decorator' retrieved from /home/airflow/.local/lib/python3.8/site-packages/airflow/example_dags/example_sensor_decorator.py
[2024-04-04T18:17:44.070+0000] {logging_mixin.py:188} INFO - [2024-04-04T18:17:44.068+0000] {dag.py:3036} INFO - Sync 1 DAGs
[2024-04-04T18:17:44.168+0000] {logging_mixin.py:188} INFO - [2024-04-04T18:17:44.166+0000] {dag.py:3823} INFO - Setting next_dagrun for example_sensor_decorator to None, run_after=None
[2024-04-04T18:17:44.294+0000] {processor.py:183} INFO - Processing /home/airflow/.local/lib/python3.8/site-packages/airflow/example_dags/example_sensor_decorator.py took 0.435 seconds
[2024-04-04T18:18:15.849+0000] {processor.py:161} INFO - Started process (PID=46810) to work on /home/airflow/.local/lib/python3.8/site-packages/airflow/example_dags/example_sensor_decorator.py
[2024-04-04T18:18:15.857+0000] {processor.py:830} INFO - Processing file /home/airflow/.local/lib/python3.8/site-packages/airflow/example_dags/example_sensor_decorator.py for tasks to queue
[2024-04-04T18:18:15.866+0000] {logging_mixin.py:188} INFO - [2024-04-04T18:18:15.864+0000] {dagbag.py:538} INFO - Filling up the DagBag from /home/airflow/.local/lib/python3.8/site-packages/airflow/example_dags/example_sensor_decorator.py
[2024-04-04T18:18:15.919+0000] {processor.py:840} INFO - DAG(s) 'example_sensor_decorator' retrieved from /home/airflow/.local/lib/python3.8/site-packages/airflow/example_dags/example_sensor_decorator.py
[2024-04-04T18:18:16.176+0000] {logging_mixin.py:188} INFO - [2024-04-04T18:18:16.173+0000] {dag.py:3036} INFO - Sync 1 DAGs
[2024-04-04T18:18:16.335+0000] {logging_mixin.py:188} INFO - [2024-04-04T18:18:16.332+0000] {dag.py:3823} INFO - Setting next_dagrun for example_sensor_decorator to None, run_after=None
[2024-04-04T18:18:16.538+0000] {processor.py:183} INFO - Processing /home/airflow/.local/lib/python3.8/site-packages/airflow/example_dags/example_sensor_decorator.py took 0.722 seconds
[2024-04-04T18:18:46.796+0000] {processor.py:161} INFO - Started process (PID=46870) to work on /home/airflow/.local/lib/python3.8/site-packages/airflow/example_dags/example_sensor_decorator.py
[2024-04-04T18:18:46.804+0000] {processor.py:830} INFO - Processing file /home/airflow/.local/lib/python3.8/site-packages/airflow/example_dags/example_sensor_decorator.py for tasks to queue
[2024-04-04T18:18:46.811+0000] {logging_mixin.py:188} INFO - [2024-04-04T18:18:46.809+0000] {dagbag.py:538} INFO - Filling up the DagBag from /home/airflow/.local/lib/python3.8/site-packages/airflow/example_dags/example_sensor_decorator.py
[2024-04-04T18:18:46.852+0000] {processor.py:840} INFO - DAG(s) 'example_sensor_decorator' retrieved from /home/airflow/.local/lib/python3.8/site-packages/airflow/example_dags/example_sensor_decorator.py
[2024-04-04T18:18:46.964+0000] {logging_mixin.py:188} INFO - [2024-04-04T18:18:46.962+0000] {dag.py:3036} INFO - Sync 1 DAGs
[2024-04-04T18:18:47.046+0000] {logging_mixin.py:188} INFO - [2024-04-04T18:18:47.045+0000] {dag.py:3823} INFO - Setting next_dagrun for example_sensor_decorator to None, run_after=None
[2024-04-04T18:18:47.135+0000] {processor.py:183} INFO - Processing /home/airflow/.local/lib/python3.8/site-packages/airflow/example_dags/example_sensor_decorator.py took 0.365 seconds
[2024-04-04T18:19:18.023+0000] {processor.py:161} INFO - Started process (PID=46930) to work on /home/airflow/.local/lib/python3.8/site-packages/airflow/example_dags/example_sensor_decorator.py
[2024-04-04T18:19:18.025+0000] {processor.py:830} INFO - Processing file /home/airflow/.local/lib/python3.8/site-packages/airflow/example_dags/example_sensor_decorator.py for tasks to queue
[2024-04-04T18:19:18.028+0000] {logging_mixin.py:188} INFO - [2024-04-04T18:19:18.027+0000] {dagbag.py:538} INFO - Filling up the DagBag from /home/airflow/.local/lib/python3.8/site-packages/airflow/example_dags/example_sensor_decorator.py
[2024-04-04T18:19:18.038+0000] {processor.py:840} INFO - DAG(s) 'example_sensor_decorator' retrieved from /home/airflow/.local/lib/python3.8/site-packages/airflow/example_dags/example_sensor_decorator.py
[2024-04-04T18:19:18.078+0000] {logging_mixin.py:188} INFO - [2024-04-04T18:19:18.077+0000] {dag.py:3036} INFO - Sync 1 DAGs
[2024-04-04T18:19:18.102+0000] {logging_mixin.py:188} INFO - [2024-04-04T18:19:18.101+0000] {dag.py:3823} INFO - Setting next_dagrun for example_sensor_decorator to None, run_after=None
[2024-04-04T18:19:18.151+0000] {processor.py:183} INFO - Processing /home/airflow/.local/lib/python3.8/site-packages/airflow/example_dags/example_sensor_decorator.py took 0.134 seconds
[2024-04-04T18:19:48.893+0000] {processor.py:161} INFO - Started process (PID=46991) to work on /home/airflow/.local/lib/python3.8/site-packages/airflow/example_dags/example_sensor_decorator.py
[2024-04-04T18:19:48.895+0000] {processor.py:830} INFO - Processing file /home/airflow/.local/lib/python3.8/site-packages/airflow/example_dags/example_sensor_decorator.py for tasks to queue
[2024-04-04T18:19:48.897+0000] {logging_mixin.py:188} INFO - [2024-04-04T18:19:48.897+0000] {dagbag.py:538} INFO - Filling up the DagBag from /home/airflow/.local/lib/python3.8/site-packages/airflow/example_dags/example_sensor_decorator.py
[2024-04-04T18:19:48.910+0000] {processor.py:840} INFO - DAG(s) 'example_sensor_decorator' retrieved from /home/airflow/.local/lib/python3.8/site-packages/airflow/example_dags/example_sensor_decorator.py
[2024-04-04T18:19:48.955+0000] {logging_mixin.py:188} INFO - [2024-04-04T18:19:48.954+0000] {dag.py:3036} INFO - Sync 1 DAGs
[2024-04-04T18:19:48.983+0000] {logging_mixin.py:188} INFO - [2024-04-04T18:19:48.983+0000] {dag.py:3823} INFO - Setting next_dagrun for example_sensor_decorator to None, run_after=None
[2024-04-04T18:19:49.023+0000] {processor.py:183} INFO - Processing /home/airflow/.local/lib/python3.8/site-packages/airflow/example_dags/example_sensor_decorator.py took 0.138 seconds
[2024-04-04T18:20:19.884+0000] {processor.py:161} INFO - Started process (PID=47051) to work on /home/airflow/.local/lib/python3.8/site-packages/airflow/example_dags/example_sensor_decorator.py
[2024-04-04T18:20:19.887+0000] {processor.py:830} INFO - Processing file /home/airflow/.local/lib/python3.8/site-packages/airflow/example_dags/example_sensor_decorator.py for tasks to queue
[2024-04-04T18:20:19.891+0000] {logging_mixin.py:188} INFO - [2024-04-04T18:20:19.890+0000] {dagbag.py:538} INFO - Filling up the DagBag from /home/airflow/.local/lib/python3.8/site-packages/airflow/example_dags/example_sensor_decorator.py
[2024-04-04T18:20:19.913+0000] {processor.py:840} INFO - DAG(s) 'example_sensor_decorator' retrieved from /home/airflow/.local/lib/python3.8/site-packages/airflow/example_dags/example_sensor_decorator.py
[2024-04-04T18:20:19.989+0000] {logging_mixin.py:188} INFO - [2024-04-04T18:20:19.988+0000] {dag.py:3036} INFO - Sync 1 DAGs
[2024-04-04T18:20:20.037+0000] {logging_mixin.py:188} INFO - [2024-04-04T18:20:20.036+0000] {dag.py:3823} INFO - Setting next_dagrun for example_sensor_decorator to None, run_after=None
[2024-04-04T18:20:20.107+0000] {processor.py:183} INFO - Processing /home/airflow/.local/lib/python3.8/site-packages/airflow/example_dags/example_sensor_decorator.py took 0.235 seconds
[2024-04-04T18:20:50.426+0000] {processor.py:161} INFO - Started process (PID=47111) to work on /home/airflow/.local/lib/python3.8/site-packages/airflow/example_dags/example_sensor_decorator.py
[2024-04-04T18:20:50.431+0000] {processor.py:830} INFO - Processing file /home/airflow/.local/lib/python3.8/site-packages/airflow/example_dags/example_sensor_decorator.py for tasks to queue
[2024-04-04T18:20:50.436+0000] {logging_mixin.py:188} INFO - [2024-04-04T18:20:50.434+0000] {dagbag.py:538} INFO - Filling up the DagBag from /home/airflow/.local/lib/python3.8/site-packages/airflow/example_dags/example_sensor_decorator.py
[2024-04-04T18:20:50.466+0000] {processor.py:840} INFO - DAG(s) 'example_sensor_decorator' retrieved from /home/airflow/.local/lib/python3.8/site-packages/airflow/example_dags/example_sensor_decorator.py
[2024-04-04T18:20:50.582+0000] {logging_mixin.py:188} INFO - [2024-04-04T18:20:50.581+0000] {dag.py:3036} INFO - Sync 1 DAGs
[2024-04-04T18:20:50.653+0000] {logging_mixin.py:188} INFO - [2024-04-04T18:20:50.652+0000] {dag.py:3823} INFO - Setting next_dagrun for example_sensor_decorator to None, run_after=None
[2024-04-04T18:20:50.738+0000] {processor.py:183} INFO - Processing /home/airflow/.local/lib/python3.8/site-packages/airflow/example_dags/example_sensor_decorator.py took 0.331 seconds
[2024-04-04T18:21:20.949+0000] {processor.py:161} INFO - Started process (PID=47171) to work on /home/airflow/.local/lib/python3.8/site-packages/airflow/example_dags/example_sensor_decorator.py
[2024-04-04T18:21:20.951+0000] {processor.py:830} INFO - Processing file /home/airflow/.local/lib/python3.8/site-packages/airflow/example_dags/example_sensor_decorator.py for tasks to queue
[2024-04-04T18:21:20.953+0000] {logging_mixin.py:188} INFO - [2024-04-04T18:21:20.953+0000] {dagbag.py:538} INFO - Filling up the DagBag from /home/airflow/.local/lib/python3.8/site-packages/airflow/example_dags/example_sensor_decorator.py
[2024-04-04T18:21:20.964+0000] {processor.py:840} INFO - DAG(s) 'example_sensor_decorator' retrieved from /home/airflow/.local/lib/python3.8/site-packages/airflow/example_dags/example_sensor_decorator.py
[2024-04-04T18:21:21.004+0000] {logging_mixin.py:188} INFO - [2024-04-04T18:21:21.003+0000] {dag.py:3036} INFO - Sync 1 DAGs
[2024-04-04T18:21:21.029+0000] {logging_mixin.py:188} INFO - [2024-04-04T18:21:21.029+0000] {dag.py:3823} INFO - Setting next_dagrun for example_sensor_decorator to None, run_after=None
[2024-04-04T18:21:21.066+0000] {processor.py:183} INFO - Processing /home/airflow/.local/lib/python3.8/site-packages/airflow/example_dags/example_sensor_decorator.py took 0.124 seconds
[2024-04-04T18:21:52.011+0000] {processor.py:161} INFO - Started process (PID=47231) to work on /home/airflow/.local/lib/python3.8/site-packages/airflow/example_dags/example_sensor_decorator.py
[2024-04-04T18:21:52.015+0000] {processor.py:830} INFO - Processing file /home/airflow/.local/lib/python3.8/site-packages/airflow/example_dags/example_sensor_decorator.py for tasks to queue
[2024-04-04T18:21:52.020+0000] {logging_mixin.py:188} INFO - [2024-04-04T18:21:52.019+0000] {dagbag.py:538} INFO - Filling up the DagBag from /home/airflow/.local/lib/python3.8/site-packages/airflow/example_dags/example_sensor_decorator.py
[2024-04-04T18:21:52.043+0000] {processor.py:840} INFO - DAG(s) 'example_sensor_decorator' retrieved from /home/airflow/.local/lib/python3.8/site-packages/airflow/example_dags/example_sensor_decorator.py
[2024-04-04T18:21:52.111+0000] {logging_mixin.py:188} INFO - [2024-04-04T18:21:52.111+0000] {dag.py:3036} INFO - Sync 1 DAGs
[2024-04-04T18:21:52.157+0000] {logging_mixin.py:188} INFO - [2024-04-04T18:21:52.156+0000] {dag.py:3823} INFO - Setting next_dagrun for example_sensor_decorator to None, run_after=None
[2024-04-04T18:21:52.224+0000] {processor.py:183} INFO - Processing /home/airflow/.local/lib/python3.8/site-packages/airflow/example_dags/example_sensor_decorator.py took 0.227 seconds
[2024-04-04T18:22:23.054+0000] {processor.py:161} INFO - Started process (PID=47291) to work on /home/airflow/.local/lib/python3.8/site-packages/airflow/example_dags/example_sensor_decorator.py
[2024-04-04T18:22:23.060+0000] {processor.py:830} INFO - Processing file /home/airflow/.local/lib/python3.8/site-packages/airflow/example_dags/example_sensor_decorator.py for tasks to queue
[2024-04-04T18:22:23.068+0000] {logging_mixin.py:188} INFO - [2024-04-04T18:22:23.065+0000] {dagbag.py:538} INFO - Filling up the DagBag from /home/airflow/.local/lib/python3.8/site-packages/airflow/example_dags/example_sensor_decorator.py
[2024-04-04T18:22:23.107+0000] {processor.py:840} INFO - DAG(s) 'example_sensor_decorator' retrieved from /home/airflow/.local/lib/python3.8/site-packages/airflow/example_dags/example_sensor_decorator.py
[2024-04-04T18:22:23.245+0000] {logging_mixin.py:188} INFO - [2024-04-04T18:22:23.243+0000] {dag.py:3036} INFO - Sync 1 DAGs
[2024-04-04T18:22:23.399+0000] {logging_mixin.py:188} INFO - [2024-04-04T18:22:23.398+0000] {dag.py:3823} INFO - Setting next_dagrun for example_sensor_decorator to None, run_after=None
[2024-04-04T18:22:23.532+0000] {processor.py:183} INFO - Processing /home/airflow/.local/lib/python3.8/site-packages/airflow/example_dags/example_sensor_decorator.py took 0.503 seconds
[2024-04-04T18:22:53.883+0000] {processor.py:161} INFO - Started process (PID=47351) to work on /home/airflow/.local/lib/python3.8/site-packages/airflow/example_dags/example_sensor_decorator.py
[2024-04-04T18:22:53.889+0000] {processor.py:830} INFO - Processing file /home/airflow/.local/lib/python3.8/site-packages/airflow/example_dags/example_sensor_decorator.py for tasks to queue
[2024-04-04T18:22:53.896+0000] {logging_mixin.py:188} INFO - [2024-04-04T18:22:53.894+0000] {dagbag.py:538} INFO - Filling up the DagBag from /home/airflow/.local/lib/python3.8/site-packages/airflow/example_dags/example_sensor_decorator.py
[2024-04-04T18:22:53.935+0000] {processor.py:840} INFO - DAG(s) 'example_sensor_decorator' retrieved from /home/airflow/.local/lib/python3.8/site-packages/airflow/example_dags/example_sensor_decorator.py
[2024-04-04T18:22:54.065+0000] {logging_mixin.py:188} INFO - [2024-04-04T18:22:54.064+0000] {dag.py:3036} INFO - Sync 1 DAGs
[2024-04-04T18:22:54.167+0000] {logging_mixin.py:188} INFO - [2024-04-04T18:22:54.166+0000] {dag.py:3823} INFO - Setting next_dagrun for example_sensor_decorator to None, run_after=None
[2024-04-04T18:22:54.299+0000] {processor.py:183} INFO - Processing /home/airflow/.local/lib/python3.8/site-packages/airflow/example_dags/example_sensor_decorator.py took 0.442 seconds
[2024-04-04T18:23:24.713+0000] {processor.py:161} INFO - Started process (PID=47411) to work on /home/airflow/.local/lib/python3.8/site-packages/airflow/example_dags/example_sensor_decorator.py
[2024-04-04T18:23:24.717+0000] {processor.py:830} INFO - Processing file /home/airflow/.local/lib/python3.8/site-packages/airflow/example_dags/example_sensor_decorator.py for tasks to queue
[2024-04-04T18:23:24.721+0000] {logging_mixin.py:188} INFO - [2024-04-04T18:23:24.720+0000] {dagbag.py:538} INFO - Filling up the DagBag from /home/airflow/.local/lib/python3.8/site-packages/airflow/example_dags/example_sensor_decorator.py
[2024-04-04T18:23:24.743+0000] {processor.py:840} INFO - DAG(s) 'example_sensor_decorator' retrieved from /home/airflow/.local/lib/python3.8/site-packages/airflow/example_dags/example_sensor_decorator.py
[2024-04-04T18:23:24.850+0000] {logging_mixin.py:188} INFO - [2024-04-04T18:23:24.849+0000] {dag.py:3036} INFO - Sync 1 DAGs
[2024-04-04T18:23:24.910+0000] {logging_mixin.py:188} INFO - [2024-04-04T18:23:24.909+0000] {dag.py:3823} INFO - Setting next_dagrun for example_sensor_decorator to None, run_after=None
[2024-04-04T18:23:24.972+0000] {processor.py:183} INFO - Processing /home/airflow/.local/lib/python3.8/site-packages/airflow/example_dags/example_sensor_decorator.py took 0.272 seconds
[2024-04-04T19:14:52.077+0000] {processor.py:161} INFO - Started process (PID=47517) to work on /home/airflow/.local/lib/python3.8/site-packages/airflow/example_dags/example_sensor_decorator.py
[2024-04-04T19:14:52.085+0000] {processor.py:830} INFO - Processing file /home/airflow/.local/lib/python3.8/site-packages/airflow/example_dags/example_sensor_decorator.py for tasks to queue
[2024-04-04T19:14:52.092+0000] {logging_mixin.py:188} INFO - [2024-04-04T19:14:52.090+0000] {dagbag.py:538} INFO - Filling up the DagBag from /home/airflow/.local/lib/python3.8/site-packages/airflow/example_dags/example_sensor_decorator.py
[2024-04-04T19:14:52.132+0000] {processor.py:840} INFO - DAG(s) 'example_sensor_decorator' retrieved from /home/airflow/.local/lib/python3.8/site-packages/airflow/example_dags/example_sensor_decorator.py
[2024-04-04T19:14:52.257+0000] {logging_mixin.py:188} INFO - [2024-04-04T19:14:52.255+0000] {dag.py:3036} INFO - Sync 1 DAGs
[2024-04-04T19:14:52.367+0000] {logging_mixin.py:188} INFO - [2024-04-04T19:14:52.365+0000] {dag.py:3823} INFO - Setting next_dagrun for example_sensor_decorator to None, run_after=None
[2024-04-04T19:14:52.472+0000] {processor.py:183} INFO - Processing /home/airflow/.local/lib/python3.8/site-packages/airflow/example_dags/example_sensor_decorator.py took 0.426 seconds
[2024-04-04T19:15:22.988+0000] {processor.py:161} INFO - Started process (PID=47577) to work on /home/airflow/.local/lib/python3.8/site-packages/airflow/example_dags/example_sensor_decorator.py
[2024-04-04T19:15:22.994+0000] {processor.py:830} INFO - Processing file /home/airflow/.local/lib/python3.8/site-packages/airflow/example_dags/example_sensor_decorator.py for tasks to queue
[2024-04-04T19:15:23.001+0000] {logging_mixin.py:188} INFO - [2024-04-04T19:15:22.997+0000] {dagbag.py:538} INFO - Filling up the DagBag from /home/airflow/.local/lib/python3.8/site-packages/airflow/example_dags/example_sensor_decorator.py
[2024-04-04T19:15:23.038+0000] {processor.py:840} INFO - DAG(s) 'example_sensor_decorator' retrieved from /home/airflow/.local/lib/python3.8/site-packages/airflow/example_dags/example_sensor_decorator.py
[2024-04-04T19:15:23.155+0000] {logging_mixin.py:188} INFO - [2024-04-04T19:15:23.154+0000] {dag.py:3036} INFO - Sync 1 DAGs
[2024-04-04T19:15:23.232+0000] {logging_mixin.py:188} INFO - [2024-04-04T19:15:23.231+0000] {dag.py:3823} INFO - Setting next_dagrun for example_sensor_decorator to None, run_after=None
[2024-04-04T19:15:23.358+0000] {processor.py:183} INFO - Processing /home/airflow/.local/lib/python3.8/site-packages/airflow/example_dags/example_sensor_decorator.py took 0.391 seconds
[2024-04-04T23:15:14.090+0000] {processor.py:161} INFO - Started process (PID=47681) to work on /home/airflow/.local/lib/python3.8/site-packages/airflow/example_dags/example_sensor_decorator.py
[2024-04-04T23:15:14.105+0000] {processor.py:830} INFO - Processing file /home/airflow/.local/lib/python3.8/site-packages/airflow/example_dags/example_sensor_decorator.py for tasks to queue
[2024-04-04T23:15:14.118+0000] {logging_mixin.py:188} INFO - [2024-04-04T23:15:14.110+0000] {dagbag.py:538} INFO - Filling up the DagBag from /home/airflow/.local/lib/python3.8/site-packages/airflow/example_dags/example_sensor_decorator.py
[2024-04-04T23:15:14.217+0000] {processor.py:840} INFO - DAG(s) 'example_sensor_decorator' retrieved from /home/airflow/.local/lib/python3.8/site-packages/airflow/example_dags/example_sensor_decorator.py
[2024-04-04T23:15:14.461+0000] {logging_mixin.py:188} INFO - [2024-04-04T23:15:14.459+0000] {dag.py:3036} INFO - Sync 1 DAGs
[2024-04-04T23:15:14.569+0000] {logging_mixin.py:188} INFO - [2024-04-04T23:15:14.568+0000] {dag.py:3823} INFO - Setting next_dagrun for example_sensor_decorator to None, run_after=None
[2024-04-04T23:15:14.744+0000] {processor.py:183} INFO - Processing /home/airflow/.local/lib/python3.8/site-packages/airflow/example_dags/example_sensor_decorator.py took 0.691 seconds
[2024-04-04T23:15:48.129+0000] {processor.py:161} INFO - Started process (PID=47740) to work on /home/airflow/.local/lib/python3.8/site-packages/airflow/example_dags/example_sensor_decorator.py
[2024-04-04T23:15:48.136+0000] {processor.py:830} INFO - Processing file /home/airflow/.local/lib/python3.8/site-packages/airflow/example_dags/example_sensor_decorator.py for tasks to queue
[2024-04-04T23:15:48.146+0000] {logging_mixin.py:188} INFO - [2024-04-04T23:15:48.144+0000] {dagbag.py:538} INFO - Filling up the DagBag from /home/airflow/.local/lib/python3.8/site-packages/airflow/example_dags/example_sensor_decorator.py
[2024-04-04T23:15:48.191+0000] {processor.py:840} INFO - DAG(s) 'example_sensor_decorator' retrieved from /home/airflow/.local/lib/python3.8/site-packages/airflow/example_dags/example_sensor_decorator.py
[2024-04-04T23:15:48.370+0000] {logging_mixin.py:188} INFO - [2024-04-04T23:15:48.368+0000] {dag.py:3036} INFO - Sync 1 DAGs
[2024-04-04T23:15:48.522+0000] {logging_mixin.py:188} INFO - [2024-04-04T23:15:48.520+0000] {dag.py:3823} INFO - Setting next_dagrun for example_sensor_decorator to None, run_after=None
[2024-04-04T23:15:48.679+0000] {processor.py:183} INFO - Processing /home/airflow/.local/lib/python3.8/site-packages/airflow/example_dags/example_sensor_decorator.py took 0.585 seconds
[2024-04-04T23:16:19.286+0000] {processor.py:161} INFO - Started process (PID=47800) to work on /home/airflow/.local/lib/python3.8/site-packages/airflow/example_dags/example_sensor_decorator.py
[2024-04-04T23:16:19.290+0000] {processor.py:830} INFO - Processing file /home/airflow/.local/lib/python3.8/site-packages/airflow/example_dags/example_sensor_decorator.py for tasks to queue
[2024-04-04T23:16:19.295+0000] {logging_mixin.py:188} INFO - [2024-04-04T23:16:19.293+0000] {dagbag.py:538} INFO - Filling up the DagBag from /home/airflow/.local/lib/python3.8/site-packages/airflow/example_dags/example_sensor_decorator.py
[2024-04-04T23:16:19.321+0000] {processor.py:840} INFO - DAG(s) 'example_sensor_decorator' retrieved from /home/airflow/.local/lib/python3.8/site-packages/airflow/example_dags/example_sensor_decorator.py
[2024-04-04T23:16:19.416+0000] {logging_mixin.py:188} INFO - [2024-04-04T23:16:19.414+0000] {dag.py:3036} INFO - Sync 1 DAGs
[2024-04-04T23:16:19.493+0000] {logging_mixin.py:188} INFO - [2024-04-04T23:16:19.491+0000] {dag.py:3823} INFO - Setting next_dagrun for example_sensor_decorator to None, run_after=None
[2024-04-04T23:16:19.625+0000] {processor.py:183} INFO - Processing /home/airflow/.local/lib/python3.8/site-packages/airflow/example_dags/example_sensor_decorator.py took 0.355 seconds
[2024-04-04T23:16:50.088+0000] {processor.py:161} INFO - Started process (PID=47860) to work on /home/airflow/.local/lib/python3.8/site-packages/airflow/example_dags/example_sensor_decorator.py
[2024-04-04T23:16:50.092+0000] {processor.py:830} INFO - Processing file /home/airflow/.local/lib/python3.8/site-packages/airflow/example_dags/example_sensor_decorator.py for tasks to queue
[2024-04-04T23:16:50.098+0000] {logging_mixin.py:188} INFO - [2024-04-04T23:16:50.096+0000] {dagbag.py:538} INFO - Filling up the DagBag from /home/airflow/.local/lib/python3.8/site-packages/airflow/example_dags/example_sensor_decorator.py
[2024-04-04T23:16:50.132+0000] {processor.py:840} INFO - DAG(s) 'example_sensor_decorator' retrieved from /home/airflow/.local/lib/python3.8/site-packages/airflow/example_dags/example_sensor_decorator.py
[2024-04-04T23:16:50.212+0000] {logging_mixin.py:188} INFO - [2024-04-04T23:16:50.211+0000] {dag.py:3036} INFO - Sync 1 DAGs
[2024-04-04T23:16:50.337+0000] {logging_mixin.py:188} INFO - [2024-04-04T23:16:50.336+0000] {dag.py:3823} INFO - Setting next_dagrun for example_sensor_decorator to None, run_after=None
[2024-04-04T23:16:50.405+0000] {processor.py:183} INFO - Processing /home/airflow/.local/lib/python3.8/site-packages/airflow/example_dags/example_sensor_decorator.py took 0.335 seconds
[2024-04-04T23:17:20.910+0000] {processor.py:161} INFO - Started process (PID=47920) to work on /home/airflow/.local/lib/python3.8/site-packages/airflow/example_dags/example_sensor_decorator.py
[2024-04-04T23:17:20.913+0000] {processor.py:830} INFO - Processing file /home/airflow/.local/lib/python3.8/site-packages/airflow/example_dags/example_sensor_decorator.py for tasks to queue
[2024-04-04T23:17:20.916+0000] {logging_mixin.py:188} INFO - [2024-04-04T23:17:20.915+0000] {dagbag.py:538} INFO - Filling up the DagBag from /home/airflow/.local/lib/python3.8/site-packages/airflow/example_dags/example_sensor_decorator.py
[2024-04-04T23:17:20.932+0000] {processor.py:840} INFO - DAG(s) 'example_sensor_decorator' retrieved from /home/airflow/.local/lib/python3.8/site-packages/airflow/example_dags/example_sensor_decorator.py
[2024-04-04T23:17:21.012+0000] {logging_mixin.py:188} INFO - [2024-04-04T23:17:21.012+0000] {dag.py:3036} INFO - Sync 1 DAGs
[2024-04-04T23:17:21.065+0000] {logging_mixin.py:188} INFO - [2024-04-04T23:17:21.064+0000] {dag.py:3823} INFO - Setting next_dagrun for example_sensor_decorator to None, run_after=None
[2024-04-04T23:17:21.118+0000] {processor.py:183} INFO - Processing /home/airflow/.local/lib/python3.8/site-packages/airflow/example_dags/example_sensor_decorator.py took 0.218 seconds
[2024-04-04T23:17:51.595+0000] {processor.py:161} INFO - Started process (PID=47981) to work on /home/airflow/.local/lib/python3.8/site-packages/airflow/example_dags/example_sensor_decorator.py
[2024-04-04T23:17:51.598+0000] {processor.py:830} INFO - Processing file /home/airflow/.local/lib/python3.8/site-packages/airflow/example_dags/example_sensor_decorator.py for tasks to queue
[2024-04-04T23:17:51.601+0000] {logging_mixin.py:188} INFO - [2024-04-04T23:17:51.600+0000] {dagbag.py:538} INFO - Filling up the DagBag from /home/airflow/.local/lib/python3.8/site-packages/airflow/example_dags/example_sensor_decorator.py
[2024-04-04T23:17:51.617+0000] {processor.py:840} INFO - DAG(s) 'example_sensor_decorator' retrieved from /home/airflow/.local/lib/python3.8/site-packages/airflow/example_dags/example_sensor_decorator.py
[2024-04-04T23:17:51.675+0000] {logging_mixin.py:188} INFO - [2024-04-04T23:17:51.675+0000] {dag.py:3036} INFO - Sync 1 DAGs
[2024-04-04T23:17:51.713+0000] {logging_mixin.py:188} INFO - [2024-04-04T23:17:51.713+0000] {dag.py:3823} INFO - Setting next_dagrun for example_sensor_decorator to None, run_after=None
[2024-04-04T23:17:51.776+0000] {processor.py:183} INFO - Processing /home/airflow/.local/lib/python3.8/site-packages/airflow/example_dags/example_sensor_decorator.py took 0.191 seconds
[2024-04-04T23:18:22.935+0000] {processor.py:161} INFO - Started process (PID=48041) to work on /home/airflow/.local/lib/python3.8/site-packages/airflow/example_dags/example_sensor_decorator.py
[2024-04-04T23:18:22.942+0000] {processor.py:830} INFO - Processing file /home/airflow/.local/lib/python3.8/site-packages/airflow/example_dags/example_sensor_decorator.py for tasks to queue
[2024-04-04T23:18:22.947+0000] {logging_mixin.py:188} INFO - [2024-04-04T23:18:22.945+0000] {dagbag.py:538} INFO - Filling up the DagBag from /home/airflow/.local/lib/python3.8/site-packages/airflow/example_dags/example_sensor_decorator.py
[2024-04-04T23:18:22.982+0000] {processor.py:840} INFO - DAG(s) 'example_sensor_decorator' retrieved from /home/airflow/.local/lib/python3.8/site-packages/airflow/example_dags/example_sensor_decorator.py
[2024-04-04T23:18:23.100+0000] {logging_mixin.py:188} INFO - [2024-04-04T23:18:23.099+0000] {dag.py:3036} INFO - Sync 1 DAGs
[2024-04-04T23:18:23.181+0000] {logging_mixin.py:188} INFO - [2024-04-04T23:18:23.180+0000] {dag.py:3823} INFO - Setting next_dagrun for example_sensor_decorator to None, run_after=None
[2024-04-04T23:18:23.309+0000] {processor.py:183} INFO - Processing /home/airflow/.local/lib/python3.8/site-packages/airflow/example_dags/example_sensor_decorator.py took 0.394 seconds
[2024-04-04T23:18:54.104+0000] {processor.py:161} INFO - Started process (PID=48102) to work on /home/airflow/.local/lib/python3.8/site-packages/airflow/example_dags/example_sensor_decorator.py
[2024-04-04T23:18:54.108+0000] {processor.py:830} INFO - Processing file /home/airflow/.local/lib/python3.8/site-packages/airflow/example_dags/example_sensor_decorator.py for tasks to queue
[2024-04-04T23:18:54.113+0000] {logging_mixin.py:188} INFO - [2024-04-04T23:18:54.112+0000] {dagbag.py:538} INFO - Filling up the DagBag from /home/airflow/.local/lib/python3.8/site-packages/airflow/example_dags/example_sensor_decorator.py
[2024-04-04T23:18:54.142+0000] {processor.py:840} INFO - DAG(s) 'example_sensor_decorator' retrieved from /home/airflow/.local/lib/python3.8/site-packages/airflow/example_dags/example_sensor_decorator.py
[2024-04-04T23:18:54.242+0000] {logging_mixin.py:188} INFO - [2024-04-04T23:18:54.241+0000] {dag.py:3036} INFO - Sync 1 DAGs
[2024-04-04T23:18:54.310+0000] {logging_mixin.py:188} INFO - [2024-04-04T23:18:54.309+0000] {dag.py:3823} INFO - Setting next_dagrun for example_sensor_decorator to None, run_after=None
[2024-04-04T23:18:54.391+0000] {processor.py:183} INFO - Processing /home/airflow/.local/lib/python3.8/site-packages/airflow/example_dags/example_sensor_decorator.py took 0.302 seconds
[2024-04-04T23:19:25.068+0000] {processor.py:161} INFO - Started process (PID=48162) to work on /home/airflow/.local/lib/python3.8/site-packages/airflow/example_dags/example_sensor_decorator.py
[2024-04-04T23:19:25.071+0000] {processor.py:830} INFO - Processing file /home/airflow/.local/lib/python3.8/site-packages/airflow/example_dags/example_sensor_decorator.py for tasks to queue
[2024-04-04T23:19:25.073+0000] {logging_mixin.py:188} INFO - [2024-04-04T23:19:25.073+0000] {dagbag.py:538} INFO - Filling up the DagBag from /home/airflow/.local/lib/python3.8/site-packages/airflow/example_dags/example_sensor_decorator.py
[2024-04-04T23:19:25.088+0000] {processor.py:840} INFO - DAG(s) 'example_sensor_decorator' retrieved from /home/airflow/.local/lib/python3.8/site-packages/airflow/example_dags/example_sensor_decorator.py
[2024-04-04T23:19:25.138+0000] {logging_mixin.py:188} INFO - [2024-04-04T23:19:25.137+0000] {dag.py:3036} INFO - Sync 1 DAGs
[2024-04-04T23:19:25.170+0000] {logging_mixin.py:188} INFO - [2024-04-04T23:19:25.169+0000] {dag.py:3823} INFO - Setting next_dagrun for example_sensor_decorator to None, run_after=None
[2024-04-04T23:19:25.225+0000] {processor.py:183} INFO - Processing /home/airflow/.local/lib/python3.8/site-packages/airflow/example_dags/example_sensor_decorator.py took 0.165 seconds
[2024-04-04T23:19:55.550+0000] {processor.py:161} INFO - Started process (PID=48222) to work on /home/airflow/.local/lib/python3.8/site-packages/airflow/example_dags/example_sensor_decorator.py
[2024-04-04T23:19:55.553+0000] {processor.py:830} INFO - Processing file /home/airflow/.local/lib/python3.8/site-packages/airflow/example_dags/example_sensor_decorator.py for tasks to queue
[2024-04-04T23:19:55.557+0000] {logging_mixin.py:188} INFO - [2024-04-04T23:19:55.556+0000] {dagbag.py:538} INFO - Filling up the DagBag from /home/airflow/.local/lib/python3.8/site-packages/airflow/example_dags/example_sensor_decorator.py
[2024-04-04T23:19:55.572+0000] {processor.py:840} INFO - DAG(s) 'example_sensor_decorator' retrieved from /home/airflow/.local/lib/python3.8/site-packages/airflow/example_dags/example_sensor_decorator.py
[2024-04-04T23:19:55.651+0000] {logging_mixin.py:188} INFO - [2024-04-04T23:19:55.650+0000] {dag.py:3036} INFO - Sync 1 DAGs
[2024-04-04T23:19:55.697+0000] {logging_mixin.py:188} INFO - [2024-04-04T23:19:55.697+0000] {dag.py:3823} INFO - Setting next_dagrun for example_sensor_decorator to None, run_after=None
[2024-04-04T23:19:55.744+0000] {processor.py:183} INFO - Processing /home/airflow/.local/lib/python3.8/site-packages/airflow/example_dags/example_sensor_decorator.py took 0.205 seconds
[2024-04-04T23:20:26.120+0000] {processor.py:161} INFO - Started process (PID=48282) to work on /home/airflow/.local/lib/python3.8/site-packages/airflow/example_dags/example_sensor_decorator.py
[2024-04-04T23:20:26.125+0000] {processor.py:830} INFO - Processing file /home/airflow/.local/lib/python3.8/site-packages/airflow/example_dags/example_sensor_decorator.py for tasks to queue
[2024-04-04T23:20:26.130+0000] {logging_mixin.py:188} INFO - [2024-04-04T23:20:26.129+0000] {dagbag.py:538} INFO - Filling up the DagBag from /home/airflow/.local/lib/python3.8/site-packages/airflow/example_dags/example_sensor_decorator.py
[2024-04-04T23:20:26.157+0000] {processor.py:840} INFO - DAG(s) 'example_sensor_decorator' retrieved from /home/airflow/.local/lib/python3.8/site-packages/airflow/example_dags/example_sensor_decorator.py
[2024-04-04T23:20:26.312+0000] {logging_mixin.py:188} INFO - [2024-04-04T23:20:26.310+0000] {dag.py:3036} INFO - Sync 1 DAGs
[2024-04-04T23:20:26.379+0000] {logging_mixin.py:188} INFO - [2024-04-04T23:20:26.377+0000] {dag.py:3823} INFO - Setting next_dagrun for example_sensor_decorator to None, run_after=None
[2024-04-04T23:20:26.484+0000] {processor.py:183} INFO - Processing /home/airflow/.local/lib/python3.8/site-packages/airflow/example_dags/example_sensor_decorator.py took 0.385 seconds
[2024-04-04T23:20:56.669+0000] {processor.py:161} INFO - Started process (PID=48341) to work on /home/airflow/.local/lib/python3.8/site-packages/airflow/example_dags/example_sensor_decorator.py
[2024-04-04T23:20:56.674+0000] {processor.py:830} INFO - Processing file /home/airflow/.local/lib/python3.8/site-packages/airflow/example_dags/example_sensor_decorator.py for tasks to queue
[2024-04-04T23:20:56.679+0000] {logging_mixin.py:188} INFO - [2024-04-04T23:20:56.677+0000] {dagbag.py:538} INFO - Filling up the DagBag from /home/airflow/.local/lib/python3.8/site-packages/airflow/example_dags/example_sensor_decorator.py
[2024-04-04T23:20:56.704+0000] {processor.py:840} INFO - DAG(s) 'example_sensor_decorator' retrieved from /home/airflow/.local/lib/python3.8/site-packages/airflow/example_dags/example_sensor_decorator.py
[2024-04-04T23:20:56.796+0000] {logging_mixin.py:188} INFO - [2024-04-04T23:20:56.795+0000] {dag.py:3036} INFO - Sync 1 DAGs
[2024-04-04T23:20:56.871+0000] {logging_mixin.py:188} INFO - [2024-04-04T23:20:56.871+0000] {dag.py:3823} INFO - Setting next_dagrun for example_sensor_decorator to None, run_after=None
[2024-04-04T23:20:56.942+0000] {processor.py:183} INFO - Processing /home/airflow/.local/lib/python3.8/site-packages/airflow/example_dags/example_sensor_decorator.py took 0.289 seconds
[2024-04-04T23:21:27.331+0000] {processor.py:161} INFO - Started process (PID=48401) to work on /home/airflow/.local/lib/python3.8/site-packages/airflow/example_dags/example_sensor_decorator.py
[2024-04-04T23:21:27.333+0000] {processor.py:830} INFO - Processing file /home/airflow/.local/lib/python3.8/site-packages/airflow/example_dags/example_sensor_decorator.py for tasks to queue
[2024-04-04T23:21:27.335+0000] {logging_mixin.py:188} INFO - [2024-04-04T23:21:27.335+0000] {dagbag.py:538} INFO - Filling up the DagBag from /home/airflow/.local/lib/python3.8/site-packages/airflow/example_dags/example_sensor_decorator.py
[2024-04-04T23:21:27.347+0000] {processor.py:840} INFO - DAG(s) 'example_sensor_decorator' retrieved from /home/airflow/.local/lib/python3.8/site-packages/airflow/example_dags/example_sensor_decorator.py
[2024-04-04T23:21:27.388+0000] {logging_mixin.py:188} INFO - [2024-04-04T23:21:27.388+0000] {dag.py:3036} INFO - Sync 1 DAGs
[2024-04-04T23:21:27.414+0000] {logging_mixin.py:188} INFO - [2024-04-04T23:21:27.414+0000] {dag.py:3823} INFO - Setting next_dagrun for example_sensor_decorator to None, run_after=None
[2024-04-04T23:21:27.454+0000] {processor.py:183} INFO - Processing /home/airflow/.local/lib/python3.8/site-packages/airflow/example_dags/example_sensor_decorator.py took 0.130 seconds
[2024-04-04T23:21:57.717+0000] {processor.py:161} INFO - Started process (PID=48461) to work on /home/airflow/.local/lib/python3.8/site-packages/airflow/example_dags/example_sensor_decorator.py
[2024-04-04T23:21:57.720+0000] {processor.py:830} INFO - Processing file /home/airflow/.local/lib/python3.8/site-packages/airflow/example_dags/example_sensor_decorator.py for tasks to queue
[2024-04-04T23:21:57.722+0000] {logging_mixin.py:188} INFO - [2024-04-04T23:21:57.721+0000] {dagbag.py:538} INFO - Filling up the DagBag from /home/airflow/.local/lib/python3.8/site-packages/airflow/example_dags/example_sensor_decorator.py
[2024-04-04T23:21:57.735+0000] {processor.py:840} INFO - DAG(s) 'example_sensor_decorator' retrieved from /home/airflow/.local/lib/python3.8/site-packages/airflow/example_dags/example_sensor_decorator.py
[2024-04-04T23:21:57.782+0000] {logging_mixin.py:188} INFO - [2024-04-04T23:21:57.781+0000] {dag.py:3036} INFO - Sync 1 DAGs
[2024-04-04T23:21:57.813+0000] {logging_mixin.py:188} INFO - [2024-04-04T23:21:57.813+0000] {dag.py:3823} INFO - Setting next_dagrun for example_sensor_decorator to None, run_after=None
[2024-04-04T23:21:57.854+0000] {processor.py:183} INFO - Processing /home/airflow/.local/lib/python3.8/site-packages/airflow/example_dags/example_sensor_decorator.py took 0.145 seconds
[2024-04-04T23:22:28.522+0000] {processor.py:161} INFO - Started process (PID=48521) to work on /home/airflow/.local/lib/python3.8/site-packages/airflow/example_dags/example_sensor_decorator.py
[2024-04-04T23:22:28.528+0000] {processor.py:830} INFO - Processing file /home/airflow/.local/lib/python3.8/site-packages/airflow/example_dags/example_sensor_decorator.py for tasks to queue
[2024-04-04T23:22:28.537+0000] {logging_mixin.py:188} INFO - [2024-04-04T23:22:28.534+0000] {dagbag.py:538} INFO - Filling up the DagBag from /home/airflow/.local/lib/python3.8/site-packages/airflow/example_dags/example_sensor_decorator.py
[2024-04-04T23:22:28.588+0000] {processor.py:840} INFO - DAG(s) 'example_sensor_decorator' retrieved from /home/airflow/.local/lib/python3.8/site-packages/airflow/example_dags/example_sensor_decorator.py
[2024-04-04T23:22:28.722+0000] {logging_mixin.py:188} INFO - [2024-04-04T23:22:28.721+0000] {dag.py:3036} INFO - Sync 1 DAGs
[2024-04-04T23:22:28.862+0000] {logging_mixin.py:188} INFO - [2024-04-04T23:22:28.860+0000] {dag.py:3823} INFO - Setting next_dagrun for example_sensor_decorator to None, run_after=None
[2024-04-04T23:22:29.046+0000] {processor.py:183} INFO - Processing /home/airflow/.local/lib/python3.8/site-packages/airflow/example_dags/example_sensor_decorator.py took 0.546 seconds
[2024-04-04T23:22:59.489+0000] {processor.py:161} INFO - Started process (PID=48580) to work on /home/airflow/.local/lib/python3.8/site-packages/airflow/example_dags/example_sensor_decorator.py
[2024-04-04T23:22:59.494+0000] {processor.py:830} INFO - Processing file /home/airflow/.local/lib/python3.8/site-packages/airflow/example_dags/example_sensor_decorator.py for tasks to queue
[2024-04-04T23:22:59.500+0000] {logging_mixin.py:188} INFO - [2024-04-04T23:22:59.498+0000] {dagbag.py:538} INFO - Filling up the DagBag from /home/airflow/.local/lib/python3.8/site-packages/airflow/example_dags/example_sensor_decorator.py
[2024-04-04T23:22:59.560+0000] {processor.py:840} INFO - DAG(s) 'example_sensor_decorator' retrieved from /home/airflow/.local/lib/python3.8/site-packages/airflow/example_dags/example_sensor_decorator.py
[2024-04-04T23:22:59.937+0000] {logging_mixin.py:188} INFO - [2024-04-04T23:22:59.935+0000] {dag.py:3036} INFO - Sync 1 DAGs
[2024-04-04T23:23:00.324+0000] {logging_mixin.py:188} INFO - [2024-04-04T23:23:00.322+0000] {dag.py:3823} INFO - Setting next_dagrun for example_sensor_decorator to None, run_after=None
[2024-04-04T23:23:00.589+0000] {processor.py:183} INFO - Processing /home/airflow/.local/lib/python3.8/site-packages/airflow/example_dags/example_sensor_decorator.py took 1.123 seconds
[2024-04-04T23:23:31.016+0000] {processor.py:161} INFO - Started process (PID=48640) to work on /home/airflow/.local/lib/python3.8/site-packages/airflow/example_dags/example_sensor_decorator.py
[2024-04-04T23:23:31.019+0000] {processor.py:830} INFO - Processing file /home/airflow/.local/lib/python3.8/site-packages/airflow/example_dags/example_sensor_decorator.py for tasks to queue
[2024-04-04T23:23:31.022+0000] {logging_mixin.py:188} INFO - [2024-04-04T23:23:31.022+0000] {dagbag.py:538} INFO - Filling up the DagBag from /home/airflow/.local/lib/python3.8/site-packages/airflow/example_dags/example_sensor_decorator.py
[2024-04-04T23:23:31.038+0000] {processor.py:840} INFO - DAG(s) 'example_sensor_decorator' retrieved from /home/airflow/.local/lib/python3.8/site-packages/airflow/example_dags/example_sensor_decorator.py
[2024-04-04T23:23:31.102+0000] {logging_mixin.py:188} INFO - [2024-04-04T23:23:31.101+0000] {dag.py:3036} INFO - Sync 1 DAGs
[2024-04-04T23:23:31.142+0000] {logging_mixin.py:188} INFO - [2024-04-04T23:23:31.141+0000] {dag.py:3823} INFO - Setting next_dagrun for example_sensor_decorator to None, run_after=None
[2024-04-04T23:23:31.204+0000] {processor.py:183} INFO - Processing /home/airflow/.local/lib/python3.8/site-packages/airflow/example_dags/example_sensor_decorator.py took 0.197 seconds
[2024-04-04T23:24:01.479+0000] {processor.py:161} INFO - Started process (PID=48700) to work on /home/airflow/.local/lib/python3.8/site-packages/airflow/example_dags/example_sensor_decorator.py
[2024-04-04T23:24:01.482+0000] {processor.py:830} INFO - Processing file /home/airflow/.local/lib/python3.8/site-packages/airflow/example_dags/example_sensor_decorator.py for tasks to queue
[2024-04-04T23:24:01.485+0000] {logging_mixin.py:188} INFO - [2024-04-04T23:24:01.484+0000] {dagbag.py:538} INFO - Filling up the DagBag from /home/airflow/.local/lib/python3.8/site-packages/airflow/example_dags/example_sensor_decorator.py
[2024-04-04T23:24:01.503+0000] {processor.py:840} INFO - DAG(s) 'example_sensor_decorator' retrieved from /home/airflow/.local/lib/python3.8/site-packages/airflow/example_dags/example_sensor_decorator.py
[2024-04-04T23:24:01.555+0000] {logging_mixin.py:188} INFO - [2024-04-04T23:24:01.554+0000] {dag.py:3036} INFO - Sync 1 DAGs
[2024-04-04T23:24:01.587+0000] {logging_mixin.py:188} INFO - [2024-04-04T23:24:01.587+0000] {dag.py:3823} INFO - Setting next_dagrun for example_sensor_decorator to None, run_after=None
[2024-04-04T23:24:01.633+0000] {processor.py:183} INFO - Processing /home/airflow/.local/lib/python3.8/site-packages/airflow/example_dags/example_sensor_decorator.py took 0.170 seconds
[2024-04-04T23:24:32.297+0000] {processor.py:161} INFO - Started process (PID=48760) to work on /home/airflow/.local/lib/python3.8/site-packages/airflow/example_dags/example_sensor_decorator.py
[2024-04-04T23:24:32.303+0000] {processor.py:830} INFO - Processing file /home/airflow/.local/lib/python3.8/site-packages/airflow/example_dags/example_sensor_decorator.py for tasks to queue
[2024-04-04T23:24:32.311+0000] {logging_mixin.py:188} INFO - [2024-04-04T23:24:32.309+0000] {dagbag.py:538} INFO - Filling up the DagBag from /home/airflow/.local/lib/python3.8/site-packages/airflow/example_dags/example_sensor_decorator.py
[2024-04-04T23:24:32.352+0000] {processor.py:840} INFO - DAG(s) 'example_sensor_decorator' retrieved from /home/airflow/.local/lib/python3.8/site-packages/airflow/example_dags/example_sensor_decorator.py
[2024-04-04T23:24:32.469+0000] {logging_mixin.py:188} INFO - [2024-04-04T23:24:32.467+0000] {dag.py:3036} INFO - Sync 1 DAGs
[2024-04-04T23:24:32.550+0000] {logging_mixin.py:188} INFO - [2024-04-04T23:24:32.549+0000] {dag.py:3823} INFO - Setting next_dagrun for example_sensor_decorator to None, run_after=None
[2024-04-04T23:24:32.642+0000] {processor.py:183} INFO - Processing /home/airflow/.local/lib/python3.8/site-packages/airflow/example_dags/example_sensor_decorator.py took 0.367 seconds
[2024-04-04T23:25:03.954+0000] {processor.py:161} INFO - Started process (PID=48820) to work on /home/airflow/.local/lib/python3.8/site-packages/airflow/example_dags/example_sensor_decorator.py
[2024-04-04T23:25:03.965+0000] {processor.py:830} INFO - Processing file /home/airflow/.local/lib/python3.8/site-packages/airflow/example_dags/example_sensor_decorator.py for tasks to queue
[2024-04-04T23:25:03.971+0000] {logging_mixin.py:188} INFO - [2024-04-04T23:25:03.969+0000] {dagbag.py:538} INFO - Filling up the DagBag from /home/airflow/.local/lib/python3.8/site-packages/airflow/example_dags/example_sensor_decorator.py
[2024-04-04T23:25:04.010+0000] {processor.py:840} INFO - DAG(s) 'example_sensor_decorator' retrieved from /home/airflow/.local/lib/python3.8/site-packages/airflow/example_dags/example_sensor_decorator.py
[2024-04-04T23:25:04.158+0000] {logging_mixin.py:188} INFO - [2024-04-04T23:25:04.156+0000] {dag.py:3036} INFO - Sync 1 DAGs
[2024-04-04T23:25:04.280+0000] {logging_mixin.py:188} INFO - [2024-04-04T23:25:04.278+0000] {dag.py:3823} INFO - Setting next_dagrun for example_sensor_decorator to None, run_after=None
[2024-04-04T23:25:04.483+0000] {processor.py:183} INFO - Processing /home/airflow/.local/lib/python3.8/site-packages/airflow/example_dags/example_sensor_decorator.py took 0.552 seconds
[2024-04-04T23:25:34.829+0000] {processor.py:161} INFO - Started process (PID=48880) to work on /home/airflow/.local/lib/python3.8/site-packages/airflow/example_dags/example_sensor_decorator.py
[2024-04-04T23:25:34.832+0000] {processor.py:830} INFO - Processing file /home/airflow/.local/lib/python3.8/site-packages/airflow/example_dags/example_sensor_decorator.py for tasks to queue
[2024-04-04T23:25:34.835+0000] {logging_mixin.py:188} INFO - [2024-04-04T23:25:34.834+0000] {dagbag.py:538} INFO - Filling up the DagBag from /home/airflow/.local/lib/python3.8/site-packages/airflow/example_dags/example_sensor_decorator.py
[2024-04-04T23:25:34.850+0000] {processor.py:840} INFO - DAG(s) 'example_sensor_decorator' retrieved from /home/airflow/.local/lib/python3.8/site-packages/airflow/example_dags/example_sensor_decorator.py
[2024-04-04T23:25:34.917+0000] {logging_mixin.py:188} INFO - [2024-04-04T23:25:34.916+0000] {dag.py:3036} INFO - Sync 1 DAGs
[2024-04-04T23:25:34.962+0000] {logging_mixin.py:188} INFO - [2024-04-04T23:25:34.962+0000] {dag.py:3823} INFO - Setting next_dagrun for example_sensor_decorator to None, run_after=None
[2024-04-04T23:25:35.027+0000] {processor.py:183} INFO - Processing /home/airflow/.local/lib/python3.8/site-packages/airflow/example_dags/example_sensor_decorator.py took 0.208 seconds
[2024-04-04T23:26:05.275+0000] {processor.py:161} INFO - Started process (PID=48940) to work on /home/airflow/.local/lib/python3.8/site-packages/airflow/example_dags/example_sensor_decorator.py
[2024-04-04T23:26:05.279+0000] {processor.py:830} INFO - Processing file /home/airflow/.local/lib/python3.8/site-packages/airflow/example_dags/example_sensor_decorator.py for tasks to queue
[2024-04-04T23:26:05.282+0000] {logging_mixin.py:188} INFO - [2024-04-04T23:26:05.281+0000] {dagbag.py:538} INFO - Filling up the DagBag from /home/airflow/.local/lib/python3.8/site-packages/airflow/example_dags/example_sensor_decorator.py
[2024-04-04T23:26:05.298+0000] {processor.py:840} INFO - DAG(s) 'example_sensor_decorator' retrieved from /home/airflow/.local/lib/python3.8/site-packages/airflow/example_dags/example_sensor_decorator.py
[2024-04-04T23:26:05.359+0000] {logging_mixin.py:188} INFO - [2024-04-04T23:26:05.358+0000] {dag.py:3036} INFO - Sync 1 DAGs
[2024-04-04T23:26:05.397+0000] {logging_mixin.py:188} INFO - [2024-04-04T23:26:05.397+0000] {dag.py:3823} INFO - Setting next_dagrun for example_sensor_decorator to None, run_after=None
[2024-04-04T23:26:05.460+0000] {processor.py:183} INFO - Processing /home/airflow/.local/lib/python3.8/site-packages/airflow/example_dags/example_sensor_decorator.py took 0.195 seconds
[2024-04-04T23:26:35.885+0000] {processor.py:161} INFO - Started process (PID=49000) to work on /home/airflow/.local/lib/python3.8/site-packages/airflow/example_dags/example_sensor_decorator.py
[2024-04-04T23:26:35.889+0000] {processor.py:830} INFO - Processing file /home/airflow/.local/lib/python3.8/site-packages/airflow/example_dags/example_sensor_decorator.py for tasks to queue
[2024-04-04T23:26:35.895+0000] {logging_mixin.py:188} INFO - [2024-04-04T23:26:35.893+0000] {dagbag.py:538} INFO - Filling up the DagBag from /home/airflow/.local/lib/python3.8/site-packages/airflow/example_dags/example_sensor_decorator.py
[2024-04-04T23:26:35.923+0000] {processor.py:840} INFO - DAG(s) 'example_sensor_decorator' retrieved from /home/airflow/.local/lib/python3.8/site-packages/airflow/example_dags/example_sensor_decorator.py
[2024-04-04T23:26:36.017+0000] {logging_mixin.py:188} INFO - [2024-04-04T23:26:36.016+0000] {dag.py:3036} INFO - Sync 1 DAGs
[2024-04-04T23:26:36.073+0000] {logging_mixin.py:188} INFO - [2024-04-04T23:26:36.072+0000] {dag.py:3823} INFO - Setting next_dagrun for example_sensor_decorator to None, run_after=None
[2024-04-04T23:26:36.151+0000] {processor.py:183} INFO - Processing /home/airflow/.local/lib/python3.8/site-packages/airflow/example_dags/example_sensor_decorator.py took 0.281 seconds
[2024-04-04T23:27:13.869+0000] {processor.py:161} INFO - Started process (PID=49067) to work on /home/airflow/.local/lib/python3.8/site-packages/airflow/example_dags/example_sensor_decorator.py
[2024-04-04T23:27:13.877+0000] {processor.py:830} INFO - Processing file /home/airflow/.local/lib/python3.8/site-packages/airflow/example_dags/example_sensor_decorator.py for tasks to queue
[2024-04-04T23:27:13.885+0000] {logging_mixin.py:188} INFO - [2024-04-04T23:27:13.882+0000] {dagbag.py:538} INFO - Filling up the DagBag from /home/airflow/.local/lib/python3.8/site-packages/airflow/example_dags/example_sensor_decorator.py
[2024-04-04T23:27:13.937+0000] {processor.py:840} INFO - DAG(s) 'example_sensor_decorator' retrieved from /home/airflow/.local/lib/python3.8/site-packages/airflow/example_dags/example_sensor_decorator.py
[2024-04-04T23:27:14.075+0000] {logging_mixin.py:188} INFO - [2024-04-04T23:27:14.072+0000] {dag.py:3036} INFO - Sync 1 DAGs
[2024-04-04T23:27:14.215+0000] {logging_mixin.py:188} INFO - [2024-04-04T23:27:14.214+0000] {dag.py:3823} INFO - Setting next_dagrun for example_sensor_decorator to None, run_after=None
[2024-04-04T23:27:14.404+0000] {processor.py:183} INFO - Processing /home/airflow/.local/lib/python3.8/site-packages/airflow/example_dags/example_sensor_decorator.py took 0.566 seconds
[2024-04-04T23:27:44.977+0000] {processor.py:161} INFO - Started process (PID=49127) to work on /home/airflow/.local/lib/python3.8/site-packages/airflow/example_dags/example_sensor_decorator.py
[2024-04-04T23:27:44.982+0000] {processor.py:830} INFO - Processing file /home/airflow/.local/lib/python3.8/site-packages/airflow/example_dags/example_sensor_decorator.py for tasks to queue
[2024-04-04T23:27:44.988+0000] {logging_mixin.py:188} INFO - [2024-04-04T23:27:44.986+0000] {dagbag.py:538} INFO - Filling up the DagBag from /home/airflow/.local/lib/python3.8/site-packages/airflow/example_dags/example_sensor_decorator.py
[2024-04-04T23:27:45.024+0000] {processor.py:840} INFO - DAG(s) 'example_sensor_decorator' retrieved from /home/airflow/.local/lib/python3.8/site-packages/airflow/example_dags/example_sensor_decorator.py
[2024-04-04T23:27:45.122+0000] {logging_mixin.py:188} INFO - [2024-04-04T23:27:45.120+0000] {dag.py:3036} INFO - Sync 1 DAGs
[2024-04-04T23:27:45.195+0000] {logging_mixin.py:188} INFO - [2024-04-04T23:27:45.194+0000] {dag.py:3823} INFO - Setting next_dagrun for example_sensor_decorator to None, run_after=None
[2024-04-04T23:27:45.287+0000] {processor.py:183} INFO - Processing /home/airflow/.local/lib/python3.8/site-packages/airflow/example_dags/example_sensor_decorator.py took 0.330 seconds
[2024-04-04T23:28:15.630+0000] {processor.py:161} INFO - Started process (PID=49187) to work on /home/airflow/.local/lib/python3.8/site-packages/airflow/example_dags/example_sensor_decorator.py
[2024-04-04T23:28:15.633+0000] {processor.py:830} INFO - Processing file /home/airflow/.local/lib/python3.8/site-packages/airflow/example_dags/example_sensor_decorator.py for tasks to queue
[2024-04-04T23:28:15.636+0000] {logging_mixin.py:188} INFO - [2024-04-04T23:28:15.635+0000] {dagbag.py:538} INFO - Filling up the DagBag from /home/airflow/.local/lib/python3.8/site-packages/airflow/example_dags/example_sensor_decorator.py
[2024-04-04T23:28:15.651+0000] {processor.py:840} INFO - DAG(s) 'example_sensor_decorator' retrieved from /home/airflow/.local/lib/python3.8/site-packages/airflow/example_dags/example_sensor_decorator.py
[2024-04-04T23:28:15.705+0000] {logging_mixin.py:188} INFO - [2024-04-04T23:28:15.704+0000] {dag.py:3036} INFO - Sync 1 DAGs
[2024-04-04T23:28:15.740+0000] {logging_mixin.py:188} INFO - [2024-04-04T23:28:15.739+0000] {dag.py:3823} INFO - Setting next_dagrun for example_sensor_decorator to None, run_after=None
[2024-04-04T23:28:15.787+0000] {processor.py:183} INFO - Processing /home/airflow/.local/lib/python3.8/site-packages/airflow/example_dags/example_sensor_decorator.py took 0.166 seconds
[2024-04-04T23:28:46.306+0000] {processor.py:161} INFO - Started process (PID=49247) to work on /home/airflow/.local/lib/python3.8/site-packages/airflow/example_dags/example_sensor_decorator.py
[2024-04-04T23:28:46.308+0000] {processor.py:830} INFO - Processing file /home/airflow/.local/lib/python3.8/site-packages/airflow/example_dags/example_sensor_decorator.py for tasks to queue
[2024-04-04T23:28:46.311+0000] {logging_mixin.py:188} INFO - [2024-04-04T23:28:46.310+0000] {dagbag.py:538} INFO - Filling up the DagBag from /home/airflow/.local/lib/python3.8/site-packages/airflow/example_dags/example_sensor_decorator.py
[2024-04-04T23:28:46.323+0000] {processor.py:840} INFO - DAG(s) 'example_sensor_decorator' retrieved from /home/airflow/.local/lib/python3.8/site-packages/airflow/example_dags/example_sensor_decorator.py
[2024-04-04T23:28:46.371+0000] {logging_mixin.py:188} INFO - [2024-04-04T23:28:46.370+0000] {dag.py:3036} INFO - Sync 1 DAGs
[2024-04-04T23:28:46.400+0000] {logging_mixin.py:188} INFO - [2024-04-04T23:28:46.399+0000] {dag.py:3823} INFO - Setting next_dagrun for example_sensor_decorator to None, run_after=None
[2024-04-04T23:28:46.444+0000] {processor.py:183} INFO - Processing /home/airflow/.local/lib/python3.8/site-packages/airflow/example_dags/example_sensor_decorator.py took 0.146 seconds
[2024-04-04T23:29:19.095+0000] {processor.py:161} INFO - Started process (PID=49307) to work on /home/airflow/.local/lib/python3.8/site-packages/airflow/example_dags/example_sensor_decorator.py
[2024-04-04T23:29:19.103+0000] {processor.py:830} INFO - Processing file /home/airflow/.local/lib/python3.8/site-packages/airflow/example_dags/example_sensor_decorator.py for tasks to queue
[2024-04-04T23:29:19.110+0000] {logging_mixin.py:188} INFO - [2024-04-04T23:29:19.107+0000] {dagbag.py:538} INFO - Filling up the DagBag from /home/airflow/.local/lib/python3.8/site-packages/airflow/example_dags/example_sensor_decorator.py
[2024-04-04T23:29:19.163+0000] {processor.py:840} INFO - DAG(s) 'example_sensor_decorator' retrieved from /home/airflow/.local/lib/python3.8/site-packages/airflow/example_dags/example_sensor_decorator.py
[2024-04-04T23:29:19.333+0000] {logging_mixin.py:188} INFO - [2024-04-04T23:29:19.331+0000] {dag.py:3036} INFO - Sync 1 DAGs
[2024-04-04T23:29:19.518+0000] {logging_mixin.py:188} INFO - [2024-04-04T23:29:19.512+0000] {dag.py:3823} INFO - Setting next_dagrun for example_sensor_decorator to None, run_after=None
[2024-04-04T23:29:19.665+0000] {processor.py:183} INFO - Processing /home/airflow/.local/lib/python3.8/site-packages/airflow/example_dags/example_sensor_decorator.py took 0.591 seconds
[2024-04-04T23:29:50.058+0000] {processor.py:161} INFO - Started process (PID=49365) to work on /home/airflow/.local/lib/python3.8/site-packages/airflow/example_dags/example_sensor_decorator.py
[2024-04-04T23:29:50.064+0000] {processor.py:830} INFO - Processing file /home/airflow/.local/lib/python3.8/site-packages/airflow/example_dags/example_sensor_decorator.py for tasks to queue
[2024-04-04T23:29:50.074+0000] {logging_mixin.py:188} INFO - [2024-04-04T23:29:50.069+0000] {dagbag.py:538} INFO - Filling up the DagBag from /home/airflow/.local/lib/python3.8/site-packages/airflow/example_dags/example_sensor_decorator.py
[2024-04-04T23:29:50.128+0000] {processor.py:840} INFO - DAG(s) 'example_sensor_decorator' retrieved from /home/airflow/.local/lib/python3.8/site-packages/airflow/example_dags/example_sensor_decorator.py
[2024-04-04T23:29:50.269+0000] {logging_mixin.py:188} INFO - [2024-04-04T23:29:50.267+0000] {dag.py:3036} INFO - Sync 1 DAGs
[2024-04-04T23:29:50.345+0000] {logging_mixin.py:188} INFO - [2024-04-04T23:29:50.343+0000] {dag.py:3823} INFO - Setting next_dagrun for example_sensor_decorator to None, run_after=None
[2024-04-04T23:29:50.466+0000] {processor.py:183} INFO - Processing /home/airflow/.local/lib/python3.8/site-packages/airflow/example_dags/example_sensor_decorator.py took 0.431 seconds
[2024-04-04T23:30:20.734+0000] {processor.py:161} INFO - Started process (PID=49425) to work on /home/airflow/.local/lib/python3.8/site-packages/airflow/example_dags/example_sensor_decorator.py
[2024-04-04T23:30:20.738+0000] {processor.py:830} INFO - Processing file /home/airflow/.local/lib/python3.8/site-packages/airflow/example_dags/example_sensor_decorator.py for tasks to queue
[2024-04-04T23:30:20.743+0000] {logging_mixin.py:188} INFO - [2024-04-04T23:30:20.741+0000] {dagbag.py:538} INFO - Filling up the DagBag from /home/airflow/.local/lib/python3.8/site-packages/airflow/example_dags/example_sensor_decorator.py
[2024-04-04T23:30:20.772+0000] {processor.py:840} INFO - DAG(s) 'example_sensor_decorator' retrieved from /home/airflow/.local/lib/python3.8/site-packages/airflow/example_dags/example_sensor_decorator.py
[2024-04-04T23:30:20.873+0000] {logging_mixin.py:188} INFO - [2024-04-04T23:30:20.872+0000] {dag.py:3036} INFO - Sync 1 DAGs
[2024-04-04T23:30:20.949+0000] {logging_mixin.py:188} INFO - [2024-04-04T23:30:20.947+0000] {dag.py:3823} INFO - Setting next_dagrun for example_sensor_decorator to None, run_after=None
[2024-04-04T23:30:21.105+0000] {processor.py:183} INFO - Processing /home/airflow/.local/lib/python3.8/site-packages/airflow/example_dags/example_sensor_decorator.py took 0.386 seconds
[2024-04-04T23:30:51.603+0000] {processor.py:161} INFO - Started process (PID=49486) to work on /home/airflow/.local/lib/python3.8/site-packages/airflow/example_dags/example_sensor_decorator.py
[2024-04-04T23:30:51.605+0000] {processor.py:830} INFO - Processing file /home/airflow/.local/lib/python3.8/site-packages/airflow/example_dags/example_sensor_decorator.py for tasks to queue
[2024-04-04T23:30:51.608+0000] {logging_mixin.py:188} INFO - [2024-04-04T23:30:51.607+0000] {dagbag.py:538} INFO - Filling up the DagBag from /home/airflow/.local/lib/python3.8/site-packages/airflow/example_dags/example_sensor_decorator.py
[2024-04-04T23:30:51.624+0000] {processor.py:840} INFO - DAG(s) 'example_sensor_decorator' retrieved from /home/airflow/.local/lib/python3.8/site-packages/airflow/example_dags/example_sensor_decorator.py
[2024-04-04T23:30:51.663+0000] {logging_mixin.py:188} INFO - [2024-04-04T23:30:51.663+0000] {dag.py:3036} INFO - Sync 1 DAGs
[2024-04-04T23:30:51.690+0000] {logging_mixin.py:188} INFO - [2024-04-04T23:30:51.689+0000] {dag.py:3823} INFO - Setting next_dagrun for example_sensor_decorator to None, run_after=None
[2024-04-04T23:30:51.727+0000] {processor.py:183} INFO - Processing /home/airflow/.local/lib/python3.8/site-packages/airflow/example_dags/example_sensor_decorator.py took 0.133 seconds
[2024-04-04T23:31:21.989+0000] {processor.py:161} INFO - Started process (PID=49546) to work on /home/airflow/.local/lib/python3.8/site-packages/airflow/example_dags/example_sensor_decorator.py
[2024-04-04T23:31:21.991+0000] {processor.py:830} INFO - Processing file /home/airflow/.local/lib/python3.8/site-packages/airflow/example_dags/example_sensor_decorator.py for tasks to queue
[2024-04-04T23:31:21.994+0000] {logging_mixin.py:188} INFO - [2024-04-04T23:31:21.993+0000] {dagbag.py:538} INFO - Filling up the DagBag from /home/airflow/.local/lib/python3.8/site-packages/airflow/example_dags/example_sensor_decorator.py
[2024-04-04T23:31:22.006+0000] {processor.py:840} INFO - DAG(s) 'example_sensor_decorator' retrieved from /home/airflow/.local/lib/python3.8/site-packages/airflow/example_dags/example_sensor_decorator.py
[2024-04-04T23:31:22.048+0000] {logging_mixin.py:188} INFO - [2024-04-04T23:31:22.047+0000] {dag.py:3036} INFO - Sync 1 DAGs
[2024-04-04T23:31:22.074+0000] {logging_mixin.py:188} INFO - [2024-04-04T23:31:22.073+0000] {dag.py:3823} INFO - Setting next_dagrun for example_sensor_decorator to None, run_after=None
[2024-04-04T23:31:22.111+0000] {processor.py:183} INFO - Processing /home/airflow/.local/lib/python3.8/site-packages/airflow/example_dags/example_sensor_decorator.py took 0.128 seconds
