[2024-04-04T20:01:56.337+0000] {processor.py:161} INFO - Started process (PID=43454) to work on /home/airflow/.local/lib/python3.8/site-packages/airflow/example_dags/example_branch_day_of_week_operator.py
[2024-04-04T20:01:56.339+0000] {processor.py:830} INFO - Processing file /home/airflow/.local/lib/python3.8/site-packages/airflow/example_dags/example_branch_day_of_week_operator.py for tasks to queue
[2024-04-04T20:01:56.341+0000] {logging_mixin.py:188} INFO - [2024-04-04T20:01:56.340+0000] {dagbag.py:538} INFO - Filling up the DagBag from /home/airflow/.local/lib/python3.8/site-packages/airflow/example_dags/example_branch_day_of_week_operator.py
[2024-04-04T20:01:56.402+0000] {processor.py:840} INFO - DAG(s) 'example_weekday_branch_operator' retrieved from /home/airflow/.local/lib/python3.8/site-packages/airflow/example_dags/example_branch_day_of_week_operator.py
[2024-04-04T20:01:56.547+0000] {logging_mixin.py:188} INFO - [2024-04-04T20:01:56.547+0000] {dag.py:3036} INFO - Sync 1 DAGs
[2024-04-04T20:01:56.696+0000] {logging_mixin.py:188} INFO - [2024-04-04T20:01:56.695+0000] {dag.py:3823} INFO - Setting next_dagrun for example_weekday_branch_operator to 2024-04-03 00:00:00+00:00, run_after=2024-04-04 00:00:00+00:00
[2024-04-04T20:01:56.814+0000] {processor.py:183} INFO - Processing /home/airflow/.local/lib/python3.8/site-packages/airflow/example_dags/example_branch_day_of_week_operator.py took 0.494 seconds
[2024-04-04T18:12:25.639+0000] {processor.py:161} INFO - Started process (PID=46131) to work on /home/airflow/.local/lib/python3.8/site-packages/airflow/example_dags/example_branch_day_of_week_operator.py
[2024-04-04T18:12:25.653+0000] {processor.py:830} INFO - Processing file /home/airflow/.local/lib/python3.8/site-packages/airflow/example_dags/example_branch_day_of_week_operator.py for tasks to queue
[2024-04-04T18:12:25.656+0000] {logging_mixin.py:188} INFO - [2024-04-04T18:12:25.655+0000] {dagbag.py:538} INFO - Filling up the DagBag from /home/airflow/.local/lib/python3.8/site-packages/airflow/example_dags/example_branch_day_of_week_operator.py
[2024-04-04T18:12:25.707+0000] {processor.py:840} INFO - DAG(s) 'example_weekday_branch_operator' retrieved from /home/airflow/.local/lib/python3.8/site-packages/airflow/example_dags/example_branch_day_of_week_operator.py
[2024-04-04T18:12:25.790+0000] {logging_mixin.py:188} INFO - [2024-04-04T18:12:25.789+0000] {dag.py:3036} INFO - Sync 1 DAGs
[2024-04-04T18:12:25.886+0000] {logging_mixin.py:188} INFO - [2024-04-04T18:12:25.886+0000] {dag.py:3823} INFO - Setting next_dagrun for example_weekday_branch_operator to 2024-04-03 00:00:00+00:00, run_after=2024-04-04 00:00:00+00:00
[2024-04-04T18:12:25.976+0000] {processor.py:183} INFO - Processing /home/airflow/.local/lib/python3.8/site-packages/airflow/example_dags/example_branch_day_of_week_operator.py took 0.346 seconds
[2024-04-04T18:12:56.896+0000] {processor.py:161} INFO - Started process (PID=46191) to work on /home/airflow/.local/lib/python3.8/site-packages/airflow/example_dags/example_branch_day_of_week_operator.py
[2024-04-04T18:12:56.897+0000] {processor.py:830} INFO - Processing file /home/airflow/.local/lib/python3.8/site-packages/airflow/example_dags/example_branch_day_of_week_operator.py for tasks to queue
[2024-04-04T18:12:56.898+0000] {logging_mixin.py:188} INFO - [2024-04-04T18:12:56.898+0000] {dagbag.py:538} INFO - Filling up the DagBag from /home/airflow/.local/lib/python3.8/site-packages/airflow/example_dags/example_branch_day_of_week_operator.py
[2024-04-04T18:12:56.908+0000] {processor.py:840} INFO - DAG(s) 'example_weekday_branch_operator' retrieved from /home/airflow/.local/lib/python3.8/site-packages/airflow/example_dags/example_branch_day_of_week_operator.py
[2024-04-04T18:12:56.934+0000] {logging_mixin.py:188} INFO - [2024-04-04T18:12:56.934+0000] {dag.py:3036} INFO - Sync 1 DAGs
[2024-04-04T18:12:56.960+0000] {logging_mixin.py:188} INFO - [2024-04-04T18:12:56.960+0000] {dag.py:3823} INFO - Setting next_dagrun for example_weekday_branch_operator to 2024-04-03 00:00:00+00:00, run_after=2024-04-04 00:00:00+00:00
[2024-04-04T18:12:56.982+0000] {processor.py:183} INFO - Processing /home/airflow/.local/lib/python3.8/site-packages/airflow/example_dags/example_branch_day_of_week_operator.py took 0.089 seconds
[2024-04-04T18:13:27.320+0000] {processor.py:161} INFO - Started process (PID=46251) to work on /home/airflow/.local/lib/python3.8/site-packages/airflow/example_dags/example_branch_day_of_week_operator.py
[2024-04-04T18:13:27.321+0000] {processor.py:830} INFO - Processing file /home/airflow/.local/lib/python3.8/site-packages/airflow/example_dags/example_branch_day_of_week_operator.py for tasks to queue
[2024-04-04T18:13:27.323+0000] {logging_mixin.py:188} INFO - [2024-04-04T18:13:27.322+0000] {dagbag.py:538} INFO - Filling up the DagBag from /home/airflow/.local/lib/python3.8/site-packages/airflow/example_dags/example_branch_day_of_week_operator.py
[2024-04-04T18:13:27.331+0000] {processor.py:840} INFO - DAG(s) 'example_weekday_branch_operator' retrieved from /home/airflow/.local/lib/python3.8/site-packages/airflow/example_dags/example_branch_day_of_week_operator.py
[2024-04-04T18:13:27.355+0000] {logging_mixin.py:188} INFO - [2024-04-04T18:13:27.355+0000] {dag.py:3036} INFO - Sync 1 DAGs
[2024-04-04T18:13:27.379+0000] {logging_mixin.py:188} INFO - [2024-04-04T18:13:27.379+0000] {dag.py:3823} INFO - Setting next_dagrun for example_weekday_branch_operator to 2024-04-03 00:00:00+00:00, run_after=2024-04-04 00:00:00+00:00
[2024-04-04T18:13:27.400+0000] {processor.py:183} INFO - Processing /home/airflow/.local/lib/python3.8/site-packages/airflow/example_dags/example_branch_day_of_week_operator.py took 0.084 seconds
[2024-04-04T18:13:57.757+0000] {processor.py:161} INFO - Started process (PID=46311) to work on /home/airflow/.local/lib/python3.8/site-packages/airflow/example_dags/example_branch_day_of_week_operator.py
[2024-04-04T18:13:57.758+0000] {processor.py:830} INFO - Processing file /home/airflow/.local/lib/python3.8/site-packages/airflow/example_dags/example_branch_day_of_week_operator.py for tasks to queue
[2024-04-04T18:13:57.759+0000] {logging_mixin.py:188} INFO - [2024-04-04T18:13:57.759+0000] {dagbag.py:538} INFO - Filling up the DagBag from /home/airflow/.local/lib/python3.8/site-packages/airflow/example_dags/example_branch_day_of_week_operator.py
[2024-04-04T18:13:57.768+0000] {processor.py:840} INFO - DAG(s) 'example_weekday_branch_operator' retrieved from /home/airflow/.local/lib/python3.8/site-packages/airflow/example_dags/example_branch_day_of_week_operator.py
[2024-04-04T18:13:57.793+0000] {logging_mixin.py:188} INFO - [2024-04-04T18:13:57.792+0000] {dag.py:3036} INFO - Sync 1 DAGs
[2024-04-04T18:13:57.815+0000] {logging_mixin.py:188} INFO - [2024-04-04T18:13:57.815+0000] {dag.py:3823} INFO - Setting next_dagrun for example_weekday_branch_operator to 2024-04-03 00:00:00+00:00, run_after=2024-04-04 00:00:00+00:00
[2024-04-04T18:13:57.848+0000] {processor.py:183} INFO - Processing /home/airflow/.local/lib/python3.8/site-packages/airflow/example_dags/example_branch_day_of_week_operator.py took 0.095 seconds
[2024-04-04T18:14:28.217+0000] {processor.py:161} INFO - Started process (PID=46371) to work on /home/airflow/.local/lib/python3.8/site-packages/airflow/example_dags/example_branch_day_of_week_operator.py
[2024-04-04T18:14:28.218+0000] {processor.py:830} INFO - Processing file /home/airflow/.local/lib/python3.8/site-packages/airflow/example_dags/example_branch_day_of_week_operator.py for tasks to queue
[2024-04-04T18:14:28.219+0000] {logging_mixin.py:188} INFO - [2024-04-04T18:14:28.219+0000] {dagbag.py:538} INFO - Filling up the DagBag from /home/airflow/.local/lib/python3.8/site-packages/airflow/example_dags/example_branch_day_of_week_operator.py
[2024-04-04T18:14:28.228+0000] {processor.py:840} INFO - DAG(s) 'example_weekday_branch_operator' retrieved from /home/airflow/.local/lib/python3.8/site-packages/airflow/example_dags/example_branch_day_of_week_operator.py
[2024-04-04T18:14:28.255+0000] {logging_mixin.py:188} INFO - [2024-04-04T18:14:28.255+0000] {dag.py:3036} INFO - Sync 1 DAGs
[2024-04-04T18:14:28.290+0000] {logging_mixin.py:188} INFO - [2024-04-04T18:14:28.290+0000] {dag.py:3823} INFO - Setting next_dagrun for example_weekday_branch_operator to 2024-04-03 00:00:00+00:00, run_after=2024-04-04 00:00:00+00:00
[2024-04-04T18:14:28.317+0000] {processor.py:183} INFO - Processing /home/airflow/.local/lib/python3.8/site-packages/airflow/example_dags/example_branch_day_of_week_operator.py took 0.103 seconds
[2024-04-04T18:14:58.596+0000] {processor.py:161} INFO - Started process (PID=46431) to work on /home/airflow/.local/lib/python3.8/site-packages/airflow/example_dags/example_branch_day_of_week_operator.py
[2024-04-04T18:14:58.600+0000] {processor.py:830} INFO - Processing file /home/airflow/.local/lib/python3.8/site-packages/airflow/example_dags/example_branch_day_of_week_operator.py for tasks to queue
[2024-04-04T18:14:58.604+0000] {logging_mixin.py:188} INFO - [2024-04-04T18:14:58.603+0000] {dagbag.py:538} INFO - Filling up the DagBag from /home/airflow/.local/lib/python3.8/site-packages/airflow/example_dags/example_branch_day_of_week_operator.py
[2024-04-04T18:14:58.637+0000] {processor.py:840} INFO - DAG(s) 'example_weekday_branch_operator' retrieved from /home/airflow/.local/lib/python3.8/site-packages/airflow/example_dags/example_branch_day_of_week_operator.py
[2024-04-04T18:14:58.722+0000] {logging_mixin.py:188} INFO - [2024-04-04T18:14:58.721+0000] {dag.py:3036} INFO - Sync 1 DAGs
[2024-04-04T18:14:58.809+0000] {logging_mixin.py:188} INFO - [2024-04-04T18:14:58.808+0000] {dag.py:3823} INFO - Setting next_dagrun for example_weekday_branch_operator to 2024-04-03 00:00:00+00:00, run_after=2024-04-04 00:00:00+00:00
[2024-04-04T18:14:58.899+0000] {processor.py:183} INFO - Processing /home/airflow/.local/lib/python3.8/site-packages/airflow/example_dags/example_branch_day_of_week_operator.py took 0.317 seconds
[2024-04-04T18:15:29.972+0000] {processor.py:161} INFO - Started process (PID=46491) to work on /home/airflow/.local/lib/python3.8/site-packages/airflow/example_dags/example_branch_day_of_week_operator.py
[2024-04-04T18:15:29.983+0000] {processor.py:830} INFO - Processing file /home/airflow/.local/lib/python3.8/site-packages/airflow/example_dags/example_branch_day_of_week_operator.py for tasks to queue
[2024-04-04T18:15:29.994+0000] {logging_mixin.py:188} INFO - [2024-04-04T18:15:29.989+0000] {dagbag.py:538} INFO - Filling up the DagBag from /home/airflow/.local/lib/python3.8/site-packages/airflow/example_dags/example_branch_day_of_week_operator.py
[2024-04-04T18:15:30.077+0000] {processor.py:840} INFO - DAG(s) 'example_weekday_branch_operator' retrieved from /home/airflow/.local/lib/python3.8/site-packages/airflow/example_dags/example_branch_day_of_week_operator.py
[2024-04-04T18:15:30.212+0000] {logging_mixin.py:188} INFO - [2024-04-04T18:15:30.211+0000] {dag.py:3036} INFO - Sync 1 DAGs
[2024-04-04T18:15:30.374+0000] {logging_mixin.py:188} INFO - [2024-04-04T18:15:30.373+0000] {dag.py:3823} INFO - Setting next_dagrun for example_weekday_branch_operator to 2024-04-03 00:00:00+00:00, run_after=2024-04-04 00:00:00+00:00
[2024-04-04T18:15:30.519+0000] {processor.py:183} INFO - Processing /home/airflow/.local/lib/python3.8/site-packages/airflow/example_dags/example_branch_day_of_week_operator.py took 0.578 seconds
[2024-04-04T18:16:00.985+0000] {processor.py:161} INFO - Started process (PID=46551) to work on /home/airflow/.local/lib/python3.8/site-packages/airflow/example_dags/example_branch_day_of_week_operator.py
[2024-04-04T18:16:00.986+0000] {processor.py:830} INFO - Processing file /home/airflow/.local/lib/python3.8/site-packages/airflow/example_dags/example_branch_day_of_week_operator.py for tasks to queue
[2024-04-04T18:16:00.988+0000] {logging_mixin.py:188} INFO - [2024-04-04T18:16:00.988+0000] {dagbag.py:538} INFO - Filling up the DagBag from /home/airflow/.local/lib/python3.8/site-packages/airflow/example_dags/example_branch_day_of_week_operator.py
[2024-04-04T18:16:01.004+0000] {processor.py:840} INFO - DAG(s) 'example_weekday_branch_operator' retrieved from /home/airflow/.local/lib/python3.8/site-packages/airflow/example_dags/example_branch_day_of_week_operator.py
[2024-04-04T18:16:01.045+0000] {logging_mixin.py:188} INFO - [2024-04-04T18:16:01.044+0000] {dag.py:3036} INFO - Sync 1 DAGs
[2024-04-04T18:16:01.095+0000] {logging_mixin.py:188} INFO - [2024-04-04T18:16:01.094+0000] {dag.py:3823} INFO - Setting next_dagrun for example_weekday_branch_operator to 2024-04-03 00:00:00+00:00, run_after=2024-04-04 00:00:00+00:00
[2024-04-04T18:16:01.141+0000] {processor.py:183} INFO - Processing /home/airflow/.local/lib/python3.8/site-packages/airflow/example_dags/example_branch_day_of_week_operator.py took 0.163 seconds
[2024-04-04T18:16:31.733+0000] {processor.py:161} INFO - Started process (PID=46611) to work on /home/airflow/.local/lib/python3.8/site-packages/airflow/example_dags/example_branch_day_of_week_operator.py
[2024-04-04T18:16:31.735+0000] {processor.py:830} INFO - Processing file /home/airflow/.local/lib/python3.8/site-packages/airflow/example_dags/example_branch_day_of_week_operator.py for tasks to queue
[2024-04-04T18:16:31.738+0000] {logging_mixin.py:188} INFO - [2024-04-04T18:16:31.737+0000] {dagbag.py:538} INFO - Filling up the DagBag from /home/airflow/.local/lib/python3.8/site-packages/airflow/example_dags/example_branch_day_of_week_operator.py
[2024-04-04T18:16:31.759+0000] {processor.py:840} INFO - DAG(s) 'example_weekday_branch_operator' retrieved from /home/airflow/.local/lib/python3.8/site-packages/airflow/example_dags/example_branch_day_of_week_operator.py
[2024-04-04T18:16:31.870+0000] {logging_mixin.py:188} INFO - [2024-04-04T18:16:31.861+0000] {dag.py:3036} INFO - Sync 1 DAGs
[2024-04-04T18:16:32.138+0000] {logging_mixin.py:188} INFO - [2024-04-04T18:16:32.137+0000] {dag.py:3823} INFO - Setting next_dagrun for example_weekday_branch_operator to 2024-04-03 00:00:00+00:00, run_after=2024-04-04 00:00:00+00:00
[2024-04-04T18:16:32.252+0000] {processor.py:183} INFO - Processing /home/airflow/.local/lib/python3.8/site-packages/airflow/example_dags/example_branch_day_of_week_operator.py took 0.527 seconds
[2024-04-04T18:17:02.812+0000] {processor.py:161} INFO - Started process (PID=46672) to work on /home/airflow/.local/lib/python3.8/site-packages/airflow/example_dags/example_branch_day_of_week_operator.py
[2024-04-04T18:17:02.817+0000] {processor.py:830} INFO - Processing file /home/airflow/.local/lib/python3.8/site-packages/airflow/example_dags/example_branch_day_of_week_operator.py for tasks to queue
[2024-04-04T18:17:02.824+0000] {logging_mixin.py:188} INFO - [2024-04-04T18:17:02.822+0000] {dagbag.py:538} INFO - Filling up the DagBag from /home/airflow/.local/lib/python3.8/site-packages/airflow/example_dags/example_branch_day_of_week_operator.py
[2024-04-04T18:17:02.881+0000] {processor.py:840} INFO - DAG(s) 'example_weekday_branch_operator' retrieved from /home/airflow/.local/lib/python3.8/site-packages/airflow/example_dags/example_branch_day_of_week_operator.py
[2024-04-04T18:17:03.036+0000] {logging_mixin.py:188} INFO - [2024-04-04T18:17:03.035+0000] {dag.py:3036} INFO - Sync 1 DAGs
[2024-04-04T18:17:03.159+0000] {logging_mixin.py:188} INFO - [2024-04-04T18:17:03.157+0000] {dag.py:3823} INFO - Setting next_dagrun for example_weekday_branch_operator to 2024-04-03 00:00:00+00:00, run_after=2024-04-04 00:00:00+00:00
[2024-04-04T18:17:03.273+0000] {processor.py:183} INFO - Processing /home/airflow/.local/lib/python3.8/site-packages/airflow/example_dags/example_branch_day_of_week_operator.py took 0.480 seconds
[2024-04-04T18:17:34.881+0000] {processor.py:161} INFO - Started process (PID=46732) to work on /home/airflow/.local/lib/python3.8/site-packages/airflow/example_dags/example_branch_day_of_week_operator.py
[2024-04-04T18:17:34.888+0000] {processor.py:830} INFO - Processing file /home/airflow/.local/lib/python3.8/site-packages/airflow/example_dags/example_branch_day_of_week_operator.py for tasks to queue
[2024-04-04T18:17:34.905+0000] {logging_mixin.py:188} INFO - [2024-04-04T18:17:34.902+0000] {dagbag.py:538} INFO - Filling up the DagBag from /home/airflow/.local/lib/python3.8/site-packages/airflow/example_dags/example_branch_day_of_week_operator.py
[2024-04-04T18:17:34.977+0000] {processor.py:840} INFO - DAG(s) 'example_weekday_branch_operator' retrieved from /home/airflow/.local/lib/python3.8/site-packages/airflow/example_dags/example_branch_day_of_week_operator.py
[2024-04-04T18:17:35.189+0000] {logging_mixin.py:188} INFO - [2024-04-04T18:17:35.188+0000] {dag.py:3036} INFO - Sync 1 DAGs
[2024-04-04T18:17:35.396+0000] {logging_mixin.py:188} INFO - [2024-04-04T18:17:35.395+0000] {dag.py:3823} INFO - Setting next_dagrun for example_weekday_branch_operator to 2024-04-03 00:00:00+00:00, run_after=2024-04-04 00:00:00+00:00
[2024-04-04T18:17:35.651+0000] {processor.py:183} INFO - Processing /home/airflow/.local/lib/python3.8/site-packages/airflow/example_dags/example_branch_day_of_week_operator.py took 0.800 seconds
[2024-04-04T18:18:06.489+0000] {processor.py:161} INFO - Started process (PID=46792) to work on /home/airflow/.local/lib/python3.8/site-packages/airflow/example_dags/example_branch_day_of_week_operator.py
[2024-04-04T18:18:06.493+0000] {processor.py:830} INFO - Processing file /home/airflow/.local/lib/python3.8/site-packages/airflow/example_dags/example_branch_day_of_week_operator.py for tasks to queue
[2024-04-04T18:18:06.496+0000] {logging_mixin.py:188} INFO - [2024-04-04T18:18:06.495+0000] {dagbag.py:538} INFO - Filling up the DagBag from /home/airflow/.local/lib/python3.8/site-packages/airflow/example_dags/example_branch_day_of_week_operator.py
[2024-04-04T18:18:06.522+0000] {processor.py:840} INFO - DAG(s) 'example_weekday_branch_operator' retrieved from /home/airflow/.local/lib/python3.8/site-packages/airflow/example_dags/example_branch_day_of_week_operator.py
[2024-04-04T18:18:06.591+0000] {logging_mixin.py:188} INFO - [2024-04-04T18:18:06.590+0000] {dag.py:3036} INFO - Sync 1 DAGs
[2024-04-04T18:18:06.683+0000] {logging_mixin.py:188} INFO - [2024-04-04T18:18:06.682+0000] {dag.py:3823} INFO - Setting next_dagrun for example_weekday_branch_operator to 2024-04-03 00:00:00+00:00, run_after=2024-04-04 00:00:00+00:00
[2024-04-04T18:18:06.748+0000] {processor.py:183} INFO - Processing /home/airflow/.local/lib/python3.8/site-packages/airflow/example_dags/example_branch_day_of_week_operator.py took 0.271 seconds
[2024-04-04T18:18:37.144+0000] {processor.py:161} INFO - Started process (PID=46852) to work on /home/airflow/.local/lib/python3.8/site-packages/airflow/example_dags/example_branch_day_of_week_operator.py
[2024-04-04T18:18:37.147+0000] {processor.py:830} INFO - Processing file /home/airflow/.local/lib/python3.8/site-packages/airflow/example_dags/example_branch_day_of_week_operator.py for tasks to queue
[2024-04-04T18:18:37.150+0000] {logging_mixin.py:188} INFO - [2024-04-04T18:18:37.149+0000] {dagbag.py:538} INFO - Filling up the DagBag from /home/airflow/.local/lib/python3.8/site-packages/airflow/example_dags/example_branch_day_of_week_operator.py
[2024-04-04T18:18:37.168+0000] {processor.py:840} INFO - DAG(s) 'example_weekday_branch_operator' retrieved from /home/airflow/.local/lib/python3.8/site-packages/airflow/example_dags/example_branch_day_of_week_operator.py
[2024-04-04T18:18:37.216+0000] {logging_mixin.py:188} INFO - [2024-04-04T18:18:37.215+0000] {dag.py:3036} INFO - Sync 1 DAGs
[2024-04-04T18:18:37.264+0000] {logging_mixin.py:188} INFO - [2024-04-04T18:18:37.263+0000] {dag.py:3823} INFO - Setting next_dagrun for example_weekday_branch_operator to 2024-04-03 00:00:00+00:00, run_after=2024-04-04 00:00:00+00:00
[2024-04-04T18:18:37.316+0000] {processor.py:183} INFO - Processing /home/airflow/.local/lib/python3.8/site-packages/airflow/example_dags/example_branch_day_of_week_operator.py took 0.179 seconds
[2024-04-04T18:19:07.955+0000] {processor.py:161} INFO - Started process (PID=46912) to work on /home/airflow/.local/lib/python3.8/site-packages/airflow/example_dags/example_branch_day_of_week_operator.py
[2024-04-04T18:19:07.957+0000] {processor.py:830} INFO - Processing file /home/airflow/.local/lib/python3.8/site-packages/airflow/example_dags/example_branch_day_of_week_operator.py for tasks to queue
[2024-04-04T18:19:07.959+0000] {logging_mixin.py:188} INFO - [2024-04-04T18:19:07.959+0000] {dagbag.py:538} INFO - Filling up the DagBag from /home/airflow/.local/lib/python3.8/site-packages/airflow/example_dags/example_branch_day_of_week_operator.py
[2024-04-04T18:19:07.975+0000] {processor.py:840} INFO - DAG(s) 'example_weekday_branch_operator' retrieved from /home/airflow/.local/lib/python3.8/site-packages/airflow/example_dags/example_branch_day_of_week_operator.py
[2024-04-04T18:19:08.017+0000] {logging_mixin.py:188} INFO - [2024-04-04T18:19:08.016+0000] {dag.py:3036} INFO - Sync 1 DAGs
[2024-04-04T18:19:08.055+0000] {logging_mixin.py:188} INFO - [2024-04-04T18:19:08.055+0000] {dag.py:3823} INFO - Setting next_dagrun for example_weekday_branch_operator to 2024-04-03 00:00:00+00:00, run_after=2024-04-04 00:00:00+00:00
[2024-04-04T18:19:08.086+0000] {processor.py:183} INFO - Processing /home/airflow/.local/lib/python3.8/site-packages/airflow/example_dags/example_branch_day_of_week_operator.py took 0.138 seconds
[2024-04-04T18:19:38.950+0000] {processor.py:161} INFO - Started process (PID=46972) to work on /home/airflow/.local/lib/python3.8/site-packages/airflow/example_dags/example_branch_day_of_week_operator.py
[2024-04-04T18:19:38.954+0000] {processor.py:830} INFO - Processing file /home/airflow/.local/lib/python3.8/site-packages/airflow/example_dags/example_branch_day_of_week_operator.py for tasks to queue
[2024-04-04T18:19:38.957+0000] {logging_mixin.py:188} INFO - [2024-04-04T18:19:38.956+0000] {dagbag.py:538} INFO - Filling up the DagBag from /home/airflow/.local/lib/python3.8/site-packages/airflow/example_dags/example_branch_day_of_week_operator.py
[2024-04-04T18:19:38.984+0000] {processor.py:840} INFO - DAG(s) 'example_weekday_branch_operator' retrieved from /home/airflow/.local/lib/python3.8/site-packages/airflow/example_dags/example_branch_day_of_week_operator.py
[2024-04-04T18:19:39.056+0000] {logging_mixin.py:188} INFO - [2024-04-04T18:19:39.055+0000] {dag.py:3036} INFO - Sync 1 DAGs
[2024-04-04T18:19:39.125+0000] {logging_mixin.py:188} INFO - [2024-04-04T18:19:39.124+0000] {dag.py:3823} INFO - Setting next_dagrun for example_weekday_branch_operator to 2024-04-03 00:00:00+00:00, run_after=2024-04-04 00:00:00+00:00
[2024-04-04T18:19:39.194+0000] {processor.py:183} INFO - Processing /home/airflow/.local/lib/python3.8/site-packages/airflow/example_dags/example_branch_day_of_week_operator.py took 0.255 seconds
[2024-04-04T18:20:09.739+0000] {processor.py:161} INFO - Started process (PID=47032) to work on /home/airflow/.local/lib/python3.8/site-packages/airflow/example_dags/example_branch_day_of_week_operator.py
[2024-04-04T18:20:09.744+0000] {processor.py:830} INFO - Processing file /home/airflow/.local/lib/python3.8/site-packages/airflow/example_dags/example_branch_day_of_week_operator.py for tasks to queue
[2024-04-04T18:20:09.749+0000] {logging_mixin.py:188} INFO - [2024-04-04T18:20:09.747+0000] {dagbag.py:538} INFO - Filling up the DagBag from /home/airflow/.local/lib/python3.8/site-packages/airflow/example_dags/example_branch_day_of_week_operator.py
[2024-04-04T18:20:09.788+0000] {processor.py:840} INFO - DAG(s) 'example_weekday_branch_operator' retrieved from /home/airflow/.local/lib/python3.8/site-packages/airflow/example_dags/example_branch_day_of_week_operator.py
[2024-04-04T18:20:09.899+0000] {logging_mixin.py:188} INFO - [2024-04-04T18:20:09.898+0000] {dag.py:3036} INFO - Sync 1 DAGs
[2024-04-04T18:20:10.028+0000] {logging_mixin.py:188} INFO - [2024-04-04T18:20:10.026+0000] {dag.py:3823} INFO - Setting next_dagrun for example_weekday_branch_operator to 2024-04-03 00:00:00+00:00, run_after=2024-04-04 00:00:00+00:00
[2024-04-04T18:20:10.128+0000] {processor.py:183} INFO - Processing /home/airflow/.local/lib/python3.8/site-packages/airflow/example_dags/example_branch_day_of_week_operator.py took 0.406 seconds
[2024-04-04T18:20:40.211+0000] {processor.py:161} INFO - Started process (PID=47092) to work on /home/airflow/.local/lib/python3.8/site-packages/airflow/example_dags/example_branch_day_of_week_operator.py
[2024-04-04T18:20:40.213+0000] {processor.py:830} INFO - Processing file /home/airflow/.local/lib/python3.8/site-packages/airflow/example_dags/example_branch_day_of_week_operator.py for tasks to queue
[2024-04-04T18:20:40.215+0000] {logging_mixin.py:188} INFO - [2024-04-04T18:20:40.215+0000] {dagbag.py:538} INFO - Filling up the DagBag from /home/airflow/.local/lib/python3.8/site-packages/airflow/example_dags/example_branch_day_of_week_operator.py
[2024-04-04T18:20:40.227+0000] {processor.py:840} INFO - DAG(s) 'example_weekday_branch_operator' retrieved from /home/airflow/.local/lib/python3.8/site-packages/airflow/example_dags/example_branch_day_of_week_operator.py
[2024-04-04T18:20:40.262+0000] {logging_mixin.py:188} INFO - [2024-04-04T18:20:40.261+0000] {dag.py:3036} INFO - Sync 1 DAGs
[2024-04-04T18:20:40.296+0000] {logging_mixin.py:188} INFO - [2024-04-04T18:20:40.295+0000] {dag.py:3823} INFO - Setting next_dagrun for example_weekday_branch_operator to 2024-04-03 00:00:00+00:00, run_after=2024-04-04 00:00:00+00:00
[2024-04-04T18:20:40.336+0000] {processor.py:183} INFO - Processing /home/airflow/.local/lib/python3.8/site-packages/airflow/example_dags/example_branch_day_of_week_operator.py took 0.130 seconds
[2024-04-04T18:21:11.124+0000] {processor.py:161} INFO - Started process (PID=47152) to work on /home/airflow/.local/lib/python3.8/site-packages/airflow/example_dags/example_branch_day_of_week_operator.py
[2024-04-04T18:21:11.126+0000] {processor.py:830} INFO - Processing file /home/airflow/.local/lib/python3.8/site-packages/airflow/example_dags/example_branch_day_of_week_operator.py for tasks to queue
[2024-04-04T18:21:11.128+0000] {logging_mixin.py:188} INFO - [2024-04-04T18:21:11.127+0000] {dagbag.py:538} INFO - Filling up the DagBag from /home/airflow/.local/lib/python3.8/site-packages/airflow/example_dags/example_branch_day_of_week_operator.py
[2024-04-04T18:21:11.140+0000] {processor.py:840} INFO - DAG(s) 'example_weekday_branch_operator' retrieved from /home/airflow/.local/lib/python3.8/site-packages/airflow/example_dags/example_branch_day_of_week_operator.py
[2024-04-04T18:21:11.176+0000] {logging_mixin.py:188} INFO - [2024-04-04T18:21:11.176+0000] {dag.py:3036} INFO - Sync 1 DAGs
[2024-04-04T18:21:11.211+0000] {logging_mixin.py:188} INFO - [2024-04-04T18:21:11.210+0000] {dag.py:3823} INFO - Setting next_dagrun for example_weekday_branch_operator to 2024-04-03 00:00:00+00:00, run_after=2024-04-04 00:00:00+00:00
[2024-04-04T18:21:11.254+0000] {processor.py:183} INFO - Processing /home/airflow/.local/lib/python3.8/site-packages/airflow/example_dags/example_branch_day_of_week_operator.py took 0.137 seconds
[2024-04-04T18:21:42.063+0000] {processor.py:161} INFO - Started process (PID=47212) to work on /home/airflow/.local/lib/python3.8/site-packages/airflow/example_dags/example_branch_day_of_week_operator.py
[2024-04-04T18:21:42.077+0000] {processor.py:830} INFO - Processing file /home/airflow/.local/lib/python3.8/site-packages/airflow/example_dags/example_branch_day_of_week_operator.py for tasks to queue
[2024-04-04T18:21:42.089+0000] {logging_mixin.py:188} INFO - [2024-04-04T18:21:42.086+0000] {dagbag.py:538} INFO - Filling up the DagBag from /home/airflow/.local/lib/python3.8/site-packages/airflow/example_dags/example_branch_day_of_week_operator.py
[2024-04-04T18:21:42.206+0000] {processor.py:840} INFO - DAG(s) 'example_weekday_branch_operator' retrieved from /home/airflow/.local/lib/python3.8/site-packages/airflow/example_dags/example_branch_day_of_week_operator.py
[2024-04-04T18:21:42.452+0000] {logging_mixin.py:188} INFO - [2024-04-04T18:21:42.450+0000] {dag.py:3036} INFO - Sync 1 DAGs
[2024-04-04T18:21:42.853+0000] {logging_mixin.py:188} INFO - [2024-04-04T18:21:42.851+0000] {dag.py:3823} INFO - Setting next_dagrun for example_weekday_branch_operator to 2024-04-03 00:00:00+00:00, run_after=2024-04-04 00:00:00+00:00
[2024-04-04T18:21:43.099+0000] {processor.py:183} INFO - Processing /home/airflow/.local/lib/python3.8/site-packages/airflow/example_dags/example_branch_day_of_week_operator.py took 1.078 seconds
[2024-04-04T18:22:14.214+0000] {processor.py:161} INFO - Started process (PID=47272) to work on /home/airflow/.local/lib/python3.8/site-packages/airflow/example_dags/example_branch_day_of_week_operator.py
[2024-04-04T18:22:14.219+0000] {processor.py:830} INFO - Processing file /home/airflow/.local/lib/python3.8/site-packages/airflow/example_dags/example_branch_day_of_week_operator.py for tasks to queue
[2024-04-04T18:22:14.226+0000] {logging_mixin.py:188} INFO - [2024-04-04T18:22:14.224+0000] {dagbag.py:538} INFO - Filling up the DagBag from /home/airflow/.local/lib/python3.8/site-packages/airflow/example_dags/example_branch_day_of_week_operator.py
[2024-04-04T18:22:14.276+0000] {processor.py:840} INFO - DAG(s) 'example_weekday_branch_operator' retrieved from /home/airflow/.local/lib/python3.8/site-packages/airflow/example_dags/example_branch_day_of_week_operator.py
[2024-04-04T18:22:14.519+0000] {logging_mixin.py:188} INFO - [2024-04-04T18:22:14.502+0000] {dag.py:3036} INFO - Sync 1 DAGs
[2024-04-04T18:22:14.691+0000] {logging_mixin.py:188} INFO - [2024-04-04T18:22:14.690+0000] {dag.py:3823} INFO - Setting next_dagrun for example_weekday_branch_operator to 2024-04-03 00:00:00+00:00, run_after=2024-04-04 00:00:00+00:00
[2024-04-04T18:22:14.798+0000] {processor.py:183} INFO - Processing /home/airflow/.local/lib/python3.8/site-packages/airflow/example_dags/example_branch_day_of_week_operator.py took 0.604 seconds
[2024-04-04T18:22:45.065+0000] {processor.py:161} INFO - Started process (PID=47332) to work on /home/airflow/.local/lib/python3.8/site-packages/airflow/example_dags/example_branch_day_of_week_operator.py
[2024-04-04T18:22:45.070+0000] {processor.py:830} INFO - Processing file /home/airflow/.local/lib/python3.8/site-packages/airflow/example_dags/example_branch_day_of_week_operator.py for tasks to queue
[2024-04-04T18:22:45.077+0000] {logging_mixin.py:188} INFO - [2024-04-04T18:22:45.075+0000] {dagbag.py:538} INFO - Filling up the DagBag from /home/airflow/.local/lib/python3.8/site-packages/airflow/example_dags/example_branch_day_of_week_operator.py
[2024-04-04T18:22:45.117+0000] {processor.py:840} INFO - DAG(s) 'example_weekday_branch_operator' retrieved from /home/airflow/.local/lib/python3.8/site-packages/airflow/example_dags/example_branch_day_of_week_operator.py
[2024-04-04T18:22:45.220+0000] {logging_mixin.py:188} INFO - [2024-04-04T18:22:45.219+0000] {dag.py:3036} INFO - Sync 1 DAGs
[2024-04-04T18:22:45.311+0000] {logging_mixin.py:188} INFO - [2024-04-04T18:22:45.310+0000] {dag.py:3823} INFO - Setting next_dagrun for example_weekday_branch_operator to 2024-04-03 00:00:00+00:00, run_after=2024-04-04 00:00:00+00:00
[2024-04-04T18:22:45.387+0000] {processor.py:183} INFO - Processing /home/airflow/.local/lib/python3.8/site-packages/airflow/example_dags/example_branch_day_of_week_operator.py took 0.347 seconds
[2024-04-04T18:23:15.471+0000] {processor.py:161} INFO - Started process (PID=47391) to work on /home/airflow/.local/lib/python3.8/site-packages/airflow/example_dags/example_branch_day_of_week_operator.py
[2024-04-04T18:23:15.473+0000] {processor.py:830} INFO - Processing file /home/airflow/.local/lib/python3.8/site-packages/airflow/example_dags/example_branch_day_of_week_operator.py for tasks to queue
[2024-04-04T18:23:15.476+0000] {logging_mixin.py:188} INFO - [2024-04-04T18:23:15.476+0000] {dagbag.py:538} INFO - Filling up the DagBag from /home/airflow/.local/lib/python3.8/site-packages/airflow/example_dags/example_branch_day_of_week_operator.py
[2024-04-04T18:23:15.501+0000] {processor.py:840} INFO - DAG(s) 'example_weekday_branch_operator' retrieved from /home/airflow/.local/lib/python3.8/site-packages/airflow/example_dags/example_branch_day_of_week_operator.py
[2024-04-04T18:23:15.555+0000] {logging_mixin.py:188} INFO - [2024-04-04T18:23:15.555+0000] {dag.py:3036} INFO - Sync 1 DAGs
[2024-04-04T18:23:15.607+0000] {logging_mixin.py:188} INFO - [2024-04-04T18:23:15.607+0000] {dag.py:3823} INFO - Setting next_dagrun for example_weekday_branch_operator to 2024-04-03 00:00:00+00:00, run_after=2024-04-04 00:00:00+00:00
[2024-04-04T18:23:15.650+0000] {processor.py:183} INFO - Processing /home/airflow/.local/lib/python3.8/site-packages/airflow/example_dags/example_branch_day_of_week_operator.py took 0.188 seconds
[2024-04-04T18:23:45.985+0000] {processor.py:161} INFO - Started process (PID=47450) to work on /home/airflow/.local/lib/python3.8/site-packages/airflow/example_dags/example_branch_day_of_week_operator.py
[2024-04-04T18:23:45.990+0000] {processor.py:830} INFO - Processing file /home/airflow/.local/lib/python3.8/site-packages/airflow/example_dags/example_branch_day_of_week_operator.py for tasks to queue
[2024-04-04T18:23:45.997+0000] {logging_mixin.py:188} INFO - [2024-04-04T18:23:45.995+0000] {dagbag.py:538} INFO - Filling up the DagBag from /home/airflow/.local/lib/python3.8/site-packages/airflow/example_dags/example_branch_day_of_week_operator.py
[2024-04-04T18:23:46.044+0000] {processor.py:840} INFO - DAG(s) 'example_weekday_branch_operator' retrieved from /home/airflow/.local/lib/python3.8/site-packages/airflow/example_dags/example_branch_day_of_week_operator.py
[2024-04-04T18:23:46.138+0000] {logging_mixin.py:188} INFO - [2024-04-04T18:23:46.137+0000] {dag.py:3036} INFO - Sync 1 DAGs
[2024-04-04T18:23:46.245+0000] {logging_mixin.py:188} INFO - [2024-04-04T18:23:46.243+0000] {dag.py:3823} INFO - Setting next_dagrun for example_weekday_branch_operator to 2024-04-03 00:00:00+00:00, run_after=2024-04-04 00:00:00+00:00
[2024-04-04T18:23:46.322+0000] {processor.py:183} INFO - Processing /home/airflow/.local/lib/python3.8/site-packages/airflow/example_dags/example_branch_day_of_week_operator.py took 0.361 seconds
[2024-04-04T19:14:42.253+0000] {processor.py:161} INFO - Started process (PID=47499) to work on /home/airflow/.local/lib/python3.8/site-packages/airflow/example_dags/example_branch_day_of_week_operator.py
[2024-04-04T19:14:42.264+0000] {processor.py:830} INFO - Processing file /home/airflow/.local/lib/python3.8/site-packages/airflow/example_dags/example_branch_day_of_week_operator.py for tasks to queue
[2024-04-04T19:14:42.285+0000] {logging_mixin.py:188} INFO - [2024-04-04T19:14:42.282+0000] {dagbag.py:538} INFO - Filling up the DagBag from /home/airflow/.local/lib/python3.8/site-packages/airflow/example_dags/example_branch_day_of_week_operator.py
[2024-04-04T19:14:42.399+0000] {processor.py:840} INFO - DAG(s) 'example_weekday_branch_operator' retrieved from /home/airflow/.local/lib/python3.8/site-packages/airflow/example_dags/example_branch_day_of_week_operator.py
[2024-04-04T19:14:42.624+0000] {logging_mixin.py:188} INFO - [2024-04-04T19:14:42.622+0000] {dag.py:3036} INFO - Sync 1 DAGs
[2024-04-04T19:14:42.816+0000] {logging_mixin.py:188} INFO - [2024-04-04T19:14:42.815+0000] {dag.py:3823} INFO - Setting next_dagrun for example_weekday_branch_operator to 2024-04-03 00:00:00+00:00, run_after=2024-04-04 00:00:00+00:00
[2024-04-04T19:14:42.967+0000] {processor.py:183} INFO - Processing /home/airflow/.local/lib/python3.8/site-packages/airflow/example_dags/example_branch_day_of_week_operator.py took 0.746 seconds
[2024-04-04T19:15:13.672+0000] {processor.py:161} INFO - Started process (PID=47559) to work on /home/airflow/.local/lib/python3.8/site-packages/airflow/example_dags/example_branch_day_of_week_operator.py
[2024-04-04T19:15:13.677+0000] {processor.py:830} INFO - Processing file /home/airflow/.local/lib/python3.8/site-packages/airflow/example_dags/example_branch_day_of_week_operator.py for tasks to queue
[2024-04-04T19:15:13.685+0000] {logging_mixin.py:188} INFO - [2024-04-04T19:15:13.683+0000] {dagbag.py:538} INFO - Filling up the DagBag from /home/airflow/.local/lib/python3.8/site-packages/airflow/example_dags/example_branch_day_of_week_operator.py
[2024-04-04T19:15:13.742+0000] {processor.py:840} INFO - DAG(s) 'example_weekday_branch_operator' retrieved from /home/airflow/.local/lib/python3.8/site-packages/airflow/example_dags/example_branch_day_of_week_operator.py
[2024-04-04T19:15:13.868+0000] {logging_mixin.py:188} INFO - [2024-04-04T19:15:13.866+0000] {dag.py:3036} INFO - Sync 1 DAGs
[2024-04-04T19:15:14.001+0000] {logging_mixin.py:188} INFO - [2024-04-04T19:15:14.000+0000] {dag.py:3823} INFO - Setting next_dagrun for example_weekday_branch_operator to 2024-04-03 00:00:00+00:00, run_after=2024-04-04 00:00:00+00:00
[2024-04-04T19:15:14.103+0000] {processor.py:183} INFO - Processing /home/airflow/.local/lib/python3.8/site-packages/airflow/example_dags/example_branch_day_of_week_operator.py took 0.458 seconds
[2024-04-04T23:14:46.743+0000] {processor.py:161} INFO - Started process (PID=47657) to work on /home/airflow/.local/lib/python3.8/site-packages/airflow/example_dags/example_branch_day_of_week_operator.py
[2024-04-04T23:14:46.762+0000] {processor.py:830} INFO - Processing file /home/airflow/.local/lib/python3.8/site-packages/airflow/example_dags/example_branch_day_of_week_operator.py for tasks to queue
[2024-04-04T23:14:46.790+0000] {logging_mixin.py:188} INFO - [2024-04-04T23:14:46.786+0000] {dagbag.py:538} INFO - Filling up the DagBag from /home/airflow/.local/lib/python3.8/site-packages/airflow/example_dags/example_branch_day_of_week_operator.py
[2024-04-04T23:14:47.016+0000] {processor.py:840} INFO - DAG(s) 'example_weekday_branch_operator' retrieved from /home/airflow/.local/lib/python3.8/site-packages/airflow/example_dags/example_branch_day_of_week_operator.py
[2024-04-04T23:14:47.683+0000] {logging_mixin.py:188} INFO - [2024-04-04T23:14:47.681+0000] {dag.py:3036} INFO - Sync 1 DAGs
[2024-04-04T23:14:48.389+0000] {logging_mixin.py:188} INFO - [2024-04-04T23:14:48.376+0000] {dag.py:3823} INFO - Setting next_dagrun for example_weekday_branch_operator to 2024-04-03 00:00:00+00:00, run_after=2024-04-04 00:00:00+00:00
[2024-04-04T23:14:49.011+0000] {processor.py:183} INFO - Processing /home/airflow/.local/lib/python3.8/site-packages/airflow/example_dags/example_branch_day_of_week_operator.py took 2.341 seconds
[2024-04-04T23:15:37.050+0000] {processor.py:161} INFO - Started process (PID=47717) to work on /home/airflow/.local/lib/python3.8/site-packages/airflow/example_dags/example_branch_day_of_week_operator.py
[2024-04-04T23:15:37.058+0000] {processor.py:830} INFO - Processing file /home/airflow/.local/lib/python3.8/site-packages/airflow/example_dags/example_branch_day_of_week_operator.py for tasks to queue
[2024-04-04T23:15:37.072+0000] {logging_mixin.py:188} INFO - [2024-04-04T23:15:37.069+0000] {dagbag.py:538} INFO - Filling up the DagBag from /home/airflow/.local/lib/python3.8/site-packages/airflow/example_dags/example_branch_day_of_week_operator.py
[2024-04-04T23:15:37.144+0000] {processor.py:840} INFO - DAG(s) 'example_weekday_branch_operator' retrieved from /home/airflow/.local/lib/python3.8/site-packages/airflow/example_dags/example_branch_day_of_week_operator.py
[2024-04-04T23:15:37.316+0000] {logging_mixin.py:188} INFO - [2024-04-04T23:15:37.314+0000] {dag.py:3036} INFO - Sync 1 DAGs
[2024-04-04T23:15:37.594+0000] {logging_mixin.py:188} INFO - [2024-04-04T23:15:37.590+0000] {dag.py:3823} INFO - Setting next_dagrun for example_weekday_branch_operator to 2024-04-03 00:00:00+00:00, run_after=2024-04-04 00:00:00+00:00
[2024-04-04T23:15:37.767+0000] {processor.py:183} INFO - Processing /home/airflow/.local/lib/python3.8/site-packages/airflow/example_dags/example_branch_day_of_week_operator.py took 0.750 seconds
[2024-04-04T23:16:09.080+0000] {processor.py:161} INFO - Started process (PID=47777) to work on /home/airflow/.local/lib/python3.8/site-packages/airflow/example_dags/example_branch_day_of_week_operator.py
[2024-04-04T23:16:09.086+0000] {processor.py:830} INFO - Processing file /home/airflow/.local/lib/python3.8/site-packages/airflow/example_dags/example_branch_day_of_week_operator.py for tasks to queue
[2024-04-04T23:16:09.092+0000] {logging_mixin.py:188} INFO - [2024-04-04T23:16:09.090+0000] {dagbag.py:538} INFO - Filling up the DagBag from /home/airflow/.local/lib/python3.8/site-packages/airflow/example_dags/example_branch_day_of_week_operator.py
[2024-04-04T23:16:09.141+0000] {processor.py:840} INFO - DAG(s) 'example_weekday_branch_operator' retrieved from /home/airflow/.local/lib/python3.8/site-packages/airflow/example_dags/example_branch_day_of_week_operator.py
[2024-04-04T23:16:09.245+0000] {logging_mixin.py:188} INFO - [2024-04-04T23:16:09.243+0000] {dag.py:3036} INFO - Sync 1 DAGs
[2024-04-04T23:16:09.390+0000] {logging_mixin.py:188} INFO - [2024-04-04T23:16:09.389+0000] {dag.py:3823} INFO - Setting next_dagrun for example_weekday_branch_operator to 2024-04-03 00:00:00+00:00, run_after=2024-04-04 00:00:00+00:00
[2024-04-04T23:16:09.508+0000] {processor.py:183} INFO - Processing /home/airflow/.local/lib/python3.8/site-packages/airflow/example_dags/example_branch_day_of_week_operator.py took 0.446 seconds
[2024-04-04T23:16:40.679+0000] {processor.py:161} INFO - Started process (PID=47843) to work on /home/airflow/.local/lib/python3.8/site-packages/airflow/example_dags/example_branch_day_of_week_operator.py
[2024-04-04T23:16:40.684+0000] {processor.py:830} INFO - Processing file /home/airflow/.local/lib/python3.8/site-packages/airflow/example_dags/example_branch_day_of_week_operator.py for tasks to queue
[2024-04-04T23:16:40.690+0000] {logging_mixin.py:188} INFO - [2024-04-04T23:16:40.688+0000] {dagbag.py:538} INFO - Filling up the DagBag from /home/airflow/.local/lib/python3.8/site-packages/airflow/example_dags/example_branch_day_of_week_operator.py
[2024-04-04T23:16:40.736+0000] {processor.py:840} INFO - DAG(s) 'example_weekday_branch_operator' retrieved from /home/airflow/.local/lib/python3.8/site-packages/airflow/example_dags/example_branch_day_of_week_operator.py
[2024-04-04T23:16:41.310+0000] {logging_mixin.py:188} INFO - [2024-04-04T23:16:41.309+0000] {dag.py:3036} INFO - Sync 1 DAGs
[2024-04-04T23:16:41.409+0000] {logging_mixin.py:188} INFO - [2024-04-04T23:16:41.408+0000] {dag.py:3823} INFO - Setting next_dagrun for example_weekday_branch_operator to 2024-04-03 00:00:00+00:00, run_after=2024-04-04 00:00:00+00:00
[2024-04-04T23:16:41.486+0000] {processor.py:183} INFO - Processing /home/airflow/.local/lib/python3.8/site-packages/airflow/example_dags/example_branch_day_of_week_operator.py took 0.824 seconds
[2024-04-04T23:17:11.589+0000] {processor.py:161} INFO - Started process (PID=47903) to work on /home/airflow/.local/lib/python3.8/site-packages/airflow/example_dags/example_branch_day_of_week_operator.py
[2024-04-04T23:17:11.592+0000] {processor.py:830} INFO - Processing file /home/airflow/.local/lib/python3.8/site-packages/airflow/example_dags/example_branch_day_of_week_operator.py for tasks to queue
[2024-04-04T23:17:11.595+0000] {logging_mixin.py:188} INFO - [2024-04-04T23:17:11.594+0000] {dagbag.py:538} INFO - Filling up the DagBag from /home/airflow/.local/lib/python3.8/site-packages/airflow/example_dags/example_branch_day_of_week_operator.py
[2024-04-04T23:17:11.619+0000] {processor.py:840} INFO - DAG(s) 'example_weekday_branch_operator' retrieved from /home/airflow/.local/lib/python3.8/site-packages/airflow/example_dags/example_branch_day_of_week_operator.py
[2024-04-04T23:17:11.681+0000] {logging_mixin.py:188} INFO - [2024-04-04T23:17:11.680+0000] {dag.py:3036} INFO - Sync 1 DAGs
[2024-04-04T23:17:11.737+0000] {logging_mixin.py:188} INFO - [2024-04-04T23:17:11.737+0000] {dag.py:3823} INFO - Setting next_dagrun for example_weekday_branch_operator to 2024-04-03 00:00:00+00:00, run_after=2024-04-04 00:00:00+00:00
[2024-04-04T23:17:11.780+0000] {processor.py:183} INFO - Processing /home/airflow/.local/lib/python3.8/site-packages/airflow/example_dags/example_branch_day_of_week_operator.py took 0.201 seconds
[2024-04-04T23:17:42.483+0000] {processor.py:161} INFO - Started process (PID=47963) to work on /home/airflow/.local/lib/python3.8/site-packages/airflow/example_dags/example_branch_day_of_week_operator.py
[2024-04-04T23:17:42.490+0000] {processor.py:830} INFO - Processing file /home/airflow/.local/lib/python3.8/site-packages/airflow/example_dags/example_branch_day_of_week_operator.py for tasks to queue
[2024-04-04T23:17:42.499+0000] {logging_mixin.py:188} INFO - [2024-04-04T23:17:42.496+0000] {dagbag.py:538} INFO - Filling up the DagBag from /home/airflow/.local/lib/python3.8/site-packages/airflow/example_dags/example_branch_day_of_week_operator.py
[2024-04-04T23:17:42.557+0000] {processor.py:840} INFO - DAG(s) 'example_weekday_branch_operator' retrieved from /home/airflow/.local/lib/python3.8/site-packages/airflow/example_dags/example_branch_day_of_week_operator.py
[2024-04-04T23:17:42.707+0000] {logging_mixin.py:188} INFO - [2024-04-04T23:17:42.706+0000] {dag.py:3036} INFO - Sync 1 DAGs
[2024-04-04T23:17:42.868+0000] {logging_mixin.py:188} INFO - [2024-04-04T23:17:42.867+0000] {dag.py:3823} INFO - Setting next_dagrun for example_weekday_branch_operator to 2024-04-03 00:00:00+00:00, run_after=2024-04-04 00:00:00+00:00
[2024-04-04T23:17:42.965+0000] {processor.py:183} INFO - Processing /home/airflow/.local/lib/python3.8/site-packages/airflow/example_dags/example_branch_day_of_week_operator.py took 0.517 seconds
[2024-04-04T23:18:13.667+0000] {processor.py:161} INFO - Started process (PID=48023) to work on /home/airflow/.local/lib/python3.8/site-packages/airflow/example_dags/example_branch_day_of_week_operator.py
[2024-04-04T23:18:13.679+0000] {processor.py:830} INFO - Processing file /home/airflow/.local/lib/python3.8/site-packages/airflow/example_dags/example_branch_day_of_week_operator.py for tasks to queue
[2024-04-04T23:18:13.687+0000] {logging_mixin.py:188} INFO - [2024-04-04T23:18:13.686+0000] {dagbag.py:538} INFO - Filling up the DagBag from /home/airflow/.local/lib/python3.8/site-packages/airflow/example_dags/example_branch_day_of_week_operator.py
[2024-04-04T23:18:13.735+0000] {processor.py:840} INFO - DAG(s) 'example_weekday_branch_operator' retrieved from /home/airflow/.local/lib/python3.8/site-packages/airflow/example_dags/example_branch_day_of_week_operator.py
[2024-04-04T23:18:13.949+0000] {logging_mixin.py:188} INFO - [2024-04-04T23:18:13.947+0000] {dag.py:3036} INFO - Sync 1 DAGs
[2024-04-04T23:18:14.106+0000] {logging_mixin.py:188} INFO - [2024-04-04T23:18:14.105+0000] {dag.py:3823} INFO - Setting next_dagrun for example_weekday_branch_operator to 2024-04-03 00:00:00+00:00, run_after=2024-04-04 00:00:00+00:00
[2024-04-04T23:18:14.190+0000] {processor.py:183} INFO - Processing /home/airflow/.local/lib/python3.8/site-packages/airflow/example_dags/example_branch_day_of_week_operator.py took 0.542 seconds
[2024-04-04T23:18:45.012+0000] {processor.py:161} INFO - Started process (PID=48084) to work on /home/airflow/.local/lib/python3.8/site-packages/airflow/example_dags/example_branch_day_of_week_operator.py
[2024-04-04T23:18:45.015+0000] {processor.py:830} INFO - Processing file /home/airflow/.local/lib/python3.8/site-packages/airflow/example_dags/example_branch_day_of_week_operator.py for tasks to queue
[2024-04-04T23:18:45.017+0000] {logging_mixin.py:188} INFO - [2024-04-04T23:18:45.017+0000] {dagbag.py:538} INFO - Filling up the DagBag from /home/airflow/.local/lib/python3.8/site-packages/airflow/example_dags/example_branch_day_of_week_operator.py
[2024-04-04T23:18:45.038+0000] {processor.py:840} INFO - DAG(s) 'example_weekday_branch_operator' retrieved from /home/airflow/.local/lib/python3.8/site-packages/airflow/example_dags/example_branch_day_of_week_operator.py
[2024-04-04T23:18:45.095+0000] {logging_mixin.py:188} INFO - [2024-04-04T23:18:45.095+0000] {dag.py:3036} INFO - Sync 1 DAGs
[2024-04-04T23:18:45.151+0000] {logging_mixin.py:188} INFO - [2024-04-04T23:18:45.151+0000] {dag.py:3823} INFO - Setting next_dagrun for example_weekday_branch_operator to 2024-04-03 00:00:00+00:00, run_after=2024-04-04 00:00:00+00:00
[2024-04-04T23:18:45.207+0000] {processor.py:183} INFO - Processing /home/airflow/.local/lib/python3.8/site-packages/airflow/example_dags/example_branch_day_of_week_operator.py took 0.203 seconds
[2024-04-04T23:19:15.478+0000] {processor.py:161} INFO - Started process (PID=48144) to work on /home/airflow/.local/lib/python3.8/site-packages/airflow/example_dags/example_branch_day_of_week_operator.py
[2024-04-04T23:19:15.480+0000] {processor.py:830} INFO - Processing file /home/airflow/.local/lib/python3.8/site-packages/airflow/example_dags/example_branch_day_of_week_operator.py for tasks to queue
[2024-04-04T23:19:15.483+0000] {logging_mixin.py:188} INFO - [2024-04-04T23:19:15.482+0000] {dagbag.py:538} INFO - Filling up the DagBag from /home/airflow/.local/lib/python3.8/site-packages/airflow/example_dags/example_branch_day_of_week_operator.py
[2024-04-04T23:19:15.505+0000] {processor.py:840} INFO - DAG(s) 'example_weekday_branch_operator' retrieved from /home/airflow/.local/lib/python3.8/site-packages/airflow/example_dags/example_branch_day_of_week_operator.py
[2024-04-04T23:19:15.563+0000] {logging_mixin.py:188} INFO - [2024-04-04T23:19:15.562+0000] {dag.py:3036} INFO - Sync 1 DAGs
[2024-04-04T23:19:15.632+0000] {logging_mixin.py:188} INFO - [2024-04-04T23:19:15.632+0000] {dag.py:3823} INFO - Setting next_dagrun for example_weekday_branch_operator to 2024-04-03 00:00:00+00:00, run_after=2024-04-04 00:00:00+00:00
[2024-04-04T23:19:15.712+0000] {processor.py:183} INFO - Processing /home/airflow/.local/lib/python3.8/site-packages/airflow/example_dags/example_branch_day_of_week_operator.py took 0.245 seconds
[2024-04-04T23:19:46.354+0000] {processor.py:161} INFO - Started process (PID=48204) to work on /home/airflow/.local/lib/python3.8/site-packages/airflow/example_dags/example_branch_day_of_week_operator.py
[2024-04-04T23:19:46.359+0000] {processor.py:830} INFO - Processing file /home/airflow/.local/lib/python3.8/site-packages/airflow/example_dags/example_branch_day_of_week_operator.py for tasks to queue
[2024-04-04T23:19:46.364+0000] {logging_mixin.py:188} INFO - [2024-04-04T23:19:46.362+0000] {dagbag.py:538} INFO - Filling up the DagBag from /home/airflow/.local/lib/python3.8/site-packages/airflow/example_dags/example_branch_day_of_week_operator.py
[2024-04-04T23:19:46.407+0000] {processor.py:840} INFO - DAG(s) 'example_weekday_branch_operator' retrieved from /home/airflow/.local/lib/python3.8/site-packages/airflow/example_dags/example_branch_day_of_week_operator.py
[2024-04-04T23:19:46.575+0000] {logging_mixin.py:188} INFO - [2024-04-04T23:19:46.574+0000] {dag.py:3036} INFO - Sync 1 DAGs
[2024-04-04T23:19:46.683+0000] {logging_mixin.py:188} INFO - [2024-04-04T23:19:46.682+0000] {dag.py:3823} INFO - Setting next_dagrun for example_weekday_branch_operator to 2024-04-03 00:00:00+00:00, run_after=2024-04-04 00:00:00+00:00
[2024-04-04T23:19:46.790+0000] {processor.py:183} INFO - Processing /home/airflow/.local/lib/python3.8/site-packages/airflow/example_dags/example_branch_day_of_week_operator.py took 0.454 seconds
[2024-04-04T23:20:17.221+0000] {processor.py:161} INFO - Started process (PID=48264) to work on /home/airflow/.local/lib/python3.8/site-packages/airflow/example_dags/example_branch_day_of_week_operator.py
[2024-04-04T23:20:17.225+0000] {processor.py:830} INFO - Processing file /home/airflow/.local/lib/python3.8/site-packages/airflow/example_dags/example_branch_day_of_week_operator.py for tasks to queue
[2024-04-04T23:20:17.229+0000] {logging_mixin.py:188} INFO - [2024-04-04T23:20:17.228+0000] {dagbag.py:538} INFO - Filling up the DagBag from /home/airflow/.local/lib/python3.8/site-packages/airflow/example_dags/example_branch_day_of_week_operator.py
[2024-04-04T23:20:17.265+0000] {processor.py:840} INFO - DAG(s) 'example_weekday_branch_operator' retrieved from /home/airflow/.local/lib/python3.8/site-packages/airflow/example_dags/example_branch_day_of_week_operator.py
[2024-04-04T23:20:17.375+0000] {logging_mixin.py:188} INFO - [2024-04-04T23:20:17.373+0000] {dag.py:3036} INFO - Sync 1 DAGs
[2024-04-04T23:20:17.494+0000] {logging_mixin.py:188} INFO - [2024-04-04T23:20:17.493+0000] {dag.py:3823} INFO - Setting next_dagrun for example_weekday_branch_operator to 2024-04-03 00:00:00+00:00, run_after=2024-04-04 00:00:00+00:00
[2024-04-04T23:20:17.583+0000] {processor.py:183} INFO - Processing /home/airflow/.local/lib/python3.8/site-packages/airflow/example_dags/example_branch_day_of_week_operator.py took 0.377 seconds
[2024-04-04T23:20:47.862+0000] {processor.py:161} INFO - Started process (PID=48323) to work on /home/airflow/.local/lib/python3.8/site-packages/airflow/example_dags/example_branch_day_of_week_operator.py
[2024-04-04T23:20:47.865+0000] {processor.py:830} INFO - Processing file /home/airflow/.local/lib/python3.8/site-packages/airflow/example_dags/example_branch_day_of_week_operator.py for tasks to queue
[2024-04-04T23:20:47.867+0000] {logging_mixin.py:188} INFO - [2024-04-04T23:20:47.867+0000] {dagbag.py:538} INFO - Filling up the DagBag from /home/airflow/.local/lib/python3.8/site-packages/airflow/example_dags/example_branch_day_of_week_operator.py
[2024-04-04T23:20:47.886+0000] {processor.py:840} INFO - DAG(s) 'example_weekday_branch_operator' retrieved from /home/airflow/.local/lib/python3.8/site-packages/airflow/example_dags/example_branch_day_of_week_operator.py
[2024-04-04T23:20:47.936+0000] {logging_mixin.py:188} INFO - [2024-04-04T23:20:47.935+0000] {dag.py:3036} INFO - Sync 1 DAGs
[2024-04-04T23:20:47.984+0000] {logging_mixin.py:188} INFO - [2024-04-04T23:20:47.984+0000] {dag.py:3823} INFO - Setting next_dagrun for example_weekday_branch_operator to 2024-04-03 00:00:00+00:00, run_after=2024-04-04 00:00:00+00:00
[2024-04-04T23:20:48.022+0000] {processor.py:183} INFO - Processing /home/airflow/.local/lib/python3.8/site-packages/airflow/example_dags/example_branch_day_of_week_operator.py took 0.168 seconds
[2024-04-04T23:21:18.437+0000] {processor.py:161} INFO - Started process (PID=48383) to work on /home/airflow/.local/lib/python3.8/site-packages/airflow/example_dags/example_branch_day_of_week_operator.py
[2024-04-04T23:21:18.441+0000] {processor.py:830} INFO - Processing file /home/airflow/.local/lib/python3.8/site-packages/airflow/example_dags/example_branch_day_of_week_operator.py for tasks to queue
[2024-04-04T23:21:18.446+0000] {logging_mixin.py:188} INFO - [2024-04-04T23:21:18.445+0000] {dagbag.py:538} INFO - Filling up the DagBag from /home/airflow/.local/lib/python3.8/site-packages/airflow/example_dags/example_branch_day_of_week_operator.py
[2024-04-04T23:21:18.480+0000] {processor.py:840} INFO - DAG(s) 'example_weekday_branch_operator' retrieved from /home/airflow/.local/lib/python3.8/site-packages/airflow/example_dags/example_branch_day_of_week_operator.py
[2024-04-04T23:21:18.549+0000] {logging_mixin.py:188} INFO - [2024-04-04T23:21:18.549+0000] {dag.py:3036} INFO - Sync 1 DAGs
[2024-04-04T23:21:18.601+0000] {logging_mixin.py:188} INFO - [2024-04-04T23:21:18.600+0000] {dag.py:3823} INFO - Setting next_dagrun for example_weekday_branch_operator to 2024-04-03 00:00:00+00:00, run_after=2024-04-04 00:00:00+00:00
[2024-04-04T23:21:18.651+0000] {processor.py:183} INFO - Processing /home/airflow/.local/lib/python3.8/site-packages/airflow/example_dags/example_branch_day_of_week_operator.py took 0.226 seconds
[2024-04-04T23:21:49.309+0000] {processor.py:161} INFO - Started process (PID=48444) to work on /home/airflow/.local/lib/python3.8/site-packages/airflow/example_dags/example_branch_day_of_week_operator.py
[2024-04-04T23:21:49.315+0000] {processor.py:830} INFO - Processing file /home/airflow/.local/lib/python3.8/site-packages/airflow/example_dags/example_branch_day_of_week_operator.py for tasks to queue
[2024-04-04T23:21:49.320+0000] {logging_mixin.py:188} INFO - [2024-04-04T23:21:49.319+0000] {dagbag.py:538} INFO - Filling up the DagBag from /home/airflow/.local/lib/python3.8/site-packages/airflow/example_dags/example_branch_day_of_week_operator.py
[2024-04-04T23:21:49.356+0000] {processor.py:840} INFO - DAG(s) 'example_weekday_branch_operator' retrieved from /home/airflow/.local/lib/python3.8/site-packages/airflow/example_dags/example_branch_day_of_week_operator.py
[2024-04-04T23:21:49.461+0000] {logging_mixin.py:188} INFO - [2024-04-04T23:21:49.460+0000] {dag.py:3036} INFO - Sync 1 DAGs
[2024-04-04T23:21:49.582+0000] {logging_mixin.py:188} INFO - [2024-04-04T23:21:49.581+0000] {dag.py:3823} INFO - Setting next_dagrun for example_weekday_branch_operator to 2024-04-03 00:00:00+00:00, run_after=2024-04-04 00:00:00+00:00
[2024-04-04T23:21:49.691+0000] {processor.py:183} INFO - Processing /home/airflow/.local/lib/python3.8/site-packages/airflow/example_dags/example_branch_day_of_week_operator.py took 0.398 seconds
[2024-04-04T23:22:21.343+0000] {processor.py:161} INFO - Started process (PID=48504) to work on /home/airflow/.local/lib/python3.8/site-packages/airflow/example_dags/example_branch_day_of_week_operator.py
[2024-04-04T23:22:21.348+0000] {processor.py:830} INFO - Processing file /home/airflow/.local/lib/python3.8/site-packages/airflow/example_dags/example_branch_day_of_week_operator.py for tasks to queue
[2024-04-04T23:22:21.352+0000] {logging_mixin.py:188} INFO - [2024-04-04T23:22:21.351+0000] {dagbag.py:538} INFO - Filling up the DagBag from /home/airflow/.local/lib/python3.8/site-packages/airflow/example_dags/example_branch_day_of_week_operator.py
[2024-04-04T23:22:21.401+0000] {processor.py:840} INFO - DAG(s) 'example_weekday_branch_operator' retrieved from /home/airflow/.local/lib/python3.8/site-packages/airflow/example_dags/example_branch_day_of_week_operator.py
[2024-04-04T23:22:21.547+0000] {logging_mixin.py:188} INFO - [2024-04-04T23:22:21.546+0000] {dag.py:3036} INFO - Sync 1 DAGs
[2024-04-04T23:22:21.725+0000] {logging_mixin.py:188} INFO - [2024-04-04T23:22:21.723+0000] {dag.py:3823} INFO - Setting next_dagrun for example_weekday_branch_operator to 2024-04-03 00:00:00+00:00, run_after=2024-04-04 00:00:00+00:00
[2024-04-04T23:22:21.859+0000] {processor.py:183} INFO - Processing /home/airflow/.local/lib/python3.8/site-packages/airflow/example_dags/example_branch_day_of_week_operator.py took 0.538 seconds
[2024-04-04T23:22:52.083+0000] {processor.py:161} INFO - Started process (PID=48564) to work on /home/airflow/.local/lib/python3.8/site-packages/airflow/example_dags/example_branch_day_of_week_operator.py
[2024-04-04T23:22:52.086+0000] {processor.py:830} INFO - Processing file /home/airflow/.local/lib/python3.8/site-packages/airflow/example_dags/example_branch_day_of_week_operator.py for tasks to queue
[2024-04-04T23:22:52.089+0000] {logging_mixin.py:188} INFO - [2024-04-04T23:22:52.088+0000] {dagbag.py:538} INFO - Filling up the DagBag from /home/airflow/.local/lib/python3.8/site-packages/airflow/example_dags/example_branch_day_of_week_operator.py
[2024-04-04T23:22:52.114+0000] {processor.py:840} INFO - DAG(s) 'example_weekday_branch_operator' retrieved from /home/airflow/.local/lib/python3.8/site-packages/airflow/example_dags/example_branch_day_of_week_operator.py
[2024-04-04T23:22:52.176+0000] {logging_mixin.py:188} INFO - [2024-04-04T23:22:52.176+0000] {dag.py:3036} INFO - Sync 1 DAGs
[2024-04-04T23:22:52.239+0000] {logging_mixin.py:188} INFO - [2024-04-04T23:22:52.239+0000] {dag.py:3823} INFO - Setting next_dagrun for example_weekday_branch_operator to 2024-04-03 00:00:00+00:00, run_after=2024-04-04 00:00:00+00:00
[2024-04-04T23:22:52.289+0000] {processor.py:183} INFO - Processing /home/airflow/.local/lib/python3.8/site-packages/airflow/example_dags/example_branch_day_of_week_operator.py took 0.216 seconds
[2024-04-04T23:23:22.684+0000] {processor.py:161} INFO - Started process (PID=48624) to work on /home/airflow/.local/lib/python3.8/site-packages/airflow/example_dags/example_branch_day_of_week_operator.py
[2024-04-04T23:23:22.687+0000] {processor.py:830} INFO - Processing file /home/airflow/.local/lib/python3.8/site-packages/airflow/example_dags/example_branch_day_of_week_operator.py for tasks to queue
[2024-04-04T23:23:22.690+0000] {logging_mixin.py:188} INFO - [2024-04-04T23:23:22.689+0000] {dagbag.py:538} INFO - Filling up the DagBag from /home/airflow/.local/lib/python3.8/site-packages/airflow/example_dags/example_branch_day_of_week_operator.py
[2024-04-04T23:23:22.711+0000] {processor.py:840} INFO - DAG(s) 'example_weekday_branch_operator' retrieved from /home/airflow/.local/lib/python3.8/site-packages/airflow/example_dags/example_branch_day_of_week_operator.py
[2024-04-04T23:23:22.767+0000] {logging_mixin.py:188} INFO - [2024-04-04T23:23:22.767+0000] {dag.py:3036} INFO - Sync 1 DAGs
[2024-04-04T23:23:22.821+0000] {logging_mixin.py:188} INFO - [2024-04-04T23:23:22.820+0000] {dag.py:3823} INFO - Setting next_dagrun for example_weekday_branch_operator to 2024-04-03 00:00:00+00:00, run_after=2024-04-04 00:00:00+00:00
[2024-04-04T23:23:22.868+0000] {processor.py:183} INFO - Processing /home/airflow/.local/lib/python3.8/site-packages/airflow/example_dags/example_branch_day_of_week_operator.py took 0.193 seconds
[2024-04-04T23:23:53.739+0000] {processor.py:161} INFO - Started process (PID=48684) to work on /home/airflow/.local/lib/python3.8/site-packages/airflow/example_dags/example_branch_day_of_week_operator.py
[2024-04-04T23:23:53.745+0000] {processor.py:830} INFO - Processing file /home/airflow/.local/lib/python3.8/site-packages/airflow/example_dags/example_branch_day_of_week_operator.py for tasks to queue
[2024-04-04T23:23:53.751+0000] {logging_mixin.py:188} INFO - [2024-04-04T23:23:53.750+0000] {dagbag.py:538} INFO - Filling up the DagBag from /home/airflow/.local/lib/python3.8/site-packages/airflow/example_dags/example_branch_day_of_week_operator.py
[2024-04-04T23:23:53.779+0000] {processor.py:840} INFO - DAG(s) 'example_weekday_branch_operator' retrieved from /home/airflow/.local/lib/python3.8/site-packages/airflow/example_dags/example_branch_day_of_week_operator.py
[2024-04-04T23:23:53.886+0000] {logging_mixin.py:188} INFO - [2024-04-04T23:23:53.885+0000] {dag.py:3036} INFO - Sync 1 DAGs
[2024-04-04T23:23:53.974+0000] {logging_mixin.py:188} INFO - [2024-04-04T23:23:53.973+0000] {dag.py:3823} INFO - Setting next_dagrun for example_weekday_branch_operator to 2024-04-03 00:00:00+00:00, run_after=2024-04-04 00:00:00+00:00
[2024-04-04T23:23:54.023+0000] {processor.py:183} INFO - Processing /home/airflow/.local/lib/python3.8/site-packages/airflow/example_dags/example_branch_day_of_week_operator.py took 0.298 seconds
[2024-04-04T23:24:25.520+0000] {processor.py:161} INFO - Started process (PID=48744) to work on /home/airflow/.local/lib/python3.8/site-packages/airflow/example_dags/example_branch_day_of_week_operator.py
[2024-04-04T23:24:25.525+0000] {processor.py:830} INFO - Processing file /home/airflow/.local/lib/python3.8/site-packages/airflow/example_dags/example_branch_day_of_week_operator.py for tasks to queue
[2024-04-04T23:24:25.531+0000] {logging_mixin.py:188} INFO - [2024-04-04T23:24:25.529+0000] {dagbag.py:538} INFO - Filling up the DagBag from /home/airflow/.local/lib/python3.8/site-packages/airflow/example_dags/example_branch_day_of_week_operator.py
[2024-04-04T23:24:25.591+0000] {processor.py:840} INFO - DAG(s) 'example_weekday_branch_operator' retrieved from /home/airflow/.local/lib/python3.8/site-packages/airflow/example_dags/example_branch_day_of_week_operator.py
[2024-04-04T23:24:25.717+0000] {logging_mixin.py:188} INFO - [2024-04-04T23:24:25.716+0000] {dag.py:3036} INFO - Sync 1 DAGs
[2024-04-04T23:24:25.857+0000] {logging_mixin.py:188} INFO - [2024-04-04T23:24:25.856+0000] {dag.py:3823} INFO - Setting next_dagrun for example_weekday_branch_operator to 2024-04-03 00:00:00+00:00, run_after=2024-04-04 00:00:00+00:00
[2024-04-04T23:24:25.953+0000] {processor.py:183} INFO - Processing /home/airflow/.local/lib/python3.8/site-packages/airflow/example_dags/example_branch_day_of_week_operator.py took 0.453 seconds
[2024-04-04T23:24:56.200+0000] {processor.py:161} INFO - Started process (PID=48802) to work on /home/airflow/.local/lib/python3.8/site-packages/airflow/example_dags/example_branch_day_of_week_operator.py
[2024-04-04T23:24:56.204+0000] {processor.py:830} INFO - Processing file /home/airflow/.local/lib/python3.8/site-packages/airflow/example_dags/example_branch_day_of_week_operator.py for tasks to queue
[2024-04-04T23:24:56.209+0000] {logging_mixin.py:188} INFO - [2024-04-04T23:24:56.207+0000] {dagbag.py:538} INFO - Filling up the DagBag from /home/airflow/.local/lib/python3.8/site-packages/airflow/example_dags/example_branch_day_of_week_operator.py
[2024-04-04T23:24:56.250+0000] {processor.py:840} INFO - DAG(s) 'example_weekday_branch_operator' retrieved from /home/airflow/.local/lib/python3.8/site-packages/airflow/example_dags/example_branch_day_of_week_operator.py
[2024-04-04T23:24:56.341+0000] {logging_mixin.py:188} INFO - [2024-04-04T23:24:56.340+0000] {dag.py:3036} INFO - Sync 1 DAGs
[2024-04-04T23:24:56.444+0000] {logging_mixin.py:188} INFO - [2024-04-04T23:24:56.443+0000] {dag.py:3823} INFO - Setting next_dagrun for example_weekday_branch_operator to 2024-04-03 00:00:00+00:00, run_after=2024-04-04 00:00:00+00:00
[2024-04-04T23:24:56.553+0000] {processor.py:183} INFO - Processing /home/airflow/.local/lib/python3.8/site-packages/airflow/example_dags/example_branch_day_of_week_operator.py took 0.371 seconds
[2024-04-04T23:25:26.647+0000] {processor.py:161} INFO - Started process (PID=48862) to work on /home/airflow/.local/lib/python3.8/site-packages/airflow/example_dags/example_branch_day_of_week_operator.py
[2024-04-04T23:25:26.650+0000] {processor.py:830} INFO - Processing file /home/airflow/.local/lib/python3.8/site-packages/airflow/example_dags/example_branch_day_of_week_operator.py for tasks to queue
[2024-04-04T23:25:26.652+0000] {logging_mixin.py:188} INFO - [2024-04-04T23:25:26.652+0000] {dagbag.py:538} INFO - Filling up the DagBag from /home/airflow/.local/lib/python3.8/site-packages/airflow/example_dags/example_branch_day_of_week_operator.py
[2024-04-04T23:25:26.671+0000] {processor.py:840} INFO - DAG(s) 'example_weekday_branch_operator' retrieved from /home/airflow/.local/lib/python3.8/site-packages/airflow/example_dags/example_branch_day_of_week_operator.py
[2024-04-04T23:25:26.718+0000] {logging_mixin.py:188} INFO - [2024-04-04T23:25:26.718+0000] {dag.py:3036} INFO - Sync 1 DAGs
[2024-04-04T23:25:26.764+0000] {logging_mixin.py:188} INFO - [2024-04-04T23:25:26.764+0000] {dag.py:3823} INFO - Setting next_dagrun for example_weekday_branch_operator to 2024-04-03 00:00:00+00:00, run_after=2024-04-04 00:00:00+00:00
[2024-04-04T23:25:26.815+0000] {processor.py:183} INFO - Processing /home/airflow/.local/lib/python3.8/site-packages/airflow/example_dags/example_branch_day_of_week_operator.py took 0.176 seconds
[2024-04-04T23:25:57.194+0000] {processor.py:161} INFO - Started process (PID=48922) to work on /home/airflow/.local/lib/python3.8/site-packages/airflow/example_dags/example_branch_day_of_week_operator.py
[2024-04-04T23:25:57.197+0000] {processor.py:830} INFO - Processing file /home/airflow/.local/lib/python3.8/site-packages/airflow/example_dags/example_branch_day_of_week_operator.py for tasks to queue
[2024-04-04T23:25:57.200+0000] {logging_mixin.py:188} INFO - [2024-04-04T23:25:57.199+0000] {dagbag.py:538} INFO - Filling up the DagBag from /home/airflow/.local/lib/python3.8/site-packages/airflow/example_dags/example_branch_day_of_week_operator.py
[2024-04-04T23:25:57.227+0000] {processor.py:840} INFO - DAG(s) 'example_weekday_branch_operator' retrieved from /home/airflow/.local/lib/python3.8/site-packages/airflow/example_dags/example_branch_day_of_week_operator.py
[2024-04-04T23:25:57.294+0000] {logging_mixin.py:188} INFO - [2024-04-04T23:25:57.294+0000] {dag.py:3036} INFO - Sync 1 DAGs
[2024-04-04T23:25:57.357+0000] {logging_mixin.py:188} INFO - [2024-04-04T23:25:57.356+0000] {dag.py:3823} INFO - Setting next_dagrun for example_weekday_branch_operator to 2024-04-03 00:00:00+00:00, run_after=2024-04-04 00:00:00+00:00
[2024-04-04T23:25:57.408+0000] {processor.py:183} INFO - Processing /home/airflow/.local/lib/python3.8/site-packages/airflow/example_dags/example_branch_day_of_week_operator.py took 0.225 seconds
[2024-04-04T23:26:28.530+0000] {processor.py:161} INFO - Started process (PID=48982) to work on /home/airflow/.local/lib/python3.8/site-packages/airflow/example_dags/example_branch_day_of_week_operator.py
[2024-04-04T23:26:28.538+0000] {processor.py:830} INFO - Processing file /home/airflow/.local/lib/python3.8/site-packages/airflow/example_dags/example_branch_day_of_week_operator.py for tasks to queue
[2024-04-04T23:26:28.544+0000] {logging_mixin.py:188} INFO - [2024-04-04T23:26:28.542+0000] {dagbag.py:538} INFO - Filling up the DagBag from /home/airflow/.local/lib/python3.8/site-packages/airflow/example_dags/example_branch_day_of_week_operator.py
[2024-04-04T23:26:28.594+0000] {processor.py:840} INFO - DAG(s) 'example_weekday_branch_operator' retrieved from /home/airflow/.local/lib/python3.8/site-packages/airflow/example_dags/example_branch_day_of_week_operator.py
[2024-04-04T23:26:28.739+0000] {logging_mixin.py:188} INFO - [2024-04-04T23:26:28.738+0000] {dag.py:3036} INFO - Sync 1 DAGs
[2024-04-04T23:26:28.899+0000] {logging_mixin.py:188} INFO - [2024-04-04T23:26:28.897+0000] {dag.py:3823} INFO - Setting next_dagrun for example_weekday_branch_operator to 2024-04-03 00:00:00+00:00, run_after=2024-04-04 00:00:00+00:00
[2024-04-04T23:26:29.047+0000] {processor.py:183} INFO - Processing /home/airflow/.local/lib/python3.8/site-packages/airflow/example_dags/example_branch_day_of_week_operator.py took 0.536 seconds
[2024-04-04T23:27:00.254+0000] {processor.py:161} INFO - Started process (PID=49042) to work on /home/airflow/.local/lib/python3.8/site-packages/airflow/example_dags/example_branch_day_of_week_operator.py
[2024-04-04T23:27:00.265+0000] {processor.py:830} INFO - Processing file /home/airflow/.local/lib/python3.8/site-packages/airflow/example_dags/example_branch_day_of_week_operator.py for tasks to queue
[2024-04-04T23:27:00.285+0000] {logging_mixin.py:188} INFO - [2024-04-04T23:27:00.277+0000] {dagbag.py:538} INFO - Filling up the DagBag from /home/airflow/.local/lib/python3.8/site-packages/airflow/example_dags/example_branch_day_of_week_operator.py
[2024-04-04T23:27:00.369+0000] {processor.py:840} INFO - DAG(s) 'example_weekday_branch_operator' retrieved from /home/airflow/.local/lib/python3.8/site-packages/airflow/example_dags/example_branch_day_of_week_operator.py
[2024-04-04T23:27:00.570+0000] {logging_mixin.py:188} INFO - [2024-04-04T23:27:00.567+0000] {dag.py:3036} INFO - Sync 1 DAGs
[2024-04-04T23:27:00.788+0000] {logging_mixin.py:188} INFO - [2024-04-04T23:27:00.786+0000] {dag.py:3823} INFO - Setting next_dagrun for example_weekday_branch_operator to 2024-04-03 00:00:00+00:00, run_after=2024-04-04 00:00:00+00:00
[2024-04-04T23:27:00.953+0000] {processor.py:183} INFO - Processing /home/airflow/.local/lib/python3.8/site-packages/airflow/example_dags/example_branch_day_of_week_operator.py took 0.746 seconds
[2024-04-04T23:27:31.144+0000] {processor.py:161} INFO - Started process (PID=49103) to work on /home/airflow/.local/lib/python3.8/site-packages/airflow/example_dags/example_branch_day_of_week_operator.py
[2024-04-04T23:27:31.146+0000] {processor.py:830} INFO - Processing file /home/airflow/.local/lib/python3.8/site-packages/airflow/example_dags/example_branch_day_of_week_operator.py for tasks to queue
[2024-04-04T23:27:31.149+0000] {logging_mixin.py:188} INFO - [2024-04-04T23:27:31.148+0000] {dagbag.py:538} INFO - Filling up the DagBag from /home/airflow/.local/lib/python3.8/site-packages/airflow/example_dags/example_branch_day_of_week_operator.py
[2024-04-04T23:27:31.168+0000] {processor.py:840} INFO - DAG(s) 'example_weekday_branch_operator' retrieved from /home/airflow/.local/lib/python3.8/site-packages/airflow/example_dags/example_branch_day_of_week_operator.py
[2024-04-04T23:27:31.222+0000] {logging_mixin.py:188} INFO - [2024-04-04T23:27:31.221+0000] {dag.py:3036} INFO - Sync 1 DAGs
[2024-04-04T23:27:31.280+0000] {logging_mixin.py:188} INFO - [2024-04-04T23:27:31.279+0000] {dag.py:3823} INFO - Setting next_dagrun for example_weekday_branch_operator to 2024-04-03 00:00:00+00:00, run_after=2024-04-04 00:00:00+00:00
[2024-04-04T23:27:31.336+0000] {processor.py:183} INFO - Processing /home/airflow/.local/lib/python3.8/site-packages/airflow/example_dags/example_branch_day_of_week_operator.py took 0.200 seconds
[2024-04-04T23:28:01.731+0000] {processor.py:161} INFO - Started process (PID=49163) to work on /home/airflow/.local/lib/python3.8/site-packages/airflow/example_dags/example_branch_day_of_week_operator.py
[2024-04-04T23:28:01.734+0000] {processor.py:830} INFO - Processing file /home/airflow/.local/lib/python3.8/site-packages/airflow/example_dags/example_branch_day_of_week_operator.py for tasks to queue
[2024-04-04T23:28:01.736+0000] {logging_mixin.py:188} INFO - [2024-04-04T23:28:01.736+0000] {dagbag.py:538} INFO - Filling up the DagBag from /home/airflow/.local/lib/python3.8/site-packages/airflow/example_dags/example_branch_day_of_week_operator.py
[2024-04-04T23:28:01.757+0000] {processor.py:840} INFO - DAG(s) 'example_weekday_branch_operator' retrieved from /home/airflow/.local/lib/python3.8/site-packages/airflow/example_dags/example_branch_day_of_week_operator.py
[2024-04-04T23:28:01.812+0000] {logging_mixin.py:188} INFO - [2024-04-04T23:28:01.812+0000] {dag.py:3036} INFO - Sync 1 DAGs
[2024-04-04T23:28:01.865+0000] {logging_mixin.py:188} INFO - [2024-04-04T23:28:01.864+0000] {dag.py:3823} INFO - Setting next_dagrun for example_weekday_branch_operator to 2024-04-03 00:00:00+00:00, run_after=2024-04-04 00:00:00+00:00
[2024-04-04T23:28:01.917+0000] {processor.py:183} INFO - Processing /home/airflow/.local/lib/python3.8/site-packages/airflow/example_dags/example_branch_day_of_week_operator.py took 0.195 seconds
[2024-04-04T23:28:32.202+0000] {processor.py:161} INFO - Started process (PID=49223) to work on /home/airflow/.local/lib/python3.8/site-packages/airflow/example_dags/example_branch_day_of_week_operator.py
[2024-04-04T23:28:32.207+0000] {processor.py:830} INFO - Processing file /home/airflow/.local/lib/python3.8/site-packages/airflow/example_dags/example_branch_day_of_week_operator.py for tasks to queue
[2024-04-04T23:28:32.212+0000] {logging_mixin.py:188} INFO - [2024-04-04T23:28:32.211+0000] {dagbag.py:538} INFO - Filling up the DagBag from /home/airflow/.local/lib/python3.8/site-packages/airflow/example_dags/example_branch_day_of_week_operator.py
[2024-04-04T23:28:32.270+0000] {processor.py:840} INFO - DAG(s) 'example_weekday_branch_operator' retrieved from /home/airflow/.local/lib/python3.8/site-packages/airflow/example_dags/example_branch_day_of_week_operator.py
[2024-04-04T23:28:32.398+0000] {logging_mixin.py:188} INFO - [2024-04-04T23:28:32.397+0000] {dag.py:3036} INFO - Sync 1 DAGs
[2024-04-04T23:28:32.544+0000] {logging_mixin.py:188} INFO - [2024-04-04T23:28:32.543+0000] {dag.py:3823} INFO - Setting next_dagrun for example_weekday_branch_operator to 2024-04-03 00:00:00+00:00, run_after=2024-04-04 00:00:00+00:00
[2024-04-04T23:28:32.668+0000] {processor.py:183} INFO - Processing /home/airflow/.local/lib/python3.8/site-packages/airflow/example_dags/example_branch_day_of_week_operator.py took 0.484 seconds
[2024-04-04T23:29:03.136+0000] {processor.py:161} INFO - Started process (PID=49283) to work on /home/airflow/.local/lib/python3.8/site-packages/airflow/example_dags/example_branch_day_of_week_operator.py
[2024-04-04T23:29:03.142+0000] {processor.py:830} INFO - Processing file /home/airflow/.local/lib/python3.8/site-packages/airflow/example_dags/example_branch_day_of_week_operator.py for tasks to queue
[2024-04-04T23:29:03.149+0000] {logging_mixin.py:188} INFO - [2024-04-04T23:29:03.147+0000] {dagbag.py:538} INFO - Filling up the DagBag from /home/airflow/.local/lib/python3.8/site-packages/airflow/example_dags/example_branch_day_of_week_operator.py
[2024-04-04T23:29:03.210+0000] {processor.py:840} INFO - DAG(s) 'example_weekday_branch_operator' retrieved from /home/airflow/.local/lib/python3.8/site-packages/airflow/example_dags/example_branch_day_of_week_operator.py
[2024-04-04T23:29:03.360+0000] {logging_mixin.py:188} INFO - [2024-04-04T23:29:03.358+0000] {dag.py:3036} INFO - Sync 1 DAGs
[2024-04-04T23:29:03.513+0000] {logging_mixin.py:188} INFO - [2024-04-04T23:29:03.512+0000] {dag.py:3823} INFO - Setting next_dagrun for example_weekday_branch_operator to 2024-04-03 00:00:00+00:00, run_after=2024-04-04 00:00:00+00:00
[2024-04-04T23:29:03.623+0000] {processor.py:183} INFO - Processing /home/airflow/.local/lib/python3.8/site-packages/airflow/example_dags/example_branch_day_of_week_operator.py took 0.509 seconds
[2024-04-04T23:29:34.178+0000] {processor.py:161} INFO - Started process (PID=49343) to work on /home/airflow/.local/lib/python3.8/site-packages/airflow/example_dags/example_branch_day_of_week_operator.py
[2024-04-04T23:29:34.181+0000] {processor.py:830} INFO - Processing file /home/airflow/.local/lib/python3.8/site-packages/airflow/example_dags/example_branch_day_of_week_operator.py for tasks to queue
[2024-04-04T23:29:34.184+0000] {logging_mixin.py:188} INFO - [2024-04-04T23:29:34.183+0000] {dagbag.py:538} INFO - Filling up the DagBag from /home/airflow/.local/lib/python3.8/site-packages/airflow/example_dags/example_branch_day_of_week_operator.py
[2024-04-04T23:29:34.212+0000] {processor.py:840} INFO - DAG(s) 'example_weekday_branch_operator' retrieved from /home/airflow/.local/lib/python3.8/site-packages/airflow/example_dags/example_branch_day_of_week_operator.py
[2024-04-04T23:29:34.285+0000] {logging_mixin.py:188} INFO - [2024-04-04T23:29:34.284+0000] {dag.py:3036} INFO - Sync 1 DAGs
[2024-04-04T23:29:34.356+0000] {logging_mixin.py:188} INFO - [2024-04-04T23:29:34.355+0000] {dag.py:3823} INFO - Setting next_dagrun for example_weekday_branch_operator to 2024-04-03 00:00:00+00:00, run_after=2024-04-04 00:00:00+00:00
[2024-04-04T23:29:34.411+0000] {processor.py:183} INFO - Processing /home/airflow/.local/lib/python3.8/site-packages/airflow/example_dags/example_branch_day_of_week_operator.py took 0.245 seconds
[2024-04-04T23:30:04.695+0000] {processor.py:161} INFO - Started process (PID=49403) to work on /home/airflow/.local/lib/python3.8/site-packages/airflow/example_dags/example_branch_day_of_week_operator.py
[2024-04-04T23:30:04.698+0000] {processor.py:830} INFO - Processing file /home/airflow/.local/lib/python3.8/site-packages/airflow/example_dags/example_branch_day_of_week_operator.py for tasks to queue
[2024-04-04T23:30:04.701+0000] {logging_mixin.py:188} INFO - [2024-04-04T23:30:04.701+0000] {dagbag.py:538} INFO - Filling up the DagBag from /home/airflow/.local/lib/python3.8/site-packages/airflow/example_dags/example_branch_day_of_week_operator.py
[2024-04-04T23:30:04.725+0000] {processor.py:840} INFO - DAG(s) 'example_weekday_branch_operator' retrieved from /home/airflow/.local/lib/python3.8/site-packages/airflow/example_dags/example_branch_day_of_week_operator.py
[2024-04-04T23:30:04.787+0000] {logging_mixin.py:188} INFO - [2024-04-04T23:30:04.787+0000] {dag.py:3036} INFO - Sync 1 DAGs
[2024-04-04T23:30:04.846+0000] {logging_mixin.py:188} INFO - [2024-04-04T23:30:04.846+0000] {dag.py:3823} INFO - Setting next_dagrun for example_weekday_branch_operator to 2024-04-03 00:00:00+00:00, run_after=2024-04-04 00:00:00+00:00
[2024-04-04T23:30:04.897+0000] {processor.py:183} INFO - Processing /home/airflow/.local/lib/python3.8/site-packages/airflow/example_dags/example_branch_day_of_week_operator.py took 0.212 seconds
[2024-04-04T23:30:41.748+0000] {processor.py:161} INFO - Started process (PID=49463) to work on /home/airflow/.local/lib/python3.8/site-packages/airflow/example_dags/example_branch_day_of_week_operator.py
[2024-04-04T23:30:41.753+0000] {processor.py:830} INFO - Processing file /home/airflow/.local/lib/python3.8/site-packages/airflow/example_dags/example_branch_day_of_week_operator.py for tasks to queue
[2024-04-04T23:30:41.757+0000] {logging_mixin.py:188} INFO - [2024-04-04T23:30:41.756+0000] {dagbag.py:538} INFO - Filling up the DagBag from /home/airflow/.local/lib/python3.8/site-packages/airflow/example_dags/example_branch_day_of_week_operator.py
[2024-04-04T23:30:41.794+0000] {processor.py:840} INFO - DAG(s) 'example_weekday_branch_operator' retrieved from /home/airflow/.local/lib/python3.8/site-packages/airflow/example_dags/example_branch_day_of_week_operator.py
[2024-04-04T23:30:41.892+0000] {logging_mixin.py:188} INFO - [2024-04-04T23:30:41.891+0000] {dag.py:3036} INFO - Sync 1 DAGs
[2024-04-04T23:30:41.993+0000] {logging_mixin.py:188} INFO - [2024-04-04T23:30:41.992+0000] {dag.py:3823} INFO - Setting next_dagrun for example_weekday_branch_operator to 2024-04-03 00:00:00+00:00, run_after=2024-04-04 00:00:00+00:00
[2024-04-04T23:30:42.097+0000] {processor.py:183} INFO - Processing /home/airflow/.local/lib/python3.8/site-packages/airflow/example_dags/example_branch_day_of_week_operator.py took 0.365 seconds
[2024-04-04T23:31:12.893+0000] {processor.py:161} INFO - Started process (PID=49524) to work on /home/airflow/.local/lib/python3.8/site-packages/airflow/example_dags/example_branch_day_of_week_operator.py
[2024-04-04T23:31:12.903+0000] {processor.py:830} INFO - Processing file /home/airflow/.local/lib/python3.8/site-packages/airflow/example_dags/example_branch_day_of_week_operator.py for tasks to queue
[2024-04-04T23:31:12.912+0000] {logging_mixin.py:188} INFO - [2024-04-04T23:31:12.910+0000] {dagbag.py:538} INFO - Filling up the DagBag from /home/airflow/.local/lib/python3.8/site-packages/airflow/example_dags/example_branch_day_of_week_operator.py
[2024-04-04T23:31:13.021+0000] {processor.py:840} INFO - DAG(s) 'example_weekday_branch_operator' retrieved from /home/airflow/.local/lib/python3.8/site-packages/airflow/example_dags/example_branch_day_of_week_operator.py
[2024-04-04T23:31:13.249+0000] {logging_mixin.py:188} INFO - [2024-04-04T23:31:13.248+0000] {dag.py:3036} INFO - Sync 1 DAGs
[2024-04-04T23:31:13.359+0000] {logging_mixin.py:188} INFO - [2024-04-04T23:31:13.358+0000] {dag.py:3823} INFO - Setting next_dagrun for example_weekday_branch_operator to 2024-04-03 00:00:00+00:00, run_after=2024-04-04 00:00:00+00:00
[2024-04-04T23:31:13.446+0000] {processor.py:183} INFO - Processing /home/airflow/.local/lib/python3.8/site-packages/airflow/example_dags/example_branch_day_of_week_operator.py took 0.586 seconds
[2024-04-04T23:31:44.555+0000] {processor.py:161} INFO - Started process (PID=49589) to work on /home/airflow/.local/lib/python3.8/site-packages/airflow/example_dags/example_branch_day_of_week_operator.py
[2024-04-04T23:31:44.564+0000] {processor.py:830} INFO - Processing file /home/airflow/.local/lib/python3.8/site-packages/airflow/example_dags/example_branch_day_of_week_operator.py for tasks to queue
[2024-04-04T23:31:44.576+0000] {logging_mixin.py:188} INFO - [2024-04-04T23:31:44.574+0000] {dagbag.py:538} INFO - Filling up the DagBag from /home/airflow/.local/lib/python3.8/site-packages/airflow/example_dags/example_branch_day_of_week_operator.py
[2024-04-04T23:31:44.681+0000] {processor.py:840} INFO - DAG(s) 'example_weekday_branch_operator' retrieved from /home/airflow/.local/lib/python3.8/site-packages/airflow/example_dags/example_branch_day_of_week_operator.py
[2024-04-04T23:31:44.913+0000] {logging_mixin.py:188} INFO - [2024-04-04T23:31:44.911+0000] {dag.py:3036} INFO - Sync 1 DAGs
[2024-04-04T23:31:45.477+0000] {logging_mixin.py:188} INFO - [2024-04-04T23:31:45.471+0000] {dag.py:3823} INFO - Setting next_dagrun for example_weekday_branch_operator to 2024-04-03 00:00:00+00:00, run_after=2024-04-04 00:00:00+00:00
[2024-04-04T23:31:45.700+0000] {processor.py:183} INFO - Processing /home/airflow/.local/lib/python3.8/site-packages/airflow/example_dags/example_branch_day_of_week_operator.py took 1.199 seconds
