[2024-04-04T20:01:46.773+0000] {processor.py:161} INFO - Started process (PID=43433) to work on /home/airflow/.local/lib/python3.8/site-packages/airflow/example_dags/example_branch_operator_decorator.py
[2024-04-04T20:01:46.788+0000] {processor.py:830} INFO - Processing file /home/airflow/.local/lib/python3.8/site-packages/airflow/example_dags/example_branch_operator_decorator.py for tasks to queue
[2024-04-04T20:01:46.790+0000] {logging_mixin.py:188} INFO - [2024-04-04T20:01:46.790+0000] {dagbag.py:538} INFO - Filling up the DagBag from /home/airflow/.local/lib/python3.8/site-packages/airflow/example_dags/example_branch_operator_decorator.py
[2024-04-04T20:01:46.973+0000] {processor.py:840} INFO - DAG(s) 'example_branch_python_operator_decorator' retrieved from /home/airflow/.local/lib/python3.8/site-packages/airflow/example_dags/example_branch_operator_decorator.py
[2024-04-04T20:01:47.185+0000] {logging_mixin.py:188} INFO - [2024-04-04T20:01:47.184+0000] {dag.py:3036} INFO - Sync 1 DAGs
[2024-04-04T20:01:47.355+0000] {logging_mixin.py:188} INFO - [2024-04-04T20:01:47.354+0000] {dag.py:3823} INFO - Setting next_dagrun for example_branch_python_operator_decorator to 2024-04-03 00:00:00+00:00, run_after=2024-04-04 00:00:00+00:00
[2024-04-04T20:01:47.578+0000] {processor.py:183} INFO - Processing /home/airflow/.local/lib/python3.8/site-packages/airflow/example_dags/example_branch_operator_decorator.py took 0.823 seconds
[2024-04-04T15:01:18.196+0000] {processor.py:161} INFO - Started process (PID=46104) to work on /home/airflow/.local/lib/python3.8/site-packages/airflow/example_dags/example_branch_operator_decorator.py
[2024-04-04T15:01:18.198+0000] {processor.py:830} INFO - Processing file /home/airflow/.local/lib/python3.8/site-packages/airflow/example_dags/example_branch_operator_decorator.py for tasks to queue
[2024-04-04T15:01:18.200+0000] {logging_mixin.py:188} INFO - [2024-04-04T15:01:18.200+0000] {dagbag.py:538} INFO - Filling up the DagBag from /home/airflow/.local/lib/python3.8/site-packages/airflow/example_dags/example_branch_operator_decorator.py
[2024-04-04T15:01:18.246+0000] {processor.py:840} INFO - DAG(s) 'example_branch_python_operator_decorator' retrieved from /home/airflow/.local/lib/python3.8/site-packages/airflow/example_dags/example_branch_operator_decorator.py
[2024-04-04T15:01:18.317+0000] {logging_mixin.py:188} INFO - [2024-04-04T15:01:18.316+0000] {dag.py:3036} INFO - Sync 1 DAGs
[2024-04-04T15:01:18.388+0000] {logging_mixin.py:188} INFO - [2024-04-04T15:01:18.387+0000] {dag.py:3823} INFO - Setting next_dagrun for example_branch_python_operator_decorator to 2024-04-03 00:00:00+00:00, run_after=2024-04-04 00:00:00+00:00
[2024-04-04T15:01:18.429+0000] {processor.py:183} INFO - Processing /home/airflow/.local/lib/python3.8/site-packages/airflow/example_dags/example_branch_operator_decorator.py took 0.237 seconds
[2024-04-04T18:12:32.465+0000] {processor.py:161} INFO - Started process (PID=46164) to work on /home/airflow/.local/lib/python3.8/site-packages/airflow/example_dags/example_branch_operator_decorator.py
[2024-04-04T18:12:32.466+0000] {processor.py:830} INFO - Processing file /home/airflow/.local/lib/python3.8/site-packages/airflow/example_dags/example_branch_operator_decorator.py for tasks to queue
[2024-04-04T18:12:32.468+0000] {logging_mixin.py:188} INFO - [2024-04-04T18:12:32.468+0000] {dagbag.py:538} INFO - Filling up the DagBag from /home/airflow/.local/lib/python3.8/site-packages/airflow/example_dags/example_branch_operator_decorator.py
[2024-04-04T18:12:32.534+0000] {processor.py:840} INFO - DAG(s) 'example_branch_python_operator_decorator' retrieved from /home/airflow/.local/lib/python3.8/site-packages/airflow/example_dags/example_branch_operator_decorator.py
[2024-04-04T18:12:32.606+0000] {logging_mixin.py:188} INFO - [2024-04-04T18:12:32.605+0000] {dag.py:3036} INFO - Sync 1 DAGs
[2024-04-04T18:12:32.673+0000] {logging_mixin.py:188} INFO - [2024-04-04T18:12:32.672+0000] {dag.py:3823} INFO - Setting next_dagrun for example_branch_python_operator_decorator to 2024-04-03 00:00:00+00:00, run_after=2024-04-04 00:00:00+00:00
[2024-04-04T18:12:32.716+0000] {processor.py:183} INFO - Processing /home/airflow/.local/lib/python3.8/site-packages/airflow/example_dags/example_branch_operator_decorator.py took 0.258 seconds
[2024-04-04T18:13:03.056+0000] {processor.py:161} INFO - Started process (PID=46224) to work on /home/airflow/.local/lib/python3.8/site-packages/airflow/example_dags/example_branch_operator_decorator.py
[2024-04-04T18:13:03.058+0000] {processor.py:830} INFO - Processing file /home/airflow/.local/lib/python3.8/site-packages/airflow/example_dags/example_branch_operator_decorator.py for tasks to queue
[2024-04-04T18:13:03.059+0000] {logging_mixin.py:188} INFO - [2024-04-04T18:13:03.059+0000] {dagbag.py:538} INFO - Filling up the DagBag from /home/airflow/.local/lib/python3.8/site-packages/airflow/example_dags/example_branch_operator_decorator.py
[2024-04-04T18:13:03.098+0000] {processor.py:840} INFO - DAG(s) 'example_branch_python_operator_decorator' retrieved from /home/airflow/.local/lib/python3.8/site-packages/airflow/example_dags/example_branch_operator_decorator.py
[2024-04-04T18:13:03.160+0000] {logging_mixin.py:188} INFO - [2024-04-04T18:13:03.160+0000] {dag.py:3036} INFO - Sync 1 DAGs
[2024-04-04T18:13:03.205+0000] {logging_mixin.py:188} INFO - [2024-04-04T18:13:03.204+0000] {dag.py:3823} INFO - Setting next_dagrun for example_branch_python_operator_decorator to 2024-04-03 00:00:00+00:00, run_after=2024-04-04 00:00:00+00:00
[2024-04-04T18:13:03.286+0000] {processor.py:183} INFO - Processing /home/airflow/.local/lib/python3.8/site-packages/airflow/example_dags/example_branch_operator_decorator.py took 0.235 seconds
[2024-04-04T18:13:33.964+0000] {processor.py:161} INFO - Started process (PID=46284) to work on /home/airflow/.local/lib/python3.8/site-packages/airflow/example_dags/example_branch_operator_decorator.py
[2024-04-04T18:13:33.976+0000] {processor.py:830} INFO - Processing file /home/airflow/.local/lib/python3.8/site-packages/airflow/example_dags/example_branch_operator_decorator.py for tasks to queue
[2024-04-04T18:13:33.978+0000] {logging_mixin.py:188} INFO - [2024-04-04T18:13:33.978+0000] {dagbag.py:538} INFO - Filling up the DagBag from /home/airflow/.local/lib/python3.8/site-packages/airflow/example_dags/example_branch_operator_decorator.py
[2024-04-04T18:13:34.063+0000] {processor.py:840} INFO - DAG(s) 'example_branch_python_operator_decorator' retrieved from /home/airflow/.local/lib/python3.8/site-packages/airflow/example_dags/example_branch_operator_decorator.py
[2024-04-04T18:13:34.144+0000] {logging_mixin.py:188} INFO - [2024-04-04T18:13:34.143+0000] {dag.py:3036} INFO - Sync 1 DAGs
[2024-04-04T18:13:34.200+0000] {logging_mixin.py:188} INFO - [2024-04-04T18:13:34.200+0000] {dag.py:3823} INFO - Setting next_dagrun for example_branch_python_operator_decorator to 2024-04-03 00:00:00+00:00, run_after=2024-04-04 00:00:00+00:00
[2024-04-04T18:13:34.273+0000] {processor.py:183} INFO - Processing /home/airflow/.local/lib/python3.8/site-packages/airflow/example_dags/example_branch_operator_decorator.py took 0.316 seconds
[2024-04-04T18:14:05.281+0000] {processor.py:161} INFO - Started process (PID=46344) to work on /home/airflow/.local/lib/python3.8/site-packages/airflow/example_dags/example_branch_operator_decorator.py
[2024-04-04T18:14:05.282+0000] {processor.py:830} INFO - Processing file /home/airflow/.local/lib/python3.8/site-packages/airflow/example_dags/example_branch_operator_decorator.py for tasks to queue
[2024-04-04T18:14:05.284+0000] {logging_mixin.py:188} INFO - [2024-04-04T18:14:05.284+0000] {dagbag.py:538} INFO - Filling up the DagBag from /home/airflow/.local/lib/python3.8/site-packages/airflow/example_dags/example_branch_operator_decorator.py
[2024-04-04T18:14:05.326+0000] {processor.py:840} INFO - DAG(s) 'example_branch_python_operator_decorator' retrieved from /home/airflow/.local/lib/python3.8/site-packages/airflow/example_dags/example_branch_operator_decorator.py
[2024-04-04T18:14:05.373+0000] {logging_mixin.py:188} INFO - [2024-04-04T18:14:05.373+0000] {dag.py:3036} INFO - Sync 1 DAGs
[2024-04-04T18:14:05.404+0000] {logging_mixin.py:188} INFO - [2024-04-04T18:14:05.404+0000] {dag.py:3823} INFO - Setting next_dagrun for example_branch_python_operator_decorator to 2024-04-03 00:00:00+00:00, run_after=2024-04-04 00:00:00+00:00
[2024-04-04T18:14:05.430+0000] {processor.py:183} INFO - Processing /home/airflow/.local/lib/python3.8/site-packages/airflow/example_dags/example_branch_operator_decorator.py took 0.153 seconds
[2024-04-04T18:14:35.587+0000] {processor.py:161} INFO - Started process (PID=46404) to work on /home/airflow/.local/lib/python3.8/site-packages/airflow/example_dags/example_branch_operator_decorator.py
[2024-04-04T18:14:35.590+0000] {processor.py:830} INFO - Processing file /home/airflow/.local/lib/python3.8/site-packages/airflow/example_dags/example_branch_operator_decorator.py for tasks to queue
[2024-04-04T18:14:35.591+0000] {logging_mixin.py:188} INFO - [2024-04-04T18:14:35.591+0000] {dagbag.py:538} INFO - Filling up the DagBag from /home/airflow/.local/lib/python3.8/site-packages/airflow/example_dags/example_branch_operator_decorator.py
[2024-04-04T18:14:35.622+0000] {processor.py:840} INFO - DAG(s) 'example_branch_python_operator_decorator' retrieved from /home/airflow/.local/lib/python3.8/site-packages/airflow/example_dags/example_branch_operator_decorator.py
[2024-04-04T18:14:35.664+0000] {logging_mixin.py:188} INFO - [2024-04-04T18:14:35.664+0000] {dag.py:3036} INFO - Sync 1 DAGs
[2024-04-04T18:14:35.695+0000] {logging_mixin.py:188} INFO - [2024-04-04T18:14:35.694+0000] {dag.py:3823} INFO - Setting next_dagrun for example_branch_python_operator_decorator to 2024-04-03 00:00:00+00:00, run_after=2024-04-04 00:00:00+00:00
[2024-04-04T18:14:35.720+0000] {processor.py:183} INFO - Processing /home/airflow/.local/lib/python3.8/site-packages/airflow/example_dags/example_branch_operator_decorator.py took 0.137 seconds
[2024-04-04T18:15:07.846+0000] {processor.py:161} INFO - Started process (PID=46460) to work on /home/airflow/.local/lib/python3.8/site-packages/airflow/example_dags/example_branch_operator_decorator.py
[2024-04-04T18:15:07.850+0000] {processor.py:830} INFO - Processing file /home/airflow/.local/lib/python3.8/site-packages/airflow/example_dags/example_branch_operator_decorator.py for tasks to queue
[2024-04-04T18:15:07.854+0000] {logging_mixin.py:188} INFO - [2024-04-04T18:15:07.853+0000] {dagbag.py:538} INFO - Filling up the DagBag from /home/airflow/.local/lib/python3.8/site-packages/airflow/example_dags/example_branch_operator_decorator.py
[2024-04-04T18:15:07.951+0000] {processor.py:840} INFO - DAG(s) 'example_branch_python_operator_decorator' retrieved from /home/airflow/.local/lib/python3.8/site-packages/airflow/example_dags/example_branch_operator_decorator.py
[2024-04-04T18:15:08.077+0000] {logging_mixin.py:188} INFO - [2024-04-04T18:15:08.076+0000] {dag.py:3036} INFO - Sync 1 DAGs
[2024-04-04T18:15:08.158+0000] {logging_mixin.py:188} INFO - [2024-04-04T18:15:08.157+0000] {dag.py:3823} INFO - Setting next_dagrun for example_branch_python_operator_decorator to 2024-04-03 00:00:00+00:00, run_after=2024-04-04 00:00:00+00:00
[2024-04-04T18:15:08.223+0000] {processor.py:183} INFO - Processing /home/airflow/.local/lib/python3.8/site-packages/airflow/example_dags/example_branch_operator_decorator.py took 0.390 seconds
[2024-04-04T18:15:43.341+0000] {processor.py:161} INFO - Started process (PID=46520) to work on /home/airflow/.local/lib/python3.8/site-packages/airflow/example_dags/example_branch_operator_decorator.py
[2024-04-04T18:15:43.346+0000] {processor.py:830} INFO - Processing file /home/airflow/.local/lib/python3.8/site-packages/airflow/example_dags/example_branch_operator_decorator.py for tasks to queue
[2024-04-04T18:15:43.352+0000] {logging_mixin.py:188} INFO - [2024-04-04T18:15:43.351+0000] {dagbag.py:538} INFO - Filling up the DagBag from /home/airflow/.local/lib/python3.8/site-packages/airflow/example_dags/example_branch_operator_decorator.py
[2024-04-04T18:15:43.508+0000] {processor.py:840} INFO - DAG(s) 'example_branch_python_operator_decorator' retrieved from /home/airflow/.local/lib/python3.8/site-packages/airflow/example_dags/example_branch_operator_decorator.py
[2024-04-04T18:15:43.681+0000] {logging_mixin.py:188} INFO - [2024-04-04T18:15:43.680+0000] {dag.py:3036} INFO - Sync 1 DAGs
[2024-04-04T18:15:43.814+0000] {logging_mixin.py:188} INFO - [2024-04-04T18:15:43.812+0000] {dag.py:3823} INFO - Setting next_dagrun for example_branch_python_operator_decorator to 2024-04-03 00:00:00+00:00, run_after=2024-04-04 00:00:00+00:00
[2024-04-04T18:15:43.921+0000] {processor.py:183} INFO - Processing /home/airflow/.local/lib/python3.8/site-packages/airflow/example_dags/example_branch_operator_decorator.py took 0.602 seconds
[2024-04-04T18:16:14.886+0000] {processor.py:161} INFO - Started process (PID=46580) to work on /home/airflow/.local/lib/python3.8/site-packages/airflow/example_dags/example_branch_operator_decorator.py
[2024-04-04T18:16:14.896+0000] {processor.py:830} INFO - Processing file /home/airflow/.local/lib/python3.8/site-packages/airflow/example_dags/example_branch_operator_decorator.py for tasks to queue
[2024-04-04T18:16:14.905+0000] {logging_mixin.py:188} INFO - [2024-04-04T18:16:14.902+0000] {dagbag.py:538} INFO - Filling up the DagBag from /home/airflow/.local/lib/python3.8/site-packages/airflow/example_dags/example_branch_operator_decorator.py
[2024-04-04T18:16:15.181+0000] {processor.py:840} INFO - DAG(s) 'example_branch_python_operator_decorator' retrieved from /home/airflow/.local/lib/python3.8/site-packages/airflow/example_dags/example_branch_operator_decorator.py
[2024-04-04T18:16:15.574+0000] {logging_mixin.py:188} INFO - [2024-04-04T18:16:15.567+0000] {dag.py:3036} INFO - Sync 1 DAGs
[2024-04-04T18:16:15.986+0000] {logging_mixin.py:188} INFO - [2024-04-04T18:16:15.983+0000] {dag.py:3823} INFO - Setting next_dagrun for example_branch_python_operator_decorator to 2024-04-03 00:00:00+00:00, run_after=2024-04-04 00:00:00+00:00
[2024-04-04T18:16:16.160+0000] {processor.py:183} INFO - Processing /home/airflow/.local/lib/python3.8/site-packages/airflow/example_dags/example_branch_operator_decorator.py took 1.303 seconds
[2024-04-04T18:16:47.030+0000] {processor.py:161} INFO - Started process (PID=46640) to work on /home/airflow/.local/lib/python3.8/site-packages/airflow/example_dags/example_branch_operator_decorator.py
[2024-04-04T18:16:47.036+0000] {processor.py:830} INFO - Processing file /home/airflow/.local/lib/python3.8/site-packages/airflow/example_dags/example_branch_operator_decorator.py for tasks to queue
[2024-04-04T18:16:47.043+0000] {logging_mixin.py:188} INFO - [2024-04-04T18:16:47.041+0000] {dagbag.py:538} INFO - Filling up the DagBag from /home/airflow/.local/lib/python3.8/site-packages/airflow/example_dags/example_branch_operator_decorator.py
[2024-04-04T18:16:47.246+0000] {processor.py:840} INFO - DAG(s) 'example_branch_python_operator_decorator' retrieved from /home/airflow/.local/lib/python3.8/site-packages/airflow/example_dags/example_branch_operator_decorator.py
[2024-04-04T18:16:47.411+0000] {logging_mixin.py:188} INFO - [2024-04-04T18:16:47.410+0000] {dag.py:3036} INFO - Sync 1 DAGs
[2024-04-04T18:16:47.582+0000] {logging_mixin.py:188} INFO - [2024-04-04T18:16:47.580+0000] {dag.py:3823} INFO - Setting next_dagrun for example_branch_python_operator_decorator to 2024-04-03 00:00:00+00:00, run_after=2024-04-04 00:00:00+00:00
[2024-04-04T18:16:47.719+0000] {processor.py:183} INFO - Processing /home/airflow/.local/lib/python3.8/site-packages/airflow/example_dags/example_branch_operator_decorator.py took 0.713 seconds
[2024-04-04T18:17:17.932+0000] {processor.py:161} INFO - Started process (PID=46701) to work on /home/airflow/.local/lib/python3.8/site-packages/airflow/example_dags/example_branch_operator_decorator.py
[2024-04-04T18:17:17.934+0000] {processor.py:830} INFO - Processing file /home/airflow/.local/lib/python3.8/site-packages/airflow/example_dags/example_branch_operator_decorator.py for tasks to queue
[2024-04-04T18:17:17.936+0000] {logging_mixin.py:188} INFO - [2024-04-04T18:17:17.936+0000] {dagbag.py:538} INFO - Filling up the DagBag from /home/airflow/.local/lib/python3.8/site-packages/airflow/example_dags/example_branch_operator_decorator.py
[2024-04-04T18:17:17.984+0000] {processor.py:840} INFO - DAG(s) 'example_branch_python_operator_decorator' retrieved from /home/airflow/.local/lib/python3.8/site-packages/airflow/example_dags/example_branch_operator_decorator.py
[2024-04-04T18:17:18.045+0000] {logging_mixin.py:188} INFO - [2024-04-04T18:17:18.045+0000] {dag.py:3036} INFO - Sync 1 DAGs
[2024-04-04T18:17:18.090+0000] {logging_mixin.py:188} INFO - [2024-04-04T18:17:18.089+0000] {dag.py:3823} INFO - Setting next_dagrun for example_branch_python_operator_decorator to 2024-04-03 00:00:00+00:00, run_after=2024-04-04 00:00:00+00:00
[2024-04-04T18:17:18.137+0000] {processor.py:183} INFO - Processing /home/airflow/.local/lib/python3.8/site-packages/airflow/example_dags/example_branch_operator_decorator.py took 0.211 seconds
[2024-04-04T18:17:48.752+0000] {processor.py:161} INFO - Started process (PID=46761) to work on /home/airflow/.local/lib/python3.8/site-packages/airflow/example_dags/example_branch_operator_decorator.py
[2024-04-04T18:17:48.756+0000] {processor.py:830} INFO - Processing file /home/airflow/.local/lib/python3.8/site-packages/airflow/example_dags/example_branch_operator_decorator.py for tasks to queue
[2024-04-04T18:17:48.761+0000] {logging_mixin.py:188} INFO - [2024-04-04T18:17:48.759+0000] {dagbag.py:538} INFO - Filling up the DagBag from /home/airflow/.local/lib/python3.8/site-packages/airflow/example_dags/example_branch_operator_decorator.py
[2024-04-04T18:17:48.860+0000] {processor.py:840} INFO - DAG(s) 'example_branch_python_operator_decorator' retrieved from /home/airflow/.local/lib/python3.8/site-packages/airflow/example_dags/example_branch_operator_decorator.py
[2024-04-04T18:17:48.978+0000] {logging_mixin.py:188} INFO - [2024-04-04T18:17:48.977+0000] {dag.py:3036} INFO - Sync 1 DAGs
[2024-04-04T18:17:49.062+0000] {logging_mixin.py:188} INFO - [2024-04-04T18:17:49.061+0000] {dag.py:3823} INFO - Setting next_dagrun for example_branch_python_operator_decorator to 2024-04-03 00:00:00+00:00, run_after=2024-04-04 00:00:00+00:00
[2024-04-04T18:17:49.130+0000] {processor.py:183} INFO - Processing /home/airflow/.local/lib/python3.8/site-packages/airflow/example_dags/example_branch_operator_decorator.py took 0.402 seconds
[2024-04-04T18:18:19.845+0000] {processor.py:161} INFO - Started process (PID=46821) to work on /home/airflow/.local/lib/python3.8/site-packages/airflow/example_dags/example_branch_operator_decorator.py
[2024-04-04T18:18:19.849+0000] {processor.py:830} INFO - Processing file /home/airflow/.local/lib/python3.8/site-packages/airflow/example_dags/example_branch_operator_decorator.py for tasks to queue
[2024-04-04T18:18:19.853+0000] {logging_mixin.py:188} INFO - [2024-04-04T18:18:19.852+0000] {dagbag.py:538} INFO - Filling up the DagBag from /home/airflow/.local/lib/python3.8/site-packages/airflow/example_dags/example_branch_operator_decorator.py
[2024-04-04T18:18:19.978+0000] {processor.py:840} INFO - DAG(s) 'example_branch_python_operator_decorator' retrieved from /home/airflow/.local/lib/python3.8/site-packages/airflow/example_dags/example_branch_operator_decorator.py
[2024-04-04T18:18:20.105+0000] {logging_mixin.py:188} INFO - [2024-04-04T18:18:20.104+0000] {dag.py:3036} INFO - Sync 1 DAGs
[2024-04-04T18:18:20.204+0000] {logging_mixin.py:188} INFO - [2024-04-04T18:18:20.203+0000] {dag.py:3823} INFO - Setting next_dagrun for example_branch_python_operator_decorator to 2024-04-03 00:00:00+00:00, run_after=2024-04-04 00:00:00+00:00
[2024-04-04T18:18:20.287+0000] {processor.py:183} INFO - Processing /home/airflow/.local/lib/python3.8/site-packages/airflow/example_dags/example_branch_operator_decorator.py took 0.457 seconds
[2024-04-04T18:18:51.234+0000] {processor.py:161} INFO - Started process (PID=46881) to work on /home/airflow/.local/lib/python3.8/site-packages/airflow/example_dags/example_branch_operator_decorator.py
[2024-04-04T18:18:51.241+0000] {processor.py:830} INFO - Processing file /home/airflow/.local/lib/python3.8/site-packages/airflow/example_dags/example_branch_operator_decorator.py for tasks to queue
[2024-04-04T18:18:51.255+0000] {logging_mixin.py:188} INFO - [2024-04-04T18:18:51.245+0000] {dagbag.py:538} INFO - Filling up the DagBag from /home/airflow/.local/lib/python3.8/site-packages/airflow/example_dags/example_branch_operator_decorator.py
[2024-04-04T18:18:51.495+0000] {processor.py:840} INFO - DAG(s) 'example_branch_python_operator_decorator' retrieved from /home/airflow/.local/lib/python3.8/site-packages/airflow/example_dags/example_branch_operator_decorator.py
[2024-04-04T18:18:51.788+0000] {logging_mixin.py:188} INFO - [2024-04-04T18:18:51.786+0000] {dag.py:3036} INFO - Sync 1 DAGs
[2024-04-04T18:18:52.146+0000] {logging_mixin.py:188} INFO - [2024-04-04T18:18:52.143+0000] {dag.py:3823} INFO - Setting next_dagrun for example_branch_python_operator_decorator to 2024-04-03 00:00:00+00:00, run_after=2024-04-04 00:00:00+00:00
[2024-04-04T18:18:52.522+0000] {processor.py:183} INFO - Processing /home/airflow/.local/lib/python3.8/site-packages/airflow/example_dags/example_branch_operator_decorator.py took 1.330 seconds
[2024-04-04T18:19:23.176+0000] {processor.py:161} INFO - Started process (PID=46941) to work on /home/airflow/.local/lib/python3.8/site-packages/airflow/example_dags/example_branch_operator_decorator.py
[2024-04-04T18:19:23.180+0000] {processor.py:830} INFO - Processing file /home/airflow/.local/lib/python3.8/site-packages/airflow/example_dags/example_branch_operator_decorator.py for tasks to queue
[2024-04-04T18:19:23.183+0000] {logging_mixin.py:188} INFO - [2024-04-04T18:19:23.182+0000] {dagbag.py:538} INFO - Filling up the DagBag from /home/airflow/.local/lib/python3.8/site-packages/airflow/example_dags/example_branch_operator_decorator.py
[2024-04-04T18:19:23.282+0000] {processor.py:840} INFO - DAG(s) 'example_branch_python_operator_decorator' retrieved from /home/airflow/.local/lib/python3.8/site-packages/airflow/example_dags/example_branch_operator_decorator.py
[2024-04-04T18:19:23.405+0000] {logging_mixin.py:188} INFO - [2024-04-04T18:19:23.404+0000] {dag.py:3036} INFO - Sync 1 DAGs
[2024-04-04T18:19:23.496+0000] {logging_mixin.py:188} INFO - [2024-04-04T18:19:23.495+0000] {dag.py:3823} INFO - Setting next_dagrun for example_branch_python_operator_decorator to 2024-04-03 00:00:00+00:00, run_after=2024-04-04 00:00:00+00:00
[2024-04-04T18:19:23.568+0000] {processor.py:183} INFO - Processing /home/airflow/.local/lib/python3.8/site-packages/airflow/example_dags/example_branch_operator_decorator.py took 0.405 seconds
[2024-04-04T18:19:54.345+0000] {processor.py:161} INFO - Started process (PID=47007) to work on /home/airflow/.local/lib/python3.8/site-packages/airflow/example_dags/example_branch_operator_decorator.py
[2024-04-04T18:19:54.348+0000] {processor.py:830} INFO - Processing file /home/airflow/.local/lib/python3.8/site-packages/airflow/example_dags/example_branch_operator_decorator.py for tasks to queue
[2024-04-04T18:19:54.352+0000] {logging_mixin.py:188} INFO - [2024-04-04T18:19:54.351+0000] {dagbag.py:538} INFO - Filling up the DagBag from /home/airflow/.local/lib/python3.8/site-packages/airflow/example_dags/example_branch_operator_decorator.py
[2024-04-04T18:19:54.443+0000] {processor.py:840} INFO - DAG(s) 'example_branch_python_operator_decorator' retrieved from /home/airflow/.local/lib/python3.8/site-packages/airflow/example_dags/example_branch_operator_decorator.py
[2024-04-04T18:19:54.558+0000] {logging_mixin.py:188} INFO - [2024-04-04T18:19:54.557+0000] {dag.py:3036} INFO - Sync 1 DAGs
[2024-04-04T18:19:54.641+0000] {logging_mixin.py:188} INFO - [2024-04-04T18:19:54.640+0000] {dag.py:3823} INFO - Setting next_dagrun for example_branch_python_operator_decorator to 2024-04-03 00:00:00+00:00, run_after=2024-04-04 00:00:00+00:00
[2024-04-04T18:19:54.761+0000] {processor.py:183} INFO - Processing /home/airflow/.local/lib/python3.8/site-packages/airflow/example_dags/example_branch_operator_decorator.py took 0.439 seconds
[2024-04-04T18:20:24.985+0000] {processor.py:161} INFO - Started process (PID=47067) to work on /home/airflow/.local/lib/python3.8/site-packages/airflow/example_dags/example_branch_operator_decorator.py
[2024-04-04T18:20:24.989+0000] {processor.py:830} INFO - Processing file /home/airflow/.local/lib/python3.8/site-packages/airflow/example_dags/example_branch_operator_decorator.py for tasks to queue
[2024-04-04T18:20:24.995+0000] {logging_mixin.py:188} INFO - [2024-04-04T18:20:24.993+0000] {dagbag.py:538} INFO - Filling up the DagBag from /home/airflow/.local/lib/python3.8/site-packages/airflow/example_dags/example_branch_operator_decorator.py
[2024-04-04T18:20:25.150+0000] {processor.py:840} INFO - DAG(s) 'example_branch_python_operator_decorator' retrieved from /home/airflow/.local/lib/python3.8/site-packages/airflow/example_dags/example_branch_operator_decorator.py
[2024-04-04T18:20:25.403+0000] {logging_mixin.py:188} INFO - [2024-04-04T18:20:25.402+0000] {dag.py:3036} INFO - Sync 1 DAGs
[2024-04-04T18:20:25.552+0000] {logging_mixin.py:188} INFO - [2024-04-04T18:20:25.551+0000] {dag.py:3823} INFO - Setting next_dagrun for example_branch_python_operator_decorator to 2024-04-03 00:00:00+00:00, run_after=2024-04-04 00:00:00+00:00
[2024-04-04T18:20:25.642+0000] {processor.py:183} INFO - Processing /home/airflow/.local/lib/python3.8/site-packages/airflow/example_dags/example_branch_operator_decorator.py took 0.677 seconds
[2024-04-04T18:20:56.249+0000] {processor.py:161} INFO - Started process (PID=47127) to work on /home/airflow/.local/lib/python3.8/site-packages/airflow/example_dags/example_branch_operator_decorator.py
[2024-04-04T18:20:56.256+0000] {processor.py:830} INFO - Processing file /home/airflow/.local/lib/python3.8/site-packages/airflow/example_dags/example_branch_operator_decorator.py for tasks to queue
[2024-04-04T18:20:56.264+0000] {logging_mixin.py:188} INFO - [2024-04-04T18:20:56.262+0000] {dagbag.py:538} INFO - Filling up the DagBag from /home/airflow/.local/lib/python3.8/site-packages/airflow/example_dags/example_branch_operator_decorator.py
[2024-04-04T18:20:56.499+0000] {processor.py:840} INFO - DAG(s) 'example_branch_python_operator_decorator' retrieved from /home/airflow/.local/lib/python3.8/site-packages/airflow/example_dags/example_branch_operator_decorator.py
[2024-04-04T18:20:56.720+0000] {logging_mixin.py:188} INFO - [2024-04-04T18:20:56.718+0000] {dag.py:3036} INFO - Sync 1 DAGs
[2024-04-04T18:20:56.877+0000] {logging_mixin.py:188} INFO - [2024-04-04T18:20:56.876+0000] {dag.py:3823} INFO - Setting next_dagrun for example_branch_python_operator_decorator to 2024-04-03 00:00:00+00:00, run_after=2024-04-04 00:00:00+00:00
[2024-04-04T18:20:57.011+0000] {processor.py:183} INFO - Processing /home/airflow/.local/lib/python3.8/site-packages/airflow/example_dags/example_branch_operator_decorator.py took 0.793 seconds
[2024-04-04T18:21:27.206+0000] {processor.py:161} INFO - Started process (PID=47187) to work on /home/airflow/.local/lib/python3.8/site-packages/airflow/example_dags/example_branch_operator_decorator.py
[2024-04-04T18:21:27.210+0000] {processor.py:830} INFO - Processing file /home/airflow/.local/lib/python3.8/site-packages/airflow/example_dags/example_branch_operator_decorator.py for tasks to queue
[2024-04-04T18:21:27.215+0000] {logging_mixin.py:188} INFO - [2024-04-04T18:21:27.213+0000] {dagbag.py:538} INFO - Filling up the DagBag from /home/airflow/.local/lib/python3.8/site-packages/airflow/example_dags/example_branch_operator_decorator.py
[2024-04-04T18:21:27.331+0000] {processor.py:840} INFO - DAG(s) 'example_branch_python_operator_decorator' retrieved from /home/airflow/.local/lib/python3.8/site-packages/airflow/example_dags/example_branch_operator_decorator.py
[2024-04-04T18:21:27.452+0000] {logging_mixin.py:188} INFO - [2024-04-04T18:21:27.450+0000] {dag.py:3036} INFO - Sync 1 DAGs
[2024-04-04T18:21:27.599+0000] {logging_mixin.py:188} INFO - [2024-04-04T18:21:27.597+0000] {dag.py:3823} INFO - Setting next_dagrun for example_branch_python_operator_decorator to 2024-04-03 00:00:00+00:00, run_after=2024-04-04 00:00:00+00:00
[2024-04-04T18:21:27.701+0000] {processor.py:183} INFO - Processing /home/airflow/.local/lib/python3.8/site-packages/airflow/example_dags/example_branch_operator_decorator.py took 0.510 seconds
[2024-04-04T18:21:58.301+0000] {processor.py:161} INFO - Started process (PID=47247) to work on /home/airflow/.local/lib/python3.8/site-packages/airflow/example_dags/example_branch_operator_decorator.py
[2024-04-04T18:21:58.303+0000] {processor.py:830} INFO - Processing file /home/airflow/.local/lib/python3.8/site-packages/airflow/example_dags/example_branch_operator_decorator.py for tasks to queue
[2024-04-04T18:21:58.305+0000] {logging_mixin.py:188} INFO - [2024-04-04T18:21:58.304+0000] {dagbag.py:538} INFO - Filling up the DagBag from /home/airflow/.local/lib/python3.8/site-packages/airflow/example_dags/example_branch_operator_decorator.py
[2024-04-04T18:21:58.349+0000] {processor.py:840} INFO - DAG(s) 'example_branch_python_operator_decorator' retrieved from /home/airflow/.local/lib/python3.8/site-packages/airflow/example_dags/example_branch_operator_decorator.py
[2024-04-04T18:21:58.407+0000] {logging_mixin.py:188} INFO - [2024-04-04T18:21:58.406+0000] {dag.py:3036} INFO - Sync 1 DAGs
[2024-04-04T18:21:58.450+0000] {logging_mixin.py:188} INFO - [2024-04-04T18:21:58.450+0000] {dag.py:3823} INFO - Setting next_dagrun for example_branch_python_operator_decorator to 2024-04-03 00:00:00+00:00, run_after=2024-04-04 00:00:00+00:00
[2024-04-04T18:21:58.488+0000] {processor.py:183} INFO - Processing /home/airflow/.local/lib/python3.8/site-packages/airflow/example_dags/example_branch_operator_decorator.py took 0.194 seconds
[2024-04-04T18:22:28.587+0000] {processor.py:161} INFO - Started process (PID=47307) to work on /home/airflow/.local/lib/python3.8/site-packages/airflow/example_dags/example_branch_operator_decorator.py
[2024-04-04T18:22:28.590+0000] {processor.py:830} INFO - Processing file /home/airflow/.local/lib/python3.8/site-packages/airflow/example_dags/example_branch_operator_decorator.py for tasks to queue
[2024-04-04T18:22:28.593+0000] {logging_mixin.py:188} INFO - [2024-04-04T18:22:28.592+0000] {dagbag.py:538} INFO - Filling up the DagBag from /home/airflow/.local/lib/python3.8/site-packages/airflow/example_dags/example_branch_operator_decorator.py
[2024-04-04T18:22:28.653+0000] {processor.py:840} INFO - DAG(s) 'example_branch_python_operator_decorator' retrieved from /home/airflow/.local/lib/python3.8/site-packages/airflow/example_dags/example_branch_operator_decorator.py
[2024-04-04T18:22:28.729+0000] {logging_mixin.py:188} INFO - [2024-04-04T18:22:28.729+0000] {dag.py:3036} INFO - Sync 1 DAGs
[2024-04-04T18:22:28.783+0000] {logging_mixin.py:188} INFO - [2024-04-04T18:22:28.782+0000] {dag.py:3823} INFO - Setting next_dagrun for example_branch_python_operator_decorator to 2024-04-03 00:00:00+00:00, run_after=2024-04-04 00:00:00+00:00
[2024-04-04T18:22:28.838+0000] {processor.py:183} INFO - Processing /home/airflow/.local/lib/python3.8/site-packages/airflow/example_dags/example_branch_operator_decorator.py took 0.260 seconds
[2024-04-04T18:22:59.386+0000] {processor.py:161} INFO - Started process (PID=47367) to work on /home/airflow/.local/lib/python3.8/site-packages/airflow/example_dags/example_branch_operator_decorator.py
[2024-04-04T18:22:59.390+0000] {processor.py:830} INFO - Processing file /home/airflow/.local/lib/python3.8/site-packages/airflow/example_dags/example_branch_operator_decorator.py for tasks to queue
[2024-04-04T18:22:59.396+0000] {logging_mixin.py:188} INFO - [2024-04-04T18:22:59.394+0000] {dagbag.py:538} INFO - Filling up the DagBag from /home/airflow/.local/lib/python3.8/site-packages/airflow/example_dags/example_branch_operator_decorator.py
[2024-04-04T18:22:59.521+0000] {processor.py:840} INFO - DAG(s) 'example_branch_python_operator_decorator' retrieved from /home/airflow/.local/lib/python3.8/site-packages/airflow/example_dags/example_branch_operator_decorator.py
[2024-04-04T18:22:59.692+0000] {logging_mixin.py:188} INFO - [2024-04-04T18:22:59.690+0000] {dag.py:3036} INFO - Sync 1 DAGs
[2024-04-04T18:22:59.850+0000] {logging_mixin.py:188} INFO - [2024-04-04T18:22:59.849+0000] {dag.py:3823} INFO - Setting next_dagrun for example_branch_python_operator_decorator to 2024-04-03 00:00:00+00:00, run_after=2024-04-04 00:00:00+00:00
[2024-04-04T18:22:59.975+0000] {processor.py:183} INFO - Processing /home/airflow/.local/lib/python3.8/site-packages/airflow/example_dags/example_branch_operator_decorator.py took 0.606 seconds
[2024-04-04T18:23:30.232+0000] {processor.py:161} INFO - Started process (PID=47427) to work on /home/airflow/.local/lib/python3.8/site-packages/airflow/example_dags/example_branch_operator_decorator.py
[2024-04-04T18:23:30.236+0000] {processor.py:830} INFO - Processing file /home/airflow/.local/lib/python3.8/site-packages/airflow/example_dags/example_branch_operator_decorator.py for tasks to queue
[2024-04-04T18:23:30.240+0000] {logging_mixin.py:188} INFO - [2024-04-04T18:23:30.239+0000] {dagbag.py:538} INFO - Filling up the DagBag from /home/airflow/.local/lib/python3.8/site-packages/airflow/example_dags/example_branch_operator_decorator.py
[2024-04-04T18:23:30.360+0000] {processor.py:840} INFO - DAG(s) 'example_branch_python_operator_decorator' retrieved from /home/airflow/.local/lib/python3.8/site-packages/airflow/example_dags/example_branch_operator_decorator.py
[2024-04-04T18:23:30.539+0000] {logging_mixin.py:188} INFO - [2024-04-04T18:23:30.537+0000] {dag.py:3036} INFO - Sync 1 DAGs
[2024-04-04T18:23:30.661+0000] {logging_mixin.py:188} INFO - [2024-04-04T18:23:30.659+0000] {dag.py:3823} INFO - Setting next_dagrun for example_branch_python_operator_decorator to 2024-04-03 00:00:00+00:00, run_after=2024-04-04 00:00:00+00:00
[2024-04-04T18:23:30.764+0000] {processor.py:183} INFO - Processing /home/airflow/.local/lib/python3.8/site-packages/airflow/example_dags/example_branch_operator_decorator.py took 0.552 seconds
[2024-04-04T19:14:32.215+0000] {processor.py:161} INFO - Started process (PID=47478) to work on /home/airflow/.local/lib/python3.8/site-packages/airflow/example_dags/example_branch_operator_decorator.py
[2024-04-04T19:14:32.217+0000] {processor.py:830} INFO - Processing file /home/airflow/.local/lib/python3.8/site-packages/airflow/example_dags/example_branch_operator_decorator.py for tasks to queue
[2024-04-04T19:14:32.219+0000] {logging_mixin.py:188} INFO - [2024-04-04T19:14:32.218+0000] {dagbag.py:538} INFO - Filling up the DagBag from /home/airflow/.local/lib/python3.8/site-packages/airflow/example_dags/example_branch_operator_decorator.py
[2024-04-04T19:14:32.265+0000] {processor.py:840} INFO - DAG(s) 'example_branch_python_operator_decorator' retrieved from /home/airflow/.local/lib/python3.8/site-packages/airflow/example_dags/example_branch_operator_decorator.py
[2024-04-04T19:14:32.328+0000] {logging_mixin.py:188} INFO - [2024-04-04T19:14:32.328+0000] {dag.py:3036} INFO - Sync 1 DAGs
[2024-04-04T19:14:32.365+0000] {logging_mixin.py:188} INFO - [2024-04-04T19:14:32.365+0000] {dag.py:3823} INFO - Setting next_dagrun for example_branch_python_operator_decorator to 2024-04-03 00:00:00+00:00, run_after=2024-04-04 00:00:00+00:00
[2024-04-04T19:14:32.399+0000] {processor.py:183} INFO - Processing /home/airflow/.local/lib/python3.8/site-packages/airflow/example_dags/example_branch_operator_decorator.py took 0.190 seconds
[2024-04-04T19:15:03.313+0000] {processor.py:161} INFO - Started process (PID=47538) to work on /home/airflow/.local/lib/python3.8/site-packages/airflow/example_dags/example_branch_operator_decorator.py
[2024-04-04T19:15:03.316+0000] {processor.py:830} INFO - Processing file /home/airflow/.local/lib/python3.8/site-packages/airflow/example_dags/example_branch_operator_decorator.py for tasks to queue
[2024-04-04T19:15:03.321+0000] {logging_mixin.py:188} INFO - [2024-04-04T19:15:03.320+0000] {dagbag.py:538} INFO - Filling up the DagBag from /home/airflow/.local/lib/python3.8/site-packages/airflow/example_dags/example_branch_operator_decorator.py
[2024-04-04T19:15:03.416+0000] {processor.py:840} INFO - DAG(s) 'example_branch_python_operator_decorator' retrieved from /home/airflow/.local/lib/python3.8/site-packages/airflow/example_dags/example_branch_operator_decorator.py
[2024-04-04T19:15:03.532+0000] {logging_mixin.py:188} INFO - [2024-04-04T19:15:03.531+0000] {dag.py:3036} INFO - Sync 1 DAGs
[2024-04-04T19:15:03.622+0000] {logging_mixin.py:188} INFO - [2024-04-04T19:15:03.621+0000] {dag.py:3823} INFO - Setting next_dagrun for example_branch_python_operator_decorator to 2024-04-03 00:00:00+00:00, run_after=2024-04-04 00:00:00+00:00
[2024-04-04T19:15:03.693+0000] {processor.py:183} INFO - Processing /home/airflow/.local/lib/python3.8/site-packages/airflow/example_dags/example_branch_operator_decorator.py took 0.393 seconds
[2024-04-04T22:03:47.376+0000] {processor.py:161} INFO - Started process (PID=47618) to work on /home/airflow/.local/lib/python3.8/site-packages/airflow/example_dags/example_branch_operator_decorator.py
[2024-04-04T22:03:47.379+0000] {processor.py:830} INFO - Processing file /home/airflow/.local/lib/python3.8/site-packages/airflow/example_dags/example_branch_operator_decorator.py for tasks to queue
[2024-04-04T22:03:47.382+0000] {logging_mixin.py:188} INFO - [2024-04-04T22:03:47.381+0000] {dagbag.py:538} INFO - Filling up the DagBag from /home/airflow/.local/lib/python3.8/site-packages/airflow/example_dags/example_branch_operator_decorator.py
[2024-04-04T22:03:47.478+0000] {processor.py:840} INFO - DAG(s) 'example_branch_python_operator_decorator' retrieved from /home/airflow/.local/lib/python3.8/site-packages/airflow/example_dags/example_branch_operator_decorator.py
[2024-04-04T22:03:47.734+0000] {logging_mixin.py:188} INFO - [2024-04-04T22:03:47.733+0000] {dag.py:3036} INFO - Sync 1 DAGs
[2024-04-04T22:03:47.880+0000] {logging_mixin.py:188} INFO - [2024-04-04T22:03:47.879+0000] {dag.py:3823} INFO - Setting next_dagrun for example_branch_python_operator_decorator to 2024-04-03 00:00:00+00:00, run_after=2024-04-04 00:00:00+00:00
[2024-04-04T22:03:48.035+0000] {processor.py:183} INFO - Processing /home/airflow/.local/lib/python3.8/site-packages/airflow/example_dags/example_branch_operator_decorator.py took 0.670 seconds
[2024-04-04T23:15:25.075+0000] {processor.py:161} INFO - Started process (PID=47696) to work on /home/airflow/.local/lib/python3.8/site-packages/airflow/example_dags/example_branch_operator_decorator.py
[2024-04-04T23:15:25.080+0000] {processor.py:830} INFO - Processing file /home/airflow/.local/lib/python3.8/site-packages/airflow/example_dags/example_branch_operator_decorator.py for tasks to queue
[2024-04-04T23:15:25.087+0000] {logging_mixin.py:188} INFO - [2024-04-04T23:15:25.085+0000] {dagbag.py:538} INFO - Filling up the DagBag from /home/airflow/.local/lib/python3.8/site-packages/airflow/example_dags/example_branch_operator_decorator.py
[2024-04-04T23:15:25.260+0000] {processor.py:840} INFO - DAG(s) 'example_branch_python_operator_decorator' retrieved from /home/airflow/.local/lib/python3.8/site-packages/airflow/example_dags/example_branch_operator_decorator.py
[2024-04-04T23:15:25.484+0000] {logging_mixin.py:188} INFO - [2024-04-04T23:15:25.483+0000] {dag.py:3036} INFO - Sync 1 DAGs
[2024-04-04T23:15:25.631+0000] {logging_mixin.py:188} INFO - [2024-04-04T23:15:25.629+0000] {dag.py:3823} INFO - Setting next_dagrun for example_branch_python_operator_decorator to 2024-04-03 00:00:00+00:00, run_after=2024-04-04 00:00:00+00:00
[2024-04-04T23:15:25.791+0000] {processor.py:183} INFO - Processing /home/airflow/.local/lib/python3.8/site-packages/airflow/example_dags/example_branch_operator_decorator.py took 0.739 seconds
[2024-04-04T23:15:59.360+0000] {processor.py:161} INFO - Started process (PID=47756) to work on /home/airflow/.local/lib/python3.8/site-packages/airflow/example_dags/example_branch_operator_decorator.py
[2024-04-04T23:15:59.364+0000] {processor.py:830} INFO - Processing file /home/airflow/.local/lib/python3.8/site-packages/airflow/example_dags/example_branch_operator_decorator.py for tasks to queue
[2024-04-04T23:15:59.369+0000] {logging_mixin.py:188} INFO - [2024-04-04T23:15:59.368+0000] {dagbag.py:538} INFO - Filling up the DagBag from /home/airflow/.local/lib/python3.8/site-packages/airflow/example_dags/example_branch_operator_decorator.py
[2024-04-04T23:15:59.501+0000] {processor.py:840} INFO - DAG(s) 'example_branch_python_operator_decorator' retrieved from /home/airflow/.local/lib/python3.8/site-packages/airflow/example_dags/example_branch_operator_decorator.py
[2024-04-04T23:16:00.259+0000] {logging_mixin.py:188} INFO - [2024-04-04T23:16:00.258+0000] {dag.py:3036} INFO - Sync 1 DAGs
[2024-04-04T23:16:00.368+0000] {logging_mixin.py:188} INFO - [2024-04-04T23:16:00.367+0000] {dag.py:3823} INFO - Setting next_dagrun for example_branch_python_operator_decorator to 2024-04-03 00:00:00+00:00, run_after=2024-04-04 00:00:00+00:00
[2024-04-04T23:16:00.455+0000] {processor.py:183} INFO - Processing /home/airflow/.local/lib/python3.8/site-packages/airflow/example_dags/example_branch_operator_decorator.py took 1.113 seconds
[2024-04-04T23:16:30.614+0000] {processor.py:161} INFO - Started process (PID=47816) to work on /home/airflow/.local/lib/python3.8/site-packages/airflow/example_dags/example_branch_operator_decorator.py
[2024-04-04T23:16:30.617+0000] {processor.py:830} INFO - Processing file /home/airflow/.local/lib/python3.8/site-packages/airflow/example_dags/example_branch_operator_decorator.py for tasks to queue
[2024-04-04T23:16:30.620+0000] {logging_mixin.py:188} INFO - [2024-04-04T23:16:30.619+0000] {dagbag.py:538} INFO - Filling up the DagBag from /home/airflow/.local/lib/python3.8/site-packages/airflow/example_dags/example_branch_operator_decorator.py
[2024-04-04T23:16:30.684+0000] {processor.py:840} INFO - DAG(s) 'example_branch_python_operator_decorator' retrieved from /home/airflow/.local/lib/python3.8/site-packages/airflow/example_dags/example_branch_operator_decorator.py
[2024-04-04T23:16:30.776+0000] {logging_mixin.py:188} INFO - [2024-04-04T23:16:30.775+0000] {dag.py:3036} INFO - Sync 1 DAGs
[2024-04-04T23:16:31.179+0000] {logging_mixin.py:188} INFO - [2024-04-04T23:16:31.178+0000] {dag.py:3823} INFO - Setting next_dagrun for example_branch_python_operator_decorator to 2024-04-03 00:00:00+00:00, run_after=2024-04-04 00:00:00+00:00
[2024-04-04T23:16:31.226+0000] {processor.py:183} INFO - Processing /home/airflow/.local/lib/python3.8/site-packages/airflow/example_dags/example_branch_operator_decorator.py took 0.622 seconds
[2024-04-04T23:17:01.366+0000] {processor.py:161} INFO - Started process (PID=47876) to work on /home/airflow/.local/lib/python3.8/site-packages/airflow/example_dags/example_branch_operator_decorator.py
[2024-04-04T23:17:01.371+0000] {processor.py:830} INFO - Processing file /home/airflow/.local/lib/python3.8/site-packages/airflow/example_dags/example_branch_operator_decorator.py for tasks to queue
[2024-04-04T23:17:01.376+0000] {logging_mixin.py:188} INFO - [2024-04-04T23:17:01.375+0000] {dagbag.py:538} INFO - Filling up the DagBag from /home/airflow/.local/lib/python3.8/site-packages/airflow/example_dags/example_branch_operator_decorator.py
[2024-04-04T23:17:01.555+0000] {processor.py:840} INFO - DAG(s) 'example_branch_python_operator_decorator' retrieved from /home/airflow/.local/lib/python3.8/site-packages/airflow/example_dags/example_branch_operator_decorator.py
[2024-04-04T23:17:01.795+0000] {logging_mixin.py:188} INFO - [2024-04-04T23:17:01.794+0000] {dag.py:3036} INFO - Sync 1 DAGs
[2024-04-04T23:17:01.969+0000] {logging_mixin.py:188} INFO - [2024-04-04T23:17:01.967+0000] {dag.py:3823} INFO - Setting next_dagrun for example_branch_python_operator_decorator to 2024-04-03 00:00:00+00:00, run_after=2024-04-04 00:00:00+00:00
[2024-04-04T23:17:02.060+0000] {processor.py:183} INFO - Processing /home/airflow/.local/lib/python3.8/site-packages/airflow/example_dags/example_branch_operator_decorator.py took 0.713 seconds
[2024-04-04T23:17:32.337+0000] {processor.py:161} INFO - Started process (PID=47936) to work on /home/airflow/.local/lib/python3.8/site-packages/airflow/example_dags/example_branch_operator_decorator.py
[2024-04-04T23:17:32.342+0000] {processor.py:830} INFO - Processing file /home/airflow/.local/lib/python3.8/site-packages/airflow/example_dags/example_branch_operator_decorator.py for tasks to queue
[2024-04-04T23:17:32.347+0000] {logging_mixin.py:188} INFO - [2024-04-04T23:17:32.346+0000] {dagbag.py:538} INFO - Filling up the DagBag from /home/airflow/.local/lib/python3.8/site-packages/airflow/example_dags/example_branch_operator_decorator.py
[2024-04-04T23:17:32.510+0000] {processor.py:840} INFO - DAG(s) 'example_branch_python_operator_decorator' retrieved from /home/airflow/.local/lib/python3.8/site-packages/airflow/example_dags/example_branch_operator_decorator.py
[2024-04-04T23:17:32.665+0000] {logging_mixin.py:188} INFO - [2024-04-04T23:17:32.664+0000] {dag.py:3036} INFO - Sync 1 DAGs
[2024-04-04T23:17:32.781+0000] {logging_mixin.py:188} INFO - [2024-04-04T23:17:32.780+0000] {dag.py:3823} INFO - Setting next_dagrun for example_branch_python_operator_decorator to 2024-04-03 00:00:00+00:00, run_after=2024-04-04 00:00:00+00:00
[2024-04-04T23:17:32.878+0000] {processor.py:183} INFO - Processing /home/airflow/.local/lib/python3.8/site-packages/airflow/example_dags/example_branch_operator_decorator.py took 0.559 seconds
[2024-04-04T23:18:03.342+0000] {processor.py:161} INFO - Started process (PID=47996) to work on /home/airflow/.local/lib/python3.8/site-packages/airflow/example_dags/example_branch_operator_decorator.py
[2024-04-04T23:18:03.344+0000] {processor.py:830} INFO - Processing file /home/airflow/.local/lib/python3.8/site-packages/airflow/example_dags/example_branch_operator_decorator.py for tasks to queue
[2024-04-04T23:18:03.347+0000] {logging_mixin.py:188} INFO - [2024-04-04T23:18:03.346+0000] {dagbag.py:538} INFO - Filling up the DagBag from /home/airflow/.local/lib/python3.8/site-packages/airflow/example_dags/example_branch_operator_decorator.py
[2024-04-04T23:18:03.429+0000] {processor.py:840} INFO - DAG(s) 'example_branch_python_operator_decorator' retrieved from /home/airflow/.local/lib/python3.8/site-packages/airflow/example_dags/example_branch_operator_decorator.py
[2024-04-04T23:18:03.533+0000] {logging_mixin.py:188} INFO - [2024-04-04T23:18:03.532+0000] {dag.py:3036} INFO - Sync 1 DAGs
[2024-04-04T23:18:03.607+0000] {logging_mixin.py:188} INFO - [2024-04-04T23:18:03.607+0000] {dag.py:3823} INFO - Setting next_dagrun for example_branch_python_operator_decorator to 2024-04-03 00:00:00+00:00, run_after=2024-04-04 00:00:00+00:00
[2024-04-04T23:18:03.678+0000] {processor.py:183} INFO - Processing /home/airflow/.local/lib/python3.8/site-packages/airflow/example_dags/example_branch_operator_decorator.py took 0.344 seconds
[2024-04-04T23:18:33.845+0000] {processor.py:161} INFO - Started process (PID=48055) to work on /home/airflow/.local/lib/python3.8/site-packages/airflow/example_dags/example_branch_operator_decorator.py
[2024-04-04T23:18:33.847+0000] {processor.py:830} INFO - Processing file /home/airflow/.local/lib/python3.8/site-packages/airflow/example_dags/example_branch_operator_decorator.py for tasks to queue
[2024-04-04T23:18:33.850+0000] {logging_mixin.py:188} INFO - [2024-04-04T23:18:33.849+0000] {dagbag.py:538} INFO - Filling up the DagBag from /home/airflow/.local/lib/python3.8/site-packages/airflow/example_dags/example_branch_operator_decorator.py
[2024-04-04T23:18:33.899+0000] {processor.py:840} INFO - DAG(s) 'example_branch_python_operator_decorator' retrieved from /home/airflow/.local/lib/python3.8/site-packages/airflow/example_dags/example_branch_operator_decorator.py
[2024-04-04T23:18:33.960+0000] {logging_mixin.py:188} INFO - [2024-04-04T23:18:33.960+0000] {dag.py:3036} INFO - Sync 1 DAGs
[2024-04-04T23:18:34.006+0000] {logging_mixin.py:188} INFO - [2024-04-04T23:18:34.005+0000] {dag.py:3823} INFO - Setting next_dagrun for example_branch_python_operator_decorator to 2024-04-03 00:00:00+00:00, run_after=2024-04-04 00:00:00+00:00
[2024-04-04T23:18:34.057+0000] {processor.py:183} INFO - Processing /home/airflow/.local/lib/python3.8/site-packages/airflow/example_dags/example_branch_operator_decorator.py took 0.220 seconds
[2024-04-04T23:19:04.506+0000] {processor.py:161} INFO - Started process (PID=48115) to work on /home/airflow/.local/lib/python3.8/site-packages/airflow/example_dags/example_branch_operator_decorator.py
[2024-04-04T23:19:04.510+0000] {processor.py:830} INFO - Processing file /home/airflow/.local/lib/python3.8/site-packages/airflow/example_dags/example_branch_operator_decorator.py for tasks to queue
[2024-04-04T23:19:04.515+0000] {logging_mixin.py:188} INFO - [2024-04-04T23:19:04.514+0000] {dagbag.py:538} INFO - Filling up the DagBag from /home/airflow/.local/lib/python3.8/site-packages/airflow/example_dags/example_branch_operator_decorator.py
[2024-04-04T23:19:04.668+0000] {processor.py:840} INFO - DAG(s) 'example_branch_python_operator_decorator' retrieved from /home/airflow/.local/lib/python3.8/site-packages/airflow/example_dags/example_branch_operator_decorator.py
[2024-04-04T23:19:04.852+0000] {logging_mixin.py:188} INFO - [2024-04-04T23:19:04.851+0000] {dag.py:3036} INFO - Sync 1 DAGs
[2024-04-04T23:19:04.953+0000] {logging_mixin.py:188} INFO - [2024-04-04T23:19:04.952+0000] {dag.py:3823} INFO - Setting next_dagrun for example_branch_python_operator_decorator to 2024-04-03 00:00:00+00:00, run_after=2024-04-04 00:00:00+00:00
[2024-04-04T23:19:05.044+0000] {processor.py:183} INFO - Processing /home/airflow/.local/lib/python3.8/site-packages/airflow/example_dags/example_branch_operator_decorator.py took 0.556 seconds
[2024-04-04T23:19:35.327+0000] {processor.py:161} INFO - Started process (PID=48175) to work on /home/airflow/.local/lib/python3.8/site-packages/airflow/example_dags/example_branch_operator_decorator.py
[2024-04-04T23:19:35.331+0000] {processor.py:830} INFO - Processing file /home/airflow/.local/lib/python3.8/site-packages/airflow/example_dags/example_branch_operator_decorator.py for tasks to queue
[2024-04-04T23:19:35.335+0000] {logging_mixin.py:188} INFO - [2024-04-04T23:19:35.334+0000] {dagbag.py:538} INFO - Filling up the DagBag from /home/airflow/.local/lib/python3.8/site-packages/airflow/example_dags/example_branch_operator_decorator.py
[2024-04-04T23:19:35.447+0000] {processor.py:840} INFO - DAG(s) 'example_branch_python_operator_decorator' retrieved from /home/airflow/.local/lib/python3.8/site-packages/airflow/example_dags/example_branch_operator_decorator.py
[2024-04-04T23:19:35.586+0000] {logging_mixin.py:188} INFO - [2024-04-04T23:19:35.585+0000] {dag.py:3036} INFO - Sync 1 DAGs
[2024-04-04T23:19:35.707+0000] {logging_mixin.py:188} INFO - [2024-04-04T23:19:35.706+0000] {dag.py:3823} INFO - Setting next_dagrun for example_branch_python_operator_decorator to 2024-04-03 00:00:00+00:00, run_after=2024-04-04 00:00:00+00:00
[2024-04-04T23:19:35.797+0000] {processor.py:183} INFO - Processing /home/airflow/.local/lib/python3.8/site-packages/airflow/example_dags/example_branch_operator_decorator.py took 0.485 seconds
[2024-04-04T23:20:06.043+0000] {processor.py:161} INFO - Started process (PID=48235) to work on /home/airflow/.local/lib/python3.8/site-packages/airflow/example_dags/example_branch_operator_decorator.py
[2024-04-04T23:20:06.045+0000] {processor.py:830} INFO - Processing file /home/airflow/.local/lib/python3.8/site-packages/airflow/example_dags/example_branch_operator_decorator.py for tasks to queue
[2024-04-04T23:20:06.047+0000] {logging_mixin.py:188} INFO - [2024-04-04T23:20:06.046+0000] {dagbag.py:538} INFO - Filling up the DagBag from /home/airflow/.local/lib/python3.8/site-packages/airflow/example_dags/example_branch_operator_decorator.py
[2024-04-04T23:20:06.107+0000] {processor.py:840} INFO - DAG(s) 'example_branch_python_operator_decorator' retrieved from /home/airflow/.local/lib/python3.8/site-packages/airflow/example_dags/example_branch_operator_decorator.py
[2024-04-04T23:20:06.172+0000] {logging_mixin.py:188} INFO - [2024-04-04T23:20:06.172+0000] {dag.py:3036} INFO - Sync 1 DAGs
[2024-04-04T23:20:06.214+0000] {logging_mixin.py:188} INFO - [2024-04-04T23:20:06.213+0000] {dag.py:3823} INFO - Setting next_dagrun for example_branch_python_operator_decorator to 2024-04-03 00:00:00+00:00, run_after=2024-04-04 00:00:00+00:00
[2024-04-04T23:20:06.249+0000] {processor.py:183} INFO - Processing /home/airflow/.local/lib/python3.8/site-packages/airflow/example_dags/example_branch_operator_decorator.py took 0.215 seconds
[2024-04-04T23:20:37.157+0000] {processor.py:161} INFO - Started process (PID=48295) to work on /home/airflow/.local/lib/python3.8/site-packages/airflow/example_dags/example_branch_operator_decorator.py
[2024-04-04T23:20:37.159+0000] {processor.py:830} INFO - Processing file /home/airflow/.local/lib/python3.8/site-packages/airflow/example_dags/example_branch_operator_decorator.py for tasks to queue
[2024-04-04T23:20:37.161+0000] {logging_mixin.py:188} INFO - [2024-04-04T23:20:37.160+0000] {dagbag.py:538} INFO - Filling up the DagBag from /home/airflow/.local/lib/python3.8/site-packages/airflow/example_dags/example_branch_operator_decorator.py
[2024-04-04T23:20:37.211+0000] {processor.py:840} INFO - DAG(s) 'example_branch_python_operator_decorator' retrieved from /home/airflow/.local/lib/python3.8/site-packages/airflow/example_dags/example_branch_operator_decorator.py
[2024-04-04T23:20:37.268+0000] {logging_mixin.py:188} INFO - [2024-04-04T23:20:37.268+0000] {dag.py:3036} INFO - Sync 1 DAGs
[2024-04-04T23:20:37.312+0000] {logging_mixin.py:188} INFO - [2024-04-04T23:20:37.312+0000] {dag.py:3823} INFO - Setting next_dagrun for example_branch_python_operator_decorator to 2024-04-03 00:00:00+00:00, run_after=2024-04-04 00:00:00+00:00
[2024-04-04T23:20:37.349+0000] {processor.py:183} INFO - Processing /home/airflow/.local/lib/python3.8/site-packages/airflow/example_dags/example_branch_operator_decorator.py took 0.199 seconds
[2024-04-04T23:21:07.910+0000] {processor.py:161} INFO - Started process (PID=48355) to work on /home/airflow/.local/lib/python3.8/site-packages/airflow/example_dags/example_branch_operator_decorator.py
[2024-04-04T23:21:07.914+0000] {processor.py:830} INFO - Processing file /home/airflow/.local/lib/python3.8/site-packages/airflow/example_dags/example_branch_operator_decorator.py for tasks to queue
[2024-04-04T23:21:07.918+0000] {logging_mixin.py:188} INFO - [2024-04-04T23:21:07.917+0000] {dagbag.py:538} INFO - Filling up the DagBag from /home/airflow/.local/lib/python3.8/site-packages/airflow/example_dags/example_branch_operator_decorator.py
[2024-04-04T23:21:08.020+0000] {processor.py:840} INFO - DAG(s) 'example_branch_python_operator_decorator' retrieved from /home/airflow/.local/lib/python3.8/site-packages/airflow/example_dags/example_branch_operator_decorator.py
[2024-04-04T23:21:08.163+0000] {logging_mixin.py:188} INFO - [2024-04-04T23:21:08.162+0000] {dag.py:3036} INFO - Sync 1 DAGs
[2024-04-04T23:21:08.267+0000] {logging_mixin.py:188} INFO - [2024-04-04T23:21:08.266+0000] {dag.py:3823} INFO - Setting next_dagrun for example_branch_python_operator_decorator to 2024-04-03 00:00:00+00:00, run_after=2024-04-04 00:00:00+00:00
[2024-04-04T23:21:08.357+0000] {processor.py:183} INFO - Processing /home/airflow/.local/lib/python3.8/site-packages/airflow/example_dags/example_branch_operator_decorator.py took 0.462 seconds
[2024-04-04T23:21:39.030+0000] {processor.py:161} INFO - Started process (PID=48415) to work on /home/airflow/.local/lib/python3.8/site-packages/airflow/example_dags/example_branch_operator_decorator.py
[2024-04-04T23:21:39.033+0000] {processor.py:830} INFO - Processing file /home/airflow/.local/lib/python3.8/site-packages/airflow/example_dags/example_branch_operator_decorator.py for tasks to queue
[2024-04-04T23:21:39.037+0000] {logging_mixin.py:188} INFO - [2024-04-04T23:21:39.036+0000] {dagbag.py:538} INFO - Filling up the DagBag from /home/airflow/.local/lib/python3.8/site-packages/airflow/example_dags/example_branch_operator_decorator.py
[2024-04-04T23:21:39.153+0000] {processor.py:840} INFO - DAG(s) 'example_branch_python_operator_decorator' retrieved from /home/airflow/.local/lib/python3.8/site-packages/airflow/example_dags/example_branch_operator_decorator.py
[2024-04-04T23:21:39.311+0000] {logging_mixin.py:188} INFO - [2024-04-04T23:21:39.309+0000] {dag.py:3036} INFO - Sync 1 DAGs
[2024-04-04T23:21:39.423+0000] {logging_mixin.py:188} INFO - [2024-04-04T23:21:39.422+0000] {dag.py:3823} INFO - Setting next_dagrun for example_branch_python_operator_decorator to 2024-04-03 00:00:00+00:00, run_after=2024-04-04 00:00:00+00:00
[2024-04-04T23:21:39.504+0000] {processor.py:183} INFO - Processing /home/airflow/.local/lib/python3.8/site-packages/airflow/example_dags/example_branch_operator_decorator.py took 0.490 seconds
[2024-04-04T23:22:09.853+0000] {processor.py:161} INFO - Started process (PID=48475) to work on /home/airflow/.local/lib/python3.8/site-packages/airflow/example_dags/example_branch_operator_decorator.py
[2024-04-04T23:22:09.856+0000] {processor.py:830} INFO - Processing file /home/airflow/.local/lib/python3.8/site-packages/airflow/example_dags/example_branch_operator_decorator.py for tasks to queue
[2024-04-04T23:22:09.859+0000] {logging_mixin.py:188} INFO - [2024-04-04T23:22:09.858+0000] {dagbag.py:538} INFO - Filling up the DagBag from /home/airflow/.local/lib/python3.8/site-packages/airflow/example_dags/example_branch_operator_decorator.py
[2024-04-04T23:22:09.920+0000] {processor.py:840} INFO - DAG(s) 'example_branch_python_operator_decorator' retrieved from /home/airflow/.local/lib/python3.8/site-packages/airflow/example_dags/example_branch_operator_decorator.py
[2024-04-04T23:22:10.002+0000] {logging_mixin.py:188} INFO - [2024-04-04T23:22:10.002+0000] {dag.py:3036} INFO - Sync 1 DAGs
[2024-04-04T23:22:10.061+0000] {logging_mixin.py:188} INFO - [2024-04-04T23:22:10.060+0000] {dag.py:3823} INFO - Setting next_dagrun for example_branch_python_operator_decorator to 2024-04-03 00:00:00+00:00, run_after=2024-04-04 00:00:00+00:00
[2024-04-04T23:22:10.113+0000] {processor.py:183} INFO - Processing /home/airflow/.local/lib/python3.8/site-packages/airflow/example_dags/example_branch_operator_decorator.py took 0.269 seconds
[2024-04-04T23:22:40.678+0000] {processor.py:161} INFO - Started process (PID=48535) to work on /home/airflow/.local/lib/python3.8/site-packages/airflow/example_dags/example_branch_operator_decorator.py
[2024-04-04T23:22:40.681+0000] {processor.py:830} INFO - Processing file /home/airflow/.local/lib/python3.8/site-packages/airflow/example_dags/example_branch_operator_decorator.py for tasks to queue
[2024-04-04T23:22:40.683+0000] {logging_mixin.py:188} INFO - [2024-04-04T23:22:40.683+0000] {dagbag.py:538} INFO - Filling up the DagBag from /home/airflow/.local/lib/python3.8/site-packages/airflow/example_dags/example_branch_operator_decorator.py
[2024-04-04T23:22:40.733+0000] {processor.py:840} INFO - DAG(s) 'example_branch_python_operator_decorator' retrieved from /home/airflow/.local/lib/python3.8/site-packages/airflow/example_dags/example_branch_operator_decorator.py
[2024-04-04T23:22:40.797+0000] {logging_mixin.py:188} INFO - [2024-04-04T23:22:40.797+0000] {dag.py:3036} INFO - Sync 1 DAGs
[2024-04-04T23:22:40.841+0000] {logging_mixin.py:188} INFO - [2024-04-04T23:22:40.840+0000] {dag.py:3823} INFO - Setting next_dagrun for example_branch_python_operator_decorator to 2024-04-03 00:00:00+00:00, run_after=2024-04-04 00:00:00+00:00
[2024-04-04T23:22:40.878+0000] {processor.py:183} INFO - Processing /home/airflow/.local/lib/python3.8/site-packages/airflow/example_dags/example_branch_operator_decorator.py took 0.207 seconds
[2024-04-04T23:23:11.647+0000] {processor.py:161} INFO - Started process (PID=48601) to work on /home/airflow/.local/lib/python3.8/site-packages/airflow/example_dags/example_branch_operator_decorator.py
[2024-04-04T23:23:11.651+0000] {processor.py:830} INFO - Processing file /home/airflow/.local/lib/python3.8/site-packages/airflow/example_dags/example_branch_operator_decorator.py for tasks to queue
[2024-04-04T23:23:11.655+0000] {logging_mixin.py:188} INFO - [2024-04-04T23:23:11.654+0000] {dagbag.py:538} INFO - Filling up the DagBag from /home/airflow/.local/lib/python3.8/site-packages/airflow/example_dags/example_branch_operator_decorator.py
[2024-04-04T23:23:11.757+0000] {processor.py:840} INFO - DAG(s) 'example_branch_python_operator_decorator' retrieved from /home/airflow/.local/lib/python3.8/site-packages/airflow/example_dags/example_branch_operator_decorator.py
[2024-04-04T23:23:11.894+0000] {logging_mixin.py:188} INFO - [2024-04-04T23:23:11.892+0000] {dag.py:3036} INFO - Sync 1 DAGs
[2024-04-04T23:23:11.988+0000] {logging_mixin.py:188} INFO - [2024-04-04T23:23:11.987+0000] {dag.py:3823} INFO - Setting next_dagrun for example_branch_python_operator_decorator to 2024-04-03 00:00:00+00:00, run_after=2024-04-04 00:00:00+00:00
[2024-04-04T23:23:12.056+0000] {processor.py:183} INFO - Processing /home/airflow/.local/lib/python3.8/site-packages/airflow/example_dags/example_branch_operator_decorator.py took 0.422 seconds
[2024-04-04T23:23:43.173+0000] {processor.py:161} INFO - Started process (PID=48661) to work on /home/airflow/.local/lib/python3.8/site-packages/airflow/example_dags/example_branch_operator_decorator.py
[2024-04-04T23:23:43.179+0000] {processor.py:830} INFO - Processing file /home/airflow/.local/lib/python3.8/site-packages/airflow/example_dags/example_branch_operator_decorator.py for tasks to queue
[2024-04-04T23:23:43.185+0000] {logging_mixin.py:188} INFO - [2024-04-04T23:23:43.183+0000] {dagbag.py:538} INFO - Filling up the DagBag from /home/airflow/.local/lib/python3.8/site-packages/airflow/example_dags/example_branch_operator_decorator.py
[2024-04-04T23:23:43.330+0000] {processor.py:840} INFO - DAG(s) 'example_branch_python_operator_decorator' retrieved from /home/airflow/.local/lib/python3.8/site-packages/airflow/example_dags/example_branch_operator_decorator.py
[2024-04-04T23:23:43.540+0000] {logging_mixin.py:188} INFO - [2024-04-04T23:23:43.538+0000] {dag.py:3036} INFO - Sync 1 DAGs
[2024-04-04T23:23:43.689+0000] {logging_mixin.py:188} INFO - [2024-04-04T23:23:43.687+0000] {dag.py:3823} INFO - Setting next_dagrun for example_branch_python_operator_decorator to 2024-04-03 00:00:00+00:00, run_after=2024-04-04 00:00:00+00:00
[2024-04-04T23:23:43.804+0000] {processor.py:183} INFO - Processing /home/airflow/.local/lib/python3.8/site-packages/airflow/example_dags/example_branch_operator_decorator.py took 0.657 seconds
[2024-04-04T23:24:14.074+0000] {processor.py:161} INFO - Started process (PID=48721) to work on /home/airflow/.local/lib/python3.8/site-packages/airflow/example_dags/example_branch_operator_decorator.py
[2024-04-04T23:24:14.076+0000] {processor.py:830} INFO - Processing file /home/airflow/.local/lib/python3.8/site-packages/airflow/example_dags/example_branch_operator_decorator.py for tasks to queue
[2024-04-04T23:24:14.079+0000] {logging_mixin.py:188} INFO - [2024-04-04T23:24:14.078+0000] {dagbag.py:538} INFO - Filling up the DagBag from /home/airflow/.local/lib/python3.8/site-packages/airflow/example_dags/example_branch_operator_decorator.py
[2024-04-04T23:24:14.139+0000] {processor.py:840} INFO - DAG(s) 'example_branch_python_operator_decorator' retrieved from /home/airflow/.local/lib/python3.8/site-packages/airflow/example_dags/example_branch_operator_decorator.py
[2024-04-04T23:24:14.227+0000] {logging_mixin.py:188} INFO - [2024-04-04T23:24:14.226+0000] {dag.py:3036} INFO - Sync 1 DAGs
[2024-04-04T23:24:14.291+0000] {logging_mixin.py:188} INFO - [2024-04-04T23:24:14.290+0000] {dag.py:3823} INFO - Setting next_dagrun for example_branch_python_operator_decorator to 2024-04-03 00:00:00+00:00, run_after=2024-04-04 00:00:00+00:00
[2024-04-04T23:24:14.339+0000] {processor.py:183} INFO - Processing /home/airflow/.local/lib/python3.8/site-packages/airflow/example_dags/example_branch_operator_decorator.py took 0.275 seconds
[2024-04-04T23:24:44.555+0000] {processor.py:161} INFO - Started process (PID=48781) to work on /home/airflow/.local/lib/python3.8/site-packages/airflow/example_dags/example_branch_operator_decorator.py
[2024-04-04T23:24:44.558+0000] {processor.py:830} INFO - Processing file /home/airflow/.local/lib/python3.8/site-packages/airflow/example_dags/example_branch_operator_decorator.py for tasks to queue
[2024-04-04T23:24:44.560+0000] {logging_mixin.py:188} INFO - [2024-04-04T23:24:44.559+0000] {dagbag.py:538} INFO - Filling up the DagBag from /home/airflow/.local/lib/python3.8/site-packages/airflow/example_dags/example_branch_operator_decorator.py
[2024-04-04T23:24:44.711+0000] {processor.py:840} INFO - DAG(s) 'example_branch_python_operator_decorator' retrieved from /home/airflow/.local/lib/python3.8/site-packages/airflow/example_dags/example_branch_operator_decorator.py
[2024-04-04T23:24:44.853+0000] {logging_mixin.py:188} INFO - [2024-04-04T23:24:44.852+0000] {dag.py:3036} INFO - Sync 1 DAGs
[2024-04-04T23:24:44.917+0000] {logging_mixin.py:188} INFO - [2024-04-04T23:24:44.916+0000] {dag.py:3823} INFO - Setting next_dagrun for example_branch_python_operator_decorator to 2024-04-03 00:00:00+00:00, run_after=2024-04-04 00:00:00+00:00
[2024-04-04T23:24:44.964+0000] {processor.py:183} INFO - Processing /home/airflow/.local/lib/python3.8/site-packages/airflow/example_dags/example_branch_operator_decorator.py took 0.424 seconds
[2024-04-04T23:25:15.231+0000] {processor.py:161} INFO - Started process (PID=48841) to work on /home/airflow/.local/lib/python3.8/site-packages/airflow/example_dags/example_branch_operator_decorator.py
[2024-04-04T23:25:15.233+0000] {processor.py:830} INFO - Processing file /home/airflow/.local/lib/python3.8/site-packages/airflow/example_dags/example_branch_operator_decorator.py for tasks to queue
[2024-04-04T23:25:15.236+0000] {logging_mixin.py:188} INFO - [2024-04-04T23:25:15.235+0000] {dagbag.py:538} INFO - Filling up the DagBag from /home/airflow/.local/lib/python3.8/site-packages/airflow/example_dags/example_branch_operator_decorator.py
[2024-04-04T23:25:15.295+0000] {processor.py:840} INFO - DAG(s) 'example_branch_python_operator_decorator' retrieved from /home/airflow/.local/lib/python3.8/site-packages/airflow/example_dags/example_branch_operator_decorator.py
[2024-04-04T23:25:15.372+0000] {logging_mixin.py:188} INFO - [2024-04-04T23:25:15.371+0000] {dag.py:3036} INFO - Sync 1 DAGs
[2024-04-04T23:25:15.428+0000] {logging_mixin.py:188} INFO - [2024-04-04T23:25:15.427+0000] {dag.py:3823} INFO - Setting next_dagrun for example_branch_python_operator_decorator to 2024-04-03 00:00:00+00:00, run_after=2024-04-04 00:00:00+00:00
[2024-04-04T23:25:15.473+0000] {processor.py:183} INFO - Processing /home/airflow/.local/lib/python3.8/site-packages/airflow/example_dags/example_branch_operator_decorator.py took 0.250 seconds
[2024-04-04T23:25:46.342+0000] {processor.py:161} INFO - Started process (PID=48901) to work on /home/airflow/.local/lib/python3.8/site-packages/airflow/example_dags/example_branch_operator_decorator.py
[2024-04-04T23:25:46.350+0000] {processor.py:830} INFO - Processing file /home/airflow/.local/lib/python3.8/site-packages/airflow/example_dags/example_branch_operator_decorator.py for tasks to queue
[2024-04-04T23:25:46.356+0000] {logging_mixin.py:188} INFO - [2024-04-04T23:25:46.354+0000] {dagbag.py:538} INFO - Filling up the DagBag from /home/airflow/.local/lib/python3.8/site-packages/airflow/example_dags/example_branch_operator_decorator.py
[2024-04-04T23:25:46.582+0000] {processor.py:840} INFO - DAG(s) 'example_branch_python_operator_decorator' retrieved from /home/airflow/.local/lib/python3.8/site-packages/airflow/example_dags/example_branch_operator_decorator.py
[2024-04-04T23:25:46.783+0000] {logging_mixin.py:188} INFO - [2024-04-04T23:25:46.781+0000] {dag.py:3036} INFO - Sync 1 DAGs
[2024-04-04T23:25:46.950+0000] {logging_mixin.py:188} INFO - [2024-04-04T23:25:46.947+0000] {dag.py:3823} INFO - Setting next_dagrun for example_branch_python_operator_decorator to 2024-04-03 00:00:00+00:00, run_after=2024-04-04 00:00:00+00:00
[2024-04-04T23:25:47.109+0000] {processor.py:183} INFO - Processing /home/airflow/.local/lib/python3.8/site-packages/airflow/example_dags/example_branch_operator_decorator.py took 0.796 seconds
[2024-04-04T23:26:17.603+0000] {processor.py:161} INFO - Started process (PID=48961) to work on /home/airflow/.local/lib/python3.8/site-packages/airflow/example_dags/example_branch_operator_decorator.py
[2024-04-04T23:26:17.607+0000] {processor.py:830} INFO - Processing file /home/airflow/.local/lib/python3.8/site-packages/airflow/example_dags/example_branch_operator_decorator.py for tasks to queue
[2024-04-04T23:26:17.611+0000] {logging_mixin.py:188} INFO - [2024-04-04T23:26:17.610+0000] {dagbag.py:538} INFO - Filling up the DagBag from /home/airflow/.local/lib/python3.8/site-packages/airflow/example_dags/example_branch_operator_decorator.py
[2024-04-04T23:26:17.728+0000] {processor.py:840} INFO - DAG(s) 'example_branch_python_operator_decorator' retrieved from /home/airflow/.local/lib/python3.8/site-packages/airflow/example_dags/example_branch_operator_decorator.py
[2024-04-04T23:26:17.836+0000] {logging_mixin.py:188} INFO - [2024-04-04T23:26:17.835+0000] {dag.py:3036} INFO - Sync 1 DAGs
[2024-04-04T23:26:17.920+0000] {logging_mixin.py:188} INFO - [2024-04-04T23:26:17.919+0000] {dag.py:3823} INFO - Setting next_dagrun for example_branch_python_operator_decorator to 2024-04-03 00:00:00+00:00, run_after=2024-04-04 00:00:00+00:00
[2024-04-04T23:26:18.002+0000] {processor.py:183} INFO - Processing /home/airflow/.local/lib/python3.8/site-packages/airflow/example_dags/example_branch_operator_decorator.py took 0.414 seconds
[2024-04-04T23:26:48.231+0000] {processor.py:161} INFO - Started process (PID=49021) to work on /home/airflow/.local/lib/python3.8/site-packages/airflow/example_dags/example_branch_operator_decorator.py
[2024-04-04T23:26:48.233+0000] {processor.py:830} INFO - Processing file /home/airflow/.local/lib/python3.8/site-packages/airflow/example_dags/example_branch_operator_decorator.py for tasks to queue
[2024-04-04T23:26:48.235+0000] {logging_mixin.py:188} INFO - [2024-04-04T23:26:48.234+0000] {dagbag.py:538} INFO - Filling up the DagBag from /home/airflow/.local/lib/python3.8/site-packages/airflow/example_dags/example_branch_operator_decorator.py
[2024-04-04T23:26:48.274+0000] {processor.py:840} INFO - DAG(s) 'example_branch_python_operator_decorator' retrieved from /home/airflow/.local/lib/python3.8/site-packages/airflow/example_dags/example_branch_operator_decorator.py
[2024-04-04T23:26:48.335+0000] {logging_mixin.py:188} INFO - [2024-04-04T23:26:48.335+0000] {dag.py:3036} INFO - Sync 1 DAGs
[2024-04-04T23:26:48.378+0000] {logging_mixin.py:188} INFO - [2024-04-04T23:26:48.378+0000] {dag.py:3823} INFO - Setting next_dagrun for example_branch_python_operator_decorator to 2024-04-03 00:00:00+00:00, run_after=2024-04-04 00:00:00+00:00
[2024-04-04T23:26:48.428+0000] {processor.py:183} INFO - Processing /home/airflow/.local/lib/python3.8/site-packages/airflow/example_dags/example_branch_operator_decorator.py took 0.203 seconds
[2024-04-04T23:27:20.093+0000] {processor.py:161} INFO - Started process (PID=49082) to work on /home/airflow/.local/lib/python3.8/site-packages/airflow/example_dags/example_branch_operator_decorator.py
[2024-04-04T23:27:20.110+0000] {processor.py:830} INFO - Processing file /home/airflow/.local/lib/python3.8/site-packages/airflow/example_dags/example_branch_operator_decorator.py for tasks to queue
[2024-04-04T23:27:20.121+0000] {logging_mixin.py:188} INFO - [2024-04-04T23:27:20.118+0000] {dagbag.py:538} INFO - Filling up the DagBag from /home/airflow/.local/lib/python3.8/site-packages/airflow/example_dags/example_branch_operator_decorator.py
[2024-04-04T23:27:20.374+0000] {processor.py:840} INFO - DAG(s) 'example_branch_python_operator_decorator' retrieved from /home/airflow/.local/lib/python3.8/site-packages/airflow/example_dags/example_branch_operator_decorator.py
[2024-04-04T23:27:20.577+0000] {logging_mixin.py:188} INFO - [2024-04-04T23:27:20.575+0000] {dag.py:3036} INFO - Sync 1 DAGs
[2024-04-04T23:27:20.730+0000] {logging_mixin.py:188} INFO - [2024-04-04T23:27:20.728+0000] {dag.py:3823} INFO - Setting next_dagrun for example_branch_python_operator_decorator to 2024-04-03 00:00:00+00:00, run_after=2024-04-04 00:00:00+00:00
[2024-04-04T23:27:20.835+0000] {processor.py:183} INFO - Processing /home/airflow/.local/lib/python3.8/site-packages/airflow/example_dags/example_branch_operator_decorator.py took 0.775 seconds
[2024-04-04T23:27:51.373+0000] {processor.py:161} INFO - Started process (PID=49142) to work on /home/airflow/.local/lib/python3.8/site-packages/airflow/example_dags/example_branch_operator_decorator.py
[2024-04-04T23:27:51.378+0000] {processor.py:830} INFO - Processing file /home/airflow/.local/lib/python3.8/site-packages/airflow/example_dags/example_branch_operator_decorator.py for tasks to queue
[2024-04-04T23:27:51.384+0000] {logging_mixin.py:188} INFO - [2024-04-04T23:27:51.382+0000] {dagbag.py:538} INFO - Filling up the DagBag from /home/airflow/.local/lib/python3.8/site-packages/airflow/example_dags/example_branch_operator_decorator.py
[2024-04-04T23:27:51.520+0000] {processor.py:840} INFO - DAG(s) 'example_branch_python_operator_decorator' retrieved from /home/airflow/.local/lib/python3.8/site-packages/airflow/example_dags/example_branch_operator_decorator.py
[2024-04-04T23:27:51.681+0000] {logging_mixin.py:188} INFO - [2024-04-04T23:27:51.680+0000] {dag.py:3036} INFO - Sync 1 DAGs
[2024-04-04T23:27:51.769+0000] {logging_mixin.py:188} INFO - [2024-04-04T23:27:51.768+0000] {dag.py:3823} INFO - Setting next_dagrun for example_branch_python_operator_decorator to 2024-04-03 00:00:00+00:00, run_after=2024-04-04 00:00:00+00:00
[2024-04-04T23:27:51.845+0000] {processor.py:183} INFO - Processing /home/airflow/.local/lib/python3.8/site-packages/airflow/example_dags/example_branch_operator_decorator.py took 0.488 seconds
[2024-04-04T23:28:22.542+0000] {processor.py:161} INFO - Started process (PID=49201) to work on /home/airflow/.local/lib/python3.8/site-packages/airflow/example_dags/example_branch_operator_decorator.py
[2024-04-04T23:28:22.552+0000] {processor.py:830} INFO - Processing file /home/airflow/.local/lib/python3.8/site-packages/airflow/example_dags/example_branch_operator_decorator.py for tasks to queue
[2024-04-04T23:28:22.559+0000] {logging_mixin.py:188} INFO - [2024-04-04T23:28:22.556+0000] {dagbag.py:538} INFO - Filling up the DagBag from /home/airflow/.local/lib/python3.8/site-packages/airflow/example_dags/example_branch_operator_decorator.py
[2024-04-04T23:28:22.770+0000] {processor.py:840} INFO - DAG(s) 'example_branch_python_operator_decorator' retrieved from /home/airflow/.local/lib/python3.8/site-packages/airflow/example_dags/example_branch_operator_decorator.py
[2024-04-04T23:28:23.016+0000] {logging_mixin.py:188} INFO - [2024-04-04T23:28:23.014+0000] {dag.py:3036} INFO - Sync 1 DAGs
[2024-04-04T23:28:23.162+0000] {logging_mixin.py:188} INFO - [2024-04-04T23:28:23.161+0000] {dag.py:3823} INFO - Setting next_dagrun for example_branch_python_operator_decorator to 2024-04-03 00:00:00+00:00, run_after=2024-04-04 00:00:00+00:00
[2024-04-04T23:28:23.289+0000] {processor.py:183} INFO - Processing /home/airflow/.local/lib/python3.8/site-packages/airflow/example_dags/example_branch_operator_decorator.py took 0.802 seconds
[2024-04-04T23:28:54.268+0000] {processor.py:161} INFO - Started process (PID=49261) to work on /home/airflow/.local/lib/python3.8/site-packages/airflow/example_dags/example_branch_operator_decorator.py
[2024-04-04T23:28:54.270+0000] {processor.py:830} INFO - Processing file /home/airflow/.local/lib/python3.8/site-packages/airflow/example_dags/example_branch_operator_decorator.py for tasks to queue
[2024-04-04T23:28:54.273+0000] {logging_mixin.py:188} INFO - [2024-04-04T23:28:54.272+0000] {dagbag.py:538} INFO - Filling up the DagBag from /home/airflow/.local/lib/python3.8/site-packages/airflow/example_dags/example_branch_operator_decorator.py
[2024-04-04T23:28:54.330+0000] {processor.py:840} INFO - DAG(s) 'example_branch_python_operator_decorator' retrieved from /home/airflow/.local/lib/python3.8/site-packages/airflow/example_dags/example_branch_operator_decorator.py
[2024-04-04T23:28:54.409+0000] {logging_mixin.py:188} INFO - [2024-04-04T23:28:54.409+0000] {dag.py:3036} INFO - Sync 1 DAGs
[2024-04-04T23:28:54.465+0000] {logging_mixin.py:188} INFO - [2024-04-04T23:28:54.465+0000] {dag.py:3823} INFO - Setting next_dagrun for example_branch_python_operator_decorator to 2024-04-03 00:00:00+00:00, run_after=2024-04-04 00:00:00+00:00
[2024-04-04T23:28:54.511+0000] {processor.py:183} INFO - Processing /home/airflow/.local/lib/python3.8/site-packages/airflow/example_dags/example_branch_operator_decorator.py took 0.252 seconds
[2024-04-04T23:29:24.745+0000] {processor.py:161} INFO - Started process (PID=49321) to work on /home/airflow/.local/lib/python3.8/site-packages/airflow/example_dags/example_branch_operator_decorator.py
[2024-04-04T23:29:24.749+0000] {processor.py:830} INFO - Processing file /home/airflow/.local/lib/python3.8/site-packages/airflow/example_dags/example_branch_operator_decorator.py for tasks to queue
[2024-04-04T23:29:24.754+0000] {logging_mixin.py:188} INFO - [2024-04-04T23:29:24.753+0000] {dagbag.py:538} INFO - Filling up the DagBag from /home/airflow/.local/lib/python3.8/site-packages/airflow/example_dags/example_branch_operator_decorator.py
[2024-04-04T23:29:24.860+0000] {processor.py:840} INFO - DAG(s) 'example_branch_python_operator_decorator' retrieved from /home/airflow/.local/lib/python3.8/site-packages/airflow/example_dags/example_branch_operator_decorator.py
[2024-04-04T23:29:24.982+0000] {logging_mixin.py:188} INFO - [2024-04-04T23:29:24.981+0000] {dag.py:3036} INFO - Sync 1 DAGs
[2024-04-04T23:29:25.064+0000] {logging_mixin.py:188} INFO - [2024-04-04T23:29:25.064+0000] {dag.py:3823} INFO - Setting next_dagrun for example_branch_python_operator_decorator to 2024-04-03 00:00:00+00:00, run_after=2024-04-04 00:00:00+00:00
[2024-04-04T23:29:25.150+0000] {processor.py:183} INFO - Processing /home/airflow/.local/lib/python3.8/site-packages/airflow/example_dags/example_branch_operator_decorator.py took 0.419 seconds
[2024-04-04T23:29:55.558+0000] {processor.py:161} INFO - Started process (PID=49381) to work on /home/airflow/.local/lib/python3.8/site-packages/airflow/example_dags/example_branch_operator_decorator.py
[2024-04-04T23:29:55.562+0000] {processor.py:830} INFO - Processing file /home/airflow/.local/lib/python3.8/site-packages/airflow/example_dags/example_branch_operator_decorator.py for tasks to queue
[2024-04-04T23:29:55.566+0000] {logging_mixin.py:188} INFO - [2024-04-04T23:29:55.565+0000] {dagbag.py:538} INFO - Filling up the DagBag from /home/airflow/.local/lib/python3.8/site-packages/airflow/example_dags/example_branch_operator_decorator.py
[2024-04-04T23:29:55.666+0000] {processor.py:840} INFO - DAG(s) 'example_branch_python_operator_decorator' retrieved from /home/airflow/.local/lib/python3.8/site-packages/airflow/example_dags/example_branch_operator_decorator.py
[2024-04-04T23:29:55.790+0000] {logging_mixin.py:188} INFO - [2024-04-04T23:29:55.789+0000] {dag.py:3036} INFO - Sync 1 DAGs
[2024-04-04T23:29:55.872+0000] {logging_mixin.py:188} INFO - [2024-04-04T23:29:55.872+0000] {dag.py:3823} INFO - Setting next_dagrun for example_branch_python_operator_decorator to 2024-04-03 00:00:00+00:00, run_after=2024-04-04 00:00:00+00:00
[2024-04-04T23:29:55.937+0000] {processor.py:183} INFO - Processing /home/airflow/.local/lib/python3.8/site-packages/airflow/example_dags/example_branch_operator_decorator.py took 0.392 seconds
[2024-04-04T23:30:28.814+0000] {processor.py:161} INFO - Started process (PID=49441) to work on /home/airflow/.local/lib/python3.8/site-packages/airflow/example_dags/example_branch_operator_decorator.py
[2024-04-04T23:30:28.829+0000] {processor.py:830} INFO - Processing file /home/airflow/.local/lib/python3.8/site-packages/airflow/example_dags/example_branch_operator_decorator.py for tasks to queue
[2024-04-04T23:30:28.848+0000] {logging_mixin.py:188} INFO - [2024-04-04T23:30:28.841+0000] {dagbag.py:538} INFO - Filling up the DagBag from /home/airflow/.local/lib/python3.8/site-packages/airflow/example_dags/example_branch_operator_decorator.py
[2024-04-04T23:30:29.235+0000] {processor.py:840} INFO - DAG(s) 'example_branch_python_operator_decorator' retrieved from /home/airflow/.local/lib/python3.8/site-packages/airflow/example_dags/example_branch_operator_decorator.py
[2024-04-04T23:30:29.661+0000] {logging_mixin.py:188} INFO - [2024-04-04T23:30:29.659+0000] {dag.py:3036} INFO - Sync 1 DAGs
[2024-04-04T23:30:30.018+0000] {logging_mixin.py:188} INFO - [2024-04-04T23:30:30.016+0000] {dag.py:3823} INFO - Setting next_dagrun for example_branch_python_operator_decorator to 2024-04-03 00:00:00+00:00, run_after=2024-04-04 00:00:00+00:00
[2024-04-04T23:30:30.193+0000] {processor.py:183} INFO - Processing /home/airflow/.local/lib/python3.8/site-packages/airflow/example_dags/example_branch_operator_decorator.py took 1.416 seconds
[2024-04-04T23:31:00.504+0000] {processor.py:161} INFO - Started process (PID=49501) to work on /home/airflow/.local/lib/python3.8/site-packages/airflow/example_dags/example_branch_operator_decorator.py
[2024-04-04T23:31:00.509+0000] {processor.py:830} INFO - Processing file /home/airflow/.local/lib/python3.8/site-packages/airflow/example_dags/example_branch_operator_decorator.py for tasks to queue
[2024-04-04T23:31:00.515+0000] {logging_mixin.py:188} INFO - [2024-04-04T23:31:00.513+0000] {dagbag.py:538} INFO - Filling up the DagBag from /home/airflow/.local/lib/python3.8/site-packages/airflow/example_dags/example_branch_operator_decorator.py
[2024-04-04T23:31:00.674+0000] {processor.py:840} INFO - DAG(s) 'example_branch_python_operator_decorator' retrieved from /home/airflow/.local/lib/python3.8/site-packages/airflow/example_dags/example_branch_operator_decorator.py
[2024-04-04T23:31:00.837+0000] {logging_mixin.py:188} INFO - [2024-04-04T23:31:00.836+0000] {dag.py:3036} INFO - Sync 1 DAGs
[2024-04-04T23:31:00.954+0000] {logging_mixin.py:188} INFO - [2024-04-04T23:31:00.953+0000] {dag.py:3823} INFO - Setting next_dagrun for example_branch_python_operator_decorator to 2024-04-03 00:00:00+00:00, run_after=2024-04-04 00:00:00+00:00
[2024-04-04T23:31:01.044+0000] {processor.py:183} INFO - Processing /home/airflow/.local/lib/python3.8/site-packages/airflow/example_dags/example_branch_operator_decorator.py took 0.565 seconds
[2024-04-04T23:31:31.725+0000] {processor.py:161} INFO - Started process (PID=49561) to work on /home/airflow/.local/lib/python3.8/site-packages/airflow/example_dags/example_branch_operator_decorator.py
[2024-04-04T23:31:31.728+0000] {processor.py:830} INFO - Processing file /home/airflow/.local/lib/python3.8/site-packages/airflow/example_dags/example_branch_operator_decorator.py for tasks to queue
[2024-04-04T23:31:31.732+0000] {logging_mixin.py:188} INFO - [2024-04-04T23:31:31.731+0000] {dagbag.py:538} INFO - Filling up the DagBag from /home/airflow/.local/lib/python3.8/site-packages/airflow/example_dags/example_branch_operator_decorator.py
[2024-04-04T23:31:31.815+0000] {processor.py:840} INFO - DAG(s) 'example_branch_python_operator_decorator' retrieved from /home/airflow/.local/lib/python3.8/site-packages/airflow/example_dags/example_branch_operator_decorator.py
[2024-04-04T23:31:31.903+0000] {logging_mixin.py:188} INFO - [2024-04-04T23:31:31.903+0000] {dag.py:3036} INFO - Sync 1 DAGs
[2024-04-04T23:31:31.960+0000] {logging_mixin.py:188} INFO - [2024-04-04T23:31:31.960+0000] {dag.py:3823} INFO - Setting next_dagrun for example_branch_python_operator_decorator to 2024-04-03 00:00:00+00:00, run_after=2024-04-04 00:00:00+00:00
[2024-04-04T23:31:32.016+0000] {processor.py:183} INFO - Processing /home/airflow/.local/lib/python3.8/site-packages/airflow/example_dags/example_branch_operator_decorator.py took 0.300 seconds
