[2024-04-04T20:02:01.242+0000] {processor.py:161} INFO - Started process (PID=43471) to work on /home/airflow/.local/lib/python3.8/site-packages/airflow/example_dags/example_trigger_target_dag.py
[2024-04-04T20:02:01.245+0000] {processor.py:830} INFO - Processing file /home/airflow/.local/lib/python3.8/site-packages/airflow/example_dags/example_trigger_target_dag.py for tasks to queue
[2024-04-04T20:02:01.248+0000] {logging_mixin.py:188} INFO - [2024-04-04T20:02:01.248+0000] {dagbag.py:538} INFO - Filling up the DagBag from /home/airflow/.local/lib/python3.8/site-packages/airflow/example_dags/example_trigger_target_dag.py
[2024-04-04T20:02:01.262+0000] {processor.py:840} INFO - DAG(s) 'example_trigger_target_dag' retrieved from /home/airflow/.local/lib/python3.8/site-packages/airflow/example_dags/example_trigger_target_dag.py
[2024-04-04T20:02:01.349+0000] {logging_mixin.py:188} INFO - [2024-04-04T20:02:01.348+0000] {dag.py:3036} INFO - Sync 1 DAGs
[2024-04-04T20:02:01.413+0000] {logging_mixin.py:188} INFO - [2024-04-04T20:02:01.412+0000] {dag.py:3823} INFO - Setting next_dagrun for example_trigger_target_dag to None, run_after=None
[2024-04-04T20:02:01.518+0000] {processor.py:183} INFO - Processing /home/airflow/.local/lib/python3.8/site-packages/airflow/example_dags/example_trigger_target_dag.py took 0.282 seconds
[2024-04-04T18:12:29.465+0000] {processor.py:161} INFO - Started process (PID=46151) to work on /home/airflow/.local/lib/python3.8/site-packages/airflow/example_dags/example_trigger_target_dag.py
[2024-04-04T18:12:29.467+0000] {processor.py:830} INFO - Processing file /home/airflow/.local/lib/python3.8/site-packages/airflow/example_dags/example_trigger_target_dag.py for tasks to queue
[2024-04-04T18:12:29.469+0000] {logging_mixin.py:188} INFO - [2024-04-04T18:12:29.468+0000] {dagbag.py:538} INFO - Filling up the DagBag from /home/airflow/.local/lib/python3.8/site-packages/airflow/example_dags/example_trigger_target_dag.py
[2024-04-04T18:12:29.480+0000] {processor.py:840} INFO - DAG(s) 'example_trigger_target_dag' retrieved from /home/airflow/.local/lib/python3.8/site-packages/airflow/example_dags/example_trigger_target_dag.py
[2024-04-04T18:12:29.522+0000] {logging_mixin.py:188} INFO - [2024-04-04T18:12:29.521+0000] {dag.py:3036} INFO - Sync 1 DAGs
[2024-04-04T18:12:29.550+0000] {logging_mixin.py:188} INFO - [2024-04-04T18:12:29.550+0000] {dag.py:3823} INFO - Setting next_dagrun for example_trigger_target_dag to None, run_after=None
[2024-04-04T18:12:29.590+0000] {processor.py:183} INFO - Processing /home/airflow/.local/lib/python3.8/site-packages/airflow/example_dags/example_trigger_target_dag.py took 0.134 seconds
[2024-04-04T18:13:00.168+0000] {processor.py:161} INFO - Started process (PID=46211) to work on /home/airflow/.local/lib/python3.8/site-packages/airflow/example_dags/example_trigger_target_dag.py
[2024-04-04T18:13:00.170+0000] {processor.py:830} INFO - Processing file /home/airflow/.local/lib/python3.8/site-packages/airflow/example_dags/example_trigger_target_dag.py for tasks to queue
[2024-04-04T18:13:00.171+0000] {logging_mixin.py:188} INFO - [2024-04-04T18:13:00.171+0000] {dagbag.py:538} INFO - Filling up the DagBag from /home/airflow/.local/lib/python3.8/site-packages/airflow/example_dags/example_trigger_target_dag.py
[2024-04-04T18:13:00.177+0000] {processor.py:840} INFO - DAG(s) 'example_trigger_target_dag' retrieved from /home/airflow/.local/lib/python3.8/site-packages/airflow/example_dags/example_trigger_target_dag.py
[2024-04-04T18:13:00.200+0000] {logging_mixin.py:188} INFO - [2024-04-04T18:13:00.200+0000] {dag.py:3036} INFO - Sync 1 DAGs
[2024-04-04T18:13:00.217+0000] {logging_mixin.py:188} INFO - [2024-04-04T18:13:00.216+0000] {dag.py:3823} INFO - Setting next_dagrun for example_trigger_target_dag to None, run_after=None
[2024-04-04T18:13:00.238+0000] {processor.py:183} INFO - Processing /home/airflow/.local/lib/python3.8/site-packages/airflow/example_dags/example_trigger_target_dag.py took 0.073 seconds
[2024-04-04T18:13:30.632+0000] {processor.py:161} INFO - Started process (PID=46271) to work on /home/airflow/.local/lib/python3.8/site-packages/airflow/example_dags/example_trigger_target_dag.py
[2024-04-04T18:13:30.633+0000] {processor.py:830} INFO - Processing file /home/airflow/.local/lib/python3.8/site-packages/airflow/example_dags/example_trigger_target_dag.py for tasks to queue
[2024-04-04T18:13:30.634+0000] {logging_mixin.py:188} INFO - [2024-04-04T18:13:30.634+0000] {dagbag.py:538} INFO - Filling up the DagBag from /home/airflow/.local/lib/python3.8/site-packages/airflow/example_dags/example_trigger_target_dag.py
[2024-04-04T18:13:30.640+0000] {processor.py:840} INFO - DAG(s) 'example_trigger_target_dag' retrieved from /home/airflow/.local/lib/python3.8/site-packages/airflow/example_dags/example_trigger_target_dag.py
[2024-04-04T18:13:30.665+0000] {logging_mixin.py:188} INFO - [2024-04-04T18:13:30.664+0000] {dag.py:3036} INFO - Sync 1 DAGs
[2024-04-04T18:13:30.680+0000] {logging_mixin.py:188} INFO - [2024-04-04T18:13:30.679+0000] {dag.py:3823} INFO - Setting next_dagrun for example_trigger_target_dag to None, run_after=None
[2024-04-04T18:13:30.700+0000] {processor.py:183} INFO - Processing /home/airflow/.local/lib/python3.8/site-packages/airflow/example_dags/example_trigger_target_dag.py took 0.072 seconds
[2024-04-04T18:14:01.192+0000] {processor.py:161} INFO - Started process (PID=46331) to work on /home/airflow/.local/lib/python3.8/site-packages/airflow/example_dags/example_trigger_target_dag.py
[2024-04-04T18:14:01.195+0000] {processor.py:830} INFO - Processing file /home/airflow/.local/lib/python3.8/site-packages/airflow/example_dags/example_trigger_target_dag.py for tasks to queue
[2024-04-04T18:14:01.197+0000] {logging_mixin.py:188} INFO - [2024-04-04T18:14:01.196+0000] {dagbag.py:538} INFO - Filling up the DagBag from /home/airflow/.local/lib/python3.8/site-packages/airflow/example_dags/example_trigger_target_dag.py
[2024-04-04T18:14:01.210+0000] {processor.py:840} INFO - DAG(s) 'example_trigger_target_dag' retrieved from /home/airflow/.local/lib/python3.8/site-packages/airflow/example_dags/example_trigger_target_dag.py
[2024-04-04T18:14:01.256+0000] {logging_mixin.py:188} INFO - [2024-04-04T18:14:01.255+0000] {dag.py:3036} INFO - Sync 1 DAGs
[2024-04-04T18:14:01.293+0000] {logging_mixin.py:188} INFO - [2024-04-04T18:14:01.293+0000] {dag.py:3823} INFO - Setting next_dagrun for example_trigger_target_dag to None, run_after=None
[2024-04-04T18:14:01.341+0000] {processor.py:183} INFO - Processing /home/airflow/.local/lib/python3.8/site-packages/airflow/example_dags/example_trigger_target_dag.py took 0.155 seconds
[2024-04-04T18:14:31.723+0000] {processor.py:161} INFO - Started process (PID=46391) to work on /home/airflow/.local/lib/python3.8/site-packages/airflow/example_dags/example_trigger_target_dag.py
[2024-04-04T18:14:31.725+0000] {processor.py:830} INFO - Processing file /home/airflow/.local/lib/python3.8/site-packages/airflow/example_dags/example_trigger_target_dag.py for tasks to queue
[2024-04-04T18:14:31.726+0000] {logging_mixin.py:188} INFO - [2024-04-04T18:14:31.726+0000] {dagbag.py:538} INFO - Filling up the DagBag from /home/airflow/.local/lib/python3.8/site-packages/airflow/example_dags/example_trigger_target_dag.py
[2024-04-04T18:14:31.734+0000] {processor.py:840} INFO - DAG(s) 'example_trigger_target_dag' retrieved from /home/airflow/.local/lib/python3.8/site-packages/airflow/example_dags/example_trigger_target_dag.py
[2024-04-04T18:14:31.761+0000] {logging_mixin.py:188} INFO - [2024-04-04T18:14:31.760+0000] {dag.py:3036} INFO - Sync 1 DAGs
[2024-04-04T18:14:31.777+0000] {logging_mixin.py:188} INFO - [2024-04-04T18:14:31.777+0000] {dag.py:3823} INFO - Setting next_dagrun for example_trigger_target_dag to None, run_after=None
[2024-04-04T18:14:31.803+0000] {processor.py:183} INFO - Processing /home/airflow/.local/lib/python3.8/site-packages/airflow/example_dags/example_trigger_target_dag.py took 0.085 seconds
[2024-04-04T18:15:04.789+0000] {processor.py:161} INFO - Started process (PID=46451) to work on /home/airflow/.local/lib/python3.8/site-packages/airflow/example_dags/example_trigger_target_dag.py
[2024-04-04T18:15:04.795+0000] {processor.py:830} INFO - Processing file /home/airflow/.local/lib/python3.8/site-packages/airflow/example_dags/example_trigger_target_dag.py for tasks to queue
[2024-04-04T18:15:04.800+0000] {logging_mixin.py:188} INFO - [2024-04-04T18:15:04.798+0000] {dagbag.py:538} INFO - Filling up the DagBag from /home/airflow/.local/lib/python3.8/site-packages/airflow/example_dags/example_trigger_target_dag.py
[2024-04-04T18:15:04.837+0000] {processor.py:840} INFO - DAG(s) 'example_trigger_target_dag' retrieved from /home/airflow/.local/lib/python3.8/site-packages/airflow/example_dags/example_trigger_target_dag.py
[2024-04-04T18:15:04.948+0000] {logging_mixin.py:188} INFO - [2024-04-04T18:15:04.946+0000] {dag.py:3036} INFO - Sync 1 DAGs
[2024-04-04T18:15:05.033+0000] {logging_mixin.py:188} INFO - [2024-04-04T18:15:05.031+0000] {dag.py:3823} INFO - Setting next_dagrun for example_trigger_target_dag to None, run_after=None
[2024-04-04T18:15:05.197+0000] {processor.py:183} INFO - Processing /home/airflow/.local/lib/python3.8/site-packages/airflow/example_dags/example_trigger_target_dag.py took 0.427 seconds
[2024-04-04T18:15:39.808+0000] {processor.py:161} INFO - Started process (PID=46511) to work on /home/airflow/.local/lib/python3.8/site-packages/airflow/example_dags/example_trigger_target_dag.py
[2024-04-04T18:15:39.813+0000] {processor.py:830} INFO - Processing file /home/airflow/.local/lib/python3.8/site-packages/airflow/example_dags/example_trigger_target_dag.py for tasks to queue
[2024-04-04T18:15:39.819+0000] {logging_mixin.py:188} INFO - [2024-04-04T18:15:39.817+0000] {dagbag.py:538} INFO - Filling up the DagBag from /home/airflow/.local/lib/python3.8/site-packages/airflow/example_dags/example_trigger_target_dag.py
[2024-04-04T18:15:39.846+0000] {processor.py:840} INFO - DAG(s) 'example_trigger_target_dag' retrieved from /home/airflow/.local/lib/python3.8/site-packages/airflow/example_dags/example_trigger_target_dag.py
[2024-04-04T18:15:39.947+0000] {logging_mixin.py:188} INFO - [2024-04-04T18:15:39.946+0000] {dag.py:3036} INFO - Sync 1 DAGs
[2024-04-04T18:15:40.036+0000] {logging_mixin.py:188} INFO - [2024-04-04T18:15:40.034+0000] {dag.py:3823} INFO - Setting next_dagrun for example_trigger_target_dag to None, run_after=None
[2024-04-04T18:15:40.152+0000] {processor.py:183} INFO - Processing /home/airflow/.local/lib/python3.8/site-packages/airflow/example_dags/example_trigger_target_dag.py took 0.360 seconds
[2024-04-04T18:16:10.587+0000] {processor.py:161} INFO - Started process (PID=46571) to work on /home/airflow/.local/lib/python3.8/site-packages/airflow/example_dags/example_trigger_target_dag.py
[2024-04-04T18:16:10.592+0000] {processor.py:830} INFO - Processing file /home/airflow/.local/lib/python3.8/site-packages/airflow/example_dags/example_trigger_target_dag.py for tasks to queue
[2024-04-04T18:16:10.597+0000] {logging_mixin.py:188} INFO - [2024-04-04T18:16:10.595+0000] {dagbag.py:538} INFO - Filling up the DagBag from /home/airflow/.local/lib/python3.8/site-packages/airflow/example_dags/example_trigger_target_dag.py
[2024-04-04T18:16:10.623+0000] {processor.py:840} INFO - DAG(s) 'example_trigger_target_dag' retrieved from /home/airflow/.local/lib/python3.8/site-packages/airflow/example_dags/example_trigger_target_dag.py
[2024-04-04T18:16:10.719+0000] {logging_mixin.py:188} INFO - [2024-04-04T18:16:10.717+0000] {dag.py:3036} INFO - Sync 1 DAGs
[2024-04-04T18:16:10.778+0000] {logging_mixin.py:188} INFO - [2024-04-04T18:16:10.777+0000] {dag.py:3823} INFO - Setting next_dagrun for example_trigger_target_dag to None, run_after=None
[2024-04-04T18:16:10.870+0000] {processor.py:183} INFO - Processing /home/airflow/.local/lib/python3.8/site-packages/airflow/example_dags/example_trigger_target_dag.py took 0.302 seconds
[2024-04-04T18:16:41.443+0000] {processor.py:161} INFO - Started process (PID=46631) to work on /home/airflow/.local/lib/python3.8/site-packages/airflow/example_dags/example_trigger_target_dag.py
[2024-04-04T18:16:41.447+0000] {processor.py:830} INFO - Processing file /home/airflow/.local/lib/python3.8/site-packages/airflow/example_dags/example_trigger_target_dag.py for tasks to queue
[2024-04-04T18:16:41.451+0000] {logging_mixin.py:188} INFO - [2024-04-04T18:16:41.450+0000] {dagbag.py:538} INFO - Filling up the DagBag from /home/airflow/.local/lib/python3.8/site-packages/airflow/example_dags/example_trigger_target_dag.py
[2024-04-04T18:16:41.479+0000] {processor.py:840} INFO - DAG(s) 'example_trigger_target_dag' retrieved from /home/airflow/.local/lib/python3.8/site-packages/airflow/example_dags/example_trigger_target_dag.py
[2024-04-04T18:16:41.566+0000] {logging_mixin.py:188} INFO - [2024-04-04T18:16:41.565+0000] {dag.py:3036} INFO - Sync 1 DAGs
[2024-04-04T18:16:41.680+0000] {logging_mixin.py:188} INFO - [2024-04-04T18:16:41.679+0000] {dag.py:3823} INFO - Setting next_dagrun for example_trigger_target_dag to None, run_after=None
[2024-04-04T18:16:41.798+0000] {processor.py:183} INFO - Processing /home/airflow/.local/lib/python3.8/site-packages/airflow/example_dags/example_trigger_target_dag.py took 0.370 seconds
[2024-04-04T18:17:11.896+0000] {processor.py:161} INFO - Started process (PID=46692) to work on /home/airflow/.local/lib/python3.8/site-packages/airflow/example_dags/example_trigger_target_dag.py
[2024-04-04T18:17:11.899+0000] {processor.py:830} INFO - Processing file /home/airflow/.local/lib/python3.8/site-packages/airflow/example_dags/example_trigger_target_dag.py for tasks to queue
[2024-04-04T18:17:11.903+0000] {logging_mixin.py:188} INFO - [2024-04-04T18:17:11.902+0000] {dagbag.py:538} INFO - Filling up the DagBag from /home/airflow/.local/lib/python3.8/site-packages/airflow/example_dags/example_trigger_target_dag.py
[2024-04-04T18:17:11.923+0000] {processor.py:840} INFO - DAG(s) 'example_trigger_target_dag' retrieved from /home/airflow/.local/lib/python3.8/site-packages/airflow/example_dags/example_trigger_target_dag.py
[2024-04-04T18:17:11.996+0000] {logging_mixin.py:188} INFO - [2024-04-04T18:17:11.995+0000] {dag.py:3036} INFO - Sync 1 DAGs
[2024-04-04T18:17:12.044+0000] {logging_mixin.py:188} INFO - [2024-04-04T18:17:12.043+0000] {dag.py:3823} INFO - Setting next_dagrun for example_trigger_target_dag to None, run_after=None
[2024-04-04T18:17:12.103+0000] {processor.py:183} INFO - Processing /home/airflow/.local/lib/python3.8/site-packages/airflow/example_dags/example_trigger_target_dag.py took 0.220 seconds
[2024-04-04T18:17:44.574+0000] {processor.py:161} INFO - Started process (PID=46752) to work on /home/airflow/.local/lib/python3.8/site-packages/airflow/example_dags/example_trigger_target_dag.py
[2024-04-04T18:17:44.583+0000] {processor.py:830} INFO - Processing file /home/airflow/.local/lib/python3.8/site-packages/airflow/example_dags/example_trigger_target_dag.py for tasks to queue
[2024-04-04T18:17:44.592+0000] {logging_mixin.py:188} INFO - [2024-04-04T18:17:44.590+0000] {dagbag.py:538} INFO - Filling up the DagBag from /home/airflow/.local/lib/python3.8/site-packages/airflow/example_dags/example_trigger_target_dag.py
[2024-04-04T18:17:44.642+0000] {processor.py:840} INFO - DAG(s) 'example_trigger_target_dag' retrieved from /home/airflow/.local/lib/python3.8/site-packages/airflow/example_dags/example_trigger_target_dag.py
[2024-04-04T18:17:44.872+0000] {logging_mixin.py:188} INFO - [2024-04-04T18:17:44.868+0000] {dag.py:3036} INFO - Sync 1 DAGs
[2024-04-04T18:17:45.177+0000] {logging_mixin.py:188} INFO - [2024-04-04T18:17:45.169+0000] {dag.py:3823} INFO - Setting next_dagrun for example_trigger_target_dag to None, run_after=None
[2024-04-04T18:17:45.416+0000] {processor.py:183} INFO - Processing /home/airflow/.local/lib/python3.8/site-packages/airflow/example_dags/example_trigger_target_dag.py took 0.876 seconds
[2024-04-04T18:18:17.308+0000] {processor.py:161} INFO - Started process (PID=46813) to work on /home/airflow/.local/lib/python3.8/site-packages/airflow/example_dags/example_trigger_target_dag.py
[2024-04-04T18:18:17.314+0000] {processor.py:830} INFO - Processing file /home/airflow/.local/lib/python3.8/site-packages/airflow/example_dags/example_trigger_target_dag.py for tasks to queue
[2024-04-04T18:18:17.320+0000] {logging_mixin.py:188} INFO - [2024-04-04T18:18:17.318+0000] {dagbag.py:538} INFO - Filling up the DagBag from /home/airflow/.local/lib/python3.8/site-packages/airflow/example_dags/example_trigger_target_dag.py
[2024-04-04T18:18:17.351+0000] {processor.py:840} INFO - DAG(s) 'example_trigger_target_dag' retrieved from /home/airflow/.local/lib/python3.8/site-packages/airflow/example_dags/example_trigger_target_dag.py
[2024-04-04T18:18:17.494+0000] {logging_mixin.py:188} INFO - [2024-04-04T18:18:17.492+0000] {dag.py:3036} INFO - Sync 1 DAGs
[2024-04-04T18:18:17.607+0000] {logging_mixin.py:188} INFO - [2024-04-04T18:18:17.605+0000] {dag.py:3823} INFO - Setting next_dagrun for example_trigger_target_dag to None, run_after=None
[2024-04-04T18:18:17.737+0000] {processor.py:183} INFO - Processing /home/airflow/.local/lib/python3.8/site-packages/airflow/example_dags/example_trigger_target_dag.py took 0.451 seconds
[2024-04-04T18:18:48.282+0000] {processor.py:161} INFO - Started process (PID=46873) to work on /home/airflow/.local/lib/python3.8/site-packages/airflow/example_dags/example_trigger_target_dag.py
[2024-04-04T18:18:48.287+0000] {processor.py:830} INFO - Processing file /home/airflow/.local/lib/python3.8/site-packages/airflow/example_dags/example_trigger_target_dag.py for tasks to queue
[2024-04-04T18:18:48.293+0000] {logging_mixin.py:188} INFO - [2024-04-04T18:18:48.292+0000] {dagbag.py:538} INFO - Filling up the DagBag from /home/airflow/.local/lib/python3.8/site-packages/airflow/example_dags/example_trigger_target_dag.py
[2024-04-04T18:18:48.319+0000] {processor.py:840} INFO - DAG(s) 'example_trigger_target_dag' retrieved from /home/airflow/.local/lib/python3.8/site-packages/airflow/example_dags/example_trigger_target_dag.py
[2024-04-04T18:18:48.421+0000] {logging_mixin.py:188} INFO - [2024-04-04T18:18:48.420+0000] {dag.py:3036} INFO - Sync 1 DAGs
[2024-04-04T18:18:48.509+0000] {logging_mixin.py:188} INFO - [2024-04-04T18:18:48.508+0000] {dag.py:3823} INFO - Setting next_dagrun for example_trigger_target_dag to None, run_after=None
[2024-04-04T18:18:48.596+0000] {processor.py:183} INFO - Processing /home/airflow/.local/lib/python3.8/site-packages/airflow/example_dags/example_trigger_target_dag.py took 0.331 seconds
[2024-04-04T18:19:19.251+0000] {processor.py:161} INFO - Started process (PID=46933) to work on /home/airflow/.local/lib/python3.8/site-packages/airflow/example_dags/example_trigger_target_dag.py
[2024-04-04T18:19:19.253+0000] {processor.py:830} INFO - Processing file /home/airflow/.local/lib/python3.8/site-packages/airflow/example_dags/example_trigger_target_dag.py for tasks to queue
[2024-04-04T18:19:19.255+0000] {logging_mixin.py:188} INFO - [2024-04-04T18:19:19.255+0000] {dagbag.py:538} INFO - Filling up the DagBag from /home/airflow/.local/lib/python3.8/site-packages/airflow/example_dags/example_trigger_target_dag.py
[2024-04-04T18:19:19.265+0000] {processor.py:840} INFO - DAG(s) 'example_trigger_target_dag' retrieved from /home/airflow/.local/lib/python3.8/site-packages/airflow/example_dags/example_trigger_target_dag.py
[2024-04-04T18:19:19.302+0000] {logging_mixin.py:188} INFO - [2024-04-04T18:19:19.301+0000] {dag.py:3036} INFO - Sync 1 DAGs
[2024-04-04T18:19:19.326+0000] {logging_mixin.py:188} INFO - [2024-04-04T18:19:19.326+0000] {dag.py:3823} INFO - Setting next_dagrun for example_trigger_target_dag to None, run_after=None
[2024-04-04T18:19:19.365+0000] {processor.py:183} INFO - Processing /home/airflow/.local/lib/python3.8/site-packages/airflow/example_dags/example_trigger_target_dag.py took 0.120 seconds
[2024-04-04T18:19:50.112+0000] {processor.py:161} INFO - Started process (PID=46993) to work on /home/airflow/.local/lib/python3.8/site-packages/airflow/example_dags/example_trigger_target_dag.py
[2024-04-04T18:19:50.114+0000] {processor.py:830} INFO - Processing file /home/airflow/.local/lib/python3.8/site-packages/airflow/example_dags/example_trigger_target_dag.py for tasks to queue
[2024-04-04T18:19:50.116+0000] {logging_mixin.py:188} INFO - [2024-04-04T18:19:50.115+0000] {dagbag.py:538} INFO - Filling up the DagBag from /home/airflow/.local/lib/python3.8/site-packages/airflow/example_dags/example_trigger_target_dag.py
[2024-04-04T18:19:50.127+0000] {processor.py:840} INFO - DAG(s) 'example_trigger_target_dag' retrieved from /home/airflow/.local/lib/python3.8/site-packages/airflow/example_dags/example_trigger_target_dag.py
[2024-04-04T18:19:50.165+0000] {logging_mixin.py:188} INFO - [2024-04-04T18:19:50.164+0000] {dag.py:3036} INFO - Sync 1 DAGs
[2024-04-04T18:19:50.188+0000] {logging_mixin.py:188} INFO - [2024-04-04T18:19:50.188+0000] {dag.py:3823} INFO - Setting next_dagrun for example_trigger_target_dag to None, run_after=None
[2024-04-04T18:19:50.235+0000] {processor.py:183} INFO - Processing /home/airflow/.local/lib/python3.8/site-packages/airflow/example_dags/example_trigger_target_dag.py took 0.130 seconds
[2024-04-04T18:20:20.622+0000] {processor.py:161} INFO - Started process (PID=47053) to work on /home/airflow/.local/lib/python3.8/site-packages/airflow/example_dags/example_trigger_target_dag.py
[2024-04-04T18:20:20.626+0000] {processor.py:830} INFO - Processing file /home/airflow/.local/lib/python3.8/site-packages/airflow/example_dags/example_trigger_target_dag.py for tasks to queue
[2024-04-04T18:20:20.630+0000] {logging_mixin.py:188} INFO - [2024-04-04T18:20:20.629+0000] {dagbag.py:538} INFO - Filling up the DagBag from /home/airflow/.local/lib/python3.8/site-packages/airflow/example_dags/example_trigger_target_dag.py
[2024-04-04T18:20:20.655+0000] {processor.py:840} INFO - DAG(s) 'example_trigger_target_dag' retrieved from /home/airflow/.local/lib/python3.8/site-packages/airflow/example_dags/example_trigger_target_dag.py
[2024-04-04T18:20:20.740+0000] {logging_mixin.py:188} INFO - [2024-04-04T18:20:20.739+0000] {dag.py:3036} INFO - Sync 1 DAGs
[2024-04-04T18:20:20.797+0000] {logging_mixin.py:188} INFO - [2024-04-04T18:20:20.796+0000] {dag.py:3823} INFO - Setting next_dagrun for example_trigger_target_dag to None, run_after=None
[2024-04-04T18:20:20.886+0000] {processor.py:183} INFO - Processing /home/airflow/.local/lib/python3.8/site-packages/airflow/example_dags/example_trigger_target_dag.py took 0.279 seconds
[2024-04-04T18:20:51.414+0000] {processor.py:161} INFO - Started process (PID=47113) to work on /home/airflow/.local/lib/python3.8/site-packages/airflow/example_dags/example_trigger_target_dag.py
[2024-04-04T18:20:51.419+0000] {processor.py:830} INFO - Processing file /home/airflow/.local/lib/python3.8/site-packages/airflow/example_dags/example_trigger_target_dag.py for tasks to queue
[2024-04-04T18:20:51.429+0000] {logging_mixin.py:188} INFO - [2024-04-04T18:20:51.426+0000] {dagbag.py:538} INFO - Filling up the DagBag from /home/airflow/.local/lib/python3.8/site-packages/airflow/example_dags/example_trigger_target_dag.py
[2024-04-04T18:20:51.507+0000] {processor.py:840} INFO - DAG(s) 'example_trigger_target_dag' retrieved from /home/airflow/.local/lib/python3.8/site-packages/airflow/example_dags/example_trigger_target_dag.py
[2024-04-04T18:20:51.697+0000] {logging_mixin.py:188} INFO - [2024-04-04T18:20:51.696+0000] {dag.py:3036} INFO - Sync 1 DAGs
[2024-04-04T18:20:51.799+0000] {logging_mixin.py:188} INFO - [2024-04-04T18:20:51.796+0000] {dag.py:3823} INFO - Setting next_dagrun for example_trigger_target_dag to None, run_after=None
[2024-04-04T18:20:51.960+0000] {processor.py:183} INFO - Processing /home/airflow/.local/lib/python3.8/site-packages/airflow/example_dags/example_trigger_target_dag.py took 0.566 seconds
[2024-04-04T18:21:22.154+0000] {processor.py:161} INFO - Started process (PID=47173) to work on /home/airflow/.local/lib/python3.8/site-packages/airflow/example_dags/example_trigger_target_dag.py
[2024-04-04T18:21:22.157+0000] {processor.py:830} INFO - Processing file /home/airflow/.local/lib/python3.8/site-packages/airflow/example_dags/example_trigger_target_dag.py for tasks to queue
[2024-04-04T18:21:22.160+0000] {logging_mixin.py:188} INFO - [2024-04-04T18:21:22.159+0000] {dagbag.py:538} INFO - Filling up the DagBag from /home/airflow/.local/lib/python3.8/site-packages/airflow/example_dags/example_trigger_target_dag.py
[2024-04-04T18:21:22.172+0000] {processor.py:840} INFO - DAG(s) 'example_trigger_target_dag' retrieved from /home/airflow/.local/lib/python3.8/site-packages/airflow/example_dags/example_trigger_target_dag.py
[2024-04-04T18:21:22.222+0000] {logging_mixin.py:188} INFO - [2024-04-04T18:21:22.221+0000] {dag.py:3036} INFO - Sync 1 DAGs
[2024-04-04T18:21:22.259+0000] {logging_mixin.py:188} INFO - [2024-04-04T18:21:22.258+0000] {dag.py:3823} INFO - Setting next_dagrun for example_trigger_target_dag to None, run_after=None
[2024-04-04T18:21:22.306+0000] {processor.py:183} INFO - Processing /home/airflow/.local/lib/python3.8/site-packages/airflow/example_dags/example_trigger_target_dag.py took 0.161 seconds
[2024-04-04T18:21:52.714+0000] {processor.py:161} INFO - Started process (PID=47233) to work on /home/airflow/.local/lib/python3.8/site-packages/airflow/example_dags/example_trigger_target_dag.py
[2024-04-04T18:21:52.718+0000] {processor.py:830} INFO - Processing file /home/airflow/.local/lib/python3.8/site-packages/airflow/example_dags/example_trigger_target_dag.py for tasks to queue
[2024-04-04T18:21:52.722+0000] {logging_mixin.py:188} INFO - [2024-04-04T18:21:52.721+0000] {dagbag.py:538} INFO - Filling up the DagBag from /home/airflow/.local/lib/python3.8/site-packages/airflow/example_dags/example_trigger_target_dag.py
[2024-04-04T18:21:52.742+0000] {processor.py:840} INFO - DAG(s) 'example_trigger_target_dag' retrieved from /home/airflow/.local/lib/python3.8/site-packages/airflow/example_dags/example_trigger_target_dag.py
[2024-04-04T18:21:52.834+0000] {logging_mixin.py:188} INFO - [2024-04-04T18:21:52.833+0000] {dag.py:3036} INFO - Sync 1 DAGs
[2024-04-04T18:21:52.907+0000] {logging_mixin.py:188} INFO - [2024-04-04T18:21:52.906+0000] {dag.py:3823} INFO - Setting next_dagrun for example_trigger_target_dag to None, run_after=None
[2024-04-04T18:21:52.979+0000] {processor.py:183} INFO - Processing /home/airflow/.local/lib/python3.8/site-packages/airflow/example_dags/example_trigger_target_dag.py took 0.277 seconds
[2024-04-04T18:22:23.685+0000] {processor.py:161} INFO - Started process (PID=47293) to work on /home/airflow/.local/lib/python3.8/site-packages/airflow/example_dags/example_trigger_target_dag.py
[2024-04-04T18:22:23.691+0000] {processor.py:830} INFO - Processing file /home/airflow/.local/lib/python3.8/site-packages/airflow/example_dags/example_trigger_target_dag.py for tasks to queue
[2024-04-04T18:22:23.697+0000] {logging_mixin.py:188} INFO - [2024-04-04T18:22:23.695+0000] {dagbag.py:538} INFO - Filling up the DagBag from /home/airflow/.local/lib/python3.8/site-packages/airflow/example_dags/example_trigger_target_dag.py
[2024-04-04T18:22:23.731+0000] {processor.py:840} INFO - DAG(s) 'example_trigger_target_dag' retrieved from /home/airflow/.local/lib/python3.8/site-packages/airflow/example_dags/example_trigger_target_dag.py
[2024-04-04T18:22:23.855+0000] {logging_mixin.py:188} INFO - [2024-04-04T18:22:23.853+0000] {dag.py:3036} INFO - Sync 1 DAGs
[2024-04-04T18:22:23.935+0000] {logging_mixin.py:188} INFO - [2024-04-04T18:22:23.933+0000] {dag.py:3823} INFO - Setting next_dagrun for example_trigger_target_dag to None, run_after=None
[2024-04-04T18:22:24.038+0000] {processor.py:183} INFO - Processing /home/airflow/.local/lib/python3.8/site-packages/airflow/example_dags/example_trigger_target_dag.py took 0.374 seconds
[2024-04-04T18:22:54.472+0000] {processor.py:161} INFO - Started process (PID=47353) to work on /home/airflow/.local/lib/python3.8/site-packages/airflow/example_dags/example_trigger_target_dag.py
[2024-04-04T18:22:54.478+0000] {processor.py:830} INFO - Processing file /home/airflow/.local/lib/python3.8/site-packages/airflow/example_dags/example_trigger_target_dag.py for tasks to queue
[2024-04-04T18:22:54.492+0000] {logging_mixin.py:188} INFO - [2024-04-04T18:22:54.484+0000] {dagbag.py:538} INFO - Filling up the DagBag from /home/airflow/.local/lib/python3.8/site-packages/airflow/example_dags/example_trigger_target_dag.py
[2024-04-04T18:22:54.543+0000] {processor.py:840} INFO - DAG(s) 'example_trigger_target_dag' retrieved from /home/airflow/.local/lib/python3.8/site-packages/airflow/example_dags/example_trigger_target_dag.py
[2024-04-04T18:22:54.770+0000] {logging_mixin.py:188} INFO - [2024-04-04T18:22:54.768+0000] {dag.py:3036} INFO - Sync 1 DAGs
[2024-04-04T18:22:54.880+0000] {logging_mixin.py:188} INFO - [2024-04-04T18:22:54.878+0000] {dag.py:3823} INFO - Setting next_dagrun for example_trigger_target_dag to None, run_after=None
[2024-04-04T18:22:55.037+0000] {processor.py:183} INFO - Processing /home/airflow/.local/lib/python3.8/site-packages/airflow/example_dags/example_trigger_target_dag.py took 0.590 seconds
[2024-04-04T18:23:25.758+0000] {processor.py:161} INFO - Started process (PID=47419) to work on /home/airflow/.local/lib/python3.8/site-packages/airflow/example_dags/example_trigger_target_dag.py
[2024-04-04T18:23:25.761+0000] {processor.py:830} INFO - Processing file /home/airflow/.local/lib/python3.8/site-packages/airflow/example_dags/example_trigger_target_dag.py for tasks to queue
[2024-04-04T18:23:25.765+0000] {logging_mixin.py:188} INFO - [2024-04-04T18:23:25.765+0000] {dagbag.py:538} INFO - Filling up the DagBag from /home/airflow/.local/lib/python3.8/site-packages/airflow/example_dags/example_trigger_target_dag.py
[2024-04-04T18:23:25.792+0000] {processor.py:840} INFO - DAG(s) 'example_trigger_target_dag' retrieved from /home/airflow/.local/lib/python3.8/site-packages/airflow/example_dags/example_trigger_target_dag.py
[2024-04-04T18:23:25.855+0000] {logging_mixin.py:188} INFO - [2024-04-04T18:23:25.854+0000] {dag.py:3036} INFO - Sync 1 DAGs
[2024-04-04T18:23:25.898+0000] {logging_mixin.py:188} INFO - [2024-04-04T18:23:25.897+0000] {dag.py:3823} INFO - Setting next_dagrun for example_trigger_target_dag to None, run_after=None
[2024-04-04T18:23:25.970+0000] {processor.py:183} INFO - Processing /home/airflow/.local/lib/python3.8/site-packages/airflow/example_dags/example_trigger_target_dag.py took 0.224 seconds
[2024-04-04T19:14:52.612+0000] {processor.py:161} INFO - Started process (PID=47519) to work on /home/airflow/.local/lib/python3.8/site-packages/airflow/example_dags/example_trigger_target_dag.py
[2024-04-04T19:14:52.617+0000] {processor.py:830} INFO - Processing file /home/airflow/.local/lib/python3.8/site-packages/airflow/example_dags/example_trigger_target_dag.py for tasks to queue
[2024-04-04T19:14:52.623+0000] {logging_mixin.py:188} INFO - [2024-04-04T19:14:52.621+0000] {dagbag.py:538} INFO - Filling up the DagBag from /home/airflow/.local/lib/python3.8/site-packages/airflow/example_dags/example_trigger_target_dag.py
[2024-04-04T19:14:52.652+0000] {processor.py:840} INFO - DAG(s) 'example_trigger_target_dag' retrieved from /home/airflow/.local/lib/python3.8/site-packages/airflow/example_dags/example_trigger_target_dag.py
[2024-04-04T19:14:52.751+0000] {logging_mixin.py:188} INFO - [2024-04-04T19:14:52.750+0000] {dag.py:3036} INFO - Sync 1 DAGs
[2024-04-04T19:14:52.825+0000] {logging_mixin.py:188} INFO - [2024-04-04T19:14:52.824+0000] {dag.py:3823} INFO - Setting next_dagrun for example_trigger_target_dag to None, run_after=None
[2024-04-04T19:14:52.925+0000] {processor.py:183} INFO - Processing /home/airflow/.local/lib/python3.8/site-packages/airflow/example_dags/example_trigger_target_dag.py took 0.333 seconds
[2024-04-04T19:15:23.620+0000] {processor.py:161} INFO - Started process (PID=47579) to work on /home/airflow/.local/lib/python3.8/site-packages/airflow/example_dags/example_trigger_target_dag.py
[2024-04-04T19:15:23.631+0000] {processor.py:830} INFO - Processing file /home/airflow/.local/lib/python3.8/site-packages/airflow/example_dags/example_trigger_target_dag.py for tasks to queue
[2024-04-04T19:15:23.638+0000] {logging_mixin.py:188} INFO - [2024-04-04T19:15:23.636+0000] {dagbag.py:538} INFO - Filling up the DagBag from /home/airflow/.local/lib/python3.8/site-packages/airflow/example_dags/example_trigger_target_dag.py
[2024-04-04T19:15:23.683+0000] {processor.py:840} INFO - DAG(s) 'example_trigger_target_dag' retrieved from /home/airflow/.local/lib/python3.8/site-packages/airflow/example_dags/example_trigger_target_dag.py
[2024-04-04T19:15:23.833+0000] {logging_mixin.py:188} INFO - [2024-04-04T19:15:23.832+0000] {dag.py:3036} INFO - Sync 1 DAGs
[2024-04-04T19:15:23.942+0000] {logging_mixin.py:188} INFO - [2024-04-04T19:15:23.940+0000] {dag.py:3823} INFO - Setting next_dagrun for example_trigger_target_dag to None, run_after=None
[2024-04-04T19:15:24.086+0000] {processor.py:183} INFO - Processing /home/airflow/.local/lib/python3.8/site-packages/airflow/example_dags/example_trigger_target_dag.py took 0.488 seconds
[2024-04-04T23:15:15.419+0000] {processor.py:161} INFO - Started process (PID=47683) to work on /home/airflow/.local/lib/python3.8/site-packages/airflow/example_dags/example_trigger_target_dag.py
[2024-04-04T23:15:15.436+0000] {processor.py:830} INFO - Processing file /home/airflow/.local/lib/python3.8/site-packages/airflow/example_dags/example_trigger_target_dag.py for tasks to queue
[2024-04-04T23:15:15.452+0000] {logging_mixin.py:188} INFO - [2024-04-04T23:15:15.450+0000] {dagbag.py:538} INFO - Filling up the DagBag from /home/airflow/.local/lib/python3.8/site-packages/airflow/example_dags/example_trigger_target_dag.py
[2024-04-04T23:15:15.517+0000] {processor.py:840} INFO - DAG(s) 'example_trigger_target_dag' retrieved from /home/airflow/.local/lib/python3.8/site-packages/airflow/example_dags/example_trigger_target_dag.py
[2024-04-04T23:15:15.917+0000] {logging_mixin.py:188} INFO - [2024-04-04T23:15:15.915+0000] {dag.py:3036} INFO - Sync 1 DAGs
[2024-04-04T23:15:16.031+0000] {logging_mixin.py:188} INFO - [2024-04-04T23:15:16.029+0000] {dag.py:3823} INFO - Setting next_dagrun for example_trigger_target_dag to None, run_after=None
[2024-04-04T23:15:16.231+0000] {processor.py:183} INFO - Processing /home/airflow/.local/lib/python3.8/site-packages/airflow/example_dags/example_trigger_target_dag.py took 0.864 seconds
[2024-04-04T23:15:49.286+0000] {processor.py:161} INFO - Started process (PID=47743) to work on /home/airflow/.local/lib/python3.8/site-packages/airflow/example_dags/example_trigger_target_dag.py
[2024-04-04T23:15:49.291+0000] {processor.py:830} INFO - Processing file /home/airflow/.local/lib/python3.8/site-packages/airflow/example_dags/example_trigger_target_dag.py for tasks to queue
[2024-04-04T23:15:49.297+0000] {logging_mixin.py:188} INFO - [2024-04-04T23:15:49.295+0000] {dagbag.py:538} INFO - Filling up the DagBag from /home/airflow/.local/lib/python3.8/site-packages/airflow/example_dags/example_trigger_target_dag.py
[2024-04-04T23:15:49.326+0000] {processor.py:840} INFO - DAG(s) 'example_trigger_target_dag' retrieved from /home/airflow/.local/lib/python3.8/site-packages/airflow/example_dags/example_trigger_target_dag.py
[2024-04-04T23:15:49.465+0000] {logging_mixin.py:188} INFO - [2024-04-04T23:15:49.464+0000] {dag.py:3036} INFO - Sync 1 DAGs
[2024-04-04T23:15:49.592+0000] {logging_mixin.py:188} INFO - [2024-04-04T23:15:49.590+0000] {dag.py:3823} INFO - Setting next_dagrun for example_trigger_target_dag to None, run_after=None
[2024-04-04T23:15:49.719+0000] {processor.py:183} INFO - Processing /home/airflow/.local/lib/python3.8/site-packages/airflow/example_dags/example_trigger_target_dag.py took 0.452 seconds
[2024-04-04T23:16:20.474+0000] {processor.py:161} INFO - Started process (PID=47803) to work on /home/airflow/.local/lib/python3.8/site-packages/airflow/example_dags/example_trigger_target_dag.py
[2024-04-04T23:16:20.478+0000] {processor.py:830} INFO - Processing file /home/airflow/.local/lib/python3.8/site-packages/airflow/example_dags/example_trigger_target_dag.py for tasks to queue
[2024-04-04T23:16:20.484+0000] {logging_mixin.py:188} INFO - [2024-04-04T23:16:20.482+0000] {dagbag.py:538} INFO - Filling up the DagBag from /home/airflow/.local/lib/python3.8/site-packages/airflow/example_dags/example_trigger_target_dag.py
[2024-04-04T23:16:20.529+0000] {processor.py:840} INFO - DAG(s) 'example_trigger_target_dag' retrieved from /home/airflow/.local/lib/python3.8/site-packages/airflow/example_dags/example_trigger_target_dag.py
[2024-04-04T23:16:20.636+0000] {logging_mixin.py:188} INFO - [2024-04-04T23:16:20.634+0000] {dag.py:3036} INFO - Sync 1 DAGs
[2024-04-04T23:16:20.747+0000] {logging_mixin.py:188} INFO - [2024-04-04T23:16:20.746+0000] {dag.py:3823} INFO - Setting next_dagrun for example_trigger_target_dag to None, run_after=None
[2024-04-04T23:16:20.847+0000] {processor.py:183} INFO - Processing /home/airflow/.local/lib/python3.8/site-packages/airflow/example_dags/example_trigger_target_dag.py took 0.390 seconds
[2024-04-04T23:16:51.120+0000] {processor.py:161} INFO - Started process (PID=47863) to work on /home/airflow/.local/lib/python3.8/site-packages/airflow/example_dags/example_trigger_target_dag.py
[2024-04-04T23:16:51.126+0000] {processor.py:830} INFO - Processing file /home/airflow/.local/lib/python3.8/site-packages/airflow/example_dags/example_trigger_target_dag.py for tasks to queue
[2024-04-04T23:16:51.133+0000] {logging_mixin.py:188} INFO - [2024-04-04T23:16:51.131+0000] {dagbag.py:538} INFO - Filling up the DagBag from /home/airflow/.local/lib/python3.8/site-packages/airflow/example_dags/example_trigger_target_dag.py
[2024-04-04T23:16:51.176+0000] {processor.py:840} INFO - DAG(s) 'example_trigger_target_dag' retrieved from /home/airflow/.local/lib/python3.8/site-packages/airflow/example_dags/example_trigger_target_dag.py
[2024-04-04T23:16:51.289+0000] {logging_mixin.py:188} INFO - [2024-04-04T23:16:51.287+0000] {dag.py:3036} INFO - Sync 1 DAGs
[2024-04-04T23:16:51.380+0000] {logging_mixin.py:188} INFO - [2024-04-04T23:16:51.378+0000] {dag.py:3823} INFO - Setting next_dagrun for example_trigger_target_dag to None, run_after=None
[2024-04-04T23:16:51.482+0000] {processor.py:183} INFO - Processing /home/airflow/.local/lib/python3.8/site-packages/airflow/example_dags/example_trigger_target_dag.py took 0.382 seconds
[2024-04-04T23:17:22.271+0000] {processor.py:161} INFO - Started process (PID=47923) to work on /home/airflow/.local/lib/python3.8/site-packages/airflow/example_dags/example_trigger_target_dag.py
[2024-04-04T23:17:22.274+0000] {processor.py:830} INFO - Processing file /home/airflow/.local/lib/python3.8/site-packages/airflow/example_dags/example_trigger_target_dag.py for tasks to queue
[2024-04-04T23:17:22.277+0000] {logging_mixin.py:188} INFO - [2024-04-04T23:17:22.277+0000] {dagbag.py:538} INFO - Filling up the DagBag from /home/airflow/.local/lib/python3.8/site-packages/airflow/example_dags/example_trigger_target_dag.py
[2024-04-04T23:17:22.291+0000] {processor.py:840} INFO - DAG(s) 'example_trigger_target_dag' retrieved from /home/airflow/.local/lib/python3.8/site-packages/airflow/example_dags/example_trigger_target_dag.py
[2024-04-04T23:17:22.344+0000] {logging_mixin.py:188} INFO - [2024-04-04T23:17:22.343+0000] {dag.py:3036} INFO - Sync 1 DAGs
[2024-04-04T23:17:22.378+0000] {logging_mixin.py:188} INFO - [2024-04-04T23:17:22.378+0000] {dag.py:3823} INFO - Setting next_dagrun for example_trigger_target_dag to None, run_after=None
[2024-04-04T23:17:22.424+0000] {processor.py:183} INFO - Processing /home/airflow/.local/lib/python3.8/site-packages/airflow/example_dags/example_trigger_target_dag.py took 0.161 seconds
[2024-04-04T23:17:52.944+0000] {processor.py:161} INFO - Started process (PID=47983) to work on /home/airflow/.local/lib/python3.8/site-packages/airflow/example_dags/example_trigger_target_dag.py
[2024-04-04T23:17:52.947+0000] {processor.py:830} INFO - Processing file /home/airflow/.local/lib/python3.8/site-packages/airflow/example_dags/example_trigger_target_dag.py for tasks to queue
[2024-04-04T23:17:52.949+0000] {logging_mixin.py:188} INFO - [2024-04-04T23:17:52.949+0000] {dagbag.py:538} INFO - Filling up the DagBag from /home/airflow/.local/lib/python3.8/site-packages/airflow/example_dags/example_trigger_target_dag.py
[2024-04-04T23:17:52.962+0000] {processor.py:840} INFO - DAG(s) 'example_trigger_target_dag' retrieved from /home/airflow/.local/lib/python3.8/site-packages/airflow/example_dags/example_trigger_target_dag.py
[2024-04-04T23:17:53.010+0000] {logging_mixin.py:188} INFO - [2024-04-04T23:17:53.009+0000] {dag.py:3036} INFO - Sync 1 DAGs
[2024-04-04T23:17:53.040+0000] {logging_mixin.py:188} INFO - [2024-04-04T23:17:53.040+0000] {dag.py:3823} INFO - Setting next_dagrun for example_trigger_target_dag to None, run_after=None
[2024-04-04T23:17:53.084+0000] {processor.py:183} INFO - Processing /home/airflow/.local/lib/python3.8/site-packages/airflow/example_dags/example_trigger_target_dag.py took 0.147 seconds
[2024-04-04T23:18:23.473+0000] {processor.py:161} INFO - Started process (PID=48043) to work on /home/airflow/.local/lib/python3.8/site-packages/airflow/example_dags/example_trigger_target_dag.py
[2024-04-04T23:18:23.482+0000] {processor.py:830} INFO - Processing file /home/airflow/.local/lib/python3.8/site-packages/airflow/example_dags/example_trigger_target_dag.py for tasks to queue
[2024-04-04T23:18:23.494+0000] {logging_mixin.py:188} INFO - [2024-04-04T23:18:23.490+0000] {dagbag.py:538} INFO - Filling up the DagBag from /home/airflow/.local/lib/python3.8/site-packages/airflow/example_dags/example_trigger_target_dag.py
[2024-04-04T23:18:23.533+0000] {processor.py:840} INFO - DAG(s) 'example_trigger_target_dag' retrieved from /home/airflow/.local/lib/python3.8/site-packages/airflow/example_dags/example_trigger_target_dag.py
[2024-04-04T23:18:23.678+0000] {logging_mixin.py:188} INFO - [2024-04-04T23:18:23.676+0000] {dag.py:3036} INFO - Sync 1 DAGs
[2024-04-04T23:18:23.782+0000] {logging_mixin.py:188} INFO - [2024-04-04T23:18:23.780+0000] {dag.py:3823} INFO - Setting next_dagrun for example_trigger_target_dag to None, run_after=None
[2024-04-04T23:18:23.939+0000] {processor.py:183} INFO - Processing /home/airflow/.local/lib/python3.8/site-packages/airflow/example_dags/example_trigger_target_dag.py took 0.489 seconds
[2024-04-04T23:18:54.575+0000] {processor.py:161} INFO - Started process (PID=48104) to work on /home/airflow/.local/lib/python3.8/site-packages/airflow/example_dags/example_trigger_target_dag.py
[2024-04-04T23:18:54.591+0000] {processor.py:830} INFO - Processing file /home/airflow/.local/lib/python3.8/site-packages/airflow/example_dags/example_trigger_target_dag.py for tasks to queue
[2024-04-04T23:18:54.599+0000] {logging_mixin.py:188} INFO - [2024-04-04T23:18:54.596+0000] {dagbag.py:538} INFO - Filling up the DagBag from /home/airflow/.local/lib/python3.8/site-packages/airflow/example_dags/example_trigger_target_dag.py
[2024-04-04T23:18:54.629+0000] {processor.py:840} INFO - DAG(s) 'example_trigger_target_dag' retrieved from /home/airflow/.local/lib/python3.8/site-packages/airflow/example_dags/example_trigger_target_dag.py
[2024-04-04T23:18:54.739+0000] {logging_mixin.py:188} INFO - [2024-04-04T23:18:54.738+0000] {dag.py:3036} INFO - Sync 1 DAGs
[2024-04-04T23:18:54.843+0000] {logging_mixin.py:188} INFO - [2024-04-04T23:18:54.841+0000] {dag.py:3823} INFO - Setting next_dagrun for example_trigger_target_dag to None, run_after=None
[2024-04-04T23:18:54.972+0000] {processor.py:183} INFO - Processing /home/airflow/.local/lib/python3.8/site-packages/airflow/example_dags/example_trigger_target_dag.py took 0.437 seconds
[2024-04-04T23:19:25.324+0000] {processor.py:161} INFO - Started process (PID=48164) to work on /home/airflow/.local/lib/python3.8/site-packages/airflow/example_dags/example_trigger_target_dag.py
[2024-04-04T23:19:25.326+0000] {processor.py:830} INFO - Processing file /home/airflow/.local/lib/python3.8/site-packages/airflow/example_dags/example_trigger_target_dag.py for tasks to queue
[2024-04-04T23:19:25.329+0000] {logging_mixin.py:188} INFO - [2024-04-04T23:19:25.329+0000] {dagbag.py:538} INFO - Filling up the DagBag from /home/airflow/.local/lib/python3.8/site-packages/airflow/example_dags/example_trigger_target_dag.py
[2024-04-04T23:19:25.343+0000] {processor.py:840} INFO - DAG(s) 'example_trigger_target_dag' retrieved from /home/airflow/.local/lib/python3.8/site-packages/airflow/example_dags/example_trigger_target_dag.py
[2024-04-04T23:19:25.402+0000] {logging_mixin.py:188} INFO - [2024-04-04T23:19:25.401+0000] {dag.py:3036} INFO - Sync 1 DAGs
[2024-04-04T23:19:25.434+0000] {logging_mixin.py:188} INFO - [2024-04-04T23:19:25.433+0000] {dag.py:3823} INFO - Setting next_dagrun for example_trigger_target_dag to None, run_after=None
[2024-04-04T23:19:25.485+0000] {processor.py:183} INFO - Processing /home/airflow/.local/lib/python3.8/site-packages/airflow/example_dags/example_trigger_target_dag.py took 0.170 seconds
[2024-04-04T23:19:56.123+0000] {processor.py:161} INFO - Started process (PID=48224) to work on /home/airflow/.local/lib/python3.8/site-packages/airflow/example_dags/example_trigger_target_dag.py
[2024-04-04T23:19:56.126+0000] {processor.py:830} INFO - Processing file /home/airflow/.local/lib/python3.8/site-packages/airflow/example_dags/example_trigger_target_dag.py for tasks to queue
[2024-04-04T23:19:56.129+0000] {logging_mixin.py:188} INFO - [2024-04-04T23:19:56.128+0000] {dagbag.py:538} INFO - Filling up the DagBag from /home/airflow/.local/lib/python3.8/site-packages/airflow/example_dags/example_trigger_target_dag.py
[2024-04-04T23:19:56.143+0000] {processor.py:840} INFO - DAG(s) 'example_trigger_target_dag' retrieved from /home/airflow/.local/lib/python3.8/site-packages/airflow/example_dags/example_trigger_target_dag.py
[2024-04-04T23:19:56.211+0000] {logging_mixin.py:188} INFO - [2024-04-04T23:19:56.210+0000] {dag.py:3036} INFO - Sync 1 DAGs
[2024-04-04T23:19:56.258+0000] {logging_mixin.py:188} INFO - [2024-04-04T23:19:56.257+0000] {dag.py:3823} INFO - Setting next_dagrun for example_trigger_target_dag to None, run_after=None
[2024-04-04T23:19:56.319+0000] {processor.py:183} INFO - Processing /home/airflow/.local/lib/python3.8/site-packages/airflow/example_dags/example_trigger_target_dag.py took 0.206 seconds
[2024-04-04T23:20:27.210+0000] {processor.py:161} INFO - Started process (PID=48284) to work on /home/airflow/.local/lib/python3.8/site-packages/airflow/example_dags/example_trigger_target_dag.py
[2024-04-04T23:20:27.216+0000] {processor.py:830} INFO - Processing file /home/airflow/.local/lib/python3.8/site-packages/airflow/example_dags/example_trigger_target_dag.py for tasks to queue
[2024-04-04T23:20:27.220+0000] {logging_mixin.py:188} INFO - [2024-04-04T23:20:27.219+0000] {dagbag.py:538} INFO - Filling up the DagBag from /home/airflow/.local/lib/python3.8/site-packages/airflow/example_dags/example_trigger_target_dag.py
[2024-04-04T23:20:27.255+0000] {processor.py:840} INFO - DAG(s) 'example_trigger_target_dag' retrieved from /home/airflow/.local/lib/python3.8/site-packages/airflow/example_dags/example_trigger_target_dag.py
[2024-04-04T23:20:27.364+0000] {logging_mixin.py:188} INFO - [2024-04-04T23:20:27.363+0000] {dag.py:3036} INFO - Sync 1 DAGs
[2024-04-04T23:20:27.441+0000] {logging_mixin.py:188} INFO - [2024-04-04T23:20:27.439+0000] {dag.py:3823} INFO - Setting next_dagrun for example_trigger_target_dag to None, run_after=None
[2024-04-04T23:20:27.569+0000] {processor.py:183} INFO - Processing /home/airflow/.local/lib/python3.8/site-packages/airflow/example_dags/example_trigger_target_dag.py took 0.376 seconds
[2024-04-04T23:20:58.513+0000] {processor.py:161} INFO - Started process (PID=48344) to work on /home/airflow/.local/lib/python3.8/site-packages/airflow/example_dags/example_trigger_target_dag.py
[2024-04-04T23:20:58.519+0000] {processor.py:830} INFO - Processing file /home/airflow/.local/lib/python3.8/site-packages/airflow/example_dags/example_trigger_target_dag.py for tasks to queue
[2024-04-04T23:20:58.523+0000] {logging_mixin.py:188} INFO - [2024-04-04T23:20:58.522+0000] {dagbag.py:538} INFO - Filling up the DagBag from /home/airflow/.local/lib/python3.8/site-packages/airflow/example_dags/example_trigger_target_dag.py
[2024-04-04T23:20:58.554+0000] {processor.py:840} INFO - DAG(s) 'example_trigger_target_dag' retrieved from /home/airflow/.local/lib/python3.8/site-packages/airflow/example_dags/example_trigger_target_dag.py
[2024-04-04T23:20:58.679+0000] {logging_mixin.py:188} INFO - [2024-04-04T23:20:58.678+0000] {dag.py:3036} INFO - Sync 1 DAGs
[2024-04-04T23:20:58.788+0000] {logging_mixin.py:188} INFO - [2024-04-04T23:20:58.783+0000] {dag.py:3823} INFO - Setting next_dagrun for example_trigger_target_dag to None, run_after=None
[2024-04-04T23:20:58.921+0000] {processor.py:183} INFO - Processing /home/airflow/.local/lib/python3.8/site-packages/airflow/example_dags/example_trigger_target_dag.py took 0.426 seconds
[2024-04-04T23:21:29.583+0000] {processor.py:161} INFO - Started process (PID=48403) to work on /home/airflow/.local/lib/python3.8/site-packages/airflow/example_dags/example_trigger_target_dag.py
[2024-04-04T23:21:29.586+0000] {processor.py:830} INFO - Processing file /home/airflow/.local/lib/python3.8/site-packages/airflow/example_dags/example_trigger_target_dag.py for tasks to queue
[2024-04-04T23:21:29.588+0000] {logging_mixin.py:188} INFO - [2024-04-04T23:21:29.588+0000] {dagbag.py:538} INFO - Filling up the DagBag from /home/airflow/.local/lib/python3.8/site-packages/airflow/example_dags/example_trigger_target_dag.py
[2024-04-04T23:21:29.600+0000] {processor.py:840} INFO - DAG(s) 'example_trigger_target_dag' retrieved from /home/airflow/.local/lib/python3.8/site-packages/airflow/example_dags/example_trigger_target_dag.py
[2024-04-04T23:21:29.651+0000] {logging_mixin.py:188} INFO - [2024-04-04T23:21:29.650+0000] {dag.py:3036} INFO - Sync 1 DAGs
[2024-04-04T23:21:29.680+0000] {logging_mixin.py:188} INFO - [2024-04-04T23:21:29.679+0000] {dag.py:3823} INFO - Setting next_dagrun for example_trigger_target_dag to None, run_after=None
[2024-04-04T23:21:29.736+0000] {processor.py:183} INFO - Processing /home/airflow/.local/lib/python3.8/site-packages/airflow/example_dags/example_trigger_target_dag.py took 0.161 seconds
[2024-04-04T23:21:59.973+0000] {processor.py:161} INFO - Started process (PID=48463) to work on /home/airflow/.local/lib/python3.8/site-packages/airflow/example_dags/example_trigger_target_dag.py
[2024-04-04T23:21:59.975+0000] {processor.py:830} INFO - Processing file /home/airflow/.local/lib/python3.8/site-packages/airflow/example_dags/example_trigger_target_dag.py for tasks to queue
[2024-04-04T23:21:59.977+0000] {logging_mixin.py:188} INFO - [2024-04-04T23:21:59.977+0000] {dagbag.py:538} INFO - Filling up the DagBag from /home/airflow/.local/lib/python3.8/site-packages/airflow/example_dags/example_trigger_target_dag.py
[2024-04-04T23:21:59.989+0000] {processor.py:840} INFO - DAG(s) 'example_trigger_target_dag' retrieved from /home/airflow/.local/lib/python3.8/site-packages/airflow/example_dags/example_trigger_target_dag.py
[2024-04-04T23:22:00.040+0000] {logging_mixin.py:188} INFO - [2024-04-04T23:22:00.040+0000] {dag.py:3036} INFO - Sync 1 DAGs
[2024-04-04T23:22:00.074+0000] {logging_mixin.py:188} INFO - [2024-04-04T23:22:00.073+0000] {dag.py:3823} INFO - Setting next_dagrun for example_trigger_target_dag to None, run_after=None
[2024-04-04T23:22:00.122+0000] {processor.py:183} INFO - Processing /home/airflow/.local/lib/python3.8/site-packages/airflow/example_dags/example_trigger_target_dag.py took 0.157 seconds
[2024-04-04T23:22:30.832+0000] {processor.py:161} INFO - Started process (PID=48523) to work on /home/airflow/.local/lib/python3.8/site-packages/airflow/example_dags/example_trigger_target_dag.py
[2024-04-04T23:22:30.837+0000] {processor.py:830} INFO - Processing file /home/airflow/.local/lib/python3.8/site-packages/airflow/example_dags/example_trigger_target_dag.py for tasks to queue
[2024-04-04T23:22:30.843+0000] {logging_mixin.py:188} INFO - [2024-04-04T23:22:30.841+0000] {dagbag.py:538} INFO - Filling up the DagBag from /home/airflow/.local/lib/python3.8/site-packages/airflow/example_dags/example_trigger_target_dag.py
[2024-04-04T23:22:30.872+0000] {processor.py:840} INFO - DAG(s) 'example_trigger_target_dag' retrieved from /home/airflow/.local/lib/python3.8/site-packages/airflow/example_dags/example_trigger_target_dag.py
[2024-04-04T23:22:30.985+0000] {logging_mixin.py:188} INFO - [2024-04-04T23:22:30.984+0000] {dag.py:3036} INFO - Sync 1 DAGs
[2024-04-04T23:22:31.060+0000] {logging_mixin.py:188} INFO - [2024-04-04T23:22:31.059+0000] {dag.py:3823} INFO - Setting next_dagrun for example_trigger_target_dag to None, run_after=None
[2024-04-04T23:22:31.164+0000] {processor.py:183} INFO - Processing /home/airflow/.local/lib/python3.8/site-packages/airflow/example_dags/example_trigger_target_dag.py took 0.352 seconds
[2024-04-04T23:23:01.604+0000] {processor.py:161} INFO - Started process (PID=48583) to work on /home/airflow/.local/lib/python3.8/site-packages/airflow/example_dags/example_trigger_target_dag.py
[2024-04-04T23:23:01.610+0000] {processor.py:830} INFO - Processing file /home/airflow/.local/lib/python3.8/site-packages/airflow/example_dags/example_trigger_target_dag.py for tasks to queue
[2024-04-04T23:23:01.616+0000] {logging_mixin.py:188} INFO - [2024-04-04T23:23:01.614+0000] {dagbag.py:538} INFO - Filling up the DagBag from /home/airflow/.local/lib/python3.8/site-packages/airflow/example_dags/example_trigger_target_dag.py
[2024-04-04T23:23:01.654+0000] {processor.py:840} INFO - DAG(s) 'example_trigger_target_dag' retrieved from /home/airflow/.local/lib/python3.8/site-packages/airflow/example_dags/example_trigger_target_dag.py
[2024-04-04T23:23:01.794+0000] {logging_mixin.py:188} INFO - [2024-04-04T23:23:01.792+0000] {dag.py:3036} INFO - Sync 1 DAGs
[2024-04-04T23:23:01.903+0000] {logging_mixin.py:188} INFO - [2024-04-04T23:23:01.901+0000] {dag.py:3823} INFO - Setting next_dagrun for example_trigger_target_dag to None, run_after=None
[2024-04-04T23:23:02.083+0000] {processor.py:183} INFO - Processing /home/airflow/.local/lib/python3.8/site-packages/airflow/example_dags/example_trigger_target_dag.py took 0.502 seconds
[2024-04-04T23:23:32.300+0000] {processor.py:161} INFO - Started process (PID=48643) to work on /home/airflow/.local/lib/python3.8/site-packages/airflow/example_dags/example_trigger_target_dag.py
[2024-04-04T23:23:32.302+0000] {processor.py:830} INFO - Processing file /home/airflow/.local/lib/python3.8/site-packages/airflow/example_dags/example_trigger_target_dag.py for tasks to queue
[2024-04-04T23:23:32.305+0000] {logging_mixin.py:188} INFO - [2024-04-04T23:23:32.304+0000] {dagbag.py:538} INFO - Filling up the DagBag from /home/airflow/.local/lib/python3.8/site-packages/airflow/example_dags/example_trigger_target_dag.py
[2024-04-04T23:23:32.318+0000] {processor.py:840} INFO - DAG(s) 'example_trigger_target_dag' retrieved from /home/airflow/.local/lib/python3.8/site-packages/airflow/example_dags/example_trigger_target_dag.py
[2024-04-04T23:23:32.379+0000] {logging_mixin.py:188} INFO - [2024-04-04T23:23:32.378+0000] {dag.py:3036} INFO - Sync 1 DAGs
[2024-04-04T23:23:32.415+0000] {logging_mixin.py:188} INFO - [2024-04-04T23:23:32.414+0000] {dag.py:3823} INFO - Setting next_dagrun for example_trigger_target_dag to None, run_after=None
[2024-04-04T23:23:32.460+0000] {processor.py:183} INFO - Processing /home/airflow/.local/lib/python3.8/site-packages/airflow/example_dags/example_trigger_target_dag.py took 0.169 seconds
[2024-04-04T23:24:02.790+0000] {processor.py:161} INFO - Started process (PID=48703) to work on /home/airflow/.local/lib/python3.8/site-packages/airflow/example_dags/example_trigger_target_dag.py
[2024-04-04T23:24:02.793+0000] {processor.py:830} INFO - Processing file /home/airflow/.local/lib/python3.8/site-packages/airflow/example_dags/example_trigger_target_dag.py for tasks to queue
[2024-04-04T23:24:02.796+0000] {logging_mixin.py:188} INFO - [2024-04-04T23:24:02.795+0000] {dagbag.py:538} INFO - Filling up the DagBag from /home/airflow/.local/lib/python3.8/site-packages/airflow/example_dags/example_trigger_target_dag.py
[2024-04-04T23:24:02.809+0000] {processor.py:840} INFO - DAG(s) 'example_trigger_target_dag' retrieved from /home/airflow/.local/lib/python3.8/site-packages/airflow/example_dags/example_trigger_target_dag.py
[2024-04-04T23:24:02.857+0000] {logging_mixin.py:188} INFO - [2024-04-04T23:24:02.856+0000] {dag.py:3036} INFO - Sync 1 DAGs
[2024-04-04T23:24:02.891+0000] {logging_mixin.py:188} INFO - [2024-04-04T23:24:02.890+0000] {dag.py:3823} INFO - Setting next_dagrun for example_trigger_target_dag to None, run_after=None
[2024-04-04T23:24:02.931+0000] {processor.py:183} INFO - Processing /home/airflow/.local/lib/python3.8/site-packages/airflow/example_dags/example_trigger_target_dag.py took 0.149 seconds
[2024-04-04T23:24:33.813+0000] {processor.py:161} INFO - Started process (PID=48763) to work on /home/airflow/.local/lib/python3.8/site-packages/airflow/example_dags/example_trigger_target_dag.py
[2024-04-04T23:24:33.817+0000] {processor.py:830} INFO - Processing file /home/airflow/.local/lib/python3.8/site-packages/airflow/example_dags/example_trigger_target_dag.py for tasks to queue
[2024-04-04T23:24:33.824+0000] {logging_mixin.py:188} INFO - [2024-04-04T23:24:33.821+0000] {dagbag.py:538} INFO - Filling up the DagBag from /home/airflow/.local/lib/python3.8/site-packages/airflow/example_dags/example_trigger_target_dag.py
[2024-04-04T23:24:33.849+0000] {processor.py:840} INFO - DAG(s) 'example_trigger_target_dag' retrieved from /home/airflow/.local/lib/python3.8/site-packages/airflow/example_dags/example_trigger_target_dag.py
[2024-04-04T23:24:33.969+0000] {logging_mixin.py:188} INFO - [2024-04-04T23:24:33.968+0000] {dag.py:3036} INFO - Sync 1 DAGs
[2024-04-04T23:24:34.057+0000] {logging_mixin.py:188} INFO - [2024-04-04T23:24:34.056+0000] {dag.py:3823} INFO - Setting next_dagrun for example_trigger_target_dag to None, run_after=None
[2024-04-04T23:24:34.126+0000] {processor.py:183} INFO - Processing /home/airflow/.local/lib/python3.8/site-packages/airflow/example_dags/example_trigger_target_dag.py took 0.327 seconds
[2024-04-04T23:25:05.601+0000] {processor.py:161} INFO - Started process (PID=48823) to work on /home/airflow/.local/lib/python3.8/site-packages/airflow/example_dags/example_trigger_target_dag.py
[2024-04-04T23:25:05.607+0000] {processor.py:830} INFO - Processing file /home/airflow/.local/lib/python3.8/site-packages/airflow/example_dags/example_trigger_target_dag.py for tasks to queue
[2024-04-04T23:25:05.613+0000] {logging_mixin.py:188} INFO - [2024-04-04T23:25:05.611+0000] {dagbag.py:538} INFO - Filling up the DagBag from /home/airflow/.local/lib/python3.8/site-packages/airflow/example_dags/example_trigger_target_dag.py
[2024-04-04T23:25:05.642+0000] {processor.py:840} INFO - DAG(s) 'example_trigger_target_dag' retrieved from /home/airflow/.local/lib/python3.8/site-packages/airflow/example_dags/example_trigger_target_dag.py
[2024-04-04T23:25:05.759+0000] {logging_mixin.py:188} INFO - [2024-04-04T23:25:05.758+0000] {dag.py:3036} INFO - Sync 1 DAGs
[2024-04-04T23:25:05.833+0000] {logging_mixin.py:188} INFO - [2024-04-04T23:25:05.832+0000] {dag.py:3823} INFO - Setting next_dagrun for example_trigger_target_dag to None, run_after=None
[2024-04-04T23:25:05.934+0000] {processor.py:183} INFO - Processing /home/airflow/.local/lib/python3.8/site-packages/airflow/example_dags/example_trigger_target_dag.py took 0.353 seconds
[2024-04-04T23:25:36.287+0000] {processor.py:161} INFO - Started process (PID=48883) to work on /home/airflow/.local/lib/python3.8/site-packages/airflow/example_dags/example_trigger_target_dag.py
[2024-04-04T23:25:36.291+0000] {processor.py:830} INFO - Processing file /home/airflow/.local/lib/python3.8/site-packages/airflow/example_dags/example_trigger_target_dag.py for tasks to queue
[2024-04-04T23:25:36.296+0000] {logging_mixin.py:188} INFO - [2024-04-04T23:25:36.294+0000] {dagbag.py:538} INFO - Filling up the DagBag from /home/airflow/.local/lib/python3.8/site-packages/airflow/example_dags/example_trigger_target_dag.py
[2024-04-04T23:25:36.319+0000] {processor.py:840} INFO - DAG(s) 'example_trigger_target_dag' retrieved from /home/airflow/.local/lib/python3.8/site-packages/airflow/example_dags/example_trigger_target_dag.py
[2024-04-04T23:25:36.410+0000] {logging_mixin.py:188} INFO - [2024-04-04T23:25:36.408+0000] {dag.py:3036} INFO - Sync 1 DAGs
[2024-04-04T23:25:36.479+0000] {logging_mixin.py:188} INFO - [2024-04-04T23:25:36.478+0000] {dag.py:3823} INFO - Setting next_dagrun for example_trigger_target_dag to None, run_after=None
[2024-04-04T23:25:36.581+0000] {processor.py:183} INFO - Processing /home/airflow/.local/lib/python3.8/site-packages/airflow/example_dags/example_trigger_target_dag.py took 0.311 seconds
[2024-04-04T23:26:07.001+0000] {processor.py:161} INFO - Started process (PID=48943) to work on /home/airflow/.local/lib/python3.8/site-packages/airflow/example_dags/example_trigger_target_dag.py
[2024-04-04T23:26:07.004+0000] {processor.py:830} INFO - Processing file /home/airflow/.local/lib/python3.8/site-packages/airflow/example_dags/example_trigger_target_dag.py for tasks to queue
[2024-04-04T23:26:07.006+0000] {logging_mixin.py:188} INFO - [2024-04-04T23:26:07.006+0000] {dagbag.py:538} INFO - Filling up the DagBag from /home/airflow/.local/lib/python3.8/site-packages/airflow/example_dags/example_trigger_target_dag.py
[2024-04-04T23:26:07.020+0000] {processor.py:840} INFO - DAG(s) 'example_trigger_target_dag' retrieved from /home/airflow/.local/lib/python3.8/site-packages/airflow/example_dags/example_trigger_target_dag.py
[2024-04-04T23:26:07.073+0000] {logging_mixin.py:188} INFO - [2024-04-04T23:26:07.073+0000] {dag.py:3036} INFO - Sync 1 DAGs
[2024-04-04T23:26:07.114+0000] {logging_mixin.py:188} INFO - [2024-04-04T23:26:07.114+0000] {dag.py:3823} INFO - Setting next_dagrun for example_trigger_target_dag to None, run_after=None
[2024-04-04T23:26:07.166+0000] {processor.py:183} INFO - Processing /home/airflow/.local/lib/python3.8/site-packages/airflow/example_dags/example_trigger_target_dag.py took 0.175 seconds
[2024-04-04T23:26:37.739+0000] {processor.py:161} INFO - Started process (PID=49004) to work on /home/airflow/.local/lib/python3.8/site-packages/airflow/example_dags/example_trigger_target_dag.py
[2024-04-04T23:26:37.742+0000] {processor.py:830} INFO - Processing file /home/airflow/.local/lib/python3.8/site-packages/airflow/example_dags/example_trigger_target_dag.py for tasks to queue
[2024-04-04T23:26:37.746+0000] {logging_mixin.py:188} INFO - [2024-04-04T23:26:37.745+0000] {dagbag.py:538} INFO - Filling up the DagBag from /home/airflow/.local/lib/python3.8/site-packages/airflow/example_dags/example_trigger_target_dag.py
[2024-04-04T23:26:37.763+0000] {processor.py:840} INFO - DAG(s) 'example_trigger_target_dag' retrieved from /home/airflow/.local/lib/python3.8/site-packages/airflow/example_dags/example_trigger_target_dag.py
[2024-04-04T23:26:37.827+0000] {logging_mixin.py:188} INFO - [2024-04-04T23:26:37.826+0000] {dag.py:3036} INFO - Sync 1 DAGs
[2024-04-04T23:26:37.867+0000] {logging_mixin.py:188} INFO - [2024-04-04T23:26:37.866+0000] {dag.py:3823} INFO - Setting next_dagrun for example_trigger_target_dag to None, run_after=None
[2024-04-04T23:26:37.930+0000] {processor.py:183} INFO - Processing /home/airflow/.local/lib/python3.8/site-packages/airflow/example_dags/example_trigger_target_dag.py took 0.202 seconds
[2024-04-04T23:27:16.957+0000] {processor.py:161} INFO - Started process (PID=49074) to work on /home/airflow/.local/lib/python3.8/site-packages/airflow/example_dags/example_trigger_target_dag.py
[2024-04-04T23:27:16.963+0000] {processor.py:830} INFO - Processing file /home/airflow/.local/lib/python3.8/site-packages/airflow/example_dags/example_trigger_target_dag.py for tasks to queue
[2024-04-04T23:27:16.970+0000] {logging_mixin.py:188} INFO - [2024-04-04T23:27:16.969+0000] {dagbag.py:538} INFO - Filling up the DagBag from /home/airflow/.local/lib/python3.8/site-packages/airflow/example_dags/example_trigger_target_dag.py
[2024-04-04T23:27:17.007+0000] {processor.py:840} INFO - DAG(s) 'example_trigger_target_dag' retrieved from /home/airflow/.local/lib/python3.8/site-packages/airflow/example_dags/example_trigger_target_dag.py
[2024-04-04T23:27:17.124+0000] {logging_mixin.py:188} INFO - [2024-04-04T23:27:17.123+0000] {dag.py:3036} INFO - Sync 1 DAGs
[2024-04-04T23:27:17.198+0000] {logging_mixin.py:188} INFO - [2024-04-04T23:27:17.197+0000] {dag.py:3823} INFO - Setting next_dagrun for example_trigger_target_dag to None, run_after=None
[2024-04-04T23:27:17.309+0000] {processor.py:183} INFO - Processing /home/airflow/.local/lib/python3.8/site-packages/airflow/example_dags/example_trigger_target_dag.py took 0.375 seconds
[2024-04-04T23:27:48.098+0000] {processor.py:161} INFO - Started process (PID=49134) to work on /home/airflow/.local/lib/python3.8/site-packages/airflow/example_dags/example_trigger_target_dag.py
[2024-04-04T23:27:48.103+0000] {processor.py:830} INFO - Processing file /home/airflow/.local/lib/python3.8/site-packages/airflow/example_dags/example_trigger_target_dag.py for tasks to queue
[2024-04-04T23:27:48.109+0000] {logging_mixin.py:188} INFO - [2024-04-04T23:27:48.107+0000] {dagbag.py:538} INFO - Filling up the DagBag from /home/airflow/.local/lib/python3.8/site-packages/airflow/example_dags/example_trigger_target_dag.py
[2024-04-04T23:27:48.140+0000] {processor.py:840} INFO - DAG(s) 'example_trigger_target_dag' retrieved from /home/airflow/.local/lib/python3.8/site-packages/airflow/example_dags/example_trigger_target_dag.py
[2024-04-04T23:27:48.248+0000] {logging_mixin.py:188} INFO - [2024-04-04T23:27:48.247+0000] {dag.py:3036} INFO - Sync 1 DAGs
[2024-04-04T23:27:48.316+0000] {logging_mixin.py:188} INFO - [2024-04-04T23:27:48.315+0000] {dag.py:3823} INFO - Setting next_dagrun for example_trigger_target_dag to None, run_after=None
[2024-04-04T23:27:48.440+0000] {processor.py:183} INFO - Processing /home/airflow/.local/lib/python3.8/site-packages/airflow/example_dags/example_trigger_target_dag.py took 0.363 seconds
[2024-04-04T23:28:19.246+0000] {processor.py:161} INFO - Started process (PID=49194) to work on /home/airflow/.local/lib/python3.8/site-packages/airflow/example_dags/example_trigger_target_dag.py
[2024-04-04T23:28:19.250+0000] {processor.py:830} INFO - Processing file /home/airflow/.local/lib/python3.8/site-packages/airflow/example_dags/example_trigger_target_dag.py for tasks to queue
[2024-04-04T23:28:19.254+0000] {logging_mixin.py:188} INFO - [2024-04-04T23:28:19.253+0000] {dagbag.py:538} INFO - Filling up the DagBag from /home/airflow/.local/lib/python3.8/site-packages/airflow/example_dags/example_trigger_target_dag.py
[2024-04-04T23:28:19.282+0000] {processor.py:840} INFO - DAG(s) 'example_trigger_target_dag' retrieved from /home/airflow/.local/lib/python3.8/site-packages/airflow/example_dags/example_trigger_target_dag.py
[2024-04-04T23:28:19.373+0000] {logging_mixin.py:188} INFO - [2024-04-04T23:28:19.372+0000] {dag.py:3036} INFO - Sync 1 DAGs
[2024-04-04T23:28:19.451+0000] {logging_mixin.py:188} INFO - [2024-04-04T23:28:19.450+0000] {dag.py:3823} INFO - Setting next_dagrun for example_trigger_target_dag to None, run_after=None
[2024-04-04T23:28:19.540+0000] {processor.py:183} INFO - Processing /home/airflow/.local/lib/python3.8/site-packages/airflow/example_dags/example_trigger_target_dag.py took 0.309 seconds
[2024-04-04T23:28:50.080+0000] {processor.py:161} INFO - Started process (PID=49254) to work on /home/airflow/.local/lib/python3.8/site-packages/airflow/example_dags/example_trigger_target_dag.py
[2024-04-04T23:28:50.083+0000] {processor.py:830} INFO - Processing file /home/airflow/.local/lib/python3.8/site-packages/airflow/example_dags/example_trigger_target_dag.py for tasks to queue
[2024-04-04T23:28:50.085+0000] {logging_mixin.py:188} INFO - [2024-04-04T23:28:50.084+0000] {dagbag.py:538} INFO - Filling up the DagBag from /home/airflow/.local/lib/python3.8/site-packages/airflow/example_dags/example_trigger_target_dag.py
[2024-04-04T23:28:50.097+0000] {processor.py:840} INFO - DAG(s) 'example_trigger_target_dag' retrieved from /home/airflow/.local/lib/python3.8/site-packages/airflow/example_dags/example_trigger_target_dag.py
[2024-04-04T23:28:50.149+0000] {logging_mixin.py:188} INFO - [2024-04-04T23:28:50.148+0000] {dag.py:3036} INFO - Sync 1 DAGs
[2024-04-04T23:28:50.179+0000] {logging_mixin.py:188} INFO - [2024-04-04T23:28:50.179+0000] {dag.py:3823} INFO - Setting next_dagrun for example_trigger_target_dag to None, run_after=None
[2024-04-04T23:28:50.234+0000] {processor.py:183} INFO - Processing /home/airflow/.local/lib/python3.8/site-packages/airflow/example_dags/example_trigger_target_dag.py took 0.161 seconds
[2024-04-04T23:29:22.052+0000] {processor.py:161} INFO - Started process (PID=49314) to work on /home/airflow/.local/lib/python3.8/site-packages/airflow/example_dags/example_trigger_target_dag.py
[2024-04-04T23:29:22.057+0000] {processor.py:830} INFO - Processing file /home/airflow/.local/lib/python3.8/site-packages/airflow/example_dags/example_trigger_target_dag.py for tasks to queue
[2024-04-04T23:29:22.061+0000] {logging_mixin.py:188} INFO - [2024-04-04T23:29:22.060+0000] {dagbag.py:538} INFO - Filling up the DagBag from /home/airflow/.local/lib/python3.8/site-packages/airflow/example_dags/example_trigger_target_dag.py
[2024-04-04T23:29:22.087+0000] {processor.py:840} INFO - DAG(s) 'example_trigger_target_dag' retrieved from /home/airflow/.local/lib/python3.8/site-packages/airflow/example_dags/example_trigger_target_dag.py
[2024-04-04T23:29:22.204+0000] {logging_mixin.py:188} INFO - [2024-04-04T23:29:22.203+0000] {dag.py:3036} INFO - Sync 1 DAGs
[2024-04-04T23:29:22.279+0000] {logging_mixin.py:188} INFO - [2024-04-04T23:29:22.278+0000] {dag.py:3823} INFO - Setting next_dagrun for example_trigger_target_dag to None, run_after=None
[2024-04-04T23:29:22.380+0000] {processor.py:183} INFO - Processing /home/airflow/.local/lib/python3.8/site-packages/airflow/example_dags/example_trigger_target_dag.py took 0.345 seconds
[2024-04-04T23:29:53.717+0000] {processor.py:161} INFO - Started process (PID=49374) to work on /home/airflow/.local/lib/python3.8/site-packages/airflow/example_dags/example_trigger_target_dag.py
[2024-04-04T23:29:53.721+0000] {processor.py:830} INFO - Processing file /home/airflow/.local/lib/python3.8/site-packages/airflow/example_dags/example_trigger_target_dag.py for tasks to queue
[2024-04-04T23:29:53.725+0000] {logging_mixin.py:188} INFO - [2024-04-04T23:29:53.724+0000] {dagbag.py:538} INFO - Filling up the DagBag from /home/airflow/.local/lib/python3.8/site-packages/airflow/example_dags/example_trigger_target_dag.py
[2024-04-04T23:29:53.745+0000] {processor.py:840} INFO - DAG(s) 'example_trigger_target_dag' retrieved from /home/airflow/.local/lib/python3.8/site-packages/airflow/example_dags/example_trigger_target_dag.py
[2024-04-04T23:29:53.829+0000] {logging_mixin.py:188} INFO - [2024-04-04T23:29:53.829+0000] {dag.py:3036} INFO - Sync 1 DAGs
[2024-04-04T23:29:53.881+0000] {logging_mixin.py:188} INFO - [2024-04-04T23:29:53.880+0000] {dag.py:3823} INFO - Setting next_dagrun for example_trigger_target_dag to None, run_after=None
[2024-04-04T23:29:53.952+0000] {processor.py:183} INFO - Processing /home/airflow/.local/lib/python3.8/site-packages/airflow/example_dags/example_trigger_target_dag.py took 0.252 seconds
[2024-04-04T23:30:26.810+0000] {processor.py:161} INFO - Started process (PID=49435) to work on /home/airflow/.local/lib/python3.8/site-packages/airflow/example_dags/example_trigger_target_dag.py
[2024-04-04T23:30:26.818+0000] {processor.py:830} INFO - Processing file /home/airflow/.local/lib/python3.8/site-packages/airflow/example_dags/example_trigger_target_dag.py for tasks to queue
[2024-04-04T23:30:26.825+0000] {logging_mixin.py:188} INFO - [2024-04-04T23:30:26.823+0000] {dagbag.py:538} INFO - Filling up the DagBag from /home/airflow/.local/lib/python3.8/site-packages/airflow/example_dags/example_trigger_target_dag.py
[2024-04-04T23:30:26.880+0000] {processor.py:840} INFO - DAG(s) 'example_trigger_target_dag' retrieved from /home/airflow/.local/lib/python3.8/site-packages/airflow/example_dags/example_trigger_target_dag.py
[2024-04-04T23:30:27.068+0000] {logging_mixin.py:188} INFO - [2024-04-04T23:30:27.067+0000] {dag.py:3036} INFO - Sync 1 DAGs
[2024-04-04T23:30:27.175+0000] {logging_mixin.py:188} INFO - [2024-04-04T23:30:27.173+0000] {dag.py:3823} INFO - Setting next_dagrun for example_trigger_target_dag to None, run_after=None
[2024-04-04T23:30:27.292+0000] {processor.py:183} INFO - Processing /home/airflow/.local/lib/python3.8/site-packages/airflow/example_dags/example_trigger_target_dag.py took 0.506 seconds
[2024-04-04T23:30:57.559+0000] {processor.py:161} INFO - Started process (PID=49496) to work on /home/airflow/.local/lib/python3.8/site-packages/airflow/example_dags/example_trigger_target_dag.py
[2024-04-04T23:30:57.563+0000] {processor.py:830} INFO - Processing file /home/airflow/.local/lib/python3.8/site-packages/airflow/example_dags/example_trigger_target_dag.py for tasks to queue
[2024-04-04T23:30:57.566+0000] {logging_mixin.py:188} INFO - [2024-04-04T23:30:57.565+0000] {dagbag.py:538} INFO - Filling up the DagBag from /home/airflow/.local/lib/python3.8/site-packages/airflow/example_dags/example_trigger_target_dag.py
[2024-04-04T23:30:57.583+0000] {processor.py:840} INFO - DAG(s) 'example_trigger_target_dag' retrieved from /home/airflow/.local/lib/python3.8/site-packages/airflow/example_dags/example_trigger_target_dag.py
[2024-04-04T23:30:57.648+0000] {logging_mixin.py:188} INFO - [2024-04-04T23:30:57.647+0000] {dag.py:3036} INFO - Sync 1 DAGs
[2024-04-04T23:30:57.695+0000] {logging_mixin.py:188} INFO - [2024-04-04T23:30:57.695+0000] {dag.py:3823} INFO - Setting next_dagrun for example_trigger_target_dag to None, run_after=None
[2024-04-04T23:30:57.753+0000] {processor.py:183} INFO - Processing /home/airflow/.local/lib/python3.8/site-packages/airflow/example_dags/example_trigger_target_dag.py took 0.206 seconds
[2024-04-04T23:31:28.101+0000] {processor.py:161} INFO - Started process (PID=49556) to work on /home/airflow/.local/lib/python3.8/site-packages/airflow/example_dags/example_trigger_target_dag.py
[2024-04-04T23:31:28.103+0000] {processor.py:830} INFO - Processing file /home/airflow/.local/lib/python3.8/site-packages/airflow/example_dags/example_trigger_target_dag.py for tasks to queue
[2024-04-04T23:31:28.106+0000] {logging_mixin.py:188} INFO - [2024-04-04T23:31:28.105+0000] {dagbag.py:538} INFO - Filling up the DagBag from /home/airflow/.local/lib/python3.8/site-packages/airflow/example_dags/example_trigger_target_dag.py
[2024-04-04T23:31:28.119+0000] {processor.py:840} INFO - DAG(s) 'example_trigger_target_dag' retrieved from /home/airflow/.local/lib/python3.8/site-packages/airflow/example_dags/example_trigger_target_dag.py
[2024-04-04T23:31:28.171+0000] {logging_mixin.py:188} INFO - [2024-04-04T23:31:28.170+0000] {dag.py:3036} INFO - Sync 1 DAGs
[2024-04-04T23:31:28.202+0000] {logging_mixin.py:188} INFO - [2024-04-04T23:31:28.202+0000] {dag.py:3823} INFO - Setting next_dagrun for example_trigger_target_dag to None, run_after=None
[2024-04-04T23:31:28.264+0000] {processor.py:183} INFO - Processing /home/airflow/.local/lib/python3.8/site-packages/airflow/example_dags/example_trigger_target_dag.py took 0.172 seconds
