[2024-04-04T20:01:54.848+0000] {processor.py:161} INFO - Started process (PID=43450) to work on /home/airflow/.local/lib/python3.8/site-packages/airflow/example_dags/example_dynamic_task_mapping.py
[2024-04-04T20:01:54.854+0000] {processor.py:830} INFO - Processing file /home/airflow/.local/lib/python3.8/site-packages/airflow/example_dags/example_dynamic_task_mapping.py for tasks to queue
[2024-04-04T20:01:54.856+0000] {logging_mixin.py:188} INFO - [2024-04-04T20:01:54.855+0000] {dagbag.py:538} INFO - Filling up the DagBag from /home/airflow/.local/lib/python3.8/site-packages/airflow/example_dags/example_dynamic_task_mapping.py
[2024-04-04T20:01:54.887+0000] {processor.py:840} INFO - DAG(s) 'example_dynamic_task_mapping' retrieved from /home/airflow/.local/lib/python3.8/site-packages/airflow/example_dags/example_dynamic_task_mapping.py
[2024-04-04T20:01:54.972+0000] {logging_mixin.py:188} INFO - [2024-04-04T20:01:54.961+0000] {dag.py:3036} INFO - Sync 1 DAGs
[2024-04-04T20:01:55.067+0000] {logging_mixin.py:188} INFO - [2024-04-04T20:01:55.066+0000] {dag.py:3823} INFO - Setting next_dagrun for example_dynamic_task_mapping to 2022-03-04 00:00:00+00:00, run_after=2022-03-05 00:00:00+00:00
[2024-04-04T20:01:55.175+0000] {processor.py:183} INFO - Processing /home/airflow/.local/lib/python3.8/site-packages/airflow/example_dags/example_dynamic_task_mapping.py took 0.333 seconds
[2024-04-04T18:12:24.494+0000] {processor.py:161} INFO - Started process (PID=46127) to work on /home/airflow/.local/lib/python3.8/site-packages/airflow/example_dags/example_dynamic_task_mapping.py
[2024-04-04T18:12:24.497+0000] {processor.py:830} INFO - Processing file /home/airflow/.local/lib/python3.8/site-packages/airflow/example_dags/example_dynamic_task_mapping.py for tasks to queue
[2024-04-04T18:12:24.500+0000] {logging_mixin.py:188} INFO - [2024-04-04T18:12:24.499+0000] {dagbag.py:538} INFO - Filling up the DagBag from /home/airflow/.local/lib/python3.8/site-packages/airflow/example_dags/example_dynamic_task_mapping.py
[2024-04-04T18:12:24.529+0000] {processor.py:840} INFO - DAG(s) 'example_dynamic_task_mapping' retrieved from /home/airflow/.local/lib/python3.8/site-packages/airflow/example_dags/example_dynamic_task_mapping.py
[2024-04-04T18:12:24.624+0000] {logging_mixin.py:188} INFO - [2024-04-04T18:12:24.624+0000] {dag.py:3036} INFO - Sync 1 DAGs
[2024-04-04T18:12:24.749+0000] {logging_mixin.py:188} INFO - [2024-04-04T18:12:24.748+0000] {dag.py:3823} INFO - Setting next_dagrun for example_dynamic_task_mapping to 2022-03-04 00:00:00+00:00, run_after=2022-03-05 00:00:00+00:00
[2024-04-04T18:12:24.852+0000] {processor.py:183} INFO - Processing /home/airflow/.local/lib/python3.8/site-packages/airflow/example_dags/example_dynamic_task_mapping.py took 0.365 seconds
[2024-04-04T18:12:55.573+0000] {processor.py:161} INFO - Started process (PID=46187) to work on /home/airflow/.local/lib/python3.8/site-packages/airflow/example_dags/example_dynamic_task_mapping.py
[2024-04-04T18:12:55.574+0000] {processor.py:830} INFO - Processing file /home/airflow/.local/lib/python3.8/site-packages/airflow/example_dags/example_dynamic_task_mapping.py for tasks to queue
[2024-04-04T18:12:55.576+0000] {logging_mixin.py:188} INFO - [2024-04-04T18:12:55.576+0000] {dagbag.py:538} INFO - Filling up the DagBag from /home/airflow/.local/lib/python3.8/site-packages/airflow/example_dags/example_dynamic_task_mapping.py
[2024-04-04T18:12:55.583+0000] {processor.py:840} INFO - DAG(s) 'example_dynamic_task_mapping' retrieved from /home/airflow/.local/lib/python3.8/site-packages/airflow/example_dags/example_dynamic_task_mapping.py
[2024-04-04T18:12:55.609+0000] {logging_mixin.py:188} INFO - [2024-04-04T18:12:55.608+0000] {dag.py:3036} INFO - Sync 1 DAGs
[2024-04-04T18:12:55.631+0000] {logging_mixin.py:188} INFO - [2024-04-04T18:12:55.631+0000] {dag.py:3823} INFO - Setting next_dagrun for example_dynamic_task_mapping to 2022-03-04 00:00:00+00:00, run_after=2022-03-05 00:00:00+00:00
[2024-04-04T18:12:55.654+0000] {processor.py:183} INFO - Processing /home/airflow/.local/lib/python3.8/site-packages/airflow/example_dags/example_dynamic_task_mapping.py took 0.086 seconds
[2024-04-04T18:13:26.086+0000] {processor.py:161} INFO - Started process (PID=46247) to work on /home/airflow/.local/lib/python3.8/site-packages/airflow/example_dags/example_dynamic_task_mapping.py
[2024-04-04T18:13:26.087+0000] {processor.py:830} INFO - Processing file /home/airflow/.local/lib/python3.8/site-packages/airflow/example_dags/example_dynamic_task_mapping.py for tasks to queue
[2024-04-04T18:13:26.088+0000] {logging_mixin.py:188} INFO - [2024-04-04T18:13:26.088+0000] {dagbag.py:538} INFO - Filling up the DagBag from /home/airflow/.local/lib/python3.8/site-packages/airflow/example_dags/example_dynamic_task_mapping.py
[2024-04-04T18:13:26.095+0000] {processor.py:840} INFO - DAG(s) 'example_dynamic_task_mapping' retrieved from /home/airflow/.local/lib/python3.8/site-packages/airflow/example_dags/example_dynamic_task_mapping.py
[2024-04-04T18:13:26.120+0000] {logging_mixin.py:188} INFO - [2024-04-04T18:13:26.120+0000] {dag.py:3036} INFO - Sync 1 DAGs
[2024-04-04T18:13:26.142+0000] {logging_mixin.py:188} INFO - [2024-04-04T18:13:26.142+0000] {dag.py:3823} INFO - Setting next_dagrun for example_dynamic_task_mapping to 2022-03-04 00:00:00+00:00, run_after=2022-03-05 00:00:00+00:00
[2024-04-04T18:13:26.164+0000] {processor.py:183} INFO - Processing /home/airflow/.local/lib/python3.8/site-packages/airflow/example_dags/example_dynamic_task_mapping.py took 0.082 seconds
[2024-04-04T18:13:56.501+0000] {processor.py:161} INFO - Started process (PID=46307) to work on /home/airflow/.local/lib/python3.8/site-packages/airflow/example_dags/example_dynamic_task_mapping.py
[2024-04-04T18:13:56.503+0000] {processor.py:830} INFO - Processing file /home/airflow/.local/lib/python3.8/site-packages/airflow/example_dags/example_dynamic_task_mapping.py for tasks to queue
[2024-04-04T18:13:56.504+0000] {logging_mixin.py:188} INFO - [2024-04-04T18:13:56.504+0000] {dagbag.py:538} INFO - Filling up the DagBag from /home/airflow/.local/lib/python3.8/site-packages/airflow/example_dags/example_dynamic_task_mapping.py
[2024-04-04T18:13:56.510+0000] {processor.py:840} INFO - DAG(s) 'example_dynamic_task_mapping' retrieved from /home/airflow/.local/lib/python3.8/site-packages/airflow/example_dags/example_dynamic_task_mapping.py
[2024-04-04T18:13:56.533+0000] {logging_mixin.py:188} INFO - [2024-04-04T18:13:56.533+0000] {dag.py:3036} INFO - Sync 1 DAGs
[2024-04-04T18:13:56.555+0000] {logging_mixin.py:188} INFO - [2024-04-04T18:13:56.554+0000] {dag.py:3823} INFO - Setting next_dagrun for example_dynamic_task_mapping to 2022-03-04 00:00:00+00:00, run_after=2022-03-05 00:00:00+00:00
[2024-04-04T18:13:56.585+0000] {processor.py:183} INFO - Processing /home/airflow/.local/lib/python3.8/site-packages/airflow/example_dags/example_dynamic_task_mapping.py took 0.088 seconds
[2024-04-04T18:14:26.948+0000] {processor.py:161} INFO - Started process (PID=46367) to work on /home/airflow/.local/lib/python3.8/site-packages/airflow/example_dags/example_dynamic_task_mapping.py
[2024-04-04T18:14:26.949+0000] {processor.py:830} INFO - Processing file /home/airflow/.local/lib/python3.8/site-packages/airflow/example_dags/example_dynamic_task_mapping.py for tasks to queue
[2024-04-04T18:14:26.950+0000] {logging_mixin.py:188} INFO - [2024-04-04T18:14:26.950+0000] {dagbag.py:538} INFO - Filling up the DagBag from /home/airflow/.local/lib/python3.8/site-packages/airflow/example_dags/example_dynamic_task_mapping.py
[2024-04-04T18:14:26.956+0000] {processor.py:840} INFO - DAG(s) 'example_dynamic_task_mapping' retrieved from /home/airflow/.local/lib/python3.8/site-packages/airflow/example_dags/example_dynamic_task_mapping.py
[2024-04-04T18:14:26.981+0000] {logging_mixin.py:188} INFO - [2024-04-04T18:14:26.981+0000] {dag.py:3036} INFO - Sync 1 DAGs
[2024-04-04T18:14:27.007+0000] {logging_mixin.py:188} INFO - [2024-04-04T18:14:27.006+0000] {dag.py:3823} INFO - Setting next_dagrun for example_dynamic_task_mapping to 2022-03-04 00:00:00+00:00, run_after=2022-03-05 00:00:00+00:00
[2024-04-04T18:14:27.044+0000] {processor.py:183} INFO - Processing /home/airflow/.local/lib/python3.8/site-packages/airflow/example_dags/example_dynamic_task_mapping.py took 0.099 seconds
[2024-04-04T18:14:57.288+0000] {processor.py:161} INFO - Started process (PID=46427) to work on /home/airflow/.local/lib/python3.8/site-packages/airflow/example_dags/example_dynamic_task_mapping.py
[2024-04-04T18:14:57.292+0000] {processor.py:830} INFO - Processing file /home/airflow/.local/lib/python3.8/site-packages/airflow/example_dags/example_dynamic_task_mapping.py for tasks to queue
[2024-04-04T18:14:57.297+0000] {logging_mixin.py:188} INFO - [2024-04-04T18:14:57.296+0000] {dagbag.py:538} INFO - Filling up the DagBag from /home/airflow/.local/lib/python3.8/site-packages/airflow/example_dags/example_dynamic_task_mapping.py
[2024-04-04T18:14:57.327+0000] {processor.py:840} INFO - DAG(s) 'example_dynamic_task_mapping' retrieved from /home/airflow/.local/lib/python3.8/site-packages/airflow/example_dags/example_dynamic_task_mapping.py
[2024-04-04T18:14:57.421+0000] {logging_mixin.py:188} INFO - [2024-04-04T18:14:57.420+0000] {dag.py:3036} INFO - Sync 1 DAGs
[2024-04-04T18:14:57.546+0000] {logging_mixin.py:188} INFO - [2024-04-04T18:14:57.545+0000] {dag.py:3823} INFO - Setting next_dagrun for example_dynamic_task_mapping to 2022-03-04 00:00:00+00:00, run_after=2022-03-05 00:00:00+00:00
[2024-04-04T18:14:57.630+0000] {processor.py:183} INFO - Processing /home/airflow/.local/lib/python3.8/site-packages/airflow/example_dags/example_dynamic_task_mapping.py took 0.359 seconds
[2024-04-04T18:15:28.472+0000] {processor.py:161} INFO - Started process (PID=46487) to work on /home/airflow/.local/lib/python3.8/site-packages/airflow/example_dags/example_dynamic_task_mapping.py
[2024-04-04T18:15:28.480+0000] {processor.py:830} INFO - Processing file /home/airflow/.local/lib/python3.8/site-packages/airflow/example_dags/example_dynamic_task_mapping.py for tasks to queue
[2024-04-04T18:15:28.487+0000] {logging_mixin.py:188} INFO - [2024-04-04T18:15:28.485+0000] {dagbag.py:538} INFO - Filling up the DagBag from /home/airflow/.local/lib/python3.8/site-packages/airflow/example_dags/example_dynamic_task_mapping.py
[2024-04-04T18:15:28.531+0000] {processor.py:840} INFO - DAG(s) 'example_dynamic_task_mapping' retrieved from /home/airflow/.local/lib/python3.8/site-packages/airflow/example_dags/example_dynamic_task_mapping.py
[2024-04-04T18:15:28.689+0000] {logging_mixin.py:188} INFO - [2024-04-04T18:15:28.687+0000] {dag.py:3036} INFO - Sync 1 DAGs
[2024-04-04T18:15:28.867+0000] {logging_mixin.py:188} INFO - [2024-04-04T18:15:28.865+0000] {dag.py:3823} INFO - Setting next_dagrun for example_dynamic_task_mapping to 2022-03-04 00:00:00+00:00, run_after=2022-03-05 00:00:00+00:00
[2024-04-04T18:15:29.027+0000] {processor.py:183} INFO - Processing /home/airflow/.local/lib/python3.8/site-packages/airflow/example_dags/example_dynamic_task_mapping.py took 0.581 seconds
[2024-04-04T18:15:59.780+0000] {processor.py:161} INFO - Started process (PID=46547) to work on /home/airflow/.local/lib/python3.8/site-packages/airflow/example_dags/example_dynamic_task_mapping.py
[2024-04-04T18:15:59.782+0000] {processor.py:830} INFO - Processing file /home/airflow/.local/lib/python3.8/site-packages/airflow/example_dags/example_dynamic_task_mapping.py for tasks to queue
[2024-04-04T18:15:59.784+0000] {logging_mixin.py:188} INFO - [2024-04-04T18:15:59.783+0000] {dagbag.py:538} INFO - Filling up the DagBag from /home/airflow/.local/lib/python3.8/site-packages/airflow/example_dags/example_dynamic_task_mapping.py
[2024-04-04T18:15:59.793+0000] {processor.py:840} INFO - DAG(s) 'example_dynamic_task_mapping' retrieved from /home/airflow/.local/lib/python3.8/site-packages/airflow/example_dags/example_dynamic_task_mapping.py
[2024-04-04T18:15:59.820+0000] {logging_mixin.py:188} INFO - [2024-04-04T18:15:59.820+0000] {dag.py:3036} INFO - Sync 1 DAGs
[2024-04-04T18:15:59.856+0000] {logging_mixin.py:188} INFO - [2024-04-04T18:15:59.856+0000] {dag.py:3823} INFO - Setting next_dagrun for example_dynamic_task_mapping to 2022-03-04 00:00:00+00:00, run_after=2022-03-05 00:00:00+00:00
[2024-04-04T18:15:59.891+0000] {processor.py:183} INFO - Processing /home/airflow/.local/lib/python3.8/site-packages/airflow/example_dags/example_dynamic_task_mapping.py took 0.115 seconds
[2024-04-04T18:16:30.289+0000] {processor.py:161} INFO - Started process (PID=46607) to work on /home/airflow/.local/lib/python3.8/site-packages/airflow/example_dags/example_dynamic_task_mapping.py
[2024-04-04T18:16:30.291+0000] {processor.py:830} INFO - Processing file /home/airflow/.local/lib/python3.8/site-packages/airflow/example_dags/example_dynamic_task_mapping.py for tasks to queue
[2024-04-04T18:16:30.292+0000] {logging_mixin.py:188} INFO - [2024-04-04T18:16:30.292+0000] {dagbag.py:538} INFO - Filling up the DagBag from /home/airflow/.local/lib/python3.8/site-packages/airflow/example_dags/example_dynamic_task_mapping.py
[2024-04-04T18:16:30.302+0000] {processor.py:840} INFO - DAG(s) 'example_dynamic_task_mapping' retrieved from /home/airflow/.local/lib/python3.8/site-packages/airflow/example_dags/example_dynamic_task_mapping.py
[2024-04-04T18:16:30.334+0000] {logging_mixin.py:188} INFO - [2024-04-04T18:16:30.333+0000] {dag.py:3036} INFO - Sync 1 DAGs
[2024-04-04T18:16:30.365+0000] {logging_mixin.py:188} INFO - [2024-04-04T18:16:30.365+0000] {dag.py:3823} INFO - Setting next_dagrun for example_dynamic_task_mapping to 2022-03-04 00:00:00+00:00, run_after=2022-03-05 00:00:00+00:00
[2024-04-04T18:16:30.396+0000] {processor.py:183} INFO - Processing /home/airflow/.local/lib/python3.8/site-packages/airflow/example_dags/example_dynamic_task_mapping.py took 0.112 seconds
[2024-04-04T18:17:00.991+0000] {processor.py:161} INFO - Started process (PID=46668) to work on /home/airflow/.local/lib/python3.8/site-packages/airflow/example_dags/example_dynamic_task_mapping.py
[2024-04-04T18:17:00.995+0000] {processor.py:830} INFO - Processing file /home/airflow/.local/lib/python3.8/site-packages/airflow/example_dags/example_dynamic_task_mapping.py for tasks to queue
[2024-04-04T18:17:00.999+0000] {logging_mixin.py:188} INFO - [2024-04-04T18:17:00.998+0000] {dagbag.py:538} INFO - Filling up the DagBag from /home/airflow/.local/lib/python3.8/site-packages/airflow/example_dags/example_dynamic_task_mapping.py
[2024-04-04T18:17:01.017+0000] {processor.py:840} INFO - DAG(s) 'example_dynamic_task_mapping' retrieved from /home/airflow/.local/lib/python3.8/site-packages/airflow/example_dags/example_dynamic_task_mapping.py
[2024-04-04T18:17:01.088+0000] {logging_mixin.py:188} INFO - [2024-04-04T18:17:01.086+0000] {dag.py:3036} INFO - Sync 1 DAGs
[2024-04-04T18:17:01.194+0000] {logging_mixin.py:188} INFO - [2024-04-04T18:17:01.193+0000] {dag.py:3823} INFO - Setting next_dagrun for example_dynamic_task_mapping to 2022-03-04 00:00:00+00:00, run_after=2022-03-05 00:00:00+00:00
[2024-04-04T18:17:01.286+0000] {processor.py:183} INFO - Processing /home/airflow/.local/lib/python3.8/site-packages/airflow/example_dags/example_dynamic_task_mapping.py took 0.308 seconds
[2024-04-04T18:17:31.915+0000] {processor.py:161} INFO - Started process (PID=46728) to work on /home/airflow/.local/lib/python3.8/site-packages/airflow/example_dags/example_dynamic_task_mapping.py
[2024-04-04T18:17:31.930+0000] {processor.py:830} INFO - Processing file /home/airflow/.local/lib/python3.8/site-packages/airflow/example_dags/example_dynamic_task_mapping.py for tasks to queue
[2024-04-04T18:17:31.953+0000] {logging_mixin.py:188} INFO - [2024-04-04T18:17:31.950+0000] {dagbag.py:538} INFO - Filling up the DagBag from /home/airflow/.local/lib/python3.8/site-packages/airflow/example_dags/example_dynamic_task_mapping.py
[2024-04-04T18:17:32.026+0000] {processor.py:840} INFO - DAG(s) 'example_dynamic_task_mapping' retrieved from /home/airflow/.local/lib/python3.8/site-packages/airflow/example_dags/example_dynamic_task_mapping.py
[2024-04-04T18:17:32.425+0000] {logging_mixin.py:188} INFO - [2024-04-04T18:17:32.423+0000] {dag.py:3036} INFO - Sync 1 DAGs
[2024-04-04T18:17:32.684+0000] {logging_mixin.py:188} INFO - [2024-04-04T18:17:32.682+0000] {dag.py:3823} INFO - Setting next_dagrun for example_dynamic_task_mapping to 2022-03-04 00:00:00+00:00, run_after=2022-03-05 00:00:00+00:00
[2024-04-04T18:17:32.848+0000] {processor.py:183} INFO - Processing /home/airflow/.local/lib/python3.8/site-packages/airflow/example_dags/example_dynamic_task_mapping.py took 0.981 seconds
[2024-04-04T18:18:03.165+0000] {processor.py:161} INFO - Started process (PID=46788) to work on /home/airflow/.local/lib/python3.8/site-packages/airflow/example_dags/example_dynamic_task_mapping.py
[2024-04-04T18:18:03.168+0000] {processor.py:830} INFO - Processing file /home/airflow/.local/lib/python3.8/site-packages/airflow/example_dags/example_dynamic_task_mapping.py for tasks to queue
[2024-04-04T18:18:03.171+0000] {logging_mixin.py:188} INFO - [2024-04-04T18:18:03.170+0000] {dagbag.py:538} INFO - Filling up the DagBag from /home/airflow/.local/lib/python3.8/site-packages/airflow/example_dags/example_dynamic_task_mapping.py
[2024-04-04T18:18:03.185+0000] {processor.py:840} INFO - DAG(s) 'example_dynamic_task_mapping' retrieved from /home/airflow/.local/lib/python3.8/site-packages/airflow/example_dags/example_dynamic_task_mapping.py
[2024-04-04T18:18:03.233+0000] {logging_mixin.py:188} INFO - [2024-04-04T18:18:03.233+0000] {dag.py:3036} INFO - Sync 1 DAGs
[2024-04-04T18:18:03.281+0000] {logging_mixin.py:188} INFO - [2024-04-04T18:18:03.281+0000] {dag.py:3823} INFO - Setting next_dagrun for example_dynamic_task_mapping to 2022-03-04 00:00:00+00:00, run_after=2022-03-05 00:00:00+00:00
[2024-04-04T18:18:03.334+0000] {processor.py:183} INFO - Processing /home/airflow/.local/lib/python3.8/site-packages/airflow/example_dags/example_dynamic_task_mapping.py took 0.178 seconds
[2024-04-04T18:18:33.513+0000] {processor.py:161} INFO - Started process (PID=46848) to work on /home/airflow/.local/lib/python3.8/site-packages/airflow/example_dags/example_dynamic_task_mapping.py
[2024-04-04T18:18:33.517+0000] {processor.py:830} INFO - Processing file /home/airflow/.local/lib/python3.8/site-packages/airflow/example_dags/example_dynamic_task_mapping.py for tasks to queue
[2024-04-04T18:18:33.521+0000] {logging_mixin.py:188} INFO - [2024-04-04T18:18:33.520+0000] {dagbag.py:538} INFO - Filling up the DagBag from /home/airflow/.local/lib/python3.8/site-packages/airflow/example_dags/example_dynamic_task_mapping.py
[2024-04-04T18:18:33.546+0000] {processor.py:840} INFO - DAG(s) 'example_dynamic_task_mapping' retrieved from /home/airflow/.local/lib/python3.8/site-packages/airflow/example_dags/example_dynamic_task_mapping.py
[2024-04-04T18:18:33.651+0000] {logging_mixin.py:188} INFO - [2024-04-04T18:18:33.650+0000] {dag.py:3036} INFO - Sync 1 DAGs
[2024-04-04T18:18:33.715+0000] {logging_mixin.py:188} INFO - [2024-04-04T18:18:33.714+0000] {dag.py:3823} INFO - Setting next_dagrun for example_dynamic_task_mapping to 2022-03-04 00:00:00+00:00, run_after=2022-03-05 00:00:00+00:00
[2024-04-04T18:18:33.780+0000] {processor.py:183} INFO - Processing /home/airflow/.local/lib/python3.8/site-packages/airflow/example_dags/example_dynamic_task_mapping.py took 0.280 seconds
[2024-04-04T18:19:04.235+0000] {processor.py:161} INFO - Started process (PID=46908) to work on /home/airflow/.local/lib/python3.8/site-packages/airflow/example_dags/example_dynamic_task_mapping.py
[2024-04-04T18:19:04.240+0000] {processor.py:830} INFO - Processing file /home/airflow/.local/lib/python3.8/site-packages/airflow/example_dags/example_dynamic_task_mapping.py for tasks to queue
[2024-04-04T18:19:04.244+0000] {logging_mixin.py:188} INFO - [2024-04-04T18:19:04.243+0000] {dagbag.py:538} INFO - Filling up the DagBag from /home/airflow/.local/lib/python3.8/site-packages/airflow/example_dags/example_dynamic_task_mapping.py
[2024-04-04T18:19:04.269+0000] {processor.py:840} INFO - DAG(s) 'example_dynamic_task_mapping' retrieved from /home/airflow/.local/lib/python3.8/site-packages/airflow/example_dags/example_dynamic_task_mapping.py
[2024-04-04T18:19:04.359+0000] {logging_mixin.py:188} INFO - [2024-04-04T18:19:04.358+0000] {dag.py:3036} INFO - Sync 1 DAGs
[2024-04-04T18:19:04.450+0000] {logging_mixin.py:188} INFO - [2024-04-04T18:19:04.449+0000] {dag.py:3823} INFO - Setting next_dagrun for example_dynamic_task_mapping to 2022-03-04 00:00:00+00:00, run_after=2022-03-05 00:00:00+00:00
[2024-04-04T18:19:04.537+0000] {processor.py:183} INFO - Processing /home/airflow/.local/lib/python3.8/site-packages/airflow/example_dags/example_dynamic_task_mapping.py took 0.316 seconds
[2024-04-04T18:19:34.962+0000] {processor.py:161} INFO - Started process (PID=46968) to work on /home/airflow/.local/lib/python3.8/site-packages/airflow/example_dags/example_dynamic_task_mapping.py
[2024-04-04T18:19:34.968+0000] {processor.py:830} INFO - Processing file /home/airflow/.local/lib/python3.8/site-packages/airflow/example_dags/example_dynamic_task_mapping.py for tasks to queue
[2024-04-04T18:19:34.975+0000] {logging_mixin.py:188} INFO - [2024-04-04T18:19:34.973+0000] {dagbag.py:538} INFO - Filling up the DagBag from /home/airflow/.local/lib/python3.8/site-packages/airflow/example_dags/example_dynamic_task_mapping.py
[2024-04-04T18:19:35.014+0000] {processor.py:840} INFO - DAG(s) 'example_dynamic_task_mapping' retrieved from /home/airflow/.local/lib/python3.8/site-packages/airflow/example_dags/example_dynamic_task_mapping.py
[2024-04-04T18:19:35.212+0000] {logging_mixin.py:188} INFO - [2024-04-04T18:19:35.211+0000] {dag.py:3036} INFO - Sync 1 DAGs
[2024-04-04T18:19:35.380+0000] {logging_mixin.py:188} INFO - [2024-04-04T18:19:35.379+0000] {dag.py:3823} INFO - Setting next_dagrun for example_dynamic_task_mapping to 2022-03-04 00:00:00+00:00, run_after=2022-03-05 00:00:00+00:00
[2024-04-04T18:19:35.689+0000] {processor.py:183} INFO - Processing /home/airflow/.local/lib/python3.8/site-packages/airflow/example_dags/example_dynamic_task_mapping.py took 0.746 seconds
[2024-04-04T18:20:06.066+0000] {processor.py:161} INFO - Started process (PID=47028) to work on /home/airflow/.local/lib/python3.8/site-packages/airflow/example_dags/example_dynamic_task_mapping.py
[2024-04-04T18:20:06.070+0000] {processor.py:830} INFO - Processing file /home/airflow/.local/lib/python3.8/site-packages/airflow/example_dags/example_dynamic_task_mapping.py for tasks to queue
[2024-04-04T18:20:06.074+0000] {logging_mixin.py:188} INFO - [2024-04-04T18:20:06.073+0000] {dagbag.py:538} INFO - Filling up the DagBag from /home/airflow/.local/lib/python3.8/site-packages/airflow/example_dags/example_dynamic_task_mapping.py
[2024-04-04T18:20:06.093+0000] {processor.py:840} INFO - DAG(s) 'example_dynamic_task_mapping' retrieved from /home/airflow/.local/lib/python3.8/site-packages/airflow/example_dags/example_dynamic_task_mapping.py
[2024-04-04T18:20:06.166+0000] {logging_mixin.py:188} INFO - [2024-04-04T18:20:06.166+0000] {dag.py:3036} INFO - Sync 1 DAGs
[2024-04-04T18:20:06.249+0000] {logging_mixin.py:188} INFO - [2024-04-04T18:20:06.248+0000] {dag.py:3823} INFO - Setting next_dagrun for example_dynamic_task_mapping to 2022-03-04 00:00:00+00:00, run_after=2022-03-05 00:00:00+00:00
[2024-04-04T18:20:06.310+0000] {processor.py:183} INFO - Processing /home/airflow/.local/lib/python3.8/site-packages/airflow/example_dags/example_dynamic_task_mapping.py took 0.255 seconds
[2024-04-04T18:20:36.900+0000] {processor.py:161} INFO - Started process (PID=47088) to work on /home/airflow/.local/lib/python3.8/site-packages/airflow/example_dags/example_dynamic_task_mapping.py
[2024-04-04T18:20:36.902+0000] {processor.py:830} INFO - Processing file /home/airflow/.local/lib/python3.8/site-packages/airflow/example_dags/example_dynamic_task_mapping.py for tasks to queue
[2024-04-04T18:20:36.905+0000] {logging_mixin.py:188} INFO - [2024-04-04T18:20:36.904+0000] {dagbag.py:538} INFO - Filling up the DagBag from /home/airflow/.local/lib/python3.8/site-packages/airflow/example_dags/example_dynamic_task_mapping.py
[2024-04-04T18:20:36.917+0000] {processor.py:840} INFO - DAG(s) 'example_dynamic_task_mapping' retrieved from /home/airflow/.local/lib/python3.8/site-packages/airflow/example_dags/example_dynamic_task_mapping.py
[2024-04-04T18:20:36.960+0000] {logging_mixin.py:188} INFO - [2024-04-04T18:20:36.959+0000] {dag.py:3036} INFO - Sync 1 DAGs
[2024-04-04T18:20:37.003+0000] {logging_mixin.py:188} INFO - [2024-04-04T18:20:37.003+0000] {dag.py:3823} INFO - Setting next_dagrun for example_dynamic_task_mapping to 2022-03-04 00:00:00+00:00, run_after=2022-03-05 00:00:00+00:00
[2024-04-04T18:20:37.052+0000] {processor.py:183} INFO - Processing /home/airflow/.local/lib/python3.8/site-packages/airflow/example_dags/example_dynamic_task_mapping.py took 0.160 seconds
[2024-04-04T18:21:07.624+0000] {processor.py:161} INFO - Started process (PID=47148) to work on /home/airflow/.local/lib/python3.8/site-packages/airflow/example_dags/example_dynamic_task_mapping.py
[2024-04-04T18:21:07.626+0000] {processor.py:830} INFO - Processing file /home/airflow/.local/lib/python3.8/site-packages/airflow/example_dags/example_dynamic_task_mapping.py for tasks to queue
[2024-04-04T18:21:07.629+0000] {logging_mixin.py:188} INFO - [2024-04-04T18:21:07.628+0000] {dagbag.py:538} INFO - Filling up the DagBag from /home/airflow/.local/lib/python3.8/site-packages/airflow/example_dags/example_dynamic_task_mapping.py
[2024-04-04T18:21:07.643+0000] {processor.py:840} INFO - DAG(s) 'example_dynamic_task_mapping' retrieved from /home/airflow/.local/lib/python3.8/site-packages/airflow/example_dags/example_dynamic_task_mapping.py
[2024-04-04T18:21:07.691+0000] {logging_mixin.py:188} INFO - [2024-04-04T18:21:07.691+0000] {dag.py:3036} INFO - Sync 1 DAGs
[2024-04-04T18:21:07.739+0000] {logging_mixin.py:188} INFO - [2024-04-04T18:21:07.739+0000] {dag.py:3823} INFO - Setting next_dagrun for example_dynamic_task_mapping to 2022-03-04 00:00:00+00:00, run_after=2022-03-05 00:00:00+00:00
[2024-04-04T18:21:07.787+0000] {processor.py:183} INFO - Processing /home/airflow/.local/lib/python3.8/site-packages/airflow/example_dags/example_dynamic_task_mapping.py took 0.172 seconds
[2024-04-04T18:21:38.790+0000] {processor.py:161} INFO - Started process (PID=47208) to work on /home/airflow/.local/lib/python3.8/site-packages/airflow/example_dags/example_dynamic_task_mapping.py
[2024-04-04T18:21:38.795+0000] {processor.py:830} INFO - Processing file /home/airflow/.local/lib/python3.8/site-packages/airflow/example_dags/example_dynamic_task_mapping.py for tasks to queue
[2024-04-04T18:21:38.804+0000] {logging_mixin.py:188} INFO - [2024-04-04T18:21:38.802+0000] {dagbag.py:538} INFO - Filling up the DagBag from /home/airflow/.local/lib/python3.8/site-packages/airflow/example_dags/example_dynamic_task_mapping.py
[2024-04-04T18:21:38.836+0000] {processor.py:840} INFO - DAG(s) 'example_dynamic_task_mapping' retrieved from /home/airflow/.local/lib/python3.8/site-packages/airflow/example_dags/example_dynamic_task_mapping.py
[2024-04-04T18:21:38.952+0000] {logging_mixin.py:188} INFO - [2024-04-04T18:21:38.951+0000] {dag.py:3036} INFO - Sync 1 DAGs
[2024-04-04T18:21:39.080+0000] {logging_mixin.py:188} INFO - [2024-04-04T18:21:39.079+0000] {dag.py:3823} INFO - Setting next_dagrun for example_dynamic_task_mapping to 2022-03-04 00:00:00+00:00, run_after=2022-03-05 00:00:00+00:00
[2024-04-04T18:21:39.214+0000] {processor.py:183} INFO - Processing /home/airflow/.local/lib/python3.8/site-packages/airflow/example_dags/example_dynamic_task_mapping.py took 0.448 seconds
[2024-04-04T18:22:09.418+0000] {processor.py:161} INFO - Started process (PID=47266) to work on /home/airflow/.local/lib/python3.8/site-packages/airflow/example_dags/example_dynamic_task_mapping.py
[2024-04-04T18:22:09.422+0000] {processor.py:830} INFO - Processing file /home/airflow/.local/lib/python3.8/site-packages/airflow/example_dags/example_dynamic_task_mapping.py for tasks to queue
[2024-04-04T18:22:09.426+0000] {logging_mixin.py:188} INFO - [2024-04-04T18:22:09.425+0000] {dagbag.py:538} INFO - Filling up the DagBag from /home/airflow/.local/lib/python3.8/site-packages/airflow/example_dags/example_dynamic_task_mapping.py
[2024-04-04T18:22:09.450+0000] {processor.py:840} INFO - DAG(s) 'example_dynamic_task_mapping' retrieved from /home/airflow/.local/lib/python3.8/site-packages/airflow/example_dags/example_dynamic_task_mapping.py
[2024-04-04T18:22:09.539+0000] {logging_mixin.py:188} INFO - [2024-04-04T18:22:09.538+0000] {dag.py:3036} INFO - Sync 1 DAGs
[2024-04-04T18:22:09.643+0000] {logging_mixin.py:188} INFO - [2024-04-04T18:22:09.642+0000] {dag.py:3823} INFO - Setting next_dagrun for example_dynamic_task_mapping to 2022-03-04 00:00:00+00:00, run_after=2022-03-05 00:00:00+00:00
[2024-04-04T18:22:09.745+0000] {processor.py:183} INFO - Processing /home/airflow/.local/lib/python3.8/site-packages/airflow/example_dags/example_dynamic_task_mapping.py took 0.341 seconds
[2024-04-04T18:22:39.974+0000] {processor.py:161} INFO - Started process (PID=47326) to work on /home/airflow/.local/lib/python3.8/site-packages/airflow/example_dags/example_dynamic_task_mapping.py
[2024-04-04T18:22:39.976+0000] {processor.py:830} INFO - Processing file /home/airflow/.local/lib/python3.8/site-packages/airflow/example_dags/example_dynamic_task_mapping.py for tasks to queue
[2024-04-04T18:22:39.978+0000] {logging_mixin.py:188} INFO - [2024-04-04T18:22:39.977+0000] {dagbag.py:538} INFO - Filling up the DagBag from /home/airflow/.local/lib/python3.8/site-packages/airflow/example_dags/example_dynamic_task_mapping.py
[2024-04-04T18:22:39.987+0000] {processor.py:840} INFO - DAG(s) 'example_dynamic_task_mapping' retrieved from /home/airflow/.local/lib/python3.8/site-packages/airflow/example_dags/example_dynamic_task_mapping.py
[2024-04-04T18:22:40.023+0000] {logging_mixin.py:188} INFO - [2024-04-04T18:22:40.022+0000] {dag.py:3036} INFO - Sync 1 DAGs
[2024-04-04T18:22:40.058+0000] {logging_mixin.py:188} INFO - [2024-04-04T18:22:40.057+0000] {dag.py:3823} INFO - Setting next_dagrun for example_dynamic_task_mapping to 2022-03-04 00:00:00+00:00, run_after=2022-03-05 00:00:00+00:00
[2024-04-04T18:22:40.100+0000] {processor.py:183} INFO - Processing /home/airflow/.local/lib/python3.8/site-packages/airflow/example_dags/example_dynamic_task_mapping.py took 0.131 seconds
[2024-04-04T18:23:10.780+0000] {processor.py:161} INFO - Started process (PID=47386) to work on /home/airflow/.local/lib/python3.8/site-packages/airflow/example_dags/example_dynamic_task_mapping.py
[2024-04-04T18:23:10.782+0000] {processor.py:830} INFO - Processing file /home/airflow/.local/lib/python3.8/site-packages/airflow/example_dags/example_dynamic_task_mapping.py for tasks to queue
[2024-04-04T18:23:10.784+0000] {logging_mixin.py:188} INFO - [2024-04-04T18:23:10.783+0000] {dagbag.py:538} INFO - Filling up the DagBag from /home/airflow/.local/lib/python3.8/site-packages/airflow/example_dags/example_dynamic_task_mapping.py
[2024-04-04T18:23:10.792+0000] {processor.py:840} INFO - DAG(s) 'example_dynamic_task_mapping' retrieved from /home/airflow/.local/lib/python3.8/site-packages/airflow/example_dags/example_dynamic_task_mapping.py
[2024-04-04T18:23:10.826+0000] {logging_mixin.py:188} INFO - [2024-04-04T18:23:10.825+0000] {dag.py:3036} INFO - Sync 1 DAGs
[2024-04-04T18:23:10.859+0000] {logging_mixin.py:188} INFO - [2024-04-04T18:23:10.859+0000] {dag.py:3823} INFO - Setting next_dagrun for example_dynamic_task_mapping to 2022-03-04 00:00:00+00:00, run_after=2022-03-05 00:00:00+00:00
[2024-04-04T18:23:10.900+0000] {processor.py:183} INFO - Processing /home/airflow/.local/lib/python3.8/site-packages/airflow/example_dags/example_dynamic_task_mapping.py took 0.125 seconds
[2024-04-04T18:23:41.658+0000] {processor.py:161} INFO - Started process (PID=47446) to work on /home/airflow/.local/lib/python3.8/site-packages/airflow/example_dags/example_dynamic_task_mapping.py
[2024-04-04T18:23:41.662+0000] {processor.py:830} INFO - Processing file /home/airflow/.local/lib/python3.8/site-packages/airflow/example_dags/example_dynamic_task_mapping.py for tasks to queue
[2024-04-04T18:23:41.667+0000] {logging_mixin.py:188} INFO - [2024-04-04T18:23:41.666+0000] {dagbag.py:538} INFO - Filling up the DagBag from /home/airflow/.local/lib/python3.8/site-packages/airflow/example_dags/example_dynamic_task_mapping.py
[2024-04-04T18:23:41.706+0000] {processor.py:840} INFO - DAG(s) 'example_dynamic_task_mapping' retrieved from /home/airflow/.local/lib/python3.8/site-packages/airflow/example_dags/example_dynamic_task_mapping.py
[2024-04-04T18:23:41.821+0000] {logging_mixin.py:188} INFO - [2024-04-04T18:23:41.820+0000] {dag.py:3036} INFO - Sync 1 DAGs
[2024-04-04T18:23:41.981+0000] {logging_mixin.py:188} INFO - [2024-04-04T18:23:41.979+0000] {dag.py:3823} INFO - Setting next_dagrun for example_dynamic_task_mapping to 2022-03-04 00:00:00+00:00, run_after=2022-03-05 00:00:00+00:00
[2024-04-04T18:23:42.143+0000] {processor.py:183} INFO - Processing /home/airflow/.local/lib/python3.8/site-packages/airflow/example_dags/example_dynamic_task_mapping.py took 0.506 seconds
[2024-04-04T19:14:39.191+0000] {processor.py:161} INFO - Started process (PID=47495) to work on /home/airflow/.local/lib/python3.8/site-packages/airflow/example_dags/example_dynamic_task_mapping.py
[2024-04-04T19:14:39.199+0000] {processor.py:830} INFO - Processing file /home/airflow/.local/lib/python3.8/site-packages/airflow/example_dags/example_dynamic_task_mapping.py for tasks to queue
[2024-04-04T19:14:39.207+0000] {logging_mixin.py:188} INFO - [2024-04-04T19:14:39.204+0000] {dagbag.py:538} INFO - Filling up the DagBag from /home/airflow/.local/lib/python3.8/site-packages/airflow/example_dags/example_dynamic_task_mapping.py
[2024-04-04T19:14:39.256+0000] {processor.py:840} INFO - DAG(s) 'example_dynamic_task_mapping' retrieved from /home/airflow/.local/lib/python3.8/site-packages/airflow/example_dags/example_dynamic_task_mapping.py
[2024-04-04T19:14:39.471+0000] {logging_mixin.py:188} INFO - [2024-04-04T19:14:39.468+0000] {dag.py:3036} INFO - Sync 1 DAGs
[2024-04-04T19:14:39.716+0000] {logging_mixin.py:188} INFO - [2024-04-04T19:14:39.712+0000] {dag.py:3823} INFO - Setting next_dagrun for example_dynamic_task_mapping to 2022-03-04 00:00:00+00:00, run_after=2022-03-05 00:00:00+00:00
[2024-04-04T19:14:39.916+0000] {processor.py:183} INFO - Processing /home/airflow/.local/lib/python3.8/site-packages/airflow/example_dags/example_dynamic_task_mapping.py took 0.752 seconds
[2024-04-04T19:15:10.417+0000] {processor.py:161} INFO - Started process (PID=47555) to work on /home/airflow/.local/lib/python3.8/site-packages/airflow/example_dags/example_dynamic_task_mapping.py
[2024-04-04T19:15:10.422+0000] {processor.py:830} INFO - Processing file /home/airflow/.local/lib/python3.8/site-packages/airflow/example_dags/example_dynamic_task_mapping.py for tasks to queue
[2024-04-04T19:15:10.426+0000] {logging_mixin.py:188} INFO - [2024-04-04T19:15:10.425+0000] {dagbag.py:538} INFO - Filling up the DagBag from /home/airflow/.local/lib/python3.8/site-packages/airflow/example_dags/example_dynamic_task_mapping.py
[2024-04-04T19:15:10.450+0000] {processor.py:840} INFO - DAG(s) 'example_dynamic_task_mapping' retrieved from /home/airflow/.local/lib/python3.8/site-packages/airflow/example_dags/example_dynamic_task_mapping.py
[2024-04-04T19:15:10.511+0000] {logging_mixin.py:188} INFO - [2024-04-04T19:15:10.510+0000] {dag.py:3036} INFO - Sync 1 DAGs
[2024-04-04T19:15:10.582+0000] {logging_mixin.py:188} INFO - [2024-04-04T19:15:10.581+0000] {dag.py:3823} INFO - Setting next_dagrun for example_dynamic_task_mapping to 2022-03-04 00:00:00+00:00, run_after=2022-03-05 00:00:00+00:00
[2024-04-04T19:15:10.639+0000] {processor.py:183} INFO - Processing /home/airflow/.local/lib/python3.8/site-packages/airflow/example_dags/example_dynamic_task_mapping.py took 0.241 seconds
[2024-04-04T23:14:29.384+0000] {processor.py:161} INFO - Started process (PID=47647) to work on /home/airflow/.local/lib/python3.8/site-packages/airflow/example_dags/example_dynamic_task_mapping.py
[2024-04-04T23:14:29.431+0000] {processor.py:830} INFO - Processing file /home/airflow/.local/lib/python3.8/site-packages/airflow/example_dags/example_dynamic_task_mapping.py for tasks to queue
[2024-04-04T23:14:29.451+0000] {logging_mixin.py:188} INFO - [2024-04-04T23:14:29.448+0000] {dagbag.py:538} INFO - Filling up the DagBag from /home/airflow/.local/lib/python3.8/site-packages/airflow/example_dags/example_dynamic_task_mapping.py
[2024-04-04T23:14:29.638+0000] {processor.py:840} INFO - DAG(s) 'example_dynamic_task_mapping' retrieved from /home/airflow/.local/lib/python3.8/site-packages/airflow/example_dags/example_dynamic_task_mapping.py
[2024-04-04T23:14:30.173+0000] {logging_mixin.py:188} INFO - [2024-04-04T23:14:30.171+0000] {dag.py:3036} INFO - Sync 1 DAGs
[2024-04-04T23:14:30.632+0000] {logging_mixin.py:188} INFO - [2024-04-04T23:14:30.617+0000] {dag.py:3823} INFO - Setting next_dagrun for example_dynamic_task_mapping to 2022-03-04 00:00:00+00:00, run_after=2022-03-05 00:00:00+00:00
[2024-04-04T23:14:31.289+0000] {processor.py:183} INFO - Processing /home/airflow/.local/lib/python3.8/site-packages/airflow/example_dags/example_dynamic_task_mapping.py took 2.033 seconds
[2024-04-04T23:15:35.371+0000] {processor.py:161} INFO - Started process (PID=47713) to work on /home/airflow/.local/lib/python3.8/site-packages/airflow/example_dags/example_dynamic_task_mapping.py
[2024-04-04T23:15:35.378+0000] {processor.py:830} INFO - Processing file /home/airflow/.local/lib/python3.8/site-packages/airflow/example_dags/example_dynamic_task_mapping.py for tasks to queue
[2024-04-04T23:15:35.386+0000] {logging_mixin.py:188} INFO - [2024-04-04T23:15:35.384+0000] {dagbag.py:538} INFO - Filling up the DagBag from /home/airflow/.local/lib/python3.8/site-packages/airflow/example_dags/example_dynamic_task_mapping.py
[2024-04-04T23:15:35.429+0000] {processor.py:840} INFO - DAG(s) 'example_dynamic_task_mapping' retrieved from /home/airflow/.local/lib/python3.8/site-packages/airflow/example_dags/example_dynamic_task_mapping.py
[2024-04-04T23:15:35.662+0000] {logging_mixin.py:188} INFO - [2024-04-04T23:15:35.661+0000] {dag.py:3036} INFO - Sync 1 DAGs
[2024-04-04T23:15:35.833+0000] {logging_mixin.py:188} INFO - [2024-04-04T23:15:35.832+0000] {dag.py:3823} INFO - Setting next_dagrun for example_dynamic_task_mapping to 2022-03-04 00:00:00+00:00, run_after=2022-03-05 00:00:00+00:00
[2024-04-04T23:15:35.964+0000] {processor.py:183} INFO - Processing /home/airflow/.local/lib/python3.8/site-packages/airflow/example_dags/example_dynamic_task_mapping.py took 0.618 seconds
[2024-04-04T23:16:07.466+0000] {processor.py:161} INFO - Started process (PID=47773) to work on /home/airflow/.local/lib/python3.8/site-packages/airflow/example_dags/example_dynamic_task_mapping.py
[2024-04-04T23:16:07.471+0000] {processor.py:830} INFO - Processing file /home/airflow/.local/lib/python3.8/site-packages/airflow/example_dags/example_dynamic_task_mapping.py for tasks to queue
[2024-04-04T23:16:07.479+0000] {logging_mixin.py:188} INFO - [2024-04-04T23:16:07.477+0000] {dagbag.py:538} INFO - Filling up the DagBag from /home/airflow/.local/lib/python3.8/site-packages/airflow/example_dags/example_dynamic_task_mapping.py
[2024-04-04T23:16:07.520+0000] {processor.py:840} INFO - DAG(s) 'example_dynamic_task_mapping' retrieved from /home/airflow/.local/lib/python3.8/site-packages/airflow/example_dags/example_dynamic_task_mapping.py
[2024-04-04T23:16:07.611+0000] {logging_mixin.py:188} INFO - [2024-04-04T23:16:07.610+0000] {dag.py:3036} INFO - Sync 1 DAGs
[2024-04-04T23:16:07.733+0000] {logging_mixin.py:188} INFO - [2024-04-04T23:16:07.732+0000] {dag.py:3823} INFO - Setting next_dagrun for example_dynamic_task_mapping to 2022-03-04 00:00:00+00:00, run_after=2022-03-05 00:00:00+00:00
[2024-04-04T23:16:07.853+0000] {processor.py:183} INFO - Processing /home/airflow/.local/lib/python3.8/site-packages/airflow/example_dags/example_dynamic_task_mapping.py took 0.402 seconds
[2024-04-04T23:16:38.589+0000] {processor.py:161} INFO - Started process (PID=47833) to work on /home/airflow/.local/lib/python3.8/site-packages/airflow/example_dags/example_dynamic_task_mapping.py
[2024-04-04T23:16:38.592+0000] {processor.py:830} INFO - Processing file /home/airflow/.local/lib/python3.8/site-packages/airflow/example_dags/example_dynamic_task_mapping.py for tasks to queue
[2024-04-04T23:16:38.596+0000] {logging_mixin.py:188} INFO - [2024-04-04T23:16:38.595+0000] {dagbag.py:538} INFO - Filling up the DagBag from /home/airflow/.local/lib/python3.8/site-packages/airflow/example_dags/example_dynamic_task_mapping.py
[2024-04-04T23:16:38.615+0000] {processor.py:840} INFO - DAG(s) 'example_dynamic_task_mapping' retrieved from /home/airflow/.local/lib/python3.8/site-packages/airflow/example_dags/example_dynamic_task_mapping.py
[2024-04-04T23:16:39.082+0000] {logging_mixin.py:188} INFO - [2024-04-04T23:16:39.081+0000] {dag.py:3036} INFO - Sync 1 DAGs
[2024-04-04T23:16:39.176+0000] {logging_mixin.py:188} INFO - [2024-04-04T23:16:39.175+0000] {dag.py:3823} INFO - Setting next_dagrun for example_dynamic_task_mapping to 2022-03-04 00:00:00+00:00, run_after=2022-03-05 00:00:00+00:00
[2024-04-04T23:16:39.250+0000] {processor.py:183} INFO - Processing /home/airflow/.local/lib/python3.8/site-packages/airflow/example_dags/example_dynamic_task_mapping.py took 0.675 seconds
[2024-04-04T23:17:09.956+0000] {processor.py:161} INFO - Started process (PID=47899) to work on /home/airflow/.local/lib/python3.8/site-packages/airflow/example_dags/example_dynamic_task_mapping.py
[2024-04-04T23:17:09.959+0000] {processor.py:830} INFO - Processing file /home/airflow/.local/lib/python3.8/site-packages/airflow/example_dags/example_dynamic_task_mapping.py for tasks to queue
[2024-04-04T23:17:09.963+0000] {logging_mixin.py:188} INFO - [2024-04-04T23:17:09.962+0000] {dagbag.py:538} INFO - Filling up the DagBag from /home/airflow/.local/lib/python3.8/site-packages/airflow/example_dags/example_dynamic_task_mapping.py
[2024-04-04T23:17:09.986+0000] {processor.py:840} INFO - DAG(s) 'example_dynamic_task_mapping' retrieved from /home/airflow/.local/lib/python3.8/site-packages/airflow/example_dags/example_dynamic_task_mapping.py
[2024-04-04T23:17:10.052+0000] {logging_mixin.py:188} INFO - [2024-04-04T23:17:10.051+0000] {dag.py:3036} INFO - Sync 1 DAGs
[2024-04-04T23:17:10.143+0000] {logging_mixin.py:188} INFO - [2024-04-04T23:17:10.141+0000] {dag.py:3823} INFO - Setting next_dagrun for example_dynamic_task_mapping to 2022-03-04 00:00:00+00:00, run_after=2022-03-05 00:00:00+00:00
[2024-04-04T23:17:10.239+0000] {processor.py:183} INFO - Processing /home/airflow/.local/lib/python3.8/site-packages/airflow/example_dags/example_dynamic_task_mapping.py took 0.307 seconds
[2024-04-04T23:17:40.869+0000] {processor.py:161} INFO - Started process (PID=47959) to work on /home/airflow/.local/lib/python3.8/site-packages/airflow/example_dags/example_dynamic_task_mapping.py
[2024-04-04T23:17:40.877+0000] {processor.py:830} INFO - Processing file /home/airflow/.local/lib/python3.8/site-packages/airflow/example_dags/example_dynamic_task_mapping.py for tasks to queue
[2024-04-04T23:17:40.890+0000] {logging_mixin.py:188} INFO - [2024-04-04T23:17:40.884+0000] {dagbag.py:538} INFO - Filling up the DagBag from /home/airflow/.local/lib/python3.8/site-packages/airflow/example_dags/example_dynamic_task_mapping.py
[2024-04-04T23:17:40.983+0000] {processor.py:840} INFO - DAG(s) 'example_dynamic_task_mapping' retrieved from /home/airflow/.local/lib/python3.8/site-packages/airflow/example_dags/example_dynamic_task_mapping.py
[2024-04-04T23:17:41.188+0000] {logging_mixin.py:188} INFO - [2024-04-04T23:17:41.185+0000] {dag.py:3036} INFO - Sync 1 DAGs
[2024-04-04T23:17:41.344+0000] {logging_mixin.py:188} INFO - [2024-04-04T23:17:41.342+0000] {dag.py:3823} INFO - Setting next_dagrun for example_dynamic_task_mapping to 2022-03-04 00:00:00+00:00, run_after=2022-03-05 00:00:00+00:00
[2024-04-04T23:17:41.456+0000] {processor.py:183} INFO - Processing /home/airflow/.local/lib/python3.8/site-packages/airflow/example_dags/example_dynamic_task_mapping.py took 0.617 seconds
[2024-04-04T23:18:11.728+0000] {processor.py:161} INFO - Started process (PID=48019) to work on /home/airflow/.local/lib/python3.8/site-packages/airflow/example_dags/example_dynamic_task_mapping.py
[2024-04-04T23:18:11.732+0000] {processor.py:830} INFO - Processing file /home/airflow/.local/lib/python3.8/site-packages/airflow/example_dags/example_dynamic_task_mapping.py for tasks to queue
[2024-04-04T23:18:11.737+0000] {logging_mixin.py:188} INFO - [2024-04-04T23:18:11.735+0000] {dagbag.py:538} INFO - Filling up the DagBag from /home/airflow/.local/lib/python3.8/site-packages/airflow/example_dags/example_dynamic_task_mapping.py
[2024-04-04T23:18:11.761+0000] {processor.py:840} INFO - DAG(s) 'example_dynamic_task_mapping' retrieved from /home/airflow/.local/lib/python3.8/site-packages/airflow/example_dags/example_dynamic_task_mapping.py
[2024-04-04T23:18:11.849+0000] {logging_mixin.py:188} INFO - [2024-04-04T23:18:11.848+0000] {dag.py:3036} INFO - Sync 1 DAGs
[2024-04-04T23:18:11.945+0000] {logging_mixin.py:188} INFO - [2024-04-04T23:18:11.944+0000] {dag.py:3823} INFO - Setting next_dagrun for example_dynamic_task_mapping to 2022-03-04 00:00:00+00:00, run_after=2022-03-05 00:00:00+00:00
[2024-04-04T23:18:12.018+0000] {processor.py:183} INFO - Processing /home/airflow/.local/lib/python3.8/site-packages/airflow/example_dags/example_dynamic_task_mapping.py took 0.304 seconds
[2024-04-04T23:18:42.449+0000] {processor.py:161} INFO - Started process (PID=48080) to work on /home/airflow/.local/lib/python3.8/site-packages/airflow/example_dags/example_dynamic_task_mapping.py
[2024-04-04T23:18:42.451+0000] {processor.py:830} INFO - Processing file /home/airflow/.local/lib/python3.8/site-packages/airflow/example_dags/example_dynamic_task_mapping.py for tasks to queue
[2024-04-04T23:18:42.454+0000] {logging_mixin.py:188} INFO - [2024-04-04T23:18:42.453+0000] {dagbag.py:538} INFO - Filling up the DagBag from /home/airflow/.local/lib/python3.8/site-packages/airflow/example_dags/example_dynamic_task_mapping.py
[2024-04-04T23:18:42.468+0000] {processor.py:840} INFO - DAG(s) 'example_dynamic_task_mapping' retrieved from /home/airflow/.local/lib/python3.8/site-packages/airflow/example_dags/example_dynamic_task_mapping.py
[2024-04-04T23:18:42.523+0000] {logging_mixin.py:188} INFO - [2024-04-04T23:18:42.522+0000] {dag.py:3036} INFO - Sync 1 DAGs
[2024-04-04T23:18:42.572+0000] {logging_mixin.py:188} INFO - [2024-04-04T23:18:42.572+0000] {dag.py:3823} INFO - Setting next_dagrun for example_dynamic_task_mapping to 2022-03-04 00:00:00+00:00, run_after=2022-03-05 00:00:00+00:00
[2024-04-04T23:18:42.625+0000] {processor.py:183} INFO - Processing /home/airflow/.local/lib/python3.8/site-packages/airflow/example_dags/example_dynamic_task_mapping.py took 0.185 seconds
[2024-04-04T23:19:13.129+0000] {processor.py:161} INFO - Started process (PID=48140) to work on /home/airflow/.local/lib/python3.8/site-packages/airflow/example_dags/example_dynamic_task_mapping.py
[2024-04-04T23:19:13.131+0000] {processor.py:830} INFO - Processing file /home/airflow/.local/lib/python3.8/site-packages/airflow/example_dags/example_dynamic_task_mapping.py for tasks to queue
[2024-04-04T23:19:13.134+0000] {logging_mixin.py:188} INFO - [2024-04-04T23:19:13.133+0000] {dagbag.py:538} INFO - Filling up the DagBag from /home/airflow/.local/lib/python3.8/site-packages/airflow/example_dags/example_dynamic_task_mapping.py
[2024-04-04T23:19:13.149+0000] {processor.py:840} INFO - DAG(s) 'example_dynamic_task_mapping' retrieved from /home/airflow/.local/lib/python3.8/site-packages/airflow/example_dags/example_dynamic_task_mapping.py
[2024-04-04T23:19:13.199+0000] {logging_mixin.py:188} INFO - [2024-04-04T23:19:13.198+0000] {dag.py:3036} INFO - Sync 1 DAGs
[2024-04-04T23:19:13.261+0000] {logging_mixin.py:188} INFO - [2024-04-04T23:19:13.260+0000] {dag.py:3823} INFO - Setting next_dagrun for example_dynamic_task_mapping to 2022-03-04 00:00:00+00:00, run_after=2022-03-05 00:00:00+00:00
[2024-04-04T23:19:13.320+0000] {processor.py:183} INFO - Processing /home/airflow/.local/lib/python3.8/site-packages/airflow/example_dags/example_dynamic_task_mapping.py took 0.200 seconds
[2024-04-04T23:19:44.040+0000] {processor.py:161} INFO - Started process (PID=48200) to work on /home/airflow/.local/lib/python3.8/site-packages/airflow/example_dags/example_dynamic_task_mapping.py
[2024-04-04T23:19:44.047+0000] {processor.py:830} INFO - Processing file /home/airflow/.local/lib/python3.8/site-packages/airflow/example_dags/example_dynamic_task_mapping.py for tasks to queue
[2024-04-04T23:19:44.054+0000] {logging_mixin.py:188} INFO - [2024-04-04T23:19:44.052+0000] {dagbag.py:538} INFO - Filling up the DagBag from /home/airflow/.local/lib/python3.8/site-packages/airflow/example_dags/example_dynamic_task_mapping.py
[2024-04-04T23:19:44.111+0000] {processor.py:840} INFO - DAG(s) 'example_dynamic_task_mapping' retrieved from /home/airflow/.local/lib/python3.8/site-packages/airflow/example_dags/example_dynamic_task_mapping.py
[2024-04-04T23:19:44.312+0000] {logging_mixin.py:188} INFO - [2024-04-04T23:19:44.310+0000] {dag.py:3036} INFO - Sync 1 DAGs
[2024-04-04T23:19:44.618+0000] {logging_mixin.py:188} INFO - [2024-04-04T23:19:44.616+0000] {dag.py:3823} INFO - Setting next_dagrun for example_dynamic_task_mapping to 2022-03-04 00:00:00+00:00, run_after=2022-03-05 00:00:00+00:00
[2024-04-04T23:19:44.742+0000] {processor.py:183} INFO - Processing /home/airflow/.local/lib/python3.8/site-packages/airflow/example_dags/example_dynamic_task_mapping.py took 0.731 seconds
[2024-04-04T23:20:15.164+0000] {processor.py:161} INFO - Started process (PID=48260) to work on /home/airflow/.local/lib/python3.8/site-packages/airflow/example_dags/example_dynamic_task_mapping.py
[2024-04-04T23:20:15.168+0000] {processor.py:830} INFO - Processing file /home/airflow/.local/lib/python3.8/site-packages/airflow/example_dags/example_dynamic_task_mapping.py for tasks to queue
[2024-04-04T23:20:15.173+0000] {logging_mixin.py:188} INFO - [2024-04-04T23:20:15.171+0000] {dagbag.py:538} INFO - Filling up the DagBag from /home/airflow/.local/lib/python3.8/site-packages/airflow/example_dags/example_dynamic_task_mapping.py
[2024-04-04T23:20:15.198+0000] {processor.py:840} INFO - DAG(s) 'example_dynamic_task_mapping' retrieved from /home/airflow/.local/lib/python3.8/site-packages/airflow/example_dags/example_dynamic_task_mapping.py
[2024-04-04T23:20:15.298+0000] {logging_mixin.py:188} INFO - [2024-04-04T23:20:15.297+0000] {dag.py:3036} INFO - Sync 1 DAGs
[2024-04-04T23:20:15.410+0000] {logging_mixin.py:188} INFO - [2024-04-04T23:20:15.409+0000] {dag.py:3823} INFO - Setting next_dagrun for example_dynamic_task_mapping to 2022-03-04 00:00:00+00:00, run_after=2022-03-05 00:00:00+00:00
[2024-04-04T23:20:15.485+0000] {processor.py:183} INFO - Processing /home/airflow/.local/lib/python3.8/site-packages/airflow/example_dags/example_dynamic_task_mapping.py took 0.336 seconds
[2024-04-04T23:20:45.833+0000] {processor.py:161} INFO - Started process (PID=48320) to work on /home/airflow/.local/lib/python3.8/site-packages/airflow/example_dags/example_dynamic_task_mapping.py
[2024-04-04T23:20:45.837+0000] {processor.py:830} INFO - Processing file /home/airflow/.local/lib/python3.8/site-packages/airflow/example_dags/example_dynamic_task_mapping.py for tasks to queue
[2024-04-04T23:20:45.840+0000] {logging_mixin.py:188} INFO - [2024-04-04T23:20:45.839+0000] {dagbag.py:538} INFO - Filling up the DagBag from /home/airflow/.local/lib/python3.8/site-packages/airflow/example_dags/example_dynamic_task_mapping.py
[2024-04-04T23:20:45.862+0000] {processor.py:840} INFO - DAG(s) 'example_dynamic_task_mapping' retrieved from /home/airflow/.local/lib/python3.8/site-packages/airflow/example_dags/example_dynamic_task_mapping.py
[2024-04-04T23:20:45.929+0000] {logging_mixin.py:188} INFO - [2024-04-04T23:20:45.929+0000] {dag.py:3036} INFO - Sync 1 DAGs
[2024-04-04T23:20:46.000+0000] {logging_mixin.py:188} INFO - [2024-04-04T23:20:45.999+0000] {dag.py:3823} INFO - Setting next_dagrun for example_dynamic_task_mapping to 2022-03-04 00:00:00+00:00, run_after=2022-03-05 00:00:00+00:00
[2024-04-04T23:20:46.055+0000] {processor.py:183} INFO - Processing /home/airflow/.local/lib/python3.8/site-packages/airflow/example_dags/example_dynamic_task_mapping.py took 0.234 seconds
[2024-04-04T23:21:16.336+0000] {processor.py:161} INFO - Started process (PID=48380) to work on /home/airflow/.local/lib/python3.8/site-packages/airflow/example_dags/example_dynamic_task_mapping.py
[2024-04-04T23:21:16.339+0000] {processor.py:830} INFO - Processing file /home/airflow/.local/lib/python3.8/site-packages/airflow/example_dags/example_dynamic_task_mapping.py for tasks to queue
[2024-04-04T23:21:16.344+0000] {logging_mixin.py:188} INFO - [2024-04-04T23:21:16.342+0000] {dagbag.py:538} INFO - Filling up the DagBag from /home/airflow/.local/lib/python3.8/site-packages/airflow/example_dags/example_dynamic_task_mapping.py
[2024-04-04T23:21:16.365+0000] {processor.py:840} INFO - DAG(s) 'example_dynamic_task_mapping' retrieved from /home/airflow/.local/lib/python3.8/site-packages/airflow/example_dags/example_dynamic_task_mapping.py
[2024-04-04T23:21:16.457+0000] {logging_mixin.py:188} INFO - [2024-04-04T23:21:16.457+0000] {dag.py:3036} INFO - Sync 1 DAGs
[2024-04-04T23:21:16.538+0000] {logging_mixin.py:188} INFO - [2024-04-04T23:21:16.538+0000] {dag.py:3823} INFO - Setting next_dagrun for example_dynamic_task_mapping to 2022-03-04 00:00:00+00:00, run_after=2022-03-05 00:00:00+00:00
[2024-04-04T23:21:16.601+0000] {processor.py:183} INFO - Processing /home/airflow/.local/lib/python3.8/site-packages/airflow/example_dags/example_dynamic_task_mapping.py took 0.279 seconds
[2024-04-04T23:21:48.288+0000] {processor.py:161} INFO - Started process (PID=48440) to work on /home/airflow/.local/lib/python3.8/site-packages/airflow/example_dags/example_dynamic_task_mapping.py
[2024-04-04T23:21:48.292+0000] {processor.py:830} INFO - Processing file /home/airflow/.local/lib/python3.8/site-packages/airflow/example_dags/example_dynamic_task_mapping.py for tasks to queue
[2024-04-04T23:21:48.296+0000] {logging_mixin.py:188} INFO - [2024-04-04T23:21:48.295+0000] {dagbag.py:538} INFO - Filling up the DagBag from /home/airflow/.local/lib/python3.8/site-packages/airflow/example_dags/example_dynamic_task_mapping.py
[2024-04-04T23:21:48.323+0000] {processor.py:840} INFO - DAG(s) 'example_dynamic_task_mapping' retrieved from /home/airflow/.local/lib/python3.8/site-packages/airflow/example_dags/example_dynamic_task_mapping.py
[2024-04-04T23:21:48.420+0000] {logging_mixin.py:188} INFO - [2024-04-04T23:21:48.419+0000] {dag.py:3036} INFO - Sync 1 DAGs
[2024-04-04T23:21:48.550+0000] {logging_mixin.py:188} INFO - [2024-04-04T23:21:48.549+0000] {dag.py:3823} INFO - Setting next_dagrun for example_dynamic_task_mapping to 2022-03-04 00:00:00+00:00, run_after=2022-03-05 00:00:00+00:00
[2024-04-04T23:21:48.634+0000] {processor.py:183} INFO - Processing /home/airflow/.local/lib/python3.8/site-packages/airflow/example_dags/example_dynamic_task_mapping.py took 0.362 seconds
[2024-04-04T23:22:19.491+0000] {processor.py:161} INFO - Started process (PID=48500) to work on /home/airflow/.local/lib/python3.8/site-packages/airflow/example_dags/example_dynamic_task_mapping.py
[2024-04-04T23:22:19.496+0000] {processor.py:830} INFO - Processing file /home/airflow/.local/lib/python3.8/site-packages/airflow/example_dags/example_dynamic_task_mapping.py for tasks to queue
[2024-04-04T23:22:19.502+0000] {logging_mixin.py:188} INFO - [2024-04-04T23:22:19.500+0000] {dagbag.py:538} INFO - Filling up the DagBag from /home/airflow/.local/lib/python3.8/site-packages/airflow/example_dags/example_dynamic_task_mapping.py
[2024-04-04T23:22:19.538+0000] {processor.py:840} INFO - DAG(s) 'example_dynamic_task_mapping' retrieved from /home/airflow/.local/lib/python3.8/site-packages/airflow/example_dags/example_dynamic_task_mapping.py
[2024-04-04T23:22:19.669+0000] {logging_mixin.py:188} INFO - [2024-04-04T23:22:19.668+0000] {dag.py:3036} INFO - Sync 1 DAGs
[2024-04-04T23:22:19.856+0000] {logging_mixin.py:188} INFO - [2024-04-04T23:22:19.854+0000] {dag.py:3823} INFO - Setting next_dagrun for example_dynamic_task_mapping to 2022-03-04 00:00:00+00:00, run_after=2022-03-05 00:00:00+00:00
[2024-04-04T23:22:20.048+0000] {processor.py:183} INFO - Processing /home/airflow/.local/lib/python3.8/site-packages/airflow/example_dags/example_dynamic_task_mapping.py took 0.579 seconds
[2024-04-04T23:22:50.610+0000] {processor.py:161} INFO - Started process (PID=48560) to work on /home/airflow/.local/lib/python3.8/site-packages/airflow/example_dags/example_dynamic_task_mapping.py
[2024-04-04T23:22:50.613+0000] {processor.py:830} INFO - Processing file /home/airflow/.local/lib/python3.8/site-packages/airflow/example_dags/example_dynamic_task_mapping.py for tasks to queue
[2024-04-04T23:22:50.616+0000] {logging_mixin.py:188} INFO - [2024-04-04T23:22:50.615+0000] {dagbag.py:538} INFO - Filling up the DagBag from /home/airflow/.local/lib/python3.8/site-packages/airflow/example_dags/example_dynamic_task_mapping.py
[2024-04-04T23:22:50.632+0000] {processor.py:840} INFO - DAG(s) 'example_dynamic_task_mapping' retrieved from /home/airflow/.local/lib/python3.8/site-packages/airflow/example_dags/example_dynamic_task_mapping.py
[2024-04-04T23:22:50.691+0000] {logging_mixin.py:188} INFO - [2024-04-04T23:22:50.690+0000] {dag.py:3036} INFO - Sync 1 DAGs
[2024-04-04T23:22:50.753+0000] {logging_mixin.py:188} INFO - [2024-04-04T23:22:50.752+0000] {dag.py:3823} INFO - Setting next_dagrun for example_dynamic_task_mapping to 2022-03-04 00:00:00+00:00, run_after=2022-03-05 00:00:00+00:00
[2024-04-04T23:22:50.803+0000] {processor.py:183} INFO - Processing /home/airflow/.local/lib/python3.8/site-packages/airflow/example_dags/example_dynamic_task_mapping.py took 0.203 seconds
[2024-04-04T23:23:21.098+0000] {processor.py:161} INFO - Started process (PID=48620) to work on /home/airflow/.local/lib/python3.8/site-packages/airflow/example_dags/example_dynamic_task_mapping.py
[2024-04-04T23:23:21.101+0000] {processor.py:830} INFO - Processing file /home/airflow/.local/lib/python3.8/site-packages/airflow/example_dags/example_dynamic_task_mapping.py for tasks to queue
[2024-04-04T23:23:21.104+0000] {logging_mixin.py:188} INFO - [2024-04-04T23:23:21.103+0000] {dagbag.py:538} INFO - Filling up the DagBag from /home/airflow/.local/lib/python3.8/site-packages/airflow/example_dags/example_dynamic_task_mapping.py
[2024-04-04T23:23:21.120+0000] {processor.py:840} INFO - DAG(s) 'example_dynamic_task_mapping' retrieved from /home/airflow/.local/lib/python3.8/site-packages/airflow/example_dags/example_dynamic_task_mapping.py
[2024-04-04T23:23:21.183+0000] {logging_mixin.py:188} INFO - [2024-04-04T23:23:21.182+0000] {dag.py:3036} INFO - Sync 1 DAGs
[2024-04-04T23:23:21.256+0000] {logging_mixin.py:188} INFO - [2024-04-04T23:23:21.255+0000] {dag.py:3823} INFO - Setting next_dagrun for example_dynamic_task_mapping to 2022-03-04 00:00:00+00:00, run_after=2022-03-05 00:00:00+00:00
[2024-04-04T23:23:21.314+0000] {processor.py:183} INFO - Processing /home/airflow/.local/lib/python3.8/site-packages/airflow/example_dags/example_dynamic_task_mapping.py took 0.225 seconds
[2024-04-04T23:23:52.261+0000] {processor.py:161} INFO - Started process (PID=48678) to work on /home/airflow/.local/lib/python3.8/site-packages/airflow/example_dags/example_dynamic_task_mapping.py
[2024-04-04T23:23:52.264+0000] {processor.py:830} INFO - Processing file /home/airflow/.local/lib/python3.8/site-packages/airflow/example_dags/example_dynamic_task_mapping.py for tasks to queue
[2024-04-04T23:23:52.267+0000] {logging_mixin.py:188} INFO - [2024-04-04T23:23:52.266+0000] {dagbag.py:538} INFO - Filling up the DagBag from /home/airflow/.local/lib/python3.8/site-packages/airflow/example_dags/example_dynamic_task_mapping.py
[2024-04-04T23:23:52.284+0000] {processor.py:840} INFO - DAG(s) 'example_dynamic_task_mapping' retrieved from /home/airflow/.local/lib/python3.8/site-packages/airflow/example_dags/example_dynamic_task_mapping.py
[2024-04-04T23:23:52.343+0000] {logging_mixin.py:188} INFO - [2024-04-04T23:23:52.343+0000] {dag.py:3036} INFO - Sync 1 DAGs
[2024-04-04T23:23:52.403+0000] {logging_mixin.py:188} INFO - [2024-04-04T23:23:52.402+0000] {dag.py:3823} INFO - Setting next_dagrun for example_dynamic_task_mapping to 2022-03-04 00:00:00+00:00, run_after=2022-03-05 00:00:00+00:00
[2024-04-04T23:23:52.455+0000] {processor.py:183} INFO - Processing /home/airflow/.local/lib/python3.8/site-packages/airflow/example_dags/example_dynamic_task_mapping.py took 0.205 seconds
[2024-04-04T23:24:23.401+0000] {processor.py:161} INFO - Started process (PID=48738) to work on /home/airflow/.local/lib/python3.8/site-packages/airflow/example_dags/example_dynamic_task_mapping.py
[2024-04-04T23:24:23.408+0000] {processor.py:830} INFO - Processing file /home/airflow/.local/lib/python3.8/site-packages/airflow/example_dags/example_dynamic_task_mapping.py for tasks to queue
[2024-04-04T23:24:23.417+0000] {logging_mixin.py:188} INFO - [2024-04-04T23:24:23.414+0000] {dagbag.py:538} INFO - Filling up the DagBag from /home/airflow/.local/lib/python3.8/site-packages/airflow/example_dags/example_dynamic_task_mapping.py
[2024-04-04T23:24:23.453+0000] {processor.py:840} INFO - DAG(s) 'example_dynamic_task_mapping' retrieved from /home/airflow/.local/lib/python3.8/site-packages/airflow/example_dags/example_dynamic_task_mapping.py
[2024-04-04T23:24:23.605+0000] {logging_mixin.py:188} INFO - [2024-04-04T23:24:23.604+0000] {dag.py:3036} INFO - Sync 1 DAGs
[2024-04-04T23:24:23.754+0000] {logging_mixin.py:188} INFO - [2024-04-04T23:24:23.753+0000] {dag.py:3823} INFO - Setting next_dagrun for example_dynamic_task_mapping to 2022-03-04 00:00:00+00:00, run_after=2022-03-05 00:00:00+00:00
[2024-04-04T23:24:23.864+0000] {processor.py:183} INFO - Processing /home/airflow/.local/lib/python3.8/site-packages/airflow/example_dags/example_dynamic_task_mapping.py took 0.480 seconds
[2024-04-04T23:24:54.462+0000] {processor.py:161} INFO - Started process (PID=48798) to work on /home/airflow/.local/lib/python3.8/site-packages/airflow/example_dags/example_dynamic_task_mapping.py
[2024-04-04T23:24:54.465+0000] {processor.py:830} INFO - Processing file /home/airflow/.local/lib/python3.8/site-packages/airflow/example_dags/example_dynamic_task_mapping.py for tasks to queue
[2024-04-04T23:24:54.467+0000] {logging_mixin.py:188} INFO - [2024-04-04T23:24:54.467+0000] {dagbag.py:538} INFO - Filling up the DagBag from /home/airflow/.local/lib/python3.8/site-packages/airflow/example_dags/example_dynamic_task_mapping.py
[2024-04-04T23:24:54.482+0000] {processor.py:840} INFO - DAG(s) 'example_dynamic_task_mapping' retrieved from /home/airflow/.local/lib/python3.8/site-packages/airflow/example_dags/example_dynamic_task_mapping.py
[2024-04-04T23:24:54.538+0000] {logging_mixin.py:188} INFO - [2024-04-04T23:24:54.537+0000] {dag.py:3036} INFO - Sync 1 DAGs
[2024-04-04T23:24:54.595+0000] {logging_mixin.py:188} INFO - [2024-04-04T23:24:54.595+0000] {dag.py:3823} INFO - Setting next_dagrun for example_dynamic_task_mapping to 2022-03-04 00:00:00+00:00, run_after=2022-03-05 00:00:00+00:00
[2024-04-04T23:24:54.652+0000] {processor.py:183} INFO - Processing /home/airflow/.local/lib/python3.8/site-packages/airflow/example_dags/example_dynamic_task_mapping.py took 0.198 seconds
[2024-04-04T23:25:25.066+0000] {processor.py:161} INFO - Started process (PID=48858) to work on /home/airflow/.local/lib/python3.8/site-packages/airflow/example_dags/example_dynamic_task_mapping.py
[2024-04-04T23:25:25.069+0000] {processor.py:830} INFO - Processing file /home/airflow/.local/lib/python3.8/site-packages/airflow/example_dags/example_dynamic_task_mapping.py for tasks to queue
[2024-04-04T23:25:25.071+0000] {logging_mixin.py:188} INFO - [2024-04-04T23:25:25.070+0000] {dagbag.py:538} INFO - Filling up the DagBag from /home/airflow/.local/lib/python3.8/site-packages/airflow/example_dags/example_dynamic_task_mapping.py
[2024-04-04T23:25:25.085+0000] {processor.py:840} INFO - DAG(s) 'example_dynamic_task_mapping' retrieved from /home/airflow/.local/lib/python3.8/site-packages/airflow/example_dags/example_dynamic_task_mapping.py
[2024-04-04T23:25:25.134+0000] {logging_mixin.py:188} INFO - [2024-04-04T23:25:25.133+0000] {dag.py:3036} INFO - Sync 1 DAGs
[2024-04-04T23:25:25.186+0000] {logging_mixin.py:188} INFO - [2024-04-04T23:25:25.186+0000] {dag.py:3823} INFO - Setting next_dagrun for example_dynamic_task_mapping to 2022-03-04 00:00:00+00:00, run_after=2022-03-05 00:00:00+00:00
[2024-04-04T23:25:25.229+0000] {processor.py:183} INFO - Processing /home/airflow/.local/lib/python3.8/site-packages/airflow/example_dags/example_dynamic_task_mapping.py took 0.171 seconds
[2024-04-04T23:25:55.518+0000] {processor.py:161} INFO - Started process (PID=48918) to work on /home/airflow/.local/lib/python3.8/site-packages/airflow/example_dags/example_dynamic_task_mapping.py
[2024-04-04T23:25:55.521+0000] {processor.py:830} INFO - Processing file /home/airflow/.local/lib/python3.8/site-packages/airflow/example_dags/example_dynamic_task_mapping.py for tasks to queue
[2024-04-04T23:25:55.526+0000] {logging_mixin.py:188} INFO - [2024-04-04T23:25:55.524+0000] {dagbag.py:538} INFO - Filling up the DagBag from /home/airflow/.local/lib/python3.8/site-packages/airflow/example_dags/example_dynamic_task_mapping.py
[2024-04-04T23:25:55.548+0000] {processor.py:840} INFO - DAG(s) 'example_dynamic_task_mapping' retrieved from /home/airflow/.local/lib/python3.8/site-packages/airflow/example_dags/example_dynamic_task_mapping.py
[2024-04-04T23:25:55.621+0000] {logging_mixin.py:188} INFO - [2024-04-04T23:25:55.620+0000] {dag.py:3036} INFO - Sync 1 DAGs
[2024-04-04T23:25:55.701+0000] {logging_mixin.py:188} INFO - [2024-04-04T23:25:55.700+0000] {dag.py:3823} INFO - Setting next_dagrun for example_dynamic_task_mapping to 2022-03-04 00:00:00+00:00, run_after=2022-03-05 00:00:00+00:00
[2024-04-04T23:25:55.767+0000] {processor.py:183} INFO - Processing /home/airflow/.local/lib/python3.8/site-packages/airflow/example_dags/example_dynamic_task_mapping.py took 0.262 seconds
[2024-04-04T23:26:26.368+0000] {processor.py:161} INFO - Started process (PID=48978) to work on /home/airflow/.local/lib/python3.8/site-packages/airflow/example_dags/example_dynamic_task_mapping.py
[2024-04-04T23:26:26.375+0000] {processor.py:830} INFO - Processing file /home/airflow/.local/lib/python3.8/site-packages/airflow/example_dags/example_dynamic_task_mapping.py for tasks to queue
[2024-04-04T23:26:26.381+0000] {logging_mixin.py:188} INFO - [2024-04-04T23:26:26.379+0000] {dagbag.py:538} INFO - Filling up the DagBag from /home/airflow/.local/lib/python3.8/site-packages/airflow/example_dags/example_dynamic_task_mapping.py
[2024-04-04T23:26:26.417+0000] {processor.py:840} INFO - DAG(s) 'example_dynamic_task_mapping' retrieved from /home/airflow/.local/lib/python3.8/site-packages/airflow/example_dags/example_dynamic_task_mapping.py
[2024-04-04T23:26:26.544+0000] {logging_mixin.py:188} INFO - [2024-04-04T23:26:26.543+0000] {dag.py:3036} INFO - Sync 1 DAGs
[2024-04-04T23:26:26.659+0000] {logging_mixin.py:188} INFO - [2024-04-04T23:26:26.658+0000] {dag.py:3823} INFO - Setting next_dagrun for example_dynamic_task_mapping to 2022-03-04 00:00:00+00:00, run_after=2022-03-05 00:00:00+00:00
[2024-04-04T23:26:26.823+0000] {processor.py:183} INFO - Processing /home/airflow/.local/lib/python3.8/site-packages/airflow/example_dags/example_dynamic_task_mapping.py took 0.479 seconds
[2024-04-04T23:26:57.656+0000] {processor.py:161} INFO - Started process (PID=49038) to work on /home/airflow/.local/lib/python3.8/site-packages/airflow/example_dags/example_dynamic_task_mapping.py
[2024-04-04T23:26:57.662+0000] {processor.py:830} INFO - Processing file /home/airflow/.local/lib/python3.8/site-packages/airflow/example_dags/example_dynamic_task_mapping.py for tasks to queue
[2024-04-04T23:26:57.670+0000] {logging_mixin.py:188} INFO - [2024-04-04T23:26:57.667+0000] {dagbag.py:538} INFO - Filling up the DagBag from /home/airflow/.local/lib/python3.8/site-packages/airflow/example_dags/example_dynamic_task_mapping.py
[2024-04-04T23:26:57.716+0000] {processor.py:840} INFO - DAG(s) 'example_dynamic_task_mapping' retrieved from /home/airflow/.local/lib/python3.8/site-packages/airflow/example_dags/example_dynamic_task_mapping.py
[2024-04-04T23:26:57.888+0000] {logging_mixin.py:188} INFO - [2024-04-04T23:26:57.886+0000] {dag.py:3036} INFO - Sync 1 DAGs
[2024-04-04T23:26:58.079+0000] {logging_mixin.py:188} INFO - [2024-04-04T23:26:58.077+0000] {dag.py:3823} INFO - Setting next_dagrun for example_dynamic_task_mapping to 2022-03-04 00:00:00+00:00, run_after=2022-03-05 00:00:00+00:00
[2024-04-04T23:26:58.191+0000] {processor.py:183} INFO - Processing /home/airflow/.local/lib/python3.8/site-packages/airflow/example_dags/example_dynamic_task_mapping.py took 0.565 seconds
[2024-04-04T23:27:28.470+0000] {processor.py:161} INFO - Started process (PID=49099) to work on /home/airflow/.local/lib/python3.8/site-packages/airflow/example_dags/example_dynamic_task_mapping.py
[2024-04-04T23:27:28.472+0000] {processor.py:830} INFO - Processing file /home/airflow/.local/lib/python3.8/site-packages/airflow/example_dags/example_dynamic_task_mapping.py for tasks to queue
[2024-04-04T23:27:28.474+0000] {logging_mixin.py:188} INFO - [2024-04-04T23:27:28.473+0000] {dagbag.py:538} INFO - Filling up the DagBag from /home/airflow/.local/lib/python3.8/site-packages/airflow/example_dags/example_dynamic_task_mapping.py
[2024-04-04T23:27:28.488+0000] {processor.py:840} INFO - DAG(s) 'example_dynamic_task_mapping' retrieved from /home/airflow/.local/lib/python3.8/site-packages/airflow/example_dags/example_dynamic_task_mapping.py
[2024-04-04T23:27:28.542+0000] {logging_mixin.py:188} INFO - [2024-04-04T23:27:28.541+0000] {dag.py:3036} INFO - Sync 1 DAGs
[2024-04-04T23:27:28.601+0000] {logging_mixin.py:188} INFO - [2024-04-04T23:27:28.601+0000] {dag.py:3823} INFO - Setting next_dagrun for example_dynamic_task_mapping to 2022-03-04 00:00:00+00:00, run_after=2022-03-05 00:00:00+00:00
[2024-04-04T23:27:28.663+0000] {processor.py:183} INFO - Processing /home/airflow/.local/lib/python3.8/site-packages/airflow/example_dags/example_dynamic_task_mapping.py took 0.201 seconds
[2024-04-04T23:27:58.791+0000] {processor.py:161} INFO - Started process (PID=49159) to work on /home/airflow/.local/lib/python3.8/site-packages/airflow/example_dags/example_dynamic_task_mapping.py
[2024-04-04T23:27:58.794+0000] {processor.py:830} INFO - Processing file /home/airflow/.local/lib/python3.8/site-packages/airflow/example_dags/example_dynamic_task_mapping.py for tasks to queue
[2024-04-04T23:27:58.796+0000] {logging_mixin.py:188} INFO - [2024-04-04T23:27:58.796+0000] {dagbag.py:538} INFO - Filling up the DagBag from /home/airflow/.local/lib/python3.8/site-packages/airflow/example_dags/example_dynamic_task_mapping.py
[2024-04-04T23:27:58.814+0000] {processor.py:840} INFO - DAG(s) 'example_dynamic_task_mapping' retrieved from /home/airflow/.local/lib/python3.8/site-packages/airflow/example_dags/example_dynamic_task_mapping.py
[2024-04-04T23:27:58.867+0000] {logging_mixin.py:188} INFO - [2024-04-04T23:27:58.866+0000] {dag.py:3036} INFO - Sync 1 DAGs
[2024-04-04T23:27:58.920+0000] {logging_mixin.py:188} INFO - [2024-04-04T23:27:58.919+0000] {dag.py:3823} INFO - Setting next_dagrun for example_dynamic_task_mapping to 2022-03-04 00:00:00+00:00, run_after=2022-03-05 00:00:00+00:00
[2024-04-04T23:27:58.963+0000] {processor.py:183} INFO - Processing /home/airflow/.local/lib/python3.8/site-packages/airflow/example_dags/example_dynamic_task_mapping.py took 0.180 seconds
[2024-04-04T23:28:29.761+0000] {processor.py:161} INFO - Started process (PID=49219) to work on /home/airflow/.local/lib/python3.8/site-packages/airflow/example_dags/example_dynamic_task_mapping.py
[2024-04-04T23:28:29.768+0000] {processor.py:830} INFO - Processing file /home/airflow/.local/lib/python3.8/site-packages/airflow/example_dags/example_dynamic_task_mapping.py for tasks to queue
[2024-04-04T23:28:29.779+0000] {logging_mixin.py:188} INFO - [2024-04-04T23:28:29.775+0000] {dagbag.py:538} INFO - Filling up the DagBag from /home/airflow/.local/lib/python3.8/site-packages/airflow/example_dags/example_dynamic_task_mapping.py
[2024-04-04T23:28:29.853+0000] {processor.py:840} INFO - DAG(s) 'example_dynamic_task_mapping' retrieved from /home/airflow/.local/lib/python3.8/site-packages/airflow/example_dags/example_dynamic_task_mapping.py
[2024-04-04T23:28:29.998+0000] {logging_mixin.py:188} INFO - [2024-04-04T23:28:29.997+0000] {dag.py:3036} INFO - Sync 1 DAGs
[2024-04-04T23:28:30.183+0000] {logging_mixin.py:188} INFO - [2024-04-04T23:28:30.181+0000] {dag.py:3823} INFO - Setting next_dagrun for example_dynamic_task_mapping to 2022-03-04 00:00:00+00:00, run_after=2022-03-05 00:00:00+00:00
[2024-04-04T23:28:30.328+0000] {processor.py:183} INFO - Processing /home/airflow/.local/lib/python3.8/site-packages/airflow/example_dags/example_dynamic_task_mapping.py took 0.591 seconds
[2024-04-04T23:29:01.675+0000] {processor.py:161} INFO - Started process (PID=49279) to work on /home/airflow/.local/lib/python3.8/site-packages/airflow/example_dags/example_dynamic_task_mapping.py
[2024-04-04T23:29:01.679+0000] {processor.py:830} INFO - Processing file /home/airflow/.local/lib/python3.8/site-packages/airflow/example_dags/example_dynamic_task_mapping.py for tasks to queue
[2024-04-04T23:29:01.686+0000] {logging_mixin.py:188} INFO - [2024-04-04T23:29:01.684+0000] {dagbag.py:538} INFO - Filling up the DagBag from /home/airflow/.local/lib/python3.8/site-packages/airflow/example_dags/example_dynamic_task_mapping.py
[2024-04-04T23:29:01.720+0000] {processor.py:840} INFO - DAG(s) 'example_dynamic_task_mapping' retrieved from /home/airflow/.local/lib/python3.8/site-packages/airflow/example_dags/example_dynamic_task_mapping.py
[2024-04-04T23:29:01.866+0000] {logging_mixin.py:188} INFO - [2024-04-04T23:29:01.865+0000] {dag.py:3036} INFO - Sync 1 DAGs
[2024-04-04T23:29:02.033+0000] {logging_mixin.py:188} INFO - [2024-04-04T23:29:02.031+0000] {dag.py:3823} INFO - Setting next_dagrun for example_dynamic_task_mapping to 2022-03-04 00:00:00+00:00, run_after=2022-03-05 00:00:00+00:00
[2024-04-04T23:29:02.178+0000] {processor.py:183} INFO - Processing /home/airflow/.local/lib/python3.8/site-packages/airflow/example_dags/example_dynamic_task_mapping.py took 0.522 seconds
[2024-04-04T23:29:32.477+0000] {processor.py:161} INFO - Started process (PID=49339) to work on /home/airflow/.local/lib/python3.8/site-packages/airflow/example_dags/example_dynamic_task_mapping.py
[2024-04-04T23:29:32.482+0000] {processor.py:830} INFO - Processing file /home/airflow/.local/lib/python3.8/site-packages/airflow/example_dags/example_dynamic_task_mapping.py for tasks to queue
[2024-04-04T23:29:32.488+0000] {logging_mixin.py:188} INFO - [2024-04-04T23:29:32.486+0000] {dagbag.py:538} INFO - Filling up the DagBag from /home/airflow/.local/lib/python3.8/site-packages/airflow/example_dags/example_dynamic_task_mapping.py
[2024-04-04T23:29:32.510+0000] {processor.py:840} INFO - DAG(s) 'example_dynamic_task_mapping' retrieved from /home/airflow/.local/lib/python3.8/site-packages/airflow/example_dags/example_dynamic_task_mapping.py
[2024-04-04T23:29:32.579+0000] {logging_mixin.py:188} INFO - [2024-04-04T23:29:32.578+0000] {dag.py:3036} INFO - Sync 1 DAGs
[2024-04-04T23:29:32.649+0000] {logging_mixin.py:188} INFO - [2024-04-04T23:29:32.648+0000] {dag.py:3823} INFO - Setting next_dagrun for example_dynamic_task_mapping to 2022-03-04 00:00:00+00:00, run_after=2022-03-05 00:00:00+00:00
[2024-04-04T23:29:32.706+0000] {processor.py:183} INFO - Processing /home/airflow/.local/lib/python3.8/site-packages/airflow/example_dags/example_dynamic_task_mapping.py took 0.244 seconds
[2024-04-04T23:30:03.085+0000] {processor.py:161} INFO - Started process (PID=49399) to work on /home/airflow/.local/lib/python3.8/site-packages/airflow/example_dags/example_dynamic_task_mapping.py
[2024-04-04T23:30:03.088+0000] {processor.py:830} INFO - Processing file /home/airflow/.local/lib/python3.8/site-packages/airflow/example_dags/example_dynamic_task_mapping.py for tasks to queue
[2024-04-04T23:30:03.091+0000] {logging_mixin.py:188} INFO - [2024-04-04T23:30:03.090+0000] {dagbag.py:538} INFO - Filling up the DagBag from /home/airflow/.local/lib/python3.8/site-packages/airflow/example_dags/example_dynamic_task_mapping.py
[2024-04-04T23:30:03.108+0000] {processor.py:840} INFO - DAG(s) 'example_dynamic_task_mapping' retrieved from /home/airflow/.local/lib/python3.8/site-packages/airflow/example_dags/example_dynamic_task_mapping.py
[2024-04-04T23:30:03.166+0000] {logging_mixin.py:188} INFO - [2024-04-04T23:30:03.165+0000] {dag.py:3036} INFO - Sync 1 DAGs
[2024-04-04T23:30:03.224+0000] {logging_mixin.py:188} INFO - [2024-04-04T23:30:03.223+0000] {dag.py:3823} INFO - Setting next_dagrun for example_dynamic_task_mapping to 2022-03-04 00:00:00+00:00, run_after=2022-03-05 00:00:00+00:00
[2024-04-04T23:30:03.282+0000] {processor.py:183} INFO - Processing /home/airflow/.local/lib/python3.8/site-packages/airflow/example_dags/example_dynamic_task_mapping.py took 0.208 seconds
[2024-04-04T23:30:38.932+0000] {processor.py:161} INFO - Started process (PID=49458) to work on /home/airflow/.local/lib/python3.8/site-packages/airflow/example_dags/example_dynamic_task_mapping.py
[2024-04-04T23:30:38.937+0000] {processor.py:830} INFO - Processing file /home/airflow/.local/lib/python3.8/site-packages/airflow/example_dags/example_dynamic_task_mapping.py for tasks to queue
[2024-04-04T23:30:38.943+0000] {logging_mixin.py:188} INFO - [2024-04-04T23:30:38.941+0000] {dagbag.py:538} INFO - Filling up the DagBag from /home/airflow/.local/lib/python3.8/site-packages/airflow/example_dags/example_dynamic_task_mapping.py
[2024-04-04T23:30:38.985+0000] {processor.py:840} INFO - DAG(s) 'example_dynamic_task_mapping' retrieved from /home/airflow/.local/lib/python3.8/site-packages/airflow/example_dags/example_dynamic_task_mapping.py
[2024-04-04T23:30:39.098+0000] {logging_mixin.py:188} INFO - [2024-04-04T23:30:39.097+0000] {dag.py:3036} INFO - Sync 1 DAGs
[2024-04-04T23:30:39.267+0000] {logging_mixin.py:188} INFO - [2024-04-04T23:30:39.264+0000] {dag.py:3823} INFO - Setting next_dagrun for example_dynamic_task_mapping to 2022-03-04 00:00:00+00:00, run_after=2022-03-05 00:00:00+00:00
[2024-04-04T23:30:39.451+0000] {processor.py:183} INFO - Processing /home/airflow/.local/lib/python3.8/site-packages/airflow/example_dags/example_dynamic_task_mapping.py took 0.542 seconds
[2024-04-04T23:31:10.094+0000] {processor.py:161} INFO - Started process (PID=49519) to work on /home/airflow/.local/lib/python3.8/site-packages/airflow/example_dags/example_dynamic_task_mapping.py
[2024-04-04T23:31:10.102+0000] {processor.py:830} INFO - Processing file /home/airflow/.local/lib/python3.8/site-packages/airflow/example_dags/example_dynamic_task_mapping.py for tasks to queue
[2024-04-04T23:31:10.109+0000] {logging_mixin.py:188} INFO - [2024-04-04T23:31:10.107+0000] {dagbag.py:538} INFO - Filling up the DagBag from /home/airflow/.local/lib/python3.8/site-packages/airflow/example_dags/example_dynamic_task_mapping.py
[2024-04-04T23:31:10.153+0000] {processor.py:840} INFO - DAG(s) 'example_dynamic_task_mapping' retrieved from /home/airflow/.local/lib/python3.8/site-packages/airflow/example_dags/example_dynamic_task_mapping.py
[2024-04-04T23:31:10.293+0000] {logging_mixin.py:188} INFO - [2024-04-04T23:31:10.291+0000] {dag.py:3036} INFO - Sync 1 DAGs
[2024-04-04T23:31:10.505+0000] {logging_mixin.py:188} INFO - [2024-04-04T23:31:10.503+0000] {dag.py:3823} INFO - Setting next_dagrun for example_dynamic_task_mapping to 2022-03-04 00:00:00+00:00, run_after=2022-03-05 00:00:00+00:00
[2024-04-04T23:31:10.636+0000] {processor.py:183} INFO - Processing /home/airflow/.local/lib/python3.8/site-packages/airflow/example_dags/example_dynamic_task_mapping.py took 0.573 seconds
[2024-04-04T23:31:41.359+0000] {processor.py:161} INFO - Started process (PID=49579) to work on /home/airflow/.local/lib/python3.8/site-packages/airflow/example_dags/example_dynamic_task_mapping.py
[2024-04-04T23:31:41.367+0000] {processor.py:830} INFO - Processing file /home/airflow/.local/lib/python3.8/site-packages/airflow/example_dags/example_dynamic_task_mapping.py for tasks to queue
[2024-04-04T23:31:41.374+0000] {logging_mixin.py:188} INFO - [2024-04-04T23:31:41.372+0000] {dagbag.py:538} INFO - Filling up the DagBag from /home/airflow/.local/lib/python3.8/site-packages/airflow/example_dags/example_dynamic_task_mapping.py
[2024-04-04T23:31:41.449+0000] {processor.py:840} INFO - DAG(s) 'example_dynamic_task_mapping' retrieved from /home/airflow/.local/lib/python3.8/site-packages/airflow/example_dags/example_dynamic_task_mapping.py
[2024-04-04T23:31:41.653+0000] {logging_mixin.py:188} INFO - [2024-04-04T23:31:41.651+0000] {dag.py:3036} INFO - Sync 1 DAGs
[2024-04-04T23:31:41.832+0000] {logging_mixin.py:188} INFO - [2024-04-04T23:31:41.830+0000] {dag.py:3823} INFO - Setting next_dagrun for example_dynamic_task_mapping to 2022-03-04 00:00:00+00:00, run_after=2022-03-05 00:00:00+00:00
[2024-04-04T23:31:41.950+0000] {processor.py:183} INFO - Processing /home/airflow/.local/lib/python3.8/site-packages/airflow/example_dags/example_dynamic_task_mapping.py took 0.616 seconds
