[2024-04-04T20:01:57.031+0000] {processor.py:161} INFO - Started process (PID=43457) to work on /home/airflow/.local/lib/python3.8/site-packages/airflow/example_dags/example_complex.py
[2024-04-04T20:01:57.038+0000] {processor.py:830} INFO - Processing file /home/airflow/.local/lib/python3.8/site-packages/airflow/example_dags/example_complex.py for tasks to queue
[2024-04-04T20:01:57.048+0000] {logging_mixin.py:188} INFO - [2024-04-04T20:01:57.048+0000] {dagbag.py:538} INFO - Filling up the DagBag from /home/airflow/.local/lib/python3.8/site-packages/airflow/example_dags/example_complex.py
[2024-04-04T20:01:57.091+0000] {processor.py:840} INFO - DAG(s) 'example_complex' retrieved from /home/airflow/.local/lib/python3.8/site-packages/airflow/example_dags/example_complex.py
[2024-04-04T20:01:57.304+0000] {logging_mixin.py:188} INFO - [2024-04-04T20:01:57.304+0000] {dag.py:3036} INFO - Sync 1 DAGs
[2024-04-04T20:01:57.382+0000] {logging_mixin.py:188} INFO - [2024-04-04T20:01:57.381+0000] {dag.py:3823} INFO - Setting next_dagrun for example_complex to None, run_after=None
[2024-04-04T20:01:57.479+0000] {processor.py:183} INFO - Processing /home/airflow/.local/lib/python3.8/site-packages/airflow/example_dags/example_complex.py took 0.454 seconds
[2024-04-04T18:12:26.698+0000] {processor.py:161} INFO - Started process (PID=46136) to work on /home/airflow/.local/lib/python3.8/site-packages/airflow/example_dags/example_complex.py
[2024-04-04T18:12:26.709+0000] {processor.py:830} INFO - Processing file /home/airflow/.local/lib/python3.8/site-packages/airflow/example_dags/example_complex.py for tasks to queue
[2024-04-04T18:12:26.717+0000] {logging_mixin.py:188} INFO - [2024-04-04T18:12:26.716+0000] {dagbag.py:538} INFO - Filling up the DagBag from /home/airflow/.local/lib/python3.8/site-packages/airflow/example_dags/example_complex.py
[2024-04-04T18:12:26.771+0000] {processor.py:840} INFO - DAG(s) 'example_complex' retrieved from /home/airflow/.local/lib/python3.8/site-packages/airflow/example_dags/example_complex.py
[2024-04-04T18:12:26.956+0000] {logging_mixin.py:188} INFO - [2024-04-04T18:12:26.956+0000] {dag.py:3036} INFO - Sync 1 DAGs
[2024-04-04T18:12:27.019+0000] {logging_mixin.py:188} INFO - [2024-04-04T18:12:27.019+0000] {dag.py:3823} INFO - Setting next_dagrun for example_complex to None, run_after=None
[2024-04-04T18:12:27.139+0000] {processor.py:183} INFO - Processing /home/airflow/.local/lib/python3.8/site-packages/airflow/example_dags/example_complex.py took 0.449 seconds
[2024-04-04T18:12:57.276+0000] {processor.py:161} INFO - Started process (PID=46196) to work on /home/airflow/.local/lib/python3.8/site-packages/airflow/example_dags/example_complex.py
[2024-04-04T18:12:57.278+0000] {processor.py:830} INFO - Processing file /home/airflow/.local/lib/python3.8/site-packages/airflow/example_dags/example_complex.py for tasks to queue
[2024-04-04T18:12:57.280+0000] {logging_mixin.py:188} INFO - [2024-04-04T18:12:57.279+0000] {dagbag.py:538} INFO - Filling up the DagBag from /home/airflow/.local/lib/python3.8/site-packages/airflow/example_dags/example_complex.py
[2024-04-04T18:12:57.293+0000] {processor.py:840} INFO - DAG(s) 'example_complex' retrieved from /home/airflow/.local/lib/python3.8/site-packages/airflow/example_dags/example_complex.py
[2024-04-04T18:12:57.332+0000] {logging_mixin.py:188} INFO - [2024-04-04T18:12:57.332+0000] {dag.py:3036} INFO - Sync 1 DAGs
[2024-04-04T18:12:57.347+0000] {logging_mixin.py:188} INFO - [2024-04-04T18:12:57.347+0000] {dag.py:3823} INFO - Setting next_dagrun for example_complex to None, run_after=None
[2024-04-04T18:12:57.370+0000] {processor.py:183} INFO - Processing /home/airflow/.local/lib/python3.8/site-packages/airflow/example_dags/example_complex.py took 0.098 seconds
[2024-04-04T18:13:27.594+0000] {processor.py:161} INFO - Started process (PID=46256) to work on /home/airflow/.local/lib/python3.8/site-packages/airflow/example_dags/example_complex.py
[2024-04-04T18:13:27.596+0000] {processor.py:830} INFO - Processing file /home/airflow/.local/lib/python3.8/site-packages/airflow/example_dags/example_complex.py for tasks to queue
[2024-04-04T18:13:27.597+0000] {logging_mixin.py:188} INFO - [2024-04-04T18:13:27.597+0000] {dagbag.py:538} INFO - Filling up the DagBag from /home/airflow/.local/lib/python3.8/site-packages/airflow/example_dags/example_complex.py
[2024-04-04T18:13:27.615+0000] {processor.py:840} INFO - DAG(s) 'example_complex' retrieved from /home/airflow/.local/lib/python3.8/site-packages/airflow/example_dags/example_complex.py
[2024-04-04T18:13:27.668+0000] {logging_mixin.py:188} INFO - [2024-04-04T18:13:27.668+0000] {dag.py:3036} INFO - Sync 1 DAGs
[2024-04-04T18:13:27.682+0000] {logging_mixin.py:188} INFO - [2024-04-04T18:13:27.682+0000] {dag.py:3823} INFO - Setting next_dagrun for example_complex to None, run_after=None
[2024-04-04T18:13:27.701+0000] {processor.py:183} INFO - Processing /home/airflow/.local/lib/python3.8/site-packages/airflow/example_dags/example_complex.py took 0.111 seconds
[2024-04-04T18:13:58.133+0000] {processor.py:161} INFO - Started process (PID=46316) to work on /home/airflow/.local/lib/python3.8/site-packages/airflow/example_dags/example_complex.py
[2024-04-04T18:13:58.134+0000] {processor.py:830} INFO - Processing file /home/airflow/.local/lib/python3.8/site-packages/airflow/example_dags/example_complex.py for tasks to queue
[2024-04-04T18:13:58.135+0000] {logging_mixin.py:188} INFO - [2024-04-04T18:13:58.135+0000] {dagbag.py:538} INFO - Filling up the DagBag from /home/airflow/.local/lib/python3.8/site-packages/airflow/example_dags/example_complex.py
[2024-04-04T18:13:58.149+0000] {processor.py:840} INFO - DAG(s) 'example_complex' retrieved from /home/airflow/.local/lib/python3.8/site-packages/airflow/example_dags/example_complex.py
[2024-04-04T18:13:58.187+0000] {logging_mixin.py:188} INFO - [2024-04-04T18:13:58.187+0000] {dag.py:3036} INFO - Sync 1 DAGs
[2024-04-04T18:13:58.202+0000] {logging_mixin.py:188} INFO - [2024-04-04T18:13:58.202+0000] {dag.py:3823} INFO - Setting next_dagrun for example_complex to None, run_after=None
[2024-04-04T18:13:58.222+0000] {processor.py:183} INFO - Processing /home/airflow/.local/lib/python3.8/site-packages/airflow/example_dags/example_complex.py took 0.093 seconds
[2024-04-04T18:14:28.534+0000] {processor.py:161} INFO - Started process (PID=46376) to work on /home/airflow/.local/lib/python3.8/site-packages/airflow/example_dags/example_complex.py
[2024-04-04T18:14:28.536+0000] {processor.py:830} INFO - Processing file /home/airflow/.local/lib/python3.8/site-packages/airflow/example_dags/example_complex.py for tasks to queue
[2024-04-04T18:14:28.537+0000] {logging_mixin.py:188} INFO - [2024-04-04T18:14:28.537+0000] {dagbag.py:538} INFO - Filling up the DagBag from /home/airflow/.local/lib/python3.8/site-packages/airflow/example_dags/example_complex.py
[2024-04-04T18:14:28.555+0000] {processor.py:840} INFO - DAG(s) 'example_complex' retrieved from /home/airflow/.local/lib/python3.8/site-packages/airflow/example_dags/example_complex.py
[2024-04-04T18:14:28.611+0000] {logging_mixin.py:188} INFO - [2024-04-04T18:14:28.610+0000] {dag.py:3036} INFO - Sync 1 DAGs
[2024-04-04T18:14:28.629+0000] {logging_mixin.py:188} INFO - [2024-04-04T18:14:28.629+0000] {dag.py:3823} INFO - Setting next_dagrun for example_complex to None, run_after=None
[2024-04-04T18:14:28.653+0000] {processor.py:183} INFO - Processing /home/airflow/.local/lib/python3.8/site-packages/airflow/example_dags/example_complex.py took 0.124 seconds
[2024-04-04T18:14:59.472+0000] {processor.py:161} INFO - Started process (PID=46436) to work on /home/airflow/.local/lib/python3.8/site-packages/airflow/example_dags/example_complex.py
[2024-04-04T18:14:59.476+0000] {processor.py:830} INFO - Processing file /home/airflow/.local/lib/python3.8/site-packages/airflow/example_dags/example_complex.py for tasks to queue
[2024-04-04T18:14:59.480+0000] {logging_mixin.py:188} INFO - [2024-04-04T18:14:59.479+0000] {dagbag.py:538} INFO - Filling up the DagBag from /home/airflow/.local/lib/python3.8/site-packages/airflow/example_dags/example_complex.py
[2024-04-04T18:14:59.538+0000] {processor.py:840} INFO - DAG(s) 'example_complex' retrieved from /home/airflow/.local/lib/python3.8/site-packages/airflow/example_dags/example_complex.py
[2024-04-04T18:14:59.683+0000] {logging_mixin.py:188} INFO - [2024-04-04T18:14:59.682+0000] {dag.py:3036} INFO - Sync 1 DAGs
[2024-04-04T18:14:59.743+0000] {logging_mixin.py:188} INFO - [2024-04-04T18:14:59.742+0000] {dag.py:3823} INFO - Setting next_dagrun for example_complex to None, run_after=None
[2024-04-04T18:14:59.809+0000] {processor.py:183} INFO - Processing /home/airflow/.local/lib/python3.8/site-packages/airflow/example_dags/example_complex.py took 0.351 seconds
[2024-04-04T18:15:32.456+0000] {processor.py:161} INFO - Started process (PID=46496) to work on /home/airflow/.local/lib/python3.8/site-packages/airflow/example_dags/example_complex.py
[2024-04-04T18:15:32.462+0000] {processor.py:830} INFO - Processing file /home/airflow/.local/lib/python3.8/site-packages/airflow/example_dags/example_complex.py for tasks to queue
[2024-04-04T18:15:32.469+0000] {logging_mixin.py:188} INFO - [2024-04-04T18:15:32.467+0000] {dagbag.py:538} INFO - Filling up the DagBag from /home/airflow/.local/lib/python3.8/site-packages/airflow/example_dags/example_complex.py
[2024-04-04T18:15:32.625+0000] {processor.py:840} INFO - DAG(s) 'example_complex' retrieved from /home/airflow/.local/lib/python3.8/site-packages/airflow/example_dags/example_complex.py
[2024-04-04T18:15:33.009+0000] {logging_mixin.py:188} INFO - [2024-04-04T18:15:33.007+0000] {dag.py:3036} INFO - Sync 1 DAGs
[2024-04-04T18:15:33.138+0000] {logging_mixin.py:188} INFO - [2024-04-04T18:15:33.137+0000] {dag.py:3823} INFO - Setting next_dagrun for example_complex to None, run_after=None
[2024-04-04T18:15:33.294+0000] {processor.py:183} INFO - Processing /home/airflow/.local/lib/python3.8/site-packages/airflow/example_dags/example_complex.py took 0.866 seconds
[2024-04-04T18:16:03.746+0000] {processor.py:161} INFO - Started process (PID=46556) to work on /home/airflow/.local/lib/python3.8/site-packages/airflow/example_dags/example_complex.py
[2024-04-04T18:16:03.749+0000] {processor.py:830} INFO - Processing file /home/airflow/.local/lib/python3.8/site-packages/airflow/example_dags/example_complex.py for tasks to queue
[2024-04-04T18:16:03.753+0000] {logging_mixin.py:188} INFO - [2024-04-04T18:16:03.752+0000] {dagbag.py:538} INFO - Filling up the DagBag from /home/airflow/.local/lib/python3.8/site-packages/airflow/example_dags/example_complex.py
[2024-04-04T18:16:03.808+0000] {processor.py:840} INFO - DAG(s) 'example_complex' retrieved from /home/airflow/.local/lib/python3.8/site-packages/airflow/example_dags/example_complex.py
[2024-04-04T18:16:03.935+0000] {logging_mixin.py:188} INFO - [2024-04-04T18:16:03.934+0000] {dag.py:3036} INFO - Sync 1 DAGs
[2024-04-04T18:16:03.977+0000] {logging_mixin.py:188} INFO - [2024-04-04T18:16:03.976+0000] {dag.py:3823} INFO - Setting next_dagrun for example_complex to None, run_after=None
[2024-04-04T18:16:04.040+0000] {processor.py:183} INFO - Processing /home/airflow/.local/lib/python3.8/site-packages/airflow/example_dags/example_complex.py took 0.306 seconds
[2024-04-04T18:16:34.566+0000] {processor.py:161} INFO - Started process (PID=46616) to work on /home/airflow/.local/lib/python3.8/site-packages/airflow/example_dags/example_complex.py
[2024-04-04T18:16:34.572+0000] {processor.py:830} INFO - Processing file /home/airflow/.local/lib/python3.8/site-packages/airflow/example_dags/example_complex.py for tasks to queue
[2024-04-04T18:16:34.578+0000] {logging_mixin.py:188} INFO - [2024-04-04T18:16:34.576+0000] {dagbag.py:538} INFO - Filling up the DagBag from /home/airflow/.local/lib/python3.8/site-packages/airflow/example_dags/example_complex.py
[2024-04-04T18:16:34.642+0000] {processor.py:840} INFO - DAG(s) 'example_complex' retrieved from /home/airflow/.local/lib/python3.8/site-packages/airflow/example_dags/example_complex.py
[2024-04-04T18:16:34.847+0000] {logging_mixin.py:188} INFO - [2024-04-04T18:16:34.846+0000] {dag.py:3036} INFO - Sync 1 DAGs
[2024-04-04T18:16:34.912+0000] {logging_mixin.py:188} INFO - [2024-04-04T18:16:34.911+0000] {dag.py:3823} INFO - Setting next_dagrun for example_complex to None, run_after=None
[2024-04-04T18:16:35.004+0000] {processor.py:183} INFO - Processing /home/airflow/.local/lib/python3.8/site-packages/airflow/example_dags/example_complex.py took 0.458 seconds
[2024-04-04T18:17:05.294+0000] {processor.py:161} INFO - Started process (PID=46677) to work on /home/airflow/.local/lib/python3.8/site-packages/airflow/example_dags/example_complex.py
[2024-04-04T18:17:05.299+0000] {processor.py:830} INFO - Processing file /home/airflow/.local/lib/python3.8/site-packages/airflow/example_dags/example_complex.py for tasks to queue
[2024-04-04T18:17:05.306+0000] {logging_mixin.py:188} INFO - [2024-04-04T18:17:05.304+0000] {dagbag.py:538} INFO - Filling up the DagBag from /home/airflow/.local/lib/python3.8/site-packages/airflow/example_dags/example_complex.py
[2024-04-04T18:17:05.442+0000] {processor.py:840} INFO - DAG(s) 'example_complex' retrieved from /home/airflow/.local/lib/python3.8/site-packages/airflow/example_dags/example_complex.py
[2024-04-04T18:17:05.647+0000] {logging_mixin.py:188} INFO - [2024-04-04T18:17:05.645+0000] {dag.py:3036} INFO - Sync 1 DAGs
[2024-04-04T18:17:05.712+0000] {logging_mixin.py:188} INFO - [2024-04-04T18:17:05.711+0000] {dag.py:3823} INFO - Setting next_dagrun for example_complex to None, run_after=None
[2024-04-04T18:17:05.793+0000] {processor.py:183} INFO - Processing /home/airflow/.local/lib/python3.8/site-packages/airflow/example_dags/example_complex.py took 0.518 seconds
[2024-04-04T18:17:38.349+0000] {processor.py:161} INFO - Started process (PID=46737) to work on /home/airflow/.local/lib/python3.8/site-packages/airflow/example_dags/example_complex.py
[2024-04-04T18:17:38.357+0000] {processor.py:830} INFO - Processing file /home/airflow/.local/lib/python3.8/site-packages/airflow/example_dags/example_complex.py for tasks to queue
[2024-04-04T18:17:38.367+0000] {logging_mixin.py:188} INFO - [2024-04-04T18:17:38.364+0000] {dagbag.py:538} INFO - Filling up the DagBag from /home/airflow/.local/lib/python3.8/site-packages/airflow/example_dags/example_complex.py
[2024-04-04T18:17:38.518+0000] {processor.py:840} INFO - DAG(s) 'example_complex' retrieved from /home/airflow/.local/lib/python3.8/site-packages/airflow/example_dags/example_complex.py
[2024-04-04T18:17:38.894+0000] {logging_mixin.py:188} INFO - [2024-04-04T18:17:38.891+0000] {dag.py:3036} INFO - Sync 1 DAGs
[2024-04-04T18:17:38.980+0000] {logging_mixin.py:188} INFO - [2024-04-04T18:17:38.979+0000] {dag.py:3823} INFO - Setting next_dagrun for example_complex to None, run_after=None
[2024-04-04T18:17:39.103+0000] {processor.py:183} INFO - Processing /home/airflow/.local/lib/python3.8/site-packages/airflow/example_dags/example_complex.py took 0.786 seconds
[2024-04-04T18:18:09.332+0000] {processor.py:161} INFO - Started process (PID=46797) to work on /home/airflow/.local/lib/python3.8/site-packages/airflow/example_dags/example_complex.py
[2024-04-04T18:18:09.336+0000] {processor.py:830} INFO - Processing file /home/airflow/.local/lib/python3.8/site-packages/airflow/example_dags/example_complex.py for tasks to queue
[2024-04-04T18:18:09.340+0000] {logging_mixin.py:188} INFO - [2024-04-04T18:18:09.339+0000] {dagbag.py:538} INFO - Filling up the DagBag from /home/airflow/.local/lib/python3.8/site-packages/airflow/example_dags/example_complex.py
[2024-04-04T18:18:09.412+0000] {processor.py:840} INFO - DAG(s) 'example_complex' retrieved from /home/airflow/.local/lib/python3.8/site-packages/airflow/example_dags/example_complex.py
[2024-04-04T18:18:09.589+0000] {logging_mixin.py:188} INFO - [2024-04-04T18:18:09.588+0000] {dag.py:3036} INFO - Sync 1 DAGs
[2024-04-04T18:18:09.649+0000] {logging_mixin.py:188} INFO - [2024-04-04T18:18:09.648+0000] {dag.py:3823} INFO - Setting next_dagrun for example_complex to None, run_after=None
[2024-04-04T18:18:09.737+0000] {processor.py:183} INFO - Processing /home/airflow/.local/lib/python3.8/site-packages/airflow/example_dags/example_complex.py took 0.419 seconds
[2024-04-04T18:18:39.892+0000] {processor.py:161} INFO - Started process (PID=46857) to work on /home/airflow/.local/lib/python3.8/site-packages/airflow/example_dags/example_complex.py
[2024-04-04T18:18:39.895+0000] {processor.py:830} INFO - Processing file /home/airflow/.local/lib/python3.8/site-packages/airflow/example_dags/example_complex.py for tasks to queue
[2024-04-04T18:18:39.896+0000] {logging_mixin.py:188} INFO - [2024-04-04T18:18:39.896+0000] {dagbag.py:538} INFO - Filling up the DagBag from /home/airflow/.local/lib/python3.8/site-packages/airflow/example_dags/example_complex.py
[2024-04-04T18:18:39.924+0000] {processor.py:840} INFO - DAG(s) 'example_complex' retrieved from /home/airflow/.local/lib/python3.8/site-packages/airflow/example_dags/example_complex.py
[2024-04-04T18:18:40.002+0000] {logging_mixin.py:188} INFO - [2024-04-04T18:18:40.002+0000] {dag.py:3036} INFO - Sync 1 DAGs
[2024-04-04T18:18:40.028+0000] {logging_mixin.py:188} INFO - [2024-04-04T18:18:40.027+0000] {dag.py:3823} INFO - Setting next_dagrun for example_complex to None, run_after=None
[2024-04-04T18:18:40.069+0000] {processor.py:183} INFO - Processing /home/airflow/.local/lib/python3.8/site-packages/airflow/example_dags/example_complex.py took 0.184 seconds
[2024-04-04T18:19:10.361+0000] {processor.py:161} INFO - Started process (PID=46917) to work on /home/airflow/.local/lib/python3.8/site-packages/airflow/example_dags/example_complex.py
[2024-04-04T18:19:10.363+0000] {processor.py:830} INFO - Processing file /home/airflow/.local/lib/python3.8/site-packages/airflow/example_dags/example_complex.py for tasks to queue
[2024-04-04T18:19:10.366+0000] {logging_mixin.py:188} INFO - [2024-04-04T18:19:10.365+0000] {dagbag.py:538} INFO - Filling up the DagBag from /home/airflow/.local/lib/python3.8/site-packages/airflow/example_dags/example_complex.py
[2024-04-04T18:19:10.388+0000] {processor.py:840} INFO - DAG(s) 'example_complex' retrieved from /home/airflow/.local/lib/python3.8/site-packages/airflow/example_dags/example_complex.py
[2024-04-04T18:19:10.453+0000] {logging_mixin.py:188} INFO - [2024-04-04T18:19:10.453+0000] {dag.py:3036} INFO - Sync 1 DAGs
[2024-04-04T18:19:10.475+0000] {logging_mixin.py:188} INFO - [2024-04-04T18:19:10.475+0000] {dag.py:3823} INFO - Setting next_dagrun for example_complex to None, run_after=None
[2024-04-04T18:19:10.508+0000] {processor.py:183} INFO - Processing /home/airflow/.local/lib/python3.8/site-packages/airflow/example_dags/example_complex.py took 0.155 seconds
[2024-04-04T18:19:41.223+0000] {processor.py:161} INFO - Started process (PID=46977) to work on /home/airflow/.local/lib/python3.8/site-packages/airflow/example_dags/example_complex.py
[2024-04-04T18:19:41.228+0000] {processor.py:830} INFO - Processing file /home/airflow/.local/lib/python3.8/site-packages/airflow/example_dags/example_complex.py for tasks to queue
[2024-04-04T18:19:41.232+0000] {logging_mixin.py:188} INFO - [2024-04-04T18:19:41.231+0000] {dagbag.py:538} INFO - Filling up the DagBag from /home/airflow/.local/lib/python3.8/site-packages/airflow/example_dags/example_complex.py
[2024-04-04T18:19:41.309+0000] {processor.py:840} INFO - DAG(s) 'example_complex' retrieved from /home/airflow/.local/lib/python3.8/site-packages/airflow/example_dags/example_complex.py
[2024-04-04T18:19:41.526+0000] {logging_mixin.py:188} INFO - [2024-04-04T18:19:41.525+0000] {dag.py:3036} INFO - Sync 1 DAGs
[2024-04-04T18:19:41.605+0000] {logging_mixin.py:188} INFO - [2024-04-04T18:19:41.604+0000] {dag.py:3823} INFO - Setting next_dagrun for example_complex to None, run_after=None
[2024-04-04T18:19:41.728+0000] {processor.py:183} INFO - Processing /home/airflow/.local/lib/python3.8/site-packages/airflow/example_dags/example_complex.py took 0.519 seconds
[2024-04-04T18:20:12.400+0000] {processor.py:161} INFO - Started process (PID=47037) to work on /home/airflow/.local/lib/python3.8/site-packages/airflow/example_dags/example_complex.py
[2024-04-04T18:20:12.408+0000] {processor.py:830} INFO - Processing file /home/airflow/.local/lib/python3.8/site-packages/airflow/example_dags/example_complex.py for tasks to queue
[2024-04-04T18:20:12.420+0000] {logging_mixin.py:188} INFO - [2024-04-04T18:20:12.417+0000] {dagbag.py:538} INFO - Filling up the DagBag from /home/airflow/.local/lib/python3.8/site-packages/airflow/example_dags/example_complex.py
[2024-04-04T18:20:12.573+0000] {processor.py:840} INFO - DAG(s) 'example_complex' retrieved from /home/airflow/.local/lib/python3.8/site-packages/airflow/example_dags/example_complex.py
[2024-04-04T18:20:12.803+0000] {logging_mixin.py:188} INFO - [2024-04-04T18:20:12.801+0000] {dag.py:3036} INFO - Sync 1 DAGs
[2024-04-04T18:20:12.901+0000] {logging_mixin.py:188} INFO - [2024-04-04T18:20:12.899+0000] {dag.py:3823} INFO - Setting next_dagrun for example_complex to None, run_after=None
[2024-04-04T18:20:13.028+0000] {processor.py:183} INFO - Processing /home/airflow/.local/lib/python3.8/site-packages/airflow/example_dags/example_complex.py took 0.688 seconds
[2024-04-04T18:20:43.858+0000] {processor.py:161} INFO - Started process (PID=47097) to work on /home/airflow/.local/lib/python3.8/site-packages/airflow/example_dags/example_complex.py
[2024-04-04T18:20:43.862+0000] {processor.py:830} INFO - Processing file /home/airflow/.local/lib/python3.8/site-packages/airflow/example_dags/example_complex.py for tasks to queue
[2024-04-04T18:20:43.866+0000] {logging_mixin.py:188} INFO - [2024-04-04T18:20:43.865+0000] {dagbag.py:538} INFO - Filling up the DagBag from /home/airflow/.local/lib/python3.8/site-packages/airflow/example_dags/example_complex.py
[2024-04-04T18:20:43.916+0000] {processor.py:840} INFO - DAG(s) 'example_complex' retrieved from /home/airflow/.local/lib/python3.8/site-packages/airflow/example_dags/example_complex.py
[2024-04-04T18:20:44.043+0000] {logging_mixin.py:188} INFO - [2024-04-04T18:20:44.043+0000] {dag.py:3036} INFO - Sync 1 DAGs
[2024-04-04T18:20:44.084+0000] {logging_mixin.py:188} INFO - [2024-04-04T18:20:44.083+0000] {dag.py:3823} INFO - Setting next_dagrun for example_complex to None, run_after=None
[2024-04-04T18:20:44.148+0000] {processor.py:183} INFO - Processing /home/airflow/.local/lib/python3.8/site-packages/airflow/example_dags/example_complex.py took 0.305 seconds
[2024-04-04T18:21:14.550+0000] {processor.py:161} INFO - Started process (PID=47157) to work on /home/airflow/.local/lib/python3.8/site-packages/airflow/example_dags/example_complex.py
[2024-04-04T18:21:14.553+0000] {processor.py:830} INFO - Processing file /home/airflow/.local/lib/python3.8/site-packages/airflow/example_dags/example_complex.py for tasks to queue
[2024-04-04T18:21:14.557+0000] {logging_mixin.py:188} INFO - [2024-04-04T18:21:14.556+0000] {dagbag.py:538} INFO - Filling up the DagBag from /home/airflow/.local/lib/python3.8/site-packages/airflow/example_dags/example_complex.py
[2024-04-04T18:21:14.607+0000] {processor.py:840} INFO - DAG(s) 'example_complex' retrieved from /home/airflow/.local/lib/python3.8/site-packages/airflow/example_dags/example_complex.py
[2024-04-04T18:21:14.730+0000] {logging_mixin.py:188} INFO - [2024-04-04T18:21:14.729+0000] {dag.py:3036} INFO - Sync 1 DAGs
[2024-04-04T18:21:14.770+0000] {logging_mixin.py:188} INFO - [2024-04-04T18:21:14.769+0000] {dag.py:3823} INFO - Setting next_dagrun for example_complex to None, run_after=None
[2024-04-04T18:21:14.829+0000] {processor.py:183} INFO - Processing /home/airflow/.local/lib/python3.8/site-packages/airflow/example_dags/example_complex.py took 0.292 seconds
[2024-04-04T18:21:45.139+0000] {processor.py:161} INFO - Started process (PID=47217) to work on /home/airflow/.local/lib/python3.8/site-packages/airflow/example_dags/example_complex.py
[2024-04-04T18:21:45.146+0000] {processor.py:830} INFO - Processing file /home/airflow/.local/lib/python3.8/site-packages/airflow/example_dags/example_complex.py for tasks to queue
[2024-04-04T18:21:45.158+0000] {logging_mixin.py:188} INFO - [2024-04-04T18:21:45.156+0000] {dagbag.py:538} INFO - Filling up the DagBag from /home/airflow/.local/lib/python3.8/site-packages/airflow/example_dags/example_complex.py
[2024-04-04T18:21:45.278+0000] {processor.py:840} INFO - DAG(s) 'example_complex' retrieved from /home/airflow/.local/lib/python3.8/site-packages/airflow/example_dags/example_complex.py
[2024-04-04T18:21:45.643+0000] {logging_mixin.py:188} INFO - [2024-04-04T18:21:45.637+0000] {dag.py:3036} INFO - Sync 1 DAGs
[2024-04-04T18:21:45.750+0000] {logging_mixin.py:188} INFO - [2024-04-04T18:21:45.748+0000] {dag.py:3823} INFO - Setting next_dagrun for example_complex to None, run_after=None
[2024-04-04T18:21:45.937+0000] {processor.py:183} INFO - Processing /home/airflow/.local/lib/python3.8/site-packages/airflow/example_dags/example_complex.py took 0.823 seconds
[2024-04-04T18:22:16.337+0000] {processor.py:161} INFO - Started process (PID=47277) to work on /home/airflow/.local/lib/python3.8/site-packages/airflow/example_dags/example_complex.py
[2024-04-04T18:22:16.344+0000] {processor.py:830} INFO - Processing file /home/airflow/.local/lib/python3.8/site-packages/airflow/example_dags/example_complex.py for tasks to queue
[2024-04-04T18:22:16.354+0000] {logging_mixin.py:188} INFO - [2024-04-04T18:22:16.352+0000] {dagbag.py:538} INFO - Filling up the DagBag from /home/airflow/.local/lib/python3.8/site-packages/airflow/example_dags/example_complex.py
[2024-04-04T18:22:16.456+0000] {processor.py:840} INFO - DAG(s) 'example_complex' retrieved from /home/airflow/.local/lib/python3.8/site-packages/airflow/example_dags/example_complex.py
[2024-04-04T18:22:16.724+0000] {logging_mixin.py:188} INFO - [2024-04-04T18:22:16.723+0000] {dag.py:3036} INFO - Sync 1 DAGs
[2024-04-04T18:22:16.824+0000] {logging_mixin.py:188} INFO - [2024-04-04T18:22:16.822+0000] {dag.py:3823} INFO - Setting next_dagrun for example_complex to None, run_after=None
[2024-04-04T18:22:16.953+0000] {processor.py:183} INFO - Processing /home/airflow/.local/lib/python3.8/site-packages/airflow/example_dags/example_complex.py took 0.642 seconds
[2024-04-04T18:22:47.536+0000] {processor.py:161} INFO - Started process (PID=47337) to work on /home/airflow/.local/lib/python3.8/site-packages/airflow/example_dags/example_complex.py
[2024-04-04T18:22:47.541+0000] {processor.py:830} INFO - Processing file /home/airflow/.local/lib/python3.8/site-packages/airflow/example_dags/example_complex.py for tasks to queue
[2024-04-04T18:22:47.546+0000] {logging_mixin.py:188} INFO - [2024-04-04T18:22:47.545+0000] {dagbag.py:538} INFO - Filling up the DagBag from /home/airflow/.local/lib/python3.8/site-packages/airflow/example_dags/example_complex.py
[2024-04-04T18:22:47.620+0000] {processor.py:840} INFO - DAG(s) 'example_complex' retrieved from /home/airflow/.local/lib/python3.8/site-packages/airflow/example_dags/example_complex.py
[2024-04-04T18:22:47.826+0000] {logging_mixin.py:188} INFO - [2024-04-04T18:22:47.824+0000] {dag.py:3036} INFO - Sync 1 DAGs
[2024-04-04T18:22:47.904+0000] {logging_mixin.py:188} INFO - [2024-04-04T18:22:47.902+0000] {dag.py:3823} INFO - Setting next_dagrun for example_complex to None, run_after=None
[2024-04-04T18:22:48.000+0000] {processor.py:183} INFO - Processing /home/airflow/.local/lib/python3.8/site-packages/airflow/example_dags/example_complex.py took 0.481 seconds
[2024-04-04T18:23:18.359+0000] {processor.py:161} INFO - Started process (PID=47398) to work on /home/airflow/.local/lib/python3.8/site-packages/airflow/example_dags/example_complex.py
[2024-04-04T18:23:18.361+0000] {processor.py:830} INFO - Processing file /home/airflow/.local/lib/python3.8/site-packages/airflow/example_dags/example_complex.py for tasks to queue
[2024-04-04T18:23:18.364+0000] {logging_mixin.py:188} INFO - [2024-04-04T18:23:18.363+0000] {dagbag.py:538} INFO - Filling up the DagBag from /home/airflow/.local/lib/python3.8/site-packages/airflow/example_dags/example_complex.py
[2024-04-04T18:23:18.397+0000] {processor.py:840} INFO - DAG(s) 'example_complex' retrieved from /home/airflow/.local/lib/python3.8/site-packages/airflow/example_dags/example_complex.py
[2024-04-04T18:23:18.482+0000] {logging_mixin.py:188} INFO - [2024-04-04T18:23:18.482+0000] {dag.py:3036} INFO - Sync 1 DAGs
[2024-04-04T18:23:18.512+0000] {logging_mixin.py:188} INFO - [2024-04-04T18:23:18.511+0000] {dag.py:3823} INFO - Setting next_dagrun for example_complex to None, run_after=None
[2024-04-04T18:23:18.560+0000] {processor.py:183} INFO - Processing /home/airflow/.local/lib/python3.8/site-packages/airflow/example_dags/example_complex.py took 0.212 seconds
[2024-04-04T18:23:48.676+0000] {processor.py:161} INFO - Started process (PID=47457) to work on /home/airflow/.local/lib/python3.8/site-packages/airflow/example_dags/example_complex.py
[2024-04-04T18:23:48.679+0000] {processor.py:830} INFO - Processing file /home/airflow/.local/lib/python3.8/site-packages/airflow/example_dags/example_complex.py for tasks to queue
[2024-04-04T18:23:48.682+0000] {logging_mixin.py:188} INFO - [2024-04-04T18:23:48.681+0000] {dagbag.py:538} INFO - Filling up the DagBag from /home/airflow/.local/lib/python3.8/site-packages/airflow/example_dags/example_complex.py
[2024-04-04T18:23:48.718+0000] {processor.py:840} INFO - DAG(s) 'example_complex' retrieved from /home/airflow/.local/lib/python3.8/site-packages/airflow/example_dags/example_complex.py
[2024-04-04T18:23:48.835+0000] {logging_mixin.py:188} INFO - [2024-04-04T18:23:48.835+0000] {dag.py:3036} INFO - Sync 1 DAGs
[2024-04-04T18:23:48.879+0000] {logging_mixin.py:188} INFO - [2024-04-04T18:23:48.878+0000] {dag.py:3823} INFO - Setting next_dagrun for example_complex to None, run_after=None
[2024-04-04T18:23:48.936+0000] {processor.py:183} INFO - Processing /home/airflow/.local/lib/python3.8/site-packages/airflow/example_dags/example_complex.py took 0.269 seconds
[2024-04-04T19:14:45.711+0000] {processor.py:161} INFO - Started process (PID=47504) to work on /home/airflow/.local/lib/python3.8/site-packages/airflow/example_dags/example_complex.py
[2024-04-04T19:14:45.720+0000] {processor.py:830} INFO - Processing file /home/airflow/.local/lib/python3.8/site-packages/airflow/example_dags/example_complex.py for tasks to queue
[2024-04-04T19:14:45.734+0000] {logging_mixin.py:188} INFO - [2024-04-04T19:14:45.731+0000] {dagbag.py:538} INFO - Filling up the DagBag from /home/airflow/.local/lib/python3.8/site-packages/airflow/example_dags/example_complex.py
[2024-04-04T19:14:45.919+0000] {processor.py:840} INFO - DAG(s) 'example_complex' retrieved from /home/airflow/.local/lib/python3.8/site-packages/airflow/example_dags/example_complex.py
[2024-04-04T19:14:46.342+0000] {logging_mixin.py:188} INFO - [2024-04-04T19:14:46.340+0000] {dag.py:3036} INFO - Sync 1 DAGs
[2024-04-04T19:14:46.515+0000] {logging_mixin.py:188} INFO - [2024-04-04T19:14:46.512+0000] {dag.py:3823} INFO - Setting next_dagrun for example_complex to None, run_after=None
[2024-04-04T19:14:46.676+0000] {processor.py:183} INFO - Processing /home/airflow/.local/lib/python3.8/site-packages/airflow/example_dags/example_complex.py took 1.002 seconds
[2024-04-04T19:15:17.017+0000] {processor.py:161} INFO - Started process (PID=47564) to work on /home/airflow/.local/lib/python3.8/site-packages/airflow/example_dags/example_complex.py
[2024-04-04T19:15:17.021+0000] {processor.py:830} INFO - Processing file /home/airflow/.local/lib/python3.8/site-packages/airflow/example_dags/example_complex.py for tasks to queue
[2024-04-04T19:15:17.025+0000] {logging_mixin.py:188} INFO - [2024-04-04T19:15:17.024+0000] {dagbag.py:538} INFO - Filling up the DagBag from /home/airflow/.local/lib/python3.8/site-packages/airflow/example_dags/example_complex.py
[2024-04-04T19:15:17.081+0000] {processor.py:840} INFO - DAG(s) 'example_complex' retrieved from /home/airflow/.local/lib/python3.8/site-packages/airflow/example_dags/example_complex.py
[2024-04-04T19:15:17.257+0000] {logging_mixin.py:188} INFO - [2024-04-04T19:15:17.256+0000] {dag.py:3036} INFO - Sync 1 DAGs
[2024-04-04T19:15:17.310+0000] {logging_mixin.py:188} INFO - [2024-04-04T19:15:17.309+0000] {dag.py:3823} INFO - Setting next_dagrun for example_complex to None, run_after=None
[2024-04-04T19:15:17.394+0000] {processor.py:183} INFO - Processing /home/airflow/.local/lib/python3.8/site-packages/airflow/example_dags/example_complex.py took 0.391 seconds
[2024-04-04T23:14:56.077+0000] {processor.py:161} INFO - Started process (PID=47662) to work on /home/airflow/.local/lib/python3.8/site-packages/airflow/example_dags/example_complex.py
[2024-04-04T23:14:56.099+0000] {processor.py:830} INFO - Processing file /home/airflow/.local/lib/python3.8/site-packages/airflow/example_dags/example_complex.py for tasks to queue
[2024-04-04T23:14:56.120+0000] {logging_mixin.py:188} INFO - [2024-04-04T23:14:56.117+0000] {dagbag.py:538} INFO - Filling up the DagBag from /home/airflow/.local/lib/python3.8/site-packages/airflow/example_dags/example_complex.py
[2024-04-04T23:14:56.338+0000] {processor.py:840} INFO - DAG(s) 'example_complex' retrieved from /home/airflow/.local/lib/python3.8/site-packages/airflow/example_dags/example_complex.py
[2024-04-04T23:14:57.250+0000] {logging_mixin.py:188} INFO - [2024-04-04T23:14:57.247+0000] {dag.py:3036} INFO - Sync 1 DAGs
[2024-04-04T23:14:57.487+0000] {logging_mixin.py:188} INFO - [2024-04-04T23:14:57.484+0000] {dag.py:3823} INFO - Setting next_dagrun for example_complex to None, run_after=None
[2024-04-04T23:14:57.738+0000] {processor.py:183} INFO - Processing /home/airflow/.local/lib/python3.8/site-packages/airflow/example_dags/example_complex.py took 1.711 seconds
[2024-04-04T23:15:40.056+0000] {processor.py:161} INFO - Started process (PID=47728) to work on /home/airflow/.local/lib/python3.8/site-packages/airflow/example_dags/example_complex.py
[2024-04-04T23:15:40.064+0000] {processor.py:830} INFO - Processing file /home/airflow/.local/lib/python3.8/site-packages/airflow/example_dags/example_complex.py for tasks to queue
[2024-04-04T23:15:40.077+0000] {logging_mixin.py:188} INFO - [2024-04-04T23:15:40.072+0000] {dagbag.py:538} INFO - Filling up the DagBag from /home/airflow/.local/lib/python3.8/site-packages/airflow/example_dags/example_complex.py
[2024-04-04T23:15:40.216+0000] {processor.py:840} INFO - DAG(s) 'example_complex' retrieved from /home/airflow/.local/lib/python3.8/site-packages/airflow/example_dags/example_complex.py
[2024-04-04T23:15:40.532+0000] {logging_mixin.py:188} INFO - [2024-04-04T23:15:40.530+0000] {dag.py:3036} INFO - Sync 1 DAGs
[2024-04-04T23:15:40.629+0000] {logging_mixin.py:188} INFO - [2024-04-04T23:15:40.627+0000] {dag.py:3823} INFO - Setting next_dagrun for example_complex to None, run_after=None
[2024-04-04T23:15:40.767+0000] {processor.py:183} INFO - Processing /home/airflow/.local/lib/python3.8/site-packages/airflow/example_dags/example_complex.py took 0.749 seconds
[2024-04-04T23:16:11.208+0000] {processor.py:161} INFO - Started process (PID=47788) to work on /home/airflow/.local/lib/python3.8/site-packages/airflow/example_dags/example_complex.py
[2024-04-04T23:16:11.215+0000] {processor.py:830} INFO - Processing file /home/airflow/.local/lib/python3.8/site-packages/airflow/example_dags/example_complex.py for tasks to queue
[2024-04-04T23:16:11.221+0000] {logging_mixin.py:188} INFO - [2024-04-04T23:16:11.219+0000] {dagbag.py:538} INFO - Filling up the DagBag from /home/airflow/.local/lib/python3.8/site-packages/airflow/example_dags/example_complex.py
[2024-04-04T23:16:11.308+0000] {processor.py:840} INFO - DAG(s) 'example_complex' retrieved from /home/airflow/.local/lib/python3.8/site-packages/airflow/example_dags/example_complex.py
[2024-04-04T23:16:11.597+0000] {logging_mixin.py:188} INFO - [2024-04-04T23:16:11.595+0000] {dag.py:3036} INFO - Sync 1 DAGs
[2024-04-04T23:16:11.702+0000] {logging_mixin.py:188} INFO - [2024-04-04T23:16:11.701+0000] {dag.py:3823} INFO - Setting next_dagrun for example_complex to None, run_after=None
[2024-04-04T23:16:11.872+0000] {processor.py:183} INFO - Processing /home/airflow/.local/lib/python3.8/site-packages/airflow/example_dags/example_complex.py took 0.687 seconds
[2024-04-04T23:16:43.966+0000] {processor.py:161} INFO - Started process (PID=47849) to work on /home/airflow/.local/lib/python3.8/site-packages/airflow/example_dags/example_complex.py
[2024-04-04T23:16:43.970+0000] {processor.py:830} INFO - Processing file /home/airflow/.local/lib/python3.8/site-packages/airflow/example_dags/example_complex.py for tasks to queue
[2024-04-04T23:16:43.974+0000] {logging_mixin.py:188} INFO - [2024-04-04T23:16:43.973+0000] {dagbag.py:538} INFO - Filling up the DagBag from /home/airflow/.local/lib/python3.8/site-packages/airflow/example_dags/example_complex.py
[2024-04-04T23:16:44.018+0000] {processor.py:840} INFO - DAG(s) 'example_complex' retrieved from /home/airflow/.local/lib/python3.8/site-packages/airflow/example_dags/example_complex.py
[2024-04-04T23:16:44.138+0000] {logging_mixin.py:188} INFO - [2024-04-04T23:16:44.137+0000] {dag.py:3036} INFO - Sync 1 DAGs
[2024-04-04T23:16:44.181+0000] {logging_mixin.py:188} INFO - [2024-04-04T23:16:44.180+0000] {dag.py:3823} INFO - Setting next_dagrun for example_complex to None, run_after=None
[2024-04-04T23:16:44.242+0000] {processor.py:183} INFO - Processing /home/airflow/.local/lib/python3.8/site-packages/airflow/example_dags/example_complex.py took 0.287 seconds
[2024-04-04T23:17:14.512+0000] {processor.py:161} INFO - Started process (PID=47909) to work on /home/airflow/.local/lib/python3.8/site-packages/airflow/example_dags/example_complex.py
[2024-04-04T23:17:14.516+0000] {processor.py:830} INFO - Processing file /home/airflow/.local/lib/python3.8/site-packages/airflow/example_dags/example_complex.py for tasks to queue
[2024-04-04T23:17:14.519+0000] {logging_mixin.py:188} INFO - [2024-04-04T23:17:14.518+0000] {dagbag.py:538} INFO - Filling up the DagBag from /home/airflow/.local/lib/python3.8/site-packages/airflow/example_dags/example_complex.py
[2024-04-04T23:17:14.556+0000] {processor.py:840} INFO - DAG(s) 'example_complex' retrieved from /home/airflow/.local/lib/python3.8/site-packages/airflow/example_dags/example_complex.py
[2024-04-04T23:17:14.654+0000] {logging_mixin.py:188} INFO - [2024-04-04T23:17:14.653+0000] {dag.py:3036} INFO - Sync 1 DAGs
[2024-04-04T23:17:14.686+0000] {logging_mixin.py:188} INFO - [2024-04-04T23:17:14.685+0000] {dag.py:3823} INFO - Setting next_dagrun for example_complex to None, run_after=None
[2024-04-04T23:17:14.741+0000] {processor.py:183} INFO - Processing /home/airflow/.local/lib/python3.8/site-packages/airflow/example_dags/example_complex.py took 0.241 seconds
[2024-04-04T23:17:44.913+0000] {processor.py:161} INFO - Started process (PID=47968) to work on /home/airflow/.local/lib/python3.8/site-packages/airflow/example_dags/example_complex.py
[2024-04-04T23:17:44.918+0000] {processor.py:830} INFO - Processing file /home/airflow/.local/lib/python3.8/site-packages/airflow/example_dags/example_complex.py for tasks to queue
[2024-04-04T23:17:44.922+0000] {logging_mixin.py:188} INFO - [2024-04-04T23:17:44.921+0000] {dagbag.py:538} INFO - Filling up the DagBag from /home/airflow/.local/lib/python3.8/site-packages/airflow/example_dags/example_complex.py
[2024-04-04T23:17:44.989+0000] {processor.py:840} INFO - DAG(s) 'example_complex' retrieved from /home/airflow/.local/lib/python3.8/site-packages/airflow/example_dags/example_complex.py
[2024-04-04T23:17:45.217+0000] {logging_mixin.py:188} INFO - [2024-04-04T23:17:45.216+0000] {dag.py:3036} INFO - Sync 1 DAGs
[2024-04-04T23:17:45.297+0000] {logging_mixin.py:188} INFO - [2024-04-04T23:17:45.296+0000] {dag.py:3823} INFO - Setting next_dagrun for example_complex to None, run_after=None
[2024-04-04T23:17:45.395+0000] {processor.py:183} INFO - Processing /home/airflow/.local/lib/python3.8/site-packages/airflow/example_dags/example_complex.py took 0.498 seconds
[2024-04-04T23:18:15.706+0000] {processor.py:161} INFO - Started process (PID=48028) to work on /home/airflow/.local/lib/python3.8/site-packages/airflow/example_dags/example_complex.py
[2024-04-04T23:18:15.712+0000] {processor.py:830} INFO - Processing file /home/airflow/.local/lib/python3.8/site-packages/airflow/example_dags/example_complex.py for tasks to queue
[2024-04-04T23:18:15.720+0000] {logging_mixin.py:188} INFO - [2024-04-04T23:18:15.718+0000] {dagbag.py:538} INFO - Filling up the DagBag from /home/airflow/.local/lib/python3.8/site-packages/airflow/example_dags/example_complex.py
[2024-04-04T23:18:15.828+0000] {processor.py:840} INFO - DAG(s) 'example_complex' retrieved from /home/airflow/.local/lib/python3.8/site-packages/airflow/example_dags/example_complex.py
[2024-04-04T23:18:16.172+0000] {logging_mixin.py:188} INFO - [2024-04-04T23:18:16.171+0000] {dag.py:3036} INFO - Sync 1 DAGs
[2024-04-04T23:18:16.267+0000] {logging_mixin.py:188} INFO - [2024-04-04T23:18:16.266+0000] {dag.py:3823} INFO - Setting next_dagrun for example_complex to None, run_after=None
[2024-04-04T23:18:16.389+0000] {processor.py:183} INFO - Processing /home/airflow/.local/lib/python3.8/site-packages/airflow/example_dags/example_complex.py took 0.706 seconds
[2024-04-04T23:18:47.040+0000] {processor.py:161} INFO - Started process (PID=48089) to work on /home/airflow/.local/lib/python3.8/site-packages/airflow/example_dags/example_complex.py
[2024-04-04T23:18:47.043+0000] {processor.py:830} INFO - Processing file /home/airflow/.local/lib/python3.8/site-packages/airflow/example_dags/example_complex.py for tasks to queue
[2024-04-04T23:18:47.045+0000] {logging_mixin.py:188} INFO - [2024-04-04T23:18:47.044+0000] {dagbag.py:538} INFO - Filling up the DagBag from /home/airflow/.local/lib/python3.8/site-packages/airflow/example_dags/example_complex.py
[2024-04-04T23:18:47.074+0000] {processor.py:840} INFO - DAG(s) 'example_complex' retrieved from /home/airflow/.local/lib/python3.8/site-packages/airflow/example_dags/example_complex.py
[2024-04-04T23:18:47.155+0000] {logging_mixin.py:188} INFO - [2024-04-04T23:18:47.154+0000] {dag.py:3036} INFO - Sync 1 DAGs
[2024-04-04T23:18:47.183+0000] {logging_mixin.py:188} INFO - [2024-04-04T23:18:47.182+0000] {dag.py:3823} INFO - Setting next_dagrun for example_complex to None, run_after=None
[2024-04-04T23:18:47.228+0000] {processor.py:183} INFO - Processing /home/airflow/.local/lib/python3.8/site-packages/airflow/example_dags/example_complex.py took 0.195 seconds
[2024-04-04T23:19:17.451+0000] {processor.py:161} INFO - Started process (PID=48149) to work on /home/airflow/.local/lib/python3.8/site-packages/airflow/example_dags/example_complex.py
[2024-04-04T23:19:17.454+0000] {processor.py:830} INFO - Processing file /home/airflow/.local/lib/python3.8/site-packages/airflow/example_dags/example_complex.py for tasks to queue
[2024-04-04T23:19:17.457+0000] {logging_mixin.py:188} INFO - [2024-04-04T23:19:17.456+0000] {dagbag.py:538} INFO - Filling up the DagBag from /home/airflow/.local/lib/python3.8/site-packages/airflow/example_dags/example_complex.py
[2024-04-04T23:19:17.498+0000] {processor.py:840} INFO - DAG(s) 'example_complex' retrieved from /home/airflow/.local/lib/python3.8/site-packages/airflow/example_dags/example_complex.py
[2024-04-04T23:19:17.583+0000] {logging_mixin.py:188} INFO - [2024-04-04T23:19:17.582+0000] {dag.py:3036} INFO - Sync 1 DAGs
[2024-04-04T23:19:17.612+0000] {logging_mixin.py:188} INFO - [2024-04-04T23:19:17.612+0000] {dag.py:3823} INFO - Setting next_dagrun for example_complex to None, run_after=None
[2024-04-04T23:19:17.656+0000] {processor.py:183} INFO - Processing /home/airflow/.local/lib/python3.8/site-packages/airflow/example_dags/example_complex.py took 0.214 seconds
[2024-04-04T23:19:48.092+0000] {processor.py:161} INFO - Started process (PID=48209) to work on /home/airflow/.local/lib/python3.8/site-packages/airflow/example_dags/example_complex.py
[2024-04-04T23:19:48.096+0000] {processor.py:830} INFO - Processing file /home/airflow/.local/lib/python3.8/site-packages/airflow/example_dags/example_complex.py for tasks to queue
[2024-04-04T23:19:48.103+0000] {logging_mixin.py:188} INFO - [2024-04-04T23:19:48.102+0000] {dagbag.py:538} INFO - Filling up the DagBag from /home/airflow/.local/lib/python3.8/site-packages/airflow/example_dags/example_complex.py
[2024-04-04T23:19:48.174+0000] {processor.py:840} INFO - DAG(s) 'example_complex' retrieved from /home/airflow/.local/lib/python3.8/site-packages/airflow/example_dags/example_complex.py
[2024-04-04T23:19:48.393+0000] {logging_mixin.py:188} INFO - [2024-04-04T23:19:48.391+0000] {dag.py:3036} INFO - Sync 1 DAGs
[2024-04-04T23:19:48.474+0000] {logging_mixin.py:188} INFO - [2024-04-04T23:19:48.472+0000] {dag.py:3823} INFO - Setting next_dagrun for example_complex to None, run_after=None
[2024-04-04T23:19:48.620+0000] {processor.py:183} INFO - Processing /home/airflow/.local/lib/python3.8/site-packages/airflow/example_dags/example_complex.py took 0.543 seconds
[2024-04-04T23:20:19.248+0000] {processor.py:161} INFO - Started process (PID=48269) to work on /home/airflow/.local/lib/python3.8/site-packages/airflow/example_dags/example_complex.py
[2024-04-04T23:20:19.253+0000] {processor.py:830} INFO - Processing file /home/airflow/.local/lib/python3.8/site-packages/airflow/example_dags/example_complex.py for tasks to queue
[2024-04-04T23:20:19.260+0000] {logging_mixin.py:188} INFO - [2024-04-04T23:20:19.257+0000] {dagbag.py:538} INFO - Filling up the DagBag from /home/airflow/.local/lib/python3.8/site-packages/airflow/example_dags/example_complex.py
[2024-04-04T23:20:19.342+0000] {processor.py:840} INFO - DAG(s) 'example_complex' retrieved from /home/airflow/.local/lib/python3.8/site-packages/airflow/example_dags/example_complex.py
[2024-04-04T23:20:19.567+0000] {logging_mixin.py:188} INFO - [2024-04-04T23:20:19.566+0000] {dag.py:3036} INFO - Sync 1 DAGs
[2024-04-04T23:20:19.656+0000] {logging_mixin.py:188} INFO - [2024-04-04T23:20:19.654+0000] {dag.py:3823} INFO - Setting next_dagrun for example_complex to None, run_after=None
[2024-04-04T23:20:19.804+0000] {processor.py:183} INFO - Processing /home/airflow/.local/lib/python3.8/site-packages/airflow/example_dags/example_complex.py took 0.573 seconds
[2024-04-04T23:20:50.210+0000] {processor.py:161} INFO - Started process (PID=48329) to work on /home/airflow/.local/lib/python3.8/site-packages/airflow/example_dags/example_complex.py
[2024-04-04T23:20:50.213+0000] {processor.py:830} INFO - Processing file /home/airflow/.local/lib/python3.8/site-packages/airflow/example_dags/example_complex.py for tasks to queue
[2024-04-04T23:20:50.216+0000] {logging_mixin.py:188} INFO - [2024-04-04T23:20:50.215+0000] {dagbag.py:538} INFO - Filling up the DagBag from /home/airflow/.local/lib/python3.8/site-packages/airflow/example_dags/example_complex.py
[2024-04-04T23:20:50.255+0000] {processor.py:840} INFO - DAG(s) 'example_complex' retrieved from /home/airflow/.local/lib/python3.8/site-packages/airflow/example_dags/example_complex.py
[2024-04-04T23:20:50.364+0000] {logging_mixin.py:188} INFO - [2024-04-04T23:20:50.363+0000] {dag.py:3036} INFO - Sync 1 DAGs
[2024-04-04T23:20:50.404+0000] {logging_mixin.py:188} INFO - [2024-04-04T23:20:50.403+0000] {dag.py:3823} INFO - Setting next_dagrun for example_complex to None, run_after=None
[2024-04-04T23:20:50.508+0000] {processor.py:183} INFO - Processing /home/airflow/.local/lib/python3.8/site-packages/airflow/example_dags/example_complex.py took 0.309 seconds
[2024-04-04T23:21:20.776+0000] {processor.py:161} INFO - Started process (PID=48389) to work on /home/airflow/.local/lib/python3.8/site-packages/airflow/example_dags/example_complex.py
[2024-04-04T23:21:20.779+0000] {processor.py:830} INFO - Processing file /home/airflow/.local/lib/python3.8/site-packages/airflow/example_dags/example_complex.py for tasks to queue
[2024-04-04T23:21:20.782+0000] {logging_mixin.py:188} INFO - [2024-04-04T23:21:20.781+0000] {dagbag.py:538} INFO - Filling up the DagBag from /home/airflow/.local/lib/python3.8/site-packages/airflow/example_dags/example_complex.py
[2024-04-04T23:21:20.817+0000] {processor.py:840} INFO - DAG(s) 'example_complex' retrieved from /home/airflow/.local/lib/python3.8/site-packages/airflow/example_dags/example_complex.py
[2024-04-04T23:21:20.914+0000] {logging_mixin.py:188} INFO - [2024-04-04T23:21:20.914+0000] {dag.py:3036} INFO - Sync 1 DAGs
[2024-04-04T23:21:20.947+0000] {logging_mixin.py:188} INFO - [2024-04-04T23:21:20.947+0000] {dag.py:3823} INFO - Setting next_dagrun for example_complex to None, run_after=None
[2024-04-04T23:21:20.994+0000] {processor.py:183} INFO - Processing /home/airflow/.local/lib/python3.8/site-packages/airflow/example_dags/example_complex.py took 0.228 seconds
[2024-04-04T23:21:51.338+0000] {processor.py:161} INFO - Started process (PID=48449) to work on /home/airflow/.local/lib/python3.8/site-packages/airflow/example_dags/example_complex.py
[2024-04-04T23:21:51.343+0000] {processor.py:830} INFO - Processing file /home/airflow/.local/lib/python3.8/site-packages/airflow/example_dags/example_complex.py for tasks to queue
[2024-04-04T23:21:51.348+0000] {logging_mixin.py:188} INFO - [2024-04-04T23:21:51.346+0000] {dagbag.py:538} INFO - Filling up the DagBag from /home/airflow/.local/lib/python3.8/site-packages/airflow/example_dags/example_complex.py
[2024-04-04T23:21:51.413+0000] {processor.py:840} INFO - DAG(s) 'example_complex' retrieved from /home/airflow/.local/lib/python3.8/site-packages/airflow/example_dags/example_complex.py
[2024-04-04T23:21:51.606+0000] {logging_mixin.py:188} INFO - [2024-04-04T23:21:51.605+0000] {dag.py:3036} INFO - Sync 1 DAGs
[2024-04-04T23:21:51.672+0000] {logging_mixin.py:188} INFO - [2024-04-04T23:21:51.671+0000] {dag.py:3823} INFO - Setting next_dagrun for example_complex to None, run_after=None
[2024-04-04T23:21:51.747+0000] {processor.py:183} INFO - Processing /home/airflow/.local/lib/python3.8/site-packages/airflow/example_dags/example_complex.py took 0.424 seconds
[2024-04-04T23:22:23.920+0000] {processor.py:161} INFO - Started process (PID=48509) to work on /home/airflow/.local/lib/python3.8/site-packages/airflow/example_dags/example_complex.py
[2024-04-04T23:22:23.927+0000] {processor.py:830} INFO - Processing file /home/airflow/.local/lib/python3.8/site-packages/airflow/example_dags/example_complex.py for tasks to queue
[2024-04-04T23:22:23.934+0000] {logging_mixin.py:188} INFO - [2024-04-04T23:22:23.932+0000] {dagbag.py:538} INFO - Filling up the DagBag from /home/airflow/.local/lib/python3.8/site-packages/airflow/example_dags/example_complex.py
[2024-04-04T23:22:24.049+0000] {processor.py:840} INFO - DAG(s) 'example_complex' retrieved from /home/airflow/.local/lib/python3.8/site-packages/airflow/example_dags/example_complex.py
[2024-04-04T23:22:24.414+0000] {logging_mixin.py:188} INFO - [2024-04-04T23:22:24.409+0000] {dag.py:3036} INFO - Sync 1 DAGs
[2024-04-04T23:22:24.611+0000] {logging_mixin.py:188} INFO - [2024-04-04T23:22:24.609+0000] {dag.py:3823} INFO - Setting next_dagrun for example_complex to None, run_after=None
[2024-04-04T23:22:24.733+0000] {processor.py:183} INFO - Processing /home/airflow/.local/lib/python3.8/site-packages/airflow/example_dags/example_complex.py took 0.837 seconds
[2024-04-04T23:22:55.807+0000] {processor.py:161} INFO - Started process (PID=48569) to work on /home/airflow/.local/lib/python3.8/site-packages/airflow/example_dags/example_complex.py
[2024-04-04T23:22:55.811+0000] {processor.py:830} INFO - Processing file /home/airflow/.local/lib/python3.8/site-packages/airflow/example_dags/example_complex.py for tasks to queue
[2024-04-04T23:22:55.816+0000] {logging_mixin.py:188} INFO - [2024-04-04T23:22:55.814+0000] {dagbag.py:538} INFO - Filling up the DagBag from /home/airflow/.local/lib/python3.8/site-packages/airflow/example_dags/example_complex.py
[2024-04-04T23:22:55.921+0000] {processor.py:840} INFO - DAG(s) 'example_complex' retrieved from /home/airflow/.local/lib/python3.8/site-packages/airflow/example_dags/example_complex.py
[2024-04-04T23:22:56.071+0000] {logging_mixin.py:188} INFO - [2024-04-04T23:22:56.070+0000] {dag.py:3036} INFO - Sync 1 DAGs
[2024-04-04T23:22:56.130+0000] {logging_mixin.py:188} INFO - [2024-04-04T23:22:56.128+0000] {dag.py:3823} INFO - Setting next_dagrun for example_complex to None, run_after=None
[2024-04-04T23:22:56.212+0000] {processor.py:183} INFO - Processing /home/airflow/.local/lib/python3.8/site-packages/airflow/example_dags/example_complex.py took 0.421 seconds
[2024-04-04T23:23:26.487+0000] {processor.py:161} INFO - Started process (PID=48629) to work on /home/airflow/.local/lib/python3.8/site-packages/airflow/example_dags/example_complex.py
[2024-04-04T23:23:26.489+0000] {processor.py:830} INFO - Processing file /home/airflow/.local/lib/python3.8/site-packages/airflow/example_dags/example_complex.py for tasks to queue
[2024-04-04T23:23:26.492+0000] {logging_mixin.py:188} INFO - [2024-04-04T23:23:26.491+0000] {dagbag.py:538} INFO - Filling up the DagBag from /home/airflow/.local/lib/python3.8/site-packages/airflow/example_dags/example_complex.py
[2024-04-04T23:23:26.519+0000] {processor.py:840} INFO - DAG(s) 'example_complex' retrieved from /home/airflow/.local/lib/python3.8/site-packages/airflow/example_dags/example_complex.py
[2024-04-04T23:23:26.596+0000] {logging_mixin.py:188} INFO - [2024-04-04T23:23:26.595+0000] {dag.py:3036} INFO - Sync 1 DAGs
[2024-04-04T23:23:26.623+0000] {logging_mixin.py:188} INFO - [2024-04-04T23:23:26.623+0000] {dag.py:3823} INFO - Setting next_dagrun for example_complex to None, run_after=None
[2024-04-04T23:23:26.665+0000] {processor.py:183} INFO - Processing /home/airflow/.local/lib/python3.8/site-packages/airflow/example_dags/example_complex.py took 0.186 seconds
[2024-04-04T23:23:57.204+0000] {processor.py:161} INFO - Started process (PID=48689) to work on /home/airflow/.local/lib/python3.8/site-packages/airflow/example_dags/example_complex.py
[2024-04-04T23:23:57.206+0000] {processor.py:830} INFO - Processing file /home/airflow/.local/lib/python3.8/site-packages/airflow/example_dags/example_complex.py for tasks to queue
[2024-04-04T23:23:57.209+0000] {logging_mixin.py:188} INFO - [2024-04-04T23:23:57.208+0000] {dagbag.py:538} INFO - Filling up the DagBag from /home/airflow/.local/lib/python3.8/site-packages/airflow/example_dags/example_complex.py
[2024-04-04T23:23:57.239+0000] {processor.py:840} INFO - DAG(s) 'example_complex' retrieved from /home/airflow/.local/lib/python3.8/site-packages/airflow/example_dags/example_complex.py
[2024-04-04T23:23:57.326+0000] {logging_mixin.py:188} INFO - [2024-04-04T23:23:57.326+0000] {dag.py:3036} INFO - Sync 1 DAGs
[2024-04-04T23:23:57.356+0000] {logging_mixin.py:188} INFO - [2024-04-04T23:23:57.355+0000] {dag.py:3823} INFO - Setting next_dagrun for example_complex to None, run_after=None
[2024-04-04T23:23:57.400+0000] {processor.py:183} INFO - Processing /home/airflow/.local/lib/python3.8/site-packages/airflow/example_dags/example_complex.py took 0.204 seconds
[2024-04-04T23:24:28.040+0000] {processor.py:161} INFO - Started process (PID=48749) to work on /home/airflow/.local/lib/python3.8/site-packages/airflow/example_dags/example_complex.py
[2024-04-04T23:24:28.045+0000] {processor.py:830} INFO - Processing file /home/airflow/.local/lib/python3.8/site-packages/airflow/example_dags/example_complex.py for tasks to queue
[2024-04-04T23:24:28.051+0000] {logging_mixin.py:188} INFO - [2024-04-04T23:24:28.050+0000] {dagbag.py:538} INFO - Filling up the DagBag from /home/airflow/.local/lib/python3.8/site-packages/airflow/example_dags/example_complex.py
[2024-04-04T23:24:28.115+0000] {processor.py:840} INFO - DAG(s) 'example_complex' retrieved from /home/airflow/.local/lib/python3.8/site-packages/airflow/example_dags/example_complex.py
[2024-04-04T23:24:28.316+0000] {logging_mixin.py:188} INFO - [2024-04-04T23:24:28.315+0000] {dag.py:3036} INFO - Sync 1 DAGs
[2024-04-04T23:24:28.404+0000] {logging_mixin.py:188} INFO - [2024-04-04T23:24:28.403+0000] {dag.py:3823} INFO - Setting next_dagrun for example_complex to None, run_after=None
[2024-04-04T23:24:28.522+0000] {processor.py:183} INFO - Processing /home/airflow/.local/lib/python3.8/site-packages/airflow/example_dags/example_complex.py took 0.501 seconds
[2024-04-04T23:24:59.565+0000] {processor.py:161} INFO - Started process (PID=48809) to work on /home/airflow/.local/lib/python3.8/site-packages/airflow/example_dags/example_complex.py
[2024-04-04T23:24:59.572+0000] {processor.py:830} INFO - Processing file /home/airflow/.local/lib/python3.8/site-packages/airflow/example_dags/example_complex.py for tasks to queue
[2024-04-04T23:24:59.579+0000] {logging_mixin.py:188} INFO - [2024-04-04T23:24:59.576+0000] {dagbag.py:538} INFO - Filling up the DagBag from /home/airflow/.local/lib/python3.8/site-packages/airflow/example_dags/example_complex.py
[2024-04-04T23:24:59.705+0000] {processor.py:840} INFO - DAG(s) 'example_complex' retrieved from /home/airflow/.local/lib/python3.8/site-packages/airflow/example_dags/example_complex.py
[2024-04-04T23:25:00.064+0000] {logging_mixin.py:188} INFO - [2024-04-04T23:25:00.063+0000] {dag.py:3036} INFO - Sync 1 DAGs
[2024-04-04T23:25:00.185+0000] {logging_mixin.py:188} INFO - [2024-04-04T23:25:00.183+0000] {dag.py:3823} INFO - Setting next_dagrun for example_complex to None, run_after=None
[2024-04-04T23:25:00.314+0000] {processor.py:183} INFO - Processing /home/airflow/.local/lib/python3.8/site-packages/airflow/example_dags/example_complex.py took 0.775 seconds
[2024-04-04T23:25:30.501+0000] {processor.py:161} INFO - Started process (PID=48869) to work on /home/airflow/.local/lib/python3.8/site-packages/airflow/example_dags/example_complex.py
[2024-04-04T23:25:30.504+0000] {processor.py:830} INFO - Processing file /home/airflow/.local/lib/python3.8/site-packages/airflow/example_dags/example_complex.py for tasks to queue
[2024-04-04T23:25:30.508+0000] {logging_mixin.py:188} INFO - [2024-04-04T23:25:30.507+0000] {dagbag.py:538} INFO - Filling up the DagBag from /home/airflow/.local/lib/python3.8/site-packages/airflow/example_dags/example_complex.py
[2024-04-04T23:25:30.547+0000] {processor.py:840} INFO - DAG(s) 'example_complex' retrieved from /home/airflow/.local/lib/python3.8/site-packages/airflow/example_dags/example_complex.py
[2024-04-04T23:25:30.685+0000] {logging_mixin.py:188} INFO - [2024-04-04T23:25:30.685+0000] {dag.py:3036} INFO - Sync 1 DAGs
[2024-04-04T23:25:30.724+0000] {logging_mixin.py:188} INFO - [2024-04-04T23:25:30.723+0000] {dag.py:3823} INFO - Setting next_dagrun for example_complex to None, run_after=None
[2024-04-04T23:25:30.788+0000] {processor.py:183} INFO - Processing /home/airflow/.local/lib/python3.8/site-packages/airflow/example_dags/example_complex.py took 0.297 seconds
[2024-04-04T23:26:01.658+0000] {processor.py:161} INFO - Started process (PID=48929) to work on /home/airflow/.local/lib/python3.8/site-packages/airflow/example_dags/example_complex.py
[2024-04-04T23:26:01.661+0000] {processor.py:830} INFO - Processing file /home/airflow/.local/lib/python3.8/site-packages/airflow/example_dags/example_complex.py for tasks to queue
[2024-04-04T23:26:01.664+0000] {logging_mixin.py:188} INFO - [2024-04-04T23:26:01.663+0000] {dagbag.py:538} INFO - Filling up the DagBag from /home/airflow/.local/lib/python3.8/site-packages/airflow/example_dags/example_complex.py
[2024-04-04T23:26:01.700+0000] {processor.py:840} INFO - DAG(s) 'example_complex' retrieved from /home/airflow/.local/lib/python3.8/site-packages/airflow/example_dags/example_complex.py
[2024-04-04T23:26:01.800+0000] {logging_mixin.py:188} INFO - [2024-04-04T23:26:01.799+0000] {dag.py:3036} INFO - Sync 1 DAGs
[2024-04-04T23:26:01.835+0000] {logging_mixin.py:188} INFO - [2024-04-04T23:26:01.834+0000] {dag.py:3823} INFO - Setting next_dagrun for example_complex to None, run_after=None
[2024-04-04T23:26:01.893+0000] {processor.py:183} INFO - Processing /home/airflow/.local/lib/python3.8/site-packages/airflow/example_dags/example_complex.py took 0.244 seconds
[2024-04-04T23:26:32.313+0000] {processor.py:161} INFO - Started process (PID=48987) to work on /home/airflow/.local/lib/python3.8/site-packages/airflow/example_dags/example_complex.py
[2024-04-04T23:26:32.318+0000] {processor.py:830} INFO - Processing file /home/airflow/.local/lib/python3.8/site-packages/airflow/example_dags/example_complex.py for tasks to queue
[2024-04-04T23:26:32.323+0000] {logging_mixin.py:188} INFO - [2024-04-04T23:26:32.321+0000] {dagbag.py:538} INFO - Filling up the DagBag from /home/airflow/.local/lib/python3.8/site-packages/airflow/example_dags/example_complex.py
[2024-04-04T23:26:32.394+0000] {processor.py:840} INFO - DAG(s) 'example_complex' retrieved from /home/airflow/.local/lib/python3.8/site-packages/airflow/example_dags/example_complex.py
[2024-04-04T23:26:32.584+0000] {logging_mixin.py:188} INFO - [2024-04-04T23:26:32.583+0000] {dag.py:3036} INFO - Sync 1 DAGs
[2024-04-04T23:26:32.640+0000] {logging_mixin.py:188} INFO - [2024-04-04T23:26:32.639+0000] {dag.py:3823} INFO - Setting next_dagrun for example_complex to None, run_after=None
[2024-04-04T23:26:32.716+0000] {processor.py:183} INFO - Processing /home/airflow/.local/lib/python3.8/site-packages/airflow/example_dags/example_complex.py took 0.419 seconds
[2024-04-04T23:27:03.896+0000] {processor.py:161} INFO - Started process (PID=49047) to work on /home/airflow/.local/lib/python3.8/site-packages/airflow/example_dags/example_complex.py
[2024-04-04T23:27:03.903+0000] {processor.py:830} INFO - Processing file /home/airflow/.local/lib/python3.8/site-packages/airflow/example_dags/example_complex.py for tasks to queue
[2024-04-04T23:27:03.911+0000] {logging_mixin.py:188} INFO - [2024-04-04T23:27:03.908+0000] {dagbag.py:538} INFO - Filling up the DagBag from /home/airflow/.local/lib/python3.8/site-packages/airflow/example_dags/example_complex.py
[2024-04-04T23:27:04.020+0000] {processor.py:840} INFO - DAG(s) 'example_complex' retrieved from /home/airflow/.local/lib/python3.8/site-packages/airflow/example_dags/example_complex.py
[2024-04-04T23:27:04.331+0000] {logging_mixin.py:188} INFO - [2024-04-04T23:27:04.329+0000] {dag.py:3036} INFO - Sync 1 DAGs
[2024-04-04T23:27:04.477+0000] {logging_mixin.py:188} INFO - [2024-04-04T23:27:04.473+0000] {dag.py:3823} INFO - Setting next_dagrun for example_complex to None, run_after=None
[2024-04-04T23:27:04.675+0000] {processor.py:183} INFO - Processing /home/airflow/.local/lib/python3.8/site-packages/airflow/example_dags/example_complex.py took 0.807 seconds
[2024-04-04T23:27:35.523+0000] {processor.py:161} INFO - Started process (PID=49108) to work on /home/airflow/.local/lib/python3.8/site-packages/airflow/example_dags/example_complex.py
[2024-04-04T23:27:35.525+0000] {processor.py:830} INFO - Processing file /home/airflow/.local/lib/python3.8/site-packages/airflow/example_dags/example_complex.py for tasks to queue
[2024-04-04T23:27:35.527+0000] {logging_mixin.py:188} INFO - [2024-04-04T23:27:35.527+0000] {dagbag.py:538} INFO - Filling up the DagBag from /home/airflow/.local/lib/python3.8/site-packages/airflow/example_dags/example_complex.py
[2024-04-04T23:27:35.554+0000] {processor.py:840} INFO - DAG(s) 'example_complex' retrieved from /home/airflow/.local/lib/python3.8/site-packages/airflow/example_dags/example_complex.py
[2024-04-04T23:27:35.659+0000] {logging_mixin.py:188} INFO - [2024-04-04T23:27:35.659+0000] {dag.py:3036} INFO - Sync 1 DAGs
[2024-04-04T23:27:35.694+0000] {logging_mixin.py:188} INFO - [2024-04-04T23:27:35.693+0000] {dag.py:3823} INFO - Setting next_dagrun for example_complex to None, run_after=None
[2024-04-04T23:27:35.740+0000] {processor.py:183} INFO - Processing /home/airflow/.local/lib/python3.8/site-packages/airflow/example_dags/example_complex.py took 0.224 seconds
[2024-04-04T23:28:06.069+0000] {processor.py:161} INFO - Started process (PID=49168) to work on /home/airflow/.local/lib/python3.8/site-packages/airflow/example_dags/example_complex.py
[2024-04-04T23:28:06.071+0000] {processor.py:830} INFO - Processing file /home/airflow/.local/lib/python3.8/site-packages/airflow/example_dags/example_complex.py for tasks to queue
[2024-04-04T23:28:06.074+0000] {logging_mixin.py:188} INFO - [2024-04-04T23:28:06.073+0000] {dagbag.py:538} INFO - Filling up the DagBag from /home/airflow/.local/lib/python3.8/site-packages/airflow/example_dags/example_complex.py
[2024-04-04T23:28:06.116+0000] {processor.py:840} INFO - DAG(s) 'example_complex' retrieved from /home/airflow/.local/lib/python3.8/site-packages/airflow/example_dags/example_complex.py
[2024-04-04T23:28:06.224+0000] {logging_mixin.py:188} INFO - [2024-04-04T23:28:06.223+0000] {dag.py:3036} INFO - Sync 1 DAGs
[2024-04-04T23:28:06.256+0000] {logging_mixin.py:188} INFO - [2024-04-04T23:28:06.255+0000] {dag.py:3823} INFO - Setting next_dagrun for example_complex to None, run_after=None
[2024-04-04T23:28:06.314+0000] {processor.py:183} INFO - Processing /home/airflow/.local/lib/python3.8/site-packages/airflow/example_dags/example_complex.py took 0.255 seconds
[2024-04-04T23:28:36.525+0000] {processor.py:161} INFO - Started process (PID=49228) to work on /home/airflow/.local/lib/python3.8/site-packages/airflow/example_dags/example_complex.py
[2024-04-04T23:28:36.528+0000] {processor.py:830} INFO - Processing file /home/airflow/.local/lib/python3.8/site-packages/airflow/example_dags/example_complex.py for tasks to queue
[2024-04-04T23:28:36.532+0000] {logging_mixin.py:188} INFO - [2024-04-04T23:28:36.531+0000] {dagbag.py:538} INFO - Filling up the DagBag from /home/airflow/.local/lib/python3.8/site-packages/airflow/example_dags/example_complex.py
[2024-04-04T23:28:36.573+0000] {processor.py:840} INFO - DAG(s) 'example_complex' retrieved from /home/airflow/.local/lib/python3.8/site-packages/airflow/example_dags/example_complex.py
[2024-04-04T23:28:36.693+0000] {logging_mixin.py:188} INFO - [2024-04-04T23:28:36.692+0000] {dag.py:3036} INFO - Sync 1 DAGs
[2024-04-04T23:28:36.734+0000] {logging_mixin.py:188} INFO - [2024-04-04T23:28:36.733+0000] {dag.py:3823} INFO - Setting next_dagrun for example_complex to None, run_after=None
[2024-04-04T23:28:36.796+0000] {processor.py:183} INFO - Processing /home/airflow/.local/lib/python3.8/site-packages/airflow/example_dags/example_complex.py took 0.283 seconds
[2024-04-04T23:29:07.878+0000] {processor.py:161} INFO - Started process (PID=49288) to work on /home/airflow/.local/lib/python3.8/site-packages/airflow/example_dags/example_complex.py
[2024-04-04T23:29:07.913+0000] {processor.py:830} INFO - Processing file /home/airflow/.local/lib/python3.8/site-packages/airflow/example_dags/example_complex.py for tasks to queue
[2024-04-04T23:29:07.936+0000] {logging_mixin.py:188} INFO - [2024-04-04T23:29:07.933+0000] {dagbag.py:538} INFO - Filling up the DagBag from /home/airflow/.local/lib/python3.8/site-packages/airflow/example_dags/example_complex.py
[2024-04-04T23:29:08.185+0000] {processor.py:840} INFO - DAG(s) 'example_complex' retrieved from /home/airflow/.local/lib/python3.8/site-packages/airflow/example_dags/example_complex.py
[2024-04-04T23:29:08.693+0000] {logging_mixin.py:188} INFO - [2024-04-04T23:29:08.691+0000] {dag.py:3036} INFO - Sync 1 DAGs
[2024-04-04T23:29:08.862+0000] {logging_mixin.py:188} INFO - [2024-04-04T23:29:08.859+0000] {dag.py:3823} INFO - Setting next_dagrun for example_complex to None, run_after=None
[2024-04-04T23:29:09.065+0000] {processor.py:183} INFO - Processing /home/airflow/.local/lib/python3.8/site-packages/airflow/example_dags/example_complex.py took 1.261 seconds
[2024-04-04T23:29:40.069+0000] {processor.py:161} INFO - Started process (PID=49348) to work on /home/airflow/.local/lib/python3.8/site-packages/airflow/example_dags/example_complex.py
[2024-04-04T23:29:40.074+0000] {processor.py:830} INFO - Processing file /home/airflow/.local/lib/python3.8/site-packages/airflow/example_dags/example_complex.py for tasks to queue
[2024-04-04T23:29:40.080+0000] {logging_mixin.py:188} INFO - [2024-04-04T23:29:40.078+0000] {dagbag.py:538} INFO - Filling up the DagBag from /home/airflow/.local/lib/python3.8/site-packages/airflow/example_dags/example_complex.py
[2024-04-04T23:29:40.172+0000] {processor.py:840} INFO - DAG(s) 'example_complex' retrieved from /home/airflow/.local/lib/python3.8/site-packages/airflow/example_dags/example_complex.py
[2024-04-04T23:29:40.380+0000] {logging_mixin.py:188} INFO - [2024-04-04T23:29:40.379+0000] {dag.py:3036} INFO - Sync 1 DAGs
[2024-04-04T23:29:40.452+0000] {logging_mixin.py:188} INFO - [2024-04-04T23:29:40.451+0000] {dag.py:3823} INFO - Setting next_dagrun for example_complex to None, run_after=None
[2024-04-04T23:29:40.577+0000] {processor.py:183} INFO - Processing /home/airflow/.local/lib/python3.8/site-packages/airflow/example_dags/example_complex.py took 0.529 seconds
[2024-04-04T23:30:10.674+0000] {processor.py:161} INFO - Started process (PID=49408) to work on /home/airflow/.local/lib/python3.8/site-packages/airflow/example_dags/example_complex.py
[2024-04-04T23:30:10.677+0000] {processor.py:830} INFO - Processing file /home/airflow/.local/lib/python3.8/site-packages/airflow/example_dags/example_complex.py for tasks to queue
[2024-04-04T23:30:10.679+0000] {logging_mixin.py:188} INFO - [2024-04-04T23:30:10.678+0000] {dagbag.py:538} INFO - Filling up the DagBag from /home/airflow/.local/lib/python3.8/site-packages/airflow/example_dags/example_complex.py
[2024-04-04T23:30:10.708+0000] {processor.py:840} INFO - DAG(s) 'example_complex' retrieved from /home/airflow/.local/lib/python3.8/site-packages/airflow/example_dags/example_complex.py
[2024-04-04T23:30:10.795+0000] {logging_mixin.py:188} INFO - [2024-04-04T23:30:10.794+0000] {dag.py:3036} INFO - Sync 1 DAGs
[2024-04-04T23:30:10.854+0000] {logging_mixin.py:188} INFO - [2024-04-04T23:30:10.853+0000] {dag.py:3823} INFO - Setting next_dagrun for example_complex to None, run_after=None
[2024-04-04T23:30:10.903+0000] {processor.py:183} INFO - Processing /home/airflow/.local/lib/python3.8/site-packages/airflow/example_dags/example_complex.py took 0.237 seconds
[2024-04-04T23:30:43.437+0000] {processor.py:161} INFO - Started process (PID=49468) to work on /home/airflow/.local/lib/python3.8/site-packages/airflow/example_dags/example_complex.py
[2024-04-04T23:30:43.441+0000] {processor.py:830} INFO - Processing file /home/airflow/.local/lib/python3.8/site-packages/airflow/example_dags/example_complex.py for tasks to queue
[2024-04-04T23:30:43.446+0000] {logging_mixin.py:188} INFO - [2024-04-04T23:30:43.445+0000] {dagbag.py:538} INFO - Filling up the DagBag from /home/airflow/.local/lib/python3.8/site-packages/airflow/example_dags/example_complex.py
[2024-04-04T23:30:43.531+0000] {processor.py:840} INFO - DAG(s) 'example_complex' retrieved from /home/airflow/.local/lib/python3.8/site-packages/airflow/example_dags/example_complex.py
[2024-04-04T23:30:43.687+0000] {logging_mixin.py:188} INFO - [2024-04-04T23:30:43.686+0000] {dag.py:3036} INFO - Sync 1 DAGs
[2024-04-04T23:30:43.747+0000] {logging_mixin.py:188} INFO - [2024-04-04T23:30:43.746+0000] {dag.py:3823} INFO - Setting next_dagrun for example_complex to None, run_after=None
[2024-04-04T23:30:43.827+0000] {processor.py:183} INFO - Processing /home/airflow/.local/lib/python3.8/site-packages/airflow/example_dags/example_complex.py took 0.404 seconds
[2024-04-04T23:31:15.274+0000] {processor.py:161} INFO - Started process (PID=49535) to work on /home/airflow/.local/lib/python3.8/site-packages/airflow/example_dags/example_complex.py
[2024-04-04T23:31:15.279+0000] {processor.py:830} INFO - Processing file /home/airflow/.local/lib/python3.8/site-packages/airflow/example_dags/example_complex.py for tasks to queue
[2024-04-04T23:31:15.284+0000] {logging_mixin.py:188} INFO - [2024-04-04T23:31:15.282+0000] {dagbag.py:538} INFO - Filling up the DagBag from /home/airflow/.local/lib/python3.8/site-packages/airflow/example_dags/example_complex.py
[2024-04-04T23:31:15.347+0000] {processor.py:840} INFO - DAG(s) 'example_complex' retrieved from /home/airflow/.local/lib/python3.8/site-packages/airflow/example_dags/example_complex.py
[2024-04-04T23:31:15.557+0000] {logging_mixin.py:188} INFO - [2024-04-04T23:31:15.556+0000] {dag.py:3036} INFO - Sync 1 DAGs
[2024-04-04T23:31:15.672+0000] {logging_mixin.py:188} INFO - [2024-04-04T23:31:15.671+0000] {dag.py:3823} INFO - Setting next_dagrun for example_complex to None, run_after=None
[2024-04-04T23:31:15.773+0000] {processor.py:183} INFO - Processing /home/airflow/.local/lib/python3.8/site-packages/airflow/example_dags/example_complex.py took 0.515 seconds
[2024-04-04T23:31:48.454+0000] {processor.py:161} INFO - Started process (PID=49595) to work on /home/airflow/.local/lib/python3.8/site-packages/airflow/example_dags/example_complex.py
[2024-04-04T23:31:48.462+0000] {processor.py:830} INFO - Processing file /home/airflow/.local/lib/python3.8/site-packages/airflow/example_dags/example_complex.py for tasks to queue
[2024-04-04T23:31:48.475+0000] {logging_mixin.py:188} INFO - [2024-04-04T23:31:48.470+0000] {dagbag.py:538} INFO - Filling up the DagBag from /home/airflow/.local/lib/python3.8/site-packages/airflow/example_dags/example_complex.py
[2024-04-04T23:31:48.607+0000] {processor.py:840} INFO - DAG(s) 'example_complex' retrieved from /home/airflow/.local/lib/python3.8/site-packages/airflow/example_dags/example_complex.py
[2024-04-04T23:31:48.960+0000] {logging_mixin.py:188} INFO - [2024-04-04T23:31:48.959+0000] {dag.py:3036} INFO - Sync 1 DAGs
[2024-04-04T23:31:49.124+0000] {logging_mixin.py:188} INFO - [2024-04-04T23:31:49.122+0000] {dag.py:3823} INFO - Setting next_dagrun for example_complex to None, run_after=None
[2024-04-04T23:31:49.309+0000] {processor.py:183} INFO - Processing /home/airflow/.local/lib/python3.8/site-packages/airflow/example_dags/example_complex.py took 0.885 seconds
