[2024-04-04T20:01:58.406+0000] {processor.py:161} INFO - Started process (PID=43463) to work on /home/airflow/.local/lib/python3.8/site-packages/airflow/example_dags/example_branch_operator.py
[2024-04-04T20:01:58.408+0000] {processor.py:830} INFO - Processing file /home/airflow/.local/lib/python3.8/site-packages/airflow/example_dags/example_branch_operator.py for tasks to queue
[2024-04-04T20:01:58.410+0000] {logging_mixin.py:188} INFO - [2024-04-04T20:01:58.410+0000] {dagbag.py:538} INFO - Filling up the DagBag from /home/airflow/.local/lib/python3.8/site-packages/airflow/example_dags/example_branch_operator.py
[2024-04-04T20:01:58.552+0000] {processor.py:840} INFO - DAG(s) 'example_branch_operator' retrieved from /home/airflow/.local/lib/python3.8/site-packages/airflow/example_dags/example_branch_operator.py
[2024-04-04T20:01:58.718+0000] {logging_mixin.py:188} INFO - [2024-04-04T20:01:58.718+0000] {dag.py:3036} INFO - Sync 1 DAGs
[2024-04-04T20:01:58.859+0000] {logging_mixin.py:188} INFO - [2024-04-04T20:01:58.858+0000] {dag.py:3823} INFO - Setting next_dagrun for example_branch_operator to 2024-04-03 00:00:00+00:00, run_after=2024-04-04 00:00:00+00:00
[2024-04-04T20:01:58.975+0000] {processor.py:183} INFO - Processing /home/airflow/.local/lib/python3.8/site-packages/airflow/example_dags/example_branch_operator.py took 0.589 seconds
[2024-04-04T18:12:28.388+0000] {processor.py:161} INFO - Started process (PID=46143) to work on /home/airflow/.local/lib/python3.8/site-packages/airflow/example_dags/example_branch_operator.py
[2024-04-04T18:12:28.390+0000] {processor.py:830} INFO - Processing file /home/airflow/.local/lib/python3.8/site-packages/airflow/example_dags/example_branch_operator.py for tasks to queue
[2024-04-04T18:12:28.392+0000] {logging_mixin.py:188} INFO - [2024-04-04T18:12:28.392+0000] {dagbag.py:538} INFO - Filling up the DagBag from /home/airflow/.local/lib/python3.8/site-packages/airflow/example_dags/example_branch_operator.py
[2024-04-04T18:12:28.437+0000] {processor.py:840} INFO - DAG(s) 'example_branch_operator' retrieved from /home/airflow/.local/lib/python3.8/site-packages/airflow/example_dags/example_branch_operator.py
[2024-04-04T18:12:28.510+0000] {logging_mixin.py:188} INFO - [2024-04-04T18:12:28.510+0000] {dag.py:3036} INFO - Sync 1 DAGs
[2024-04-04T18:12:28.570+0000] {logging_mixin.py:188} INFO - [2024-04-04T18:12:28.569+0000] {dag.py:3823} INFO - Setting next_dagrun for example_branch_operator to 2024-04-03 00:00:00+00:00, run_after=2024-04-04 00:00:00+00:00
[2024-04-04T18:12:28.621+0000] {processor.py:183} INFO - Processing /home/airflow/.local/lib/python3.8/site-packages/airflow/example_dags/example_branch_operator.py took 0.241 seconds
[2024-04-04T18:12:58.679+0000] {processor.py:161} INFO - Started process (PID=46203) to work on /home/airflow/.local/lib/python3.8/site-packages/airflow/example_dags/example_branch_operator.py
[2024-04-04T18:12:58.680+0000] {processor.py:830} INFO - Processing file /home/airflow/.local/lib/python3.8/site-packages/airflow/example_dags/example_branch_operator.py for tasks to queue
[2024-04-04T18:12:58.681+0000] {logging_mixin.py:188} INFO - [2024-04-04T18:12:58.681+0000] {dagbag.py:538} INFO - Filling up the DagBag from /home/airflow/.local/lib/python3.8/site-packages/airflow/example_dags/example_branch_operator.py
[2024-04-04T18:12:58.702+0000] {processor.py:840} INFO - DAG(s) 'example_branch_operator' retrieved from /home/airflow/.local/lib/python3.8/site-packages/airflow/example_dags/example_branch_operator.py
[2024-04-04T18:12:58.738+0000] {logging_mixin.py:188} INFO - [2024-04-04T18:12:58.737+0000] {dag.py:3036} INFO - Sync 1 DAGs
[2024-04-04T18:12:58.761+0000] {logging_mixin.py:188} INFO - [2024-04-04T18:12:58.761+0000] {dag.py:3823} INFO - Setting next_dagrun for example_branch_operator to 2024-04-03 00:00:00+00:00, run_after=2024-04-04 00:00:00+00:00
[2024-04-04T18:12:58.782+0000] {processor.py:183} INFO - Processing /home/airflow/.local/lib/python3.8/site-packages/airflow/example_dags/example_branch_operator.py took 0.108 seconds
[2024-04-04T18:13:29.176+0000] {processor.py:161} INFO - Started process (PID=46263) to work on /home/airflow/.local/lib/python3.8/site-packages/airflow/example_dags/example_branch_operator.py
[2024-04-04T18:13:29.177+0000] {processor.py:830} INFO - Processing file /home/airflow/.local/lib/python3.8/site-packages/airflow/example_dags/example_branch_operator.py for tasks to queue
[2024-04-04T18:13:29.179+0000] {logging_mixin.py:188} INFO - [2024-04-04T18:13:29.178+0000] {dagbag.py:538} INFO - Filling up the DagBag from /home/airflow/.local/lib/python3.8/site-packages/airflow/example_dags/example_branch_operator.py
[2024-04-04T18:13:29.199+0000] {processor.py:840} INFO - DAG(s) 'example_branch_operator' retrieved from /home/airflow/.local/lib/python3.8/site-packages/airflow/example_dags/example_branch_operator.py
[2024-04-04T18:13:29.233+0000] {logging_mixin.py:188} INFO - [2024-04-04T18:13:29.232+0000] {dag.py:3036} INFO - Sync 1 DAGs
[2024-04-04T18:13:29.255+0000] {logging_mixin.py:188} INFO - [2024-04-04T18:13:29.255+0000] {dag.py:3823} INFO - Setting next_dagrun for example_branch_operator to 2024-04-03 00:00:00+00:00, run_after=2024-04-04 00:00:00+00:00
[2024-04-04T18:13:29.278+0000] {processor.py:183} INFO - Processing /home/airflow/.local/lib/python3.8/site-packages/airflow/example_dags/example_branch_operator.py took 0.106 seconds
[2024-04-04T18:13:59.638+0000] {processor.py:161} INFO - Started process (PID=46323) to work on /home/airflow/.local/lib/python3.8/site-packages/airflow/example_dags/example_branch_operator.py
[2024-04-04T18:13:59.640+0000] {processor.py:830} INFO - Processing file /home/airflow/.local/lib/python3.8/site-packages/airflow/example_dags/example_branch_operator.py for tasks to queue
[2024-04-04T18:13:59.641+0000] {logging_mixin.py:188} INFO - [2024-04-04T18:13:59.640+0000] {dagbag.py:538} INFO - Filling up the DagBag from /home/airflow/.local/lib/python3.8/site-packages/airflow/example_dags/example_branch_operator.py
[2024-04-04T18:13:59.664+0000] {processor.py:840} INFO - DAG(s) 'example_branch_operator' retrieved from /home/airflow/.local/lib/python3.8/site-packages/airflow/example_dags/example_branch_operator.py
[2024-04-04T18:13:59.700+0000] {logging_mixin.py:188} INFO - [2024-04-04T18:13:59.700+0000] {dag.py:3036} INFO - Sync 1 DAGs
[2024-04-04T18:13:59.725+0000] {logging_mixin.py:188} INFO - [2024-04-04T18:13:59.725+0000] {dag.py:3823} INFO - Setting next_dagrun for example_branch_operator to 2024-04-03 00:00:00+00:00, run_after=2024-04-04 00:00:00+00:00
[2024-04-04T18:13:59.750+0000] {processor.py:183} INFO - Processing /home/airflow/.local/lib/python3.8/site-packages/airflow/example_dags/example_branch_operator.py took 0.116 seconds
[2024-04-04T18:14:30.088+0000] {processor.py:161} INFO - Started process (PID=46383) to work on /home/airflow/.local/lib/python3.8/site-packages/airflow/example_dags/example_branch_operator.py
[2024-04-04T18:14:30.090+0000] {processor.py:830} INFO - Processing file /home/airflow/.local/lib/python3.8/site-packages/airflow/example_dags/example_branch_operator.py for tasks to queue
[2024-04-04T18:14:30.091+0000] {logging_mixin.py:188} INFO - [2024-04-04T18:14:30.091+0000] {dagbag.py:538} INFO - Filling up the DagBag from /home/airflow/.local/lib/python3.8/site-packages/airflow/example_dags/example_branch_operator.py
[2024-04-04T18:14:30.118+0000] {processor.py:840} INFO - DAG(s) 'example_branch_operator' retrieved from /home/airflow/.local/lib/python3.8/site-packages/airflow/example_dags/example_branch_operator.py
[2024-04-04T18:14:30.164+0000] {logging_mixin.py:188} INFO - [2024-04-04T18:14:30.163+0000] {dag.py:3036} INFO - Sync 1 DAGs
[2024-04-04T18:14:30.194+0000] {logging_mixin.py:188} INFO - [2024-04-04T18:14:30.194+0000] {dag.py:3823} INFO - Setting next_dagrun for example_branch_operator to 2024-04-03 00:00:00+00:00, run_after=2024-04-04 00:00:00+00:00
[2024-04-04T18:14:30.220+0000] {processor.py:183} INFO - Processing /home/airflow/.local/lib/python3.8/site-packages/airflow/example_dags/example_branch_operator.py took 0.136 seconds
[2024-04-04T18:15:02.059+0000] {processor.py:161} INFO - Started process (PID=46443) to work on /home/airflow/.local/lib/python3.8/site-packages/airflow/example_dags/example_branch_operator.py
[2024-04-04T18:15:02.065+0000] {processor.py:830} INFO - Processing file /home/airflow/.local/lib/python3.8/site-packages/airflow/example_dags/example_branch_operator.py for tasks to queue
[2024-04-04T18:15:02.074+0000] {logging_mixin.py:188} INFO - [2024-04-04T18:15:02.072+0000] {dagbag.py:538} INFO - Filling up the DagBag from /home/airflow/.local/lib/python3.8/site-packages/airflow/example_dags/example_branch_operator.py
[2024-04-04T18:15:02.215+0000] {processor.py:840} INFO - DAG(s) 'example_branch_operator' retrieved from /home/airflow/.local/lib/python3.8/site-packages/airflow/example_dags/example_branch_operator.py
[2024-04-04T18:15:02.445+0000] {logging_mixin.py:188} INFO - [2024-04-04T18:15:02.444+0000] {dag.py:3036} INFO - Sync 1 DAGs
[2024-04-04T18:15:02.716+0000] {logging_mixin.py:188} INFO - [2024-04-04T18:15:02.714+0000] {dag.py:3823} INFO - Setting next_dagrun for example_branch_operator to 2024-04-03 00:00:00+00:00, run_after=2024-04-04 00:00:00+00:00
[2024-04-04T18:15:02.871+0000] {processor.py:183} INFO - Processing /home/airflow/.local/lib/python3.8/site-packages/airflow/example_dags/example_branch_operator.py took 0.836 seconds
[2024-04-04T18:15:36.614+0000] {processor.py:161} INFO - Started process (PID=46503) to work on /home/airflow/.local/lib/python3.8/site-packages/airflow/example_dags/example_branch_operator.py
[2024-04-04T18:15:36.621+0000] {processor.py:830} INFO - Processing file /home/airflow/.local/lib/python3.8/site-packages/airflow/example_dags/example_branch_operator.py for tasks to queue
[2024-04-04T18:15:36.628+0000] {logging_mixin.py:188} INFO - [2024-04-04T18:15:36.626+0000] {dagbag.py:538} INFO - Filling up the DagBag from /home/airflow/.local/lib/python3.8/site-packages/airflow/example_dags/example_branch_operator.py
[2024-04-04T18:15:36.778+0000] {processor.py:840} INFO - DAG(s) 'example_branch_operator' retrieved from /home/airflow/.local/lib/python3.8/site-packages/airflow/example_dags/example_branch_operator.py
[2024-04-04T18:15:37.043+0000] {logging_mixin.py:188} INFO - [2024-04-04T18:15:37.042+0000] {dag.py:3036} INFO - Sync 1 DAGs
[2024-04-04T18:15:37.233+0000] {logging_mixin.py:188} INFO - [2024-04-04T18:15:37.231+0000] {dag.py:3823} INFO - Setting next_dagrun for example_branch_operator to 2024-04-03 00:00:00+00:00, run_after=2024-04-04 00:00:00+00:00
[2024-04-04T18:15:37.358+0000] {processor.py:183} INFO - Processing /home/airflow/.local/lib/python3.8/site-packages/airflow/example_dags/example_branch_operator.py took 0.767 seconds
[2024-04-04T18:16:07.567+0000] {processor.py:161} INFO - Started process (PID=46563) to work on /home/airflow/.local/lib/python3.8/site-packages/airflow/example_dags/example_branch_operator.py
[2024-04-04T18:16:07.574+0000] {processor.py:830} INFO - Processing file /home/airflow/.local/lib/python3.8/site-packages/airflow/example_dags/example_branch_operator.py for tasks to queue
[2024-04-04T18:16:07.580+0000] {logging_mixin.py:188} INFO - [2024-04-04T18:16:07.578+0000] {dagbag.py:538} INFO - Filling up the DagBag from /home/airflow/.local/lib/python3.8/site-packages/airflow/example_dags/example_branch_operator.py
[2024-04-04T18:16:07.687+0000] {processor.py:840} INFO - DAG(s) 'example_branch_operator' retrieved from /home/airflow/.local/lib/python3.8/site-packages/airflow/example_dags/example_branch_operator.py
[2024-04-04T18:16:07.868+0000] {logging_mixin.py:188} INFO - [2024-04-04T18:16:07.866+0000] {dag.py:3036} INFO - Sync 1 DAGs
[2024-04-04T18:16:08.004+0000] {logging_mixin.py:188} INFO - [2024-04-04T18:16:08.003+0000] {dag.py:3823} INFO - Setting next_dagrun for example_branch_operator to 2024-04-03 00:00:00+00:00, run_after=2024-04-04 00:00:00+00:00
[2024-04-04T18:16:08.117+0000] {processor.py:183} INFO - Processing /home/airflow/.local/lib/python3.8/site-packages/airflow/example_dags/example_branch_operator.py took 0.573 seconds
[2024-04-04T18:16:38.639+0000] {processor.py:161} INFO - Started process (PID=46623) to work on /home/airflow/.local/lib/python3.8/site-packages/airflow/example_dags/example_branch_operator.py
[2024-04-04T18:16:38.641+0000] {processor.py:830} INFO - Processing file /home/airflow/.local/lib/python3.8/site-packages/airflow/example_dags/example_branch_operator.py for tasks to queue
[2024-04-04T18:16:38.643+0000] {logging_mixin.py:188} INFO - [2024-04-04T18:16:38.643+0000] {dagbag.py:538} INFO - Filling up the DagBag from /home/airflow/.local/lib/python3.8/site-packages/airflow/example_dags/example_branch_operator.py
[2024-04-04T18:16:38.684+0000] {processor.py:840} INFO - DAG(s) 'example_branch_operator' retrieved from /home/airflow/.local/lib/python3.8/site-packages/airflow/example_dags/example_branch_operator.py
[2024-04-04T18:16:38.748+0000] {logging_mixin.py:188} INFO - [2024-04-04T18:16:38.748+0000] {dag.py:3036} INFO - Sync 1 DAGs
[2024-04-04T18:16:38.799+0000] {logging_mixin.py:188} INFO - [2024-04-04T18:16:38.798+0000] {dag.py:3823} INFO - Setting next_dagrun for example_branch_operator to 2024-04-03 00:00:00+00:00, run_after=2024-04-04 00:00:00+00:00
[2024-04-04T18:16:38.855+0000] {processor.py:183} INFO - Processing /home/airflow/.local/lib/python3.8/site-packages/airflow/example_dags/example_branch_operator.py took 0.223 seconds
[2024-04-04T18:17:09.243+0000] {processor.py:161} INFO - Started process (PID=46684) to work on /home/airflow/.local/lib/python3.8/site-packages/airflow/example_dags/example_branch_operator.py
[2024-04-04T18:17:09.245+0000] {processor.py:830} INFO - Processing file /home/airflow/.local/lib/python3.8/site-packages/airflow/example_dags/example_branch_operator.py for tasks to queue
[2024-04-04T18:17:09.247+0000] {logging_mixin.py:188} INFO - [2024-04-04T18:17:09.247+0000] {dagbag.py:538} INFO - Filling up the DagBag from /home/airflow/.local/lib/python3.8/site-packages/airflow/example_dags/example_branch_operator.py
[2024-04-04T18:17:09.284+0000] {processor.py:840} INFO - DAG(s) 'example_branch_operator' retrieved from /home/airflow/.local/lib/python3.8/site-packages/airflow/example_dags/example_branch_operator.py
[2024-04-04T18:17:09.344+0000] {logging_mixin.py:188} INFO - [2024-04-04T18:17:09.344+0000] {dag.py:3036} INFO - Sync 1 DAGs
[2024-04-04T18:17:09.388+0000] {logging_mixin.py:188} INFO - [2024-04-04T18:17:09.387+0000] {dag.py:3823} INFO - Setting next_dagrun for example_branch_operator to 2024-04-03 00:00:00+00:00, run_after=2024-04-04 00:00:00+00:00
[2024-04-04T18:17:09.422+0000] {processor.py:183} INFO - Processing /home/airflow/.local/lib/python3.8/site-packages/airflow/example_dags/example_branch_operator.py took 0.185 seconds
[2024-04-04T18:17:41.227+0000] {processor.py:161} INFO - Started process (PID=46744) to work on /home/airflow/.local/lib/python3.8/site-packages/airflow/example_dags/example_branch_operator.py
[2024-04-04T18:17:41.248+0000] {processor.py:830} INFO - Processing file /home/airflow/.local/lib/python3.8/site-packages/airflow/example_dags/example_branch_operator.py for tasks to queue
[2024-04-04T18:17:41.262+0000] {logging_mixin.py:188} INFO - [2024-04-04T18:17:41.260+0000] {dagbag.py:538} INFO - Filling up the DagBag from /home/airflow/.local/lib/python3.8/site-packages/airflow/example_dags/example_branch_operator.py
[2024-04-04T18:17:41.548+0000] {processor.py:840} INFO - DAG(s) 'example_branch_operator' retrieved from /home/airflow/.local/lib/python3.8/site-packages/airflow/example_dags/example_branch_operator.py
[2024-04-04T18:17:41.794+0000] {logging_mixin.py:188} INFO - [2024-04-04T18:17:41.792+0000] {dag.py:3036} INFO - Sync 1 DAGs
[2024-04-04T18:17:41.973+0000] {logging_mixin.py:188} INFO - [2024-04-04T18:17:41.971+0000] {dag.py:3823} INFO - Setting next_dagrun for example_branch_operator to 2024-04-03 00:00:00+00:00, run_after=2024-04-04 00:00:00+00:00
[2024-04-04T18:17:42.113+0000] {processor.py:183} INFO - Processing /home/airflow/.local/lib/python3.8/site-packages/airflow/example_dags/example_branch_operator.py took 0.959 seconds
[2024-04-04T18:18:13.543+0000] {processor.py:161} INFO - Started process (PID=46804) to work on /home/airflow/.local/lib/python3.8/site-packages/airflow/example_dags/example_branch_operator.py
[2024-04-04T18:18:13.548+0000] {processor.py:830} INFO - Processing file /home/airflow/.local/lib/python3.8/site-packages/airflow/example_dags/example_branch_operator.py for tasks to queue
[2024-04-04T18:18:13.553+0000] {logging_mixin.py:188} INFO - [2024-04-04T18:18:13.552+0000] {dagbag.py:538} INFO - Filling up the DagBag from /home/airflow/.local/lib/python3.8/site-packages/airflow/example_dags/example_branch_operator.py
[2024-04-04T18:18:13.675+0000] {processor.py:840} INFO - DAG(s) 'example_branch_operator' retrieved from /home/airflow/.local/lib/python3.8/site-packages/airflow/example_dags/example_branch_operator.py
[2024-04-04T18:18:13.902+0000] {logging_mixin.py:188} INFO - [2024-04-04T18:18:13.900+0000] {dag.py:3036} INFO - Sync 1 DAGs
[2024-04-04T18:18:14.054+0000] {logging_mixin.py:188} INFO - [2024-04-04T18:18:14.053+0000] {dag.py:3823} INFO - Setting next_dagrun for example_branch_operator to 2024-04-03 00:00:00+00:00, run_after=2024-04-04 00:00:00+00:00
[2024-04-04T18:18:14.169+0000] {processor.py:183} INFO - Processing /home/airflow/.local/lib/python3.8/site-packages/airflow/example_dags/example_branch_operator.py took 0.646 seconds
[2024-04-04T18:18:44.332+0000] {processor.py:161} INFO - Started process (PID=46865) to work on /home/airflow/.local/lib/python3.8/site-packages/airflow/example_dags/example_branch_operator.py
[2024-04-04T18:18:44.335+0000] {processor.py:830} INFO - Processing file /home/airflow/.local/lib/python3.8/site-packages/airflow/example_dags/example_branch_operator.py for tasks to queue
[2024-04-04T18:18:44.340+0000] {logging_mixin.py:188} INFO - [2024-04-04T18:18:44.339+0000] {dagbag.py:538} INFO - Filling up the DagBag from /home/airflow/.local/lib/python3.8/site-packages/airflow/example_dags/example_branch_operator.py
[2024-04-04T18:18:44.444+0000] {processor.py:840} INFO - DAG(s) 'example_branch_operator' retrieved from /home/airflow/.local/lib/python3.8/site-packages/airflow/example_dags/example_branch_operator.py
[2024-04-04T18:18:44.631+0000] {logging_mixin.py:188} INFO - [2024-04-04T18:18:44.630+0000] {dag.py:3036} INFO - Sync 1 DAGs
[2024-04-04T18:18:44.755+0000] {logging_mixin.py:188} INFO - [2024-04-04T18:18:44.753+0000] {dag.py:3823} INFO - Setting next_dagrun for example_branch_operator to 2024-04-03 00:00:00+00:00, run_after=2024-04-04 00:00:00+00:00
[2024-04-04T18:18:44.847+0000] {processor.py:183} INFO - Processing /home/airflow/.local/lib/python3.8/site-packages/airflow/example_dags/example_branch_operator.py took 0.531 seconds
[2024-04-04T18:19:15.343+0000] {processor.py:161} INFO - Started process (PID=46924) to work on /home/airflow/.local/lib/python3.8/site-packages/airflow/example_dags/example_branch_operator.py
[2024-04-04T18:19:15.345+0000] {processor.py:830} INFO - Processing file /home/airflow/.local/lib/python3.8/site-packages/airflow/example_dags/example_branch_operator.py for tasks to queue
[2024-04-04T18:19:15.348+0000] {logging_mixin.py:188} INFO - [2024-04-04T18:19:15.348+0000] {dagbag.py:538} INFO - Filling up the DagBag from /home/airflow/.local/lib/python3.8/site-packages/airflow/example_dags/example_branch_operator.py
[2024-04-04T18:19:15.407+0000] {processor.py:840} INFO - DAG(s) 'example_branch_operator' retrieved from /home/airflow/.local/lib/python3.8/site-packages/airflow/example_dags/example_branch_operator.py
[2024-04-04T18:19:15.487+0000] {logging_mixin.py:188} INFO - [2024-04-04T18:19:15.486+0000] {dag.py:3036} INFO - Sync 1 DAGs
[2024-04-04T18:19:15.548+0000] {logging_mixin.py:188} INFO - [2024-04-04T18:19:15.548+0000] {dag.py:3823} INFO - Setting next_dagrun for example_branch_operator to 2024-04-03 00:00:00+00:00, run_after=2024-04-04 00:00:00+00:00
[2024-04-04T18:19:15.598+0000] {processor.py:183} INFO - Processing /home/airflow/.local/lib/python3.8/site-packages/airflow/example_dags/example_branch_operator.py took 0.264 seconds
[2024-04-04T18:19:46.121+0000] {processor.py:161} INFO - Started process (PID=46984) to work on /home/airflow/.local/lib/python3.8/site-packages/airflow/example_dags/example_branch_operator.py
[2024-04-04T18:19:46.125+0000] {processor.py:830} INFO - Processing file /home/airflow/.local/lib/python3.8/site-packages/airflow/example_dags/example_branch_operator.py for tasks to queue
[2024-04-04T18:19:46.128+0000] {logging_mixin.py:188} INFO - [2024-04-04T18:19:46.127+0000] {dagbag.py:538} INFO - Filling up the DagBag from /home/airflow/.local/lib/python3.8/site-packages/airflow/example_dags/example_branch_operator.py
[2024-04-04T18:19:46.186+0000] {processor.py:840} INFO - DAG(s) 'example_branch_operator' retrieved from /home/airflow/.local/lib/python3.8/site-packages/airflow/example_dags/example_branch_operator.py
[2024-04-04T18:19:46.280+0000] {logging_mixin.py:188} INFO - [2024-04-04T18:19:46.279+0000] {dag.py:3036} INFO - Sync 1 DAGs
[2024-04-04T18:19:46.345+0000] {logging_mixin.py:188} INFO - [2024-04-04T18:19:46.344+0000] {dag.py:3823} INFO - Setting next_dagrun for example_branch_operator to 2024-04-03 00:00:00+00:00, run_after=2024-04-04 00:00:00+00:00
[2024-04-04T18:19:46.398+0000] {processor.py:183} INFO - Processing /home/airflow/.local/lib/python3.8/site-packages/airflow/example_dags/example_branch_operator.py took 0.287 seconds
[2024-04-04T18:20:16.630+0000] {processor.py:161} INFO - Started process (PID=47044) to work on /home/airflow/.local/lib/python3.8/site-packages/airflow/example_dags/example_branch_operator.py
[2024-04-04T18:20:16.636+0000] {processor.py:830} INFO - Processing file /home/airflow/.local/lib/python3.8/site-packages/airflow/example_dags/example_branch_operator.py for tasks to queue
[2024-04-04T18:20:16.643+0000] {logging_mixin.py:188} INFO - [2024-04-04T18:20:16.641+0000] {dagbag.py:538} INFO - Filling up the DagBag from /home/airflow/.local/lib/python3.8/site-packages/airflow/example_dags/example_branch_operator.py
[2024-04-04T18:20:16.766+0000] {processor.py:840} INFO - DAG(s) 'example_branch_operator' retrieved from /home/airflow/.local/lib/python3.8/site-packages/airflow/example_dags/example_branch_operator.py
[2024-04-04T18:20:16.995+0000] {logging_mixin.py:188} INFO - [2024-04-04T18:20:16.993+0000] {dag.py:3036} INFO - Sync 1 DAGs
[2024-04-04T18:20:17.159+0000] {logging_mixin.py:188} INFO - [2024-04-04T18:20:17.158+0000] {dag.py:3823} INFO - Setting next_dagrun for example_branch_operator to 2024-04-03 00:00:00+00:00, run_after=2024-04-04 00:00:00+00:00
[2024-04-04T18:20:17.256+0000] {processor.py:183} INFO - Processing /home/airflow/.local/lib/python3.8/site-packages/airflow/example_dags/example_branch_operator.py took 0.647 seconds
[2024-04-04T18:20:47.609+0000] {processor.py:161} INFO - Started process (PID=47104) to work on /home/airflow/.local/lib/python3.8/site-packages/airflow/example_dags/example_branch_operator.py
[2024-04-04T18:20:47.612+0000] {processor.py:830} INFO - Processing file /home/airflow/.local/lib/python3.8/site-packages/airflow/example_dags/example_branch_operator.py for tasks to queue
[2024-04-04T18:20:47.618+0000] {logging_mixin.py:188} INFO - [2024-04-04T18:20:47.616+0000] {dagbag.py:538} INFO - Filling up the DagBag from /home/airflow/.local/lib/python3.8/site-packages/airflow/example_dags/example_branch_operator.py
[2024-04-04T18:20:47.718+0000] {processor.py:840} INFO - DAG(s) 'example_branch_operator' retrieved from /home/airflow/.local/lib/python3.8/site-packages/airflow/example_dags/example_branch_operator.py
[2024-04-04T18:20:47.871+0000] {logging_mixin.py:188} INFO - [2024-04-04T18:20:47.870+0000] {dag.py:3036} INFO - Sync 1 DAGs
[2024-04-04T18:20:47.984+0000] {logging_mixin.py:188} INFO - [2024-04-04T18:20:47.983+0000] {dag.py:3823} INFO - Setting next_dagrun for example_branch_operator to 2024-04-03 00:00:00+00:00, run_after=2024-04-04 00:00:00+00:00
[2024-04-04T18:20:48.063+0000] {processor.py:183} INFO - Processing /home/airflow/.local/lib/python3.8/site-packages/airflow/example_dags/example_branch_operator.py took 0.470 seconds
[2024-04-04T18:21:18.250+0000] {processor.py:161} INFO - Started process (PID=47164) to work on /home/airflow/.local/lib/python3.8/site-packages/airflow/example_dags/example_branch_operator.py
[2024-04-04T18:21:18.252+0000] {processor.py:830} INFO - Processing file /home/airflow/.local/lib/python3.8/site-packages/airflow/example_dags/example_branch_operator.py for tasks to queue
[2024-04-04T18:21:18.254+0000] {logging_mixin.py:188} INFO - [2024-04-04T18:21:18.254+0000] {dagbag.py:538} INFO - Filling up the DagBag from /home/airflow/.local/lib/python3.8/site-packages/airflow/example_dags/example_branch_operator.py
[2024-04-04T18:21:18.288+0000] {processor.py:840} INFO - DAG(s) 'example_branch_operator' retrieved from /home/airflow/.local/lib/python3.8/site-packages/airflow/example_dags/example_branch_operator.py
[2024-04-04T18:21:18.341+0000] {logging_mixin.py:188} INFO - [2024-04-04T18:21:18.341+0000] {dag.py:3036} INFO - Sync 1 DAGs
[2024-04-04T18:21:18.381+0000] {logging_mixin.py:188} INFO - [2024-04-04T18:21:18.381+0000] {dag.py:3823} INFO - Setting next_dagrun for example_branch_operator to 2024-04-03 00:00:00+00:00, run_after=2024-04-04 00:00:00+00:00
[2024-04-04T18:21:18.425+0000] {processor.py:183} INFO - Processing /home/airflow/.local/lib/python3.8/site-packages/airflow/example_dags/example_branch_operator.py took 0.181 seconds
[2024-04-04T18:21:48.635+0000] {processor.py:161} INFO - Started process (PID=47224) to work on /home/airflow/.local/lib/python3.8/site-packages/airflow/example_dags/example_branch_operator.py
[2024-04-04T18:21:48.638+0000] {processor.py:830} INFO - Processing file /home/airflow/.local/lib/python3.8/site-packages/airflow/example_dags/example_branch_operator.py for tasks to queue
[2024-04-04T18:21:48.641+0000] {logging_mixin.py:188} INFO - [2024-04-04T18:21:48.641+0000] {dagbag.py:538} INFO - Filling up the DagBag from /home/airflow/.local/lib/python3.8/site-packages/airflow/example_dags/example_branch_operator.py
[2024-04-04T18:21:48.704+0000] {processor.py:840} INFO - DAG(s) 'example_branch_operator' retrieved from /home/airflow/.local/lib/python3.8/site-packages/airflow/example_dags/example_branch_operator.py
[2024-04-04T18:21:48.830+0000] {logging_mixin.py:188} INFO - [2024-04-04T18:21:48.829+0000] {dag.py:3036} INFO - Sync 1 DAGs
[2024-04-04T18:21:48.910+0000] {logging_mixin.py:188} INFO - [2024-04-04T18:21:48.909+0000] {dag.py:3823} INFO - Setting next_dagrun for example_branch_operator to 2024-04-03 00:00:00+00:00, run_after=2024-04-04 00:00:00+00:00
[2024-04-04T18:21:48.972+0000] {processor.py:183} INFO - Processing /home/airflow/.local/lib/python3.8/site-packages/airflow/example_dags/example_branch_operator.py took 0.352 seconds
[2024-04-04T18:22:19.192+0000] {processor.py:161} INFO - Started process (PID=47283) to work on /home/airflow/.local/lib/python3.8/site-packages/airflow/example_dags/example_branch_operator.py
[2024-04-04T18:22:19.195+0000] {processor.py:830} INFO - Processing file /home/airflow/.local/lib/python3.8/site-packages/airflow/example_dags/example_branch_operator.py for tasks to queue
[2024-04-04T18:22:19.199+0000] {logging_mixin.py:188} INFO - [2024-04-04T18:22:19.198+0000] {dagbag.py:538} INFO - Filling up the DagBag from /home/airflow/.local/lib/python3.8/site-packages/airflow/example_dags/example_branch_operator.py
[2024-04-04T18:22:19.266+0000] {processor.py:840} INFO - DAG(s) 'example_branch_operator' retrieved from /home/airflow/.local/lib/python3.8/site-packages/airflow/example_dags/example_branch_operator.py
[2024-04-04T18:22:19.367+0000] {logging_mixin.py:188} INFO - [2024-04-04T18:22:19.367+0000] {dag.py:3036} INFO - Sync 1 DAGs
[2024-04-04T18:22:19.443+0000] {logging_mixin.py:188} INFO - [2024-04-04T18:22:19.443+0000] {dag.py:3823} INFO - Setting next_dagrun for example_branch_operator to 2024-04-03 00:00:00+00:00, run_after=2024-04-04 00:00:00+00:00
[2024-04-04T18:22:19.513+0000] {processor.py:183} INFO - Processing /home/airflow/.local/lib/python3.8/site-packages/airflow/example_dags/example_branch_operator.py took 0.333 seconds
[2024-04-04T18:22:50.043+0000] {processor.py:161} INFO - Started process (PID=47343) to work on /home/airflow/.local/lib/python3.8/site-packages/airflow/example_dags/example_branch_operator.py
[2024-04-04T18:22:50.050+0000] {processor.py:830} INFO - Processing file /home/airflow/.local/lib/python3.8/site-packages/airflow/example_dags/example_branch_operator.py for tasks to queue
[2024-04-04T18:22:50.055+0000] {logging_mixin.py:188} INFO - [2024-04-04T18:22:50.054+0000] {dagbag.py:538} INFO - Filling up the DagBag from /home/airflow/.local/lib/python3.8/site-packages/airflow/example_dags/example_branch_operator.py
[2024-04-04T18:22:50.186+0000] {processor.py:840} INFO - DAG(s) 'example_branch_operator' retrieved from /home/airflow/.local/lib/python3.8/site-packages/airflow/example_dags/example_branch_operator.py
[2024-04-04T18:22:50.362+0000] {logging_mixin.py:188} INFO - [2024-04-04T18:22:50.361+0000] {dag.py:3036} INFO - Sync 1 DAGs
[2024-04-04T18:22:50.471+0000] {logging_mixin.py:188} INFO - [2024-04-04T18:22:50.470+0000] {dag.py:3823} INFO - Setting next_dagrun for example_branch_operator to 2024-04-03 00:00:00+00:00, run_after=2024-04-04 00:00:00+00:00
[2024-04-04T18:22:50.574+0000] {processor.py:183} INFO - Processing /home/airflow/.local/lib/python3.8/site-packages/airflow/example_dags/example_branch_operator.py took 0.555 seconds
[2024-04-04T18:23:20.918+0000] {processor.py:161} INFO - Started process (PID=47403) to work on /home/airflow/.local/lib/python3.8/site-packages/airflow/example_dags/example_branch_operator.py
[2024-04-04T18:23:20.920+0000] {processor.py:830} INFO - Processing file /home/airflow/.local/lib/python3.8/site-packages/airflow/example_dags/example_branch_operator.py for tasks to queue
[2024-04-04T18:23:20.922+0000] {logging_mixin.py:188} INFO - [2024-04-04T18:23:20.921+0000] {dagbag.py:538} INFO - Filling up the DagBag from /home/airflow/.local/lib/python3.8/site-packages/airflow/example_dags/example_branch_operator.py
[2024-04-04T18:23:20.956+0000] {processor.py:840} INFO - DAG(s) 'example_branch_operator' retrieved from /home/airflow/.local/lib/python3.8/site-packages/airflow/example_dags/example_branch_operator.py
[2024-04-04T18:23:21.010+0000] {logging_mixin.py:188} INFO - [2024-04-04T18:23:21.010+0000] {dag.py:3036} INFO - Sync 1 DAGs
[2024-04-04T18:23:21.049+0000] {logging_mixin.py:188} INFO - [2024-04-04T18:23:21.049+0000] {dag.py:3823} INFO - Setting next_dagrun for example_branch_operator to 2024-04-03 00:00:00+00:00, run_after=2024-04-04 00:00:00+00:00
[2024-04-04T18:23:21.085+0000] {processor.py:183} INFO - Processing /home/airflow/.local/lib/python3.8/site-packages/airflow/example_dags/example_branch_operator.py took 0.172 seconds
[2024-04-04T18:23:51.353+0000] {processor.py:161} INFO - Started process (PID=47463) to work on /home/airflow/.local/lib/python3.8/site-packages/airflow/example_dags/example_branch_operator.py
[2024-04-04T18:23:51.355+0000] {processor.py:830} INFO - Processing file /home/airflow/.local/lib/python3.8/site-packages/airflow/example_dags/example_branch_operator.py for tasks to queue
[2024-04-04T18:23:51.357+0000] {logging_mixin.py:188} INFO - [2024-04-04T18:23:51.357+0000] {dagbag.py:538} INFO - Filling up the DagBag from /home/airflow/.local/lib/python3.8/site-packages/airflow/example_dags/example_branch_operator.py
[2024-04-04T18:23:51.396+0000] {processor.py:840} INFO - DAG(s) 'example_branch_operator' retrieved from /home/airflow/.local/lib/python3.8/site-packages/airflow/example_dags/example_branch_operator.py
[2024-04-04T18:23:51.483+0000] {logging_mixin.py:188} INFO - [2024-04-04T18:23:51.482+0000] {dag.py:3036} INFO - Sync 1 DAGs
[2024-04-04T18:23:51.553+0000] {logging_mixin.py:188} INFO - [2024-04-04T18:23:51.552+0000] {dag.py:3823} INFO - Setting next_dagrun for example_branch_operator to 2024-04-03 00:00:00+00:00, run_after=2024-04-04 00:00:00+00:00
[2024-04-04T18:23:51.613+0000] {processor.py:183} INFO - Processing /home/airflow/.local/lib/python3.8/site-packages/airflow/example_dags/example_branch_operator.py took 0.266 seconds
[2024-04-04T19:14:48.797+0000] {processor.py:161} INFO - Started process (PID=47511) to work on /home/airflow/.local/lib/python3.8/site-packages/airflow/example_dags/example_branch_operator.py
[2024-04-04T19:14:48.805+0000] {processor.py:830} INFO - Processing file /home/airflow/.local/lib/python3.8/site-packages/airflow/example_dags/example_branch_operator.py for tasks to queue
[2024-04-04T19:14:48.811+0000] {logging_mixin.py:188} INFO - [2024-04-04T19:14:48.810+0000] {dagbag.py:538} INFO - Filling up the DagBag from /home/airflow/.local/lib/python3.8/site-packages/airflow/example_dags/example_branch_operator.py
[2024-04-04T19:14:48.946+0000] {processor.py:840} INFO - DAG(s) 'example_branch_operator' retrieved from /home/airflow/.local/lib/python3.8/site-packages/airflow/example_dags/example_branch_operator.py
[2024-04-04T19:14:49.133+0000] {logging_mixin.py:188} INFO - [2024-04-04T19:14:49.132+0000] {dag.py:3036} INFO - Sync 1 DAGs
[2024-04-04T19:14:49.299+0000] {logging_mixin.py:188} INFO - [2024-04-04T19:14:49.297+0000] {dag.py:3823} INFO - Setting next_dagrun for example_branch_operator to 2024-04-03 00:00:00+00:00, run_after=2024-04-04 00:00:00+00:00
[2024-04-04T19:14:49.428+0000] {processor.py:183} INFO - Processing /home/airflow/.local/lib/python3.8/site-packages/airflow/example_dags/example_branch_operator.py took 0.651 seconds
[2024-04-04T19:15:20.327+0000] {processor.py:161} INFO - Started process (PID=47571) to work on /home/airflow/.local/lib/python3.8/site-packages/airflow/example_dags/example_branch_operator.py
[2024-04-04T19:15:20.334+0000] {processor.py:830} INFO - Processing file /home/airflow/.local/lib/python3.8/site-packages/airflow/example_dags/example_branch_operator.py for tasks to queue
[2024-04-04T19:15:20.342+0000] {logging_mixin.py:188} INFO - [2024-04-04T19:15:20.340+0000] {dagbag.py:538} INFO - Filling up the DagBag from /home/airflow/.local/lib/python3.8/site-packages/airflow/example_dags/example_branch_operator.py
[2024-04-04T19:15:20.536+0000] {processor.py:840} INFO - DAG(s) 'example_branch_operator' retrieved from /home/airflow/.local/lib/python3.8/site-packages/airflow/example_dags/example_branch_operator.py
[2024-04-04T19:15:20.956+0000] {logging_mixin.py:188} INFO - [2024-04-04T19:15:20.954+0000] {dag.py:3036} INFO - Sync 1 DAGs
[2024-04-04T19:15:21.180+0000] {logging_mixin.py:188} INFO - [2024-04-04T19:15:21.178+0000] {dag.py:3823} INFO - Setting next_dagrun for example_branch_operator to 2024-04-03 00:00:00+00:00, run_after=2024-04-04 00:00:00+00:00
[2024-04-04T19:15:21.342+0000] {processor.py:183} INFO - Processing /home/airflow/.local/lib/python3.8/site-packages/airflow/example_dags/example_branch_operator.py took 1.041 seconds
[2024-04-04T23:15:05.462+0000] {processor.py:161} INFO - Started process (PID=47669) to work on /home/airflow/.local/lib/python3.8/site-packages/airflow/example_dags/example_branch_operator.py
[2024-04-04T23:15:05.470+0000] {processor.py:830} INFO - Processing file /home/airflow/.local/lib/python3.8/site-packages/airflow/example_dags/example_branch_operator.py for tasks to queue
[2024-04-04T23:15:05.490+0000] {logging_mixin.py:188} INFO - [2024-04-04T23:15:05.487+0000] {dagbag.py:538} INFO - Filling up the DagBag from /home/airflow/.local/lib/python3.8/site-packages/airflow/example_dags/example_branch_operator.py
[2024-04-04T23:15:05.913+0000] {processor.py:840} INFO - DAG(s) 'example_branch_operator' retrieved from /home/airflow/.local/lib/python3.8/site-packages/airflow/example_dags/example_branch_operator.py
[2024-04-04T23:15:06.842+0000] {logging_mixin.py:188} INFO - [2024-04-04T23:15:06.840+0000] {dag.py:3036} INFO - Sync 1 DAGs
[2024-04-04T23:15:07.543+0000] {logging_mixin.py:188} INFO - [2024-04-04T23:15:07.530+0000] {dag.py:3823} INFO - Setting next_dagrun for example_branch_operator to 2024-04-03 00:00:00+00:00, run_after=2024-04-04 00:00:00+00:00
[2024-04-04T23:15:09.876+0000] {processor.py:183} INFO - Processing /home/airflow/.local/lib/python3.8/site-packages/airflow/example_dags/example_branch_operator.py took 4.474 seconds
[2024-04-04T23:15:45.238+0000] {processor.py:161} INFO - Started process (PID=47735) to work on /home/airflow/.local/lib/python3.8/site-packages/airflow/example_dags/example_branch_operator.py
[2024-04-04T23:15:45.245+0000] {processor.py:830} INFO - Processing file /home/airflow/.local/lib/python3.8/site-packages/airflow/example_dags/example_branch_operator.py for tasks to queue
[2024-04-04T23:15:45.251+0000] {logging_mixin.py:188} INFO - [2024-04-04T23:15:45.249+0000] {dagbag.py:538} INFO - Filling up the DagBag from /home/airflow/.local/lib/python3.8/site-packages/airflow/example_dags/example_branch_operator.py
[2024-04-04T23:15:45.382+0000] {processor.py:840} INFO - DAG(s) 'example_branch_operator' retrieved from /home/airflow/.local/lib/python3.8/site-packages/airflow/example_dags/example_branch_operator.py
[2024-04-04T23:15:45.659+0000] {logging_mixin.py:188} INFO - [2024-04-04T23:15:45.657+0000] {dag.py:3036} INFO - Sync 1 DAGs
[2024-04-04T23:15:45.915+0000] {logging_mixin.py:188} INFO - [2024-04-04T23:15:45.913+0000] {dag.py:3823} INFO - Setting next_dagrun for example_branch_operator to 2024-04-03 00:00:00+00:00, run_after=2024-04-04 00:00:00+00:00
[2024-04-04T23:15:46.120+0000] {processor.py:183} INFO - Processing /home/airflow/.local/lib/python3.8/site-packages/airflow/example_dags/example_branch_operator.py took 0.904 seconds
[2024-04-04T23:16:16.626+0000] {processor.py:161} INFO - Started process (PID=47795) to work on /home/airflow/.local/lib/python3.8/site-packages/airflow/example_dags/example_branch_operator.py
[2024-04-04T23:16:16.631+0000] {processor.py:830} INFO - Processing file /home/airflow/.local/lib/python3.8/site-packages/airflow/example_dags/example_branch_operator.py for tasks to queue
[2024-04-04T23:16:16.636+0000] {logging_mixin.py:188} INFO - [2024-04-04T23:16:16.635+0000] {dagbag.py:538} INFO - Filling up the DagBag from /home/airflow/.local/lib/python3.8/site-packages/airflow/example_dags/example_branch_operator.py
[2024-04-04T23:16:16.733+0000] {processor.py:840} INFO - DAG(s) 'example_branch_operator' retrieved from /home/airflow/.local/lib/python3.8/site-packages/airflow/example_dags/example_branch_operator.py
[2024-04-04T23:16:16.872+0000] {logging_mixin.py:188} INFO - [2024-04-04T23:16:16.871+0000] {dag.py:3036} INFO - Sync 1 DAGs
[2024-04-04T23:16:16.976+0000] {logging_mixin.py:188} INFO - [2024-04-04T23:16:16.975+0000] {dag.py:3823} INFO - Setting next_dagrun for example_branch_operator to 2024-04-03 00:00:00+00:00, run_after=2024-04-04 00:00:00+00:00
[2024-04-04T23:16:17.061+0000] {processor.py:183} INFO - Processing /home/airflow/.local/lib/python3.8/site-packages/airflow/example_dags/example_branch_operator.py took 0.453 seconds
[2024-04-04T23:16:47.852+0000] {processor.py:161} INFO - Started process (PID=47855) to work on /home/airflow/.local/lib/python3.8/site-packages/airflow/example_dags/example_branch_operator.py
[2024-04-04T23:16:47.854+0000] {processor.py:830} INFO - Processing file /home/airflow/.local/lib/python3.8/site-packages/airflow/example_dags/example_branch_operator.py for tasks to queue
[2024-04-04T23:16:47.857+0000] {logging_mixin.py:188} INFO - [2024-04-04T23:16:47.856+0000] {dagbag.py:538} INFO - Filling up the DagBag from /home/airflow/.local/lib/python3.8/site-packages/airflow/example_dags/example_branch_operator.py
[2024-04-04T23:16:47.898+0000] {processor.py:840} INFO - DAG(s) 'example_branch_operator' retrieved from /home/airflow/.local/lib/python3.8/site-packages/airflow/example_dags/example_branch_operator.py
[2024-04-04T23:16:47.970+0000] {logging_mixin.py:188} INFO - [2024-04-04T23:16:47.969+0000] {dag.py:3036} INFO - Sync 1 DAGs
[2024-04-04T23:16:48.016+0000] {logging_mixin.py:188} INFO - [2024-04-04T23:16:48.016+0000] {dag.py:3823} INFO - Setting next_dagrun for example_branch_operator to 2024-04-03 00:00:00+00:00, run_after=2024-04-04 00:00:00+00:00
[2024-04-04T23:16:48.067+0000] {processor.py:183} INFO - Processing /home/airflow/.local/lib/python3.8/site-packages/airflow/example_dags/example_branch_operator.py took 0.222 seconds
[2024-04-04T23:17:18.328+0000] {processor.py:161} INFO - Started process (PID=47914) to work on /home/airflow/.local/lib/python3.8/site-packages/airflow/example_dags/example_branch_operator.py
[2024-04-04T23:17:18.330+0000] {processor.py:830} INFO - Processing file /home/airflow/.local/lib/python3.8/site-packages/airflow/example_dags/example_branch_operator.py for tasks to queue
[2024-04-04T23:17:18.332+0000] {logging_mixin.py:188} INFO - [2024-04-04T23:17:18.331+0000] {dagbag.py:538} INFO - Filling up the DagBag from /home/airflow/.local/lib/python3.8/site-packages/airflow/example_dags/example_branch_operator.py
[2024-04-04T23:17:18.370+0000] {processor.py:840} INFO - DAG(s) 'example_branch_operator' retrieved from /home/airflow/.local/lib/python3.8/site-packages/airflow/example_dags/example_branch_operator.py
[2024-04-04T23:17:18.429+0000] {logging_mixin.py:188} INFO - [2024-04-04T23:17:18.429+0000] {dag.py:3036} INFO - Sync 1 DAGs
[2024-04-04T23:17:18.476+0000] {logging_mixin.py:188} INFO - [2024-04-04T23:17:18.475+0000] {dag.py:3823} INFO - Setting next_dagrun for example_branch_operator to 2024-04-03 00:00:00+00:00, run_after=2024-04-04 00:00:00+00:00
[2024-04-04T23:17:18.513+0000] {processor.py:183} INFO - Processing /home/airflow/.local/lib/python3.8/site-packages/airflow/example_dags/example_branch_operator.py took 0.192 seconds
[2024-04-04T23:17:48.818+0000] {processor.py:161} INFO - Started process (PID=47974) to work on /home/airflow/.local/lib/python3.8/site-packages/airflow/example_dags/example_branch_operator.py
[2024-04-04T23:17:48.821+0000] {processor.py:830} INFO - Processing file /home/airflow/.local/lib/python3.8/site-packages/airflow/example_dags/example_branch_operator.py for tasks to queue
[2024-04-04T23:17:48.824+0000] {logging_mixin.py:188} INFO - [2024-04-04T23:17:48.823+0000] {dagbag.py:538} INFO - Filling up the DagBag from /home/airflow/.local/lib/python3.8/site-packages/airflow/example_dags/example_branch_operator.py
[2024-04-04T23:17:48.880+0000] {processor.py:840} INFO - DAG(s) 'example_branch_operator' retrieved from /home/airflow/.local/lib/python3.8/site-packages/airflow/example_dags/example_branch_operator.py
[2024-04-04T23:17:48.965+0000] {logging_mixin.py:188} INFO - [2024-04-04T23:17:48.964+0000] {dag.py:3036} INFO - Sync 1 DAGs
[2024-04-04T23:17:49.028+0000] {logging_mixin.py:188} INFO - [2024-04-04T23:17:49.027+0000] {dag.py:3823} INFO - Setting next_dagrun for example_branch_operator to 2024-04-03 00:00:00+00:00, run_after=2024-04-04 00:00:00+00:00
[2024-04-04T23:17:49.083+0000] {processor.py:183} INFO - Processing /home/airflow/.local/lib/python3.8/site-packages/airflow/example_dags/example_branch_operator.py took 0.274 seconds
[2024-04-04T23:18:19.837+0000] {processor.py:161} INFO - Started process (PID=48034) to work on /home/airflow/.local/lib/python3.8/site-packages/airflow/example_dags/example_branch_operator.py
[2024-04-04T23:18:19.843+0000] {processor.py:830} INFO - Processing file /home/airflow/.local/lib/python3.8/site-packages/airflow/example_dags/example_branch_operator.py for tasks to queue
[2024-04-04T23:18:19.850+0000] {logging_mixin.py:188} INFO - [2024-04-04T23:18:19.848+0000] {dagbag.py:538} INFO - Filling up the DagBag from /home/airflow/.local/lib/python3.8/site-packages/airflow/example_dags/example_branch_operator.py
[2024-04-04T23:18:20.002+0000] {processor.py:840} INFO - DAG(s) 'example_branch_operator' retrieved from /home/airflow/.local/lib/python3.8/site-packages/airflow/example_dags/example_branch_operator.py
[2024-04-04T23:18:20.176+0000] {logging_mixin.py:188} INFO - [2024-04-04T23:18:20.174+0000] {dag.py:3036} INFO - Sync 1 DAGs
[2024-04-04T23:18:20.317+0000] {logging_mixin.py:188} INFO - [2024-04-04T23:18:20.315+0000] {dag.py:3823} INFO - Setting next_dagrun for example_branch_operator to 2024-04-03 00:00:00+00:00, run_after=2024-04-04 00:00:00+00:00
[2024-04-04T23:18:20.425+0000] {processor.py:183} INFO - Processing /home/airflow/.local/lib/python3.8/site-packages/airflow/example_dags/example_branch_operator.py took 0.612 seconds
[2024-04-04T23:18:50.665+0000] {processor.py:161} INFO - Started process (PID=48096) to work on /home/airflow/.local/lib/python3.8/site-packages/airflow/example_dags/example_branch_operator.py
[2024-04-04T23:18:50.668+0000] {processor.py:830} INFO - Processing file /home/airflow/.local/lib/python3.8/site-packages/airflow/example_dags/example_branch_operator.py for tasks to queue
[2024-04-04T23:18:50.671+0000] {logging_mixin.py:188} INFO - [2024-04-04T23:18:50.670+0000] {dagbag.py:538} INFO - Filling up the DagBag from /home/airflow/.local/lib/python3.8/site-packages/airflow/example_dags/example_branch_operator.py
[2024-04-04T23:18:50.713+0000] {processor.py:840} INFO - DAG(s) 'example_branch_operator' retrieved from /home/airflow/.local/lib/python3.8/site-packages/airflow/example_dags/example_branch_operator.py
[2024-04-04T23:18:50.781+0000] {logging_mixin.py:188} INFO - [2024-04-04T23:18:50.780+0000] {dag.py:3036} INFO - Sync 1 DAGs
[2024-04-04T23:18:50.827+0000] {logging_mixin.py:188} INFO - [2024-04-04T23:18:50.826+0000] {dag.py:3823} INFO - Setting next_dagrun for example_branch_operator to 2024-04-03 00:00:00+00:00, run_after=2024-04-04 00:00:00+00:00
[2024-04-04T23:18:50.885+0000] {processor.py:183} INFO - Processing /home/airflow/.local/lib/python3.8/site-packages/airflow/example_dags/example_branch_operator.py took 0.227 seconds
[2024-04-04T23:19:21.191+0000] {processor.py:161} INFO - Started process (PID=48156) to work on /home/airflow/.local/lib/python3.8/site-packages/airflow/example_dags/example_branch_operator.py
[2024-04-04T23:19:21.193+0000] {processor.py:830} INFO - Processing file /home/airflow/.local/lib/python3.8/site-packages/airflow/example_dags/example_branch_operator.py for tasks to queue
[2024-04-04T23:19:21.195+0000] {logging_mixin.py:188} INFO - [2024-04-04T23:19:21.195+0000] {dagbag.py:538} INFO - Filling up the DagBag from /home/airflow/.local/lib/python3.8/site-packages/airflow/example_dags/example_branch_operator.py
[2024-04-04T23:19:21.247+0000] {processor.py:840} INFO - DAG(s) 'example_branch_operator' retrieved from /home/airflow/.local/lib/python3.8/site-packages/airflow/example_dags/example_branch_operator.py
[2024-04-04T23:19:21.319+0000] {logging_mixin.py:188} INFO - [2024-04-04T23:19:21.319+0000] {dag.py:3036} INFO - Sync 1 DAGs
[2024-04-04T23:19:21.368+0000] {logging_mixin.py:188} INFO - [2024-04-04T23:19:21.368+0000] {dag.py:3823} INFO - Setting next_dagrun for example_branch_operator to 2024-04-03 00:00:00+00:00, run_after=2024-04-04 00:00:00+00:00
[2024-04-04T23:19:21.412+0000] {processor.py:183} INFO - Processing /home/airflow/.local/lib/python3.8/site-packages/airflow/example_dags/example_branch_operator.py took 0.230 seconds
[2024-04-04T23:19:51.635+0000] {processor.py:161} INFO - Started process (PID=48216) to work on /home/airflow/.local/lib/python3.8/site-packages/airflow/example_dags/example_branch_operator.py
[2024-04-04T23:19:51.639+0000] {processor.py:830} INFO - Processing file /home/airflow/.local/lib/python3.8/site-packages/airflow/example_dags/example_branch_operator.py for tasks to queue
[2024-04-04T23:19:51.642+0000] {logging_mixin.py:188} INFO - [2024-04-04T23:19:51.641+0000] {dagbag.py:538} INFO - Filling up the DagBag from /home/airflow/.local/lib/python3.8/site-packages/airflow/example_dags/example_branch_operator.py
[2024-04-04T23:19:51.709+0000] {processor.py:840} INFO - DAG(s) 'example_branch_operator' retrieved from /home/airflow/.local/lib/python3.8/site-packages/airflow/example_dags/example_branch_operator.py
[2024-04-04T23:19:51.810+0000] {logging_mixin.py:188} INFO - [2024-04-04T23:19:51.810+0000] {dag.py:3036} INFO - Sync 1 DAGs
[2024-04-04T23:19:51.879+0000] {logging_mixin.py:188} INFO - [2024-04-04T23:19:51.878+0000] {dag.py:3823} INFO - Setting next_dagrun for example_branch_operator to 2024-04-03 00:00:00+00:00, run_after=2024-04-04 00:00:00+00:00
[2024-04-04T23:19:51.943+0000] {processor.py:183} INFO - Processing /home/airflow/.local/lib/python3.8/site-packages/airflow/example_dags/example_branch_operator.py took 0.319 seconds
[2024-04-04T23:20:22.521+0000] {processor.py:161} INFO - Started process (PID=48276) to work on /home/airflow/.local/lib/python3.8/site-packages/airflow/example_dags/example_branch_operator.py
[2024-04-04T23:20:22.529+0000] {processor.py:830} INFO - Processing file /home/airflow/.local/lib/python3.8/site-packages/airflow/example_dags/example_branch_operator.py for tasks to queue
[2024-04-04T23:20:22.537+0000] {logging_mixin.py:188} INFO - [2024-04-04T23:20:22.535+0000] {dagbag.py:538} INFO - Filling up the DagBag from /home/airflow/.local/lib/python3.8/site-packages/airflow/example_dags/example_branch_operator.py
[2024-04-04T23:20:22.684+0000] {processor.py:840} INFO - DAG(s) 'example_branch_operator' retrieved from /home/airflow/.local/lib/python3.8/site-packages/airflow/example_dags/example_branch_operator.py
[2024-04-04T23:20:22.864+0000] {logging_mixin.py:188} INFO - [2024-04-04T23:20:22.863+0000] {dag.py:3036} INFO - Sync 1 DAGs
[2024-04-04T23:20:22.968+0000] {logging_mixin.py:188} INFO - [2024-04-04T23:20:22.967+0000] {dag.py:3823} INFO - Setting next_dagrun for example_branch_operator to 2024-04-03 00:00:00+00:00, run_after=2024-04-04 00:00:00+00:00
[2024-04-04T23:20:23.078+0000] {processor.py:183} INFO - Processing /home/airflow/.local/lib/python3.8/site-packages/airflow/example_dags/example_branch_operator.py took 0.607 seconds
[2024-04-04T23:20:53.325+0000] {processor.py:161} INFO - Started process (PID=48336) to work on /home/airflow/.local/lib/python3.8/site-packages/airflow/example_dags/example_branch_operator.py
[2024-04-04T23:20:53.327+0000] {processor.py:830} INFO - Processing file /home/airflow/.local/lib/python3.8/site-packages/airflow/example_dags/example_branch_operator.py for tasks to queue
[2024-04-04T23:20:53.330+0000] {logging_mixin.py:188} INFO - [2024-04-04T23:20:53.329+0000] {dagbag.py:538} INFO - Filling up the DagBag from /home/airflow/.local/lib/python3.8/site-packages/airflow/example_dags/example_branch_operator.py
[2024-04-04T23:20:53.393+0000] {processor.py:840} INFO - DAG(s) 'example_branch_operator' retrieved from /home/airflow/.local/lib/python3.8/site-packages/airflow/example_dags/example_branch_operator.py
[2024-04-04T23:20:53.495+0000] {logging_mixin.py:188} INFO - [2024-04-04T23:20:53.494+0000] {dag.py:3036} INFO - Sync 1 DAGs
[2024-04-04T23:20:53.565+0000] {logging_mixin.py:188} INFO - [2024-04-04T23:20:53.565+0000] {dag.py:3823} INFO - Setting next_dagrun for example_branch_operator to 2024-04-03 00:00:00+00:00, run_after=2024-04-04 00:00:00+00:00
[2024-04-04T23:20:53.642+0000] {processor.py:183} INFO - Processing /home/airflow/.local/lib/python3.8/site-packages/airflow/example_dags/example_branch_operator.py took 0.326 seconds
[2024-04-04T23:21:24.441+0000] {processor.py:161} INFO - Started process (PID=48396) to work on /home/airflow/.local/lib/python3.8/site-packages/airflow/example_dags/example_branch_operator.py
[2024-04-04T23:21:24.443+0000] {processor.py:830} INFO - Processing file /home/airflow/.local/lib/python3.8/site-packages/airflow/example_dags/example_branch_operator.py for tasks to queue
[2024-04-04T23:21:24.446+0000] {logging_mixin.py:188} INFO - [2024-04-04T23:21:24.445+0000] {dagbag.py:538} INFO - Filling up the DagBag from /home/airflow/.local/lib/python3.8/site-packages/airflow/example_dags/example_branch_operator.py
[2024-04-04T23:21:24.487+0000] {processor.py:840} INFO - DAG(s) 'example_branch_operator' retrieved from /home/airflow/.local/lib/python3.8/site-packages/airflow/example_dags/example_branch_operator.py
[2024-04-04T23:21:24.552+0000] {logging_mixin.py:188} INFO - [2024-04-04T23:21:24.552+0000] {dag.py:3036} INFO - Sync 1 DAGs
[2024-04-04T23:21:24.598+0000] {logging_mixin.py:188} INFO - [2024-04-04T23:21:24.598+0000] {dag.py:3823} INFO - Setting next_dagrun for example_branch_operator to 2024-04-03 00:00:00+00:00, run_after=2024-04-04 00:00:00+00:00
[2024-04-04T23:21:24.659+0000] {processor.py:183} INFO - Processing /home/airflow/.local/lib/python3.8/site-packages/airflow/example_dags/example_branch_operator.py took 0.225 seconds
[2024-04-04T23:21:55.379+0000] {processor.py:161} INFO - Started process (PID=48456) to work on /home/airflow/.local/lib/python3.8/site-packages/airflow/example_dags/example_branch_operator.py
[2024-04-04T23:21:55.382+0000] {processor.py:830} INFO - Processing file /home/airflow/.local/lib/python3.8/site-packages/airflow/example_dags/example_branch_operator.py for tasks to queue
[2024-04-04T23:21:55.384+0000] {logging_mixin.py:188} INFO - [2024-04-04T23:21:55.384+0000] {dagbag.py:538} INFO - Filling up the DagBag from /home/airflow/.local/lib/python3.8/site-packages/airflow/example_dags/example_branch_operator.py
[2024-04-04T23:21:55.436+0000] {processor.py:840} INFO - DAG(s) 'example_branch_operator' retrieved from /home/airflow/.local/lib/python3.8/site-packages/airflow/example_dags/example_branch_operator.py
[2024-04-04T23:21:55.521+0000] {logging_mixin.py:188} INFO - [2024-04-04T23:21:55.520+0000] {dag.py:3036} INFO - Sync 1 DAGs
[2024-04-04T23:21:55.579+0000] {logging_mixin.py:188} INFO - [2024-04-04T23:21:55.578+0000] {dag.py:3823} INFO - Setting next_dagrun for example_branch_operator to 2024-04-03 00:00:00+00:00, run_after=2024-04-04 00:00:00+00:00
[2024-04-04T23:21:55.632+0000] {processor.py:183} INFO - Processing /home/airflow/.local/lib/python3.8/site-packages/airflow/example_dags/example_branch_operator.py took 0.262 seconds
[2024-04-04T23:22:25.983+0000] {processor.py:161} INFO - Started process (PID=48515) to work on /home/airflow/.local/lib/python3.8/site-packages/airflow/example_dags/example_branch_operator.py
[2024-04-04T23:22:25.988+0000] {processor.py:830} INFO - Processing file /home/airflow/.local/lib/python3.8/site-packages/airflow/example_dags/example_branch_operator.py for tasks to queue
[2024-04-04T23:22:25.993+0000] {logging_mixin.py:188} INFO - [2024-04-04T23:22:25.991+0000] {dagbag.py:538} INFO - Filling up the DagBag from /home/airflow/.local/lib/python3.8/site-packages/airflow/example_dags/example_branch_operator.py
[2024-04-04T23:22:26.104+0000] {processor.py:840} INFO - DAG(s) 'example_branch_operator' retrieved from /home/airflow/.local/lib/python3.8/site-packages/airflow/example_dags/example_branch_operator.py
[2024-04-04T23:22:26.299+0000] {logging_mixin.py:188} INFO - [2024-04-04T23:22:26.297+0000] {dag.py:3036} INFO - Sync 1 DAGs
[2024-04-04T23:22:26.451+0000] {logging_mixin.py:188} INFO - [2024-04-04T23:22:26.449+0000] {dag.py:3823} INFO - Setting next_dagrun for example_branch_operator to 2024-04-03 00:00:00+00:00, run_after=2024-04-04 00:00:00+00:00
[2024-04-04T23:22:26.670+0000] {processor.py:183} INFO - Processing /home/airflow/.local/lib/python3.8/site-packages/airflow/example_dags/example_branch_operator.py took 0.710 seconds
[2024-04-04T23:22:57.777+0000] {processor.py:161} INFO - Started process (PID=48575) to work on /home/airflow/.local/lib/python3.8/site-packages/airflow/example_dags/example_branch_operator.py
[2024-04-04T23:22:57.781+0000] {processor.py:830} INFO - Processing file /home/airflow/.local/lib/python3.8/site-packages/airflow/example_dags/example_branch_operator.py for tasks to queue
[2024-04-04T23:22:57.787+0000] {logging_mixin.py:188} INFO - [2024-04-04T23:22:57.785+0000] {dagbag.py:538} INFO - Filling up the DagBag from /home/airflow/.local/lib/python3.8/site-packages/airflow/example_dags/example_branch_operator.py
[2024-04-04T23:22:57.917+0000] {processor.py:840} INFO - DAG(s) 'example_branch_operator' retrieved from /home/airflow/.local/lib/python3.8/site-packages/airflow/example_dags/example_branch_operator.py
[2024-04-04T23:22:58.084+0000] {logging_mixin.py:188} INFO - [2024-04-04T23:22:58.082+0000] {dag.py:3036} INFO - Sync 1 DAGs
[2024-04-04T23:22:58.249+0000] {logging_mixin.py:188} INFO - [2024-04-04T23:22:58.247+0000] {dag.py:3823} INFO - Setting next_dagrun for example_branch_operator to 2024-04-03 00:00:00+00:00, run_after=2024-04-04 00:00:00+00:00
[2024-04-04T23:22:58.372+0000] {processor.py:183} INFO - Processing /home/airflow/.local/lib/python3.8/site-packages/airflow/example_dags/example_branch_operator.py took 0.609 seconds
[2024-04-04T23:23:28.996+0000] {processor.py:161} INFO - Started process (PID=48635) to work on /home/airflow/.local/lib/python3.8/site-packages/airflow/example_dags/example_branch_operator.py
[2024-04-04T23:23:28.999+0000] {processor.py:830} INFO - Processing file /home/airflow/.local/lib/python3.8/site-packages/airflow/example_dags/example_branch_operator.py for tasks to queue
[2024-04-04T23:23:29.001+0000] {logging_mixin.py:188} INFO - [2024-04-04T23:23:29.001+0000] {dagbag.py:538} INFO - Filling up the DagBag from /home/airflow/.local/lib/python3.8/site-packages/airflow/example_dags/example_branch_operator.py
[2024-04-04T23:23:29.044+0000] {processor.py:840} INFO - DAG(s) 'example_branch_operator' retrieved from /home/airflow/.local/lib/python3.8/site-packages/airflow/example_dags/example_branch_operator.py
[2024-04-04T23:23:29.116+0000] {logging_mixin.py:188} INFO - [2024-04-04T23:23:29.115+0000] {dag.py:3036} INFO - Sync 1 DAGs
[2024-04-04T23:23:29.179+0000] {logging_mixin.py:188} INFO - [2024-04-04T23:23:29.178+0000] {dag.py:3823} INFO - Setting next_dagrun for example_branch_operator to 2024-04-03 00:00:00+00:00, run_after=2024-04-04 00:00:00+00:00
[2024-04-04T23:23:29.224+0000] {processor.py:183} INFO - Processing /home/airflow/.local/lib/python3.8/site-packages/airflow/example_dags/example_branch_operator.py took 0.235 seconds
[2024-04-04T23:23:59.818+0000] {processor.py:161} INFO - Started process (PID=48695) to work on /home/airflow/.local/lib/python3.8/site-packages/airflow/example_dags/example_branch_operator.py
[2024-04-04T23:23:59.821+0000] {processor.py:830} INFO - Processing file /home/airflow/.local/lib/python3.8/site-packages/airflow/example_dags/example_branch_operator.py for tasks to queue
[2024-04-04T23:23:59.824+0000] {logging_mixin.py:188} INFO - [2024-04-04T23:23:59.823+0000] {dagbag.py:538} INFO - Filling up the DagBag from /home/airflow/.local/lib/python3.8/site-packages/airflow/example_dags/example_branch_operator.py
[2024-04-04T23:23:59.881+0000] {processor.py:840} INFO - DAG(s) 'example_branch_operator' retrieved from /home/airflow/.local/lib/python3.8/site-packages/airflow/example_dags/example_branch_operator.py
[2024-04-04T23:23:59.967+0000] {logging_mixin.py:188} INFO - [2024-04-04T23:23:59.967+0000] {dag.py:3036} INFO - Sync 1 DAGs
[2024-04-04T23:24:00.034+0000] {logging_mixin.py:188} INFO - [2024-04-04T23:24:00.033+0000] {dag.py:3823} INFO - Setting next_dagrun for example_branch_operator to 2024-04-03 00:00:00+00:00, run_after=2024-04-04 00:00:00+00:00
[2024-04-04T23:24:00.091+0000] {processor.py:183} INFO - Processing /home/airflow/.local/lib/python3.8/site-packages/airflow/example_dags/example_branch_operator.py took 0.283 seconds
[2024-04-04T23:24:30.391+0000] {processor.py:161} INFO - Started process (PID=48755) to work on /home/airflow/.local/lib/python3.8/site-packages/airflow/example_dags/example_branch_operator.py
[2024-04-04T23:24:30.396+0000] {processor.py:830} INFO - Processing file /home/airflow/.local/lib/python3.8/site-packages/airflow/example_dags/example_branch_operator.py for tasks to queue
[2024-04-04T23:24:30.402+0000] {logging_mixin.py:188} INFO - [2024-04-04T23:24:30.400+0000] {dagbag.py:538} INFO - Filling up the DagBag from /home/airflow/.local/lib/python3.8/site-packages/airflow/example_dags/example_branch_operator.py
[2024-04-04T23:24:30.527+0000] {processor.py:840} INFO - DAG(s) 'example_branch_operator' retrieved from /home/airflow/.local/lib/python3.8/site-packages/airflow/example_dags/example_branch_operator.py
[2024-04-04T23:24:30.679+0000] {logging_mixin.py:188} INFO - [2024-04-04T23:24:30.678+0000] {dag.py:3036} INFO - Sync 1 DAGs
[2024-04-04T23:24:30.809+0000] {logging_mixin.py:188} INFO - [2024-04-04T23:24:30.807+0000] {dag.py:3823} INFO - Setting next_dagrun for example_branch_operator to 2024-04-03 00:00:00+00:00, run_after=2024-04-04 00:00:00+00:00
[2024-04-04T23:24:30.905+0000] {processor.py:183} INFO - Processing /home/airflow/.local/lib/python3.8/site-packages/airflow/example_dags/example_branch_operator.py took 0.534 seconds
[2024-04-04T23:25:01.897+0000] {processor.py:161} INFO - Started process (PID=48815) to work on /home/airflow/.local/lib/python3.8/site-packages/airflow/example_dags/example_branch_operator.py
[2024-04-04T23:25:01.904+0000] {processor.py:830} INFO - Processing file /home/airflow/.local/lib/python3.8/site-packages/airflow/example_dags/example_branch_operator.py for tasks to queue
[2024-04-04T23:25:01.911+0000] {logging_mixin.py:188} INFO - [2024-04-04T23:25:01.910+0000] {dagbag.py:538} INFO - Filling up the DagBag from /home/airflow/.local/lib/python3.8/site-packages/airflow/example_dags/example_branch_operator.py
[2024-04-04T23:25:02.044+0000] {processor.py:840} INFO - DAG(s) 'example_branch_operator' retrieved from /home/airflow/.local/lib/python3.8/site-packages/airflow/example_dags/example_branch_operator.py
[2024-04-04T23:25:02.267+0000] {logging_mixin.py:188} INFO - [2024-04-04T23:25:02.266+0000] {dag.py:3036} INFO - Sync 1 DAGs
[2024-04-04T23:25:02.459+0000] {logging_mixin.py:188} INFO - [2024-04-04T23:25:02.458+0000] {dag.py:3823} INFO - Setting next_dagrun for example_branch_operator to 2024-04-03 00:00:00+00:00, run_after=2024-04-04 00:00:00+00:00
[2024-04-04T23:25:02.628+0000] {processor.py:183} INFO - Processing /home/airflow/.local/lib/python3.8/site-packages/airflow/example_dags/example_branch_operator.py took 0.757 seconds
[2024-04-04T23:25:32.909+0000] {processor.py:161} INFO - Started process (PID=48875) to work on /home/airflow/.local/lib/python3.8/site-packages/airflow/example_dags/example_branch_operator.py
[2024-04-04T23:25:32.912+0000] {processor.py:830} INFO - Processing file /home/airflow/.local/lib/python3.8/site-packages/airflow/example_dags/example_branch_operator.py for tasks to queue
[2024-04-04T23:25:32.915+0000] {logging_mixin.py:188} INFO - [2024-04-04T23:25:32.914+0000] {dagbag.py:538} INFO - Filling up the DagBag from /home/airflow/.local/lib/python3.8/site-packages/airflow/example_dags/example_branch_operator.py
[2024-04-04T23:25:32.969+0000] {processor.py:840} INFO - DAG(s) 'example_branch_operator' retrieved from /home/airflow/.local/lib/python3.8/site-packages/airflow/example_dags/example_branch_operator.py
[2024-04-04T23:25:33.050+0000] {logging_mixin.py:188} INFO - [2024-04-04T23:25:33.050+0000] {dag.py:3036} INFO - Sync 1 DAGs
[2024-04-04T23:25:33.110+0000] {logging_mixin.py:188} INFO - [2024-04-04T23:25:33.109+0000] {dag.py:3823} INFO - Setting next_dagrun for example_branch_operator to 2024-04-03 00:00:00+00:00, run_after=2024-04-04 00:00:00+00:00
[2024-04-04T23:25:33.155+0000] {processor.py:183} INFO - Processing /home/airflow/.local/lib/python3.8/site-packages/airflow/example_dags/example_branch_operator.py took 0.257 seconds
[2024-04-04T23:26:03.342+0000] {processor.py:161} INFO - Started process (PID=48935) to work on /home/airflow/.local/lib/python3.8/site-packages/airflow/example_dags/example_branch_operator.py
[2024-04-04T23:26:03.345+0000] {processor.py:830} INFO - Processing file /home/airflow/.local/lib/python3.8/site-packages/airflow/example_dags/example_branch_operator.py for tasks to queue
[2024-04-04T23:26:03.347+0000] {logging_mixin.py:188} INFO - [2024-04-04T23:26:03.346+0000] {dagbag.py:538} INFO - Filling up the DagBag from /home/airflow/.local/lib/python3.8/site-packages/airflow/example_dags/example_branch_operator.py
[2024-04-04T23:26:03.397+0000] {processor.py:840} INFO - DAG(s) 'example_branch_operator' retrieved from /home/airflow/.local/lib/python3.8/site-packages/airflow/example_dags/example_branch_operator.py
[2024-04-04T23:26:03.475+0000] {logging_mixin.py:188} INFO - [2024-04-04T23:26:03.474+0000] {dag.py:3036} INFO - Sync 1 DAGs
[2024-04-04T23:26:03.552+0000] {logging_mixin.py:188} INFO - [2024-04-04T23:26:03.551+0000] {dag.py:3823} INFO - Setting next_dagrun for example_branch_operator to 2024-04-03 00:00:00+00:00, run_after=2024-04-04 00:00:00+00:00
[2024-04-04T23:26:03.609+0000] {processor.py:183} INFO - Processing /home/airflow/.local/lib/python3.8/site-packages/airflow/example_dags/example_branch_operator.py took 0.277 seconds
[2024-04-04T23:26:34.813+0000] {processor.py:161} INFO - Started process (PID=48995) to work on /home/airflow/.local/lib/python3.8/site-packages/airflow/example_dags/example_branch_operator.py
[2024-04-04T23:26:34.817+0000] {processor.py:830} INFO - Processing file /home/airflow/.local/lib/python3.8/site-packages/airflow/example_dags/example_branch_operator.py for tasks to queue
[2024-04-04T23:26:34.823+0000] {logging_mixin.py:188} INFO - [2024-04-04T23:26:34.821+0000] {dagbag.py:538} INFO - Filling up the DagBag from /home/airflow/.local/lib/python3.8/site-packages/airflow/example_dags/example_branch_operator.py
[2024-04-04T23:26:34.913+0000] {processor.py:840} INFO - DAG(s) 'example_branch_operator' retrieved from /home/airflow/.local/lib/python3.8/site-packages/airflow/example_dags/example_branch_operator.py
[2024-04-04T23:26:35.045+0000] {logging_mixin.py:188} INFO - [2024-04-04T23:26:35.044+0000] {dag.py:3036} INFO - Sync 1 DAGs
[2024-04-04T23:26:35.134+0000] {logging_mixin.py:188} INFO - [2024-04-04T23:26:35.133+0000] {dag.py:3823} INFO - Setting next_dagrun for example_branch_operator to 2024-04-03 00:00:00+00:00, run_after=2024-04-04 00:00:00+00:00
[2024-04-04T23:26:35.241+0000] {processor.py:183} INFO - Processing /home/airflow/.local/lib/python3.8/site-packages/airflow/example_dags/example_branch_operator.py took 0.444 seconds
[2024-04-04T23:27:07.874+0000] {processor.py:161} INFO - Started process (PID=49055) to work on /home/airflow/.local/lib/python3.8/site-packages/airflow/example_dags/example_branch_operator.py
[2024-04-04T23:27:07.881+0000] {processor.py:830} INFO - Processing file /home/airflow/.local/lib/python3.8/site-packages/airflow/example_dags/example_branch_operator.py for tasks to queue
[2024-04-04T23:27:07.890+0000] {logging_mixin.py:188} INFO - [2024-04-04T23:27:07.888+0000] {dagbag.py:538} INFO - Filling up the DagBag from /home/airflow/.local/lib/python3.8/site-packages/airflow/example_dags/example_branch_operator.py
[2024-04-04T23:27:08.076+0000] {processor.py:840} INFO - DAG(s) 'example_branch_operator' retrieved from /home/airflow/.local/lib/python3.8/site-packages/airflow/example_dags/example_branch_operator.py
[2024-04-04T23:27:08.413+0000] {logging_mixin.py:188} INFO - [2024-04-04T23:27:08.410+0000] {dag.py:3036} INFO - Sync 1 DAGs
[2024-04-04T23:27:08.745+0000] {logging_mixin.py:188} INFO - [2024-04-04T23:27:08.744+0000] {dag.py:3823} INFO - Setting next_dagrun for example_branch_operator to 2024-04-03 00:00:00+00:00, run_after=2024-04-04 00:00:00+00:00
[2024-04-04T23:27:10.968+0000] {processor.py:183} INFO - Processing /home/airflow/.local/lib/python3.8/site-packages/airflow/example_dags/example_branch_operator.py took 3.129 seconds
[2024-04-04T23:27:41.577+0000] {processor.py:161} INFO - Started process (PID=49116) to work on /home/airflow/.local/lib/python3.8/site-packages/airflow/example_dags/example_branch_operator.py
[2024-04-04T23:27:41.582+0000] {processor.py:830} INFO - Processing file /home/airflow/.local/lib/python3.8/site-packages/airflow/example_dags/example_branch_operator.py for tasks to queue
[2024-04-04T23:27:41.589+0000] {logging_mixin.py:188} INFO - [2024-04-04T23:27:41.587+0000] {dagbag.py:538} INFO - Filling up the DagBag from /home/airflow/.local/lib/python3.8/site-packages/airflow/example_dags/example_branch_operator.py
[2024-04-04T23:27:41.737+0000] {processor.py:840} INFO - DAG(s) 'example_branch_operator' retrieved from /home/airflow/.local/lib/python3.8/site-packages/airflow/example_dags/example_branch_operator.py
[2024-04-04T23:27:41.966+0000] {logging_mixin.py:188} INFO - [2024-04-04T23:27:41.965+0000] {dag.py:3036} INFO - Sync 1 DAGs
[2024-04-04T23:27:42.126+0000] {logging_mixin.py:188} INFO - [2024-04-04T23:27:42.125+0000] {dag.py:3823} INFO - Setting next_dagrun for example_branch_operator to 2024-04-03 00:00:00+00:00, run_after=2024-04-04 00:00:00+00:00
[2024-04-04T23:27:42.294+0000] {processor.py:183} INFO - Processing /home/airflow/.local/lib/python3.8/site-packages/airflow/example_dags/example_branch_operator.py took 0.734 seconds
[2024-04-04T23:28:13.059+0000] {processor.py:161} INFO - Started process (PID=49180) to work on /home/airflow/.local/lib/python3.8/site-packages/airflow/example_dags/example_branch_operator.py
[2024-04-04T23:28:13.061+0000] {processor.py:830} INFO - Processing file /home/airflow/.local/lib/python3.8/site-packages/airflow/example_dags/example_branch_operator.py for tasks to queue
[2024-04-04T23:28:13.064+0000] {logging_mixin.py:188} INFO - [2024-04-04T23:28:13.063+0000] {dagbag.py:538} INFO - Filling up the DagBag from /home/airflow/.local/lib/python3.8/site-packages/airflow/example_dags/example_branch_operator.py
[2024-04-04T23:28:13.100+0000] {processor.py:840} INFO - DAG(s) 'example_branch_operator' retrieved from /home/airflow/.local/lib/python3.8/site-packages/airflow/example_dags/example_branch_operator.py
[2024-04-04T23:28:13.159+0000] {logging_mixin.py:188} INFO - [2024-04-04T23:28:13.158+0000] {dag.py:3036} INFO - Sync 1 DAGs
[2024-04-04T23:28:13.200+0000] {logging_mixin.py:188} INFO - [2024-04-04T23:28:13.199+0000] {dag.py:3823} INFO - Setting next_dagrun for example_branch_operator to 2024-04-03 00:00:00+00:00, run_after=2024-04-04 00:00:00+00:00
[2024-04-04T23:28:13.239+0000] {processor.py:183} INFO - Processing /home/airflow/.local/lib/python3.8/site-packages/airflow/example_dags/example_branch_operator.py took 0.186 seconds
[2024-04-04T23:28:43.535+0000] {processor.py:161} INFO - Started process (PID=49240) to work on /home/airflow/.local/lib/python3.8/site-packages/airflow/example_dags/example_branch_operator.py
[2024-04-04T23:28:43.536+0000] {processor.py:830} INFO - Processing file /home/airflow/.local/lib/python3.8/site-packages/airflow/example_dags/example_branch_operator.py for tasks to queue
[2024-04-04T23:28:43.538+0000] {logging_mixin.py:188} INFO - [2024-04-04T23:28:43.538+0000] {dagbag.py:538} INFO - Filling up the DagBag from /home/airflow/.local/lib/python3.8/site-packages/airflow/example_dags/example_branch_operator.py
[2024-04-04T23:28:43.568+0000] {processor.py:840} INFO - DAG(s) 'example_branch_operator' retrieved from /home/airflow/.local/lib/python3.8/site-packages/airflow/example_dags/example_branch_operator.py
[2024-04-04T23:28:43.618+0000] {logging_mixin.py:188} INFO - [2024-04-04T23:28:43.617+0000] {dag.py:3036} INFO - Sync 1 DAGs
[2024-04-04T23:28:43.665+0000] {logging_mixin.py:188} INFO - [2024-04-04T23:28:43.664+0000] {dag.py:3823} INFO - Setting next_dagrun for example_branch_operator to 2024-04-03 00:00:00+00:00, run_after=2024-04-04 00:00:00+00:00
[2024-04-04T23:28:43.701+0000] {processor.py:183} INFO - Processing /home/airflow/.local/lib/python3.8/site-packages/airflow/example_dags/example_branch_operator.py took 0.172 seconds
[2024-04-04T23:29:13.968+0000] {processor.py:161} INFO - Started process (PID=49300) to work on /home/airflow/.local/lib/python3.8/site-packages/airflow/example_dags/example_branch_operator.py
[2024-04-04T23:29:13.974+0000] {processor.py:830} INFO - Processing file /home/airflow/.local/lib/python3.8/site-packages/airflow/example_dags/example_branch_operator.py for tasks to queue
[2024-04-04T23:29:13.979+0000] {logging_mixin.py:188} INFO - [2024-04-04T23:29:13.978+0000] {dagbag.py:538} INFO - Filling up the DagBag from /home/airflow/.local/lib/python3.8/site-packages/airflow/example_dags/example_branch_operator.py
[2024-04-04T23:29:14.141+0000] {processor.py:840} INFO - DAG(s) 'example_branch_operator' retrieved from /home/airflow/.local/lib/python3.8/site-packages/airflow/example_dags/example_branch_operator.py
[2024-04-04T23:29:14.398+0000] {logging_mixin.py:188} INFO - [2024-04-04T23:29:14.396+0000] {dag.py:3036} INFO - Sync 1 DAGs
[2024-04-04T23:29:14.515+0000] {logging_mixin.py:188} INFO - [2024-04-04T23:29:14.514+0000] {dag.py:3823} INFO - Setting next_dagrun for example_branch_operator to 2024-04-03 00:00:00+00:00, run_after=2024-04-04 00:00:00+00:00
[2024-04-04T23:29:14.590+0000] {processor.py:183} INFO - Processing /home/airflow/.local/lib/python3.8/site-packages/airflow/example_dags/example_branch_operator.py took 0.641 seconds
[2024-04-04T23:29:44.825+0000] {processor.py:161} INFO - Started process (PID=49361) to work on /home/airflow/.local/lib/python3.8/site-packages/airflow/example_dags/example_branch_operator.py
[2024-04-04T23:29:44.830+0000] {processor.py:830} INFO - Processing file /home/airflow/.local/lib/python3.8/site-packages/airflow/example_dags/example_branch_operator.py for tasks to queue
[2024-04-04T23:29:44.835+0000] {logging_mixin.py:188} INFO - [2024-04-04T23:29:44.833+0000] {dagbag.py:538} INFO - Filling up the DagBag from /home/airflow/.local/lib/python3.8/site-packages/airflow/example_dags/example_branch_operator.py
[2024-04-04T23:29:44.939+0000] {processor.py:840} INFO - DAG(s) 'example_branch_operator' retrieved from /home/airflow/.local/lib/python3.8/site-packages/airflow/example_dags/example_branch_operator.py
[2024-04-04T23:29:45.091+0000] {logging_mixin.py:188} INFO - [2024-04-04T23:29:45.090+0000] {dag.py:3036} INFO - Sync 1 DAGs
[2024-04-04T23:29:45.233+0000] {logging_mixin.py:188} INFO - [2024-04-04T23:29:45.231+0000] {dag.py:3823} INFO - Setting next_dagrun for example_branch_operator to 2024-04-03 00:00:00+00:00, run_after=2024-04-04 00:00:00+00:00
[2024-04-04T23:29:45.361+0000] {processor.py:183} INFO - Processing /home/airflow/.local/lib/python3.8/site-packages/airflow/example_dags/example_branch_operator.py took 0.555 seconds
[2024-04-04T23:30:15.506+0000] {processor.py:161} INFO - Started process (PID=49421) to work on /home/airflow/.local/lib/python3.8/site-packages/airflow/example_dags/example_branch_operator.py
[2024-04-04T23:30:15.508+0000] {processor.py:830} INFO - Processing file /home/airflow/.local/lib/python3.8/site-packages/airflow/example_dags/example_branch_operator.py for tasks to queue
[2024-04-04T23:30:15.511+0000] {logging_mixin.py:188} INFO - [2024-04-04T23:30:15.510+0000] {dagbag.py:538} INFO - Filling up the DagBag from /home/airflow/.local/lib/python3.8/site-packages/airflow/example_dags/example_branch_operator.py
[2024-04-04T23:30:15.565+0000] {processor.py:840} INFO - DAG(s) 'example_branch_operator' retrieved from /home/airflow/.local/lib/python3.8/site-packages/airflow/example_dags/example_branch_operator.py
[2024-04-04T23:30:15.629+0000] {logging_mixin.py:188} INFO - [2024-04-04T23:30:15.628+0000] {dag.py:3036} INFO - Sync 1 DAGs
[2024-04-04T23:30:15.676+0000] {logging_mixin.py:188} INFO - [2024-04-04T23:30:15.676+0000] {dag.py:3823} INFO - Setting next_dagrun for example_branch_operator to 2024-04-03 00:00:00+00:00, run_after=2024-04-04 00:00:00+00:00
[2024-04-04T23:30:15.713+0000] {processor.py:183} INFO - Processing /home/airflow/.local/lib/python3.8/site-packages/airflow/example_dags/example_branch_operator.py took 0.215 seconds
[2024-04-04T23:30:45.962+0000] {processor.py:161} INFO - Started process (PID=49481) to work on /home/airflow/.local/lib/python3.8/site-packages/airflow/example_dags/example_branch_operator.py
[2024-04-04T23:30:45.966+0000] {processor.py:830} INFO - Processing file /home/airflow/.local/lib/python3.8/site-packages/airflow/example_dags/example_branch_operator.py for tasks to queue
[2024-04-04T23:30:45.970+0000] {logging_mixin.py:188} INFO - [2024-04-04T23:30:45.969+0000] {dagbag.py:538} INFO - Filling up the DagBag from /home/airflow/.local/lib/python3.8/site-packages/airflow/example_dags/example_branch_operator.py
[2024-04-04T23:30:46.039+0000] {processor.py:840} INFO - DAG(s) 'example_branch_operator' retrieved from /home/airflow/.local/lib/python3.8/site-packages/airflow/example_dags/example_branch_operator.py
[2024-04-04T23:30:46.142+0000] {logging_mixin.py:188} INFO - [2024-04-04T23:30:46.141+0000] {dag.py:3036} INFO - Sync 1 DAGs
[2024-04-04T23:30:46.216+0000] {logging_mixin.py:188} INFO - [2024-04-04T23:30:46.216+0000] {dag.py:3823} INFO - Setting next_dagrun for example_branch_operator to 2024-04-03 00:00:00+00:00, run_after=2024-04-04 00:00:00+00:00
[2024-04-04T23:30:46.278+0000] {processor.py:183} INFO - Processing /home/airflow/.local/lib/python3.8/site-packages/airflow/example_dags/example_branch_operator.py took 0.329 seconds
[2024-04-04T23:31:16.895+0000] {processor.py:161} INFO - Started process (PID=49541) to work on /home/airflow/.local/lib/python3.8/site-packages/airflow/example_dags/example_branch_operator.py
[2024-04-04T23:31:16.899+0000] {processor.py:830} INFO - Processing file /home/airflow/.local/lib/python3.8/site-packages/airflow/example_dags/example_branch_operator.py for tasks to queue
[2024-04-04T23:31:16.905+0000] {logging_mixin.py:188} INFO - [2024-04-04T23:31:16.903+0000] {dagbag.py:538} INFO - Filling up the DagBag from /home/airflow/.local/lib/python3.8/site-packages/airflow/example_dags/example_branch_operator.py
[2024-04-04T23:31:17.004+0000] {processor.py:840} INFO - DAG(s) 'example_branch_operator' retrieved from /home/airflow/.local/lib/python3.8/site-packages/airflow/example_dags/example_branch_operator.py
[2024-04-04T23:31:17.170+0000] {logging_mixin.py:188} INFO - [2024-04-04T23:31:17.168+0000] {dag.py:3036} INFO - Sync 1 DAGs
[2024-04-04T23:31:17.281+0000] {logging_mixin.py:188} INFO - [2024-04-04T23:31:17.280+0000] {dag.py:3823} INFO - Setting next_dagrun for example_branch_operator to 2024-04-03 00:00:00+00:00, run_after=2024-04-04 00:00:00+00:00
[2024-04-04T23:31:17.388+0000] {processor.py:183} INFO - Processing /home/airflow/.local/lib/python3.8/site-packages/airflow/example_dags/example_branch_operator.py took 0.509 seconds
