[2024-04-04T20:02:01.412+0000] {processor.py:161} INFO - Started process (PID=43472) to work on /home/airflow/.local/lib/python3.8/site-packages/airflow/example_dags/example_setup_teardown_taskflow.py
[2024-04-04T20:02:01.430+0000] {processor.py:830} INFO - Processing file /home/airflow/.local/lib/python3.8/site-packages/airflow/example_dags/example_setup_teardown_taskflow.py for tasks to queue
[2024-04-04T20:02:01.436+0000] {logging_mixin.py:188} INFO - [2024-04-04T20:02:01.435+0000] {dagbag.py:538} INFO - Filling up the DagBag from /home/airflow/.local/lib/python3.8/site-packages/airflow/example_dags/example_setup_teardown_taskflow.py
[2024-04-04T20:02:01.496+0000] {processor.py:840} INFO - DAG(s) 'example_setup_teardown_taskflow' retrieved from /home/airflow/.local/lib/python3.8/site-packages/airflow/example_dags/example_setup_teardown_taskflow.py
[2024-04-04T20:02:01.624+0000] {logging_mixin.py:188} INFO - [2024-04-04T20:02:01.623+0000] {dag.py:3036} INFO - Sync 1 DAGs
[2024-04-04T20:02:01.718+0000] {logging_mixin.py:188} INFO - [2024-04-04T20:02:01.718+0000] {dag.py:3823} INFO - Setting next_dagrun for example_setup_teardown_taskflow to 2024-04-03 00:00:00+00:00, run_after=2024-04-04 00:00:00+00:00
[2024-04-04T20:02:01.816+0000] {processor.py:183} INFO - Processing /home/airflow/.local/lib/python3.8/site-packages/airflow/example_dags/example_setup_teardown_taskflow.py took 0.411 seconds
[2024-04-04T18:12:29.529+0000] {processor.py:161} INFO - Started process (PID=46152) to work on /home/airflow/.local/lib/python3.8/site-packages/airflow/example_dags/example_setup_teardown_taskflow.py
[2024-04-04T18:12:29.531+0000] {processor.py:830} INFO - Processing file /home/airflow/.local/lib/python3.8/site-packages/airflow/example_dags/example_setup_teardown_taskflow.py for tasks to queue
[2024-04-04T18:12:29.533+0000] {logging_mixin.py:188} INFO - [2024-04-04T18:12:29.533+0000] {dagbag.py:538} INFO - Filling up the DagBag from /home/airflow/.local/lib/python3.8/site-packages/airflow/example_dags/example_setup_teardown_taskflow.py
[2024-04-04T18:12:29.552+0000] {processor.py:840} INFO - DAG(s) 'example_setup_teardown_taskflow' retrieved from /home/airflow/.local/lib/python3.8/site-packages/airflow/example_dags/example_setup_teardown_taskflow.py
[2024-04-04T18:12:29.604+0000] {logging_mixin.py:188} INFO - [2024-04-04T18:12:29.603+0000] {dag.py:3036} INFO - Sync 1 DAGs
[2024-04-04T18:12:29.661+0000] {logging_mixin.py:188} INFO - [2024-04-04T18:12:29.660+0000] {dag.py:3823} INFO - Setting next_dagrun for example_setup_teardown_taskflow to 2024-04-03 00:00:00+00:00, run_after=2024-04-04 00:00:00+00:00
[2024-04-04T18:12:29.704+0000] {processor.py:183} INFO - Processing /home/airflow/.local/lib/python3.8/site-packages/airflow/example_dags/example_setup_teardown_taskflow.py took 0.181 seconds
[2024-04-04T18:13:00.227+0000] {processor.py:161} INFO - Started process (PID=46212) to work on /home/airflow/.local/lib/python3.8/site-packages/airflow/example_dags/example_setup_teardown_taskflow.py
[2024-04-04T18:13:00.229+0000] {processor.py:830} INFO - Processing file /home/airflow/.local/lib/python3.8/site-packages/airflow/example_dags/example_setup_teardown_taskflow.py for tasks to queue
[2024-04-04T18:13:00.230+0000] {logging_mixin.py:188} INFO - [2024-04-04T18:13:00.230+0000] {dagbag.py:538} INFO - Filling up the DagBag from /home/airflow/.local/lib/python3.8/site-packages/airflow/example_dags/example_setup_teardown_taskflow.py
[2024-04-04T18:13:00.242+0000] {processor.py:840} INFO - DAG(s) 'example_setup_teardown_taskflow' retrieved from /home/airflow/.local/lib/python3.8/site-packages/airflow/example_dags/example_setup_teardown_taskflow.py
[2024-04-04T18:13:00.270+0000] {logging_mixin.py:188} INFO - [2024-04-04T18:13:00.269+0000] {dag.py:3036} INFO - Sync 1 DAGs
[2024-04-04T18:13:00.292+0000] {logging_mixin.py:188} INFO - [2024-04-04T18:13:00.291+0000] {dag.py:3823} INFO - Setting next_dagrun for example_setup_teardown_taskflow to 2024-04-03 00:00:00+00:00, run_after=2024-04-04 00:00:00+00:00
[2024-04-04T18:13:00.316+0000] {processor.py:183} INFO - Processing /home/airflow/.local/lib/python3.8/site-packages/airflow/example_dags/example_setup_teardown_taskflow.py took 0.093 seconds
[2024-04-04T18:13:30.684+0000] {processor.py:161} INFO - Started process (PID=46272) to work on /home/airflow/.local/lib/python3.8/site-packages/airflow/example_dags/example_setup_teardown_taskflow.py
[2024-04-04T18:13:30.685+0000] {processor.py:830} INFO - Processing file /home/airflow/.local/lib/python3.8/site-packages/airflow/example_dags/example_setup_teardown_taskflow.py for tasks to queue
[2024-04-04T18:13:30.687+0000] {logging_mixin.py:188} INFO - [2024-04-04T18:13:30.686+0000] {dagbag.py:538} INFO - Filling up the DagBag from /home/airflow/.local/lib/python3.8/site-packages/airflow/example_dags/example_setup_teardown_taskflow.py
[2024-04-04T18:13:30.697+0000] {processor.py:840} INFO - DAG(s) 'example_setup_teardown_taskflow' retrieved from /home/airflow/.local/lib/python3.8/site-packages/airflow/example_dags/example_setup_teardown_taskflow.py
[2024-04-04T18:13:30.725+0000] {logging_mixin.py:188} INFO - [2024-04-04T18:13:30.725+0000] {dag.py:3036} INFO - Sync 1 DAGs
[2024-04-04T18:13:30.748+0000] {logging_mixin.py:188} INFO - [2024-04-04T18:13:30.748+0000] {dag.py:3823} INFO - Setting next_dagrun for example_setup_teardown_taskflow to 2024-04-03 00:00:00+00:00, run_after=2024-04-04 00:00:00+00:00
[2024-04-04T18:13:30.772+0000] {processor.py:183} INFO - Processing /home/airflow/.local/lib/python3.8/site-packages/airflow/example_dags/example_setup_teardown_taskflow.py took 0.092 seconds
[2024-04-04T18:14:01.394+0000] {processor.py:161} INFO - Started process (PID=46333) to work on /home/airflow/.local/lib/python3.8/site-packages/airflow/example_dags/example_setup_teardown_taskflow.py
[2024-04-04T18:14:01.395+0000] {processor.py:830} INFO - Processing file /home/airflow/.local/lib/python3.8/site-packages/airflow/example_dags/example_setup_teardown_taskflow.py for tasks to queue
[2024-04-04T18:14:01.396+0000] {logging_mixin.py:188} INFO - [2024-04-04T18:14:01.396+0000] {dagbag.py:538} INFO - Filling up the DagBag from /home/airflow/.local/lib/python3.8/site-packages/airflow/example_dags/example_setup_teardown_taskflow.py
[2024-04-04T18:14:01.413+0000] {processor.py:840} INFO - DAG(s) 'example_setup_teardown_taskflow' retrieved from /home/airflow/.local/lib/python3.8/site-packages/airflow/example_dags/example_setup_teardown_taskflow.py
[2024-04-04T18:14:01.448+0000] {logging_mixin.py:188} INFO - [2024-04-04T18:14:01.448+0000] {dag.py:3036} INFO - Sync 1 DAGs
[2024-04-04T18:14:01.488+0000] {logging_mixin.py:188} INFO - [2024-04-04T18:14:01.488+0000] {dag.py:3823} INFO - Setting next_dagrun for example_setup_teardown_taskflow to 2024-04-03 00:00:00+00:00, run_after=2024-04-04 00:00:00+00:00
[2024-04-04T18:14:01.515+0000] {processor.py:183} INFO - Processing /home/airflow/.local/lib/python3.8/site-packages/airflow/example_dags/example_setup_teardown_taskflow.py took 0.126 seconds
[2024-04-04T18:14:31.797+0000] {processor.py:161} INFO - Started process (PID=46392) to work on /home/airflow/.local/lib/python3.8/site-packages/airflow/example_dags/example_setup_teardown_taskflow.py
[2024-04-04T18:14:31.799+0000] {processor.py:830} INFO - Processing file /home/airflow/.local/lib/python3.8/site-packages/airflow/example_dags/example_setup_teardown_taskflow.py for tasks to queue
[2024-04-04T18:14:31.800+0000] {logging_mixin.py:188} INFO - [2024-04-04T18:14:31.800+0000] {dagbag.py:538} INFO - Filling up the DagBag from /home/airflow/.local/lib/python3.8/site-packages/airflow/example_dags/example_setup_teardown_taskflow.py
[2024-04-04T18:14:31.814+0000] {processor.py:840} INFO - DAG(s) 'example_setup_teardown_taskflow' retrieved from /home/airflow/.local/lib/python3.8/site-packages/airflow/example_dags/example_setup_teardown_taskflow.py
[2024-04-04T18:14:31.847+0000] {logging_mixin.py:188} INFO - [2024-04-04T18:14:31.847+0000] {dag.py:3036} INFO - Sync 1 DAGs
[2024-04-04T18:14:31.875+0000] {logging_mixin.py:188} INFO - [2024-04-04T18:14:31.875+0000] {dag.py:3823} INFO - Setting next_dagrun for example_setup_teardown_taskflow to 2024-04-03 00:00:00+00:00, run_after=2024-04-04 00:00:00+00:00
[2024-04-04T18:14:31.900+0000] {processor.py:183} INFO - Processing /home/airflow/.local/lib/python3.8/site-packages/airflow/example_dags/example_setup_teardown_taskflow.py took 0.107 seconds
[2024-04-04T18:15:05.350+0000] {processor.py:161} INFO - Started process (PID=46452) to work on /home/airflow/.local/lib/python3.8/site-packages/airflow/example_dags/example_setup_teardown_taskflow.py
[2024-04-04T18:15:05.356+0000] {processor.py:830} INFO - Processing file /home/airflow/.local/lib/python3.8/site-packages/airflow/example_dags/example_setup_teardown_taskflow.py for tasks to queue
[2024-04-04T18:15:05.360+0000] {logging_mixin.py:188} INFO - [2024-04-04T18:15:05.359+0000] {dagbag.py:538} INFO - Filling up the DagBag from /home/airflow/.local/lib/python3.8/site-packages/airflow/example_dags/example_setup_teardown_taskflow.py
[2024-04-04T18:15:05.411+0000] {processor.py:840} INFO - DAG(s) 'example_setup_teardown_taskflow' retrieved from /home/airflow/.local/lib/python3.8/site-packages/airflow/example_dags/example_setup_teardown_taskflow.py
[2024-04-04T18:15:05.545+0000] {logging_mixin.py:188} INFO - [2024-04-04T18:15:05.543+0000] {dag.py:3036} INFO - Sync 1 DAGs
[2024-04-04T18:15:05.737+0000] {logging_mixin.py:188} INFO - [2024-04-04T18:15:05.735+0000] {dag.py:3823} INFO - Setting next_dagrun for example_setup_teardown_taskflow to 2024-04-03 00:00:00+00:00, run_after=2024-04-04 00:00:00+00:00
[2024-04-04T18:15:05.889+0000] {processor.py:183} INFO - Processing /home/airflow/.local/lib/python3.8/site-packages/airflow/example_dags/example_setup_teardown_taskflow.py took 0.558 seconds
[2024-04-04T18:15:39.883+0000] {processor.py:161} INFO - Started process (PID=46512) to work on /home/airflow/.local/lib/python3.8/site-packages/airflow/example_dags/example_setup_teardown_taskflow.py
[2024-04-04T18:15:39.889+0000] {processor.py:830} INFO - Processing file /home/airflow/.local/lib/python3.8/site-packages/airflow/example_dags/example_setup_teardown_taskflow.py for tasks to queue
[2024-04-04T18:15:39.895+0000] {logging_mixin.py:188} INFO - [2024-04-04T18:15:39.893+0000] {dagbag.py:538} INFO - Filling up the DagBag from /home/airflow/.local/lib/python3.8/site-packages/airflow/example_dags/example_setup_teardown_taskflow.py
[2024-04-04T18:15:39.951+0000] {processor.py:840} INFO - DAG(s) 'example_setup_teardown_taskflow' retrieved from /home/airflow/.local/lib/python3.8/site-packages/airflow/example_dags/example_setup_teardown_taskflow.py
[2024-04-04T18:15:40.103+0000] {logging_mixin.py:188} INFO - [2024-04-04T18:15:40.102+0000] {dag.py:3036} INFO - Sync 1 DAGs
[2024-04-04T18:15:40.258+0000] {logging_mixin.py:188} INFO - [2024-04-04T18:15:40.255+0000] {dag.py:3823} INFO - Setting next_dagrun for example_setup_teardown_taskflow to 2024-04-03 00:00:00+00:00, run_after=2024-04-04 00:00:00+00:00
[2024-04-04T18:15:40.437+0000] {processor.py:183} INFO - Processing /home/airflow/.local/lib/python3.8/site-packages/airflow/example_dags/example_setup_teardown_taskflow.py took 0.576 seconds
[2024-04-04T18:16:11.043+0000] {processor.py:161} INFO - Started process (PID=46572) to work on /home/airflow/.local/lib/python3.8/site-packages/airflow/example_dags/example_setup_teardown_taskflow.py
[2024-04-04T18:16:11.049+0000] {processor.py:830} INFO - Processing file /home/airflow/.local/lib/python3.8/site-packages/airflow/example_dags/example_setup_teardown_taskflow.py for tasks to queue
[2024-04-04T18:16:11.056+0000] {logging_mixin.py:188} INFO - [2024-04-04T18:16:11.054+0000] {dagbag.py:538} INFO - Filling up the DagBag from /home/airflow/.local/lib/python3.8/site-packages/airflow/example_dags/example_setup_teardown_taskflow.py
[2024-04-04T18:16:11.144+0000] {processor.py:840} INFO - DAG(s) 'example_setup_teardown_taskflow' retrieved from /home/airflow/.local/lib/python3.8/site-packages/airflow/example_dags/example_setup_teardown_taskflow.py
[2024-04-04T18:16:11.484+0000] {logging_mixin.py:188} INFO - [2024-04-04T18:16:11.482+0000] {dag.py:3036} INFO - Sync 1 DAGs
[2024-04-04T18:16:11.758+0000] {logging_mixin.py:188} INFO - [2024-04-04T18:16:11.756+0000] {dag.py:3823} INFO - Setting next_dagrun for example_setup_teardown_taskflow to 2024-04-03 00:00:00+00:00, run_after=2024-04-04 00:00:00+00:00
[2024-04-04T18:16:11.975+0000] {processor.py:183} INFO - Processing /home/airflow/.local/lib/python3.8/site-packages/airflow/example_dags/example_setup_teardown_taskflow.py took 0.952 seconds
[2024-04-04T18:16:42.877+0000] {processor.py:161} INFO - Started process (PID=46634) to work on /home/airflow/.local/lib/python3.8/site-packages/airflow/example_dags/example_setup_teardown_taskflow.py
[2024-04-04T18:16:42.880+0000] {processor.py:830} INFO - Processing file /home/airflow/.local/lib/python3.8/site-packages/airflow/example_dags/example_setup_teardown_taskflow.py for tasks to queue
[2024-04-04T18:16:42.884+0000] {logging_mixin.py:188} INFO - [2024-04-04T18:16:42.883+0000] {dagbag.py:538} INFO - Filling up the DagBag from /home/airflow/.local/lib/python3.8/site-packages/airflow/example_dags/example_setup_teardown_taskflow.py
[2024-04-04T18:16:42.916+0000] {processor.py:840} INFO - DAG(s) 'example_setup_teardown_taskflow' retrieved from /home/airflow/.local/lib/python3.8/site-packages/airflow/example_dags/example_setup_teardown_taskflow.py
[2024-04-04T18:16:42.985+0000] {logging_mixin.py:188} INFO - [2024-04-04T18:16:42.984+0000] {dag.py:3036} INFO - Sync 1 DAGs
[2024-04-04T18:16:43.041+0000] {logging_mixin.py:188} INFO - [2024-04-04T18:16:43.041+0000] {dag.py:3823} INFO - Setting next_dagrun for example_setup_teardown_taskflow to 2024-04-03 00:00:00+00:00, run_after=2024-04-04 00:00:00+00:00
[2024-04-04T18:16:43.094+0000] {processor.py:183} INFO - Processing /home/airflow/.local/lib/python3.8/site-packages/airflow/example_dags/example_setup_teardown_taskflow.py took 0.226 seconds
[2024-04-04T18:17:13.270+0000] {processor.py:161} INFO - Started process (PID=46695) to work on /home/airflow/.local/lib/python3.8/site-packages/airflow/example_dags/example_setup_teardown_taskflow.py
[2024-04-04T18:17:13.273+0000] {processor.py:830} INFO - Processing file /home/airflow/.local/lib/python3.8/site-packages/airflow/example_dags/example_setup_teardown_taskflow.py for tasks to queue
[2024-04-04T18:17:13.277+0000] {logging_mixin.py:188} INFO - [2024-04-04T18:17:13.276+0000] {dagbag.py:538} INFO - Filling up the DagBag from /home/airflow/.local/lib/python3.8/site-packages/airflow/example_dags/example_setup_teardown_taskflow.py
[2024-04-04T18:17:13.307+0000] {processor.py:840} INFO - DAG(s) 'example_setup_teardown_taskflow' retrieved from /home/airflow/.local/lib/python3.8/site-packages/airflow/example_dags/example_setup_teardown_taskflow.py
[2024-04-04T18:17:13.379+0000] {logging_mixin.py:188} INFO - [2024-04-04T18:17:13.379+0000] {dag.py:3036} INFO - Sync 1 DAGs
[2024-04-04T18:17:13.451+0000] {logging_mixin.py:188} INFO - [2024-04-04T18:17:13.450+0000] {dag.py:3823} INFO - Setting next_dagrun for example_setup_teardown_taskflow to 2024-04-03 00:00:00+00:00, run_after=2024-04-04 00:00:00+00:00
[2024-04-04T18:17:13.521+0000] {processor.py:183} INFO - Processing /home/airflow/.local/lib/python3.8/site-packages/airflow/example_dags/example_setup_teardown_taskflow.py took 0.261 seconds
[2024-04-04T18:17:46.108+0000] {processor.py:161} INFO - Started process (PID=46755) to work on /home/airflow/.local/lib/python3.8/site-packages/airflow/example_dags/example_setup_teardown_taskflow.py
[2024-04-04T18:17:46.117+0000] {processor.py:830} INFO - Processing file /home/airflow/.local/lib/python3.8/site-packages/airflow/example_dags/example_setup_teardown_taskflow.py for tasks to queue
[2024-04-04T18:17:46.126+0000] {logging_mixin.py:188} INFO - [2024-04-04T18:17:46.124+0000] {dagbag.py:538} INFO - Filling up the DagBag from /home/airflow/.local/lib/python3.8/site-packages/airflow/example_dags/example_setup_teardown_taskflow.py
[2024-04-04T18:17:46.256+0000] {processor.py:840} INFO - DAG(s) 'example_setup_teardown_taskflow' retrieved from /home/airflow/.local/lib/python3.8/site-packages/airflow/example_dags/example_setup_teardown_taskflow.py
[2024-04-04T18:17:46.487+0000] {logging_mixin.py:188} INFO - [2024-04-04T18:17:46.484+0000] {dag.py:3036} INFO - Sync 1 DAGs
[2024-04-04T18:17:46.798+0000] {logging_mixin.py:188} INFO - [2024-04-04T18:17:46.784+0000] {dag.py:3823} INFO - Setting next_dagrun for example_setup_teardown_taskflow to 2024-04-03 00:00:00+00:00, run_after=2024-04-04 00:00:00+00:00
[2024-04-04T18:17:47.192+0000] {processor.py:183} INFO - Processing /home/airflow/.local/lib/python3.8/site-packages/airflow/example_dags/example_setup_teardown_taskflow.py took 1.121 seconds
[2024-04-04T18:18:17.909+0000] {processor.py:161} INFO - Started process (PID=46815) to work on /home/airflow/.local/lib/python3.8/site-packages/airflow/example_dags/example_setup_teardown_taskflow.py
[2024-04-04T18:18:17.915+0000] {processor.py:830} INFO - Processing file /home/airflow/.local/lib/python3.8/site-packages/airflow/example_dags/example_setup_teardown_taskflow.py for tasks to queue
[2024-04-04T18:18:17.921+0000] {logging_mixin.py:188} INFO - [2024-04-04T18:18:17.919+0000] {dagbag.py:538} INFO - Filling up the DagBag from /home/airflow/.local/lib/python3.8/site-packages/airflow/example_dags/example_setup_teardown_taskflow.py
[2024-04-04T18:18:17.980+0000] {processor.py:840} INFO - DAG(s) 'example_setup_teardown_taskflow' retrieved from /home/airflow/.local/lib/python3.8/site-packages/airflow/example_dags/example_setup_teardown_taskflow.py
[2024-04-04T18:18:18.096+0000] {logging_mixin.py:188} INFO - [2024-04-04T18:18:18.095+0000] {dag.py:3036} INFO - Sync 1 DAGs
[2024-04-04T18:18:18.189+0000] {logging_mixin.py:188} INFO - [2024-04-04T18:18:18.188+0000] {dag.py:3823} INFO - Setting next_dagrun for example_setup_teardown_taskflow to 2024-04-03 00:00:00+00:00, run_after=2024-04-04 00:00:00+00:00
[2024-04-04T18:18:18.279+0000] {processor.py:183} INFO - Processing /home/airflow/.local/lib/python3.8/site-packages/airflow/example_dags/example_setup_teardown_taskflow.py took 0.389 seconds
[2024-04-04T18:18:48.533+0000] {processor.py:161} INFO - Started process (PID=46875) to work on /home/airflow/.local/lib/python3.8/site-packages/airflow/example_dags/example_setup_teardown_taskflow.py
[2024-04-04T18:18:48.538+0000] {processor.py:830} INFO - Processing file /home/airflow/.local/lib/python3.8/site-packages/airflow/example_dags/example_setup_teardown_taskflow.py for tasks to queue
[2024-04-04T18:18:48.543+0000] {logging_mixin.py:188} INFO - [2024-04-04T18:18:48.542+0000] {dagbag.py:538} INFO - Filling up the DagBag from /home/airflow/.local/lib/python3.8/site-packages/airflow/example_dags/example_setup_teardown_taskflow.py
[2024-04-04T18:18:48.592+0000] {processor.py:840} INFO - DAG(s) 'example_setup_teardown_taskflow' retrieved from /home/airflow/.local/lib/python3.8/site-packages/airflow/example_dags/example_setup_teardown_taskflow.py
[2024-04-04T18:18:48.716+0000] {logging_mixin.py:188} INFO - [2024-04-04T18:18:48.715+0000] {dag.py:3036} INFO - Sync 1 DAGs
[2024-04-04T18:18:48.828+0000] {logging_mixin.py:188} INFO - [2024-04-04T18:18:48.826+0000] {dag.py:3823} INFO - Setting next_dagrun for example_setup_teardown_taskflow to 2024-04-03 00:00:00+00:00, run_after=2024-04-04 00:00:00+00:00
[2024-04-04T18:18:48.919+0000] {processor.py:183} INFO - Processing /home/airflow/.local/lib/python3.8/site-packages/airflow/example_dags/example_setup_teardown_taskflow.py took 0.403 seconds
[2024-04-04T18:19:19.251+0000] {processor.py:161} INFO - Started process (PID=46934) to work on /home/airflow/.local/lib/python3.8/site-packages/airflow/example_dags/example_setup_teardown_taskflow.py
[2024-04-04T18:19:19.253+0000] {processor.py:830} INFO - Processing file /home/airflow/.local/lib/python3.8/site-packages/airflow/example_dags/example_setup_teardown_taskflow.py for tasks to queue
[2024-04-04T18:19:19.255+0000] {logging_mixin.py:188} INFO - [2024-04-04T18:19:19.255+0000] {dagbag.py:538} INFO - Filling up the DagBag from /home/airflow/.local/lib/python3.8/site-packages/airflow/example_dags/example_setup_teardown_taskflow.py
[2024-04-04T18:19:19.274+0000] {processor.py:840} INFO - DAG(s) 'example_setup_teardown_taskflow' retrieved from /home/airflow/.local/lib/python3.8/site-packages/airflow/example_dags/example_setup_teardown_taskflow.py
[2024-04-04T18:19:19.319+0000] {logging_mixin.py:188} INFO - [2024-04-04T18:19:19.318+0000] {dag.py:3036} INFO - Sync 1 DAGs
[2024-04-04T18:19:19.358+0000] {logging_mixin.py:188} INFO - [2024-04-04T18:19:19.358+0000] {dag.py:3823} INFO - Setting next_dagrun for example_setup_teardown_taskflow to 2024-04-03 00:00:00+00:00, run_after=2024-04-04 00:00:00+00:00
[2024-04-04T18:19:19.393+0000] {processor.py:183} INFO - Processing /home/airflow/.local/lib/python3.8/site-packages/airflow/example_dags/example_setup_teardown_taskflow.py took 0.148 seconds
[2024-04-04T18:19:50.112+0000] {processor.py:161} INFO - Started process (PID=46994) to work on /home/airflow/.local/lib/python3.8/site-packages/airflow/example_dags/example_setup_teardown_taskflow.py
[2024-04-04T18:19:50.114+0000] {processor.py:830} INFO - Processing file /home/airflow/.local/lib/python3.8/site-packages/airflow/example_dags/example_setup_teardown_taskflow.py for tasks to queue
[2024-04-04T18:19:50.116+0000] {logging_mixin.py:188} INFO - [2024-04-04T18:19:50.115+0000] {dagbag.py:538} INFO - Filling up the DagBag from /home/airflow/.local/lib/python3.8/site-packages/airflow/example_dags/example_setup_teardown_taskflow.py
[2024-04-04T18:19:50.134+0000] {processor.py:840} INFO - DAG(s) 'example_setup_teardown_taskflow' retrieved from /home/airflow/.local/lib/python3.8/site-packages/airflow/example_dags/example_setup_teardown_taskflow.py
[2024-04-04T18:19:50.180+0000] {logging_mixin.py:188} INFO - [2024-04-04T18:19:50.179+0000] {dag.py:3036} INFO - Sync 1 DAGs
[2024-04-04T18:19:50.218+0000] {logging_mixin.py:188} INFO - [2024-04-04T18:19:50.217+0000] {dag.py:3823} INFO - Setting next_dagrun for example_setup_teardown_taskflow to 2024-04-03 00:00:00+00:00, run_after=2024-04-04 00:00:00+00:00
[2024-04-04T18:19:50.255+0000] {processor.py:183} INFO - Processing /home/airflow/.local/lib/python3.8/site-packages/airflow/example_dags/example_setup_teardown_taskflow.py took 0.149 seconds
[2024-04-04T18:20:20.628+0000] {processor.py:161} INFO - Started process (PID=47054) to work on /home/airflow/.local/lib/python3.8/site-packages/airflow/example_dags/example_setup_teardown_taskflow.py
[2024-04-04T18:20:20.631+0000] {processor.py:830} INFO - Processing file /home/airflow/.local/lib/python3.8/site-packages/airflow/example_dags/example_setup_teardown_taskflow.py for tasks to queue
[2024-04-04T18:20:20.636+0000] {logging_mixin.py:188} INFO - [2024-04-04T18:20:20.635+0000] {dagbag.py:538} INFO - Filling up the DagBag from /home/airflow/.local/lib/python3.8/site-packages/airflow/example_dags/example_setup_teardown_taskflow.py
[2024-04-04T18:20:20.683+0000] {processor.py:840} INFO - DAG(s) 'example_setup_teardown_taskflow' retrieved from /home/airflow/.local/lib/python3.8/site-packages/airflow/example_dags/example_setup_teardown_taskflow.py
[2024-04-04T18:20:20.778+0000] {logging_mixin.py:188} INFO - [2024-04-04T18:20:20.777+0000] {dag.py:3036} INFO - Sync 1 DAGs
[2024-04-04T18:20:20.860+0000] {logging_mixin.py:188} INFO - [2024-04-04T18:20:20.860+0000] {dag.py:3823} INFO - Setting next_dagrun for example_setup_teardown_taskflow to 2024-04-03 00:00:00+00:00, run_after=2024-04-04 00:00:00+00:00
[2024-04-04T18:20:20.936+0000] {processor.py:183} INFO - Processing /home/airflow/.local/lib/python3.8/site-packages/airflow/example_dags/example_setup_teardown_taskflow.py took 0.324 seconds
[2024-04-04T18:20:51.419+0000] {processor.py:161} INFO - Started process (PID=47114) to work on /home/airflow/.local/lib/python3.8/site-packages/airflow/example_dags/example_setup_teardown_taskflow.py
[2024-04-04T18:20:51.427+0000] {processor.py:830} INFO - Processing file /home/airflow/.local/lib/python3.8/site-packages/airflow/example_dags/example_setup_teardown_taskflow.py for tasks to queue
[2024-04-04T18:20:51.435+0000] {logging_mixin.py:188} INFO - [2024-04-04T18:20:51.434+0000] {dagbag.py:538} INFO - Filling up the DagBag from /home/airflow/.local/lib/python3.8/site-packages/airflow/example_dags/example_setup_teardown_taskflow.py
[2024-04-04T18:20:51.546+0000] {processor.py:840} INFO - DAG(s) 'example_setup_teardown_taskflow' retrieved from /home/airflow/.local/lib/python3.8/site-packages/airflow/example_dags/example_setup_teardown_taskflow.py
[2024-04-04T18:20:51.736+0000] {logging_mixin.py:188} INFO - [2024-04-04T18:20:51.734+0000] {dag.py:3036} INFO - Sync 1 DAGs
[2024-04-04T18:20:51.913+0000] {logging_mixin.py:188} INFO - [2024-04-04T18:20:51.912+0000] {dag.py:3823} INFO - Setting next_dagrun for example_setup_teardown_taskflow to 2024-04-03 00:00:00+00:00, run_after=2024-04-04 00:00:00+00:00
[2024-04-04T18:20:52.072+0000] {processor.py:183} INFO - Processing /home/airflow/.local/lib/python3.8/site-packages/airflow/example_dags/example_setup_teardown_taskflow.py took 0.676 seconds
[2024-04-04T18:21:22.270+0000] {processor.py:161} INFO - Started process (PID=47174) to work on /home/airflow/.local/lib/python3.8/site-packages/airflow/example_dags/example_setup_teardown_taskflow.py
[2024-04-04T18:21:22.273+0000] {processor.py:830} INFO - Processing file /home/airflow/.local/lib/python3.8/site-packages/airflow/example_dags/example_setup_teardown_taskflow.py for tasks to queue
[2024-04-04T18:21:22.276+0000] {logging_mixin.py:188} INFO - [2024-04-04T18:21:22.275+0000] {dagbag.py:538} INFO - Filling up the DagBag from /home/airflow/.local/lib/python3.8/site-packages/airflow/example_dags/example_setup_teardown_taskflow.py
[2024-04-04T18:21:22.301+0000] {processor.py:840} INFO - DAG(s) 'example_setup_teardown_taskflow' retrieved from /home/airflow/.local/lib/python3.8/site-packages/airflow/example_dags/example_setup_teardown_taskflow.py
[2024-04-04T18:21:22.363+0000] {logging_mixin.py:188} INFO - [2024-04-04T18:21:22.363+0000] {dag.py:3036} INFO - Sync 1 DAGs
[2024-04-04T18:21:22.418+0000] {logging_mixin.py:188} INFO - [2024-04-04T18:21:22.418+0000] {dag.py:3823} INFO - Setting next_dagrun for example_setup_teardown_taskflow to 2024-04-03 00:00:00+00:00, run_after=2024-04-04 00:00:00+00:00
[2024-04-04T18:21:22.466+0000] {processor.py:183} INFO - Processing /home/airflow/.local/lib/python3.8/site-packages/airflow/example_dags/example_setup_teardown_taskflow.py took 0.205 seconds
[2024-04-04T18:21:52.720+0000] {processor.py:161} INFO - Started process (PID=47234) to work on /home/airflow/.local/lib/python3.8/site-packages/airflow/example_dags/example_setup_teardown_taskflow.py
[2024-04-04T18:21:52.724+0000] {processor.py:830} INFO - Processing file /home/airflow/.local/lib/python3.8/site-packages/airflow/example_dags/example_setup_teardown_taskflow.py for tasks to queue
[2024-04-04T18:21:52.728+0000] {logging_mixin.py:188} INFO - [2024-04-04T18:21:52.727+0000] {dagbag.py:538} INFO - Filling up the DagBag from /home/airflow/.local/lib/python3.8/site-packages/airflow/example_dags/example_setup_teardown_taskflow.py
[2024-04-04T18:21:52.769+0000] {processor.py:840} INFO - DAG(s) 'example_setup_teardown_taskflow' retrieved from /home/airflow/.local/lib/python3.8/site-packages/airflow/example_dags/example_setup_teardown_taskflow.py
[2024-04-04T18:21:52.888+0000] {logging_mixin.py:188} INFO - [2024-04-04T18:21:52.886+0000] {dag.py:3036} INFO - Sync 1 DAGs
[2024-04-04T18:21:52.975+0000] {logging_mixin.py:188} INFO - [2024-04-04T18:21:52.974+0000] {dag.py:3823} INFO - Setting next_dagrun for example_setup_teardown_taskflow to 2024-04-03 00:00:00+00:00, run_after=2024-04-04 00:00:00+00:00
[2024-04-04T18:21:53.054+0000] {processor.py:183} INFO - Processing /home/airflow/.local/lib/python3.8/site-packages/airflow/example_dags/example_setup_teardown_taskflow.py took 0.349 seconds
[2024-04-04T18:22:23.884+0000] {processor.py:161} INFO - Started process (PID=47294) to work on /home/airflow/.local/lib/python3.8/site-packages/airflow/example_dags/example_setup_teardown_taskflow.py
[2024-04-04T18:22:23.890+0000] {processor.py:830} INFO - Processing file /home/airflow/.local/lib/python3.8/site-packages/airflow/example_dags/example_setup_teardown_taskflow.py for tasks to queue
[2024-04-04T18:22:23.895+0000] {logging_mixin.py:188} INFO - [2024-04-04T18:22:23.893+0000] {dagbag.py:538} INFO - Filling up the DagBag from /home/airflow/.local/lib/python3.8/site-packages/airflow/example_dags/example_setup_teardown_taskflow.py
[2024-04-04T18:22:23.949+0000] {processor.py:840} INFO - DAG(s) 'example_setup_teardown_taskflow' retrieved from /home/airflow/.local/lib/python3.8/site-packages/airflow/example_dags/example_setup_teardown_taskflow.py
[2024-04-04T18:22:24.088+0000] {logging_mixin.py:188} INFO - [2024-04-04T18:22:24.087+0000] {dag.py:3036} INFO - Sync 1 DAGs
[2024-04-04T18:22:24.209+0000] {logging_mixin.py:188} INFO - [2024-04-04T18:22:24.207+0000] {dag.py:3823} INFO - Setting next_dagrun for example_setup_teardown_taskflow to 2024-04-03 00:00:00+00:00, run_after=2024-04-04 00:00:00+00:00
[2024-04-04T18:22:24.331+0000] {processor.py:183} INFO - Processing /home/airflow/.local/lib/python3.8/site-packages/airflow/example_dags/example_setup_teardown_taskflow.py took 0.471 seconds
[2024-04-04T18:22:55.275+0000] {processor.py:161} INFO - Started process (PID=47360) to work on /home/airflow/.local/lib/python3.8/site-packages/airflow/example_dags/example_setup_teardown_taskflow.py
[2024-04-04T18:22:55.290+0000] {processor.py:830} INFO - Processing file /home/airflow/.local/lib/python3.8/site-packages/airflow/example_dags/example_setup_teardown_taskflow.py for tasks to queue
[2024-04-04T18:22:55.330+0000] {logging_mixin.py:188} INFO - [2024-04-04T18:22:55.300+0000] {dagbag.py:538} INFO - Filling up the DagBag from /home/airflow/.local/lib/python3.8/site-packages/airflow/example_dags/example_setup_teardown_taskflow.py
[2024-04-04T18:22:55.492+0000] {processor.py:840} INFO - DAG(s) 'example_setup_teardown_taskflow' retrieved from /home/airflow/.local/lib/python3.8/site-packages/airflow/example_dags/example_setup_teardown_taskflow.py
[2024-04-04T18:22:55.757+0000] {logging_mixin.py:188} INFO - [2024-04-04T18:22:55.755+0000] {dag.py:3036} INFO - Sync 1 DAGs
[2024-04-04T18:22:55.960+0000] {logging_mixin.py:188} INFO - [2024-04-04T18:22:55.959+0000] {dag.py:3823} INFO - Setting next_dagrun for example_setup_teardown_taskflow to 2024-04-03 00:00:00+00:00, run_after=2024-04-04 00:00:00+00:00
[2024-04-04T18:22:56.086+0000] {processor.py:183} INFO - Processing /home/airflow/.local/lib/python3.8/site-packages/airflow/example_dags/example_setup_teardown_taskflow.py took 0.849 seconds
[2024-04-04T18:23:26.285+0000] {processor.py:161} INFO - Started process (PID=47421) to work on /home/airflow/.local/lib/python3.8/site-packages/airflow/example_dags/example_setup_teardown_taskflow.py
[2024-04-04T18:23:26.288+0000] {processor.py:830} INFO - Processing file /home/airflow/.local/lib/python3.8/site-packages/airflow/example_dags/example_setup_teardown_taskflow.py for tasks to queue
[2024-04-04T18:23:26.292+0000] {logging_mixin.py:188} INFO - [2024-04-04T18:23:26.291+0000] {dagbag.py:538} INFO - Filling up the DagBag from /home/airflow/.local/lib/python3.8/site-packages/airflow/example_dags/example_setup_teardown_taskflow.py
[2024-04-04T18:23:26.323+0000] {processor.py:840} INFO - DAG(s) 'example_setup_teardown_taskflow' retrieved from /home/airflow/.local/lib/python3.8/site-packages/airflow/example_dags/example_setup_teardown_taskflow.py
[2024-04-04T18:23:26.397+0000] {logging_mixin.py:188} INFO - [2024-04-04T18:23:26.396+0000] {dag.py:3036} INFO - Sync 1 DAGs
[2024-04-04T18:23:26.455+0000] {logging_mixin.py:188} INFO - [2024-04-04T18:23:26.454+0000] {dag.py:3823} INFO - Setting next_dagrun for example_setup_teardown_taskflow to 2024-04-03 00:00:00+00:00, run_after=2024-04-04 00:00:00+00:00
[2024-04-04T18:23:26.521+0000] {processor.py:183} INFO - Processing /home/airflow/.local/lib/python3.8/site-packages/airflow/example_dags/example_setup_teardown_taskflow.py took 0.248 seconds
[2024-04-04T19:14:52.972+0000] {processor.py:161} INFO - Started process (PID=47520) to work on /home/airflow/.local/lib/python3.8/site-packages/airflow/example_dags/example_setup_teardown_taskflow.py
[2024-04-04T19:14:52.977+0000] {processor.py:830} INFO - Processing file /home/airflow/.local/lib/python3.8/site-packages/airflow/example_dags/example_setup_teardown_taskflow.py for tasks to queue
[2024-04-04T19:14:52.983+0000] {logging_mixin.py:188} INFO - [2024-04-04T19:14:52.981+0000] {dagbag.py:538} INFO - Filling up the DagBag from /home/airflow/.local/lib/python3.8/site-packages/airflow/example_dags/example_setup_teardown_taskflow.py
[2024-04-04T19:14:53.044+0000] {processor.py:840} INFO - DAG(s) 'example_setup_teardown_taskflow' retrieved from /home/airflow/.local/lib/python3.8/site-packages/airflow/example_dags/example_setup_teardown_taskflow.py
[2024-04-04T19:14:53.236+0000] {logging_mixin.py:188} INFO - [2024-04-04T19:14:53.235+0000] {dag.py:3036} INFO - Sync 1 DAGs
[2024-04-04T19:14:53.362+0000] {logging_mixin.py:188} INFO - [2024-04-04T19:14:53.361+0000] {dag.py:3823} INFO - Setting next_dagrun for example_setup_teardown_taskflow to 2024-04-03 00:00:00+00:00, run_after=2024-04-04 00:00:00+00:00
[2024-04-04T19:14:53.460+0000] {processor.py:183} INFO - Processing /home/airflow/.local/lib/python3.8/site-packages/airflow/example_dags/example_setup_teardown_taskflow.py took 0.509 seconds
[2024-04-04T19:15:24.494+0000] {processor.py:161} INFO - Started process (PID=47581) to work on /home/airflow/.local/lib/python3.8/site-packages/airflow/example_dags/example_setup_teardown_taskflow.py
[2024-04-04T19:15:24.501+0000] {processor.py:830} INFO - Processing file /home/airflow/.local/lib/python3.8/site-packages/airflow/example_dags/example_setup_teardown_taskflow.py for tasks to queue
[2024-04-04T19:15:24.509+0000] {logging_mixin.py:188} INFO - [2024-04-04T19:15:24.506+0000] {dagbag.py:538} INFO - Filling up the DagBag from /home/airflow/.local/lib/python3.8/site-packages/airflow/example_dags/example_setup_teardown_taskflow.py
[2024-04-04T19:15:24.599+0000] {processor.py:840} INFO - DAG(s) 'example_setup_teardown_taskflow' retrieved from /home/airflow/.local/lib/python3.8/site-packages/airflow/example_dags/example_setup_teardown_taskflow.py
[2024-04-04T19:15:24.769+0000] {logging_mixin.py:188} INFO - [2024-04-04T19:15:24.768+0000] {dag.py:3036} INFO - Sync 1 DAGs
[2024-04-04T19:15:24.905+0000] {logging_mixin.py:188} INFO - [2024-04-04T19:15:24.903+0000] {dag.py:3823} INFO - Setting next_dagrun for example_setup_teardown_taskflow to 2024-04-03 00:00:00+00:00, run_after=2024-04-04 00:00:00+00:00
[2024-04-04T19:15:25.016+0000] {processor.py:183} INFO - Processing /home/airflow/.local/lib/python3.8/site-packages/airflow/example_dags/example_setup_teardown_taskflow.py took 0.569 seconds
[2024-04-04T23:15:16.401+0000] {processor.py:161} INFO - Started process (PID=47684) to work on /home/airflow/.local/lib/python3.8/site-packages/airflow/example_dags/example_setup_teardown_taskflow.py
[2024-04-04T23:15:16.408+0000] {processor.py:830} INFO - Processing file /home/airflow/.local/lib/python3.8/site-packages/airflow/example_dags/example_setup_teardown_taskflow.py for tasks to queue
[2024-04-04T23:15:16.420+0000] {logging_mixin.py:188} INFO - [2024-04-04T23:15:16.413+0000] {dagbag.py:538} INFO - Filling up the DagBag from /home/airflow/.local/lib/python3.8/site-packages/airflow/example_dags/example_setup_teardown_taskflow.py
[2024-04-04T23:15:16.585+0000] {processor.py:840} INFO - DAG(s) 'example_setup_teardown_taskflow' retrieved from /home/airflow/.local/lib/python3.8/site-packages/airflow/example_dags/example_setup_teardown_taskflow.py
[2024-04-04T23:15:16.805+0000] {logging_mixin.py:188} INFO - [2024-04-04T23:15:16.803+0000] {dag.py:3036} INFO - Sync 1 DAGs
[2024-04-04T23:15:18.112+0000] {logging_mixin.py:188} INFO - [2024-04-04T23:15:18.110+0000] {dag.py:3823} INFO - Setting next_dagrun for example_setup_teardown_taskflow to 2024-04-03 00:00:00+00:00, run_after=2024-04-04 00:00:00+00:00
[2024-04-04T23:15:18.283+0000] {processor.py:183} INFO - Processing /home/airflow/.local/lib/python3.8/site-packages/airflow/example_dags/example_setup_teardown_taskflow.py took 1.906 seconds
[2024-04-04T23:15:50.052+0000] {processor.py:161} INFO - Started process (PID=47745) to work on /home/airflow/.local/lib/python3.8/site-packages/airflow/example_dags/example_setup_teardown_taskflow.py
[2024-04-04T23:15:50.067+0000] {processor.py:830} INFO - Processing file /home/airflow/.local/lib/python3.8/site-packages/airflow/example_dags/example_setup_teardown_taskflow.py for tasks to queue
[2024-04-04T23:15:50.084+0000] {logging_mixin.py:188} INFO - [2024-04-04T23:15:50.076+0000] {dagbag.py:538} INFO - Filling up the DagBag from /home/airflow/.local/lib/python3.8/site-packages/airflow/example_dags/example_setup_teardown_taskflow.py
[2024-04-04T23:15:50.259+0000] {processor.py:840} INFO - DAG(s) 'example_setup_teardown_taskflow' retrieved from /home/airflow/.local/lib/python3.8/site-packages/airflow/example_dags/example_setup_teardown_taskflow.py
[2024-04-04T23:15:50.494+0000] {logging_mixin.py:188} INFO - [2024-04-04T23:15:50.490+0000] {dag.py:3036} INFO - Sync 1 DAGs
[2024-04-04T23:15:50.673+0000] {logging_mixin.py:188} INFO - [2024-04-04T23:15:50.669+0000] {dag.py:3823} INFO - Setting next_dagrun for example_setup_teardown_taskflow to 2024-04-03 00:00:00+00:00, run_after=2024-04-04 00:00:00+00:00
[2024-04-04T23:15:50.845+0000] {processor.py:183} INFO - Processing /home/airflow/.local/lib/python3.8/site-packages/airflow/example_dags/example_setup_teardown_taskflow.py took 0.835 seconds
[2024-04-04T23:16:21.270+0000] {processor.py:161} INFO - Started process (PID=47805) to work on /home/airflow/.local/lib/python3.8/site-packages/airflow/example_dags/example_setup_teardown_taskflow.py
[2024-04-04T23:16:21.277+0000] {processor.py:830} INFO - Processing file /home/airflow/.local/lib/python3.8/site-packages/airflow/example_dags/example_setup_teardown_taskflow.py for tasks to queue
[2024-04-04T23:16:21.286+0000] {logging_mixin.py:188} INFO - [2024-04-04T23:16:21.284+0000] {dagbag.py:538} INFO - Filling up the DagBag from /home/airflow/.local/lib/python3.8/site-packages/airflow/example_dags/example_setup_teardown_taskflow.py
[2024-04-04T23:16:21.356+0000] {processor.py:840} INFO - DAG(s) 'example_setup_teardown_taskflow' retrieved from /home/airflow/.local/lib/python3.8/site-packages/airflow/example_dags/example_setup_teardown_taskflow.py
[2024-04-04T23:16:21.526+0000] {logging_mixin.py:188} INFO - [2024-04-04T23:16:21.523+0000] {dag.py:3036} INFO - Sync 1 DAGs
[2024-04-04T23:16:21.691+0000] {logging_mixin.py:188} INFO - [2024-04-04T23:16:21.689+0000] {dag.py:3823} INFO - Setting next_dagrun for example_setup_teardown_taskflow to 2024-04-03 00:00:00+00:00, run_after=2024-04-04 00:00:00+00:00
[2024-04-04T23:16:21.946+0000] {processor.py:183} INFO - Processing /home/airflow/.local/lib/python3.8/site-packages/airflow/example_dags/example_setup_teardown_taskflow.py took 0.701 seconds
[2024-04-04T23:16:52.714+0000] {processor.py:161} INFO - Started process (PID=47866) to work on /home/airflow/.local/lib/python3.8/site-packages/airflow/example_dags/example_setup_teardown_taskflow.py
[2024-04-04T23:16:52.718+0000] {processor.py:830} INFO - Processing file /home/airflow/.local/lib/python3.8/site-packages/airflow/example_dags/example_setup_teardown_taskflow.py for tasks to queue
[2024-04-04T23:16:52.722+0000] {logging_mixin.py:188} INFO - [2024-04-04T23:16:52.721+0000] {dagbag.py:538} INFO - Filling up the DagBag from /home/airflow/.local/lib/python3.8/site-packages/airflow/example_dags/example_setup_teardown_taskflow.py
[2024-04-04T23:16:52.765+0000] {processor.py:840} INFO - DAG(s) 'example_setup_teardown_taskflow' retrieved from /home/airflow/.local/lib/python3.8/site-packages/airflow/example_dags/example_setup_teardown_taskflow.py
[2024-04-04T23:16:52.867+0000] {logging_mixin.py:188} INFO - [2024-04-04T23:16:52.866+0000] {dag.py:3036} INFO - Sync 1 DAGs
[2024-04-04T23:16:52.940+0000] {logging_mixin.py:188} INFO - [2024-04-04T23:16:52.939+0000] {dag.py:3823} INFO - Setting next_dagrun for example_setup_teardown_taskflow to 2024-04-03 00:00:00+00:00, run_after=2024-04-04 00:00:00+00:00
[2024-04-04T23:16:53.014+0000] {processor.py:183} INFO - Processing /home/airflow/.local/lib/python3.8/site-packages/airflow/example_dags/example_setup_teardown_taskflow.py took 0.314 seconds
[2024-04-04T23:17:23.443+0000] {processor.py:161} INFO - Started process (PID=47926) to work on /home/airflow/.local/lib/python3.8/site-packages/airflow/example_dags/example_setup_teardown_taskflow.py
[2024-04-04T23:17:23.447+0000] {processor.py:830} INFO - Processing file /home/airflow/.local/lib/python3.8/site-packages/airflow/example_dags/example_setup_teardown_taskflow.py for tasks to queue
[2024-04-04T23:17:23.451+0000] {logging_mixin.py:188} INFO - [2024-04-04T23:17:23.450+0000] {dagbag.py:538} INFO - Filling up the DagBag from /home/airflow/.local/lib/python3.8/site-packages/airflow/example_dags/example_setup_teardown_taskflow.py
[2024-04-04T23:17:23.482+0000] {processor.py:840} INFO - DAG(s) 'example_setup_teardown_taskflow' retrieved from /home/airflow/.local/lib/python3.8/site-packages/airflow/example_dags/example_setup_teardown_taskflow.py
[2024-04-04T23:17:23.587+0000] {logging_mixin.py:188} INFO - [2024-04-04T23:17:23.586+0000] {dag.py:3036} INFO - Sync 1 DAGs
[2024-04-04T23:17:23.657+0000] {logging_mixin.py:188} INFO - [2024-04-04T23:17:23.656+0000] {dag.py:3823} INFO - Setting next_dagrun for example_setup_teardown_taskflow to 2024-04-03 00:00:00+00:00, run_after=2024-04-04 00:00:00+00:00
[2024-04-04T23:17:23.704+0000] {processor.py:183} INFO - Processing /home/airflow/.local/lib/python3.8/site-packages/airflow/example_dags/example_setup_teardown_taskflow.py took 0.276 seconds
[2024-04-04T23:17:54.101+0000] {processor.py:161} INFO - Started process (PID=47986) to work on /home/airflow/.local/lib/python3.8/site-packages/airflow/example_dags/example_setup_teardown_taskflow.py
[2024-04-04T23:17:54.104+0000] {processor.py:830} INFO - Processing file /home/airflow/.local/lib/python3.8/site-packages/airflow/example_dags/example_setup_teardown_taskflow.py for tasks to queue
[2024-04-04T23:17:54.107+0000] {logging_mixin.py:188} INFO - [2024-04-04T23:17:54.106+0000] {dagbag.py:538} INFO - Filling up the DagBag from /home/airflow/.local/lib/python3.8/site-packages/airflow/example_dags/example_setup_teardown_taskflow.py
[2024-04-04T23:17:54.131+0000] {processor.py:840} INFO - DAG(s) 'example_setup_teardown_taskflow' retrieved from /home/airflow/.local/lib/python3.8/site-packages/airflow/example_dags/example_setup_teardown_taskflow.py
[2024-04-04T23:17:54.191+0000] {logging_mixin.py:188} INFO - [2024-04-04T23:17:54.191+0000] {dag.py:3036} INFO - Sync 1 DAGs
[2024-04-04T23:17:54.241+0000] {logging_mixin.py:188} INFO - [2024-04-04T23:17:54.240+0000] {dag.py:3823} INFO - Setting next_dagrun for example_setup_teardown_taskflow to 2024-04-03 00:00:00+00:00, run_after=2024-04-04 00:00:00+00:00
[2024-04-04T23:17:54.293+0000] {processor.py:183} INFO - Processing /home/airflow/.local/lib/python3.8/site-packages/airflow/example_dags/example_setup_teardown_taskflow.py took 0.200 seconds
[2024-04-04T23:18:24.518+0000] {processor.py:161} INFO - Started process (PID=48047) to work on /home/airflow/.local/lib/python3.8/site-packages/airflow/example_dags/example_setup_teardown_taskflow.py
[2024-04-04T23:18:24.523+0000] {processor.py:830} INFO - Processing file /home/airflow/.local/lib/python3.8/site-packages/airflow/example_dags/example_setup_teardown_taskflow.py for tasks to queue
[2024-04-04T23:18:24.528+0000] {logging_mixin.py:188} INFO - [2024-04-04T23:18:24.526+0000] {dagbag.py:538} INFO - Filling up the DagBag from /home/airflow/.local/lib/python3.8/site-packages/airflow/example_dags/example_setup_teardown_taskflow.py
[2024-04-04T23:18:24.583+0000] {processor.py:840} INFO - DAG(s) 'example_setup_teardown_taskflow' retrieved from /home/airflow/.local/lib/python3.8/site-packages/airflow/example_dags/example_setup_teardown_taskflow.py
[2024-04-04T23:18:24.707+0000] {logging_mixin.py:188} INFO - [2024-04-04T23:18:24.706+0000] {dag.py:3036} INFO - Sync 1 DAGs
[2024-04-04T23:18:24.831+0000] {logging_mixin.py:188} INFO - [2024-04-04T23:18:24.827+0000] {dag.py:3823} INFO - Setting next_dagrun for example_setup_teardown_taskflow to 2024-04-03 00:00:00+00:00, run_after=2024-04-04 00:00:00+00:00
[2024-04-04T23:18:24.911+0000] {processor.py:183} INFO - Processing /home/airflow/.local/lib/python3.8/site-packages/airflow/example_dags/example_setup_teardown_taskflow.py took 0.429 seconds
[2024-04-04T23:18:55.646+0000] {processor.py:161} INFO - Started process (PID=48108) to work on /home/airflow/.local/lib/python3.8/site-packages/airflow/example_dags/example_setup_teardown_taskflow.py
[2024-04-04T23:18:55.650+0000] {processor.py:830} INFO - Processing file /home/airflow/.local/lib/python3.8/site-packages/airflow/example_dags/example_setup_teardown_taskflow.py for tasks to queue
[2024-04-04T23:18:55.656+0000] {logging_mixin.py:188} INFO - [2024-04-04T23:18:55.654+0000] {dagbag.py:538} INFO - Filling up the DagBag from /home/airflow/.local/lib/python3.8/site-packages/airflow/example_dags/example_setup_teardown_taskflow.py
[2024-04-04T23:18:55.706+0000] {processor.py:840} INFO - DAG(s) 'example_setup_teardown_taskflow' retrieved from /home/airflow/.local/lib/python3.8/site-packages/airflow/example_dags/example_setup_teardown_taskflow.py
[2024-04-04T23:18:55.831+0000] {logging_mixin.py:188} INFO - [2024-04-04T23:18:55.829+0000] {dag.py:3036} INFO - Sync 1 DAGs
[2024-04-04T23:18:55.992+0000] {logging_mixin.py:188} INFO - [2024-04-04T23:18:55.990+0000] {dag.py:3823} INFO - Setting next_dagrun for example_setup_teardown_taskflow to 2024-04-03 00:00:00+00:00, run_after=2024-04-04 00:00:00+00:00
[2024-04-04T23:18:56.106+0000] {processor.py:183} INFO - Processing /home/airflow/.local/lib/python3.8/site-packages/airflow/example_dags/example_setup_teardown_taskflow.py took 0.477 seconds
[2024-04-04T23:19:26.815+0000] {processor.py:161} INFO - Started process (PID=48168) to work on /home/airflow/.local/lib/python3.8/site-packages/airflow/example_dags/example_setup_teardown_taskflow.py
[2024-04-04T23:19:26.817+0000] {processor.py:830} INFO - Processing file /home/airflow/.local/lib/python3.8/site-packages/airflow/example_dags/example_setup_teardown_taskflow.py for tasks to queue
[2024-04-04T23:19:26.819+0000] {logging_mixin.py:188} INFO - [2024-04-04T23:19:26.819+0000] {dagbag.py:538} INFO - Filling up the DagBag from /home/airflow/.local/lib/python3.8/site-packages/airflow/example_dags/example_setup_teardown_taskflow.py
[2024-04-04T23:19:26.840+0000] {processor.py:840} INFO - DAG(s) 'example_setup_teardown_taskflow' retrieved from /home/airflow/.local/lib/python3.8/site-packages/airflow/example_dags/example_setup_teardown_taskflow.py
[2024-04-04T23:19:26.886+0000] {logging_mixin.py:188} INFO - [2024-04-04T23:19:26.886+0000] {dag.py:3036} INFO - Sync 1 DAGs
[2024-04-04T23:19:26.928+0000] {logging_mixin.py:188} INFO - [2024-04-04T23:19:26.928+0000] {dag.py:3823} INFO - Setting next_dagrun for example_setup_teardown_taskflow to 2024-04-03 00:00:00+00:00, run_after=2024-04-04 00:00:00+00:00
[2024-04-04T23:19:26.963+0000] {processor.py:183} INFO - Processing /home/airflow/.local/lib/python3.8/site-packages/airflow/example_dags/example_setup_teardown_taskflow.py took 0.155 seconds
[2024-04-04T23:19:57.435+0000] {processor.py:161} INFO - Started process (PID=48228) to work on /home/airflow/.local/lib/python3.8/site-packages/airflow/example_dags/example_setup_teardown_taskflow.py
[2024-04-04T23:19:57.438+0000] {processor.py:830} INFO - Processing file /home/airflow/.local/lib/python3.8/site-packages/airflow/example_dags/example_setup_teardown_taskflow.py for tasks to queue
[2024-04-04T23:19:57.441+0000] {logging_mixin.py:188} INFO - [2024-04-04T23:19:57.440+0000] {dagbag.py:538} INFO - Filling up the DagBag from /home/airflow/.local/lib/python3.8/site-packages/airflow/example_dags/example_setup_teardown_taskflow.py
[2024-04-04T23:19:57.463+0000] {processor.py:840} INFO - DAG(s) 'example_setup_teardown_taskflow' retrieved from /home/airflow/.local/lib/python3.8/site-packages/airflow/example_dags/example_setup_teardown_taskflow.py
[2024-04-04T23:19:57.516+0000] {logging_mixin.py:188} INFO - [2024-04-04T23:19:57.516+0000] {dag.py:3036} INFO - Sync 1 DAGs
[2024-04-04T23:19:57.560+0000] {logging_mixin.py:188} INFO - [2024-04-04T23:19:57.559+0000] {dag.py:3823} INFO - Setting next_dagrun for example_setup_teardown_taskflow to 2024-04-03 00:00:00+00:00, run_after=2024-04-04 00:00:00+00:00
[2024-04-04T23:19:57.595+0000] {processor.py:183} INFO - Processing /home/airflow/.local/lib/python3.8/site-packages/airflow/example_dags/example_setup_teardown_taskflow.py took 0.167 seconds
[2024-04-04T23:20:28.344+0000] {processor.py:161} INFO - Started process (PID=48288) to work on /home/airflow/.local/lib/python3.8/site-packages/airflow/example_dags/example_setup_teardown_taskflow.py
[2024-04-04T23:20:28.348+0000] {processor.py:830} INFO - Processing file /home/airflow/.local/lib/python3.8/site-packages/airflow/example_dags/example_setup_teardown_taskflow.py for tasks to queue
[2024-04-04T23:20:28.354+0000] {logging_mixin.py:188} INFO - [2024-04-04T23:20:28.353+0000] {dagbag.py:538} INFO - Filling up the DagBag from /home/airflow/.local/lib/python3.8/site-packages/airflow/example_dags/example_setup_teardown_taskflow.py
[2024-04-04T23:20:28.425+0000] {processor.py:840} INFO - DAG(s) 'example_setup_teardown_taskflow' retrieved from /home/airflow/.local/lib/python3.8/site-packages/airflow/example_dags/example_setup_teardown_taskflow.py
[2024-04-04T23:20:28.570+0000] {logging_mixin.py:188} INFO - [2024-04-04T23:20:28.569+0000] {dag.py:3036} INFO - Sync 1 DAGs
[2024-04-04T23:20:28.722+0000] {logging_mixin.py:188} INFO - [2024-04-04T23:20:28.721+0000] {dag.py:3823} INFO - Setting next_dagrun for example_setup_teardown_taskflow to 2024-04-03 00:00:00+00:00, run_after=2024-04-04 00:00:00+00:00
[2024-04-04T23:20:28.900+0000] {processor.py:183} INFO - Processing /home/airflow/.local/lib/python3.8/site-packages/airflow/example_dags/example_setup_teardown_taskflow.py took 0.575 seconds
[2024-04-04T23:20:59.045+0000] {processor.py:161} INFO - Started process (PID=48345) to work on /home/airflow/.local/lib/python3.8/site-packages/airflow/example_dags/example_setup_teardown_taskflow.py
[2024-04-04T23:20:59.051+0000] {processor.py:830} INFO - Processing file /home/airflow/.local/lib/python3.8/site-packages/airflow/example_dags/example_setup_teardown_taskflow.py for tasks to queue
[2024-04-04T23:20:59.057+0000] {logging_mixin.py:188} INFO - [2024-04-04T23:20:59.056+0000] {dagbag.py:538} INFO - Filling up the DagBag from /home/airflow/.local/lib/python3.8/site-packages/airflow/example_dags/example_setup_teardown_taskflow.py
[2024-04-04T23:20:59.111+0000] {processor.py:840} INFO - DAG(s) 'example_setup_teardown_taskflow' retrieved from /home/airflow/.local/lib/python3.8/site-packages/airflow/example_dags/example_setup_teardown_taskflow.py
[2024-04-04T23:20:59.236+0000] {logging_mixin.py:188} INFO - [2024-04-04T23:20:59.234+0000] {dag.py:3036} INFO - Sync 1 DAGs
[2024-04-04T23:20:59.364+0000] {logging_mixin.py:188} INFO - [2024-04-04T23:20:59.363+0000] {dag.py:3823} INFO - Setting next_dagrun for example_setup_teardown_taskflow to 2024-04-03 00:00:00+00:00, run_after=2024-04-04 00:00:00+00:00
[2024-04-04T23:20:59.482+0000] {processor.py:183} INFO - Processing /home/airflow/.local/lib/python3.8/site-packages/airflow/example_dags/example_setup_teardown_taskflow.py took 0.453 seconds
[2024-04-04T23:21:29.585+0000] {processor.py:161} INFO - Started process (PID=48404) to work on /home/airflow/.local/lib/python3.8/site-packages/airflow/example_dags/example_setup_teardown_taskflow.py
[2024-04-04T23:21:29.588+0000] {processor.py:830} INFO - Processing file /home/airflow/.local/lib/python3.8/site-packages/airflow/example_dags/example_setup_teardown_taskflow.py for tasks to queue
[2024-04-04T23:21:29.590+0000] {logging_mixin.py:188} INFO - [2024-04-04T23:21:29.590+0000] {dagbag.py:538} INFO - Filling up the DagBag from /home/airflow/.local/lib/python3.8/site-packages/airflow/example_dags/example_setup_teardown_taskflow.py
[2024-04-04T23:21:29.614+0000] {processor.py:840} INFO - DAG(s) 'example_setup_teardown_taskflow' retrieved from /home/airflow/.local/lib/python3.8/site-packages/airflow/example_dags/example_setup_teardown_taskflow.py
[2024-04-04T23:21:29.667+0000] {logging_mixin.py:188} INFO - [2024-04-04T23:21:29.666+0000] {dag.py:3036} INFO - Sync 1 DAGs
[2024-04-04T23:21:29.715+0000] {logging_mixin.py:188} INFO - [2024-04-04T23:21:29.715+0000] {dag.py:3823} INFO - Setting next_dagrun for example_setup_teardown_taskflow to 2024-04-03 00:00:00+00:00, run_after=2024-04-04 00:00:00+00:00
[2024-04-04T23:21:29.761+0000] {processor.py:183} INFO - Processing /home/airflow/.local/lib/python3.8/site-packages/airflow/example_dags/example_setup_teardown_taskflow.py took 0.185 seconds
[2024-04-04T23:21:59.973+0000] {processor.py:161} INFO - Started process (PID=48464) to work on /home/airflow/.local/lib/python3.8/site-packages/airflow/example_dags/example_setup_teardown_taskflow.py
[2024-04-04T23:21:59.975+0000] {processor.py:830} INFO - Processing file /home/airflow/.local/lib/python3.8/site-packages/airflow/example_dags/example_setup_teardown_taskflow.py for tasks to queue
[2024-04-04T23:21:59.978+0000] {logging_mixin.py:188} INFO - [2024-04-04T23:21:59.977+0000] {dagbag.py:538} INFO - Filling up the DagBag from /home/airflow/.local/lib/python3.8/site-packages/airflow/example_dags/example_setup_teardown_taskflow.py
[2024-04-04T23:22:00.001+0000] {processor.py:840} INFO - DAG(s) 'example_setup_teardown_taskflow' retrieved from /home/airflow/.local/lib/python3.8/site-packages/airflow/example_dags/example_setup_teardown_taskflow.py
[2024-04-04T23:22:00.061+0000] {logging_mixin.py:188} INFO - [2024-04-04T23:22:00.061+0000] {dag.py:3036} INFO - Sync 1 DAGs
[2024-04-04T23:22:00.117+0000] {logging_mixin.py:188} INFO - [2024-04-04T23:22:00.116+0000] {dag.py:3823} INFO - Setting next_dagrun for example_setup_teardown_taskflow to 2024-04-03 00:00:00+00:00, run_after=2024-04-04 00:00:00+00:00
[2024-04-04T23:22:00.163+0000] {processor.py:183} INFO - Processing /home/airflow/.local/lib/python3.8/site-packages/airflow/example_dags/example_setup_teardown_taskflow.py took 0.198 seconds
[2024-04-04T23:22:30.836+0000] {processor.py:161} INFO - Started process (PID=48524) to work on /home/airflow/.local/lib/python3.8/site-packages/airflow/example_dags/example_setup_teardown_taskflow.py
[2024-04-04T23:22:30.841+0000] {processor.py:830} INFO - Processing file /home/airflow/.local/lib/python3.8/site-packages/airflow/example_dags/example_setup_teardown_taskflow.py for tasks to queue
[2024-04-04T23:22:30.848+0000] {logging_mixin.py:188} INFO - [2024-04-04T23:22:30.846+0000] {dagbag.py:538} INFO - Filling up the DagBag from /home/airflow/.local/lib/python3.8/site-packages/airflow/example_dags/example_setup_teardown_taskflow.py
[2024-04-04T23:22:30.909+0000] {processor.py:840} INFO - DAG(s) 'example_setup_teardown_taskflow' retrieved from /home/airflow/.local/lib/python3.8/site-packages/airflow/example_dags/example_setup_teardown_taskflow.py
[2024-04-04T23:22:31.039+0000] {logging_mixin.py:188} INFO - [2024-04-04T23:22:31.037+0000] {dag.py:3036} INFO - Sync 1 DAGs
[2024-04-04T23:22:31.150+0000] {logging_mixin.py:188} INFO - [2024-04-04T23:22:31.149+0000] {dag.py:3823} INFO - Setting next_dagrun for example_setup_teardown_taskflow to 2024-04-03 00:00:00+00:00, run_after=2024-04-04 00:00:00+00:00
[2024-04-04T23:22:31.298+0000] {processor.py:183} INFO - Processing /home/airflow/.local/lib/python3.8/site-packages/airflow/example_dags/example_setup_teardown_taskflow.py took 0.481 seconds
[2024-04-04T23:23:01.872+0000] {processor.py:161} INFO - Started process (PID=48584) to work on /home/airflow/.local/lib/python3.8/site-packages/airflow/example_dags/example_setup_teardown_taskflow.py
[2024-04-04T23:23:01.881+0000] {processor.py:830} INFO - Processing file /home/airflow/.local/lib/python3.8/site-packages/airflow/example_dags/example_setup_teardown_taskflow.py for tasks to queue
[2024-04-04T23:23:01.895+0000] {logging_mixin.py:188} INFO - [2024-04-04T23:23:01.891+0000] {dagbag.py:538} INFO - Filling up the DagBag from /home/airflow/.local/lib/python3.8/site-packages/airflow/example_dags/example_setup_teardown_taskflow.py
[2024-04-04T23:23:01.994+0000] {processor.py:840} INFO - DAG(s) 'example_setup_teardown_taskflow' retrieved from /home/airflow/.local/lib/python3.8/site-packages/airflow/example_dags/example_setup_teardown_taskflow.py
[2024-04-04T23:23:02.236+0000] {logging_mixin.py:188} INFO - [2024-04-04T23:23:02.234+0000] {dag.py:3036} INFO - Sync 1 DAGs
[2024-04-04T23:23:02.451+0000] {logging_mixin.py:188} INFO - [2024-04-04T23:23:02.449+0000] {dag.py:3823} INFO - Setting next_dagrun for example_setup_teardown_taskflow to 2024-04-03 00:00:00+00:00, run_after=2024-04-04 00:00:00+00:00
[2024-04-04T23:23:02.664+0000] {processor.py:183} INFO - Processing /home/airflow/.local/lib/python3.8/site-packages/airflow/example_dags/example_setup_teardown_taskflow.py took 0.826 seconds
[2024-04-04T23:23:33.459+0000] {processor.py:161} INFO - Started process (PID=48644) to work on /home/airflow/.local/lib/python3.8/site-packages/airflow/example_dags/example_setup_teardown_taskflow.py
[2024-04-04T23:23:33.462+0000] {processor.py:830} INFO - Processing file /home/airflow/.local/lib/python3.8/site-packages/airflow/example_dags/example_setup_teardown_taskflow.py for tasks to queue
[2024-04-04T23:23:33.464+0000] {logging_mixin.py:188} INFO - [2024-04-04T23:23:33.464+0000] {dagbag.py:538} INFO - Filling up the DagBag from /home/airflow/.local/lib/python3.8/site-packages/airflow/example_dags/example_setup_teardown_taskflow.py
[2024-04-04T23:23:33.501+0000] {processor.py:840} INFO - DAG(s) 'example_setup_teardown_taskflow' retrieved from /home/airflow/.local/lib/python3.8/site-packages/airflow/example_dags/example_setup_teardown_taskflow.py
[2024-04-04T23:23:33.573+0000] {logging_mixin.py:188} INFO - [2024-04-04T23:23:33.573+0000] {dag.py:3036} INFO - Sync 1 DAGs
[2024-04-04T23:23:33.648+0000] {logging_mixin.py:188} INFO - [2024-04-04T23:23:33.647+0000] {dag.py:3823} INFO - Setting next_dagrun for example_setup_teardown_taskflow to 2024-04-03 00:00:00+00:00, run_after=2024-04-04 00:00:00+00:00
[2024-04-04T23:23:33.731+0000] {processor.py:183} INFO - Processing /home/airflow/.local/lib/python3.8/site-packages/airflow/example_dags/example_setup_teardown_taskflow.py took 0.281 seconds
[2024-04-04T23:24:03.942+0000] {processor.py:161} INFO - Started process (PID=48704) to work on /home/airflow/.local/lib/python3.8/site-packages/airflow/example_dags/example_setup_teardown_taskflow.py
[2024-04-04T23:24:03.944+0000] {processor.py:830} INFO - Processing file /home/airflow/.local/lib/python3.8/site-packages/airflow/example_dags/example_setup_teardown_taskflow.py for tasks to queue
[2024-04-04T23:24:03.947+0000] {logging_mixin.py:188} INFO - [2024-04-04T23:24:03.946+0000] {dagbag.py:538} INFO - Filling up the DagBag from /home/airflow/.local/lib/python3.8/site-packages/airflow/example_dags/example_setup_teardown_taskflow.py
[2024-04-04T23:24:03.976+0000] {processor.py:840} INFO - DAG(s) 'example_setup_teardown_taskflow' retrieved from /home/airflow/.local/lib/python3.8/site-packages/airflow/example_dags/example_setup_teardown_taskflow.py
[2024-04-04T23:24:04.034+0000] {logging_mixin.py:188} INFO - [2024-04-04T23:24:04.033+0000] {dag.py:3036} INFO - Sync 1 DAGs
[2024-04-04T23:24:04.093+0000] {logging_mixin.py:188} INFO - [2024-04-04T23:24:04.092+0000] {dag.py:3823} INFO - Setting next_dagrun for example_setup_teardown_taskflow to 2024-04-03 00:00:00+00:00, run_after=2024-04-04 00:00:00+00:00
[2024-04-04T23:24:04.142+0000] {processor.py:183} INFO - Processing /home/airflow/.local/lib/python3.8/site-packages/airflow/example_dags/example_setup_teardown_taskflow.py took 0.209 seconds
[2024-04-04T23:24:34.239+0000] {processor.py:161} INFO - Started process (PID=48765) to work on /home/airflow/.local/lib/python3.8/site-packages/airflow/example_dags/example_setup_teardown_taskflow.py
[2024-04-04T23:24:34.242+0000] {processor.py:830} INFO - Processing file /home/airflow/.local/lib/python3.8/site-packages/airflow/example_dags/example_setup_teardown_taskflow.py for tasks to queue
[2024-04-04T23:24:34.246+0000] {logging_mixin.py:188} INFO - [2024-04-04T23:24:34.245+0000] {dagbag.py:538} INFO - Filling up the DagBag from /home/airflow/.local/lib/python3.8/site-packages/airflow/example_dags/example_setup_teardown_taskflow.py
[2024-04-04T23:24:34.285+0000] {processor.py:840} INFO - DAG(s) 'example_setup_teardown_taskflow' retrieved from /home/airflow/.local/lib/python3.8/site-packages/airflow/example_dags/example_setup_teardown_taskflow.py
[2024-04-04T23:24:34.369+0000] {logging_mixin.py:188} INFO - [2024-04-04T23:24:34.368+0000] {dag.py:3036} INFO - Sync 1 DAGs
[2024-04-04T23:24:34.449+0000] {logging_mixin.py:188} INFO - [2024-04-04T23:24:34.448+0000] {dag.py:3823} INFO - Setting next_dagrun for example_setup_teardown_taskflow to 2024-04-03 00:00:00+00:00, run_after=2024-04-04 00:00:00+00:00
[2024-04-04T23:24:34.519+0000] {processor.py:183} INFO - Processing /home/airflow/.local/lib/python3.8/site-packages/airflow/example_dags/example_setup_teardown_taskflow.py took 0.292 seconds
[2024-04-04T23:25:06.720+0000] {processor.py:161} INFO - Started process (PID=48827) to work on /home/airflow/.local/lib/python3.8/site-packages/airflow/example_dags/example_setup_teardown_taskflow.py
[2024-04-04T23:25:06.725+0000] {processor.py:830} INFO - Processing file /home/airflow/.local/lib/python3.8/site-packages/airflow/example_dags/example_setup_teardown_taskflow.py for tasks to queue
[2024-04-04T23:25:06.732+0000] {logging_mixin.py:188} INFO - [2024-04-04T23:25:06.730+0000] {dagbag.py:538} INFO - Filling up the DagBag from /home/airflow/.local/lib/python3.8/site-packages/airflow/example_dags/example_setup_teardown_taskflow.py
[2024-04-04T23:25:06.798+0000] {processor.py:840} INFO - DAG(s) 'example_setup_teardown_taskflow' retrieved from /home/airflow/.local/lib/python3.8/site-packages/airflow/example_dags/example_setup_teardown_taskflow.py
[2024-04-04T23:25:06.945+0000] {logging_mixin.py:188} INFO - [2024-04-04T23:25:06.943+0000] {dag.py:3036} INFO - Sync 1 DAGs
[2024-04-04T23:25:07.108+0000] {logging_mixin.py:188} INFO - [2024-04-04T23:25:07.106+0000] {dag.py:3823} INFO - Setting next_dagrun for example_setup_teardown_taskflow to 2024-04-03 00:00:00+00:00, run_after=2024-04-04 00:00:00+00:00
[2024-04-04T23:25:07.310+0000] {processor.py:183} INFO - Processing /home/airflow/.local/lib/python3.8/site-packages/airflow/example_dags/example_setup_teardown_taskflow.py took 0.616 seconds
[2024-04-04T23:25:37.907+0000] {processor.py:161} INFO - Started process (PID=48887) to work on /home/airflow/.local/lib/python3.8/site-packages/airflow/example_dags/example_setup_teardown_taskflow.py
[2024-04-04T23:25:37.913+0000] {processor.py:830} INFO - Processing file /home/airflow/.local/lib/python3.8/site-packages/airflow/example_dags/example_setup_teardown_taskflow.py for tasks to queue
[2024-04-04T23:25:37.920+0000] {logging_mixin.py:188} INFO - [2024-04-04T23:25:37.918+0000] {dagbag.py:538} INFO - Filling up the DagBag from /home/airflow/.local/lib/python3.8/site-packages/airflow/example_dags/example_setup_teardown_taskflow.py
[2024-04-04T23:25:37.968+0000] {processor.py:840} INFO - DAG(s) 'example_setup_teardown_taskflow' retrieved from /home/airflow/.local/lib/python3.8/site-packages/airflow/example_dags/example_setup_teardown_taskflow.py
[2024-04-04T23:25:38.053+0000] {logging_mixin.py:188} INFO - [2024-04-04T23:25:38.052+0000] {dag.py:3036} INFO - Sync 1 DAGs
[2024-04-04T23:25:38.150+0000] {logging_mixin.py:188} INFO - [2024-04-04T23:25:38.149+0000] {dag.py:3823} INFO - Setting next_dagrun for example_setup_teardown_taskflow to 2024-04-03 00:00:00+00:00, run_after=2024-04-04 00:00:00+00:00
[2024-04-04T23:25:38.223+0000] {processor.py:183} INFO - Processing /home/airflow/.local/lib/python3.8/site-packages/airflow/example_dags/example_setup_teardown_taskflow.py took 0.334 seconds
[2024-04-04T23:26:08.967+0000] {processor.py:161} INFO - Started process (PID=48947) to work on /home/airflow/.local/lib/python3.8/site-packages/airflow/example_dags/example_setup_teardown_taskflow.py
[2024-04-04T23:26:08.970+0000] {processor.py:830} INFO - Processing file /home/airflow/.local/lib/python3.8/site-packages/airflow/example_dags/example_setup_teardown_taskflow.py for tasks to queue
[2024-04-04T23:26:08.973+0000] {logging_mixin.py:188} INFO - [2024-04-04T23:26:08.972+0000] {dagbag.py:538} INFO - Filling up the DagBag from /home/airflow/.local/lib/python3.8/site-packages/airflow/example_dags/example_setup_teardown_taskflow.py
[2024-04-04T23:26:09.000+0000] {processor.py:840} INFO - DAG(s) 'example_setup_teardown_taskflow' retrieved from /home/airflow/.local/lib/python3.8/site-packages/airflow/example_dags/example_setup_teardown_taskflow.py
[2024-04-04T23:26:09.064+0000] {logging_mixin.py:188} INFO - [2024-04-04T23:26:09.064+0000] {dag.py:3036} INFO - Sync 1 DAGs
[2024-04-04T23:26:09.117+0000] {logging_mixin.py:188} INFO - [2024-04-04T23:26:09.116+0000] {dag.py:3823} INFO - Setting next_dagrun for example_setup_teardown_taskflow to 2024-04-03 00:00:00+00:00, run_after=2024-04-04 00:00:00+00:00
[2024-04-04T23:26:09.172+0000] {processor.py:183} INFO - Processing /home/airflow/.local/lib/python3.8/site-packages/airflow/example_dags/example_setup_teardown_taskflow.py took 0.214 seconds
[2024-04-04T23:26:39.356+0000] {processor.py:161} INFO - Started process (PID=49008) to work on /home/airflow/.local/lib/python3.8/site-packages/airflow/example_dags/example_setup_teardown_taskflow.py
[2024-04-04T23:26:39.359+0000] {processor.py:830} INFO - Processing file /home/airflow/.local/lib/python3.8/site-packages/airflow/example_dags/example_setup_teardown_taskflow.py for tasks to queue
[2024-04-04T23:26:39.362+0000] {logging_mixin.py:188} INFO - [2024-04-04T23:26:39.361+0000] {dagbag.py:538} INFO - Filling up the DagBag from /home/airflow/.local/lib/python3.8/site-packages/airflow/example_dags/example_setup_teardown_taskflow.py
[2024-04-04T23:26:39.389+0000] {processor.py:840} INFO - DAG(s) 'example_setup_teardown_taskflow' retrieved from /home/airflow/.local/lib/python3.8/site-packages/airflow/example_dags/example_setup_teardown_taskflow.py
[2024-04-04T23:26:39.458+0000] {logging_mixin.py:188} INFO - [2024-04-04T23:26:39.458+0000] {dag.py:3036} INFO - Sync 1 DAGs
[2024-04-04T23:26:39.520+0000] {logging_mixin.py:188} INFO - [2024-04-04T23:26:39.519+0000] {dag.py:3823} INFO - Setting next_dagrun for example_setup_teardown_taskflow to 2024-04-03 00:00:00+00:00, run_after=2024-04-04 00:00:00+00:00
[2024-04-04T23:26:39.580+0000] {processor.py:183} INFO - Processing /home/airflow/.local/lib/python3.8/site-packages/airflow/example_dags/example_setup_teardown_taskflow.py took 0.233 seconds
[2024-04-04T23:27:17.118+0000] {processor.py:161} INFO - Started process (PID=49075) to work on /home/airflow/.local/lib/python3.8/site-packages/airflow/example_dags/example_setup_teardown_taskflow.py
[2024-04-04T23:27:17.124+0000] {processor.py:830} INFO - Processing file /home/airflow/.local/lib/python3.8/site-packages/airflow/example_dags/example_setup_teardown_taskflow.py for tasks to queue
[2024-04-04T23:27:17.130+0000] {logging_mixin.py:188} INFO - [2024-04-04T23:27:17.128+0000] {dagbag.py:538} INFO - Filling up the DagBag from /home/airflow/.local/lib/python3.8/site-packages/airflow/example_dags/example_setup_teardown_taskflow.py
[2024-04-04T23:27:17.189+0000] {processor.py:840} INFO - DAG(s) 'example_setup_teardown_taskflow' retrieved from /home/airflow/.local/lib/python3.8/site-packages/airflow/example_dags/example_setup_teardown_taskflow.py
[2024-04-04T23:27:17.327+0000] {logging_mixin.py:188} INFO - [2024-04-04T23:27:17.325+0000] {dag.py:3036} INFO - Sync 1 DAGs
[2024-04-04T23:27:17.522+0000] {logging_mixin.py:188} INFO - [2024-04-04T23:27:17.521+0000] {dag.py:3823} INFO - Setting next_dagrun for example_setup_teardown_taskflow to 2024-04-03 00:00:00+00:00, run_after=2024-04-04 00:00:00+00:00
[2024-04-04T23:27:17.641+0000] {processor.py:183} INFO - Processing /home/airflow/.local/lib/python3.8/site-packages/airflow/example_dags/example_setup_teardown_taskflow.py took 0.540 seconds
[2024-04-04T23:27:48.628+0000] {processor.py:161} INFO - Started process (PID=49135) to work on /home/airflow/.local/lib/python3.8/site-packages/airflow/example_dags/example_setup_teardown_taskflow.py
[2024-04-04T23:27:48.632+0000] {processor.py:830} INFO - Processing file /home/airflow/.local/lib/python3.8/site-packages/airflow/example_dags/example_setup_teardown_taskflow.py for tasks to queue
[2024-04-04T23:27:48.637+0000] {logging_mixin.py:188} INFO - [2024-04-04T23:27:48.636+0000] {dagbag.py:538} INFO - Filling up the DagBag from /home/airflow/.local/lib/python3.8/site-packages/airflow/example_dags/example_setup_teardown_taskflow.py
[2024-04-04T23:27:48.692+0000] {processor.py:840} INFO - DAG(s) 'example_setup_teardown_taskflow' retrieved from /home/airflow/.local/lib/python3.8/site-packages/airflow/example_dags/example_setup_teardown_taskflow.py
[2024-04-04T23:27:48.829+0000] {logging_mixin.py:188} INFO - [2024-04-04T23:27:48.828+0000] {dag.py:3036} INFO - Sync 1 DAGs
[2024-04-04T23:27:48.965+0000] {logging_mixin.py:188} INFO - [2024-04-04T23:27:48.963+0000] {dag.py:3823} INFO - Setting next_dagrun for example_setup_teardown_taskflow to 2024-04-03 00:00:00+00:00, run_after=2024-04-04 00:00:00+00:00
[2024-04-04T23:27:49.067+0000] {processor.py:183} INFO - Processing /home/airflow/.local/lib/python3.8/site-packages/airflow/example_dags/example_setup_teardown_taskflow.py took 0.457 seconds
[2024-04-04T23:28:19.666+0000] {processor.py:161} INFO - Started process (PID=49195) to work on /home/airflow/.local/lib/python3.8/site-packages/airflow/example_dags/example_setup_teardown_taskflow.py
[2024-04-04T23:28:19.671+0000] {processor.py:830} INFO - Processing file /home/airflow/.local/lib/python3.8/site-packages/airflow/example_dags/example_setup_teardown_taskflow.py for tasks to queue
[2024-04-04T23:28:19.677+0000] {logging_mixin.py:188} INFO - [2024-04-04T23:28:19.675+0000] {dagbag.py:538} INFO - Filling up the DagBag from /home/airflow/.local/lib/python3.8/site-packages/airflow/example_dags/example_setup_teardown_taskflow.py
[2024-04-04T23:28:19.732+0000] {processor.py:840} INFO - DAG(s) 'example_setup_teardown_taskflow' retrieved from /home/airflow/.local/lib/python3.8/site-packages/airflow/example_dags/example_setup_teardown_taskflow.py
[2024-04-04T23:28:19.902+0000] {logging_mixin.py:188} INFO - [2024-04-04T23:28:19.900+0000] {dag.py:3036} INFO - Sync 1 DAGs
[2024-04-04T23:28:20.129+0000] {logging_mixin.py:188} INFO - [2024-04-04T23:28:20.127+0000] {dag.py:3823} INFO - Setting next_dagrun for example_setup_teardown_taskflow to 2024-04-03 00:00:00+00:00, run_after=2024-04-04 00:00:00+00:00
[2024-04-04T23:28:20.279+0000] {processor.py:183} INFO - Processing /home/airflow/.local/lib/python3.8/site-packages/airflow/example_dags/example_setup_teardown_taskflow.py took 0.634 seconds
[2024-04-04T23:28:50.470+0000] {processor.py:161} INFO - Started process (PID=49255) to work on /home/airflow/.local/lib/python3.8/site-packages/airflow/example_dags/example_setup_teardown_taskflow.py
[2024-04-04T23:28:50.472+0000] {processor.py:830} INFO - Processing file /home/airflow/.local/lib/python3.8/site-packages/airflow/example_dags/example_setup_teardown_taskflow.py for tasks to queue
[2024-04-04T23:28:50.475+0000] {logging_mixin.py:188} INFO - [2024-04-04T23:28:50.474+0000] {dagbag.py:538} INFO - Filling up the DagBag from /home/airflow/.local/lib/python3.8/site-packages/airflow/example_dags/example_setup_teardown_taskflow.py
[2024-04-04T23:28:50.507+0000] {processor.py:840} INFO - DAG(s) 'example_setup_teardown_taskflow' retrieved from /home/airflow/.local/lib/python3.8/site-packages/airflow/example_dags/example_setup_teardown_taskflow.py
[2024-04-04T23:28:50.582+0000] {logging_mixin.py:188} INFO - [2024-04-04T23:28:50.581+0000] {dag.py:3036} INFO - Sync 1 DAGs
[2024-04-04T23:28:50.638+0000] {logging_mixin.py:188} INFO - [2024-04-04T23:28:50.637+0000] {dag.py:3823} INFO - Setting next_dagrun for example_setup_teardown_taskflow to 2024-04-03 00:00:00+00:00, run_after=2024-04-04 00:00:00+00:00
[2024-04-04T23:28:50.686+0000] {processor.py:183} INFO - Processing /home/airflow/.local/lib/python3.8/site-packages/airflow/example_dags/example_setup_teardown_taskflow.py took 0.226 seconds
[2024-04-04T23:29:22.283+0000] {processor.py:161} INFO - Started process (PID=49315) to work on /home/airflow/.local/lib/python3.8/site-packages/airflow/example_dags/example_setup_teardown_taskflow.py
[2024-04-04T23:29:22.289+0000] {processor.py:830} INFO - Processing file /home/airflow/.local/lib/python3.8/site-packages/airflow/example_dags/example_setup_teardown_taskflow.py for tasks to queue
[2024-04-04T23:29:22.295+0000] {logging_mixin.py:188} INFO - [2024-04-04T23:29:22.293+0000] {dagbag.py:538} INFO - Filling up the DagBag from /home/airflow/.local/lib/python3.8/site-packages/airflow/example_dags/example_setup_teardown_taskflow.py
[2024-04-04T23:29:22.350+0000] {processor.py:840} INFO - DAG(s) 'example_setup_teardown_taskflow' retrieved from /home/airflow/.local/lib/python3.8/site-packages/airflow/example_dags/example_setup_teardown_taskflow.py
[2024-04-04T23:29:22.486+0000] {logging_mixin.py:188} INFO - [2024-04-04T23:29:22.484+0000] {dag.py:3036} INFO - Sync 1 DAGs
[2024-04-04T23:29:22.614+0000] {logging_mixin.py:188} INFO - [2024-04-04T23:29:22.613+0000] {dag.py:3823} INFO - Setting next_dagrun for example_setup_teardown_taskflow to 2024-04-03 00:00:00+00:00, run_after=2024-04-04 00:00:00+00:00
[2024-04-04T23:29:22.720+0000] {processor.py:183} INFO - Processing /home/airflow/.local/lib/python3.8/site-packages/airflow/example_dags/example_setup_teardown_taskflow.py took 0.455 seconds
[2024-04-04T23:29:54.066+0000] {processor.py:161} INFO - Started process (PID=49375) to work on /home/airflow/.local/lib/python3.8/site-packages/airflow/example_dags/example_setup_teardown_taskflow.py
[2024-04-04T23:29:54.071+0000] {processor.py:830} INFO - Processing file /home/airflow/.local/lib/python3.8/site-packages/airflow/example_dags/example_setup_teardown_taskflow.py for tasks to queue
[2024-04-04T23:29:54.077+0000] {logging_mixin.py:188} INFO - [2024-04-04T23:29:54.075+0000] {dagbag.py:538} INFO - Filling up the DagBag from /home/airflow/.local/lib/python3.8/site-packages/airflow/example_dags/example_setup_teardown_taskflow.py
[2024-04-04T23:29:54.145+0000] {processor.py:840} INFO - DAG(s) 'example_setup_teardown_taskflow' retrieved from /home/airflow/.local/lib/python3.8/site-packages/airflow/example_dags/example_setup_teardown_taskflow.py
[2024-04-04T23:29:54.292+0000] {logging_mixin.py:188} INFO - [2024-04-04T23:29:54.287+0000] {dag.py:3036} INFO - Sync 1 DAGs
[2024-04-04T23:29:54.444+0000] {logging_mixin.py:188} INFO - [2024-04-04T23:29:54.443+0000] {dag.py:3823} INFO - Setting next_dagrun for example_setup_teardown_taskflow to 2024-04-03 00:00:00+00:00, run_after=2024-04-04 00:00:00+00:00
[2024-04-04T23:29:54.515+0000] {processor.py:183} INFO - Processing /home/airflow/.local/lib/python3.8/site-packages/airflow/example_dags/example_setup_teardown_taskflow.py took 0.467 seconds
[2024-04-04T23:30:27.275+0000] {processor.py:161} INFO - Started process (PID=49436) to work on /home/airflow/.local/lib/python3.8/site-packages/airflow/example_dags/example_setup_teardown_taskflow.py
[2024-04-04T23:30:27.281+0000] {processor.py:830} INFO - Processing file /home/airflow/.local/lib/python3.8/site-packages/airflow/example_dags/example_setup_teardown_taskflow.py for tasks to queue
[2024-04-04T23:30:27.289+0000] {logging_mixin.py:188} INFO - [2024-04-04T23:30:27.287+0000] {dagbag.py:538} INFO - Filling up the DagBag from /home/airflow/.local/lib/python3.8/site-packages/airflow/example_dags/example_setup_teardown_taskflow.py
[2024-04-04T23:30:27.356+0000] {processor.py:840} INFO - DAG(s) 'example_setup_teardown_taskflow' retrieved from /home/airflow/.local/lib/python3.8/site-packages/airflow/example_dags/example_setup_teardown_taskflow.py
[2024-04-04T23:30:27.607+0000] {logging_mixin.py:188} INFO - [2024-04-04T23:30:27.605+0000] {dag.py:3036} INFO - Sync 1 DAGs
[2024-04-04T23:30:27.848+0000] {logging_mixin.py:188} INFO - [2024-04-04T23:30:27.844+0000] {dag.py:3823} INFO - Setting next_dagrun for example_setup_teardown_taskflow to 2024-04-03 00:00:00+00:00, run_after=2024-04-04 00:00:00+00:00
[2024-04-04T23:30:28.010+0000] {processor.py:183} INFO - Processing /home/airflow/.local/lib/python3.8/site-packages/airflow/example_dags/example_setup_teardown_taskflow.py took 0.755 seconds
[2024-04-04T23:30:58.958+0000] {processor.py:161} INFO - Started process (PID=49498) to work on /home/airflow/.local/lib/python3.8/site-packages/airflow/example_dags/example_setup_teardown_taskflow.py
[2024-04-04T23:30:58.967+0000] {processor.py:830} INFO - Processing file /home/airflow/.local/lib/python3.8/site-packages/airflow/example_dags/example_setup_teardown_taskflow.py for tasks to queue
[2024-04-04T23:30:58.977+0000] {logging_mixin.py:188} INFO - [2024-04-04T23:30:58.973+0000] {dagbag.py:538} INFO - Filling up the DagBag from /home/airflow/.local/lib/python3.8/site-packages/airflow/example_dags/example_setup_teardown_taskflow.py
[2024-04-04T23:30:59.060+0000] {processor.py:840} INFO - DAG(s) 'example_setup_teardown_taskflow' retrieved from /home/airflow/.local/lib/python3.8/site-packages/airflow/example_dags/example_setup_teardown_taskflow.py
[2024-04-04T23:30:59.188+0000] {logging_mixin.py:188} INFO - [2024-04-04T23:30:59.187+0000] {dag.py:3036} INFO - Sync 1 DAGs
[2024-04-04T23:30:59.281+0000] {logging_mixin.py:188} INFO - [2024-04-04T23:30:59.281+0000] {dag.py:3823} INFO - Setting next_dagrun for example_setup_teardown_taskflow to 2024-04-03 00:00:00+00:00, run_after=2024-04-04 00:00:00+00:00
[2024-04-04T23:30:59.371+0000] {processor.py:183} INFO - Processing /home/airflow/.local/lib/python3.8/site-packages/airflow/example_dags/example_setup_teardown_taskflow.py took 0.435 seconds
[2024-04-04T23:31:29.501+0000] {processor.py:161} INFO - Started process (PID=49559) to work on /home/airflow/.local/lib/python3.8/site-packages/airflow/example_dags/example_setup_teardown_taskflow.py
[2024-04-04T23:31:29.504+0000] {processor.py:830} INFO - Processing file /home/airflow/.local/lib/python3.8/site-packages/airflow/example_dags/example_setup_teardown_taskflow.py for tasks to queue
[2024-04-04T23:31:29.508+0000] {logging_mixin.py:188} INFO - [2024-04-04T23:31:29.506+0000] {dagbag.py:538} INFO - Filling up the DagBag from /home/airflow/.local/lib/python3.8/site-packages/airflow/example_dags/example_setup_teardown_taskflow.py
[2024-04-04T23:31:29.540+0000] {processor.py:840} INFO - DAG(s) 'example_setup_teardown_taskflow' retrieved from /home/airflow/.local/lib/python3.8/site-packages/airflow/example_dags/example_setup_teardown_taskflow.py
[2024-04-04T23:31:29.614+0000] {logging_mixin.py:188} INFO - [2024-04-04T23:31:29.613+0000] {dag.py:3036} INFO - Sync 1 DAGs
[2024-04-04T23:31:29.681+0000] {logging_mixin.py:188} INFO - [2024-04-04T23:31:29.681+0000] {dag.py:3823} INFO - Setting next_dagrun for example_setup_teardown_taskflow to 2024-04-03 00:00:00+00:00, run_after=2024-04-04 00:00:00+00:00
[2024-04-04T23:31:29.735+0000] {processor.py:183} INFO - Processing /home/airflow/.local/lib/python3.8/site-packages/airflow/example_dags/example_setup_teardown_taskflow.py took 0.244 seconds
