[2024-04-04T20:02:00.420+0000] {processor.py:161} INFO - Started process (PID=43468) to work on /home/airflow/.local/lib/python3.8/site-packages/airflow/example_dags/example_setup_teardown.py
[2024-04-04T20:02:00.444+0000] {processor.py:830} INFO - Processing file /home/airflow/.local/lib/python3.8/site-packages/airflow/example_dags/example_setup_teardown.py for tasks to queue
[2024-04-04T20:02:00.449+0000] {logging_mixin.py:188} INFO - [2024-04-04T20:02:00.448+0000] {dagbag.py:538} INFO - Filling up the DagBag from /home/airflow/.local/lib/python3.8/site-packages/airflow/example_dags/example_setup_teardown.py
[2024-04-04T20:02:00.495+0000] {processor.py:840} INFO - DAG(s) 'example_setup_teardown' retrieved from /home/airflow/.local/lib/python3.8/site-packages/airflow/example_dags/example_setup_teardown.py
[2024-04-04T20:02:00.616+0000] {logging_mixin.py:188} INFO - [2024-04-04T20:02:00.610+0000] {dag.py:3036} INFO - Sync 1 DAGs
[2024-04-04T20:02:00.686+0000] {logging_mixin.py:188} INFO - [2024-04-04T20:02:00.685+0000] {dag.py:3823} INFO - Setting next_dagrun for example_setup_teardown to 2024-04-03 00:00:00+00:00, run_after=2024-04-04 00:00:00+00:00
[2024-04-04T20:02:00.775+0000] {processor.py:183} INFO - Processing /home/airflow/.local/lib/python3.8/site-packages/airflow/example_dags/example_setup_teardown.py took 0.361 seconds
[2024-04-04T18:12:29.088+0000] {processor.py:161} INFO - Started process (PID=46148) to work on /home/airflow/.local/lib/python3.8/site-packages/airflow/example_dags/example_setup_teardown.py
[2024-04-04T18:12:29.090+0000] {processor.py:830} INFO - Processing file /home/airflow/.local/lib/python3.8/site-packages/airflow/example_dags/example_setup_teardown.py for tasks to queue
[2024-04-04T18:12:29.092+0000] {logging_mixin.py:188} INFO - [2024-04-04T18:12:29.091+0000] {dagbag.py:538} INFO - Filling up the DagBag from /home/airflow/.local/lib/python3.8/site-packages/airflow/example_dags/example_setup_teardown.py
[2024-04-04T18:12:29.106+0000] {processor.py:840} INFO - DAG(s) 'example_setup_teardown' retrieved from /home/airflow/.local/lib/python3.8/site-packages/airflow/example_dags/example_setup_teardown.py
[2024-04-04T18:12:29.166+0000] {logging_mixin.py:188} INFO - [2024-04-04T18:12:29.165+0000] {dag.py:3036} INFO - Sync 1 DAGs
[2024-04-04T18:12:29.215+0000] {logging_mixin.py:188} INFO - [2024-04-04T18:12:29.215+0000] {dag.py:3823} INFO - Setting next_dagrun for example_setup_teardown to 2024-04-03 00:00:00+00:00, run_after=2024-04-04 00:00:00+00:00
[2024-04-04T18:12:29.257+0000] {processor.py:183} INFO - Processing /home/airflow/.local/lib/python3.8/site-packages/airflow/example_dags/example_setup_teardown.py took 0.176 seconds
[2024-04-04T18:12:59.989+0000] {processor.py:161} INFO - Started process (PID=46208) to work on /home/airflow/.local/lib/python3.8/site-packages/airflow/example_dags/example_setup_teardown.py
[2024-04-04T18:12:59.991+0000] {processor.py:830} INFO - Processing file /home/airflow/.local/lib/python3.8/site-packages/airflow/example_dags/example_setup_teardown.py for tasks to queue
[2024-04-04T18:12:59.992+0000] {logging_mixin.py:188} INFO - [2024-04-04T18:12:59.991+0000] {dagbag.py:538} INFO - Filling up the DagBag from /home/airflow/.local/lib/python3.8/site-packages/airflow/example_dags/example_setup_teardown.py
[2024-04-04T18:12:59.999+0000] {processor.py:840} INFO - DAG(s) 'example_setup_teardown' retrieved from /home/airflow/.local/lib/python3.8/site-packages/airflow/example_dags/example_setup_teardown.py
[2024-04-04T18:13:00.030+0000] {logging_mixin.py:188} INFO - [2024-04-04T18:13:00.029+0000] {dag.py:3036} INFO - Sync 1 DAGs
[2024-04-04T18:13:00.057+0000] {logging_mixin.py:188} INFO - [2024-04-04T18:13:00.056+0000] {dag.py:3823} INFO - Setting next_dagrun for example_setup_teardown to 2024-04-03 00:00:00+00:00, run_after=2024-04-04 00:00:00+00:00
[2024-04-04T18:13:00.079+0000] {processor.py:183} INFO - Processing /home/airflow/.local/lib/python3.8/site-packages/airflow/example_dags/example_setup_teardown.py took 0.094 seconds
[2024-04-04T18:13:30.448+0000] {processor.py:161} INFO - Started process (PID=46268) to work on /home/airflow/.local/lib/python3.8/site-packages/airflow/example_dags/example_setup_teardown.py
[2024-04-04T18:13:30.449+0000] {processor.py:830} INFO - Processing file /home/airflow/.local/lib/python3.8/site-packages/airflow/example_dags/example_setup_teardown.py for tasks to queue
[2024-04-04T18:13:30.450+0000] {logging_mixin.py:188} INFO - [2024-04-04T18:13:30.450+0000] {dagbag.py:538} INFO - Filling up the DagBag from /home/airflow/.local/lib/python3.8/site-packages/airflow/example_dags/example_setup_teardown.py
[2024-04-04T18:13:30.457+0000] {processor.py:840} INFO - DAG(s) 'example_setup_teardown' retrieved from /home/airflow/.local/lib/python3.8/site-packages/airflow/example_dags/example_setup_teardown.py
[2024-04-04T18:13:30.482+0000] {logging_mixin.py:188} INFO - [2024-04-04T18:13:30.482+0000] {dag.py:3036} INFO - Sync 1 DAGs
[2024-04-04T18:13:30.505+0000] {logging_mixin.py:188} INFO - [2024-04-04T18:13:30.505+0000] {dag.py:3823} INFO - Setting next_dagrun for example_setup_teardown to 2024-04-03 00:00:00+00:00, run_after=2024-04-04 00:00:00+00:00
[2024-04-04T18:13:30.528+0000] {processor.py:183} INFO - Processing /home/airflow/.local/lib/python3.8/site-packages/airflow/example_dags/example_setup_teardown.py took 0.084 seconds
[2024-04-04T18:14:00.948+0000] {processor.py:161} INFO - Started process (PID=46328) to work on /home/airflow/.local/lib/python3.8/site-packages/airflow/example_dags/example_setup_teardown.py
[2024-04-04T18:14:00.950+0000] {processor.py:830} INFO - Processing file /home/airflow/.local/lib/python3.8/site-packages/airflow/example_dags/example_setup_teardown.py for tasks to queue
[2024-04-04T18:14:00.951+0000] {logging_mixin.py:188} INFO - [2024-04-04T18:14:00.951+0000] {dagbag.py:538} INFO - Filling up the DagBag from /home/airflow/.local/lib/python3.8/site-packages/airflow/example_dags/example_setup_teardown.py
[2024-04-04T18:14:00.958+0000] {processor.py:840} INFO - DAG(s) 'example_setup_teardown' retrieved from /home/airflow/.local/lib/python3.8/site-packages/airflow/example_dags/example_setup_teardown.py
[2024-04-04T18:14:00.984+0000] {logging_mixin.py:188} INFO - [2024-04-04T18:14:00.983+0000] {dag.py:3036} INFO - Sync 1 DAGs
[2024-04-04T18:14:01.015+0000] {logging_mixin.py:188} INFO - [2024-04-04T18:14:01.015+0000] {dag.py:3823} INFO - Setting next_dagrun for example_setup_teardown to 2024-04-03 00:00:00+00:00, run_after=2024-04-04 00:00:00+00:00
[2024-04-04T18:14:01.048+0000] {processor.py:183} INFO - Processing /home/airflow/.local/lib/python3.8/site-packages/airflow/example_dags/example_setup_teardown.py took 0.105 seconds
[2024-04-04T18:14:31.515+0000] {processor.py:161} INFO - Started process (PID=46388) to work on /home/airflow/.local/lib/python3.8/site-packages/airflow/example_dags/example_setup_teardown.py
[2024-04-04T18:14:31.517+0000] {processor.py:830} INFO - Processing file /home/airflow/.local/lib/python3.8/site-packages/airflow/example_dags/example_setup_teardown.py for tasks to queue
[2024-04-04T18:14:31.518+0000] {logging_mixin.py:188} INFO - [2024-04-04T18:14:31.518+0000] {dagbag.py:538} INFO - Filling up the DagBag from /home/airflow/.local/lib/python3.8/site-packages/airflow/example_dags/example_setup_teardown.py
[2024-04-04T18:14:31.528+0000] {processor.py:840} INFO - DAG(s) 'example_setup_teardown' retrieved from /home/airflow/.local/lib/python3.8/site-packages/airflow/example_dags/example_setup_teardown.py
[2024-04-04T18:14:31.559+0000] {logging_mixin.py:188} INFO - [2024-04-04T18:14:31.558+0000] {dag.py:3036} INFO - Sync 1 DAGs
[2024-04-04T18:14:31.594+0000] {logging_mixin.py:188} INFO - [2024-04-04T18:14:31.593+0000] {dag.py:3823} INFO - Setting next_dagrun for example_setup_teardown to 2024-04-03 00:00:00+00:00, run_after=2024-04-04 00:00:00+00:00
[2024-04-04T18:14:31.619+0000] {processor.py:183} INFO - Processing /home/airflow/.local/lib/python3.8/site-packages/airflow/example_dags/example_setup_teardown.py took 0.109 seconds
[2024-04-04T18:15:04.259+0000] {processor.py:161} INFO - Started process (PID=46448) to work on /home/airflow/.local/lib/python3.8/site-packages/airflow/example_dags/example_setup_teardown.py
[2024-04-04T18:15:04.263+0000] {processor.py:830} INFO - Processing file /home/airflow/.local/lib/python3.8/site-packages/airflow/example_dags/example_setup_teardown.py for tasks to queue
[2024-04-04T18:15:04.268+0000] {logging_mixin.py:188} INFO - [2024-04-04T18:15:04.267+0000] {dagbag.py:538} INFO - Filling up the DagBag from /home/airflow/.local/lib/python3.8/site-packages/airflow/example_dags/example_setup_teardown.py
[2024-04-04T18:15:04.293+0000] {processor.py:840} INFO - DAG(s) 'example_setup_teardown' retrieved from /home/airflow/.local/lib/python3.8/site-packages/airflow/example_dags/example_setup_teardown.py
[2024-04-04T18:15:04.400+0000] {logging_mixin.py:188} INFO - [2024-04-04T18:15:04.399+0000] {dag.py:3036} INFO - Sync 1 DAGs
[2024-04-04T18:15:04.547+0000] {logging_mixin.py:188} INFO - [2024-04-04T18:15:04.545+0000] {dag.py:3823} INFO - Setting next_dagrun for example_setup_teardown to 2024-04-03 00:00:00+00:00, run_after=2024-04-04 00:00:00+00:00
[2024-04-04T18:15:04.648+0000] {processor.py:183} INFO - Processing /home/airflow/.local/lib/python3.8/site-packages/airflow/example_dags/example_setup_teardown.py took 0.402 seconds
[2024-04-04T18:15:38.850+0000] {processor.py:161} INFO - Started process (PID=46508) to work on /home/airflow/.local/lib/python3.8/site-packages/airflow/example_dags/example_setup_teardown.py
[2024-04-04T18:15:38.855+0000] {processor.py:830} INFO - Processing file /home/airflow/.local/lib/python3.8/site-packages/airflow/example_dags/example_setup_teardown.py for tasks to queue
[2024-04-04T18:15:38.861+0000] {logging_mixin.py:188} INFO - [2024-04-04T18:15:38.859+0000] {dagbag.py:538} INFO - Filling up the DagBag from /home/airflow/.local/lib/python3.8/site-packages/airflow/example_dags/example_setup_teardown.py
[2024-04-04T18:15:38.891+0000] {processor.py:840} INFO - DAG(s) 'example_setup_teardown' retrieved from /home/airflow/.local/lib/python3.8/site-packages/airflow/example_dags/example_setup_teardown.py
[2024-04-04T18:15:39.010+0000] {logging_mixin.py:188} INFO - [2024-04-04T18:15:39.008+0000] {dag.py:3036} INFO - Sync 1 DAGs
[2024-04-04T18:15:39.121+0000] {logging_mixin.py:188} INFO - [2024-04-04T18:15:39.119+0000] {dag.py:3823} INFO - Setting next_dagrun for example_setup_teardown to 2024-04-03 00:00:00+00:00, run_after=2024-04-04 00:00:00+00:00
[2024-04-04T18:15:39.218+0000] {processor.py:183} INFO - Processing /home/airflow/.local/lib/python3.8/site-packages/airflow/example_dags/example_setup_teardown.py took 0.385 seconds
[2024-04-04T18:16:09.596+0000] {processor.py:161} INFO - Started process (PID=46568) to work on /home/airflow/.local/lib/python3.8/site-packages/airflow/example_dags/example_setup_teardown.py
[2024-04-04T18:16:09.601+0000] {processor.py:830} INFO - Processing file /home/airflow/.local/lib/python3.8/site-packages/airflow/example_dags/example_setup_teardown.py for tasks to queue
[2024-04-04T18:16:09.606+0000] {logging_mixin.py:188} INFO - [2024-04-04T18:16:09.605+0000] {dagbag.py:538} INFO - Filling up the DagBag from /home/airflow/.local/lib/python3.8/site-packages/airflow/example_dags/example_setup_teardown.py
[2024-04-04T18:16:09.639+0000] {processor.py:840} INFO - DAG(s) 'example_setup_teardown' retrieved from /home/airflow/.local/lib/python3.8/site-packages/airflow/example_dags/example_setup_teardown.py
[2024-04-04T18:16:09.748+0000] {logging_mixin.py:188} INFO - [2024-04-04T18:16:09.747+0000] {dag.py:3036} INFO - Sync 1 DAGs
[2024-04-04T18:16:09.851+0000] {logging_mixin.py:188} INFO - [2024-04-04T18:16:09.850+0000] {dag.py:3823} INFO - Setting next_dagrun for example_setup_teardown to 2024-04-03 00:00:00+00:00, run_after=2024-04-04 00:00:00+00:00
[2024-04-04T18:16:09.933+0000] {processor.py:183} INFO - Processing /home/airflow/.local/lib/python3.8/site-packages/airflow/example_dags/example_setup_teardown.py took 0.354 seconds
[2024-04-04T18:16:40.113+0000] {processor.py:161} INFO - Started process (PID=46628) to work on /home/airflow/.local/lib/python3.8/site-packages/airflow/example_dags/example_setup_teardown.py
[2024-04-04T18:16:40.115+0000] {processor.py:830} INFO - Processing file /home/airflow/.local/lib/python3.8/site-packages/airflow/example_dags/example_setup_teardown.py for tasks to queue
[2024-04-04T18:16:40.118+0000] {logging_mixin.py:188} INFO - [2024-04-04T18:16:40.117+0000] {dagbag.py:538} INFO - Filling up the DagBag from /home/airflow/.local/lib/python3.8/site-packages/airflow/example_dags/example_setup_teardown.py
[2024-04-04T18:16:40.136+0000] {processor.py:840} INFO - DAG(s) 'example_setup_teardown' retrieved from /home/airflow/.local/lib/python3.8/site-packages/airflow/example_dags/example_setup_teardown.py
[2024-04-04T18:16:40.190+0000] {logging_mixin.py:188} INFO - [2024-04-04T18:16:40.190+0000] {dag.py:3036} INFO - Sync 1 DAGs
[2024-04-04T18:16:40.240+0000] {logging_mixin.py:188} INFO - [2024-04-04T18:16:40.239+0000] {dag.py:3823} INFO - Setting next_dagrun for example_setup_teardown to 2024-04-03 00:00:00+00:00, run_after=2024-04-04 00:00:00+00:00
[2024-04-04T18:16:40.283+0000] {processor.py:183} INFO - Processing /home/airflow/.local/lib/python3.8/site-packages/airflow/example_dags/example_setup_teardown.py took 0.179 seconds
[2024-04-04T18:17:10.464+0000] {processor.py:161} INFO - Started process (PID=46689) to work on /home/airflow/.local/lib/python3.8/site-packages/airflow/example_dags/example_setup_teardown.py
[2024-04-04T18:17:10.467+0000] {processor.py:830} INFO - Processing file /home/airflow/.local/lib/python3.8/site-packages/airflow/example_dags/example_setup_teardown.py for tasks to queue
[2024-04-04T18:17:10.469+0000] {logging_mixin.py:188} INFO - [2024-04-04T18:17:10.468+0000] {dagbag.py:538} INFO - Filling up the DagBag from /home/airflow/.local/lib/python3.8/site-packages/airflow/example_dags/example_setup_teardown.py
[2024-04-04T18:17:10.484+0000] {processor.py:840} INFO - DAG(s) 'example_setup_teardown' retrieved from /home/airflow/.local/lib/python3.8/site-packages/airflow/example_dags/example_setup_teardown.py
[2024-04-04T18:17:10.532+0000] {logging_mixin.py:188} INFO - [2024-04-04T18:17:10.532+0000] {dag.py:3036} INFO - Sync 1 DAGs
[2024-04-04T18:17:10.580+0000] {logging_mixin.py:188} INFO - [2024-04-04T18:17:10.580+0000] {dag.py:3823} INFO - Setting next_dagrun for example_setup_teardown to 2024-04-03 00:00:00+00:00, run_after=2024-04-04 00:00:00+00:00
[2024-04-04T18:17:10.631+0000] {processor.py:183} INFO - Processing /home/airflow/.local/lib/python3.8/site-packages/airflow/example_dags/example_setup_teardown.py took 0.175 seconds
[2024-04-04T18:17:43.461+0000] {processor.py:161} INFO - Started process (PID=46749) to work on /home/airflow/.local/lib/python3.8/site-packages/airflow/example_dags/example_setup_teardown.py
[2024-04-04T18:17:43.467+0000] {processor.py:830} INFO - Processing file /home/airflow/.local/lib/python3.8/site-packages/airflow/example_dags/example_setup_teardown.py for tasks to queue
[2024-04-04T18:17:43.474+0000] {logging_mixin.py:188} INFO - [2024-04-04T18:17:43.472+0000] {dagbag.py:538} INFO - Filling up the DagBag from /home/airflow/.local/lib/python3.8/site-packages/airflow/example_dags/example_setup_teardown.py
[2024-04-04T18:17:43.510+0000] {processor.py:840} INFO - DAG(s) 'example_setup_teardown' retrieved from /home/airflow/.local/lib/python3.8/site-packages/airflow/example_dags/example_setup_teardown.py
[2024-04-04T18:17:43.638+0000] {logging_mixin.py:188} INFO - [2024-04-04T18:17:43.637+0000] {dag.py:3036} INFO - Sync 1 DAGs
[2024-04-04T18:17:43.766+0000] {logging_mixin.py:188} INFO - [2024-04-04T18:17:43.765+0000] {dag.py:3823} INFO - Setting next_dagrun for example_setup_teardown to 2024-04-03 00:00:00+00:00, run_after=2024-04-04 00:00:00+00:00
[2024-04-04T18:17:43.871+0000] {processor.py:183} INFO - Processing /home/airflow/.local/lib/python3.8/site-packages/airflow/example_dags/example_setup_teardown.py took 0.429 seconds
[2024-04-04T18:18:15.124+0000] {processor.py:161} INFO - Started process (PID=46809) to work on /home/airflow/.local/lib/python3.8/site-packages/airflow/example_dags/example_setup_teardown.py
[2024-04-04T18:18:15.133+0000] {processor.py:830} INFO - Processing file /home/airflow/.local/lib/python3.8/site-packages/airflow/example_dags/example_setup_teardown.py for tasks to queue
[2024-04-04T18:18:15.140+0000] {logging_mixin.py:188} INFO - [2024-04-04T18:18:15.137+0000] {dagbag.py:538} INFO - Filling up the DagBag from /home/airflow/.local/lib/python3.8/site-packages/airflow/example_dags/example_setup_teardown.py
[2024-04-04T18:18:15.188+0000] {processor.py:840} INFO - DAG(s) 'example_setup_teardown' retrieved from /home/airflow/.local/lib/python3.8/site-packages/airflow/example_dags/example_setup_teardown.py
[2024-04-04T18:18:15.325+0000] {logging_mixin.py:188} INFO - [2024-04-04T18:18:15.324+0000] {dag.py:3036} INFO - Sync 1 DAGs
[2024-04-04T18:18:15.638+0000] {logging_mixin.py:188} INFO - [2024-04-04T18:18:15.636+0000] {dag.py:3823} INFO - Setting next_dagrun for example_setup_teardown to 2024-04-03 00:00:00+00:00, run_after=2024-04-04 00:00:00+00:00
[2024-04-04T18:18:15.848+0000] {processor.py:183} INFO - Processing /home/airflow/.local/lib/python3.8/site-packages/airflow/example_dags/example_setup_teardown.py took 0.749 seconds
[2024-04-04T18:18:46.208+0000] {processor.py:161} INFO - Started process (PID=46869) to work on /home/airflow/.local/lib/python3.8/site-packages/airflow/example_dags/example_setup_teardown.py
[2024-04-04T18:18:46.213+0000] {processor.py:830} INFO - Processing file /home/airflow/.local/lib/python3.8/site-packages/airflow/example_dags/example_setup_teardown.py for tasks to queue
[2024-04-04T18:18:46.219+0000] {logging_mixin.py:188} INFO - [2024-04-04T18:18:46.217+0000] {dagbag.py:538} INFO - Filling up the DagBag from /home/airflow/.local/lib/python3.8/site-packages/airflow/example_dags/example_setup_teardown.py
[2024-04-04T18:18:46.258+0000] {processor.py:840} INFO - DAG(s) 'example_setup_teardown' retrieved from /home/airflow/.local/lib/python3.8/site-packages/airflow/example_dags/example_setup_teardown.py
[2024-04-04T18:18:46.373+0000] {logging_mixin.py:188} INFO - [2024-04-04T18:18:46.371+0000] {dag.py:3036} INFO - Sync 1 DAGs
[2024-04-04T18:18:46.519+0000] {logging_mixin.py:188} INFO - [2024-04-04T18:18:46.518+0000] {dag.py:3823} INFO - Setting next_dagrun for example_setup_teardown to 2024-04-03 00:00:00+00:00, run_after=2024-04-04 00:00:00+00:00
[2024-04-04T18:18:46.606+0000] {processor.py:183} INFO - Processing /home/airflow/.local/lib/python3.8/site-packages/airflow/example_dags/example_setup_teardown.py took 0.417 seconds
[2024-04-04T18:19:16.922+0000] {processor.py:161} INFO - Started process (PID=46929) to work on /home/airflow/.local/lib/python3.8/site-packages/airflow/example_dags/example_setup_teardown.py
[2024-04-04T18:19:16.925+0000] {processor.py:830} INFO - Processing file /home/airflow/.local/lib/python3.8/site-packages/airflow/example_dags/example_setup_teardown.py for tasks to queue
[2024-04-04T18:19:16.927+0000] {logging_mixin.py:188} INFO - [2024-04-04T18:19:16.926+0000] {dagbag.py:538} INFO - Filling up the DagBag from /home/airflow/.local/lib/python3.8/site-packages/airflow/example_dags/example_setup_teardown.py
[2024-04-04T18:19:16.942+0000] {processor.py:840} INFO - DAG(s) 'example_setup_teardown' retrieved from /home/airflow/.local/lib/python3.8/site-packages/airflow/example_dags/example_setup_teardown.py
[2024-04-04T18:19:16.989+0000] {logging_mixin.py:188} INFO - [2024-04-04T18:19:16.988+0000] {dag.py:3036} INFO - Sync 1 DAGs
[2024-04-04T18:19:17.036+0000] {logging_mixin.py:188} INFO - [2024-04-04T18:19:17.035+0000] {dag.py:3823} INFO - Setting next_dagrun for example_setup_teardown to 2024-04-03 00:00:00+00:00, run_after=2024-04-04 00:00:00+00:00
[2024-04-04T18:19:17.078+0000] {processor.py:183} INFO - Processing /home/airflow/.local/lib/python3.8/site-packages/airflow/example_dags/example_setup_teardown.py took 0.163 seconds
[2024-04-04T18:19:47.742+0000] {processor.py:161} INFO - Started process (PID=46989) to work on /home/airflow/.local/lib/python3.8/site-packages/airflow/example_dags/example_setup_teardown.py
[2024-04-04T18:19:47.744+0000] {processor.py:830} INFO - Processing file /home/airflow/.local/lib/python3.8/site-packages/airflow/example_dags/example_setup_teardown.py for tasks to queue
[2024-04-04T18:19:47.747+0000] {logging_mixin.py:188} INFO - [2024-04-04T18:19:47.747+0000] {dagbag.py:538} INFO - Filling up the DagBag from /home/airflow/.local/lib/python3.8/site-packages/airflow/example_dags/example_setup_teardown.py
[2024-04-04T18:19:47.764+0000] {processor.py:840} INFO - DAG(s) 'example_setup_teardown' retrieved from /home/airflow/.local/lib/python3.8/site-packages/airflow/example_dags/example_setup_teardown.py
[2024-04-04T18:19:47.821+0000] {logging_mixin.py:188} INFO - [2024-04-04T18:19:47.820+0000] {dag.py:3036} INFO - Sync 1 DAGs
[2024-04-04T18:19:47.870+0000] {logging_mixin.py:188} INFO - [2024-04-04T18:19:47.869+0000] {dag.py:3823} INFO - Setting next_dagrun for example_setup_teardown to 2024-04-03 00:00:00+00:00, run_after=2024-04-04 00:00:00+00:00
[2024-04-04T18:19:47.914+0000] {processor.py:183} INFO - Processing /home/airflow/.local/lib/python3.8/site-packages/airflow/example_dags/example_setup_teardown.py took 0.181 seconds
[2024-04-04T18:20:18.383+0000] {processor.py:161} INFO - Started process (PID=47049) to work on /home/airflow/.local/lib/python3.8/site-packages/airflow/example_dags/example_setup_teardown.py
[2024-04-04T18:20:18.389+0000] {processor.py:830} INFO - Processing file /home/airflow/.local/lib/python3.8/site-packages/airflow/example_dags/example_setup_teardown.py for tasks to queue
[2024-04-04T18:20:18.394+0000] {logging_mixin.py:188} INFO - [2024-04-04T18:20:18.392+0000] {dagbag.py:538} INFO - Filling up the DagBag from /home/airflow/.local/lib/python3.8/site-packages/airflow/example_dags/example_setup_teardown.py
[2024-04-04T18:20:18.427+0000] {processor.py:840} INFO - DAG(s) 'example_setup_teardown' retrieved from /home/airflow/.local/lib/python3.8/site-packages/airflow/example_dags/example_setup_teardown.py
[2024-04-04T18:20:18.528+0000] {logging_mixin.py:188} INFO - [2024-04-04T18:20:18.527+0000] {dag.py:3036} INFO - Sync 1 DAGs
[2024-04-04T18:20:18.609+0000] {logging_mixin.py:188} INFO - [2024-04-04T18:20:18.609+0000] {dag.py:3823} INFO - Setting next_dagrun for example_setup_teardown to 2024-04-03 00:00:00+00:00, run_after=2024-04-04 00:00:00+00:00
[2024-04-04T18:20:18.685+0000] {processor.py:183} INFO - Processing /home/airflow/.local/lib/python3.8/site-packages/airflow/example_dags/example_setup_teardown.py took 0.317 seconds
[2024-04-04T18:20:48.865+0000] {processor.py:161} INFO - Started process (PID=47108) to work on /home/airflow/.local/lib/python3.8/site-packages/airflow/example_dags/example_setup_teardown.py
[2024-04-04T18:20:48.869+0000] {processor.py:830} INFO - Processing file /home/airflow/.local/lib/python3.8/site-packages/airflow/example_dags/example_setup_teardown.py for tasks to queue
[2024-04-04T18:20:48.873+0000] {logging_mixin.py:188} INFO - [2024-04-04T18:20:48.872+0000] {dagbag.py:538} INFO - Filling up the DagBag from /home/airflow/.local/lib/python3.8/site-packages/airflow/example_dags/example_setup_teardown.py
[2024-04-04T18:20:48.903+0000] {processor.py:840} INFO - DAG(s) 'example_setup_teardown' retrieved from /home/airflow/.local/lib/python3.8/site-packages/airflow/example_dags/example_setup_teardown.py
[2024-04-04T18:20:48.996+0000] {logging_mixin.py:188} INFO - [2024-04-04T18:20:48.995+0000] {dag.py:3036} INFO - Sync 1 DAGs
[2024-04-04T18:20:49.077+0000] {logging_mixin.py:188} INFO - [2024-04-04T18:20:49.076+0000] {dag.py:3823} INFO - Setting next_dagrun for example_setup_teardown to 2024-04-03 00:00:00+00:00, run_after=2024-04-04 00:00:00+00:00
[2024-04-04T18:20:49.179+0000] {processor.py:183} INFO - Processing /home/airflow/.local/lib/python3.8/site-packages/airflow/example_dags/example_setup_teardown.py took 0.327 seconds
[2024-04-04T18:21:19.696+0000] {processor.py:161} INFO - Started process (PID=47168) to work on /home/airflow/.local/lib/python3.8/site-packages/airflow/example_dags/example_setup_teardown.py
[2024-04-04T18:21:19.698+0000] {processor.py:830} INFO - Processing file /home/airflow/.local/lib/python3.8/site-packages/airflow/example_dags/example_setup_teardown.py for tasks to queue
[2024-04-04T18:21:19.700+0000] {logging_mixin.py:188} INFO - [2024-04-04T18:21:19.700+0000] {dagbag.py:538} INFO - Filling up the DagBag from /home/airflow/.local/lib/python3.8/site-packages/airflow/example_dags/example_setup_teardown.py
[2024-04-04T18:21:19.713+0000] {processor.py:840} INFO - DAG(s) 'example_setup_teardown' retrieved from /home/airflow/.local/lib/python3.8/site-packages/airflow/example_dags/example_setup_teardown.py
[2024-04-04T18:21:19.758+0000] {logging_mixin.py:188} INFO - [2024-04-04T18:21:19.758+0000] {dag.py:3036} INFO - Sync 1 DAGs
[2024-04-04T18:21:19.801+0000] {logging_mixin.py:188} INFO - [2024-04-04T18:21:19.800+0000] {dag.py:3823} INFO - Setting next_dagrun for example_setup_teardown to 2024-04-03 00:00:00+00:00, run_after=2024-04-04 00:00:00+00:00
[2024-04-04T18:21:19.838+0000] {processor.py:183} INFO - Processing /home/airflow/.local/lib/python3.8/site-packages/airflow/example_dags/example_setup_teardown.py took 0.149 seconds
[2024-04-04T18:21:50.750+0000] {processor.py:161} INFO - Started process (PID=47229) to work on /home/airflow/.local/lib/python3.8/site-packages/airflow/example_dags/example_setup_teardown.py
[2024-04-04T18:21:50.753+0000] {processor.py:830} INFO - Processing file /home/airflow/.local/lib/python3.8/site-packages/airflow/example_dags/example_setup_teardown.py for tasks to queue
[2024-04-04T18:21:50.756+0000] {logging_mixin.py:188} INFO - [2024-04-04T18:21:50.755+0000] {dagbag.py:538} INFO - Filling up the DagBag from /home/airflow/.local/lib/python3.8/site-packages/airflow/example_dags/example_setup_teardown.py
[2024-04-04T18:21:50.776+0000] {processor.py:840} INFO - DAG(s) 'example_setup_teardown' retrieved from /home/airflow/.local/lib/python3.8/site-packages/airflow/example_dags/example_setup_teardown.py
[2024-04-04T18:21:50.838+0000] {logging_mixin.py:188} INFO - [2024-04-04T18:21:50.837+0000] {dag.py:3036} INFO - Sync 1 DAGs
[2024-04-04T18:21:50.897+0000] {logging_mixin.py:188} INFO - [2024-04-04T18:21:50.897+0000] {dag.py:3823} INFO - Setting next_dagrun for example_setup_teardown to 2024-04-03 00:00:00+00:00, run_after=2024-04-04 00:00:00+00:00
[2024-04-04T18:21:50.950+0000] {processor.py:183} INFO - Processing /home/airflow/.local/lib/python3.8/site-packages/airflow/example_dags/example_setup_teardown.py took 0.210 seconds
[2024-04-04T18:22:22.333+0000] {processor.py:161} INFO - Started process (PID=47289) to work on /home/airflow/.local/lib/python3.8/site-packages/airflow/example_dags/example_setup_teardown.py
[2024-04-04T18:22:22.363+0000] {processor.py:830} INFO - Processing file /home/airflow/.local/lib/python3.8/site-packages/airflow/example_dags/example_setup_teardown.py for tasks to queue
[2024-04-04T18:22:22.373+0000] {logging_mixin.py:188} INFO - [2024-04-04T18:22:22.370+0000] {dagbag.py:538} INFO - Filling up the DagBag from /home/airflow/.local/lib/python3.8/site-packages/airflow/example_dags/example_setup_teardown.py
[2024-04-04T18:22:22.473+0000] {processor.py:840} INFO - DAG(s) 'example_setup_teardown' retrieved from /home/airflow/.local/lib/python3.8/site-packages/airflow/example_dags/example_setup_teardown.py
[2024-04-04T18:22:22.632+0000] {logging_mixin.py:188} INFO - [2024-04-04T18:22:22.631+0000] {dag.py:3036} INFO - Sync 1 DAGs
[2024-04-04T18:22:22.772+0000] {logging_mixin.py:188} INFO - [2024-04-04T18:22:22.770+0000] {dag.py:3823} INFO - Setting next_dagrun for example_setup_teardown to 2024-04-03 00:00:00+00:00, run_after=2024-04-04 00:00:00+00:00
[2024-04-04T18:22:22.882+0000] {processor.py:183} INFO - Processing /home/airflow/.local/lib/python3.8/site-packages/airflow/example_dags/example_setup_teardown.py took 0.585 seconds
[2024-04-04T18:22:53.114+0000] {processor.py:161} INFO - Started process (PID=47349) to work on /home/airflow/.local/lib/python3.8/site-packages/airflow/example_dags/example_setup_teardown.py
[2024-04-04T18:22:53.120+0000] {processor.py:830} INFO - Processing file /home/airflow/.local/lib/python3.8/site-packages/airflow/example_dags/example_setup_teardown.py for tasks to queue
[2024-04-04T18:22:53.127+0000] {logging_mixin.py:188} INFO - [2024-04-04T18:22:53.125+0000] {dagbag.py:538} INFO - Filling up the DagBag from /home/airflow/.local/lib/python3.8/site-packages/airflow/example_dags/example_setup_teardown.py
[2024-04-04T18:22:53.173+0000] {processor.py:840} INFO - DAG(s) 'example_setup_teardown' retrieved from /home/airflow/.local/lib/python3.8/site-packages/airflow/example_dags/example_setup_teardown.py
[2024-04-04T18:22:53.323+0000] {logging_mixin.py:188} INFO - [2024-04-04T18:22:53.322+0000] {dag.py:3036} INFO - Sync 1 DAGs
[2024-04-04T18:22:53.465+0000] {logging_mixin.py:188} INFO - [2024-04-04T18:22:53.462+0000] {dag.py:3823} INFO - Setting next_dagrun for example_setup_teardown to 2024-04-03 00:00:00+00:00, run_after=2024-04-04 00:00:00+00:00
[2024-04-04T18:22:53.637+0000] {processor.py:183} INFO - Processing /home/airflow/.local/lib/python3.8/site-packages/airflow/example_dags/example_setup_teardown.py took 0.548 seconds
[2024-04-04T18:23:24.035+0000] {processor.py:161} INFO - Started process (PID=47409) to work on /home/airflow/.local/lib/python3.8/site-packages/airflow/example_dags/example_setup_teardown.py
[2024-04-04T18:23:24.039+0000] {processor.py:830} INFO - Processing file /home/airflow/.local/lib/python3.8/site-packages/airflow/example_dags/example_setup_teardown.py for tasks to queue
[2024-04-04T18:23:24.042+0000] {logging_mixin.py:188} INFO - [2024-04-04T18:23:24.041+0000] {dagbag.py:538} INFO - Filling up the DagBag from /home/airflow/.local/lib/python3.8/site-packages/airflow/example_dags/example_setup_teardown.py
[2024-04-04T18:23:24.061+0000] {processor.py:840} INFO - DAG(s) 'example_setup_teardown' retrieved from /home/airflow/.local/lib/python3.8/site-packages/airflow/example_dags/example_setup_teardown.py
[2024-04-04T18:23:24.128+0000] {logging_mixin.py:188} INFO - [2024-04-04T18:23:24.127+0000] {dag.py:3036} INFO - Sync 1 DAGs
[2024-04-04T18:23:24.191+0000] {logging_mixin.py:188} INFO - [2024-04-04T18:23:24.191+0000] {dag.py:3823} INFO - Setting next_dagrun for example_setup_teardown to 2024-04-03 00:00:00+00:00, run_after=2024-04-04 00:00:00+00:00
[2024-04-04T18:23:24.241+0000] {processor.py:183} INFO - Processing /home/airflow/.local/lib/python3.8/site-packages/airflow/example_dags/example_setup_teardown.py took 0.219 seconds
[2024-04-04T19:14:51.744+0000] {processor.py:161} INFO - Started process (PID=47516) to work on /home/airflow/.local/lib/python3.8/site-packages/airflow/example_dags/example_setup_teardown.py
[2024-04-04T19:14:51.751+0000] {processor.py:830} INFO - Processing file /home/airflow/.local/lib/python3.8/site-packages/airflow/example_dags/example_setup_teardown.py for tasks to queue
[2024-04-04T19:14:51.759+0000] {logging_mixin.py:188} INFO - [2024-04-04T19:14:51.756+0000] {dagbag.py:538} INFO - Filling up the DagBag from /home/airflow/.local/lib/python3.8/site-packages/airflow/example_dags/example_setup_teardown.py
[2024-04-04T19:14:51.806+0000] {processor.py:840} INFO - DAG(s) 'example_setup_teardown' retrieved from /home/airflow/.local/lib/python3.8/site-packages/airflow/example_dags/example_setup_teardown.py
[2024-04-04T19:14:51.972+0000] {logging_mixin.py:188} INFO - [2024-04-04T19:14:51.970+0000] {dag.py:3036} INFO - Sync 1 DAGs
[2024-04-04T19:14:52.161+0000] {logging_mixin.py:188} INFO - [2024-04-04T19:14:52.159+0000] {dag.py:3823} INFO - Setting next_dagrun for example_setup_teardown to 2024-04-03 00:00:00+00:00, run_after=2024-04-04 00:00:00+00:00
[2024-04-04T19:14:52.295+0000] {processor.py:183} INFO - Processing /home/airflow/.local/lib/python3.8/site-packages/airflow/example_dags/example_setup_teardown.py took 0.574 seconds
[2024-04-04T19:15:22.890+0000] {processor.py:161} INFO - Started process (PID=47576) to work on /home/airflow/.local/lib/python3.8/site-packages/airflow/example_dags/example_setup_teardown.py
[2024-04-04T19:15:22.909+0000] {processor.py:830} INFO - Processing file /home/airflow/.local/lib/python3.8/site-packages/airflow/example_dags/example_setup_teardown.py for tasks to queue
[2024-04-04T19:15:22.932+0000] {logging_mixin.py:188} INFO - [2024-04-04T19:15:22.927+0000] {dagbag.py:538} INFO - Filling up the DagBag from /home/airflow/.local/lib/python3.8/site-packages/airflow/example_dags/example_setup_teardown.py
[2024-04-04T19:15:22.984+0000] {processor.py:840} INFO - DAG(s) 'example_setup_teardown' retrieved from /home/airflow/.local/lib/python3.8/site-packages/airflow/example_dags/example_setup_teardown.py
[2024-04-04T19:15:23.113+0000] {logging_mixin.py:188} INFO - [2024-04-04T19:15:23.112+0000] {dag.py:3036} INFO - Sync 1 DAGs
[2024-04-04T19:15:23.234+0000] {logging_mixin.py:188} INFO - [2024-04-04T19:15:23.232+0000] {dag.py:3823} INFO - Setting next_dagrun for example_setup_teardown to 2024-04-03 00:00:00+00:00, run_after=2024-04-04 00:00:00+00:00
[2024-04-04T19:15:23.355+0000] {processor.py:183} INFO - Processing /home/airflow/.local/lib/python3.8/site-packages/airflow/example_dags/example_setup_teardown.py took 0.510 seconds
[2024-04-04T23:15:13.440+0000] {processor.py:161} INFO - Started process (PID=47680) to work on /home/airflow/.local/lib/python3.8/site-packages/airflow/example_dags/example_setup_teardown.py
[2024-04-04T23:15:13.454+0000] {processor.py:830} INFO - Processing file /home/airflow/.local/lib/python3.8/site-packages/airflow/example_dags/example_setup_teardown.py for tasks to queue
[2024-04-04T23:15:13.466+0000] {logging_mixin.py:188} INFO - [2024-04-04T23:15:13.459+0000] {dagbag.py:538} INFO - Filling up the DagBag from /home/airflow/.local/lib/python3.8/site-packages/airflow/example_dags/example_setup_teardown.py
[2024-04-04T23:15:13.525+0000] {processor.py:840} INFO - DAG(s) 'example_setup_teardown' retrieved from /home/airflow/.local/lib/python3.8/site-packages/airflow/example_dags/example_setup_teardown.py
[2024-04-04T23:15:13.716+0000] {logging_mixin.py:188} INFO - [2024-04-04T23:15:13.714+0000] {dag.py:3036} INFO - Sync 1 DAGs
[2024-04-04T23:15:13.921+0000] {logging_mixin.py:188} INFO - [2024-04-04T23:15:13.919+0000] {dag.py:3823} INFO - Setting next_dagrun for example_setup_teardown to 2024-04-03 00:00:00+00:00, run_after=2024-04-04 00:00:00+00:00
[2024-04-04T23:15:15.070+0000] {processor.py:183} INFO - Processing /home/airflow/.local/lib/python3.8/site-packages/airflow/example_dags/example_setup_teardown.py took 1.663 seconds
[2024-04-04T23:15:48.497+0000] {processor.py:161} INFO - Started process (PID=47741) to work on /home/airflow/.local/lib/python3.8/site-packages/airflow/example_dags/example_setup_teardown.py
[2024-04-04T23:15:48.504+0000] {processor.py:830} INFO - Processing file /home/airflow/.local/lib/python3.8/site-packages/airflow/example_dags/example_setup_teardown.py for tasks to queue
[2024-04-04T23:15:48.517+0000] {logging_mixin.py:188} INFO - [2024-04-04T23:15:48.511+0000] {dagbag.py:538} INFO - Filling up the DagBag from /home/airflow/.local/lib/python3.8/site-packages/airflow/example_dags/example_setup_teardown.py
[2024-04-04T23:15:48.581+0000] {processor.py:840} INFO - DAG(s) 'example_setup_teardown' retrieved from /home/airflow/.local/lib/python3.8/site-packages/airflow/example_dags/example_setup_teardown.py
[2024-04-04T23:15:48.786+0000] {logging_mixin.py:188} INFO - [2024-04-04T23:15:48.784+0000] {dag.py:3036} INFO - Sync 1 DAGs
[2024-04-04T23:15:48.981+0000] {logging_mixin.py:188} INFO - [2024-04-04T23:15:48.979+0000] {dag.py:3823} INFO - Setting next_dagrun for example_setup_teardown to 2024-04-03 00:00:00+00:00, run_after=2024-04-04 00:00:00+00:00
[2024-04-04T23:15:49.155+0000] {processor.py:183} INFO - Processing /home/airflow/.local/lib/python3.8/site-packages/airflow/example_dags/example_setup_teardown.py took 0.697 seconds
[2024-04-04T23:16:19.847+0000] {processor.py:161} INFO - Started process (PID=47801) to work on /home/airflow/.local/lib/python3.8/site-packages/airflow/example_dags/example_setup_teardown.py
[2024-04-04T23:16:19.853+0000] {processor.py:830} INFO - Processing file /home/airflow/.local/lib/python3.8/site-packages/airflow/example_dags/example_setup_teardown.py for tasks to queue
[2024-04-04T23:16:19.860+0000] {logging_mixin.py:188} INFO - [2024-04-04T23:16:19.857+0000] {dagbag.py:538} INFO - Filling up the DagBag from /home/airflow/.local/lib/python3.8/site-packages/airflow/example_dags/example_setup_teardown.py
[2024-04-04T23:16:19.905+0000] {processor.py:840} INFO - DAG(s) 'example_setup_teardown' retrieved from /home/airflow/.local/lib/python3.8/site-packages/airflow/example_dags/example_setup_teardown.py
[2024-04-04T23:16:20.039+0000] {logging_mixin.py:188} INFO - [2024-04-04T23:16:20.038+0000] {dag.py:3036} INFO - Sync 1 DAGs
[2024-04-04T23:16:20.182+0000] {logging_mixin.py:188} INFO - [2024-04-04T23:16:20.181+0000] {dag.py:3823} INFO - Setting next_dagrun for example_setup_teardown to 2024-04-03 00:00:00+00:00, run_after=2024-04-04 00:00:00+00:00
[2024-04-04T23:16:20.310+0000] {processor.py:183} INFO - Processing /home/airflow/.local/lib/python3.8/site-packages/airflow/example_dags/example_setup_teardown.py took 0.488 seconds
[2024-04-04T23:16:50.560+0000] {processor.py:161} INFO - Started process (PID=47861) to work on /home/airflow/.local/lib/python3.8/site-packages/airflow/example_dags/example_setup_teardown.py
[2024-04-04T23:16:50.565+0000] {processor.py:830} INFO - Processing file /home/airflow/.local/lib/python3.8/site-packages/airflow/example_dags/example_setup_teardown.py for tasks to queue
[2024-04-04T23:16:50.571+0000] {logging_mixin.py:188} INFO - [2024-04-04T23:16:50.569+0000] {dagbag.py:538} INFO - Filling up the DagBag from /home/airflow/.local/lib/python3.8/site-packages/airflow/example_dags/example_setup_teardown.py
[2024-04-04T23:16:50.611+0000] {processor.py:840} INFO - DAG(s) 'example_setup_teardown' retrieved from /home/airflow/.local/lib/python3.8/site-packages/airflow/example_dags/example_setup_teardown.py
[2024-04-04T23:16:50.714+0000] {logging_mixin.py:188} INFO - [2024-04-04T23:16:50.713+0000] {dag.py:3036} INFO - Sync 1 DAGs
[2024-04-04T23:16:50.815+0000] {logging_mixin.py:188} INFO - [2024-04-04T23:16:50.814+0000] {dag.py:3823} INFO - Setting next_dagrun for example_setup_teardown to 2024-04-03 00:00:00+00:00, run_after=2024-04-04 00:00:00+00:00
[2024-04-04T23:16:50.930+0000] {processor.py:183} INFO - Processing /home/airflow/.local/lib/python3.8/site-packages/airflow/example_dags/example_setup_teardown.py took 0.388 seconds
[2024-04-04T23:17:21.217+0000] {processor.py:161} INFO - Started process (PID=47921) to work on /home/airflow/.local/lib/python3.8/site-packages/airflow/example_dags/example_setup_teardown.py
[2024-04-04T23:17:21.221+0000] {processor.py:830} INFO - Processing file /home/airflow/.local/lib/python3.8/site-packages/airflow/example_dags/example_setup_teardown.py for tasks to queue
[2024-04-04T23:17:21.224+0000] {logging_mixin.py:188} INFO - [2024-04-04T23:17:21.223+0000] {dagbag.py:538} INFO - Filling up the DagBag from /home/airflow/.local/lib/python3.8/site-packages/airflow/example_dags/example_setup_teardown.py
[2024-04-04T23:17:21.245+0000] {processor.py:840} INFO - DAG(s) 'example_setup_teardown' retrieved from /home/airflow/.local/lib/python3.8/site-packages/airflow/example_dags/example_setup_teardown.py
[2024-04-04T23:17:21.315+0000] {logging_mixin.py:188} INFO - [2024-04-04T23:17:21.314+0000] {dag.py:3036} INFO - Sync 1 DAGs
[2024-04-04T23:17:21.381+0000] {logging_mixin.py:188} INFO - [2024-04-04T23:17:21.380+0000] {dag.py:3823} INFO - Setting next_dagrun for example_setup_teardown to 2024-04-03 00:00:00+00:00, run_after=2024-04-04 00:00:00+00:00
[2024-04-04T23:17:21.450+0000] {processor.py:183} INFO - Processing /home/airflow/.local/lib/python3.8/site-packages/airflow/example_dags/example_setup_teardown.py took 0.244 seconds
[2024-04-04T23:17:51.593+0000] {processor.py:161} INFO - Started process (PID=47980) to work on /home/airflow/.local/lib/python3.8/site-packages/airflow/example_dags/example_setup_teardown.py
[2024-04-04T23:17:51.596+0000] {processor.py:830} INFO - Processing file /home/airflow/.local/lib/python3.8/site-packages/airflow/example_dags/example_setup_teardown.py for tasks to queue
[2024-04-04T23:17:51.599+0000] {logging_mixin.py:188} INFO - [2024-04-04T23:17:51.598+0000] {dagbag.py:538} INFO - Filling up the DagBag from /home/airflow/.local/lib/python3.8/site-packages/airflow/example_dags/example_setup_teardown.py
[2024-04-04T23:17:51.618+0000] {processor.py:840} INFO - DAG(s) 'example_setup_teardown' retrieved from /home/airflow/.local/lib/python3.8/site-packages/airflow/example_dags/example_setup_teardown.py
[2024-04-04T23:17:51.684+0000] {logging_mixin.py:188} INFO - [2024-04-04T23:17:51.683+0000] {dag.py:3036} INFO - Sync 1 DAGs
[2024-04-04T23:17:51.749+0000] {logging_mixin.py:188} INFO - [2024-04-04T23:17:51.749+0000] {dag.py:3823} INFO - Setting next_dagrun for example_setup_teardown to 2024-04-03 00:00:00+00:00, run_after=2024-04-04 00:00:00+00:00
[2024-04-04T23:17:51.807+0000] {processor.py:183} INFO - Processing /home/airflow/.local/lib/python3.8/site-packages/airflow/example_dags/example_setup_teardown.py took 0.225 seconds
[2024-04-04T23:18:22.611+0000] {processor.py:161} INFO - Started process (PID=48040) to work on /home/airflow/.local/lib/python3.8/site-packages/airflow/example_dags/example_setup_teardown.py
[2024-04-04T23:18:22.616+0000] {processor.py:830} INFO - Processing file /home/airflow/.local/lib/python3.8/site-packages/airflow/example_dags/example_setup_teardown.py for tasks to queue
[2024-04-04T23:18:22.621+0000] {logging_mixin.py:188} INFO - [2024-04-04T23:18:22.620+0000] {dagbag.py:538} INFO - Filling up the DagBag from /home/airflow/.local/lib/python3.8/site-packages/airflow/example_dags/example_setup_teardown.py
[2024-04-04T23:18:22.661+0000] {processor.py:840} INFO - DAG(s) 'example_setup_teardown' retrieved from /home/airflow/.local/lib/python3.8/site-packages/airflow/example_dags/example_setup_teardown.py
[2024-04-04T23:18:22.804+0000] {logging_mixin.py:188} INFO - [2024-04-04T23:18:22.802+0000] {dag.py:3036} INFO - Sync 1 DAGs
[2024-04-04T23:18:22.960+0000] {logging_mixin.py:188} INFO - [2024-04-04T23:18:22.958+0000] {dag.py:3823} INFO - Setting next_dagrun for example_setup_teardown to 2024-04-03 00:00:00+00:00, run_after=2024-04-04 00:00:00+00:00
[2024-04-04T23:18:23.070+0000] {processor.py:183} INFO - Processing /home/airflow/.local/lib/python3.8/site-packages/airflow/example_dags/example_setup_teardown.py took 0.478 seconds
[2024-04-04T23:18:53.752+0000] {processor.py:161} INFO - Started process (PID=48101) to work on /home/airflow/.local/lib/python3.8/site-packages/airflow/example_dags/example_setup_teardown.py
[2024-04-04T23:18:53.757+0000] {processor.py:830} INFO - Processing file /home/airflow/.local/lib/python3.8/site-packages/airflow/example_dags/example_setup_teardown.py for tasks to queue
[2024-04-04T23:18:53.763+0000] {logging_mixin.py:188} INFO - [2024-04-04T23:18:53.761+0000] {dagbag.py:538} INFO - Filling up the DagBag from /home/airflow/.local/lib/python3.8/site-packages/airflow/example_dags/example_setup_teardown.py
[2024-04-04T23:18:53.810+0000] {processor.py:840} INFO - DAG(s) 'example_setup_teardown' retrieved from /home/airflow/.local/lib/python3.8/site-packages/airflow/example_dags/example_setup_teardown.py
[2024-04-04T23:18:53.961+0000] {logging_mixin.py:188} INFO - [2024-04-04T23:18:53.960+0000] {dag.py:3036} INFO - Sync 1 DAGs
[2024-04-04T23:18:54.076+0000] {logging_mixin.py:188} INFO - [2024-04-04T23:18:54.075+0000] {dag.py:3823} INFO - Setting next_dagrun for example_setup_teardown to 2024-04-03 00:00:00+00:00, run_after=2024-04-04 00:00:00+00:00
[2024-04-04T23:18:54.157+0000] {processor.py:183} INFO - Processing /home/airflow/.local/lib/python3.8/site-packages/airflow/example_dags/example_setup_teardown.py took 0.428 seconds
[2024-04-04T23:19:24.786+0000] {processor.py:161} INFO - Started process (PID=48161) to work on /home/airflow/.local/lib/python3.8/site-packages/airflow/example_dags/example_setup_teardown.py
[2024-04-04T23:19:24.789+0000] {processor.py:830} INFO - Processing file /home/airflow/.local/lib/python3.8/site-packages/airflow/example_dags/example_setup_teardown.py for tasks to queue
[2024-04-04T23:19:24.792+0000] {logging_mixin.py:188} INFO - [2024-04-04T23:19:24.791+0000] {dagbag.py:538} INFO - Filling up the DagBag from /home/airflow/.local/lib/python3.8/site-packages/airflow/example_dags/example_setup_teardown.py
[2024-04-04T23:19:24.809+0000] {processor.py:840} INFO - DAG(s) 'example_setup_teardown' retrieved from /home/airflow/.local/lib/python3.8/site-packages/airflow/example_dags/example_setup_teardown.py
[2024-04-04T23:19:24.870+0000] {logging_mixin.py:188} INFO - [2024-04-04T23:19:24.870+0000] {dag.py:3036} INFO - Sync 1 DAGs
[2024-04-04T23:19:24.922+0000] {logging_mixin.py:188} INFO - [2024-04-04T23:19:24.922+0000] {dag.py:3823} INFO - Setting next_dagrun for example_setup_teardown to 2024-04-03 00:00:00+00:00, run_after=2024-04-04 00:00:00+00:00
[2024-04-04T23:19:24.978+0000] {processor.py:183} INFO - Processing /home/airflow/.local/lib/python3.8/site-packages/airflow/example_dags/example_setup_teardown.py took 0.208 seconds
[2024-04-04T23:19:55.286+0000] {processor.py:161} INFO - Started process (PID=48221) to work on /home/airflow/.local/lib/python3.8/site-packages/airflow/example_dags/example_setup_teardown.py
[2024-04-04T23:19:55.289+0000] {processor.py:830} INFO - Processing file /home/airflow/.local/lib/python3.8/site-packages/airflow/example_dags/example_setup_teardown.py for tasks to queue
[2024-04-04T23:19:55.291+0000] {logging_mixin.py:188} INFO - [2024-04-04T23:19:55.291+0000] {dagbag.py:538} INFO - Filling up the DagBag from /home/airflow/.local/lib/python3.8/site-packages/airflow/example_dags/example_setup_teardown.py
[2024-04-04T23:19:55.308+0000] {processor.py:840} INFO - DAG(s) 'example_setup_teardown' retrieved from /home/airflow/.local/lib/python3.8/site-packages/airflow/example_dags/example_setup_teardown.py
[2024-04-04T23:19:55.368+0000] {logging_mixin.py:188} INFO - [2024-04-04T23:19:55.368+0000] {dag.py:3036} INFO - Sync 1 DAGs
[2024-04-04T23:19:55.420+0000] {logging_mixin.py:188} INFO - [2024-04-04T23:19:55.419+0000] {dag.py:3823} INFO - Setting next_dagrun for example_setup_teardown to 2024-04-03 00:00:00+00:00, run_after=2024-04-04 00:00:00+00:00
[2024-04-04T23:19:55.466+0000] {processor.py:183} INFO - Processing /home/airflow/.local/lib/python3.8/site-packages/airflow/example_dags/example_setup_teardown.py took 0.188 seconds
[2024-04-04T23:20:25.591+0000] {processor.py:161} INFO - Started process (PID=48280) to work on /home/airflow/.local/lib/python3.8/site-packages/airflow/example_dags/example_setup_teardown.py
[2024-04-04T23:20:25.596+0000] {processor.py:830} INFO - Processing file /home/airflow/.local/lib/python3.8/site-packages/airflow/example_dags/example_setup_teardown.py for tasks to queue
[2024-04-04T23:20:25.600+0000] {logging_mixin.py:188} INFO - [2024-04-04T23:20:25.599+0000] {dagbag.py:538} INFO - Filling up the DagBag from /home/airflow/.local/lib/python3.8/site-packages/airflow/example_dags/example_setup_teardown.py
[2024-04-04T23:20:25.633+0000] {processor.py:840} INFO - DAG(s) 'example_setup_teardown' retrieved from /home/airflow/.local/lib/python3.8/site-packages/airflow/example_dags/example_setup_teardown.py
[2024-04-04T23:20:25.755+0000] {logging_mixin.py:188} INFO - [2024-04-04T23:20:25.754+0000] {dag.py:3036} INFO - Sync 1 DAGs
[2024-04-04T23:20:25.886+0000] {logging_mixin.py:188} INFO - [2024-04-04T23:20:25.884+0000] {dag.py:3823} INFO - Setting next_dagrun for example_setup_teardown to 2024-04-03 00:00:00+00:00, run_after=2024-04-04 00:00:00+00:00
[2024-04-04T23:20:25.991+0000] {processor.py:183} INFO - Processing /home/airflow/.local/lib/python3.8/site-packages/airflow/example_dags/example_setup_teardown.py took 0.418 seconds
[2024-04-04T23:20:56.182+0000] {processor.py:161} INFO - Started process (PID=48340) to work on /home/airflow/.local/lib/python3.8/site-packages/airflow/example_dags/example_setup_teardown.py
[2024-04-04T23:20:56.186+0000] {processor.py:830} INFO - Processing file /home/airflow/.local/lib/python3.8/site-packages/airflow/example_dags/example_setup_teardown.py for tasks to queue
[2024-04-04T23:20:56.191+0000] {logging_mixin.py:188} INFO - [2024-04-04T23:20:56.189+0000] {dagbag.py:538} INFO - Filling up the DagBag from /home/airflow/.local/lib/python3.8/site-packages/airflow/example_dags/example_setup_teardown.py
[2024-04-04T23:20:56.225+0000] {processor.py:840} INFO - DAG(s) 'example_setup_teardown' retrieved from /home/airflow/.local/lib/python3.8/site-packages/airflow/example_dags/example_setup_teardown.py
[2024-04-04T23:20:56.329+0000] {logging_mixin.py:188} INFO - [2024-04-04T23:20:56.326+0000] {dag.py:3036} INFO - Sync 1 DAGs
[2024-04-04T23:20:56.447+0000] {logging_mixin.py:188} INFO - [2024-04-04T23:20:56.446+0000] {dag.py:3823} INFO - Setting next_dagrun for example_setup_teardown to 2024-04-03 00:00:00+00:00, run_after=2024-04-04 00:00:00+00:00
[2024-04-04T23:20:56.548+0000] {processor.py:183} INFO - Processing /home/airflow/.local/lib/python3.8/site-packages/airflow/example_dags/example_setup_teardown.py took 0.383 seconds
[2024-04-04T23:21:26.804+0000] {processor.py:161} INFO - Started process (PID=48399) to work on /home/airflow/.local/lib/python3.8/site-packages/airflow/example_dags/example_setup_teardown.py
[2024-04-04T23:21:26.807+0000] {processor.py:830} INFO - Processing file /home/airflow/.local/lib/python3.8/site-packages/airflow/example_dags/example_setup_teardown.py for tasks to queue
[2024-04-04T23:21:26.809+0000] {logging_mixin.py:188} INFO - [2024-04-04T23:21:26.808+0000] {dagbag.py:538} INFO - Filling up the DagBag from /home/airflow/.local/lib/python3.8/site-packages/airflow/example_dags/example_setup_teardown.py
[2024-04-04T23:21:26.822+0000] {processor.py:840} INFO - DAG(s) 'example_setup_teardown' retrieved from /home/airflow/.local/lib/python3.8/site-packages/airflow/example_dags/example_setup_teardown.py
[2024-04-04T23:21:26.865+0000] {logging_mixin.py:188} INFO - [2024-04-04T23:21:26.864+0000] {dag.py:3036} INFO - Sync 1 DAGs
[2024-04-04T23:21:26.905+0000] {logging_mixin.py:188} INFO - [2024-04-04T23:21:26.904+0000] {dag.py:3823} INFO - Setting next_dagrun for example_setup_teardown to 2024-04-03 00:00:00+00:00, run_after=2024-04-04 00:00:00+00:00
[2024-04-04T23:21:26.940+0000] {processor.py:183} INFO - Processing /home/airflow/.local/lib/python3.8/site-packages/airflow/example_dags/example_setup_teardown.py took 0.142 seconds
[2024-04-04T23:21:57.501+0000] {processor.py:161} INFO - Started process (PID=48460) to work on /home/airflow/.local/lib/python3.8/site-packages/airflow/example_dags/example_setup_teardown.py
[2024-04-04T23:21:57.503+0000] {processor.py:830} INFO - Processing file /home/airflow/.local/lib/python3.8/site-packages/airflow/example_dags/example_setup_teardown.py for tasks to queue
[2024-04-04T23:21:57.505+0000] {logging_mixin.py:188} INFO - [2024-04-04T23:21:57.505+0000] {dagbag.py:538} INFO - Filling up the DagBag from /home/airflow/.local/lib/python3.8/site-packages/airflow/example_dags/example_setup_teardown.py
[2024-04-04T23:21:57.518+0000] {processor.py:840} INFO - DAG(s) 'example_setup_teardown' retrieved from /home/airflow/.local/lib/python3.8/site-packages/airflow/example_dags/example_setup_teardown.py
[2024-04-04T23:21:57.566+0000] {logging_mixin.py:188} INFO - [2024-04-04T23:21:57.565+0000] {dag.py:3036} INFO - Sync 1 DAGs
[2024-04-04T23:21:57.609+0000] {logging_mixin.py:188} INFO - [2024-04-04T23:21:57.608+0000] {dag.py:3823} INFO - Setting next_dagrun for example_setup_teardown to 2024-04-03 00:00:00+00:00, run_after=2024-04-04 00:00:00+00:00
[2024-04-04T23:21:57.649+0000] {processor.py:183} INFO - Processing /home/airflow/.local/lib/python3.8/site-packages/airflow/example_dags/example_setup_teardown.py took 0.156 seconds
[2024-04-04T23:22:27.874+0000] {processor.py:161} INFO - Started process (PID=48519) to work on /home/airflow/.local/lib/python3.8/site-packages/airflow/example_dags/example_setup_teardown.py
[2024-04-04T23:22:27.881+0000] {processor.py:830} INFO - Processing file /home/airflow/.local/lib/python3.8/site-packages/airflow/example_dags/example_setup_teardown.py for tasks to queue
[2024-04-04T23:22:27.889+0000] {logging_mixin.py:188} INFO - [2024-04-04T23:22:27.886+0000] {dagbag.py:538} INFO - Filling up the DagBag from /home/airflow/.local/lib/python3.8/site-packages/airflow/example_dags/example_setup_teardown.py
[2024-04-04T23:22:27.938+0000] {processor.py:840} INFO - DAG(s) 'example_setup_teardown' retrieved from /home/airflow/.local/lib/python3.8/site-packages/airflow/example_dags/example_setup_teardown.py
[2024-04-04T23:22:28.061+0000] {logging_mixin.py:188} INFO - [2024-04-04T23:22:28.059+0000] {dag.py:3036} INFO - Sync 1 DAGs
[2024-04-04T23:22:28.196+0000] {logging_mixin.py:188} INFO - [2024-04-04T23:22:28.194+0000] {dag.py:3823} INFO - Setting next_dagrun for example_setup_teardown to 2024-04-03 00:00:00+00:00, run_after=2024-04-04 00:00:00+00:00
[2024-04-04T23:22:28.313+0000] {processor.py:183} INFO - Processing /home/airflow/.local/lib/python3.8/site-packages/airflow/example_dags/example_setup_teardown.py took 0.465 seconds
[2024-04-04T23:22:59.316+0000] {processor.py:161} INFO - Started process (PID=48579) to work on /home/airflow/.local/lib/python3.8/site-packages/airflow/example_dags/example_setup_teardown.py
[2024-04-04T23:22:59.322+0000] {processor.py:830} INFO - Processing file /home/airflow/.local/lib/python3.8/site-packages/airflow/example_dags/example_setup_teardown.py for tasks to queue
[2024-04-04T23:22:59.328+0000] {logging_mixin.py:188} INFO - [2024-04-04T23:22:59.326+0000] {dagbag.py:538} INFO - Filling up the DagBag from /home/airflow/.local/lib/python3.8/site-packages/airflow/example_dags/example_setup_teardown.py
[2024-04-04T23:22:59.371+0000] {processor.py:840} INFO - DAG(s) 'example_setup_teardown' retrieved from /home/airflow/.local/lib/python3.8/site-packages/airflow/example_dags/example_setup_teardown.py
[2024-04-04T23:22:59.501+0000] {logging_mixin.py:188} INFO - [2024-04-04T23:22:59.499+0000] {dag.py:3036} INFO - Sync 1 DAGs
[2024-04-04T23:22:59.892+0000] {logging_mixin.py:188} INFO - [2024-04-04T23:22:59.890+0000] {dag.py:3823} INFO - Setting next_dagrun for example_setup_teardown to 2024-04-03 00:00:00+00:00, run_after=2024-04-04 00:00:00+00:00
[2024-04-04T23:23:00.345+0000] {processor.py:183} INFO - Processing /home/airflow/.local/lib/python3.8/site-packages/airflow/example_dags/example_setup_teardown.py took 1.049 seconds
[2024-04-04T23:23:30.719+0000] {processor.py:161} INFO - Started process (PID=48639) to work on /home/airflow/.local/lib/python3.8/site-packages/airflow/example_dags/example_setup_teardown.py
[2024-04-04T23:23:30.722+0000] {processor.py:830} INFO - Processing file /home/airflow/.local/lib/python3.8/site-packages/airflow/example_dags/example_setup_teardown.py for tasks to queue
[2024-04-04T23:23:30.725+0000] {logging_mixin.py:188} INFO - [2024-04-04T23:23:30.724+0000] {dagbag.py:538} INFO - Filling up the DagBag from /home/airflow/.local/lib/python3.8/site-packages/airflow/example_dags/example_setup_teardown.py
[2024-04-04T23:23:30.743+0000] {processor.py:840} INFO - DAG(s) 'example_setup_teardown' retrieved from /home/airflow/.local/lib/python3.8/site-packages/airflow/example_dags/example_setup_teardown.py
[2024-04-04T23:23:30.801+0000] {logging_mixin.py:188} INFO - [2024-04-04T23:23:30.800+0000] {dag.py:3036} INFO - Sync 1 DAGs
[2024-04-04T23:23:30.854+0000] {logging_mixin.py:188} INFO - [2024-04-04T23:23:30.854+0000] {dag.py:3823} INFO - Setting next_dagrun for example_setup_teardown to 2024-04-03 00:00:00+00:00, run_after=2024-04-04 00:00:00+00:00
[2024-04-04T23:23:30.911+0000] {processor.py:183} INFO - Processing /home/airflow/.local/lib/python3.8/site-packages/airflow/example_dags/example_setup_teardown.py took 0.201 seconds
[2024-04-04T23:24:01.233+0000] {processor.py:161} INFO - Started process (PID=48699) to work on /home/airflow/.local/lib/python3.8/site-packages/airflow/example_dags/example_setup_teardown.py
[2024-04-04T23:24:01.236+0000] {processor.py:830} INFO - Processing file /home/airflow/.local/lib/python3.8/site-packages/airflow/example_dags/example_setup_teardown.py for tasks to queue
[2024-04-04T23:24:01.239+0000] {logging_mixin.py:188} INFO - [2024-04-04T23:24:01.239+0000] {dagbag.py:538} INFO - Filling up the DagBag from /home/airflow/.local/lib/python3.8/site-packages/airflow/example_dags/example_setup_teardown.py
[2024-04-04T23:24:01.259+0000] {processor.py:840} INFO - DAG(s) 'example_setup_teardown' retrieved from /home/airflow/.local/lib/python3.8/site-packages/airflow/example_dags/example_setup_teardown.py
[2024-04-04T23:24:01.316+0000] {logging_mixin.py:188} INFO - [2024-04-04T23:24:01.315+0000] {dag.py:3036} INFO - Sync 1 DAGs
[2024-04-04T23:24:01.398+0000] {logging_mixin.py:188} INFO - [2024-04-04T23:24:01.397+0000] {dag.py:3823} INFO - Setting next_dagrun for example_setup_teardown to 2024-04-03 00:00:00+00:00, run_after=2024-04-04 00:00:00+00:00
[2024-04-04T23:24:01.452+0000] {processor.py:183} INFO - Processing /home/airflow/.local/lib/python3.8/site-packages/airflow/example_dags/example_setup_teardown.py took 0.228 seconds
[2024-04-04T23:24:31.814+0000] {processor.py:161} INFO - Started process (PID=48759) to work on /home/airflow/.local/lib/python3.8/site-packages/airflow/example_dags/example_setup_teardown.py
[2024-04-04T23:24:31.819+0000] {processor.py:830} INFO - Processing file /home/airflow/.local/lib/python3.8/site-packages/airflow/example_dags/example_setup_teardown.py for tasks to queue
[2024-04-04T23:24:31.825+0000] {logging_mixin.py:188} INFO - [2024-04-04T23:24:31.823+0000] {dagbag.py:538} INFO - Filling up the DagBag from /home/airflow/.local/lib/python3.8/site-packages/airflow/example_dags/example_setup_teardown.py
[2024-04-04T23:24:31.867+0000] {processor.py:840} INFO - DAG(s) 'example_setup_teardown' retrieved from /home/airflow/.local/lib/python3.8/site-packages/airflow/example_dags/example_setup_teardown.py
[2024-04-04T23:24:32.004+0000] {logging_mixin.py:188} INFO - [2024-04-04T23:24:32.002+0000] {dag.py:3036} INFO - Sync 1 DAGs
[2024-04-04T23:24:32.134+0000] {logging_mixin.py:188} INFO - [2024-04-04T23:24:32.132+0000] {dag.py:3823} INFO - Setting next_dagrun for example_setup_teardown to 2024-04-03 00:00:00+00:00, run_after=2024-04-04 00:00:00+00:00
[2024-04-04T23:24:32.250+0000] {processor.py:183} INFO - Processing /home/airflow/.local/lib/python3.8/site-packages/airflow/example_dags/example_setup_teardown.py took 0.463 seconds
[2024-04-04T23:25:03.793+0000] {processor.py:161} INFO - Started process (PID=48819) to work on /home/airflow/.local/lib/python3.8/site-packages/airflow/example_dags/example_setup_teardown.py
[2024-04-04T23:25:03.801+0000] {processor.py:830} INFO - Processing file /home/airflow/.local/lib/python3.8/site-packages/airflow/example_dags/example_setup_teardown.py for tasks to queue
[2024-04-04T23:25:03.811+0000] {logging_mixin.py:188} INFO - [2024-04-04T23:25:03.807+0000] {dagbag.py:538} INFO - Filling up the DagBag from /home/airflow/.local/lib/python3.8/site-packages/airflow/example_dags/example_setup_teardown.py
[2024-04-04T23:25:03.865+0000] {processor.py:840} INFO - DAG(s) 'example_setup_teardown' retrieved from /home/airflow/.local/lib/python3.8/site-packages/airflow/example_dags/example_setup_teardown.py
[2024-04-04T23:25:04.023+0000] {logging_mixin.py:188} INFO - [2024-04-04T23:25:04.021+0000] {dag.py:3036} INFO - Sync 1 DAGs
[2024-04-04T23:25:04.189+0000] {logging_mixin.py:188} INFO - [2024-04-04T23:25:04.188+0000] {dag.py:3823} INFO - Setting next_dagrun for example_setup_teardown to 2024-04-03 00:00:00+00:00, run_after=2024-04-04 00:00:00+00:00
[2024-04-04T23:25:04.333+0000] {processor.py:183} INFO - Processing /home/airflow/.local/lib/python3.8/site-packages/airflow/example_dags/example_setup_teardown.py took 0.568 seconds
[2024-04-04T23:25:34.552+0000] {processor.py:161} INFO - Started process (PID=48879) to work on /home/airflow/.local/lib/python3.8/site-packages/airflow/example_dags/example_setup_teardown.py
[2024-04-04T23:25:34.555+0000] {processor.py:830} INFO - Processing file /home/airflow/.local/lib/python3.8/site-packages/airflow/example_dags/example_setup_teardown.py for tasks to queue
[2024-04-04T23:25:34.558+0000] {logging_mixin.py:188} INFO - [2024-04-04T23:25:34.557+0000] {dagbag.py:538} INFO - Filling up the DagBag from /home/airflow/.local/lib/python3.8/site-packages/airflow/example_dags/example_setup_teardown.py
[2024-04-04T23:25:34.578+0000] {processor.py:840} INFO - DAG(s) 'example_setup_teardown' retrieved from /home/airflow/.local/lib/python3.8/site-packages/airflow/example_dags/example_setup_teardown.py
[2024-04-04T23:25:34.636+0000] {logging_mixin.py:188} INFO - [2024-04-04T23:25:34.636+0000] {dag.py:3036} INFO - Sync 1 DAGs
[2024-04-04T23:25:34.691+0000] {logging_mixin.py:188} INFO - [2024-04-04T23:25:34.690+0000] {dag.py:3823} INFO - Setting next_dagrun for example_setup_teardown to 2024-04-03 00:00:00+00:00, run_after=2024-04-04 00:00:00+00:00
[2024-04-04T23:25:34.737+0000] {processor.py:183} INFO - Processing /home/airflow/.local/lib/python3.8/site-packages/airflow/example_dags/example_setup_teardown.py took 0.196 seconds
[2024-04-04T23:26:04.988+0000] {processor.py:161} INFO - Started process (PID=48939) to work on /home/airflow/.local/lib/python3.8/site-packages/airflow/example_dags/example_setup_teardown.py
[2024-04-04T23:26:04.991+0000] {processor.py:830} INFO - Processing file /home/airflow/.local/lib/python3.8/site-packages/airflow/example_dags/example_setup_teardown.py for tasks to queue
[2024-04-04T23:26:04.993+0000] {logging_mixin.py:188} INFO - [2024-04-04T23:26:04.993+0000] {dagbag.py:538} INFO - Filling up the DagBag from /home/airflow/.local/lib/python3.8/site-packages/airflow/example_dags/example_setup_teardown.py
[2024-04-04T23:26:05.014+0000] {processor.py:840} INFO - DAG(s) 'example_setup_teardown' retrieved from /home/airflow/.local/lib/python3.8/site-packages/airflow/example_dags/example_setup_teardown.py
[2024-04-04T23:26:05.075+0000] {logging_mixin.py:188} INFO - [2024-04-04T23:26:05.074+0000] {dag.py:3036} INFO - Sync 1 DAGs
[2024-04-04T23:26:05.130+0000] {logging_mixin.py:188} INFO - [2024-04-04T23:26:05.129+0000] {dag.py:3823} INFO - Setting next_dagrun for example_setup_teardown to 2024-04-03 00:00:00+00:00, run_after=2024-04-04 00:00:00+00:00
[2024-04-04T23:26:05.174+0000] {processor.py:183} INFO - Processing /home/airflow/.local/lib/python3.8/site-packages/airflow/example_dags/example_setup_teardown.py took 0.201 seconds
[2024-04-04T23:26:35.803+0000] {processor.py:161} INFO - Started process (PID=48999) to work on /home/airflow/.local/lib/python3.8/site-packages/airflow/example_dags/example_setup_teardown.py
[2024-04-04T23:26:35.808+0000] {processor.py:830} INFO - Processing file /home/airflow/.local/lib/python3.8/site-packages/airflow/example_dags/example_setup_teardown.py for tasks to queue
[2024-04-04T23:26:35.812+0000] {logging_mixin.py:188} INFO - [2024-04-04T23:26:35.811+0000] {dagbag.py:538} INFO - Filling up the DagBag from /home/airflow/.local/lib/python3.8/site-packages/airflow/example_dags/example_setup_teardown.py
[2024-04-04T23:26:35.839+0000] {processor.py:840} INFO - DAG(s) 'example_setup_teardown' retrieved from /home/airflow/.local/lib/python3.8/site-packages/airflow/example_dags/example_setup_teardown.py
[2024-04-04T23:26:35.935+0000] {logging_mixin.py:188} INFO - [2024-04-04T23:26:35.934+0000] {dag.py:3036} INFO - Sync 1 DAGs
[2024-04-04T23:26:36.037+0000] {logging_mixin.py:188} INFO - [2024-04-04T23:26:36.036+0000] {dag.py:3823} INFO - Setting next_dagrun for example_setup_teardown to 2024-04-03 00:00:00+00:00, run_after=2024-04-04 00:00:00+00:00
[2024-04-04T23:26:36.108+0000] {processor.py:183} INFO - Processing /home/airflow/.local/lib/python3.8/site-packages/airflow/example_dags/example_setup_teardown.py took 0.319 seconds
[2024-04-04T23:27:12.258+0000] {processor.py:161} INFO - Started process (PID=49059) to work on /home/airflow/.local/lib/python3.8/site-packages/airflow/example_dags/example_setup_teardown.py
[2024-04-04T23:27:12.265+0000] {processor.py:830} INFO - Processing file /home/airflow/.local/lib/python3.8/site-packages/airflow/example_dags/example_setup_teardown.py for tasks to queue
[2024-04-04T23:27:12.272+0000] {logging_mixin.py:188} INFO - [2024-04-04T23:27:12.270+0000] {dagbag.py:538} INFO - Filling up the DagBag from /home/airflow/.local/lib/python3.8/site-packages/airflow/example_dags/example_setup_teardown.py
[2024-04-04T23:27:12.325+0000] {processor.py:840} INFO - DAG(s) 'example_setup_teardown' retrieved from /home/airflow/.local/lib/python3.8/site-packages/airflow/example_dags/example_setup_teardown.py
[2024-04-04T23:27:12.554+0000] {logging_mixin.py:188} INFO - [2024-04-04T23:27:12.552+0000] {dag.py:3036} INFO - Sync 1 DAGs
[2024-04-04T23:27:12.772+0000] {logging_mixin.py:188} INFO - [2024-04-04T23:27:12.770+0000] {dag.py:3823} INFO - Setting next_dagrun for example_setup_teardown to 2024-04-03 00:00:00+00:00, run_after=2024-04-04 00:00:00+00:00
[2024-04-04T23:27:13.646+0000] {processor.py:183} INFO - Processing /home/airflow/.local/lib/python3.8/site-packages/airflow/example_dags/example_setup_teardown.py took 1.423 seconds
[2024-04-04T23:27:44.227+0000] {processor.py:161} INFO - Started process (PID=49126) to work on /home/airflow/.local/lib/python3.8/site-packages/airflow/example_dags/example_setup_teardown.py
[2024-04-04T23:27:44.239+0000] {processor.py:830} INFO - Processing file /home/airflow/.local/lib/python3.8/site-packages/airflow/example_dags/example_setup_teardown.py for tasks to queue
[2024-04-04T23:27:44.248+0000] {logging_mixin.py:188} INFO - [2024-04-04T23:27:44.245+0000] {dagbag.py:538} INFO - Filling up the DagBag from /home/airflow/.local/lib/python3.8/site-packages/airflow/example_dags/example_setup_teardown.py
[2024-04-04T23:27:44.297+0000] {processor.py:840} INFO - DAG(s) 'example_setup_teardown' retrieved from /home/airflow/.local/lib/python3.8/site-packages/airflow/example_dags/example_setup_teardown.py
[2024-04-04T23:27:44.603+0000] {logging_mixin.py:188} INFO - [2024-04-04T23:27:44.602+0000] {dag.py:3036} INFO - Sync 1 DAGs
[2024-04-04T23:27:44.823+0000] {logging_mixin.py:188} INFO - [2024-04-04T23:27:44.822+0000] {dag.py:3823} INFO - Setting next_dagrun for example_setup_teardown to 2024-04-03 00:00:00+00:00, run_after=2024-04-04 00:00:00+00:00
[2024-04-04T23:27:44.925+0000] {processor.py:183} INFO - Processing /home/airflow/.local/lib/python3.8/site-packages/airflow/example_dags/example_setup_teardown.py took 0.726 seconds
[2024-04-04T23:28:15.372+0000] {processor.py:161} INFO - Started process (PID=49186) to work on /home/airflow/.local/lib/python3.8/site-packages/airflow/example_dags/example_setup_teardown.py
[2024-04-04T23:28:15.374+0000] {processor.py:830} INFO - Processing file /home/airflow/.local/lib/python3.8/site-packages/airflow/example_dags/example_setup_teardown.py for tasks to queue
[2024-04-04T23:28:15.377+0000] {logging_mixin.py:188} INFO - [2024-04-04T23:28:15.377+0000] {dagbag.py:538} INFO - Filling up the DagBag from /home/airflow/.local/lib/python3.8/site-packages/airflow/example_dags/example_setup_teardown.py
[2024-04-04T23:28:15.395+0000] {processor.py:840} INFO - DAG(s) 'example_setup_teardown' retrieved from /home/airflow/.local/lib/python3.8/site-packages/airflow/example_dags/example_setup_teardown.py
[2024-04-04T23:28:15.459+0000] {logging_mixin.py:188} INFO - [2024-04-04T23:28:15.458+0000] {dag.py:3036} INFO - Sync 1 DAGs
[2024-04-04T23:28:15.513+0000] {logging_mixin.py:188} INFO - [2024-04-04T23:28:15.512+0000] {dag.py:3823} INFO - Setting next_dagrun for example_setup_teardown to 2024-04-03 00:00:00+00:00, run_after=2024-04-04 00:00:00+00:00
[2024-04-04T23:28:15.559+0000] {processor.py:183} INFO - Processing /home/airflow/.local/lib/python3.8/site-packages/airflow/example_dags/example_setup_teardown.py took 0.196 seconds
[2024-04-04T23:28:46.080+0000] {processor.py:161} INFO - Started process (PID=49246) to work on /home/airflow/.local/lib/python3.8/site-packages/airflow/example_dags/example_setup_teardown.py
[2024-04-04T23:28:46.082+0000] {processor.py:830} INFO - Processing file /home/airflow/.local/lib/python3.8/site-packages/airflow/example_dags/example_setup_teardown.py for tasks to queue
[2024-04-04T23:28:46.085+0000] {logging_mixin.py:188} INFO - [2024-04-04T23:28:46.084+0000] {dagbag.py:538} INFO - Filling up the DagBag from /home/airflow/.local/lib/python3.8/site-packages/airflow/example_dags/example_setup_teardown.py
[2024-04-04T23:28:46.099+0000] {processor.py:840} INFO - DAG(s) 'example_setup_teardown' retrieved from /home/airflow/.local/lib/python3.8/site-packages/airflow/example_dags/example_setup_teardown.py
[2024-04-04T23:28:46.147+0000] {logging_mixin.py:188} INFO - [2024-04-04T23:28:46.147+0000] {dag.py:3036} INFO - Sync 1 DAGs
[2024-04-04T23:28:46.195+0000] {logging_mixin.py:188} INFO - [2024-04-04T23:28:46.194+0000] {dag.py:3823} INFO - Setting next_dagrun for example_setup_teardown to 2024-04-03 00:00:00+00:00, run_after=2024-04-04 00:00:00+00:00
[2024-04-04T23:28:46.235+0000] {processor.py:183} INFO - Processing /home/airflow/.local/lib/python3.8/site-packages/airflow/example_dags/example_setup_teardown.py took 0.164 seconds
[2024-04-04T23:29:18.246+0000] {processor.py:161} INFO - Started process (PID=49306) to work on /home/airflow/.local/lib/python3.8/site-packages/airflow/example_dags/example_setup_teardown.py
[2024-04-04T23:29:18.266+0000] {processor.py:830} INFO - Processing file /home/airflow/.local/lib/python3.8/site-packages/airflow/example_dags/example_setup_teardown.py for tasks to queue
[2024-04-04T23:29:18.281+0000] {logging_mixin.py:188} INFO - [2024-04-04T23:29:18.279+0000] {dagbag.py:538} INFO - Filling up the DagBag from /home/airflow/.local/lib/python3.8/site-packages/airflow/example_dags/example_setup_teardown.py
[2024-04-04T23:29:18.366+0000] {processor.py:840} INFO - DAG(s) 'example_setup_teardown' retrieved from /home/airflow/.local/lib/python3.8/site-packages/airflow/example_dags/example_setup_teardown.py
[2024-04-04T23:29:18.637+0000] {logging_mixin.py:188} INFO - [2024-04-04T23:29:18.634+0000] {dag.py:3036} INFO - Sync 1 DAGs
[2024-04-04T23:29:18.814+0000] {logging_mixin.py:188} INFO - [2024-04-04T23:29:18.812+0000] {dag.py:3823} INFO - Setting next_dagrun for example_setup_teardown to 2024-04-03 00:00:00+00:00, run_after=2024-04-04 00:00:00+00:00
[2024-04-04T23:29:18.945+0000] {processor.py:183} INFO - Processing /home/airflow/.local/lib/python3.8/site-packages/airflow/example_dags/example_setup_teardown.py took 1.111 seconds
[2024-04-04T23:29:49.484+0000] {processor.py:161} INFO - Started process (PID=49364) to work on /home/airflow/.local/lib/python3.8/site-packages/airflow/example_dags/example_setup_teardown.py
[2024-04-04T23:29:49.488+0000] {processor.py:830} INFO - Processing file /home/airflow/.local/lib/python3.8/site-packages/airflow/example_dags/example_setup_teardown.py for tasks to queue
[2024-04-04T23:29:49.492+0000] {logging_mixin.py:188} INFO - [2024-04-04T23:29:49.491+0000] {dagbag.py:538} INFO - Filling up the DagBag from /home/airflow/.local/lib/python3.8/site-packages/airflow/example_dags/example_setup_teardown.py
[2024-04-04T23:29:49.528+0000] {processor.py:840} INFO - DAG(s) 'example_setup_teardown' retrieved from /home/airflow/.local/lib/python3.8/site-packages/airflow/example_dags/example_setup_teardown.py
[2024-04-04T23:29:49.645+0000] {logging_mixin.py:188} INFO - [2024-04-04T23:29:49.644+0000] {dag.py:3036} INFO - Sync 1 DAGs
[2024-04-04T23:29:49.765+0000] {logging_mixin.py:188} INFO - [2024-04-04T23:29:49.764+0000] {dag.py:3823} INFO - Setting next_dagrun for example_setup_teardown to 2024-04-03 00:00:00+00:00, run_after=2024-04-04 00:00:00+00:00
[2024-04-04T23:29:49.874+0000] {processor.py:183} INFO - Processing /home/airflow/.local/lib/python3.8/site-packages/airflow/example_dags/example_setup_teardown.py took 0.407 seconds
[2024-04-04T23:30:20.184+0000] {processor.py:161} INFO - Started process (PID=49424) to work on /home/airflow/.local/lib/python3.8/site-packages/airflow/example_dags/example_setup_teardown.py
[2024-04-04T23:30:20.190+0000] {processor.py:830} INFO - Processing file /home/airflow/.local/lib/python3.8/site-packages/airflow/example_dags/example_setup_teardown.py for tasks to queue
[2024-04-04T23:30:20.197+0000] {logging_mixin.py:188} INFO - [2024-04-04T23:30:20.195+0000] {dagbag.py:538} INFO - Filling up the DagBag from /home/airflow/.local/lib/python3.8/site-packages/airflow/example_dags/example_setup_teardown.py
[2024-04-04T23:30:20.241+0000] {processor.py:840} INFO - DAG(s) 'example_setup_teardown' retrieved from /home/airflow/.local/lib/python3.8/site-packages/airflow/example_dags/example_setup_teardown.py
[2024-04-04T23:30:20.355+0000] {logging_mixin.py:188} INFO - [2024-04-04T23:30:20.353+0000] {dag.py:3036} INFO - Sync 1 DAGs
[2024-04-04T23:30:20.467+0000] {logging_mixin.py:188} INFO - [2024-04-04T23:30:20.465+0000] {dag.py:3823} INFO - Setting next_dagrun for example_setup_teardown to 2024-04-03 00:00:00+00:00, run_after=2024-04-04 00:00:00+00:00
[2024-04-04T23:30:20.567+0000] {processor.py:183} INFO - Processing /home/airflow/.local/lib/python3.8/site-packages/airflow/example_dags/example_setup_teardown.py took 0.404 seconds
[2024-04-04T23:30:51.599+0000] {processor.py:161} INFO - Started process (PID=49485) to work on /home/airflow/.local/lib/python3.8/site-packages/airflow/example_dags/example_setup_teardown.py
[2024-04-04T23:30:51.601+0000] {processor.py:830} INFO - Processing file /home/airflow/.local/lib/python3.8/site-packages/airflow/example_dags/example_setup_teardown.py for tasks to queue
[2024-04-04T23:30:51.604+0000] {logging_mixin.py:188} INFO - [2024-04-04T23:30:51.603+0000] {dagbag.py:538} INFO - Filling up the DagBag from /home/airflow/.local/lib/python3.8/site-packages/airflow/example_dags/example_setup_teardown.py
[2024-04-04T23:30:51.623+0000] {processor.py:840} INFO - DAG(s) 'example_setup_teardown' retrieved from /home/airflow/.local/lib/python3.8/site-packages/airflow/example_dags/example_setup_teardown.py
[2024-04-04T23:30:51.667+0000] {logging_mixin.py:188} INFO - [2024-04-04T23:30:51.667+0000] {dag.py:3036} INFO - Sync 1 DAGs
[2024-04-04T23:30:51.709+0000] {logging_mixin.py:188} INFO - [2024-04-04T23:30:51.708+0000] {dag.py:3823} INFO - Setting next_dagrun for example_setup_teardown to 2024-04-03 00:00:00+00:00, run_after=2024-04-04 00:00:00+00:00
[2024-04-04T23:30:51.747+0000] {processor.py:183} INFO - Processing /home/airflow/.local/lib/python3.8/site-packages/airflow/example_dags/example_setup_teardown.py took 0.156 seconds
[2024-04-04T23:31:21.989+0000] {processor.py:161} INFO - Started process (PID=49545) to work on /home/airflow/.local/lib/python3.8/site-packages/airflow/example_dags/example_setup_teardown.py
[2024-04-04T23:31:21.991+0000] {processor.py:830} INFO - Processing file /home/airflow/.local/lib/python3.8/site-packages/airflow/example_dags/example_setup_teardown.py for tasks to queue
[2024-04-04T23:31:21.994+0000] {logging_mixin.py:188} INFO - [2024-04-04T23:31:21.993+0000] {dagbag.py:538} INFO - Filling up the DagBag from /home/airflow/.local/lib/python3.8/site-packages/airflow/example_dags/example_setup_teardown.py
[2024-04-04T23:31:22.007+0000] {processor.py:840} INFO - DAG(s) 'example_setup_teardown' retrieved from /home/airflow/.local/lib/python3.8/site-packages/airflow/example_dags/example_setup_teardown.py
[2024-04-04T23:31:22.051+0000] {logging_mixin.py:188} INFO - [2024-04-04T23:31:22.051+0000] {dag.py:3036} INFO - Sync 1 DAGs
[2024-04-04T23:31:22.093+0000] {logging_mixin.py:188} INFO - [2024-04-04T23:31:22.093+0000] {dag.py:3823} INFO - Setting next_dagrun for example_setup_teardown to 2024-04-03 00:00:00+00:00, run_after=2024-04-04 00:00:00+00:00
[2024-04-04T23:31:22.132+0000] {processor.py:183} INFO - Processing /home/airflow/.local/lib/python3.8/site-packages/airflow/example_dags/example_setup_teardown.py took 0.150 seconds
