[2024-04-04T20:01:56.332+0000] {processor.py:161} INFO - Started process (PID=43455) to work on /home/airflow/.local/lib/python3.8/site-packages/airflow/example_dags/example_bash_operator.py
[2024-04-04T20:01:56.336+0000] {processor.py:830} INFO - Processing file /home/airflow/.local/lib/python3.8/site-packages/airflow/example_dags/example_bash_operator.py for tasks to queue
[2024-04-04T20:01:56.346+0000] {logging_mixin.py:188} INFO - [2024-04-04T20:01:56.345+0000] {dagbag.py:538} INFO - Filling up the DagBag from /home/airflow/.local/lib/python3.8/site-packages/airflow/example_dags/example_bash_operator.py
[2024-04-04T20:01:56.392+0000] {processor.py:840} INFO - DAG(s) 'example_bash_operator' retrieved from /home/airflow/.local/lib/python3.8/site-packages/airflow/example_dags/example_bash_operator.py
[2024-04-04T20:01:56.513+0000] {logging_mixin.py:188} INFO - [2024-04-04T20:01:56.512+0000] {dag.py:3036} INFO - Sync 1 DAGs
[2024-04-04T20:01:56.614+0000] {logging_mixin.py:188} INFO - [2024-04-04T20:01:56.614+0000] {dag.py:3823} INFO - Setting next_dagrun for example_bash_operator to 2024-04-03 00:00:00+00:00, run_after=2024-04-04 00:00:00+00:00
[2024-04-04T20:01:56.695+0000] {processor.py:183} INFO - Processing /home/airflow/.local/lib/python3.8/site-packages/airflow/example_dags/example_bash_operator.py took 0.375 seconds
[2024-04-04T18:12:25.712+0000] {processor.py:161} INFO - Started process (PID=46132) to work on /home/airflow/.local/lib/python3.8/site-packages/airflow/example_dags/example_bash_operator.py
[2024-04-04T18:12:25.722+0000] {processor.py:830} INFO - Processing file /home/airflow/.local/lib/python3.8/site-packages/airflow/example_dags/example_bash_operator.py for tasks to queue
[2024-04-04T18:12:25.725+0000] {logging_mixin.py:188} INFO - [2024-04-04T18:12:25.724+0000] {dagbag.py:538} INFO - Filling up the DagBag from /home/airflow/.local/lib/python3.8/site-packages/airflow/example_dags/example_bash_operator.py
[2024-04-04T18:12:25.796+0000] {processor.py:840} INFO - DAG(s) 'example_bash_operator' retrieved from /home/airflow/.local/lib/python3.8/site-packages/airflow/example_dags/example_bash_operator.py
[2024-04-04T18:12:25.950+0000] {logging_mixin.py:188} INFO - [2024-04-04T18:12:25.945+0000] {dag.py:3036} INFO - Sync 1 DAGs
[2024-04-04T18:12:26.020+0000] {logging_mixin.py:188} INFO - [2024-04-04T18:12:26.019+0000] {dag.py:3823} INFO - Setting next_dagrun for example_bash_operator to 2024-04-03 00:00:00+00:00, run_after=2024-04-04 00:00:00+00:00
[2024-04-04T18:12:26.102+0000] {processor.py:183} INFO - Processing /home/airflow/.local/lib/python3.8/site-packages/airflow/example_dags/example_bash_operator.py took 0.398 seconds
[2024-04-04T18:12:56.896+0000] {processor.py:161} INFO - Started process (PID=46192) to work on /home/airflow/.local/lib/python3.8/site-packages/airflow/example_dags/example_bash_operator.py
[2024-04-04T18:12:56.897+0000] {processor.py:830} INFO - Processing file /home/airflow/.local/lib/python3.8/site-packages/airflow/example_dags/example_bash_operator.py for tasks to queue
[2024-04-04T18:12:56.898+0000] {logging_mixin.py:188} INFO - [2024-04-04T18:12:56.898+0000] {dagbag.py:538} INFO - Filling up the DagBag from /home/airflow/.local/lib/python3.8/site-packages/airflow/example_dags/example_bash_operator.py
[2024-04-04T18:12:56.912+0000] {processor.py:840} INFO - DAG(s) 'example_bash_operator' retrieved from /home/airflow/.local/lib/python3.8/site-packages/airflow/example_dags/example_bash_operator.py
[2024-04-04T18:12:56.952+0000] {logging_mixin.py:188} INFO - [2024-04-04T18:12:56.952+0000] {dag.py:3036} INFO - Sync 1 DAGs
[2024-04-04T18:12:56.978+0000] {logging_mixin.py:188} INFO - [2024-04-04T18:12:56.977+0000] {dag.py:3823} INFO - Setting next_dagrun for example_bash_operator to 2024-04-03 00:00:00+00:00, run_after=2024-04-04 00:00:00+00:00
[2024-04-04T18:12:57.002+0000] {processor.py:183} INFO - Processing /home/airflow/.local/lib/python3.8/site-packages/airflow/example_dags/example_bash_operator.py took 0.109 seconds
[2024-04-04T18:13:27.321+0000] {processor.py:161} INFO - Started process (PID=46252) to work on /home/airflow/.local/lib/python3.8/site-packages/airflow/example_dags/example_bash_operator.py
[2024-04-04T18:13:27.322+0000] {processor.py:830} INFO - Processing file /home/airflow/.local/lib/python3.8/site-packages/airflow/example_dags/example_bash_operator.py for tasks to queue
[2024-04-04T18:13:27.324+0000] {logging_mixin.py:188} INFO - [2024-04-04T18:13:27.323+0000] {dagbag.py:538} INFO - Filling up the DagBag from /home/airflow/.local/lib/python3.8/site-packages/airflow/example_dags/example_bash_operator.py
[2024-04-04T18:13:27.336+0000] {processor.py:840} INFO - DAG(s) 'example_bash_operator' retrieved from /home/airflow/.local/lib/python3.8/site-packages/airflow/example_dags/example_bash_operator.py
[2024-04-04T18:13:27.371+0000] {logging_mixin.py:188} INFO - [2024-04-04T18:13:27.371+0000] {dag.py:3036} INFO - Sync 1 DAGs
[2024-04-04T18:13:27.396+0000] {logging_mixin.py:188} INFO - [2024-04-04T18:13:27.396+0000] {dag.py:3823} INFO - Setting next_dagrun for example_bash_operator to 2024-04-03 00:00:00+00:00, run_after=2024-04-04 00:00:00+00:00
[2024-04-04T18:13:27.418+0000] {processor.py:183} INFO - Processing /home/airflow/.local/lib/python3.8/site-packages/airflow/example_dags/example_bash_operator.py took 0.101 seconds
[2024-04-04T18:13:57.757+0000] {processor.py:161} INFO - Started process (PID=46312) to work on /home/airflow/.local/lib/python3.8/site-packages/airflow/example_dags/example_bash_operator.py
[2024-04-04T18:13:57.758+0000] {processor.py:830} INFO - Processing file /home/airflow/.local/lib/python3.8/site-packages/airflow/example_dags/example_bash_operator.py for tasks to queue
[2024-04-04T18:13:57.759+0000] {logging_mixin.py:188} INFO - [2024-04-04T18:13:57.759+0000] {dagbag.py:538} INFO - Filling up the DagBag from /home/airflow/.local/lib/python3.8/site-packages/airflow/example_dags/example_bash_operator.py
[2024-04-04T18:13:57.773+0000] {processor.py:840} INFO - DAG(s) 'example_bash_operator' retrieved from /home/airflow/.local/lib/python3.8/site-packages/airflow/example_dags/example_bash_operator.py
[2024-04-04T18:13:57.808+0000] {logging_mixin.py:188} INFO - [2024-04-04T18:13:57.808+0000] {dag.py:3036} INFO - Sync 1 DAGs
[2024-04-04T18:13:57.832+0000] {logging_mixin.py:188} INFO - [2024-04-04T18:13:57.831+0000] {dag.py:3823} INFO - Setting next_dagrun for example_bash_operator to 2024-04-03 00:00:00+00:00, run_after=2024-04-04 00:00:00+00:00
[2024-04-04T18:13:57.855+0000] {processor.py:183} INFO - Processing /home/airflow/.local/lib/python3.8/site-packages/airflow/example_dags/example_bash_operator.py took 0.102 seconds
[2024-04-04T18:14:28.217+0000] {processor.py:161} INFO - Started process (PID=46372) to work on /home/airflow/.local/lib/python3.8/site-packages/airflow/example_dags/example_bash_operator.py
[2024-04-04T18:14:28.218+0000] {processor.py:830} INFO - Processing file /home/airflow/.local/lib/python3.8/site-packages/airflow/example_dags/example_bash_operator.py for tasks to queue
[2024-04-04T18:14:28.219+0000] {logging_mixin.py:188} INFO - [2024-04-04T18:14:28.219+0000] {dagbag.py:538} INFO - Filling up the DagBag from /home/airflow/.local/lib/python3.8/site-packages/airflow/example_dags/example_bash_operator.py
[2024-04-04T18:14:28.233+0000] {processor.py:840} INFO - DAG(s) 'example_bash_operator' retrieved from /home/airflow/.local/lib/python3.8/site-packages/airflow/example_dags/example_bash_operator.py
[2024-04-04T18:14:28.281+0000] {logging_mixin.py:188} INFO - [2024-04-04T18:14:28.281+0000] {dag.py:3036} INFO - Sync 1 DAGs
[2024-04-04T18:14:28.311+0000] {logging_mixin.py:188} INFO - [2024-04-04T18:14:28.311+0000] {dag.py:3823} INFO - Setting next_dagrun for example_bash_operator to 2024-04-03 00:00:00+00:00, run_after=2024-04-04 00:00:00+00:00
[2024-04-04T18:14:28.338+0000] {processor.py:183} INFO - Processing /home/airflow/.local/lib/python3.8/site-packages/airflow/example_dags/example_bash_operator.py took 0.124 seconds
[2024-04-04T18:14:58.596+0000] {processor.py:161} INFO - Started process (PID=46432) to work on /home/airflow/.local/lib/python3.8/site-packages/airflow/example_dags/example_bash_operator.py
[2024-04-04T18:14:58.600+0000] {processor.py:830} INFO - Processing file /home/airflow/.local/lib/python3.8/site-packages/airflow/example_dags/example_bash_operator.py for tasks to queue
[2024-04-04T18:14:58.604+0000] {logging_mixin.py:188} INFO - [2024-04-04T18:14:58.603+0000] {dagbag.py:538} INFO - Filling up the DagBag from /home/airflow/.local/lib/python3.8/site-packages/airflow/example_dags/example_bash_operator.py
[2024-04-04T18:14:58.656+0000] {processor.py:840} INFO - DAG(s) 'example_bash_operator' retrieved from /home/airflow/.local/lib/python3.8/site-packages/airflow/example_dags/example_bash_operator.py
[2024-04-04T18:14:58.786+0000] {logging_mixin.py:188} INFO - [2024-04-04T18:14:58.785+0000] {dag.py:3036} INFO - Sync 1 DAGs
[2024-04-04T18:14:58.883+0000] {logging_mixin.py:188} INFO - [2024-04-04T18:14:58.882+0000] {dag.py:3823} INFO - Setting next_dagrun for example_bash_operator to 2024-04-03 00:00:00+00:00, run_after=2024-04-04 00:00:00+00:00
[2024-04-04T18:14:58.957+0000] {processor.py:183} INFO - Processing /home/airflow/.local/lib/python3.8/site-packages/airflow/example_dags/example_bash_operator.py took 0.375 seconds
[2024-04-04T18:15:30.534+0000] {processor.py:161} INFO - Started process (PID=46492) to work on /home/airflow/.local/lib/python3.8/site-packages/airflow/example_dags/example_bash_operator.py
[2024-04-04T18:15:30.541+0000] {processor.py:830} INFO - Processing file /home/airflow/.local/lib/python3.8/site-packages/airflow/example_dags/example_bash_operator.py for tasks to queue
[2024-04-04T18:15:30.547+0000] {logging_mixin.py:188} INFO - [2024-04-04T18:15:30.546+0000] {dagbag.py:538} INFO - Filling up the DagBag from /home/airflow/.local/lib/python3.8/site-packages/airflow/example_dags/example_bash_operator.py
[2024-04-04T18:15:30.644+0000] {processor.py:840} INFO - DAG(s) 'example_bash_operator' retrieved from /home/airflow/.local/lib/python3.8/site-packages/airflow/example_dags/example_bash_operator.py
[2024-04-04T18:15:30.835+0000] {logging_mixin.py:188} INFO - [2024-04-04T18:15:30.834+0000] {dag.py:3036} INFO - Sync 1 DAGs
[2024-04-04T18:15:30.962+0000] {logging_mixin.py:188} INFO - [2024-04-04T18:15:30.961+0000] {dag.py:3823} INFO - Setting next_dagrun for example_bash_operator to 2024-04-03 00:00:00+00:00, run_after=2024-04-04 00:00:00+00:00
[2024-04-04T18:15:31.086+0000] {processor.py:183} INFO - Processing /home/airflow/.local/lib/python3.8/site-packages/airflow/example_dags/example_bash_operator.py took 0.577 seconds
[2024-04-04T18:16:01.222+0000] {processor.py:161} INFO - Started process (PID=46552) to work on /home/airflow/.local/lib/python3.8/site-packages/airflow/example_dags/example_bash_operator.py
[2024-04-04T18:16:01.225+0000] {processor.py:830} INFO - Processing file /home/airflow/.local/lib/python3.8/site-packages/airflow/example_dags/example_bash_operator.py for tasks to queue
[2024-04-04T18:16:01.228+0000] {logging_mixin.py:188} INFO - [2024-04-04T18:16:01.227+0000] {dagbag.py:538} INFO - Filling up the DagBag from /home/airflow/.local/lib/python3.8/site-packages/airflow/example_dags/example_bash_operator.py
[2024-04-04T18:16:01.262+0000] {processor.py:840} INFO - DAG(s) 'example_bash_operator' retrieved from /home/airflow/.local/lib/python3.8/site-packages/airflow/example_dags/example_bash_operator.py
[2024-04-04T18:16:01.371+0000] {logging_mixin.py:188} INFO - [2024-04-04T18:16:01.370+0000] {dag.py:3036} INFO - Sync 1 DAGs
[2024-04-04T18:16:01.460+0000] {logging_mixin.py:188} INFO - [2024-04-04T18:16:01.460+0000] {dag.py:3823} INFO - Setting next_dagrun for example_bash_operator to 2024-04-03 00:00:00+00:00, run_after=2024-04-04 00:00:00+00:00
[2024-04-04T18:16:01.550+0000] {processor.py:183} INFO - Processing /home/airflow/.local/lib/python3.8/site-packages/airflow/example_dags/example_bash_operator.py took 0.337 seconds
[2024-04-04T18:16:32.363+0000] {processor.py:161} INFO - Started process (PID=46612) to work on /home/airflow/.local/lib/python3.8/site-packages/airflow/example_dags/example_bash_operator.py
[2024-04-04T18:16:32.367+0000] {processor.py:830} INFO - Processing file /home/airflow/.local/lib/python3.8/site-packages/airflow/example_dags/example_bash_operator.py for tasks to queue
[2024-04-04T18:16:32.374+0000] {logging_mixin.py:188} INFO - [2024-04-04T18:16:32.372+0000] {dagbag.py:538} INFO - Filling up the DagBag from /home/airflow/.local/lib/python3.8/site-packages/airflow/example_dags/example_bash_operator.py
[2024-04-04T18:16:32.477+0000] {processor.py:840} INFO - DAG(s) 'example_bash_operator' retrieved from /home/airflow/.local/lib/python3.8/site-packages/airflow/example_dags/example_bash_operator.py
[2024-04-04T18:16:32.655+0000] {logging_mixin.py:188} INFO - [2024-04-04T18:16:32.654+0000] {dag.py:3036} INFO - Sync 1 DAGs
[2024-04-04T18:16:32.766+0000] {logging_mixin.py:188} INFO - [2024-04-04T18:16:32.765+0000] {dag.py:3823} INFO - Setting next_dagrun for example_bash_operator to 2024-04-03 00:00:00+00:00, run_after=2024-04-04 00:00:00+00:00
[2024-04-04T18:16:32.855+0000] {processor.py:183} INFO - Processing /home/airflow/.local/lib/python3.8/site-packages/airflow/example_dags/example_bash_operator.py took 0.509 seconds
[2024-04-04T18:17:03.032+0000] {processor.py:161} INFO - Started process (PID=46673) to work on /home/airflow/.local/lib/python3.8/site-packages/airflow/example_dags/example_bash_operator.py
[2024-04-04T18:17:03.037+0000] {processor.py:830} INFO - Processing file /home/airflow/.local/lib/python3.8/site-packages/airflow/example_dags/example_bash_operator.py for tasks to queue
[2024-04-04T18:17:03.043+0000] {logging_mixin.py:188} INFO - [2024-04-04T18:17:03.041+0000] {dagbag.py:538} INFO - Filling up the DagBag from /home/airflow/.local/lib/python3.8/site-packages/airflow/example_dags/example_bash_operator.py
[2024-04-04T18:17:03.115+0000] {processor.py:840} INFO - DAG(s) 'example_bash_operator' retrieved from /home/airflow/.local/lib/python3.8/site-packages/airflow/example_dags/example_bash_operator.py
[2024-04-04T18:17:03.314+0000] {logging_mixin.py:188} INFO - [2024-04-04T18:17:03.313+0000] {dag.py:3036} INFO - Sync 1 DAGs
[2024-04-04T18:17:03.442+0000] {logging_mixin.py:188} INFO - [2024-04-04T18:17:03.439+0000] {dag.py:3823} INFO - Setting next_dagrun for example_bash_operator to 2024-04-03 00:00:00+00:00, run_after=2024-04-04 00:00:00+00:00
[2024-04-04T18:17:03.538+0000] {processor.py:183} INFO - Processing /home/airflow/.local/lib/python3.8/site-packages/airflow/example_dags/example_bash_operator.py took 0.527 seconds
[2024-04-04T18:17:35.171+0000] {processor.py:161} INFO - Started process (PID=46733) to work on /home/airflow/.local/lib/python3.8/site-packages/airflow/example_dags/example_bash_operator.py
[2024-04-04T18:17:35.179+0000] {processor.py:830} INFO - Processing file /home/airflow/.local/lib/python3.8/site-packages/airflow/example_dags/example_bash_operator.py for tasks to queue
[2024-04-04T18:17:35.188+0000] {logging_mixin.py:188} INFO - [2024-04-04T18:17:35.185+0000] {dagbag.py:538} INFO - Filling up the DagBag from /home/airflow/.local/lib/python3.8/site-packages/airflow/example_dags/example_bash_operator.py
[2024-04-04T18:17:35.301+0000] {processor.py:840} INFO - DAG(s) 'example_bash_operator' retrieved from /home/airflow/.local/lib/python3.8/site-packages/airflow/example_dags/example_bash_operator.py
[2024-04-04T18:17:35.738+0000] {logging_mixin.py:188} INFO - [2024-04-04T18:17:35.728+0000] {dag.py:3036} INFO - Sync 1 DAGs
[2024-04-04T18:17:36.463+0000] {logging_mixin.py:188} INFO - [2024-04-04T18:17:36.461+0000] {dag.py:3823} INFO - Setting next_dagrun for example_bash_operator to 2024-04-03 00:00:00+00:00, run_after=2024-04-04 00:00:00+00:00
[2024-04-04T18:17:36.732+0000] {processor.py:183} INFO - Processing /home/airflow/.local/lib/python3.8/site-packages/airflow/example_dags/example_bash_operator.py took 1.604 seconds
[2024-04-04T18:18:07.531+0000] {processor.py:161} INFO - Started process (PID=46793) to work on /home/airflow/.local/lib/python3.8/site-packages/airflow/example_dags/example_bash_operator.py
[2024-04-04T18:18:07.535+0000] {processor.py:830} INFO - Processing file /home/airflow/.local/lib/python3.8/site-packages/airflow/example_dags/example_bash_operator.py for tasks to queue
[2024-04-04T18:18:07.539+0000] {logging_mixin.py:188} INFO - [2024-04-04T18:18:07.538+0000] {dagbag.py:538} INFO - Filling up the DagBag from /home/airflow/.local/lib/python3.8/site-packages/airflow/example_dags/example_bash_operator.py
[2024-04-04T18:18:07.599+0000] {processor.py:840} INFO - DAG(s) 'example_bash_operator' retrieved from /home/airflow/.local/lib/python3.8/site-packages/airflow/example_dags/example_bash_operator.py
[2024-04-04T18:18:07.701+0000] {logging_mixin.py:188} INFO - [2024-04-04T18:18:07.700+0000] {dag.py:3036} INFO - Sync 1 DAGs
[2024-04-04T18:18:07.777+0000] {logging_mixin.py:188} INFO - [2024-04-04T18:18:07.776+0000] {dag.py:3823} INFO - Setting next_dagrun for example_bash_operator to 2024-04-03 00:00:00+00:00, run_after=2024-04-04 00:00:00+00:00
[2024-04-04T18:18:07.854+0000] {processor.py:183} INFO - Processing /home/airflow/.local/lib/python3.8/site-packages/airflow/example_dags/example_bash_operator.py took 0.338 seconds
[2024-04-04T18:18:38.231+0000] {processor.py:161} INFO - Started process (PID=46853) to work on /home/airflow/.local/lib/python3.8/site-packages/airflow/example_dags/example_bash_operator.py
[2024-04-04T18:18:38.233+0000] {processor.py:830} INFO - Processing file /home/airflow/.local/lib/python3.8/site-packages/airflow/example_dags/example_bash_operator.py for tasks to queue
[2024-04-04T18:18:38.236+0000] {logging_mixin.py:188} INFO - [2024-04-04T18:18:38.235+0000] {dagbag.py:538} INFO - Filling up the DagBag from /home/airflow/.local/lib/python3.8/site-packages/airflow/example_dags/example_bash_operator.py
[2024-04-04T18:18:38.264+0000] {processor.py:840} INFO - DAG(s) 'example_bash_operator' retrieved from /home/airflow/.local/lib/python3.8/site-packages/airflow/example_dags/example_bash_operator.py
[2024-04-04T18:18:38.334+0000] {logging_mixin.py:188} INFO - [2024-04-04T18:18:38.334+0000] {dag.py:3036} INFO - Sync 1 DAGs
[2024-04-04T18:18:38.386+0000] {logging_mixin.py:188} INFO - [2024-04-04T18:18:38.385+0000] {dag.py:3823} INFO - Setting next_dagrun for example_bash_operator to 2024-04-03 00:00:00+00:00, run_after=2024-04-04 00:00:00+00:00
[2024-04-04T18:18:38.427+0000] {processor.py:183} INFO - Processing /home/airflow/.local/lib/python3.8/site-packages/airflow/example_dags/example_bash_operator.py took 0.203 seconds
[2024-04-04T18:19:09.064+0000] {processor.py:161} INFO - Started process (PID=46913) to work on /home/airflow/.local/lib/python3.8/site-packages/airflow/example_dags/example_bash_operator.py
[2024-04-04T18:19:09.066+0000] {processor.py:830} INFO - Processing file /home/airflow/.local/lib/python3.8/site-packages/airflow/example_dags/example_bash_operator.py for tasks to queue
[2024-04-04T18:19:09.067+0000] {logging_mixin.py:188} INFO - [2024-04-04T18:19:09.067+0000] {dagbag.py:538} INFO - Filling up the DagBag from /home/airflow/.local/lib/python3.8/site-packages/airflow/example_dags/example_bash_operator.py
[2024-04-04T18:19:09.087+0000] {processor.py:840} INFO - DAG(s) 'example_bash_operator' retrieved from /home/airflow/.local/lib/python3.8/site-packages/airflow/example_dags/example_bash_operator.py
[2024-04-04T18:19:09.139+0000] {logging_mixin.py:188} INFO - [2024-04-04T18:19:09.139+0000] {dag.py:3036} INFO - Sync 1 DAGs
[2024-04-04T18:19:09.176+0000] {logging_mixin.py:188} INFO - [2024-04-04T18:19:09.175+0000] {dag.py:3823} INFO - Setting next_dagrun for example_bash_operator to 2024-04-03 00:00:00+00:00, run_after=2024-04-04 00:00:00+00:00
[2024-04-04T18:19:09.206+0000] {processor.py:183} INFO - Processing /home/airflow/.local/lib/python3.8/site-packages/airflow/example_dags/example_bash_operator.py took 0.148 seconds
[2024-04-04T18:19:39.715+0000] {processor.py:161} INFO - Started process (PID=46974) to work on /home/airflow/.local/lib/python3.8/site-packages/airflow/example_dags/example_bash_operator.py
[2024-04-04T18:19:39.719+0000] {processor.py:830} INFO - Processing file /home/airflow/.local/lib/python3.8/site-packages/airflow/example_dags/example_bash_operator.py for tasks to queue
[2024-04-04T18:19:39.723+0000] {logging_mixin.py:188} INFO - [2024-04-04T18:19:39.722+0000] {dagbag.py:538} INFO - Filling up the DagBag from /home/airflow/.local/lib/python3.8/site-packages/airflow/example_dags/example_bash_operator.py
[2024-04-04T18:19:39.778+0000] {processor.py:840} INFO - DAG(s) 'example_bash_operator' retrieved from /home/airflow/.local/lib/python3.8/site-packages/airflow/example_dags/example_bash_operator.py
[2024-04-04T18:19:39.927+0000] {logging_mixin.py:188} INFO - [2024-04-04T18:19:39.926+0000] {dag.py:3036} INFO - Sync 1 DAGs
[2024-04-04T18:19:40.013+0000] {logging_mixin.py:188} INFO - [2024-04-04T18:19:40.012+0000] {dag.py:3823} INFO - Setting next_dagrun for example_bash_operator to 2024-04-03 00:00:00+00:00, run_after=2024-04-04 00:00:00+00:00
[2024-04-04T18:19:40.103+0000] {processor.py:183} INFO - Processing /home/airflow/.local/lib/python3.8/site-packages/airflow/example_dags/example_bash_operator.py took 0.400 seconds
[2024-04-04T18:20:10.298+0000] {processor.py:161} INFO - Started process (PID=47034) to work on /home/airflow/.local/lib/python3.8/site-packages/airflow/example_dags/example_bash_operator.py
[2024-04-04T18:20:10.303+0000] {processor.py:830} INFO - Processing file /home/airflow/.local/lib/python3.8/site-packages/airflow/example_dags/example_bash_operator.py for tasks to queue
[2024-04-04T18:20:10.308+0000] {logging_mixin.py:188} INFO - [2024-04-04T18:20:10.306+0000] {dagbag.py:538} INFO - Filling up the DagBag from /home/airflow/.local/lib/python3.8/site-packages/airflow/example_dags/example_bash_operator.py
[2024-04-04T18:20:10.364+0000] {processor.py:840} INFO - DAG(s) 'example_bash_operator' retrieved from /home/airflow/.local/lib/python3.8/site-packages/airflow/example_dags/example_bash_operator.py
[2024-04-04T18:20:10.551+0000] {logging_mixin.py:188} INFO - [2024-04-04T18:20:10.549+0000] {dag.py:3036} INFO - Sync 1 DAGs
[2024-04-04T18:20:10.655+0000] {logging_mixin.py:188} INFO - [2024-04-04T18:20:10.654+0000] {dag.py:3823} INFO - Setting next_dagrun for example_bash_operator to 2024-04-03 00:00:00+00:00, run_after=2024-04-04 00:00:00+00:00
[2024-04-04T18:20:10.756+0000] {processor.py:183} INFO - Processing /home/airflow/.local/lib/python3.8/site-packages/airflow/example_dags/example_bash_operator.py took 0.476 seconds
[2024-04-04T18:20:41.427+0000] {processor.py:161} INFO - Started process (PID=47094) to work on /home/airflow/.local/lib/python3.8/site-packages/airflow/example_dags/example_bash_operator.py
[2024-04-04T18:20:41.430+0000] {processor.py:830} INFO - Processing file /home/airflow/.local/lib/python3.8/site-packages/airflow/example_dags/example_bash_operator.py for tasks to queue
[2024-04-04T18:20:41.432+0000] {logging_mixin.py:188} INFO - [2024-04-04T18:20:41.431+0000] {dagbag.py:538} INFO - Filling up the DagBag from /home/airflow/.local/lib/python3.8/site-packages/airflow/example_dags/example_bash_operator.py
[2024-04-04T18:20:41.472+0000] {processor.py:840} INFO - DAG(s) 'example_bash_operator' retrieved from /home/airflow/.local/lib/python3.8/site-packages/airflow/example_dags/example_bash_operator.py
[2024-04-04T18:20:41.586+0000] {logging_mixin.py:188} INFO - [2024-04-04T18:20:41.585+0000] {dag.py:3036} INFO - Sync 1 DAGs
[2024-04-04T18:20:41.664+0000] {logging_mixin.py:188} INFO - [2024-04-04T18:20:41.664+0000] {dag.py:3823} INFO - Setting next_dagrun for example_bash_operator to 2024-04-03 00:00:00+00:00, run_after=2024-04-04 00:00:00+00:00
[2024-04-04T18:20:41.702+0000] {processor.py:183} INFO - Processing /home/airflow/.local/lib/python3.8/site-packages/airflow/example_dags/example_bash_operator.py took 0.284 seconds
[2024-04-04T18:21:12.231+0000] {processor.py:161} INFO - Started process (PID=47154) to work on /home/airflow/.local/lib/python3.8/site-packages/airflow/example_dags/example_bash_operator.py
[2024-04-04T18:21:12.233+0000] {processor.py:830} INFO - Processing file /home/airflow/.local/lib/python3.8/site-packages/airflow/example_dags/example_bash_operator.py for tasks to queue
[2024-04-04T18:21:12.235+0000] {logging_mixin.py:188} INFO - [2024-04-04T18:21:12.234+0000] {dagbag.py:538} INFO - Filling up the DagBag from /home/airflow/.local/lib/python3.8/site-packages/airflow/example_dags/example_bash_operator.py
[2024-04-04T18:21:12.259+0000] {processor.py:840} INFO - DAG(s) 'example_bash_operator' retrieved from /home/airflow/.local/lib/python3.8/site-packages/airflow/example_dags/example_bash_operator.py
[2024-04-04T18:21:12.322+0000] {logging_mixin.py:188} INFO - [2024-04-04T18:21:12.321+0000] {dag.py:3036} INFO - Sync 1 DAGs
[2024-04-04T18:21:12.365+0000] {logging_mixin.py:188} INFO - [2024-04-04T18:21:12.365+0000] {dag.py:3823} INFO - Setting next_dagrun for example_bash_operator to 2024-04-03 00:00:00+00:00, run_after=2024-04-04 00:00:00+00:00
[2024-04-04T18:21:12.411+0000] {processor.py:183} INFO - Processing /home/airflow/.local/lib/python3.8/site-packages/airflow/example_dags/example_bash_operator.py took 0.187 seconds
[2024-04-04T18:21:43.281+0000] {processor.py:161} INFO - Started process (PID=47214) to work on /home/airflow/.local/lib/python3.8/site-packages/airflow/example_dags/example_bash_operator.py
[2024-04-04T18:21:43.288+0000] {processor.py:830} INFO - Processing file /home/airflow/.local/lib/python3.8/site-packages/airflow/example_dags/example_bash_operator.py for tasks to queue
[2024-04-04T18:21:43.294+0000] {logging_mixin.py:188} INFO - [2024-04-04T18:21:43.292+0000] {dagbag.py:538} INFO - Filling up the DagBag from /home/airflow/.local/lib/python3.8/site-packages/airflow/example_dags/example_bash_operator.py
[2024-04-04T18:21:43.412+0000] {processor.py:840} INFO - DAG(s) 'example_bash_operator' retrieved from /home/airflow/.local/lib/python3.8/site-packages/airflow/example_dags/example_bash_operator.py
[2024-04-04T18:21:43.642+0000] {logging_mixin.py:188} INFO - [2024-04-04T18:21:43.641+0000] {dag.py:3036} INFO - Sync 1 DAGs
[2024-04-04T18:21:43.790+0000] {logging_mixin.py:188} INFO - [2024-04-04T18:21:43.788+0000] {dag.py:3823} INFO - Setting next_dagrun for example_bash_operator to 2024-04-03 00:00:00+00:00, run_after=2024-04-04 00:00:00+00:00
[2024-04-04T18:21:43.949+0000] {processor.py:183} INFO - Processing /home/airflow/.local/lib/python3.8/site-packages/airflow/example_dags/example_bash_operator.py took 0.697 seconds
[2024-04-04T18:22:14.219+0000] {processor.py:161} INFO - Started process (PID=47273) to work on /home/airflow/.local/lib/python3.8/site-packages/airflow/example_dags/example_bash_operator.py
[2024-04-04T18:22:14.224+0000] {processor.py:830} INFO - Processing file /home/airflow/.local/lib/python3.8/site-packages/airflow/example_dags/example_bash_operator.py for tasks to queue
[2024-04-04T18:22:14.230+0000] {logging_mixin.py:188} INFO - [2024-04-04T18:22:14.229+0000] {dagbag.py:538} INFO - Filling up the DagBag from /home/airflow/.local/lib/python3.8/site-packages/airflow/example_dags/example_bash_operator.py
[2024-04-04T18:22:14.308+0000] {processor.py:840} INFO - DAG(s) 'example_bash_operator' retrieved from /home/airflow/.local/lib/python3.8/site-packages/airflow/example_dags/example_bash_operator.py
[2024-04-04T18:22:14.644+0000] {logging_mixin.py:188} INFO - [2024-04-04T18:22:14.642+0000] {dag.py:3036} INFO - Sync 1 DAGs
[2024-04-04T18:22:14.780+0000] {logging_mixin.py:188} INFO - [2024-04-04T18:22:14.778+0000] {dag.py:3823} INFO - Setting next_dagrun for example_bash_operator to 2024-04-03 00:00:00+00:00, run_after=2024-04-04 00:00:00+00:00
[2024-04-04T18:22:14.940+0000] {processor.py:183} INFO - Processing /home/airflow/.local/lib/python3.8/site-packages/airflow/example_dags/example_bash_operator.py took 0.741 seconds
[2024-04-04T18:22:45.534+0000] {processor.py:161} INFO - Started process (PID=47333) to work on /home/airflow/.local/lib/python3.8/site-packages/airflow/example_dags/example_bash_operator.py
[2024-04-04T18:22:45.539+0000] {processor.py:830} INFO - Processing file /home/airflow/.local/lib/python3.8/site-packages/airflow/example_dags/example_bash_operator.py for tasks to queue
[2024-04-04T18:22:45.544+0000] {logging_mixin.py:188} INFO - [2024-04-04T18:22:45.542+0000] {dagbag.py:538} INFO - Filling up the DagBag from /home/airflow/.local/lib/python3.8/site-packages/airflow/example_dags/example_bash_operator.py
[2024-04-04T18:22:45.598+0000] {processor.py:840} INFO - DAG(s) 'example_bash_operator' retrieved from /home/airflow/.local/lib/python3.8/site-packages/airflow/example_dags/example_bash_operator.py
[2024-04-04T18:22:45.764+0000] {logging_mixin.py:188} INFO - [2024-04-04T18:22:45.763+0000] {dag.py:3036} INFO - Sync 1 DAGs
[2024-04-04T18:22:45.851+0000] {logging_mixin.py:188} INFO - [2024-04-04T18:22:45.851+0000] {dag.py:3823} INFO - Setting next_dagrun for example_bash_operator to 2024-04-03 00:00:00+00:00, run_after=2024-04-04 00:00:00+00:00
[2024-04-04T18:22:45.937+0000] {processor.py:183} INFO - Processing /home/airflow/.local/lib/python3.8/site-packages/airflow/example_dags/example_bash_operator.py took 0.417 seconds
[2024-04-04T18:23:16.484+0000] {processor.py:161} INFO - Started process (PID=47393) to work on /home/airflow/.local/lib/python3.8/site-packages/airflow/example_dags/example_bash_operator.py
[2024-04-04T18:23:16.487+0000] {processor.py:830} INFO - Processing file /home/airflow/.local/lib/python3.8/site-packages/airflow/example_dags/example_bash_operator.py for tasks to queue
[2024-04-04T18:23:16.490+0000] {logging_mixin.py:188} INFO - [2024-04-04T18:23:16.489+0000] {dagbag.py:538} INFO - Filling up the DagBag from /home/airflow/.local/lib/python3.8/site-packages/airflow/example_dags/example_bash_operator.py
[2024-04-04T18:23:16.520+0000] {processor.py:840} INFO - DAG(s) 'example_bash_operator' retrieved from /home/airflow/.local/lib/python3.8/site-packages/airflow/example_dags/example_bash_operator.py
[2024-04-04T18:23:16.598+0000] {logging_mixin.py:188} INFO - [2024-04-04T18:23:16.597+0000] {dag.py:3036} INFO - Sync 1 DAGs
[2024-04-04T18:23:16.647+0000] {logging_mixin.py:188} INFO - [2024-04-04T18:23:16.646+0000] {dag.py:3823} INFO - Setting next_dagrun for example_bash_operator to 2024-04-03 00:00:00+00:00, run_after=2024-04-04 00:00:00+00:00
[2024-04-04T18:23:16.687+0000] {processor.py:183} INFO - Processing /home/airflow/.local/lib/python3.8/site-packages/airflow/example_dags/example_bash_operator.py took 0.212 seconds
[2024-04-04T18:23:47.002+0000] {processor.py:161} INFO - Started process (PID=47451) to work on /home/airflow/.local/lib/python3.8/site-packages/airflow/example_dags/example_bash_operator.py
[2024-04-04T18:23:47.006+0000] {processor.py:830} INFO - Processing file /home/airflow/.local/lib/python3.8/site-packages/airflow/example_dags/example_bash_operator.py for tasks to queue
[2024-04-04T18:23:47.009+0000] {logging_mixin.py:188} INFO - [2024-04-04T18:23:47.009+0000] {dagbag.py:538} INFO - Filling up the DagBag from /home/airflow/.local/lib/python3.8/site-packages/airflow/example_dags/example_bash_operator.py
[2024-04-04T18:23:47.067+0000] {processor.py:840} INFO - DAG(s) 'example_bash_operator' retrieved from /home/airflow/.local/lib/python3.8/site-packages/airflow/example_dags/example_bash_operator.py
[2024-04-04T18:23:47.179+0000] {logging_mixin.py:188} INFO - [2024-04-04T18:23:47.178+0000] {dag.py:3036} INFO - Sync 1 DAGs
[2024-04-04T18:23:47.254+0000] {logging_mixin.py:188} INFO - [2024-04-04T18:23:47.253+0000] {dag.py:3823} INFO - Setting next_dagrun for example_bash_operator to 2024-04-03 00:00:00+00:00, run_after=2024-04-04 00:00:00+00:00
[2024-04-04T18:23:47.309+0000] {processor.py:183} INFO - Processing /home/airflow/.local/lib/python3.8/site-packages/airflow/example_dags/example_bash_operator.py took 0.319 seconds
[2024-04-04T19:14:42.925+0000] {processor.py:161} INFO - Started process (PID=47500) to work on /home/airflow/.local/lib/python3.8/site-packages/airflow/example_dags/example_bash_operator.py
[2024-04-04T19:14:42.934+0000] {processor.py:830} INFO - Processing file /home/airflow/.local/lib/python3.8/site-packages/airflow/example_dags/example_bash_operator.py for tasks to queue
[2024-04-04T19:14:42.941+0000] {logging_mixin.py:188} INFO - [2024-04-04T19:14:42.939+0000] {dagbag.py:538} INFO - Filling up the DagBag from /home/airflow/.local/lib/python3.8/site-packages/airflow/example_dags/example_bash_operator.py
[2024-04-04T19:14:43.068+0000] {processor.py:840} INFO - DAG(s) 'example_bash_operator' retrieved from /home/airflow/.local/lib/python3.8/site-packages/airflow/example_dags/example_bash_operator.py
[2024-04-04T19:14:43.582+0000] {logging_mixin.py:188} INFO - [2024-04-04T19:14:43.580+0000] {dag.py:3036} INFO - Sync 1 DAGs
[2024-04-04T19:14:43.936+0000] {logging_mixin.py:188} INFO - [2024-04-04T19:14:43.934+0000] {dag.py:3823} INFO - Setting next_dagrun for example_bash_operator to 2024-04-03 00:00:00+00:00, run_after=2024-04-04 00:00:00+00:00
[2024-04-04T19:14:44.121+0000] {processor.py:183} INFO - Processing /home/airflow/.local/lib/python3.8/site-packages/airflow/example_dags/example_bash_operator.py took 1.221 seconds
[2024-04-04T19:15:15.029+0000] {processor.py:161} INFO - Started process (PID=47560) to work on /home/airflow/.local/lib/python3.8/site-packages/airflow/example_dags/example_bash_operator.py
[2024-04-04T19:15:15.035+0000] {processor.py:830} INFO - Processing file /home/airflow/.local/lib/python3.8/site-packages/airflow/example_dags/example_bash_operator.py for tasks to queue
[2024-04-04T19:15:15.041+0000] {logging_mixin.py:188} INFO - [2024-04-04T19:15:15.039+0000] {dagbag.py:538} INFO - Filling up the DagBag from /home/airflow/.local/lib/python3.8/site-packages/airflow/example_dags/example_bash_operator.py
[2024-04-04T19:15:15.106+0000] {processor.py:840} INFO - DAG(s) 'example_bash_operator' retrieved from /home/airflow/.local/lib/python3.8/site-packages/airflow/example_dags/example_bash_operator.py
[2024-04-04T19:15:15.259+0000] {logging_mixin.py:188} INFO - [2024-04-04T19:15:15.258+0000] {dag.py:3036} INFO - Sync 1 DAGs
[2024-04-04T19:15:15.364+0000] {logging_mixin.py:188} INFO - [2024-04-04T19:15:15.363+0000] {dag.py:3823} INFO - Setting next_dagrun for example_bash_operator to 2024-04-03 00:00:00+00:00, run_after=2024-04-04 00:00:00+00:00
[2024-04-04T19:15:15.462+0000] {processor.py:183} INFO - Processing /home/airflow/.local/lib/python3.8/site-packages/airflow/example_dags/example_bash_operator.py took 0.450 seconds
[2024-04-04T23:14:48.988+0000] {processor.py:161} INFO - Started process (PID=47658) to work on /home/airflow/.local/lib/python3.8/site-packages/airflow/example_dags/example_bash_operator.py
[2024-04-04T23:14:49.004+0000] {processor.py:830} INFO - Processing file /home/airflow/.local/lib/python3.8/site-packages/airflow/example_dags/example_bash_operator.py for tasks to queue
[2024-04-04T23:14:49.021+0000] {logging_mixin.py:188} INFO - [2024-04-04T23:14:49.019+0000] {dagbag.py:538} INFO - Filling up the DagBag from /home/airflow/.local/lib/python3.8/site-packages/airflow/example_dags/example_bash_operator.py
[2024-04-04T23:14:49.556+0000] {processor.py:840} INFO - DAG(s) 'example_bash_operator' retrieved from /home/airflow/.local/lib/python3.8/site-packages/airflow/example_dags/example_bash_operator.py
[2024-04-04T23:14:50.963+0000] {logging_mixin.py:188} INFO - [2024-04-04T23:14:50.949+0000] {dag.py:3036} INFO - Sync 1 DAGs
[2024-04-04T23:14:51.986+0000] {logging_mixin.py:188} INFO - [2024-04-04T23:14:51.973+0000] {dag.py:3823} INFO - Setting next_dagrun for example_bash_operator to 2024-04-03 00:00:00+00:00, run_after=2024-04-04 00:00:00+00:00
[2024-04-04T23:14:53.458+0000] {processor.py:183} INFO - Processing /home/airflow/.local/lib/python3.8/site-packages/airflow/example_dags/example_bash_operator.py took 4.534 seconds
[2024-04-04T23:15:37.841+0000] {processor.py:161} INFO - Started process (PID=47718) to work on /home/airflow/.local/lib/python3.8/site-packages/airflow/example_dags/example_bash_operator.py
[2024-04-04T23:15:37.855+0000] {processor.py:830} INFO - Processing file /home/airflow/.local/lib/python3.8/site-packages/airflow/example_dags/example_bash_operator.py for tasks to queue
[2024-04-04T23:15:37.872+0000] {logging_mixin.py:188} INFO - [2024-04-04T23:15:37.862+0000] {dagbag.py:538} INFO - Filling up the DagBag from /home/airflow/.local/lib/python3.8/site-packages/airflow/example_dags/example_bash_operator.py
[2024-04-04T23:15:38.021+0000] {processor.py:840} INFO - DAG(s) 'example_bash_operator' retrieved from /home/airflow/.local/lib/python3.8/site-packages/airflow/example_dags/example_bash_operator.py
[2024-04-04T23:15:38.387+0000] {logging_mixin.py:188} INFO - [2024-04-04T23:15:38.385+0000] {dag.py:3036} INFO - Sync 1 DAGs
[2024-04-04T23:15:38.667+0000] {logging_mixin.py:188} INFO - [2024-04-04T23:15:38.665+0000] {dag.py:3823} INFO - Setting next_dagrun for example_bash_operator to 2024-04-03 00:00:00+00:00, run_after=2024-04-04 00:00:00+00:00
[2024-04-04T23:15:38.863+0000] {processor.py:183} INFO - Processing /home/airflow/.local/lib/python3.8/site-packages/airflow/example_dags/example_bash_operator.py took 1.089 seconds
[2024-04-04T23:16:09.238+0000] {processor.py:161} INFO - Started process (PID=47778) to work on /home/airflow/.local/lib/python3.8/site-packages/airflow/example_dags/example_bash_operator.py
[2024-04-04T23:16:09.242+0000] {processor.py:830} INFO - Processing file /home/airflow/.local/lib/python3.8/site-packages/airflow/example_dags/example_bash_operator.py for tasks to queue
[2024-04-04T23:16:09.246+0000] {logging_mixin.py:188} INFO - [2024-04-04T23:16:09.245+0000] {dagbag.py:538} INFO - Filling up the DagBag from /home/airflow/.local/lib/python3.8/site-packages/airflow/example_dags/example_bash_operator.py
[2024-04-04T23:16:09.298+0000] {processor.py:840} INFO - DAG(s) 'example_bash_operator' retrieved from /home/airflow/.local/lib/python3.8/site-packages/airflow/example_dags/example_bash_operator.py
[2024-04-04T23:16:09.549+0000] {logging_mixin.py:188} INFO - [2024-04-04T23:16:09.548+0000] {dag.py:3036} INFO - Sync 1 DAGs
[2024-04-04T23:16:09.722+0000] {logging_mixin.py:188} INFO - [2024-04-04T23:16:09.716+0000] {dag.py:3823} INFO - Setting next_dagrun for example_bash_operator to 2024-04-03 00:00:00+00:00, run_after=2024-04-04 00:00:00+00:00
[2024-04-04T23:16:09.866+0000] {processor.py:183} INFO - Processing /home/airflow/.local/lib/python3.8/site-packages/airflow/example_dags/example_bash_operator.py took 0.643 seconds
[2024-04-04T23:16:40.869+0000] {processor.py:161} INFO - Started process (PID=47844) to work on /home/airflow/.local/lib/python3.8/site-packages/airflow/example_dags/example_bash_operator.py
[2024-04-04T23:16:40.873+0000] {processor.py:830} INFO - Processing file /home/airflow/.local/lib/python3.8/site-packages/airflow/example_dags/example_bash_operator.py for tasks to queue
[2024-04-04T23:16:40.877+0000] {logging_mixin.py:188} INFO - [2024-04-04T23:16:40.876+0000] {dagbag.py:538} INFO - Filling up the DagBag from /home/airflow/.local/lib/python3.8/site-packages/airflow/example_dags/example_bash_operator.py
[2024-04-04T23:16:41.424+0000] {processor.py:840} INFO - DAG(s) 'example_bash_operator' retrieved from /home/airflow/.local/lib/python3.8/site-packages/airflow/example_dags/example_bash_operator.py
[2024-04-04T23:16:41.614+0000] {logging_mixin.py:188} INFO - [2024-04-04T23:16:41.613+0000] {dag.py:3036} INFO - Sync 1 DAGs
[2024-04-04T23:16:41.739+0000] {logging_mixin.py:188} INFO - [2024-04-04T23:16:41.738+0000] {dag.py:3823} INFO - Setting next_dagrun for example_bash_operator to 2024-04-03 00:00:00+00:00, run_after=2024-04-04 00:00:00+00:00
[2024-04-04T23:16:41.825+0000] {processor.py:183} INFO - Processing /home/airflow/.local/lib/python3.8/site-packages/airflow/example_dags/example_bash_operator.py took 0.970 seconds
[2024-04-04T23:17:12.734+0000] {processor.py:161} INFO - Started process (PID=47904) to work on /home/airflow/.local/lib/python3.8/site-packages/airflow/example_dags/example_bash_operator.py
[2024-04-04T23:17:12.737+0000] {processor.py:830} INFO - Processing file /home/airflow/.local/lib/python3.8/site-packages/airflow/example_dags/example_bash_operator.py for tasks to queue
[2024-04-04T23:17:12.739+0000] {logging_mixin.py:188} INFO - [2024-04-04T23:17:12.739+0000] {dagbag.py:538} INFO - Filling up the DagBag from /home/airflow/.local/lib/python3.8/site-packages/airflow/example_dags/example_bash_operator.py
[2024-04-04T23:17:12.767+0000] {processor.py:840} INFO - DAG(s) 'example_bash_operator' retrieved from /home/airflow/.local/lib/python3.8/site-packages/airflow/example_dags/example_bash_operator.py
[2024-04-04T23:17:12.836+0000] {logging_mixin.py:188} INFO - [2024-04-04T23:17:12.835+0000] {dag.py:3036} INFO - Sync 1 DAGs
[2024-04-04T23:17:12.881+0000] {logging_mixin.py:188} INFO - [2024-04-04T23:17:12.881+0000] {dag.py:3823} INFO - Setting next_dagrun for example_bash_operator to 2024-04-03 00:00:00+00:00, run_after=2024-04-04 00:00:00+00:00
[2024-04-04T23:17:12.920+0000] {processor.py:183} INFO - Processing /home/airflow/.local/lib/python3.8/site-packages/airflow/example_dags/example_bash_operator.py took 0.193 seconds
[2024-04-04T23:17:43.119+0000] {processor.py:161} INFO - Started process (PID=47964) to work on /home/airflow/.local/lib/python3.8/site-packages/airflow/example_dags/example_bash_operator.py
[2024-04-04T23:17:43.126+0000] {processor.py:830} INFO - Processing file /home/airflow/.local/lib/python3.8/site-packages/airflow/example_dags/example_bash_operator.py for tasks to queue
[2024-04-04T23:17:43.132+0000] {logging_mixin.py:188} INFO - [2024-04-04T23:17:43.130+0000] {dagbag.py:538} INFO - Filling up the DagBag from /home/airflow/.local/lib/python3.8/site-packages/airflow/example_dags/example_bash_operator.py
[2024-04-04T23:17:43.234+0000] {processor.py:840} INFO - DAG(s) 'example_bash_operator' retrieved from /home/airflow/.local/lib/python3.8/site-packages/airflow/example_dags/example_bash_operator.py
[2024-04-04T23:17:43.511+0000] {logging_mixin.py:188} INFO - [2024-04-04T23:17:43.507+0000] {dag.py:3036} INFO - Sync 1 DAGs
[2024-04-04T23:17:43.714+0000] {logging_mixin.py:188} INFO - [2024-04-04T23:17:43.712+0000] {dag.py:3823} INFO - Setting next_dagrun for example_bash_operator to 2024-04-03 00:00:00+00:00, run_after=2024-04-04 00:00:00+00:00
[2024-04-04T23:17:43.835+0000] {processor.py:183} INFO - Processing /home/airflow/.local/lib/python3.8/site-packages/airflow/example_dags/example_bash_operator.py took 0.742 seconds
[2024-04-04T23:18:14.307+0000] {processor.py:161} INFO - Started process (PID=48024) to work on /home/airflow/.local/lib/python3.8/site-packages/airflow/example_dags/example_bash_operator.py
[2024-04-04T23:18:14.312+0000] {processor.py:830} INFO - Processing file /home/airflow/.local/lib/python3.8/site-packages/airflow/example_dags/example_bash_operator.py for tasks to queue
[2024-04-04T23:18:14.320+0000] {logging_mixin.py:188} INFO - [2024-04-04T23:18:14.317+0000] {dagbag.py:538} INFO - Filling up the DagBag from /home/airflow/.local/lib/python3.8/site-packages/airflow/example_dags/example_bash_operator.py
[2024-04-04T23:18:14.391+0000] {processor.py:840} INFO - DAG(s) 'example_bash_operator' retrieved from /home/airflow/.local/lib/python3.8/site-packages/airflow/example_dags/example_bash_operator.py
[2024-04-04T23:18:14.609+0000] {logging_mixin.py:188} INFO - [2024-04-04T23:18:14.607+0000] {dag.py:3036} INFO - Sync 1 DAGs
[2024-04-04T23:18:14.736+0000] {logging_mixin.py:188} INFO - [2024-04-04T23:18:14.735+0000] {dag.py:3823} INFO - Setting next_dagrun for example_bash_operator to 2024-04-03 00:00:00+00:00, run_after=2024-04-04 00:00:00+00:00
[2024-04-04T23:18:14.849+0000] {processor.py:183} INFO - Processing /home/airflow/.local/lib/python3.8/site-packages/airflow/example_dags/example_bash_operator.py took 0.561 seconds
[2024-04-04T23:18:45.270+0000] {processor.py:161} INFO - Started process (PID=48085) to work on /home/airflow/.local/lib/python3.8/site-packages/airflow/example_dags/example_bash_operator.py
[2024-04-04T23:18:45.272+0000] {processor.py:830} INFO - Processing file /home/airflow/.local/lib/python3.8/site-packages/airflow/example_dags/example_bash_operator.py for tasks to queue
[2024-04-04T23:18:45.275+0000] {logging_mixin.py:188} INFO - [2024-04-04T23:18:45.274+0000] {dagbag.py:538} INFO - Filling up the DagBag from /home/airflow/.local/lib/python3.8/site-packages/airflow/example_dags/example_bash_operator.py
[2024-04-04T23:18:45.308+0000] {processor.py:840} INFO - DAG(s) 'example_bash_operator' retrieved from /home/airflow/.local/lib/python3.8/site-packages/airflow/example_dags/example_bash_operator.py
[2024-04-04T23:18:45.400+0000] {logging_mixin.py:188} INFO - [2024-04-04T23:18:45.399+0000] {dag.py:3036} INFO - Sync 1 DAGs
[2024-04-04T23:18:45.459+0000] {logging_mixin.py:188} INFO - [2024-04-04T23:18:45.458+0000] {dag.py:3823} INFO - Setting next_dagrun for example_bash_operator to 2024-04-03 00:00:00+00:00, run_after=2024-04-04 00:00:00+00:00
[2024-04-04T23:18:45.512+0000] {processor.py:183} INFO - Processing /home/airflow/.local/lib/python3.8/site-packages/airflow/example_dags/example_bash_operator.py took 0.252 seconds
[2024-04-04T23:19:15.774+0000] {processor.py:161} INFO - Started process (PID=48145) to work on /home/airflow/.local/lib/python3.8/site-packages/airflow/example_dags/example_bash_operator.py
[2024-04-04T23:19:15.776+0000] {processor.py:830} INFO - Processing file /home/airflow/.local/lib/python3.8/site-packages/airflow/example_dags/example_bash_operator.py for tasks to queue
[2024-04-04T23:19:15.779+0000] {logging_mixin.py:188} INFO - [2024-04-04T23:19:15.778+0000] {dagbag.py:538} INFO - Filling up the DagBag from /home/airflow/.local/lib/python3.8/site-packages/airflow/example_dags/example_bash_operator.py
[2024-04-04T23:19:15.811+0000] {processor.py:840} INFO - DAG(s) 'example_bash_operator' retrieved from /home/airflow/.local/lib/python3.8/site-packages/airflow/example_dags/example_bash_operator.py
[2024-04-04T23:19:15.903+0000] {logging_mixin.py:188} INFO - [2024-04-04T23:19:15.902+0000] {dag.py:3036} INFO - Sync 1 DAGs
[2024-04-04T23:19:15.963+0000] {logging_mixin.py:188} INFO - [2024-04-04T23:19:15.963+0000] {dag.py:3823} INFO - Setting next_dagrun for example_bash_operator to 2024-04-03 00:00:00+00:00, run_after=2024-04-04 00:00:00+00:00
[2024-04-04T23:19:16.016+0000] {processor.py:183} INFO - Processing /home/airflow/.local/lib/python3.8/site-packages/airflow/example_dags/example_bash_operator.py took 0.251 seconds
[2024-04-04T23:19:46.897+0000] {processor.py:161} INFO - Started process (PID=48205) to work on /home/airflow/.local/lib/python3.8/site-packages/airflow/example_dags/example_bash_operator.py
[2024-04-04T23:19:46.901+0000] {processor.py:830} INFO - Processing file /home/airflow/.local/lib/python3.8/site-packages/airflow/example_dags/example_bash_operator.py for tasks to queue
[2024-04-04T23:19:46.907+0000] {logging_mixin.py:188} INFO - [2024-04-04T23:19:46.905+0000] {dagbag.py:538} INFO - Filling up the DagBag from /home/airflow/.local/lib/python3.8/site-packages/airflow/example_dags/example_bash_operator.py
[2024-04-04T23:19:46.968+0000] {processor.py:840} INFO - DAG(s) 'example_bash_operator' retrieved from /home/airflow/.local/lib/python3.8/site-packages/airflow/example_dags/example_bash_operator.py
[2024-04-04T23:19:47.170+0000] {logging_mixin.py:188} INFO - [2024-04-04T23:19:47.169+0000] {dag.py:3036} INFO - Sync 1 DAGs
[2024-04-04T23:19:47.279+0000] {logging_mixin.py:188} INFO - [2024-04-04T23:19:47.278+0000] {dag.py:3823} INFO - Setting next_dagrun for example_bash_operator to 2024-04-03 00:00:00+00:00, run_after=2024-04-04 00:00:00+00:00
[2024-04-04T23:19:47.367+0000] {processor.py:183} INFO - Processing /home/airflow/.local/lib/python3.8/site-packages/airflow/example_dags/example_bash_operator.py took 0.487 seconds
[2024-04-04T23:20:17.708+0000] {processor.py:161} INFO - Started process (PID=48265) to work on /home/airflow/.local/lib/python3.8/site-packages/airflow/example_dags/example_bash_operator.py
[2024-04-04T23:20:17.712+0000] {processor.py:830} INFO - Processing file /home/airflow/.local/lib/python3.8/site-packages/airflow/example_dags/example_bash_operator.py for tasks to queue
[2024-04-04T23:20:17.719+0000] {logging_mixin.py:188} INFO - [2024-04-04T23:20:17.717+0000] {dagbag.py:538} INFO - Filling up the DagBag from /home/airflow/.local/lib/python3.8/site-packages/airflow/example_dags/example_bash_operator.py
[2024-04-04T23:20:17.784+0000] {processor.py:840} INFO - DAG(s) 'example_bash_operator' retrieved from /home/airflow/.local/lib/python3.8/site-packages/airflow/example_dags/example_bash_operator.py
[2024-04-04T23:20:17.988+0000] {logging_mixin.py:188} INFO - [2024-04-04T23:20:17.987+0000] {dag.py:3036} INFO - Sync 1 DAGs
[2024-04-04T23:20:18.122+0000] {logging_mixin.py:188} INFO - [2024-04-04T23:20:18.120+0000] {dag.py:3823} INFO - Setting next_dagrun for example_bash_operator to 2024-04-03 00:00:00+00:00, run_after=2024-04-04 00:00:00+00:00
[2024-04-04T23:20:18.220+0000] {processor.py:183} INFO - Processing /home/airflow/.local/lib/python3.8/site-packages/airflow/example_dags/example_bash_operator.py took 0.529 seconds
[2024-04-04T23:20:48.550+0000] {processor.py:161} INFO - Started process (PID=48325) to work on /home/airflow/.local/lib/python3.8/site-packages/airflow/example_dags/example_bash_operator.py
[2024-04-04T23:20:48.553+0000] {processor.py:830} INFO - Processing file /home/airflow/.local/lib/python3.8/site-packages/airflow/example_dags/example_bash_operator.py for tasks to queue
[2024-04-04T23:20:48.556+0000] {logging_mixin.py:188} INFO - [2024-04-04T23:20:48.555+0000] {dagbag.py:538} INFO - Filling up the DagBag from /home/airflow/.local/lib/python3.8/site-packages/airflow/example_dags/example_bash_operator.py
[2024-04-04T23:20:48.592+0000] {processor.py:840} INFO - DAG(s) 'example_bash_operator' retrieved from /home/airflow/.local/lib/python3.8/site-packages/airflow/example_dags/example_bash_operator.py
[2024-04-04T23:20:48.690+0000] {logging_mixin.py:188} INFO - [2024-04-04T23:20:48.689+0000] {dag.py:3036} INFO - Sync 1 DAGs
[2024-04-04T23:20:48.751+0000] {logging_mixin.py:188} INFO - [2024-04-04T23:20:48.750+0000] {dag.py:3823} INFO - Setting next_dagrun for example_bash_operator to 2024-04-03 00:00:00+00:00, run_after=2024-04-04 00:00:00+00:00
[2024-04-04T23:20:48.802+0000] {processor.py:183} INFO - Processing /home/airflow/.local/lib/python3.8/site-packages/airflow/example_dags/example_bash_operator.py took 0.261 seconds
[2024-04-04T23:21:19.093+0000] {processor.py:161} INFO - Started process (PID=48385) to work on /home/airflow/.local/lib/python3.8/site-packages/airflow/example_dags/example_bash_operator.py
[2024-04-04T23:21:19.096+0000] {processor.py:830} INFO - Processing file /home/airflow/.local/lib/python3.8/site-packages/airflow/example_dags/example_bash_operator.py for tasks to queue
[2024-04-04T23:21:19.098+0000] {logging_mixin.py:188} INFO - [2024-04-04T23:21:19.098+0000] {dagbag.py:538} INFO - Filling up the DagBag from /home/airflow/.local/lib/python3.8/site-packages/airflow/example_dags/example_bash_operator.py
[2024-04-04T23:21:19.142+0000] {processor.py:840} INFO - DAG(s) 'example_bash_operator' retrieved from /home/airflow/.local/lib/python3.8/site-packages/airflow/example_dags/example_bash_operator.py
[2024-04-04T23:21:19.231+0000] {logging_mixin.py:188} INFO - [2024-04-04T23:21:19.231+0000] {dag.py:3036} INFO - Sync 1 DAGs
[2024-04-04T23:21:19.288+0000] {logging_mixin.py:188} INFO - [2024-04-04T23:21:19.287+0000] {dag.py:3823} INFO - Setting next_dagrun for example_bash_operator to 2024-04-03 00:00:00+00:00, run_after=2024-04-04 00:00:00+00:00
[2024-04-04T23:21:19.334+0000] {processor.py:183} INFO - Processing /home/airflow/.local/lib/python3.8/site-packages/airflow/example_dags/example_bash_operator.py took 0.250 seconds
[2024-04-04T23:21:50.151+0000] {processor.py:161} INFO - Started process (PID=48445) to work on /home/airflow/.local/lib/python3.8/site-packages/airflow/example_dags/example_bash_operator.py
[2024-04-04T23:21:50.158+0000] {processor.py:830} INFO - Processing file /home/airflow/.local/lib/python3.8/site-packages/airflow/example_dags/example_bash_operator.py for tasks to queue
[2024-04-04T23:21:50.164+0000] {logging_mixin.py:188} INFO - [2024-04-04T23:21:50.163+0000] {dagbag.py:538} INFO - Filling up the DagBag from /home/airflow/.local/lib/python3.8/site-packages/airflow/example_dags/example_bash_operator.py
[2024-04-04T23:21:50.250+0000] {processor.py:840} INFO - DAG(s) 'example_bash_operator' retrieved from /home/airflow/.local/lib/python3.8/site-packages/airflow/example_dags/example_bash_operator.py
[2024-04-04T23:21:50.469+0000] {logging_mixin.py:188} INFO - [2024-04-04T23:21:50.468+0000] {dag.py:3036} INFO - Sync 1 DAGs
[2024-04-04T23:21:50.577+0000] {logging_mixin.py:188} INFO - [2024-04-04T23:21:50.576+0000] {dag.py:3823} INFO - Setting next_dagrun for example_bash_operator to 2024-04-03 00:00:00+00:00, run_after=2024-04-04 00:00:00+00:00
[2024-04-04T23:21:50.662+0000] {processor.py:183} INFO - Processing /home/airflow/.local/lib/python3.8/site-packages/airflow/example_dags/example_bash_operator.py took 0.533 seconds
[2024-04-04T23:22:21.689+0000] {processor.py:161} INFO - Started process (PID=48505) to work on /home/airflow/.local/lib/python3.8/site-packages/airflow/example_dags/example_bash_operator.py
[2024-04-04T23:22:21.694+0000] {processor.py:830} INFO - Processing file /home/airflow/.local/lib/python3.8/site-packages/airflow/example_dags/example_bash_operator.py for tasks to queue
[2024-04-04T23:22:21.703+0000] {logging_mixin.py:188} INFO - [2024-04-04T23:22:21.699+0000] {dagbag.py:538} INFO - Filling up the DagBag from /home/airflow/.local/lib/python3.8/site-packages/airflow/example_dags/example_bash_operator.py
[2024-04-04T23:22:21.817+0000] {processor.py:840} INFO - DAG(s) 'example_bash_operator' retrieved from /home/airflow/.local/lib/python3.8/site-packages/airflow/example_dags/example_bash_operator.py
[2024-04-04T23:22:22.200+0000] {logging_mixin.py:188} INFO - [2024-04-04T23:22:22.198+0000] {dag.py:3036} INFO - Sync 1 DAGs
[2024-04-04T23:22:22.577+0000] {logging_mixin.py:188} INFO - [2024-04-04T23:22:22.575+0000] {dag.py:3823} INFO - Setting next_dagrun for example_bash_operator to 2024-04-03 00:00:00+00:00, run_after=2024-04-04 00:00:00+00:00
[2024-04-04T23:22:22.813+0000] {processor.py:183} INFO - Processing /home/airflow/.local/lib/python3.8/site-packages/airflow/example_dags/example_bash_operator.py took 1.149 seconds
[2024-04-04T23:22:53.104+0000] {processor.py:161} INFO - Started process (PID=48565) to work on /home/airflow/.local/lib/python3.8/site-packages/airflow/example_dags/example_bash_operator.py
[2024-04-04T23:22:53.106+0000] {processor.py:830} INFO - Processing file /home/airflow/.local/lib/python3.8/site-packages/airflow/example_dags/example_bash_operator.py for tasks to queue
[2024-04-04T23:22:53.109+0000] {logging_mixin.py:188} INFO - [2024-04-04T23:22:53.108+0000] {dagbag.py:538} INFO - Filling up the DagBag from /home/airflow/.local/lib/python3.8/site-packages/airflow/example_dags/example_bash_operator.py
[2024-04-04T23:22:53.138+0000] {processor.py:840} INFO - DAG(s) 'example_bash_operator' retrieved from /home/airflow/.local/lib/python3.8/site-packages/airflow/example_dags/example_bash_operator.py
[2024-04-04T23:22:53.210+0000] {logging_mixin.py:188} INFO - [2024-04-04T23:22:53.209+0000] {dag.py:3036} INFO - Sync 1 DAGs
[2024-04-04T23:22:53.266+0000] {logging_mixin.py:188} INFO - [2024-04-04T23:22:53.265+0000] {dag.py:3823} INFO - Setting next_dagrun for example_bash_operator to 2024-04-03 00:00:00+00:00, run_after=2024-04-04 00:00:00+00:00
[2024-04-04T23:22:53.310+0000] {processor.py:183} INFO - Processing /home/airflow/.local/lib/python3.8/site-packages/airflow/example_dags/example_bash_operator.py took 0.214 seconds
[2024-04-04T23:23:23.872+0000] {processor.py:161} INFO - Started process (PID=48625) to work on /home/airflow/.local/lib/python3.8/site-packages/airflow/example_dags/example_bash_operator.py
[2024-04-04T23:23:23.875+0000] {processor.py:830} INFO - Processing file /home/airflow/.local/lib/python3.8/site-packages/airflow/example_dags/example_bash_operator.py for tasks to queue
[2024-04-04T23:23:23.878+0000] {logging_mixin.py:188} INFO - [2024-04-04T23:23:23.877+0000] {dagbag.py:538} INFO - Filling up the DagBag from /home/airflow/.local/lib/python3.8/site-packages/airflow/example_dags/example_bash_operator.py
[2024-04-04T23:23:23.921+0000] {processor.py:840} INFO - DAG(s) 'example_bash_operator' retrieved from /home/airflow/.local/lib/python3.8/site-packages/airflow/example_dags/example_bash_operator.py
[2024-04-04T23:23:24.003+0000] {logging_mixin.py:188} INFO - [2024-04-04T23:23:24.002+0000] {dag.py:3036} INFO - Sync 1 DAGs
[2024-04-04T23:23:24.073+0000] {logging_mixin.py:188} INFO - [2024-04-04T23:23:24.072+0000] {dag.py:3823} INFO - Setting next_dagrun for example_bash_operator to 2024-04-03 00:00:00+00:00, run_after=2024-04-04 00:00:00+00:00
[2024-04-04T23:23:24.130+0000] {processor.py:183} INFO - Processing /home/airflow/.local/lib/python3.8/site-packages/airflow/example_dags/example_bash_operator.py took 0.271 seconds
[2024-04-04T23:23:54.765+0000] {processor.py:161} INFO - Started process (PID=48685) to work on /home/airflow/.local/lib/python3.8/site-packages/airflow/example_dags/example_bash_operator.py
[2024-04-04T23:23:54.768+0000] {processor.py:830} INFO - Processing file /home/airflow/.local/lib/python3.8/site-packages/airflow/example_dags/example_bash_operator.py for tasks to queue
[2024-04-04T23:23:54.771+0000] {logging_mixin.py:188} INFO - [2024-04-04T23:23:54.770+0000] {dagbag.py:538} INFO - Filling up the DagBag from /home/airflow/.local/lib/python3.8/site-packages/airflow/example_dags/example_bash_operator.py
[2024-04-04T23:23:54.806+0000] {processor.py:840} INFO - DAG(s) 'example_bash_operator' retrieved from /home/airflow/.local/lib/python3.8/site-packages/airflow/example_dags/example_bash_operator.py
[2024-04-04T23:23:54.920+0000] {logging_mixin.py:188} INFO - [2024-04-04T23:23:54.919+0000] {dag.py:3036} INFO - Sync 1 DAGs
[2024-04-04T23:23:54.980+0000] {logging_mixin.py:188} INFO - [2024-04-04T23:23:54.979+0000] {dag.py:3823} INFO - Setting next_dagrun for example_bash_operator to 2024-04-03 00:00:00+00:00, run_after=2024-04-04 00:00:00+00:00
[2024-04-04T23:23:55.030+0000] {processor.py:183} INFO - Processing /home/airflow/.local/lib/python3.8/site-packages/airflow/example_dags/example_bash_operator.py took 0.274 seconds
[2024-04-04T23:24:26.572+0000] {processor.py:161} INFO - Started process (PID=48745) to work on /home/airflow/.local/lib/python3.8/site-packages/airflow/example_dags/example_bash_operator.py
[2024-04-04T23:24:26.577+0000] {processor.py:830} INFO - Processing file /home/airflow/.local/lib/python3.8/site-packages/airflow/example_dags/example_bash_operator.py for tasks to queue
[2024-04-04T23:24:26.583+0000] {logging_mixin.py:188} INFO - [2024-04-04T23:24:26.582+0000] {dagbag.py:538} INFO - Filling up the DagBag from /home/airflow/.local/lib/python3.8/site-packages/airflow/example_dags/example_bash_operator.py
[2024-04-04T23:24:26.670+0000] {processor.py:840} INFO - DAG(s) 'example_bash_operator' retrieved from /home/airflow/.local/lib/python3.8/site-packages/airflow/example_dags/example_bash_operator.py
[2024-04-04T23:24:26.870+0000] {logging_mixin.py:188} INFO - [2024-04-04T23:24:26.869+0000] {dag.py:3036} INFO - Sync 1 DAGs
[2024-04-04T23:24:27.004+0000] {logging_mixin.py:188} INFO - [2024-04-04T23:24:27.003+0000] {dag.py:3823} INFO - Setting next_dagrun for example_bash_operator to 2024-04-03 00:00:00+00:00, run_after=2024-04-04 00:00:00+00:00
[2024-04-04T23:24:27.143+0000] {processor.py:183} INFO - Processing /home/airflow/.local/lib/python3.8/site-packages/airflow/example_dags/example_bash_operator.py took 0.591 seconds
[2024-04-04T23:24:57.709+0000] {processor.py:161} INFO - Started process (PID=48805) to work on /home/airflow/.local/lib/python3.8/site-packages/airflow/example_dags/example_bash_operator.py
[2024-04-04T23:24:57.713+0000] {processor.py:830} INFO - Processing file /home/airflow/.local/lib/python3.8/site-packages/airflow/example_dags/example_bash_operator.py for tasks to queue
[2024-04-04T23:24:57.718+0000] {logging_mixin.py:188} INFO - [2024-04-04T23:24:57.716+0000] {dagbag.py:538} INFO - Filling up the DagBag from /home/airflow/.local/lib/python3.8/site-packages/airflow/example_dags/example_bash_operator.py
[2024-04-04T23:24:57.785+0000] {processor.py:840} INFO - DAG(s) 'example_bash_operator' retrieved from /home/airflow/.local/lib/python3.8/site-packages/airflow/example_dags/example_bash_operator.py
[2024-04-04T23:24:57.936+0000] {logging_mixin.py:188} INFO - [2024-04-04T23:24:57.935+0000] {dag.py:3036} INFO - Sync 1 DAGs
[2024-04-04T23:24:58.063+0000] {logging_mixin.py:188} INFO - [2024-04-04T23:24:58.061+0000] {dag.py:3823} INFO - Setting next_dagrun for example_bash_operator to 2024-04-03 00:00:00+00:00, run_after=2024-04-04 00:00:00+00:00
[2024-04-04T23:24:58.145+0000] {processor.py:183} INFO - Processing /home/airflow/.local/lib/python3.8/site-packages/airflow/example_dags/example_bash_operator.py took 0.451 seconds
[2024-04-04T23:25:28.692+0000] {processor.py:161} INFO - Started process (PID=48863) to work on /home/airflow/.local/lib/python3.8/site-packages/airflow/example_dags/example_bash_operator.py
[2024-04-04T23:25:28.694+0000] {processor.py:830} INFO - Processing file /home/airflow/.local/lib/python3.8/site-packages/airflow/example_dags/example_bash_operator.py for tasks to queue
[2024-04-04T23:25:28.695+0000] {logging_mixin.py:188} INFO - [2024-04-04T23:25:28.695+0000] {dagbag.py:538} INFO - Filling up the DagBag from /home/airflow/.local/lib/python3.8/site-packages/airflow/example_dags/example_bash_operator.py
[2024-04-04T23:25:28.720+0000] {processor.py:840} INFO - DAG(s) 'example_bash_operator' retrieved from /home/airflow/.local/lib/python3.8/site-packages/airflow/example_dags/example_bash_operator.py
[2024-04-04T23:25:28.779+0000] {logging_mixin.py:188} INFO - [2024-04-04T23:25:28.778+0000] {dag.py:3036} INFO - Sync 1 DAGs
[2024-04-04T23:25:28.824+0000] {logging_mixin.py:188} INFO - [2024-04-04T23:25:28.823+0000] {dag.py:3823} INFO - Setting next_dagrun for example_bash_operator to 2024-04-03 00:00:00+00:00, run_after=2024-04-04 00:00:00+00:00
[2024-04-04T23:25:28.867+0000] {processor.py:183} INFO - Processing /home/airflow/.local/lib/python3.8/site-packages/airflow/example_dags/example_bash_operator.py took 0.182 seconds
[2024-04-04T23:25:59.345+0000] {processor.py:161} INFO - Started process (PID=48923) to work on /home/airflow/.local/lib/python3.8/site-packages/airflow/example_dags/example_bash_operator.py
[2024-04-04T23:25:59.348+0000] {processor.py:830} INFO - Processing file /home/airflow/.local/lib/python3.8/site-packages/airflow/example_dags/example_bash_operator.py for tasks to queue
[2024-04-04T23:25:59.349+0000] {logging_mixin.py:188} INFO - [2024-04-04T23:25:59.349+0000] {dagbag.py:538} INFO - Filling up the DagBag from /home/airflow/.local/lib/python3.8/site-packages/airflow/example_dags/example_bash_operator.py
[2024-04-04T23:25:59.373+0000] {processor.py:840} INFO - DAG(s) 'example_bash_operator' retrieved from /home/airflow/.local/lib/python3.8/site-packages/airflow/example_dags/example_bash_operator.py
[2024-04-04T23:25:59.440+0000] {logging_mixin.py:188} INFO - [2024-04-04T23:25:59.439+0000] {dag.py:3036} INFO - Sync 1 DAGs
[2024-04-04T23:25:59.493+0000] {logging_mixin.py:188} INFO - [2024-04-04T23:25:59.493+0000] {dag.py:3823} INFO - Setting next_dagrun for example_bash_operator to 2024-04-03 00:00:00+00:00, run_after=2024-04-04 00:00:00+00:00
[2024-04-04T23:25:59.539+0000] {processor.py:183} INFO - Processing /home/airflow/.local/lib/python3.8/site-packages/airflow/example_dags/example_bash_operator.py took 0.202 seconds
[2024-04-04T23:26:29.938+0000] {processor.py:161} INFO - Started process (PID=48983) to work on /home/airflow/.local/lib/python3.8/site-packages/airflow/example_dags/example_bash_operator.py
[2024-04-04T23:26:29.946+0000] {processor.py:830} INFO - Processing file /home/airflow/.local/lib/python3.8/site-packages/airflow/example_dags/example_bash_operator.py for tasks to queue
[2024-04-04T23:26:29.954+0000] {logging_mixin.py:188} INFO - [2024-04-04T23:26:29.952+0000] {dagbag.py:538} INFO - Filling up the DagBag from /home/airflow/.local/lib/python3.8/site-packages/airflow/example_dags/example_bash_operator.py
[2024-04-04T23:26:30.035+0000] {processor.py:840} INFO - DAG(s) 'example_bash_operator' retrieved from /home/airflow/.local/lib/python3.8/site-packages/airflow/example_dags/example_bash_operator.py
[2024-04-04T23:26:30.310+0000] {logging_mixin.py:188} INFO - [2024-04-04T23:26:30.308+0000] {dag.py:3036} INFO - Sync 1 DAGs
[2024-04-04T23:26:30.466+0000] {logging_mixin.py:188} INFO - [2024-04-04T23:26:30.464+0000] {dag.py:3823} INFO - Setting next_dagrun for example_bash_operator to 2024-04-03 00:00:00+00:00, run_after=2024-04-04 00:00:00+00:00
[2024-04-04T23:26:30.604+0000] {processor.py:183} INFO - Processing /home/airflow/.local/lib/python3.8/site-packages/airflow/example_dags/example_bash_operator.py took 0.691 seconds
[2024-04-04T23:27:01.205+0000] {processor.py:161} INFO - Started process (PID=49044) to work on /home/airflow/.local/lib/python3.8/site-packages/airflow/example_dags/example_bash_operator.py
[2024-04-04T23:27:01.212+0000] {processor.py:830} INFO - Processing file /home/airflow/.local/lib/python3.8/site-packages/airflow/example_dags/example_bash_operator.py for tasks to queue
[2024-04-04T23:27:01.222+0000] {logging_mixin.py:188} INFO - [2024-04-04T23:27:01.218+0000] {dagbag.py:538} INFO - Filling up the DagBag from /home/airflow/.local/lib/python3.8/site-packages/airflow/example_dags/example_bash_operator.py
[2024-04-04T23:27:01.335+0000] {processor.py:840} INFO - DAG(s) 'example_bash_operator' retrieved from /home/airflow/.local/lib/python3.8/site-packages/airflow/example_dags/example_bash_operator.py
[2024-04-04T23:27:01.725+0000] {logging_mixin.py:188} INFO - [2024-04-04T23:27:01.722+0000] {dag.py:3036} INFO - Sync 1 DAGs
[2024-04-04T23:27:01.909+0000] {logging_mixin.py:188} INFO - [2024-04-04T23:27:01.907+0000] {dag.py:3823} INFO - Setting next_dagrun for example_bash_operator to 2024-04-03 00:00:00+00:00, run_after=2024-04-04 00:00:00+00:00
[2024-04-04T23:27:02.059+0000] {processor.py:183} INFO - Processing /home/airflow/.local/lib/python3.8/site-packages/airflow/example_dags/example_bash_operator.py took 0.882 seconds
[2024-04-04T23:27:32.428+0000] {processor.py:161} INFO - Started process (PID=49105) to work on /home/airflow/.local/lib/python3.8/site-packages/airflow/example_dags/example_bash_operator.py
[2024-04-04T23:27:32.430+0000] {processor.py:830} INFO - Processing file /home/airflow/.local/lib/python3.8/site-packages/airflow/example_dags/example_bash_operator.py for tasks to queue
[2024-04-04T23:27:32.432+0000] {logging_mixin.py:188} INFO - [2024-04-04T23:27:32.431+0000] {dagbag.py:538} INFO - Filling up the DagBag from /home/airflow/.local/lib/python3.8/site-packages/airflow/example_dags/example_bash_operator.py
[2024-04-04T23:27:32.459+0000] {processor.py:840} INFO - DAG(s) 'example_bash_operator' retrieved from /home/airflow/.local/lib/python3.8/site-packages/airflow/example_dags/example_bash_operator.py
[2024-04-04T23:27:32.532+0000] {logging_mixin.py:188} INFO - [2024-04-04T23:27:32.531+0000] {dag.py:3036} INFO - Sync 1 DAGs
[2024-04-04T23:27:32.576+0000] {logging_mixin.py:188} INFO - [2024-04-04T23:27:32.575+0000] {dag.py:3823} INFO - Setting next_dagrun for example_bash_operator to 2024-04-03 00:00:00+00:00, run_after=2024-04-04 00:00:00+00:00
[2024-04-04T23:27:32.613+0000] {processor.py:183} INFO - Processing /home/airflow/.local/lib/python3.8/site-packages/airflow/example_dags/example_bash_operator.py took 0.192 seconds
[2024-04-04T23:28:02.753+0000] {processor.py:161} INFO - Started process (PID=49164) to work on /home/airflow/.local/lib/python3.8/site-packages/airflow/example_dags/example_bash_operator.py
[2024-04-04T23:28:02.755+0000] {processor.py:830} INFO - Processing file /home/airflow/.local/lib/python3.8/site-packages/airflow/example_dags/example_bash_operator.py for tasks to queue
[2024-04-04T23:28:02.758+0000] {logging_mixin.py:188} INFO - [2024-04-04T23:28:02.757+0000] {dagbag.py:538} INFO - Filling up the DagBag from /home/airflow/.local/lib/python3.8/site-packages/airflow/example_dags/example_bash_operator.py
[2024-04-04T23:28:02.783+0000] {processor.py:840} INFO - DAG(s) 'example_bash_operator' retrieved from /home/airflow/.local/lib/python3.8/site-packages/airflow/example_dags/example_bash_operator.py
[2024-04-04T23:28:02.854+0000] {logging_mixin.py:188} INFO - [2024-04-04T23:28:02.854+0000] {dag.py:3036} INFO - Sync 1 DAGs
[2024-04-04T23:28:02.899+0000] {logging_mixin.py:188} INFO - [2024-04-04T23:28:02.899+0000] {dag.py:3823} INFO - Setting next_dagrun for example_bash_operator to 2024-04-03 00:00:00+00:00, run_after=2024-04-04 00:00:00+00:00
[2024-04-04T23:28:02.938+0000] {processor.py:183} INFO - Processing /home/airflow/.local/lib/python3.8/site-packages/airflow/example_dags/example_bash_operator.py took 0.192 seconds
[2024-04-04T23:28:33.871+0000] {processor.py:161} INFO - Started process (PID=49224) to work on /home/airflow/.local/lib/python3.8/site-packages/airflow/example_dags/example_bash_operator.py
[2024-04-04T23:28:33.876+0000] {processor.py:830} INFO - Processing file /home/airflow/.local/lib/python3.8/site-packages/airflow/example_dags/example_bash_operator.py for tasks to queue
[2024-04-04T23:28:33.880+0000] {logging_mixin.py:188} INFO - [2024-04-04T23:28:33.879+0000] {dagbag.py:538} INFO - Filling up the DagBag from /home/airflow/.local/lib/python3.8/site-packages/airflow/example_dags/example_bash_operator.py
[2024-04-04T23:28:33.945+0000] {processor.py:840} INFO - DAG(s) 'example_bash_operator' retrieved from /home/airflow/.local/lib/python3.8/site-packages/airflow/example_dags/example_bash_operator.py
[2024-04-04T23:28:34.115+0000] {logging_mixin.py:188} INFO - [2024-04-04T23:28:34.114+0000] {dag.py:3036} INFO - Sync 1 DAGs
[2024-04-04T23:28:34.265+0000] {logging_mixin.py:188} INFO - [2024-04-04T23:28:34.264+0000] {dag.py:3823} INFO - Setting next_dagrun for example_bash_operator to 2024-04-03 00:00:00+00:00, run_after=2024-04-04 00:00:00+00:00
[2024-04-04T23:28:34.339+0000] {processor.py:183} INFO - Processing /home/airflow/.local/lib/python3.8/site-packages/airflow/example_dags/example_bash_operator.py took 0.486 seconds
[2024-04-04T23:29:04.847+0000] {processor.py:161} INFO - Started process (PID=49284) to work on /home/airflow/.local/lib/python3.8/site-packages/airflow/example_dags/example_bash_operator.py
[2024-04-04T23:29:04.852+0000] {processor.py:830} INFO - Processing file /home/airflow/.local/lib/python3.8/site-packages/airflow/example_dags/example_bash_operator.py for tasks to queue
[2024-04-04T23:29:04.858+0000] {logging_mixin.py:188} INFO - [2024-04-04T23:29:04.856+0000] {dagbag.py:538} INFO - Filling up the DagBag from /home/airflow/.local/lib/python3.8/site-packages/airflow/example_dags/example_bash_operator.py
[2024-04-04T23:29:04.921+0000] {processor.py:840} INFO - DAG(s) 'example_bash_operator' retrieved from /home/airflow/.local/lib/python3.8/site-packages/airflow/example_dags/example_bash_operator.py
[2024-04-04T23:29:05.137+0000] {logging_mixin.py:188} INFO - [2024-04-04T23:29:05.135+0000] {dag.py:3036} INFO - Sync 1 DAGs
[2024-04-04T23:29:05.257+0000] {logging_mixin.py:188} INFO - [2024-04-04T23:29:05.256+0000] {dag.py:3823} INFO - Setting next_dagrun for example_bash_operator to 2024-04-03 00:00:00+00:00, run_after=2024-04-04 00:00:00+00:00
[2024-04-04T23:29:05.356+0000] {processor.py:183} INFO - Processing /home/airflow/.local/lib/python3.8/site-packages/airflow/example_dags/example_bash_operator.py took 0.527 seconds
[2024-04-04T23:29:35.530+0000] {processor.py:161} INFO - Started process (PID=49344) to work on /home/airflow/.local/lib/python3.8/site-packages/airflow/example_dags/example_bash_operator.py
[2024-04-04T23:29:35.534+0000] {processor.py:830} INFO - Processing file /home/airflow/.local/lib/python3.8/site-packages/airflow/example_dags/example_bash_operator.py for tasks to queue
[2024-04-04T23:29:35.537+0000] {logging_mixin.py:188} INFO - [2024-04-04T23:29:35.536+0000] {dagbag.py:538} INFO - Filling up the DagBag from /home/airflow/.local/lib/python3.8/site-packages/airflow/example_dags/example_bash_operator.py
[2024-04-04T23:29:35.577+0000] {processor.py:840} INFO - DAG(s) 'example_bash_operator' retrieved from /home/airflow/.local/lib/python3.8/site-packages/airflow/example_dags/example_bash_operator.py
[2024-04-04T23:29:35.672+0000] {logging_mixin.py:188} INFO - [2024-04-04T23:29:35.671+0000] {dag.py:3036} INFO - Sync 1 DAGs
[2024-04-04T23:29:35.730+0000] {logging_mixin.py:188} INFO - [2024-04-04T23:29:35.729+0000] {dag.py:3823} INFO - Setting next_dagrun for example_bash_operator to 2024-04-03 00:00:00+00:00, run_after=2024-04-04 00:00:00+00:00
[2024-04-04T23:29:35.778+0000] {processor.py:183} INFO - Processing /home/airflow/.local/lib/python3.8/site-packages/airflow/example_dags/example_bash_operator.py took 0.257 seconds
[2024-04-04T23:30:06.016+0000] {processor.py:161} INFO - Started process (PID=49404) to work on /home/airflow/.local/lib/python3.8/site-packages/airflow/example_dags/example_bash_operator.py
[2024-04-04T23:30:06.019+0000] {processor.py:830} INFO - Processing file /home/airflow/.local/lib/python3.8/site-packages/airflow/example_dags/example_bash_operator.py for tasks to queue
[2024-04-04T23:30:06.022+0000] {logging_mixin.py:188} INFO - [2024-04-04T23:30:06.021+0000] {dagbag.py:538} INFO - Filling up the DagBag from /home/airflow/.local/lib/python3.8/site-packages/airflow/example_dags/example_bash_operator.py
[2024-04-04T23:30:06.064+0000] {processor.py:840} INFO - DAG(s) 'example_bash_operator' retrieved from /home/airflow/.local/lib/python3.8/site-packages/airflow/example_dags/example_bash_operator.py
[2024-04-04T23:30:06.186+0000] {logging_mixin.py:188} INFO - [2024-04-04T23:30:06.185+0000] {dag.py:3036} INFO - Sync 1 DAGs
[2024-04-04T23:30:06.254+0000] {logging_mixin.py:188} INFO - [2024-04-04T23:30:06.254+0000] {dag.py:3823} INFO - Setting next_dagrun for example_bash_operator to 2024-04-03 00:00:00+00:00, run_after=2024-04-04 00:00:00+00:00
[2024-04-04T23:30:06.304+0000] {processor.py:183} INFO - Processing /home/airflow/.local/lib/python3.8/site-packages/airflow/example_dags/example_bash_operator.py took 0.297 seconds
[2024-04-04T23:30:42.233+0000] {processor.py:161} INFO - Started process (PID=49464) to work on /home/airflow/.local/lib/python3.8/site-packages/airflow/example_dags/example_bash_operator.py
[2024-04-04T23:30:42.238+0000] {processor.py:830} INFO - Processing file /home/airflow/.local/lib/python3.8/site-packages/airflow/example_dags/example_bash_operator.py for tasks to queue
[2024-04-04T23:30:42.243+0000] {logging_mixin.py:188} INFO - [2024-04-04T23:30:42.241+0000] {dagbag.py:538} INFO - Filling up the DagBag from /home/airflow/.local/lib/python3.8/site-packages/airflow/example_dags/example_bash_operator.py
[2024-04-04T23:30:42.313+0000] {processor.py:840} INFO - DAG(s) 'example_bash_operator' retrieved from /home/airflow/.local/lib/python3.8/site-packages/airflow/example_dags/example_bash_operator.py
[2024-04-04T23:30:42.539+0000] {logging_mixin.py:188} INFO - [2024-04-04T23:30:42.537+0000] {dag.py:3036} INFO - Sync 1 DAGs
[2024-04-04T23:30:42.747+0000] {logging_mixin.py:188} INFO - [2024-04-04T23:30:42.746+0000] {dag.py:3823} INFO - Setting next_dagrun for example_bash_operator to 2024-04-03 00:00:00+00:00, run_after=2024-04-04 00:00:00+00:00
[2024-04-04T23:30:42.889+0000] {processor.py:183} INFO - Processing /home/airflow/.local/lib/python3.8/site-packages/airflow/example_dags/example_bash_operator.py took 0.675 seconds
[2024-04-04T23:31:13.574+0000] {processor.py:161} INFO - Started process (PID=49525) to work on /home/airflow/.local/lib/python3.8/site-packages/airflow/example_dags/example_bash_operator.py
[2024-04-04T23:31:13.582+0000] {processor.py:830} INFO - Processing file /home/airflow/.local/lib/python3.8/site-packages/airflow/example_dags/example_bash_operator.py for tasks to queue
[2024-04-04T23:31:13.588+0000] {logging_mixin.py:188} INFO - [2024-04-04T23:31:13.586+0000] {dagbag.py:538} INFO - Filling up the DagBag from /home/airflow/.local/lib/python3.8/site-packages/airflow/example_dags/example_bash_operator.py
[2024-04-04T23:31:13.671+0000] {processor.py:840} INFO - DAG(s) 'example_bash_operator' retrieved from /home/airflow/.local/lib/python3.8/site-packages/airflow/example_dags/example_bash_operator.py
[2024-04-04T23:31:13.888+0000] {logging_mixin.py:188} INFO - [2024-04-04T23:31:13.885+0000] {dag.py:3036} INFO - Sync 1 DAGs
[2024-04-04T23:31:14.029+0000] {logging_mixin.py:188} INFO - [2024-04-04T23:31:14.028+0000] {dag.py:3823} INFO - Setting next_dagrun for example_bash_operator to 2024-04-03 00:00:00+00:00, run_after=2024-04-04 00:00:00+00:00
[2024-04-04T23:31:14.129+0000] {processor.py:183} INFO - Processing /home/airflow/.local/lib/python3.8/site-packages/airflow/example_dags/example_bash_operator.py took 0.579 seconds
[2024-04-04T23:31:45.335+0000] {processor.py:161} INFO - Started process (PID=49590) to work on /home/airflow/.local/lib/python3.8/site-packages/airflow/example_dags/example_bash_operator.py
[2024-04-04T23:31:45.345+0000] {processor.py:830} INFO - Processing file /home/airflow/.local/lib/python3.8/site-packages/airflow/example_dags/example_bash_operator.py for tasks to queue
[2024-04-04T23:31:45.363+0000] {logging_mixin.py:188} INFO - [2024-04-04T23:31:45.358+0000] {dagbag.py:538} INFO - Filling up the DagBag from /home/airflow/.local/lib/python3.8/site-packages/airflow/example_dags/example_bash_operator.py
[2024-04-04T23:31:45.552+0000] {processor.py:840} INFO - DAG(s) 'example_bash_operator' retrieved from /home/airflow/.local/lib/python3.8/site-packages/airflow/example_dags/example_bash_operator.py
[2024-04-04T23:31:45.887+0000] {logging_mixin.py:188} INFO - [2024-04-04T23:31:45.885+0000] {dag.py:3036} INFO - Sync 1 DAGs
[2024-04-04T23:31:46.132+0000] {logging_mixin.py:188} INFO - [2024-04-04T23:31:46.129+0000] {dag.py:3823} INFO - Setting next_dagrun for example_bash_operator to 2024-04-03 00:00:00+00:00, run_after=2024-04-04 00:00:00+00:00
[2024-04-04T23:31:46.302+0000] {processor.py:183} INFO - Processing /home/airflow/.local/lib/python3.8/site-packages/airflow/example_dags/example_bash_operator.py took 1.010 seconds
