[2024-04-04T20:01:49.614+0000] {processor.py:161} INFO - Started process (PID=43438) to work on /home/airflow/.local/lib/python3.8/site-packages/airflow/example_dags/example_local_kubernetes_executor.py
[2024-04-04T20:01:49.618+0000] {processor.py:830} INFO - Processing file /home/airflow/.local/lib/python3.8/site-packages/airflow/example_dags/example_local_kubernetes_executor.py for tasks to queue
[2024-04-04T20:01:49.619+0000] {logging_mixin.py:188} INFO - [2024-04-04T20:01:49.619+0000] {dagbag.py:538} INFO - Filling up the DagBag from /home/airflow/.local/lib/python3.8/site-packages/airflow/example_dags/example_local_kubernetes_executor.py
[2024-04-04T20:01:49.670+0000] {processor.py:840} INFO - DAG(s) 'example_local_kubernetes_executor' retrieved from /home/airflow/.local/lib/python3.8/site-packages/airflow/example_dags/example_local_kubernetes_executor.py
[2024-04-04T20:01:49.877+0000] {logging_mixin.py:188} INFO - [2024-04-04T20:01:49.877+0000] {dag.py:3036} INFO - Sync 1 DAGs
[2024-04-04T20:01:49.942+0000] {logging_mixin.py:188} INFO - [2024-04-04T20:01:49.942+0000] {dag.py:3823} INFO - Setting next_dagrun for example_local_kubernetes_executor to None, run_after=None
[2024-04-04T20:01:50.048+0000] {processor.py:183} INFO - Processing /home/airflow/.local/lib/python3.8/site-packages/airflow/example_dags/example_local_kubernetes_executor.py took 0.440 seconds
[2024-04-04T15:01:18.954+0000] {processor.py:161} INFO - Started process (PID=46109) to work on /home/airflow/.local/lib/python3.8/site-packages/airflow/example_dags/example_local_kubernetes_executor.py
[2024-04-04T15:01:18.958+0000] {processor.py:830} INFO - Processing file /home/airflow/.local/lib/python3.8/site-packages/airflow/example_dags/example_local_kubernetes_executor.py for tasks to queue
[2024-04-04T15:01:18.962+0000] {logging_mixin.py:188} INFO - [2024-04-04T15:01:18.960+0000] {dagbag.py:538} INFO - Filling up the DagBag from /home/airflow/.local/lib/python3.8/site-packages/airflow/example_dags/example_local_kubernetes_executor.py
[2024-04-04T15:01:18.991+0000] {processor.py:840} INFO - DAG(s) 'example_local_kubernetes_executor' retrieved from /home/airflow/.local/lib/python3.8/site-packages/airflow/example_dags/example_local_kubernetes_executor.py
[2024-04-04T15:01:19.225+0000] {logging_mixin.py:188} INFO - [2024-04-04T15:01:19.224+0000] {dag.py:3036} INFO - Sync 1 DAGs
[2024-04-04T15:01:19.316+0000] {logging_mixin.py:188} INFO - [2024-04-04T15:01:19.315+0000] {dag.py:3823} INFO - Setting next_dagrun for example_local_kubernetes_executor to None, run_after=None
[2024-04-04T15:01:19.468+0000] {processor.py:183} INFO - Processing /home/airflow/.local/lib/python3.8/site-packages/airflow/example_dags/example_local_kubernetes_executor.py took 0.525 seconds
[2024-04-04T18:12:33.173+0000] {processor.py:161} INFO - Started process (PID=46169) to work on /home/airflow/.local/lib/python3.8/site-packages/airflow/example_dags/example_local_kubernetes_executor.py
[2024-04-04T18:12:33.175+0000] {processor.py:830} INFO - Processing file /home/airflow/.local/lib/python3.8/site-packages/airflow/example_dags/example_local_kubernetes_executor.py for tasks to queue
[2024-04-04T18:12:33.177+0000] {logging_mixin.py:188} INFO - [2024-04-04T18:12:33.176+0000] {dagbag.py:538} INFO - Filling up the DagBag from /home/airflow/.local/lib/python3.8/site-packages/airflow/example_dags/example_local_kubernetes_executor.py
[2024-04-04T18:12:33.190+0000] {processor.py:840} INFO - DAG(s) 'example_local_kubernetes_executor' retrieved from /home/airflow/.local/lib/python3.8/site-packages/airflow/example_dags/example_local_kubernetes_executor.py
[2024-04-04T18:12:33.252+0000] {logging_mixin.py:188} INFO - [2024-04-04T18:12:33.251+0000] {dag.py:3036} INFO - Sync 1 DAGs
[2024-04-04T18:12:33.273+0000] {logging_mixin.py:188} INFO - [2024-04-04T18:12:33.273+0000] {dag.py:3823} INFO - Setting next_dagrun for example_local_kubernetes_executor to None, run_after=None
[2024-04-04T18:12:33.303+0000] {processor.py:183} INFO - Processing /home/airflow/.local/lib/python3.8/site-packages/airflow/example_dags/example_local_kubernetes_executor.py took 0.135 seconds
[2024-04-04T18:13:03.700+0000] {processor.py:161} INFO - Started process (PID=46229) to work on /home/airflow/.local/lib/python3.8/site-packages/airflow/example_dags/example_local_kubernetes_executor.py
[2024-04-04T18:13:03.702+0000] {processor.py:830} INFO - Processing file /home/airflow/.local/lib/python3.8/site-packages/airflow/example_dags/example_local_kubernetes_executor.py for tasks to queue
[2024-04-04T18:13:03.704+0000] {logging_mixin.py:188} INFO - [2024-04-04T18:13:03.704+0000] {dagbag.py:538} INFO - Filling up the DagBag from /home/airflow/.local/lib/python3.8/site-packages/airflow/example_dags/example_local_kubernetes_executor.py
[2024-04-04T18:13:03.723+0000] {processor.py:840} INFO - DAG(s) 'example_local_kubernetes_executor' retrieved from /home/airflow/.local/lib/python3.8/site-packages/airflow/example_dags/example_local_kubernetes_executor.py
[2024-04-04T18:13:03.795+0000] {logging_mixin.py:188} INFO - [2024-04-04T18:13:03.794+0000] {dag.py:3036} INFO - Sync 1 DAGs
[2024-04-04T18:13:03.823+0000] {logging_mixin.py:188} INFO - [2024-04-04T18:13:03.823+0000] {dag.py:3823} INFO - Setting next_dagrun for example_local_kubernetes_executor to None, run_after=None
[2024-04-04T18:13:03.856+0000] {processor.py:183} INFO - Processing /home/airflow/.local/lib/python3.8/site-packages/airflow/example_dags/example_local_kubernetes_executor.py took 0.162 seconds
[2024-04-04T18:13:34.652+0000] {processor.py:161} INFO - Started process (PID=46289) to work on /home/airflow/.local/lib/python3.8/site-packages/airflow/example_dags/example_local_kubernetes_executor.py
[2024-04-04T18:13:34.654+0000] {processor.py:830} INFO - Processing file /home/airflow/.local/lib/python3.8/site-packages/airflow/example_dags/example_local_kubernetes_executor.py for tasks to queue
[2024-04-04T18:13:34.655+0000] {logging_mixin.py:188} INFO - [2024-04-04T18:13:34.654+0000] {dagbag.py:538} INFO - Filling up the DagBag from /home/airflow/.local/lib/python3.8/site-packages/airflow/example_dags/example_local_kubernetes_executor.py
[2024-04-04T18:13:34.663+0000] {processor.py:840} INFO - DAG(s) 'example_local_kubernetes_executor' retrieved from /home/airflow/.local/lib/python3.8/site-packages/airflow/example_dags/example_local_kubernetes_executor.py
[2024-04-04T18:13:34.708+0000] {logging_mixin.py:188} INFO - [2024-04-04T18:13:34.707+0000] {dag.py:3036} INFO - Sync 1 DAGs
[2024-04-04T18:13:34.723+0000] {logging_mixin.py:188} INFO - [2024-04-04T18:13:34.723+0000] {dag.py:3823} INFO - Setting next_dagrun for example_local_kubernetes_executor to None, run_after=None
[2024-04-04T18:13:34.745+0000] {processor.py:183} INFO - Processing /home/airflow/.local/lib/python3.8/site-packages/airflow/example_dags/example_local_kubernetes_executor.py took 0.096 seconds
[2024-04-04T18:14:05.785+0000] {processor.py:161} INFO - Started process (PID=46349) to work on /home/airflow/.local/lib/python3.8/site-packages/airflow/example_dags/example_local_kubernetes_executor.py
[2024-04-04T18:14:05.787+0000] {processor.py:830} INFO - Processing file /home/airflow/.local/lib/python3.8/site-packages/airflow/example_dags/example_local_kubernetes_executor.py for tasks to queue
[2024-04-04T18:14:05.788+0000] {logging_mixin.py:188} INFO - [2024-04-04T18:14:05.788+0000] {dagbag.py:538} INFO - Filling up the DagBag from /home/airflow/.local/lib/python3.8/site-packages/airflow/example_dags/example_local_kubernetes_executor.py
[2024-04-04T18:14:05.799+0000] {processor.py:840} INFO - DAG(s) 'example_local_kubernetes_executor' retrieved from /home/airflow/.local/lib/python3.8/site-packages/airflow/example_dags/example_local_kubernetes_executor.py
[2024-04-04T18:14:05.855+0000] {logging_mixin.py:188} INFO - [2024-04-04T18:14:05.855+0000] {dag.py:3036} INFO - Sync 1 DAGs
[2024-04-04T18:14:05.874+0000] {logging_mixin.py:188} INFO - [2024-04-04T18:14:05.874+0000] {dag.py:3823} INFO - Setting next_dagrun for example_local_kubernetes_executor to None, run_after=None
[2024-04-04T18:14:05.910+0000] {processor.py:183} INFO - Processing /home/airflow/.local/lib/python3.8/site-packages/airflow/example_dags/example_local_kubernetes_executor.py took 0.130 seconds
[2024-04-04T18:14:36.230+0000] {processor.py:161} INFO - Started process (PID=46409) to work on /home/airflow/.local/lib/python3.8/site-packages/airflow/example_dags/example_local_kubernetes_executor.py
[2024-04-04T18:14:36.232+0000] {processor.py:830} INFO - Processing file /home/airflow/.local/lib/python3.8/site-packages/airflow/example_dags/example_local_kubernetes_executor.py for tasks to queue
[2024-04-04T18:14:36.234+0000] {logging_mixin.py:188} INFO - [2024-04-04T18:14:36.233+0000] {dagbag.py:538} INFO - Filling up the DagBag from /home/airflow/.local/lib/python3.8/site-packages/airflow/example_dags/example_local_kubernetes_executor.py
[2024-04-04T18:14:36.244+0000] {processor.py:840} INFO - DAG(s) 'example_local_kubernetes_executor' retrieved from /home/airflow/.local/lib/python3.8/site-packages/airflow/example_dags/example_local_kubernetes_executor.py
[2024-04-04T18:14:36.295+0000] {logging_mixin.py:188} INFO - [2024-04-04T18:14:36.295+0000] {dag.py:3036} INFO - Sync 1 DAGs
[2024-04-04T18:14:36.313+0000] {logging_mixin.py:188} INFO - [2024-04-04T18:14:36.312+0000] {dag.py:3823} INFO - Setting next_dagrun for example_local_kubernetes_executor to None, run_after=None
[2024-04-04T18:14:36.341+0000] {processor.py:183} INFO - Processing /home/airflow/.local/lib/python3.8/site-packages/airflow/example_dags/example_local_kubernetes_executor.py took 0.116 seconds
[2024-04-04T18:15:10.113+0000] {processor.py:161} INFO - Started process (PID=46469) to work on /home/airflow/.local/lib/python3.8/site-packages/airflow/example_dags/example_local_kubernetes_executor.py
[2024-04-04T18:15:10.116+0000] {processor.py:830} INFO - Processing file /home/airflow/.local/lib/python3.8/site-packages/airflow/example_dags/example_local_kubernetes_executor.py for tasks to queue
[2024-04-04T18:15:10.119+0000] {logging_mixin.py:188} INFO - [2024-04-04T18:15:10.118+0000] {dagbag.py:538} INFO - Filling up the DagBag from /home/airflow/.local/lib/python3.8/site-packages/airflow/example_dags/example_local_kubernetes_executor.py
[2024-04-04T18:15:10.140+0000] {processor.py:840} INFO - DAG(s) 'example_local_kubernetes_executor' retrieved from /home/airflow/.local/lib/python3.8/site-packages/airflow/example_dags/example_local_kubernetes_executor.py
[2024-04-04T18:15:10.252+0000] {logging_mixin.py:188} INFO - [2024-04-04T18:15:10.251+0000] {dag.py:3036} INFO - Sync 1 DAGs
[2024-04-04T18:15:10.293+0000] {logging_mixin.py:188} INFO - [2024-04-04T18:15:10.292+0000] {dag.py:3823} INFO - Setting next_dagrun for example_local_kubernetes_executor to None, run_after=None
[2024-04-04T18:15:10.361+0000] {processor.py:183} INFO - Processing /home/airflow/.local/lib/python3.8/site-packages/airflow/example_dags/example_local_kubernetes_executor.py took 0.258 seconds
[2024-04-04T18:15:46.314+0000] {processor.py:161} INFO - Started process (PID=46525) to work on /home/airflow/.local/lib/python3.8/site-packages/airflow/example_dags/example_local_kubernetes_executor.py
[2024-04-04T18:15:46.320+0000] {processor.py:830} INFO - Processing file /home/airflow/.local/lib/python3.8/site-packages/airflow/example_dags/example_local_kubernetes_executor.py for tasks to queue
[2024-04-04T18:15:46.328+0000] {logging_mixin.py:188} INFO - [2024-04-04T18:15:46.325+0000] {dagbag.py:538} INFO - Filling up the DagBag from /home/airflow/.local/lib/python3.8/site-packages/airflow/example_dags/example_local_kubernetes_executor.py
[2024-04-04T18:15:46.378+0000] {processor.py:840} INFO - DAG(s) 'example_local_kubernetes_executor' retrieved from /home/airflow/.local/lib/python3.8/site-packages/airflow/example_dags/example_local_kubernetes_executor.py
[2024-04-04T18:15:46.617+0000] {logging_mixin.py:188} INFO - [2024-04-04T18:15:46.616+0000] {dag.py:3036} INFO - Sync 1 DAGs
[2024-04-04T18:15:46.681+0000] {logging_mixin.py:188} INFO - [2024-04-04T18:15:46.680+0000] {dag.py:3823} INFO - Setting next_dagrun for example_local_kubernetes_executor to None, run_after=None
[2024-04-04T18:15:46.773+0000] {processor.py:183} INFO - Processing /home/airflow/.local/lib/python3.8/site-packages/airflow/example_dags/example_local_kubernetes_executor.py took 0.481 seconds
[2024-04-04T18:16:17.972+0000] {processor.py:161} INFO - Started process (PID=46585) to work on /home/airflow/.local/lib/python3.8/site-packages/airflow/example_dags/example_local_kubernetes_executor.py
[2024-04-04T18:16:17.978+0000] {processor.py:830} INFO - Processing file /home/airflow/.local/lib/python3.8/site-packages/airflow/example_dags/example_local_kubernetes_executor.py for tasks to queue
[2024-04-04T18:16:17.988+0000] {logging_mixin.py:188} INFO - [2024-04-04T18:16:17.984+0000] {dagbag.py:538} INFO - Filling up the DagBag from /home/airflow/.local/lib/python3.8/site-packages/airflow/example_dags/example_local_kubernetes_executor.py
[2024-04-04T18:16:18.040+0000] {processor.py:840} INFO - DAG(s) 'example_local_kubernetes_executor' retrieved from /home/airflow/.local/lib/python3.8/site-packages/airflow/example_dags/example_local_kubernetes_executor.py
[2024-04-04T18:16:18.260+0000] {logging_mixin.py:188} INFO - [2024-04-04T18:16:18.259+0000] {dag.py:3036} INFO - Sync 1 DAGs
[2024-04-04T18:16:18.338+0000] {logging_mixin.py:188} INFO - [2024-04-04T18:16:18.337+0000] {dag.py:3823} INFO - Setting next_dagrun for example_local_kubernetes_executor to None, run_after=None
[2024-04-04T18:16:18.440+0000] {processor.py:183} INFO - Processing /home/airflow/.local/lib/python3.8/site-packages/airflow/example_dags/example_local_kubernetes_executor.py took 0.496 seconds
[2024-04-04T18:16:48.966+0000] {processor.py:161} INFO - Started process (PID=46645) to work on /home/airflow/.local/lib/python3.8/site-packages/airflow/example_dags/example_local_kubernetes_executor.py
[2024-04-04T18:16:48.971+0000] {processor.py:830} INFO - Processing file /home/airflow/.local/lib/python3.8/site-packages/airflow/example_dags/example_local_kubernetes_executor.py for tasks to queue
[2024-04-04T18:16:48.977+0000] {logging_mixin.py:188} INFO - [2024-04-04T18:16:48.976+0000] {dagbag.py:538} INFO - Filling up the DagBag from /home/airflow/.local/lib/python3.8/site-packages/airflow/example_dags/example_local_kubernetes_executor.py
[2024-04-04T18:16:49.017+0000] {processor.py:840} INFO - DAG(s) 'example_local_kubernetes_executor' retrieved from /home/airflow/.local/lib/python3.8/site-packages/airflow/example_dags/example_local_kubernetes_executor.py
[2024-04-04T18:16:49.209+0000] {logging_mixin.py:188} INFO - [2024-04-04T18:16:49.207+0000] {dag.py:3036} INFO - Sync 1 DAGs
[2024-04-04T18:16:49.278+0000] {logging_mixin.py:188} INFO - [2024-04-04T18:16:49.277+0000] {dag.py:3823} INFO - Setting next_dagrun for example_local_kubernetes_executor to None, run_after=None
[2024-04-04T18:16:49.385+0000] {processor.py:183} INFO - Processing /home/airflow/.local/lib/python3.8/site-packages/airflow/example_dags/example_local_kubernetes_executor.py took 0.435 seconds
[2024-04-04T18:17:19.860+0000] {processor.py:161} INFO - Started process (PID=46706) to work on /home/airflow/.local/lib/python3.8/site-packages/airflow/example_dags/example_local_kubernetes_executor.py
[2024-04-04T18:17:19.862+0000] {processor.py:830} INFO - Processing file /home/airflow/.local/lib/python3.8/site-packages/airflow/example_dags/example_local_kubernetes_executor.py for tasks to queue
[2024-04-04T18:17:19.864+0000] {logging_mixin.py:188} INFO - [2024-04-04T18:17:19.863+0000] {dagbag.py:538} INFO - Filling up the DagBag from /home/airflow/.local/lib/python3.8/site-packages/airflow/example_dags/example_local_kubernetes_executor.py
[2024-04-04T18:17:19.878+0000] {processor.py:840} INFO - DAG(s) 'example_local_kubernetes_executor' retrieved from /home/airflow/.local/lib/python3.8/site-packages/airflow/example_dags/example_local_kubernetes_executor.py
[2024-04-04T18:17:19.953+0000] {logging_mixin.py:188} INFO - [2024-04-04T18:17:19.952+0000] {dag.py:3036} INFO - Sync 1 DAGs
[2024-04-04T18:17:19.979+0000] {logging_mixin.py:188} INFO - [2024-04-04T18:17:19.979+0000] {dag.py:3823} INFO - Setting next_dagrun for example_local_kubernetes_executor to None, run_after=None
[2024-04-04T18:17:20.017+0000] {processor.py:183} INFO - Processing /home/airflow/.local/lib/python3.8/site-packages/airflow/example_dags/example_local_kubernetes_executor.py took 0.164 seconds
[2024-04-04T18:17:50.487+0000] {processor.py:161} INFO - Started process (PID=46766) to work on /home/airflow/.local/lib/python3.8/site-packages/airflow/example_dags/example_local_kubernetes_executor.py
[2024-04-04T18:17:50.491+0000] {processor.py:830} INFO - Processing file /home/airflow/.local/lib/python3.8/site-packages/airflow/example_dags/example_local_kubernetes_executor.py for tasks to queue
[2024-04-04T18:17:50.496+0000] {logging_mixin.py:188} INFO - [2024-04-04T18:17:50.494+0000] {dagbag.py:538} INFO - Filling up the DagBag from /home/airflow/.local/lib/python3.8/site-packages/airflow/example_dags/example_local_kubernetes_executor.py
[2024-04-04T18:17:50.522+0000] {processor.py:840} INFO - DAG(s) 'example_local_kubernetes_executor' retrieved from /home/airflow/.local/lib/python3.8/site-packages/airflow/example_dags/example_local_kubernetes_executor.py
[2024-04-04T18:17:50.641+0000] {logging_mixin.py:188} INFO - [2024-04-04T18:17:50.640+0000] {dag.py:3036} INFO - Sync 1 DAGs
[2024-04-04T18:17:50.680+0000] {logging_mixin.py:188} INFO - [2024-04-04T18:17:50.680+0000] {dag.py:3823} INFO - Setting next_dagrun for example_local_kubernetes_executor to None, run_after=None
[2024-04-04T18:17:50.745+0000] {processor.py:183} INFO - Processing /home/airflow/.local/lib/python3.8/site-packages/airflow/example_dags/example_local_kubernetes_executor.py took 0.274 seconds
[2024-04-04T18:18:21.621+0000] {processor.py:161} INFO - Started process (PID=46826) to work on /home/airflow/.local/lib/python3.8/site-packages/airflow/example_dags/example_local_kubernetes_executor.py
[2024-04-04T18:18:21.638+0000] {processor.py:830} INFO - Processing file /home/airflow/.local/lib/python3.8/site-packages/airflow/example_dags/example_local_kubernetes_executor.py for tasks to queue
[2024-04-04T18:18:21.660+0000] {logging_mixin.py:188} INFO - [2024-04-04T18:18:21.652+0000] {dagbag.py:538} INFO - Filling up the DagBag from /home/airflow/.local/lib/python3.8/site-packages/airflow/example_dags/example_local_kubernetes_executor.py
[2024-04-04T18:18:21.751+0000] {processor.py:840} INFO - DAG(s) 'example_local_kubernetes_executor' retrieved from /home/airflow/.local/lib/python3.8/site-packages/airflow/example_dags/example_local_kubernetes_executor.py
[2024-04-04T18:18:22.194+0000] {logging_mixin.py:188} INFO - [2024-04-04T18:18:22.192+0000] {dag.py:3036} INFO - Sync 1 DAGs
[2024-04-04T18:18:22.545+0000] {logging_mixin.py:188} INFO - [2024-04-04T18:18:22.543+0000] {dag.py:3823} INFO - Setting next_dagrun for example_local_kubernetes_executor to None, run_after=None
[2024-04-04T18:18:22.835+0000] {processor.py:183} INFO - Processing /home/airflow/.local/lib/python3.8/site-packages/airflow/example_dags/example_local_kubernetes_executor.py took 1.249 seconds
[2024-04-04T18:18:53.858+0000] {processor.py:161} INFO - Started process (PID=46892) to work on /home/airflow/.local/lib/python3.8/site-packages/airflow/example_dags/example_local_kubernetes_executor.py
[2024-04-04T18:18:53.869+0000] {processor.py:830} INFO - Processing file /home/airflow/.local/lib/python3.8/site-packages/airflow/example_dags/example_local_kubernetes_executor.py for tasks to queue
[2024-04-04T18:18:53.880+0000] {logging_mixin.py:188} INFO - [2024-04-04T18:18:53.877+0000] {dagbag.py:538} INFO - Filling up the DagBag from /home/airflow/.local/lib/python3.8/site-packages/airflow/example_dags/example_local_kubernetes_executor.py
[2024-04-04T18:18:53.948+0000] {processor.py:840} INFO - DAG(s) 'example_local_kubernetes_executor' retrieved from /home/airflow/.local/lib/python3.8/site-packages/airflow/example_dags/example_local_kubernetes_executor.py
[2024-04-04T18:18:54.258+0000] {logging_mixin.py:188} INFO - [2024-04-04T18:18:54.256+0000] {dag.py:3036} INFO - Sync 1 DAGs
[2024-04-04T18:18:54.365+0000] {logging_mixin.py:188} INFO - [2024-04-04T18:18:54.364+0000] {dag.py:3823} INFO - Setting next_dagrun for example_local_kubernetes_executor to None, run_after=None
[2024-04-04T18:18:54.530+0000] {processor.py:183} INFO - Processing /home/airflow/.local/lib/python3.8/site-packages/airflow/example_dags/example_local_kubernetes_executor.py took 0.703 seconds
[2024-04-04T18:19:25.081+0000] {processor.py:161} INFO - Started process (PID=46952) to work on /home/airflow/.local/lib/python3.8/site-packages/airflow/example_dags/example_local_kubernetes_executor.py
[2024-04-04T18:19:25.086+0000] {processor.py:830} INFO - Processing file /home/airflow/.local/lib/python3.8/site-packages/airflow/example_dags/example_local_kubernetes_executor.py for tasks to queue
[2024-04-04T18:19:25.091+0000] {logging_mixin.py:188} INFO - [2024-04-04T18:19:25.090+0000] {dagbag.py:538} INFO - Filling up the DagBag from /home/airflow/.local/lib/python3.8/site-packages/airflow/example_dags/example_local_kubernetes_executor.py
[2024-04-04T18:19:25.120+0000] {processor.py:840} INFO - DAG(s) 'example_local_kubernetes_executor' retrieved from /home/airflow/.local/lib/python3.8/site-packages/airflow/example_dags/example_local_kubernetes_executor.py
[2024-04-04T18:19:25.294+0000] {logging_mixin.py:188} INFO - [2024-04-04T18:19:25.293+0000] {dag.py:3036} INFO - Sync 1 DAGs
[2024-04-04T18:19:25.352+0000] {logging_mixin.py:188} INFO - [2024-04-04T18:19:25.351+0000] {dag.py:3823} INFO - Setting next_dagrun for example_local_kubernetes_executor to None, run_after=None
[2024-04-04T18:19:25.432+0000] {processor.py:183} INFO - Processing /home/airflow/.local/lib/python3.8/site-packages/airflow/example_dags/example_local_kubernetes_executor.py took 0.365 seconds
[2024-04-04T18:19:55.603+0000] {processor.py:161} INFO - Started process (PID=47012) to work on /home/airflow/.local/lib/python3.8/site-packages/airflow/example_dags/example_local_kubernetes_executor.py
[2024-04-04T18:19:55.608+0000] {processor.py:830} INFO - Processing file /home/airflow/.local/lib/python3.8/site-packages/airflow/example_dags/example_local_kubernetes_executor.py for tasks to queue
[2024-04-04T18:19:55.612+0000] {logging_mixin.py:188} INFO - [2024-04-04T18:19:55.611+0000] {dagbag.py:538} INFO - Filling up the DagBag from /home/airflow/.local/lib/python3.8/site-packages/airflow/example_dags/example_local_kubernetes_executor.py
[2024-04-04T18:19:55.642+0000] {processor.py:840} INFO - DAG(s) 'example_local_kubernetes_executor' retrieved from /home/airflow/.local/lib/python3.8/site-packages/airflow/example_dags/example_local_kubernetes_executor.py
[2024-04-04T18:19:55.786+0000] {logging_mixin.py:188} INFO - [2024-04-04T18:19:55.785+0000] {dag.py:3036} INFO - Sync 1 DAGs
[2024-04-04T18:19:55.841+0000] {logging_mixin.py:188} INFO - [2024-04-04T18:19:55.840+0000] {dag.py:3823} INFO - Setting next_dagrun for example_local_kubernetes_executor to None, run_after=None
[2024-04-04T18:19:55.921+0000] {processor.py:183} INFO - Processing /home/airflow/.local/lib/python3.8/site-packages/airflow/example_dags/example_local_kubernetes_executor.py took 0.333 seconds
[2024-04-04T18:20:26.362+0000] {processor.py:161} INFO - Started process (PID=47072) to work on /home/airflow/.local/lib/python3.8/site-packages/airflow/example_dags/example_local_kubernetes_executor.py
[2024-04-04T18:20:26.367+0000] {processor.py:830} INFO - Processing file /home/airflow/.local/lib/python3.8/site-packages/airflow/example_dags/example_local_kubernetes_executor.py for tasks to queue
[2024-04-04T18:20:26.372+0000] {logging_mixin.py:188} INFO - [2024-04-04T18:20:26.370+0000] {dagbag.py:538} INFO - Filling up the DagBag from /home/airflow/.local/lib/python3.8/site-packages/airflow/example_dags/example_local_kubernetes_executor.py
[2024-04-04T18:20:26.405+0000] {processor.py:840} INFO - DAG(s) 'example_local_kubernetes_executor' retrieved from /home/airflow/.local/lib/python3.8/site-packages/airflow/example_dags/example_local_kubernetes_executor.py
[2024-04-04T18:20:26.589+0000] {logging_mixin.py:188} INFO - [2024-04-04T18:20:26.588+0000] {dag.py:3036} INFO - Sync 1 DAGs
[2024-04-04T18:20:26.638+0000] {logging_mixin.py:188} INFO - [2024-04-04T18:20:26.638+0000] {dag.py:3823} INFO - Setting next_dagrun for example_local_kubernetes_executor to None, run_after=None
[2024-04-04T18:20:26.706+0000] {processor.py:183} INFO - Processing /home/airflow/.local/lib/python3.8/site-packages/airflow/example_dags/example_local_kubernetes_executor.py took 0.360 seconds
[2024-04-04T18:20:58.284+0000] {processor.py:161} INFO - Started process (PID=47132) to work on /home/airflow/.local/lib/python3.8/site-packages/airflow/example_dags/example_local_kubernetes_executor.py
[2024-04-04T18:20:58.289+0000] {processor.py:830} INFO - Processing file /home/airflow/.local/lib/python3.8/site-packages/airflow/example_dags/example_local_kubernetes_executor.py for tasks to queue
[2024-04-04T18:20:58.294+0000] {logging_mixin.py:188} INFO - [2024-04-04T18:20:58.292+0000] {dagbag.py:538} INFO - Filling up the DagBag from /home/airflow/.local/lib/python3.8/site-packages/airflow/example_dags/example_local_kubernetes_executor.py
[2024-04-04T18:20:58.328+0000] {processor.py:840} INFO - DAG(s) 'example_local_kubernetes_executor' retrieved from /home/airflow/.local/lib/python3.8/site-packages/airflow/example_dags/example_local_kubernetes_executor.py
[2024-04-04T18:20:58.493+0000] {logging_mixin.py:188} INFO - [2024-04-04T18:20:58.492+0000] {dag.py:3036} INFO - Sync 1 DAGs
[2024-04-04T18:20:58.562+0000] {logging_mixin.py:188} INFO - [2024-04-04T18:20:58.561+0000] {dag.py:3823} INFO - Setting next_dagrun for example_local_kubernetes_executor to None, run_after=None
[2024-04-04T18:20:58.642+0000] {processor.py:183} INFO - Processing /home/airflow/.local/lib/python3.8/site-packages/airflow/example_dags/example_local_kubernetes_executor.py took 0.375 seconds
[2024-04-04T18:21:29.283+0000] {processor.py:161} INFO - Started process (PID=47192) to work on /home/airflow/.local/lib/python3.8/site-packages/airflow/example_dags/example_local_kubernetes_executor.py
[2024-04-04T18:21:29.291+0000] {processor.py:830} INFO - Processing file /home/airflow/.local/lib/python3.8/site-packages/airflow/example_dags/example_local_kubernetes_executor.py for tasks to queue
[2024-04-04T18:21:29.297+0000] {logging_mixin.py:188} INFO - [2024-04-04T18:21:29.296+0000] {dagbag.py:538} INFO - Filling up the DagBag from /home/airflow/.local/lib/python3.8/site-packages/airflow/example_dags/example_local_kubernetes_executor.py
[2024-04-04T18:21:29.349+0000] {processor.py:840} INFO - DAG(s) 'example_local_kubernetes_executor' retrieved from /home/airflow/.local/lib/python3.8/site-packages/airflow/example_dags/example_local_kubernetes_executor.py
[2024-04-04T18:21:29.642+0000] {logging_mixin.py:188} INFO - [2024-04-04T18:21:29.641+0000] {dag.py:3036} INFO - Sync 1 DAGs
[2024-04-04T18:21:29.773+0000] {logging_mixin.py:188} INFO - [2024-04-04T18:21:29.771+0000] {dag.py:3823} INFO - Setting next_dagrun for example_local_kubernetes_executor to None, run_after=None
[2024-04-04T18:21:29.939+0000] {processor.py:183} INFO - Processing /home/airflow/.local/lib/python3.8/site-packages/airflow/example_dags/example_local_kubernetes_executor.py took 0.682 seconds
[2024-04-04T18:22:00.229+0000] {processor.py:161} INFO - Started process (PID=47253) to work on /home/airflow/.local/lib/python3.8/site-packages/airflow/example_dags/example_local_kubernetes_executor.py
[2024-04-04T18:22:00.231+0000] {processor.py:830} INFO - Processing file /home/airflow/.local/lib/python3.8/site-packages/airflow/example_dags/example_local_kubernetes_executor.py for tasks to queue
[2024-04-04T18:22:00.233+0000] {logging_mixin.py:188} INFO - [2024-04-04T18:22:00.233+0000] {dagbag.py:538} INFO - Filling up the DagBag from /home/airflow/.local/lib/python3.8/site-packages/airflow/example_dags/example_local_kubernetes_executor.py
[2024-04-04T18:22:00.248+0000] {processor.py:840} INFO - DAG(s) 'example_local_kubernetes_executor' retrieved from /home/airflow/.local/lib/python3.8/site-packages/airflow/example_dags/example_local_kubernetes_executor.py
[2024-04-04T18:22:00.320+0000] {logging_mixin.py:188} INFO - [2024-04-04T18:22:00.320+0000] {dag.py:3036} INFO - Sync 1 DAGs
[2024-04-04T18:22:00.344+0000] {logging_mixin.py:188} INFO - [2024-04-04T18:22:00.344+0000] {dag.py:3823} INFO - Setting next_dagrun for example_local_kubernetes_executor to None, run_after=None
[2024-04-04T18:22:00.388+0000] {processor.py:183} INFO - Processing /home/airflow/.local/lib/python3.8/site-packages/airflow/example_dags/example_local_kubernetes_executor.py took 0.166 seconds
[2024-04-04T18:22:30.483+0000] {processor.py:161} INFO - Started process (PID=47313) to work on /home/airflow/.local/lib/python3.8/site-packages/airflow/example_dags/example_local_kubernetes_executor.py
[2024-04-04T18:22:30.486+0000] {processor.py:830} INFO - Processing file /home/airflow/.local/lib/python3.8/site-packages/airflow/example_dags/example_local_kubernetes_executor.py for tasks to queue
[2024-04-04T18:22:30.488+0000] {logging_mixin.py:188} INFO - [2024-04-04T18:22:30.487+0000] {dagbag.py:538} INFO - Filling up the DagBag from /home/airflow/.local/lib/python3.8/site-packages/airflow/example_dags/example_local_kubernetes_executor.py
[2024-04-04T18:22:30.507+0000] {processor.py:840} INFO - DAG(s) 'example_local_kubernetes_executor' retrieved from /home/airflow/.local/lib/python3.8/site-packages/airflow/example_dags/example_local_kubernetes_executor.py
[2024-04-04T18:22:30.594+0000] {logging_mixin.py:188} INFO - [2024-04-04T18:22:30.593+0000] {dag.py:3036} INFO - Sync 1 DAGs
[2024-04-04T18:22:30.624+0000] {logging_mixin.py:188} INFO - [2024-04-04T18:22:30.623+0000] {dag.py:3823} INFO - Setting next_dagrun for example_local_kubernetes_executor to None, run_after=None
[2024-04-04T18:22:30.664+0000] {processor.py:183} INFO - Processing /home/airflow/.local/lib/python3.8/site-packages/airflow/example_dags/example_local_kubernetes_executor.py took 0.190 seconds
[2024-04-04T18:23:01.131+0000] {processor.py:161} INFO - Started process (PID=47372) to work on /home/airflow/.local/lib/python3.8/site-packages/airflow/example_dags/example_local_kubernetes_executor.py
[2024-04-04T18:23:01.137+0000] {processor.py:830} INFO - Processing file /home/airflow/.local/lib/python3.8/site-packages/airflow/example_dags/example_local_kubernetes_executor.py for tasks to queue
[2024-04-04T18:23:01.143+0000] {logging_mixin.py:188} INFO - [2024-04-04T18:23:01.141+0000] {dagbag.py:538} INFO - Filling up the DagBag from /home/airflow/.local/lib/python3.8/site-packages/airflow/example_dags/example_local_kubernetes_executor.py
[2024-04-04T18:23:01.183+0000] {processor.py:840} INFO - DAG(s) 'example_local_kubernetes_executor' retrieved from /home/airflow/.local/lib/python3.8/site-packages/airflow/example_dags/example_local_kubernetes_executor.py
[2024-04-04T18:23:01.371+0000] {logging_mixin.py:188} INFO - [2024-04-04T18:23:01.369+0000] {dag.py:3036} INFO - Sync 1 DAGs
[2024-04-04T18:23:01.486+0000] {logging_mixin.py:188} INFO - [2024-04-04T18:23:01.484+0000] {dag.py:3823} INFO - Setting next_dagrun for example_local_kubernetes_executor to None, run_after=None
[2024-04-04T18:23:01.620+0000] {processor.py:183} INFO - Processing /home/airflow/.local/lib/python3.8/site-packages/airflow/example_dags/example_local_kubernetes_executor.py took 0.509 seconds
[2024-04-04T18:23:32.443+0000] {processor.py:161} INFO - Started process (PID=47432) to work on /home/airflow/.local/lib/python3.8/site-packages/airflow/example_dags/example_local_kubernetes_executor.py
[2024-04-04T18:23:32.451+0000] {processor.py:830} INFO - Processing file /home/airflow/.local/lib/python3.8/site-packages/airflow/example_dags/example_local_kubernetes_executor.py for tasks to queue
[2024-04-04T18:23:32.471+0000] {logging_mixin.py:188} INFO - [2024-04-04T18:23:32.469+0000] {dagbag.py:538} INFO - Filling up the DagBag from /home/airflow/.local/lib/python3.8/site-packages/airflow/example_dags/example_local_kubernetes_executor.py
[2024-04-04T18:23:32.683+0000] {processor.py:840} INFO - DAG(s) 'example_local_kubernetes_executor' retrieved from /home/airflow/.local/lib/python3.8/site-packages/airflow/example_dags/example_local_kubernetes_executor.py
[2024-04-04T18:23:33.027+0000] {logging_mixin.py:188} INFO - [2024-04-04T18:23:33.026+0000] {dag.py:3036} INFO - Sync 1 DAGs
[2024-04-04T18:23:33.127+0000] {logging_mixin.py:188} INFO - [2024-04-04T18:23:33.125+0000] {dag.py:3823} INFO - Setting next_dagrun for example_local_kubernetes_executor to None, run_after=None
[2024-04-04T18:23:33.248+0000] {processor.py:183} INFO - Processing /home/airflow/.local/lib/python3.8/site-packages/airflow/example_dags/example_local_kubernetes_executor.py took 0.840 seconds
[2024-04-04T19:14:33.210+0000] {processor.py:161} INFO - Started process (PID=47483) to work on /home/airflow/.local/lib/python3.8/site-packages/airflow/example_dags/example_local_kubernetes_executor.py
[2024-04-04T19:14:33.224+0000] {processor.py:830} INFO - Processing file /home/airflow/.local/lib/python3.8/site-packages/airflow/example_dags/example_local_kubernetes_executor.py for tasks to queue
[2024-04-04T19:14:33.230+0000] {logging_mixin.py:188} INFO - [2024-04-04T19:14:33.229+0000] {dagbag.py:538} INFO - Filling up the DagBag from /home/airflow/.local/lib/python3.8/site-packages/airflow/example_dags/example_local_kubernetes_executor.py
[2024-04-04T19:14:33.311+0000] {processor.py:840} INFO - DAG(s) 'example_local_kubernetes_executor' retrieved from /home/airflow/.local/lib/python3.8/site-packages/airflow/example_dags/example_local_kubernetes_executor.py
[2024-04-04T19:14:33.684+0000] {logging_mixin.py:188} INFO - [2024-04-04T19:14:33.679+0000] {dag.py:3036} INFO - Sync 1 DAGs
[2024-04-04T19:14:33.783+0000] {logging_mixin.py:188} INFO - [2024-04-04T19:14:33.782+0000] {dag.py:3823} INFO - Setting next_dagrun for example_local_kubernetes_executor to None, run_after=None
[2024-04-04T19:14:33.901+0000] {processor.py:183} INFO - Processing /home/airflow/.local/lib/python3.8/site-packages/airflow/example_dags/example_local_kubernetes_executor.py took 0.712 seconds
[2024-04-04T19:15:04.547+0000] {processor.py:161} INFO - Started process (PID=47543) to work on /home/airflow/.local/lib/python3.8/site-packages/airflow/example_dags/example_local_kubernetes_executor.py
[2024-04-04T19:15:04.551+0000] {processor.py:830} INFO - Processing file /home/airflow/.local/lib/python3.8/site-packages/airflow/example_dags/example_local_kubernetes_executor.py for tasks to queue
[2024-04-04T19:15:04.555+0000] {logging_mixin.py:188} INFO - [2024-04-04T19:15:04.554+0000] {dagbag.py:538} INFO - Filling up the DagBag from /home/airflow/.local/lib/python3.8/site-packages/airflow/example_dags/example_local_kubernetes_executor.py
[2024-04-04T19:15:04.582+0000] {processor.py:840} INFO - DAG(s) 'example_local_kubernetes_executor' retrieved from /home/airflow/.local/lib/python3.8/site-packages/airflow/example_dags/example_local_kubernetes_executor.py
[2024-04-04T19:15:04.714+0000] {logging_mixin.py:188} INFO - [2024-04-04T19:15:04.714+0000] {dag.py:3036} INFO - Sync 1 DAGs
[2024-04-04T19:15:04.759+0000] {logging_mixin.py:188} INFO - [2024-04-04T19:15:04.759+0000] {dag.py:3823} INFO - Setting next_dagrun for example_local_kubernetes_executor to None, run_after=None
[2024-04-04T19:15:04.832+0000] {processor.py:183} INFO - Processing /home/airflow/.local/lib/python3.8/site-packages/airflow/example_dags/example_local_kubernetes_executor.py took 0.298 seconds
[2024-04-04T22:14:51.902+0000] {processor.py:161} INFO - Started process (PID=47629) to work on /home/airflow/.local/lib/python3.8/site-packages/airflow/example_dags/example_local_kubernetes_executor.py
[2024-04-04T22:14:51.915+0000] {processor.py:830} INFO - Processing file /home/airflow/.local/lib/python3.8/site-packages/airflow/example_dags/example_local_kubernetes_executor.py for tasks to queue
[2024-04-04T22:14:51.917+0000] {logging_mixin.py:188} INFO - [2024-04-04T22:14:51.917+0000] {dagbag.py:538} INFO - Filling up the DagBag from /home/airflow/.local/lib/python3.8/site-packages/airflow/example_dags/example_local_kubernetes_executor.py
[2024-04-04T23:14:06.163+0000] {processor.py:840} INFO - DAG(s) 'example_local_kubernetes_executor' retrieved from /home/airflow/.local/lib/python3.8/site-packages/airflow/example_dags/example_local_kubernetes_executor.py
[2024-04-04T23:14:07.717+0000] {logging_mixin.py:188} INFO - [2024-04-04T23:14:07.717+0000] {dag.py:3036} INFO - Sync 1 DAGs
[2024-04-04T23:14:07.792+0000] {logging_mixin.py:188} INFO - [2024-04-04T23:14:07.791+0000] {dag.py:3823} INFO - Setting next_dagrun for example_local_kubernetes_executor to None, run_after=None
[2024-04-04T23:14:08.054+0000] {processor.py:183} INFO - Processing /home/airflow/.local/lib/python3.8/site-packages/airflow/example_dags/example_local_kubernetes_executor.py took 3555.970 seconds
[2024-04-04T23:15:28.070+0000] {processor.py:161} INFO - Started process (PID=47701) to work on /home/airflow/.local/lib/python3.8/site-packages/airflow/example_dags/example_local_kubernetes_executor.py
[2024-04-04T23:15:28.088+0000] {processor.py:830} INFO - Processing file /home/airflow/.local/lib/python3.8/site-packages/airflow/example_dags/example_local_kubernetes_executor.py for tasks to queue
[2024-04-04T23:15:28.108+0000] {logging_mixin.py:188} INFO - [2024-04-04T23:15:28.102+0000] {dagbag.py:538} INFO - Filling up the DagBag from /home/airflow/.local/lib/python3.8/site-packages/airflow/example_dags/example_local_kubernetes_executor.py
[2024-04-04T23:15:28.238+0000] {processor.py:840} INFO - DAG(s) 'example_local_kubernetes_executor' retrieved from /home/airflow/.local/lib/python3.8/site-packages/airflow/example_dags/example_local_kubernetes_executor.py
[2024-04-04T23:15:28.624+0000] {logging_mixin.py:188} INFO - [2024-04-04T23:15:28.623+0000] {dag.py:3036} INFO - Sync 1 DAGs
[2024-04-04T23:15:28.803+0000] {logging_mixin.py:188} INFO - [2024-04-04T23:15:28.796+0000] {dag.py:3823} INFO - Setting next_dagrun for example_local_kubernetes_executor to None, run_after=None
[2024-04-04T23:15:29.034+0000] {processor.py:183} INFO - Processing /home/airflow/.local/lib/python3.8/site-packages/airflow/example_dags/example_local_kubernetes_executor.py took 1.028 seconds
[2024-04-04T23:16:02.287+0000] {processor.py:161} INFO - Started process (PID=47761) to work on /home/airflow/.local/lib/python3.8/site-packages/airflow/example_dags/example_local_kubernetes_executor.py
[2024-04-04T23:16:02.304+0000] {processor.py:830} INFO - Processing file /home/airflow/.local/lib/python3.8/site-packages/airflow/example_dags/example_local_kubernetes_executor.py for tasks to queue
[2024-04-04T23:16:02.324+0000] {logging_mixin.py:188} INFO - [2024-04-04T23:16:02.310+0000] {dagbag.py:538} INFO - Filling up the DagBag from /home/airflow/.local/lib/python3.8/site-packages/airflow/example_dags/example_local_kubernetes_executor.py
[2024-04-04T23:16:02.403+0000] {processor.py:840} INFO - DAG(s) 'example_local_kubernetes_executor' retrieved from /home/airflow/.local/lib/python3.8/site-packages/airflow/example_dags/example_local_kubernetes_executor.py
[2024-04-04T23:16:02.734+0000] {logging_mixin.py:188} INFO - [2024-04-04T23:16:02.732+0000] {dag.py:3036} INFO - Sync 1 DAGs
[2024-04-04T23:16:03.352+0000] {logging_mixin.py:188} INFO - [2024-04-04T23:16:03.351+0000] {dag.py:3823} INFO - Setting next_dagrun for example_local_kubernetes_executor to None, run_after=None
[2024-04-04T23:16:03.446+0000] {processor.py:183} INFO - Processing /home/airflow/.local/lib/python3.8/site-packages/airflow/example_dags/example_local_kubernetes_executor.py took 1.211 seconds
[2024-04-04T23:16:33.614+0000] {processor.py:161} INFO - Started process (PID=47821) to work on /home/airflow/.local/lib/python3.8/site-packages/airflow/example_dags/example_local_kubernetes_executor.py
[2024-04-04T23:16:33.617+0000] {processor.py:830} INFO - Processing file /home/airflow/.local/lib/python3.8/site-packages/airflow/example_dags/example_local_kubernetes_executor.py for tasks to queue
[2024-04-04T23:16:33.621+0000] {logging_mixin.py:188} INFO - [2024-04-04T23:16:33.620+0000] {dagbag.py:538} INFO - Filling up the DagBag from /home/airflow/.local/lib/python3.8/site-packages/airflow/example_dags/example_local_kubernetes_executor.py
[2024-04-04T23:16:33.648+0000] {processor.py:840} INFO - DAG(s) 'example_local_kubernetes_executor' retrieved from /home/airflow/.local/lib/python3.8/site-packages/airflow/example_dags/example_local_kubernetes_executor.py
[2024-04-04T23:16:33.757+0000] {logging_mixin.py:188} INFO - [2024-04-04T23:16:33.756+0000] {dag.py:3036} INFO - Sync 1 DAGs
[2024-04-04T23:16:34.103+0000] {logging_mixin.py:188} INFO - [2024-04-04T23:16:34.102+0000] {dag.py:3823} INFO - Setting next_dagrun for example_local_kubernetes_executor to None, run_after=None
[2024-04-04T23:16:34.160+0000] {processor.py:183} INFO - Processing /home/airflow/.local/lib/python3.8/site-packages/airflow/example_dags/example_local_kubernetes_executor.py took 0.558 seconds
[2024-04-04T23:17:04.848+0000] {processor.py:161} INFO - Started process (PID=47881) to work on /home/airflow/.local/lib/python3.8/site-packages/airflow/example_dags/example_local_kubernetes_executor.py
[2024-04-04T23:17:04.851+0000] {processor.py:830} INFO - Processing file /home/airflow/.local/lib/python3.8/site-packages/airflow/example_dags/example_local_kubernetes_executor.py for tasks to queue
[2024-04-04T23:17:04.855+0000] {logging_mixin.py:188} INFO - [2024-04-04T23:17:04.854+0000] {dagbag.py:538} INFO - Filling up the DagBag from /home/airflow/.local/lib/python3.8/site-packages/airflow/example_dags/example_local_kubernetes_executor.py
[2024-04-04T23:17:04.878+0000] {processor.py:840} INFO - DAG(s) 'example_local_kubernetes_executor' retrieved from /home/airflow/.local/lib/python3.8/site-packages/airflow/example_dags/example_local_kubernetes_executor.py
[2024-04-04T23:17:05.000+0000] {logging_mixin.py:188} INFO - [2024-04-04T23:17:04.999+0000] {dag.py:3036} INFO - Sync 1 DAGs
[2024-04-04T23:17:05.043+0000] {logging_mixin.py:188} INFO - [2024-04-04T23:17:05.042+0000] {dag.py:3823} INFO - Setting next_dagrun for example_local_kubernetes_executor to None, run_after=None
[2024-04-04T23:17:05.099+0000] {processor.py:183} INFO - Processing /home/airflow/.local/lib/python3.8/site-packages/airflow/example_dags/example_local_kubernetes_executor.py took 0.262 seconds
[2024-04-04T23:17:35.269+0000] {processor.py:161} INFO - Started process (PID=47941) to work on /home/airflow/.local/lib/python3.8/site-packages/airflow/example_dags/example_local_kubernetes_executor.py
[2024-04-04T23:17:35.274+0000] {processor.py:830} INFO - Processing file /home/airflow/.local/lib/python3.8/site-packages/airflow/example_dags/example_local_kubernetes_executor.py for tasks to queue
[2024-04-04T23:17:35.278+0000] {logging_mixin.py:188} INFO - [2024-04-04T23:17:35.277+0000] {dagbag.py:538} INFO - Filling up the DagBag from /home/airflow/.local/lib/python3.8/site-packages/airflow/example_dags/example_local_kubernetes_executor.py
[2024-04-04T23:17:35.313+0000] {processor.py:840} INFO - DAG(s) 'example_local_kubernetes_executor' retrieved from /home/airflow/.local/lib/python3.8/site-packages/airflow/example_dags/example_local_kubernetes_executor.py
[2024-04-04T23:17:35.516+0000] {logging_mixin.py:188} INFO - [2024-04-04T23:17:35.515+0000] {dag.py:3036} INFO - Sync 1 DAGs
[2024-04-04T23:17:35.588+0000] {logging_mixin.py:188} INFO - [2024-04-04T23:17:35.586+0000] {dag.py:3823} INFO - Setting next_dagrun for example_local_kubernetes_executor to None, run_after=None
[2024-04-04T23:17:35.689+0000] {processor.py:183} INFO - Processing /home/airflow/.local/lib/python3.8/site-packages/airflow/example_dags/example_local_kubernetes_executor.py took 0.436 seconds
[2024-04-04T23:18:06.352+0000] {processor.py:161} INFO - Started process (PID=48001) to work on /home/airflow/.local/lib/python3.8/site-packages/airflow/example_dags/example_local_kubernetes_executor.py
[2024-04-04T23:18:06.354+0000] {processor.py:830} INFO - Processing file /home/airflow/.local/lib/python3.8/site-packages/airflow/example_dags/example_local_kubernetes_executor.py for tasks to queue
[2024-04-04T23:18:06.357+0000] {logging_mixin.py:188} INFO - [2024-04-04T23:18:06.356+0000] {dagbag.py:538} INFO - Filling up the DagBag from /home/airflow/.local/lib/python3.8/site-packages/airflow/example_dags/example_local_kubernetes_executor.py
[2024-04-04T23:18:06.375+0000] {processor.py:840} INFO - DAG(s) 'example_local_kubernetes_executor' retrieved from /home/airflow/.local/lib/python3.8/site-packages/airflow/example_dags/example_local_kubernetes_executor.py
[2024-04-04T23:18:06.463+0000] {logging_mixin.py:188} INFO - [2024-04-04T23:18:06.462+0000] {dag.py:3036} INFO - Sync 1 DAGs
[2024-04-04T23:18:06.497+0000] {logging_mixin.py:188} INFO - [2024-04-04T23:18:06.496+0000] {dag.py:3823} INFO - Setting next_dagrun for example_local_kubernetes_executor to None, run_after=None
[2024-04-04T23:18:06.538+0000] {processor.py:183} INFO - Processing /home/airflow/.local/lib/python3.8/site-packages/airflow/example_dags/example_local_kubernetes_executor.py took 0.195 seconds
[2024-04-04T23:18:36.811+0000] {processor.py:161} INFO - Started process (PID=48061) to work on /home/airflow/.local/lib/python3.8/site-packages/airflow/example_dags/example_local_kubernetes_executor.py
[2024-04-04T23:18:36.813+0000] {processor.py:830} INFO - Processing file /home/airflow/.local/lib/python3.8/site-packages/airflow/example_dags/example_local_kubernetes_executor.py for tasks to queue
[2024-04-04T23:18:36.816+0000] {logging_mixin.py:188} INFO - [2024-04-04T23:18:36.815+0000] {dagbag.py:538} INFO - Filling up the DagBag from /home/airflow/.local/lib/python3.8/site-packages/airflow/example_dags/example_local_kubernetes_executor.py
[2024-04-04T23:18:36.830+0000] {processor.py:840} INFO - DAG(s) 'example_local_kubernetes_executor' retrieved from /home/airflow/.local/lib/python3.8/site-packages/airflow/example_dags/example_local_kubernetes_executor.py
[2024-04-04T23:18:36.904+0000] {logging_mixin.py:188} INFO - [2024-04-04T23:18:36.904+0000] {dag.py:3036} INFO - Sync 1 DAGs
[2024-04-04T23:18:36.933+0000] {logging_mixin.py:188} INFO - [2024-04-04T23:18:36.933+0000] {dag.py:3823} INFO - Setting next_dagrun for example_local_kubernetes_executor to None, run_after=None
[2024-04-04T23:18:36.979+0000] {processor.py:183} INFO - Processing /home/airflow/.local/lib/python3.8/site-packages/airflow/example_dags/example_local_kubernetes_executor.py took 0.175 seconds
[2024-04-04T23:19:07.314+0000] {processor.py:161} INFO - Started process (PID=48122) to work on /home/airflow/.local/lib/python3.8/site-packages/airflow/example_dags/example_local_kubernetes_executor.py
[2024-04-04T23:19:07.318+0000] {processor.py:830} INFO - Processing file /home/airflow/.local/lib/python3.8/site-packages/airflow/example_dags/example_local_kubernetes_executor.py for tasks to queue
[2024-04-04T23:19:07.322+0000] {logging_mixin.py:188} INFO - [2024-04-04T23:19:07.321+0000] {dagbag.py:538} INFO - Filling up the DagBag from /home/airflow/.local/lib/python3.8/site-packages/airflow/example_dags/example_local_kubernetes_executor.py
[2024-04-04T23:19:07.353+0000] {processor.py:840} INFO - DAG(s) 'example_local_kubernetes_executor' retrieved from /home/airflow/.local/lib/python3.8/site-packages/airflow/example_dags/example_local_kubernetes_executor.py
[2024-04-04T23:19:07.514+0000] {logging_mixin.py:188} INFO - [2024-04-04T23:19:07.513+0000] {dag.py:3036} INFO - Sync 1 DAGs
[2024-04-04T23:19:07.562+0000] {logging_mixin.py:188} INFO - [2024-04-04T23:19:07.561+0000] {dag.py:3823} INFO - Setting next_dagrun for example_local_kubernetes_executor to None, run_after=None
[2024-04-04T23:19:07.630+0000] {processor.py:183} INFO - Processing /home/airflow/.local/lib/python3.8/site-packages/airflow/example_dags/example_local_kubernetes_executor.py took 0.330 seconds
[2024-04-04T23:19:39.270+0000] {processor.py:161} INFO - Started process (PID=48182) to work on /home/airflow/.local/lib/python3.8/site-packages/airflow/example_dags/example_local_kubernetes_executor.py
[2024-04-04T23:19:39.275+0000] {processor.py:830} INFO - Processing file /home/airflow/.local/lib/python3.8/site-packages/airflow/example_dags/example_local_kubernetes_executor.py for tasks to queue
[2024-04-04T23:19:39.280+0000] {logging_mixin.py:188} INFO - [2024-04-04T23:19:39.278+0000] {dagbag.py:538} INFO - Filling up the DagBag from /home/airflow/.local/lib/python3.8/site-packages/airflow/example_dags/example_local_kubernetes_executor.py
[2024-04-04T23:19:39.317+0000] {processor.py:840} INFO - DAG(s) 'example_local_kubernetes_executor' retrieved from /home/airflow/.local/lib/python3.8/site-packages/airflow/example_dags/example_local_kubernetes_executor.py
[2024-04-04T23:19:39.535+0000] {logging_mixin.py:188} INFO - [2024-04-04T23:19:39.534+0000] {dag.py:3036} INFO - Sync 1 DAGs
[2024-04-04T23:19:39.641+0000] {logging_mixin.py:188} INFO - [2024-04-04T23:19:39.640+0000] {dag.py:3823} INFO - Setting next_dagrun for example_local_kubernetes_executor to None, run_after=None
[2024-04-04T23:19:39.800+0000] {processor.py:183} INFO - Processing /home/airflow/.local/lib/python3.8/site-packages/airflow/example_dags/example_local_kubernetes_executor.py took 0.547 seconds
[2024-04-04T23:20:10.569+0000] {processor.py:161} INFO - Started process (PID=48242) to work on /home/airflow/.local/lib/python3.8/site-packages/airflow/example_dags/example_local_kubernetes_executor.py
[2024-04-04T23:20:10.572+0000] {processor.py:830} INFO - Processing file /home/airflow/.local/lib/python3.8/site-packages/airflow/example_dags/example_local_kubernetes_executor.py for tasks to queue
[2024-04-04T23:20:10.575+0000] {logging_mixin.py:188} INFO - [2024-04-04T23:20:10.574+0000] {dagbag.py:538} INFO - Filling up the DagBag from /home/airflow/.local/lib/python3.8/site-packages/airflow/example_dags/example_local_kubernetes_executor.py
[2024-04-04T23:20:10.599+0000] {processor.py:840} INFO - DAG(s) 'example_local_kubernetes_executor' retrieved from /home/airflow/.local/lib/python3.8/site-packages/airflow/example_dags/example_local_kubernetes_executor.py
[2024-04-04T23:20:10.724+0000] {logging_mixin.py:188} INFO - [2024-04-04T23:20:10.724+0000] {dag.py:3036} INFO - Sync 1 DAGs
[2024-04-04T23:20:10.758+0000] {logging_mixin.py:188} INFO - [2024-04-04T23:20:10.758+0000] {dag.py:3823} INFO - Setting next_dagrun for example_local_kubernetes_executor to None, run_after=None
[2024-04-04T23:20:10.805+0000] {processor.py:183} INFO - Processing /home/airflow/.local/lib/python3.8/site-packages/airflow/example_dags/example_local_kubernetes_executor.py took 0.245 seconds
[2024-04-04T23:20:40.922+0000] {processor.py:161} INFO - Started process (PID=48308) to work on /home/airflow/.local/lib/python3.8/site-packages/airflow/example_dags/example_local_kubernetes_executor.py
[2024-04-04T23:20:40.925+0000] {processor.py:830} INFO - Processing file /home/airflow/.local/lib/python3.8/site-packages/airflow/example_dags/example_local_kubernetes_executor.py for tasks to queue
[2024-04-04T23:20:40.928+0000] {logging_mixin.py:188} INFO - [2024-04-04T23:20:40.927+0000] {dagbag.py:538} INFO - Filling up the DagBag from /home/airflow/.local/lib/python3.8/site-packages/airflow/example_dags/example_local_kubernetes_executor.py
[2024-04-04T23:20:40.947+0000] {processor.py:840} INFO - DAG(s) 'example_local_kubernetes_executor' retrieved from /home/airflow/.local/lib/python3.8/site-packages/airflow/example_dags/example_local_kubernetes_executor.py
[2024-04-04T23:20:41.058+0000] {logging_mixin.py:188} INFO - [2024-04-04T23:20:41.057+0000] {dag.py:3036} INFO - Sync 1 DAGs
[2024-04-04T23:20:41.099+0000] {logging_mixin.py:188} INFO - [2024-04-04T23:20:41.098+0000] {dag.py:3823} INFO - Setting next_dagrun for example_local_kubernetes_executor to None, run_after=None
[2024-04-04T23:20:41.162+0000] {processor.py:183} INFO - Processing /home/airflow/.local/lib/python3.8/site-packages/airflow/example_dags/example_local_kubernetes_executor.py took 0.251 seconds
[2024-04-04T23:21:11.299+0000] {processor.py:161} INFO - Started process (PID=48366) to work on /home/airflow/.local/lib/python3.8/site-packages/airflow/example_dags/example_local_kubernetes_executor.py
[2024-04-04T23:21:11.304+0000] {processor.py:830} INFO - Processing file /home/airflow/.local/lib/python3.8/site-packages/airflow/example_dags/example_local_kubernetes_executor.py for tasks to queue
[2024-04-04T23:21:11.312+0000] {logging_mixin.py:188} INFO - [2024-04-04T23:21:11.310+0000] {dagbag.py:538} INFO - Filling up the DagBag from /home/airflow/.local/lib/python3.8/site-packages/airflow/example_dags/example_local_kubernetes_executor.py
[2024-04-04T23:21:11.343+0000] {processor.py:840} INFO - DAG(s) 'example_local_kubernetes_executor' retrieved from /home/airflow/.local/lib/python3.8/site-packages/airflow/example_dags/example_local_kubernetes_executor.py
[2024-04-04T23:21:11.492+0000] {logging_mixin.py:188} INFO - [2024-04-04T23:21:11.491+0000] {dag.py:3036} INFO - Sync 1 DAGs
[2024-04-04T23:21:11.541+0000] {logging_mixin.py:188} INFO - [2024-04-04T23:21:11.540+0000] {dag.py:3823} INFO - Setting next_dagrun for example_local_kubernetes_executor to None, run_after=None
[2024-04-04T23:21:11.618+0000] {processor.py:183} INFO - Processing /home/airflow/.local/lib/python3.8/site-packages/airflow/example_dags/example_local_kubernetes_executor.py took 0.331 seconds
[2024-04-04T23:21:42.539+0000] {processor.py:161} INFO - Started process (PID=48426) to work on /home/airflow/.local/lib/python3.8/site-packages/airflow/example_dags/example_local_kubernetes_executor.py
[2024-04-04T23:21:42.546+0000] {processor.py:830} INFO - Processing file /home/airflow/.local/lib/python3.8/site-packages/airflow/example_dags/example_local_kubernetes_executor.py for tasks to queue
[2024-04-04T23:21:42.553+0000] {logging_mixin.py:188} INFO - [2024-04-04T23:21:42.551+0000] {dagbag.py:538} INFO - Filling up the DagBag from /home/airflow/.local/lib/python3.8/site-packages/airflow/example_dags/example_local_kubernetes_executor.py
[2024-04-04T23:21:42.604+0000] {processor.py:840} INFO - DAG(s) 'example_local_kubernetes_executor' retrieved from /home/airflow/.local/lib/python3.8/site-packages/airflow/example_dags/example_local_kubernetes_executor.py
[2024-04-04T23:21:42.834+0000] {logging_mixin.py:188} INFO - [2024-04-04T23:21:42.832+0000] {dag.py:3036} INFO - Sync 1 DAGs
[2024-04-04T23:21:42.908+0000] {logging_mixin.py:188} INFO - [2024-04-04T23:21:42.907+0000] {dag.py:3823} INFO - Setting next_dagrun for example_local_kubernetes_executor to None, run_after=None
[2024-04-04T23:21:43.013+0000] {processor.py:183} INFO - Processing /home/airflow/.local/lib/python3.8/site-packages/airflow/example_dags/example_local_kubernetes_executor.py took 0.500 seconds
[2024-04-04T23:22:13.875+0000] {processor.py:161} INFO - Started process (PID=48486) to work on /home/airflow/.local/lib/python3.8/site-packages/airflow/example_dags/example_local_kubernetes_executor.py
[2024-04-04T23:22:13.878+0000] {processor.py:830} INFO - Processing file /home/airflow/.local/lib/python3.8/site-packages/airflow/example_dags/example_local_kubernetes_executor.py for tasks to queue
[2024-04-04T23:22:13.881+0000] {logging_mixin.py:188} INFO - [2024-04-04T23:22:13.880+0000] {dagbag.py:538} INFO - Filling up the DagBag from /home/airflow/.local/lib/python3.8/site-packages/airflow/example_dags/example_local_kubernetes_executor.py
[2024-04-04T23:22:13.906+0000] {processor.py:840} INFO - DAG(s) 'example_local_kubernetes_executor' retrieved from /home/airflow/.local/lib/python3.8/site-packages/airflow/example_dags/example_local_kubernetes_executor.py
[2024-04-04T23:22:14.013+0000] {logging_mixin.py:188} INFO - [2024-04-04T23:22:14.012+0000] {dag.py:3036} INFO - Sync 1 DAGs
[2024-04-04T23:22:14.059+0000] {logging_mixin.py:188} INFO - [2024-04-04T23:22:14.058+0000] {dag.py:3823} INFO - Setting next_dagrun for example_local_kubernetes_executor to None, run_after=None
[2024-04-04T23:22:14.125+0000] {processor.py:183} INFO - Processing /home/airflow/.local/lib/python3.8/site-packages/airflow/example_dags/example_local_kubernetes_executor.py took 0.259 seconds
[2024-04-04T23:22:44.264+0000] {processor.py:161} INFO - Started process (PID=48546) to work on /home/airflow/.local/lib/python3.8/site-packages/airflow/example_dags/example_local_kubernetes_executor.py
[2024-04-04T23:22:44.267+0000] {processor.py:830} INFO - Processing file /home/airflow/.local/lib/python3.8/site-packages/airflow/example_dags/example_local_kubernetes_executor.py for tasks to queue
[2024-04-04T23:22:44.269+0000] {logging_mixin.py:188} INFO - [2024-04-04T23:22:44.268+0000] {dagbag.py:538} INFO - Filling up the DagBag from /home/airflow/.local/lib/python3.8/site-packages/airflow/example_dags/example_local_kubernetes_executor.py
[2024-04-04T23:22:44.288+0000] {processor.py:840} INFO - DAG(s) 'example_local_kubernetes_executor' retrieved from /home/airflow/.local/lib/python3.8/site-packages/airflow/example_dags/example_local_kubernetes_executor.py
[2024-04-04T23:22:44.367+0000] {logging_mixin.py:188} INFO - [2024-04-04T23:22:44.366+0000] {dag.py:3036} INFO - Sync 1 DAGs
[2024-04-04T23:22:44.393+0000] {logging_mixin.py:188} INFO - [2024-04-04T23:22:44.393+0000] {dag.py:3823} INFO - Setting next_dagrun for example_local_kubernetes_executor to None, run_after=None
[2024-04-04T23:22:44.433+0000] {processor.py:183} INFO - Processing /home/airflow/.local/lib/python3.8/site-packages/airflow/example_dags/example_local_kubernetes_executor.py took 0.176 seconds
[2024-04-04T23:23:14.850+0000] {processor.py:161} INFO - Started process (PID=48606) to work on /home/airflow/.local/lib/python3.8/site-packages/airflow/example_dags/example_local_kubernetes_executor.py
[2024-04-04T23:23:14.854+0000] {processor.py:830} INFO - Processing file /home/airflow/.local/lib/python3.8/site-packages/airflow/example_dags/example_local_kubernetes_executor.py for tasks to queue
[2024-04-04T23:23:14.858+0000] {logging_mixin.py:188} INFO - [2024-04-04T23:23:14.856+0000] {dagbag.py:538} INFO - Filling up the DagBag from /home/airflow/.local/lib/python3.8/site-packages/airflow/example_dags/example_local_kubernetes_executor.py
[2024-04-04T23:23:14.878+0000] {processor.py:840} INFO - DAG(s) 'example_local_kubernetes_executor' retrieved from /home/airflow/.local/lib/python3.8/site-packages/airflow/example_dags/example_local_kubernetes_executor.py
[2024-04-04T23:23:14.987+0000] {logging_mixin.py:188} INFO - [2024-04-04T23:23:14.987+0000] {dag.py:3036} INFO - Sync 1 DAGs
[2024-04-04T23:23:15.024+0000] {logging_mixin.py:188} INFO - [2024-04-04T23:23:15.023+0000] {dag.py:3823} INFO - Setting next_dagrun for example_local_kubernetes_executor to None, run_after=None
[2024-04-04T23:23:15.075+0000] {processor.py:183} INFO - Processing /home/airflow/.local/lib/python3.8/site-packages/airflow/example_dags/example_local_kubernetes_executor.py took 0.240 seconds
[2024-04-04T23:23:45.583+0000] {processor.py:161} INFO - Started process (PID=48666) to work on /home/airflow/.local/lib/python3.8/site-packages/airflow/example_dags/example_local_kubernetes_executor.py
[2024-04-04T23:23:45.589+0000] {processor.py:830} INFO - Processing file /home/airflow/.local/lib/python3.8/site-packages/airflow/example_dags/example_local_kubernetes_executor.py for tasks to queue
[2024-04-04T23:23:45.596+0000] {logging_mixin.py:188} INFO - [2024-04-04T23:23:45.594+0000] {dagbag.py:538} INFO - Filling up the DagBag from /home/airflow/.local/lib/python3.8/site-packages/airflow/example_dags/example_local_kubernetes_executor.py
[2024-04-04T23:23:45.646+0000] {processor.py:840} INFO - DAG(s) 'example_local_kubernetes_executor' retrieved from /home/airflow/.local/lib/python3.8/site-packages/airflow/example_dags/example_local_kubernetes_executor.py
[2024-04-04T23:23:45.859+0000] {logging_mixin.py:188} INFO - [2024-04-04T23:23:45.858+0000] {dag.py:3036} INFO - Sync 1 DAGs
[2024-04-04T23:23:45.937+0000] {logging_mixin.py:188} INFO - [2024-04-04T23:23:45.935+0000] {dag.py:3823} INFO - Setting next_dagrun for example_local_kubernetes_executor to None, run_after=None
[2024-04-04T23:23:46.037+0000] {processor.py:183} INFO - Processing /home/airflow/.local/lib/python3.8/site-packages/airflow/example_dags/example_local_kubernetes_executor.py took 0.476 seconds
[2024-04-04T23:24:16.446+0000] {processor.py:161} INFO - Started process (PID=48726) to work on /home/airflow/.local/lib/python3.8/site-packages/airflow/example_dags/example_local_kubernetes_executor.py
[2024-04-04T23:24:16.451+0000] {processor.py:830} INFO - Processing file /home/airflow/.local/lib/python3.8/site-packages/airflow/example_dags/example_local_kubernetes_executor.py for tasks to queue
[2024-04-04T23:24:16.456+0000] {logging_mixin.py:188} INFO - [2024-04-04T23:24:16.454+0000] {dagbag.py:538} INFO - Filling up the DagBag from /home/airflow/.local/lib/python3.8/site-packages/airflow/example_dags/example_local_kubernetes_executor.py
[2024-04-04T23:24:16.498+0000] {processor.py:840} INFO - DAG(s) 'example_local_kubernetes_executor' retrieved from /home/airflow/.local/lib/python3.8/site-packages/airflow/example_dags/example_local_kubernetes_executor.py
[2024-04-04T23:24:16.675+0000] {logging_mixin.py:188} INFO - [2024-04-04T23:24:16.674+0000] {dag.py:3036} INFO - Sync 1 DAGs
[2024-04-04T23:24:16.740+0000] {logging_mixin.py:188} INFO - [2024-04-04T23:24:16.738+0000] {dag.py:3823} INFO - Setting next_dagrun for example_local_kubernetes_executor to None, run_after=None
[2024-04-04T23:24:16.828+0000] {processor.py:183} INFO - Processing /home/airflow/.local/lib/python3.8/site-packages/airflow/example_dags/example_local_kubernetes_executor.py took 0.397 seconds
[2024-04-04T23:24:47.342+0000] {processor.py:161} INFO - Started process (PID=48786) to work on /home/airflow/.local/lib/python3.8/site-packages/airflow/example_dags/example_local_kubernetes_executor.py
[2024-04-04T23:24:47.344+0000] {processor.py:830} INFO - Processing file /home/airflow/.local/lib/python3.8/site-packages/airflow/example_dags/example_local_kubernetes_executor.py for tasks to queue
[2024-04-04T23:24:47.347+0000] {logging_mixin.py:188} INFO - [2024-04-04T23:24:47.346+0000] {dagbag.py:538} INFO - Filling up the DagBag from /home/airflow/.local/lib/python3.8/site-packages/airflow/example_dags/example_local_kubernetes_executor.py
[2024-04-04T23:24:47.362+0000] {processor.py:840} INFO - DAG(s) 'example_local_kubernetes_executor' retrieved from /home/airflow/.local/lib/python3.8/site-packages/airflow/example_dags/example_local_kubernetes_executor.py
[2024-04-04T23:24:47.440+0000] {logging_mixin.py:188} INFO - [2024-04-04T23:24:47.439+0000] {dag.py:3036} INFO - Sync 1 DAGs
[2024-04-04T23:24:47.468+0000] {logging_mixin.py:188} INFO - [2024-04-04T23:24:47.467+0000] {dag.py:3823} INFO - Setting next_dagrun for example_local_kubernetes_executor to None, run_after=None
[2024-04-04T23:24:47.525+0000] {processor.py:183} INFO - Processing /home/airflow/.local/lib/python3.8/site-packages/airflow/example_dags/example_local_kubernetes_executor.py took 0.189 seconds
[2024-04-04T23:25:17.904+0000] {processor.py:161} INFO - Started process (PID=48846) to work on /home/airflow/.local/lib/python3.8/site-packages/airflow/example_dags/example_local_kubernetes_executor.py
[2024-04-04T23:25:17.906+0000] {processor.py:830} INFO - Processing file /home/airflow/.local/lib/python3.8/site-packages/airflow/example_dags/example_local_kubernetes_executor.py for tasks to queue
[2024-04-04T23:25:17.908+0000] {logging_mixin.py:188} INFO - [2024-04-04T23:25:17.908+0000] {dagbag.py:538} INFO - Filling up the DagBag from /home/airflow/.local/lib/python3.8/site-packages/airflow/example_dags/example_local_kubernetes_executor.py
[2024-04-04T23:25:17.922+0000] {processor.py:840} INFO - DAG(s) 'example_local_kubernetes_executor' retrieved from /home/airflow/.local/lib/python3.8/site-packages/airflow/example_dags/example_local_kubernetes_executor.py
[2024-04-04T23:25:17.994+0000] {logging_mixin.py:188} INFO - [2024-04-04T23:25:17.994+0000] {dag.py:3036} INFO - Sync 1 DAGs
[2024-04-04T23:25:18.018+0000] {logging_mixin.py:188} INFO - [2024-04-04T23:25:18.018+0000] {dag.py:3823} INFO - Setting next_dagrun for example_local_kubernetes_executor to None, run_after=None
[2024-04-04T23:25:18.051+0000] {processor.py:183} INFO - Processing /home/airflow/.local/lib/python3.8/site-packages/airflow/example_dags/example_local_kubernetes_executor.py took 0.153 seconds
[2024-04-04T23:25:48.480+0000] {processor.py:161} INFO - Started process (PID=48906) to work on /home/airflow/.local/lib/python3.8/site-packages/airflow/example_dags/example_local_kubernetes_executor.py
[2024-04-04T23:25:48.491+0000] {processor.py:830} INFO - Processing file /home/airflow/.local/lib/python3.8/site-packages/airflow/example_dags/example_local_kubernetes_executor.py for tasks to queue
[2024-04-04T23:25:48.498+0000] {logging_mixin.py:188} INFO - [2024-04-04T23:25:48.496+0000] {dagbag.py:538} INFO - Filling up the DagBag from /home/airflow/.local/lib/python3.8/site-packages/airflow/example_dags/example_local_kubernetes_executor.py
[2024-04-04T23:25:48.555+0000] {processor.py:840} INFO - DAG(s) 'example_local_kubernetes_executor' retrieved from /home/airflow/.local/lib/python3.8/site-packages/airflow/example_dags/example_local_kubernetes_executor.py
[2024-04-04T23:25:48.799+0000] {logging_mixin.py:188} INFO - [2024-04-04T23:25:48.798+0000] {dag.py:3036} INFO - Sync 1 DAGs
[2024-04-04T23:25:48.887+0000] {logging_mixin.py:188} INFO - [2024-04-04T23:25:48.885+0000] {dag.py:3823} INFO - Setting next_dagrun for example_local_kubernetes_executor to None, run_after=None
[2024-04-04T23:25:49.006+0000] {processor.py:183} INFO - Processing /home/airflow/.local/lib/python3.8/site-packages/airflow/example_dags/example_local_kubernetes_executor.py took 0.567 seconds
[2024-04-04T23:26:19.248+0000] {processor.py:161} INFO - Started process (PID=48965) to work on /home/airflow/.local/lib/python3.8/site-packages/airflow/example_dags/example_local_kubernetes_executor.py
[2024-04-04T23:26:19.253+0000] {processor.py:830} INFO - Processing file /home/airflow/.local/lib/python3.8/site-packages/airflow/example_dags/example_local_kubernetes_executor.py for tasks to queue
[2024-04-04T23:26:19.259+0000] {logging_mixin.py:188} INFO - [2024-04-04T23:26:19.257+0000] {dagbag.py:538} INFO - Filling up the DagBag from /home/airflow/.local/lib/python3.8/site-packages/airflow/example_dags/example_local_kubernetes_executor.py
[2024-04-04T23:26:19.294+0000] {processor.py:840} INFO - DAG(s) 'example_local_kubernetes_executor' retrieved from /home/airflow/.local/lib/python3.8/site-packages/airflow/example_dags/example_local_kubernetes_executor.py
[2024-04-04T23:26:19.482+0000] {logging_mixin.py:188} INFO - [2024-04-04T23:26:19.481+0000] {dag.py:3036} INFO - Sync 1 DAGs
[2024-04-04T23:26:19.563+0000] {logging_mixin.py:188} INFO - [2024-04-04T23:26:19.562+0000] {dag.py:3823} INFO - Setting next_dagrun for example_local_kubernetes_executor to None, run_after=None
[2024-04-04T23:26:19.686+0000] {processor.py:183} INFO - Processing /home/airflow/.local/lib/python3.8/site-packages/airflow/example_dags/example_local_kubernetes_executor.py took 0.461 seconds
[2024-04-04T23:26:49.962+0000] {processor.py:161} INFO - Started process (PID=49025) to work on /home/airflow/.local/lib/python3.8/site-packages/airflow/example_dags/example_local_kubernetes_executor.py
[2024-04-04T23:26:49.965+0000] {processor.py:830} INFO - Processing file /home/airflow/.local/lib/python3.8/site-packages/airflow/example_dags/example_local_kubernetes_executor.py for tasks to queue
[2024-04-04T23:26:49.968+0000] {logging_mixin.py:188} INFO - [2024-04-04T23:26:49.967+0000] {dagbag.py:538} INFO - Filling up the DagBag from /home/airflow/.local/lib/python3.8/site-packages/airflow/example_dags/example_local_kubernetes_executor.py
[2024-04-04T23:26:49.985+0000] {processor.py:840} INFO - DAG(s) 'example_local_kubernetes_executor' retrieved from /home/airflow/.local/lib/python3.8/site-packages/airflow/example_dags/example_local_kubernetes_executor.py
[2024-04-04T23:26:50.071+0000] {logging_mixin.py:188} INFO - [2024-04-04T23:26:50.071+0000] {dag.py:3036} INFO - Sync 1 DAGs
[2024-04-04T23:26:50.101+0000] {logging_mixin.py:188} INFO - [2024-04-04T23:26:50.100+0000] {dag.py:3823} INFO - Setting next_dagrun for example_local_kubernetes_executor to None, run_after=None
[2024-04-04T23:26:50.151+0000] {processor.py:183} INFO - Processing /home/airflow/.local/lib/python3.8/site-packages/airflow/example_dags/example_local_kubernetes_executor.py took 0.198 seconds
[2024-04-04T23:27:21.522+0000] {processor.py:161} INFO - Started process (PID=49086) to work on /home/airflow/.local/lib/python3.8/site-packages/airflow/example_dags/example_local_kubernetes_executor.py
[2024-04-04T23:27:21.527+0000] {processor.py:830} INFO - Processing file /home/airflow/.local/lib/python3.8/site-packages/airflow/example_dags/example_local_kubernetes_executor.py for tasks to queue
[2024-04-04T23:27:21.533+0000] {logging_mixin.py:188} INFO - [2024-04-04T23:27:21.531+0000] {dagbag.py:538} INFO - Filling up the DagBag from /home/airflow/.local/lib/python3.8/site-packages/airflow/example_dags/example_local_kubernetes_executor.py
[2024-04-04T23:27:21.567+0000] {processor.py:840} INFO - DAG(s) 'example_local_kubernetes_executor' retrieved from /home/airflow/.local/lib/python3.8/site-packages/airflow/example_dags/example_local_kubernetes_executor.py
[2024-04-04T23:27:21.741+0000] {logging_mixin.py:188} INFO - [2024-04-04T23:27:21.740+0000] {dag.py:3036} INFO - Sync 1 DAGs
[2024-04-04T23:27:21.810+0000] {logging_mixin.py:188} INFO - [2024-04-04T23:27:21.809+0000] {dag.py:3823} INFO - Setting next_dagrun for example_local_kubernetes_executor to None, run_after=None
[2024-04-04T23:27:21.898+0000] {processor.py:183} INFO - Processing /home/airflow/.local/lib/python3.8/site-packages/airflow/example_dags/example_local_kubernetes_executor.py took 0.391 seconds
[2024-04-04T23:27:52.886+0000] {processor.py:161} INFO - Started process (PID=49146) to work on /home/airflow/.local/lib/python3.8/site-packages/airflow/example_dags/example_local_kubernetes_executor.py
[2024-04-04T23:27:52.889+0000] {processor.py:830} INFO - Processing file /home/airflow/.local/lib/python3.8/site-packages/airflow/example_dags/example_local_kubernetes_executor.py for tasks to queue
[2024-04-04T23:27:52.893+0000] {logging_mixin.py:188} INFO - [2024-04-04T23:27:52.892+0000] {dagbag.py:538} INFO - Filling up the DagBag from /home/airflow/.local/lib/python3.8/site-packages/airflow/example_dags/example_local_kubernetes_executor.py
[2024-04-04T23:27:52.922+0000] {processor.py:840} INFO - DAG(s) 'example_local_kubernetes_executor' retrieved from /home/airflow/.local/lib/python3.8/site-packages/airflow/example_dags/example_local_kubernetes_executor.py
[2024-04-04T23:27:53.064+0000] {logging_mixin.py:188} INFO - [2024-04-04T23:27:53.063+0000] {dag.py:3036} INFO - Sync 1 DAGs
[2024-04-04T23:27:53.114+0000] {logging_mixin.py:188} INFO - [2024-04-04T23:27:53.113+0000] {dag.py:3823} INFO - Setting next_dagrun for example_local_kubernetes_executor to None, run_after=None
[2024-04-04T23:27:53.190+0000] {processor.py:183} INFO - Processing /home/airflow/.local/lib/python3.8/site-packages/airflow/example_dags/example_local_kubernetes_executor.py took 0.317 seconds
[2024-04-04T23:28:25.214+0000] {processor.py:161} INFO - Started process (PID=49207) to work on /home/airflow/.local/lib/python3.8/site-packages/airflow/example_dags/example_local_kubernetes_executor.py
[2024-04-04T23:28:25.219+0000] {processor.py:830} INFO - Processing file /home/airflow/.local/lib/python3.8/site-packages/airflow/example_dags/example_local_kubernetes_executor.py for tasks to queue
[2024-04-04T23:28:25.226+0000] {logging_mixin.py:188} INFO - [2024-04-04T23:28:25.224+0000] {dagbag.py:538} INFO - Filling up the DagBag from /home/airflow/.local/lib/python3.8/site-packages/airflow/example_dags/example_local_kubernetes_executor.py
[2024-04-04T23:28:25.266+0000] {processor.py:840} INFO - DAG(s) 'example_local_kubernetes_executor' retrieved from /home/airflow/.local/lib/python3.8/site-packages/airflow/example_dags/example_local_kubernetes_executor.py
[2024-04-04T23:28:25.494+0000] {logging_mixin.py:188} INFO - [2024-04-04T23:28:25.493+0000] {dag.py:3036} INFO - Sync 1 DAGs
[2024-04-04T23:28:25.611+0000] {logging_mixin.py:188} INFO - [2024-04-04T23:28:25.610+0000] {dag.py:3823} INFO - Setting next_dagrun for example_local_kubernetes_executor to None, run_after=None
[2024-04-04T23:28:25.752+0000] {processor.py:183} INFO - Processing /home/airflow/.local/lib/python3.8/site-packages/airflow/example_dags/example_local_kubernetes_executor.py took 0.559 seconds
[2024-04-04T23:28:55.852+0000] {processor.py:161} INFO - Started process (PID=49266) to work on /home/airflow/.local/lib/python3.8/site-packages/airflow/example_dags/example_local_kubernetes_executor.py
[2024-04-04T23:28:55.854+0000] {processor.py:830} INFO - Processing file /home/airflow/.local/lib/python3.8/site-packages/airflow/example_dags/example_local_kubernetes_executor.py for tasks to queue
[2024-04-04T23:28:55.857+0000] {logging_mixin.py:188} INFO - [2024-04-04T23:28:55.857+0000] {dagbag.py:538} INFO - Filling up the DagBag from /home/airflow/.local/lib/python3.8/site-packages/airflow/example_dags/example_local_kubernetes_executor.py
[2024-04-04T23:28:55.877+0000] {processor.py:840} INFO - DAG(s) 'example_local_kubernetes_executor' retrieved from /home/airflow/.local/lib/python3.8/site-packages/airflow/example_dags/example_local_kubernetes_executor.py
[2024-04-04T23:28:55.969+0000] {logging_mixin.py:188} INFO - [2024-04-04T23:28:55.968+0000] {dag.py:3036} INFO - Sync 1 DAGs
[2024-04-04T23:28:56.022+0000] {logging_mixin.py:188} INFO - [2024-04-04T23:28:56.020+0000] {dag.py:3823} INFO - Setting next_dagrun for example_local_kubernetes_executor to None, run_after=None
[2024-04-04T23:28:56.085+0000] {processor.py:183} INFO - Processing /home/airflow/.local/lib/python3.8/site-packages/airflow/example_dags/example_local_kubernetes_executor.py took 0.242 seconds
[2024-04-04T23:29:26.589+0000] {processor.py:161} INFO - Started process (PID=49326) to work on /home/airflow/.local/lib/python3.8/site-packages/airflow/example_dags/example_local_kubernetes_executor.py
[2024-04-04T23:29:26.592+0000] {processor.py:830} INFO - Processing file /home/airflow/.local/lib/python3.8/site-packages/airflow/example_dags/example_local_kubernetes_executor.py for tasks to queue
[2024-04-04T23:29:26.595+0000] {logging_mixin.py:188} INFO - [2024-04-04T23:29:26.594+0000] {dagbag.py:538} INFO - Filling up the DagBag from /home/airflow/.local/lib/python3.8/site-packages/airflow/example_dags/example_local_kubernetes_executor.py
[2024-04-04T23:29:26.615+0000] {processor.py:840} INFO - DAG(s) 'example_local_kubernetes_executor' retrieved from /home/airflow/.local/lib/python3.8/site-packages/airflow/example_dags/example_local_kubernetes_executor.py
[2024-04-04T23:29:26.715+0000] {logging_mixin.py:188} INFO - [2024-04-04T23:29:26.715+0000] {dag.py:3036} INFO - Sync 1 DAGs
[2024-04-04T23:29:26.753+0000] {logging_mixin.py:188} INFO - [2024-04-04T23:29:26.752+0000] {dag.py:3823} INFO - Setting next_dagrun for example_local_kubernetes_executor to None, run_after=None
[2024-04-04T23:29:26.815+0000] {processor.py:183} INFO - Processing /home/airflow/.local/lib/python3.8/site-packages/airflow/example_dags/example_local_kubernetes_executor.py took 0.235 seconds
[2024-04-04T23:29:57.595+0000] {processor.py:161} INFO - Started process (PID=49386) to work on /home/airflow/.local/lib/python3.8/site-packages/airflow/example_dags/example_local_kubernetes_executor.py
[2024-04-04T23:29:57.599+0000] {processor.py:830} INFO - Processing file /home/airflow/.local/lib/python3.8/site-packages/airflow/example_dags/example_local_kubernetes_executor.py for tasks to queue
[2024-04-04T23:29:57.602+0000] {logging_mixin.py:188} INFO - [2024-04-04T23:29:57.601+0000] {dagbag.py:538} INFO - Filling up the DagBag from /home/airflow/.local/lib/python3.8/site-packages/airflow/example_dags/example_local_kubernetes_executor.py
[2024-04-04T23:29:57.627+0000] {processor.py:840} INFO - DAG(s) 'example_local_kubernetes_executor' retrieved from /home/airflow/.local/lib/python3.8/site-packages/airflow/example_dags/example_local_kubernetes_executor.py
[2024-04-04T23:29:57.746+0000] {logging_mixin.py:188} INFO - [2024-04-04T23:29:57.745+0000] {dag.py:3036} INFO - Sync 1 DAGs
[2024-04-04T23:29:57.785+0000] {logging_mixin.py:188} INFO - [2024-04-04T23:29:57.785+0000] {dag.py:3823} INFO - Setting next_dagrun for example_local_kubernetes_executor to None, run_after=None
[2024-04-04T23:29:57.847+0000] {processor.py:183} INFO - Processing /home/airflow/.local/lib/python3.8/site-packages/airflow/example_dags/example_local_kubernetes_executor.py took 0.265 seconds
[2024-04-04T23:30:33.209+0000] {processor.py:161} INFO - Started process (PID=49446) to work on /home/airflow/.local/lib/python3.8/site-packages/airflow/example_dags/example_local_kubernetes_executor.py
[2024-04-04T23:30:33.216+0000] {processor.py:830} INFO - Processing file /home/airflow/.local/lib/python3.8/site-packages/airflow/example_dags/example_local_kubernetes_executor.py for tasks to queue
[2024-04-04T23:30:33.223+0000] {logging_mixin.py:188} INFO - [2024-04-04T23:30:33.221+0000] {dagbag.py:538} INFO - Filling up the DagBag from /home/airflow/.local/lib/python3.8/site-packages/airflow/example_dags/example_local_kubernetes_executor.py
[2024-04-04T23:30:33.274+0000] {processor.py:840} INFO - DAG(s) 'example_local_kubernetes_executor' retrieved from /home/airflow/.local/lib/python3.8/site-packages/airflow/example_dags/example_local_kubernetes_executor.py
[2024-04-04T23:30:33.497+0000] {logging_mixin.py:188} INFO - [2024-04-04T23:30:33.496+0000] {dag.py:3036} INFO - Sync 1 DAGs
[2024-04-04T23:30:33.562+0000] {logging_mixin.py:188} INFO - [2024-04-04T23:30:33.561+0000] {dag.py:3823} INFO - Setting next_dagrun for example_local_kubernetes_executor to None, run_after=None
[2024-04-04T23:30:33.658+0000] {processor.py:183} INFO - Processing /home/airflow/.local/lib/python3.8/site-packages/airflow/example_dags/example_local_kubernetes_executor.py took 0.475 seconds
[2024-04-04T23:31:03.849+0000] {processor.py:161} INFO - Started process (PID=49507) to work on /home/airflow/.local/lib/python3.8/site-packages/airflow/example_dags/example_local_kubernetes_executor.py
[2024-04-04T23:31:03.856+0000] {processor.py:830} INFO - Processing file /home/airflow/.local/lib/python3.8/site-packages/airflow/example_dags/example_local_kubernetes_executor.py for tasks to queue
[2024-04-04T23:31:03.864+0000] {logging_mixin.py:188} INFO - [2024-04-04T23:31:03.861+0000] {dagbag.py:538} INFO - Filling up the DagBag from /home/airflow/.local/lib/python3.8/site-packages/airflow/example_dags/example_local_kubernetes_executor.py
[2024-04-04T23:31:03.920+0000] {processor.py:840} INFO - DAG(s) 'example_local_kubernetes_executor' retrieved from /home/airflow/.local/lib/python3.8/site-packages/airflow/example_dags/example_local_kubernetes_executor.py
[2024-04-04T23:31:04.170+0000] {logging_mixin.py:188} INFO - [2024-04-04T23:31:04.168+0000] {dag.py:3036} INFO - Sync 1 DAGs
[2024-04-04T23:31:04.276+0000] {logging_mixin.py:188} INFO - [2024-04-04T23:31:04.275+0000] {dag.py:3823} INFO - Setting next_dagrun for example_local_kubernetes_executor to None, run_after=None
[2024-04-04T23:31:04.416+0000] {processor.py:183} INFO - Processing /home/airflow/.local/lib/python3.8/site-packages/airflow/example_dags/example_local_kubernetes_executor.py took 0.588 seconds
[2024-04-04T23:31:34.643+0000] {processor.py:161} INFO - Started process (PID=49567) to work on /home/airflow/.local/lib/python3.8/site-packages/airflow/example_dags/example_local_kubernetes_executor.py
[2024-04-04T23:31:34.646+0000] {processor.py:830} INFO - Processing file /home/airflow/.local/lib/python3.8/site-packages/airflow/example_dags/example_local_kubernetes_executor.py for tasks to queue
[2024-04-04T23:31:34.650+0000] {logging_mixin.py:188} INFO - [2024-04-04T23:31:34.649+0000] {dagbag.py:538} INFO - Filling up the DagBag from /home/airflow/.local/lib/python3.8/site-packages/airflow/example_dags/example_local_kubernetes_executor.py
[2024-04-04T23:31:34.675+0000] {processor.py:840} INFO - DAG(s) 'example_local_kubernetes_executor' retrieved from /home/airflow/.local/lib/python3.8/site-packages/airflow/example_dags/example_local_kubernetes_executor.py
[2024-04-04T23:31:34.792+0000] {logging_mixin.py:188} INFO - [2024-04-04T23:31:34.791+0000] {dag.py:3036} INFO - Sync 1 DAGs
[2024-04-04T23:31:34.832+0000] {logging_mixin.py:188} INFO - [2024-04-04T23:31:34.831+0000] {dag.py:3823} INFO - Setting next_dagrun for example_local_kubernetes_executor to None, run_after=None
[2024-04-04T23:31:34.888+0000] {processor.py:183} INFO - Processing /home/airflow/.local/lib/python3.8/site-packages/airflow/example_dags/example_local_kubernetes_executor.py took 0.255 seconds
