[2024-04-04T20:01:53.385+0000] {processor.py:161} INFO - Started process (PID=43447) to work on /home/airflow/.local/lib/python3.8/site-packages/airflow/example_dags/example_latest_only.py
[2024-04-04T20:01:53.399+0000] {processor.py:830} INFO - Processing file /home/airflow/.local/lib/python3.8/site-packages/airflow/example_dags/example_latest_only.py for tasks to queue
[2024-04-04T20:01:53.401+0000] {logging_mixin.py:188} INFO - [2024-04-04T20:01:53.400+0000] {dagbag.py:538} INFO - Filling up the DagBag from /home/airflow/.local/lib/python3.8/site-packages/airflow/example_dags/example_latest_only.py
[2024-04-04T20:01:53.432+0000] {processor.py:840} INFO - DAG(s) 'latest_only' retrieved from /home/airflow/.local/lib/python3.8/site-packages/airflow/example_dags/example_latest_only.py
[2024-04-04T20:01:53.568+0000] {logging_mixin.py:188} INFO - [2024-04-04T20:01:53.567+0000] {dag.py:3036} INFO - Sync 1 DAGs
[2024-04-04T20:01:53.710+0000] {logging_mixin.py:188} INFO - [2024-04-04T20:01:53.699+0000] {dag.py:3823} INFO - Setting next_dagrun for latest_only to 2024-04-04 16:00:00+00:00, run_after=2024-04-04 20:00:00+00:00
[2024-04-04T20:01:53.873+0000] {processor.py:183} INFO - Processing /home/airflow/.local/lib/python3.8/site-packages/airflow/example_dags/example_latest_only.py took 0.495 seconds
[2024-04-04T18:12:23.427+0000] {processor.py:161} INFO - Started process (PID=46124) to work on /home/airflow/.local/lib/python3.8/site-packages/airflow/example_dags/example_latest_only.py
[2024-04-04T18:12:23.431+0000] {processor.py:830} INFO - Processing file /home/airflow/.local/lib/python3.8/site-packages/airflow/example_dags/example_latest_only.py for tasks to queue
[2024-04-04T18:12:23.434+0000] {logging_mixin.py:188} INFO - [2024-04-04T18:12:23.433+0000] {dagbag.py:538} INFO - Filling up the DagBag from /home/airflow/.local/lib/python3.8/site-packages/airflow/example_dags/example_latest_only.py
[2024-04-04T18:12:23.476+0000] {processor.py:840} INFO - DAG(s) 'latest_only' retrieved from /home/airflow/.local/lib/python3.8/site-packages/airflow/example_dags/example_latest_only.py
[2024-04-04T18:12:23.622+0000] {logging_mixin.py:188} INFO - [2024-04-04T18:12:23.622+0000] {dag.py:3036} INFO - Sync 1 DAGs
[2024-04-04T18:12:23.736+0000] {logging_mixin.py:188} INFO - [2024-04-04T18:12:23.735+0000] {dag.py:3823} INFO - Setting next_dagrun for latest_only to 2024-04-04 12:00:00+00:00, run_after=2024-04-04 16:00:00+00:00
[2024-04-04T18:12:23.860+0000] {processor.py:183} INFO - Processing /home/airflow/.local/lib/python3.8/site-packages/airflow/example_dags/example_latest_only.py took 0.451 seconds
[2024-04-04T18:12:54.323+0000] {processor.py:161} INFO - Started process (PID=46184) to work on /home/airflow/.local/lib/python3.8/site-packages/airflow/example_dags/example_latest_only.py
[2024-04-04T18:12:54.324+0000] {processor.py:830} INFO - Processing file /home/airflow/.local/lib/python3.8/site-packages/airflow/example_dags/example_latest_only.py for tasks to queue
[2024-04-04T18:12:54.325+0000] {logging_mixin.py:188} INFO - [2024-04-04T18:12:54.325+0000] {dagbag.py:538} INFO - Filling up the DagBag from /home/airflow/.local/lib/python3.8/site-packages/airflow/example_dags/example_latest_only.py
[2024-04-04T18:12:54.332+0000] {processor.py:840} INFO - DAG(s) 'latest_only' retrieved from /home/airflow/.local/lib/python3.8/site-packages/airflow/example_dags/example_latest_only.py
[2024-04-04T18:12:54.357+0000] {logging_mixin.py:188} INFO - [2024-04-04T18:12:54.356+0000] {dag.py:3036} INFO - Sync 1 DAGs
[2024-04-04T18:12:54.379+0000] {logging_mixin.py:188} INFO - [2024-04-04T18:12:54.379+0000] {dag.py:3823} INFO - Setting next_dagrun for latest_only to 2024-04-04 12:00:00+00:00, run_after=2024-04-04 16:00:00+00:00
[2024-04-04T18:12:54.402+0000] {processor.py:183} INFO - Processing /home/airflow/.local/lib/python3.8/site-packages/airflow/example_dags/example_latest_only.py took 0.084 seconds
[2024-04-04T18:13:24.841+0000] {processor.py:161} INFO - Started process (PID=46244) to work on /home/airflow/.local/lib/python3.8/site-packages/airflow/example_dags/example_latest_only.py
[2024-04-04T18:13:24.843+0000] {processor.py:830} INFO - Processing file /home/airflow/.local/lib/python3.8/site-packages/airflow/example_dags/example_latest_only.py for tasks to queue
[2024-04-04T18:13:24.844+0000] {logging_mixin.py:188} INFO - [2024-04-04T18:13:24.844+0000] {dagbag.py:538} INFO - Filling up the DagBag from /home/airflow/.local/lib/python3.8/site-packages/airflow/example_dags/example_latest_only.py
[2024-04-04T18:13:24.850+0000] {processor.py:840} INFO - DAG(s) 'latest_only' retrieved from /home/airflow/.local/lib/python3.8/site-packages/airflow/example_dags/example_latest_only.py
[2024-04-04T18:13:24.873+0000] {logging_mixin.py:188} INFO - [2024-04-04T18:13:24.873+0000] {dag.py:3036} INFO - Sync 1 DAGs
[2024-04-04T18:13:24.895+0000] {logging_mixin.py:188} INFO - [2024-04-04T18:13:24.895+0000] {dag.py:3823} INFO - Setting next_dagrun for latest_only to 2024-04-04 12:00:00+00:00, run_after=2024-04-04 16:00:00+00:00
[2024-04-04T18:13:24.921+0000] {processor.py:183} INFO - Processing /home/airflow/.local/lib/python3.8/site-packages/airflow/example_dags/example_latest_only.py took 0.083 seconds
[2024-04-04T18:13:55.336+0000] {processor.py:161} INFO - Started process (PID=46304) to work on /home/airflow/.local/lib/python3.8/site-packages/airflow/example_dags/example_latest_only.py
[2024-04-04T18:13:55.337+0000] {processor.py:830} INFO - Processing file /home/airflow/.local/lib/python3.8/site-packages/airflow/example_dags/example_latest_only.py for tasks to queue
[2024-04-04T18:13:55.338+0000] {logging_mixin.py:188} INFO - [2024-04-04T18:13:55.338+0000] {dagbag.py:538} INFO - Filling up the DagBag from /home/airflow/.local/lib/python3.8/site-packages/airflow/example_dags/example_latest_only.py
[2024-04-04T18:13:55.344+0000] {processor.py:840} INFO - DAG(s) 'latest_only' retrieved from /home/airflow/.local/lib/python3.8/site-packages/airflow/example_dags/example_latest_only.py
[2024-04-04T18:13:55.368+0000] {logging_mixin.py:188} INFO - [2024-04-04T18:13:55.367+0000] {dag.py:3036} INFO - Sync 1 DAGs
[2024-04-04T18:13:55.390+0000] {logging_mixin.py:188} INFO - [2024-04-04T18:13:55.390+0000] {dag.py:3823} INFO - Setting next_dagrun for latest_only to 2024-04-04 12:00:00+00:00, run_after=2024-04-04 16:00:00+00:00
[2024-04-04T18:13:55.423+0000] {processor.py:183} INFO - Processing /home/airflow/.local/lib/python3.8/site-packages/airflow/example_dags/example_latest_only.py took 0.091 seconds
[2024-04-04T18:14:25.660+0000] {processor.py:161} INFO - Started process (PID=46364) to work on /home/airflow/.local/lib/python3.8/site-packages/airflow/example_dags/example_latest_only.py
[2024-04-04T18:14:25.661+0000] {processor.py:830} INFO - Processing file /home/airflow/.local/lib/python3.8/site-packages/airflow/example_dags/example_latest_only.py for tasks to queue
[2024-04-04T18:14:25.663+0000] {logging_mixin.py:188} INFO - [2024-04-04T18:14:25.662+0000] {dagbag.py:538} INFO - Filling up the DagBag from /home/airflow/.local/lib/python3.8/site-packages/airflow/example_dags/example_latest_only.py
[2024-04-04T18:14:25.669+0000] {processor.py:840} INFO - DAG(s) 'latest_only' retrieved from /home/airflow/.local/lib/python3.8/site-packages/airflow/example_dags/example_latest_only.py
[2024-04-04T18:14:25.693+0000] {logging_mixin.py:188} INFO - [2024-04-04T18:14:25.693+0000] {dag.py:3036} INFO - Sync 1 DAGs
[2024-04-04T18:14:25.718+0000] {logging_mixin.py:188} INFO - [2024-04-04T18:14:25.718+0000] {dag.py:3823} INFO - Setting next_dagrun for latest_only to 2024-04-04 12:00:00+00:00, run_after=2024-04-04 16:00:00+00:00
[2024-04-04T18:14:25.755+0000] {processor.py:183} INFO - Processing /home/airflow/.local/lib/python3.8/site-packages/airflow/example_dags/example_latest_only.py took 0.099 seconds
[2024-04-04T18:14:56.624+0000] {processor.py:161} INFO - Started process (PID=46424) to work on /home/airflow/.local/lib/python3.8/site-packages/airflow/example_dags/example_latest_only.py
[2024-04-04T18:14:56.629+0000] {processor.py:830} INFO - Processing file /home/airflow/.local/lib/python3.8/site-packages/airflow/example_dags/example_latest_only.py for tasks to queue
[2024-04-04T18:14:56.637+0000] {logging_mixin.py:188} INFO - [2024-04-04T18:14:56.635+0000] {dagbag.py:538} INFO - Filling up the DagBag from /home/airflow/.local/lib/python3.8/site-packages/airflow/example_dags/example_latest_only.py
[2024-04-04T18:14:56.668+0000] {processor.py:840} INFO - DAG(s) 'latest_only' retrieved from /home/airflow/.local/lib/python3.8/site-packages/airflow/example_dags/example_latest_only.py
[2024-04-04T18:14:56.778+0000] {logging_mixin.py:188} INFO - [2024-04-04T18:14:56.776+0000] {dag.py:3036} INFO - Sync 1 DAGs
[2024-04-04T18:14:56.909+0000] {logging_mixin.py:188} INFO - [2024-04-04T18:14:56.907+0000] {dag.py:3823} INFO - Setting next_dagrun for latest_only to 2024-04-04 12:00:00+00:00, run_after=2024-04-04 16:00:00+00:00
[2024-04-04T18:14:57.028+0000] {processor.py:183} INFO - Processing /home/airflow/.local/lib/python3.8/site-packages/airflow/example_dags/example_latest_only.py took 0.428 seconds
[2024-04-04T18:15:27.396+0000] {processor.py:161} INFO - Started process (PID=46484) to work on /home/airflow/.local/lib/python3.8/site-packages/airflow/example_dags/example_latest_only.py
[2024-04-04T18:15:27.402+0000] {processor.py:830} INFO - Processing file /home/airflow/.local/lib/python3.8/site-packages/airflow/example_dags/example_latest_only.py for tasks to queue
[2024-04-04T18:15:27.407+0000] {logging_mixin.py:188} INFO - [2024-04-04T18:15:27.405+0000] {dagbag.py:538} INFO - Filling up the DagBag from /home/airflow/.local/lib/python3.8/site-packages/airflow/example_dags/example_latest_only.py
[2024-04-04T18:15:27.429+0000] {processor.py:840} INFO - DAG(s) 'latest_only' retrieved from /home/airflow/.local/lib/python3.8/site-packages/airflow/example_dags/example_latest_only.py
[2024-04-04T18:15:27.535+0000] {logging_mixin.py:188} INFO - [2024-04-04T18:15:27.534+0000] {dag.py:3036} INFO - Sync 1 DAGs
[2024-04-04T18:15:27.646+0000] {logging_mixin.py:188} INFO - [2024-04-04T18:15:27.644+0000] {dag.py:3823} INFO - Setting next_dagrun for latest_only to 2024-04-04 12:00:00+00:00, run_after=2024-04-04 16:00:00+00:00
[2024-04-04T18:15:27.775+0000] {processor.py:183} INFO - Processing /home/airflow/.local/lib/python3.8/site-packages/airflow/example_dags/example_latest_only.py took 0.395 seconds
[2024-04-04T18:15:58.633+0000] {processor.py:161} INFO - Started process (PID=46544) to work on /home/airflow/.local/lib/python3.8/site-packages/airflow/example_dags/example_latest_only.py
[2024-04-04T18:15:58.635+0000] {processor.py:830} INFO - Processing file /home/airflow/.local/lib/python3.8/site-packages/airflow/example_dags/example_latest_only.py for tasks to queue
[2024-04-04T18:15:58.637+0000] {logging_mixin.py:188} INFO - [2024-04-04T18:15:58.636+0000] {dagbag.py:538} INFO - Filling up the DagBag from /home/airflow/.local/lib/python3.8/site-packages/airflow/example_dags/example_latest_only.py
[2024-04-04T18:15:58.644+0000] {processor.py:840} INFO - DAG(s) 'latest_only' retrieved from /home/airflow/.local/lib/python3.8/site-packages/airflow/example_dags/example_latest_only.py
[2024-04-04T18:15:58.673+0000] {logging_mixin.py:188} INFO - [2024-04-04T18:15:58.672+0000] {dag.py:3036} INFO - Sync 1 DAGs
[2024-04-04T18:15:58.699+0000] {logging_mixin.py:188} INFO - [2024-04-04T18:15:58.699+0000] {dag.py:3823} INFO - Setting next_dagrun for latest_only to 2024-04-04 12:00:00+00:00, run_after=2024-04-04 16:00:00+00:00
[2024-04-04T18:15:58.725+0000] {processor.py:183} INFO - Processing /home/airflow/.local/lib/python3.8/site-packages/airflow/example_dags/example_latest_only.py took 0.097 seconds
[2024-04-04T18:16:29.239+0000] {processor.py:161} INFO - Started process (PID=46604) to work on /home/airflow/.local/lib/python3.8/site-packages/airflow/example_dags/example_latest_only.py
[2024-04-04T18:16:29.241+0000] {processor.py:830} INFO - Processing file /home/airflow/.local/lib/python3.8/site-packages/airflow/example_dags/example_latest_only.py for tasks to queue
[2024-04-04T18:16:29.243+0000] {logging_mixin.py:188} INFO - [2024-04-04T18:16:29.243+0000] {dagbag.py:538} INFO - Filling up the DagBag from /home/airflow/.local/lib/python3.8/site-packages/airflow/example_dags/example_latest_only.py
[2024-04-04T18:16:29.253+0000] {processor.py:840} INFO - DAG(s) 'latest_only' retrieved from /home/airflow/.local/lib/python3.8/site-packages/airflow/example_dags/example_latest_only.py
[2024-04-04T18:16:29.289+0000] {logging_mixin.py:188} INFO - [2024-04-04T18:16:29.289+0000] {dag.py:3036} INFO - Sync 1 DAGs
[2024-04-04T18:16:29.325+0000] {logging_mixin.py:188} INFO - [2024-04-04T18:16:29.325+0000] {dag.py:3823} INFO - Setting next_dagrun for latest_only to 2024-04-04 12:00:00+00:00, run_after=2024-04-04 16:00:00+00:00
[2024-04-04T18:16:29.360+0000] {processor.py:183} INFO - Processing /home/airflow/.local/lib/python3.8/site-packages/airflow/example_dags/example_latest_only.py took 0.127 seconds
[2024-04-04T18:16:59.523+0000] {processor.py:161} INFO - Started process (PID=46665) to work on /home/airflow/.local/lib/python3.8/site-packages/airflow/example_dags/example_latest_only.py
[2024-04-04T18:16:59.527+0000] {processor.py:830} INFO - Processing file /home/airflow/.local/lib/python3.8/site-packages/airflow/example_dags/example_latest_only.py for tasks to queue
[2024-04-04T18:16:59.531+0000] {logging_mixin.py:188} INFO - [2024-04-04T18:16:59.530+0000] {dagbag.py:538} INFO - Filling up the DagBag from /home/airflow/.local/lib/python3.8/site-packages/airflow/example_dags/example_latest_only.py
[2024-04-04T18:16:59.557+0000] {processor.py:840} INFO - DAG(s) 'latest_only' retrieved from /home/airflow/.local/lib/python3.8/site-packages/airflow/example_dags/example_latest_only.py
[2024-04-04T18:16:59.653+0000] {logging_mixin.py:188} INFO - [2024-04-04T18:16:59.652+0000] {dag.py:3036} INFO - Sync 1 DAGs
[2024-04-04T18:16:59.744+0000] {logging_mixin.py:188} INFO - [2024-04-04T18:16:59.743+0000] {dag.py:3823} INFO - Setting next_dagrun for latest_only to 2024-04-04 12:00:00+00:00, run_after=2024-04-04 16:00:00+00:00
[2024-04-04T18:16:59.825+0000] {processor.py:183} INFO - Processing /home/airflow/.local/lib/python3.8/site-packages/airflow/example_dags/example_latest_only.py took 0.315 seconds
[2024-04-04T18:17:30.154+0000] {processor.py:161} INFO - Started process (PID=46725) to work on /home/airflow/.local/lib/python3.8/site-packages/airflow/example_dags/example_latest_only.py
[2024-04-04T18:17:30.158+0000] {processor.py:830} INFO - Processing file /home/airflow/.local/lib/python3.8/site-packages/airflow/example_dags/example_latest_only.py for tasks to queue
[2024-04-04T18:17:30.163+0000] {logging_mixin.py:188} INFO - [2024-04-04T18:17:30.161+0000] {dagbag.py:538} INFO - Filling up the DagBag from /home/airflow/.local/lib/python3.8/site-packages/airflow/example_dags/example_latest_only.py
[2024-04-04T18:17:30.185+0000] {processor.py:840} INFO - DAG(s) 'latest_only' retrieved from /home/airflow/.local/lib/python3.8/site-packages/airflow/example_dags/example_latest_only.py
[2024-04-04T18:17:30.281+0000] {logging_mixin.py:188} INFO - [2024-04-04T18:17:30.280+0000] {dag.py:3036} INFO - Sync 1 DAGs
[2024-04-04T18:17:30.377+0000] {logging_mixin.py:188} INFO - [2024-04-04T18:17:30.376+0000] {dag.py:3823} INFO - Setting next_dagrun for latest_only to 2024-04-04 12:00:00+00:00, run_after=2024-04-04 16:00:00+00:00
[2024-04-04T18:17:30.471+0000] {processor.py:183} INFO - Processing /home/airflow/.local/lib/python3.8/site-packages/airflow/example_dags/example_latest_only.py took 0.333 seconds
[2024-04-04T18:18:01.497+0000] {processor.py:161} INFO - Started process (PID=46785) to work on /home/airflow/.local/lib/python3.8/site-packages/airflow/example_dags/example_latest_only.py
[2024-04-04T18:18:01.499+0000] {processor.py:830} INFO - Processing file /home/airflow/.local/lib/python3.8/site-packages/airflow/example_dags/example_latest_only.py for tasks to queue
[2024-04-04T18:18:01.501+0000] {logging_mixin.py:188} INFO - [2024-04-04T18:18:01.500+0000] {dagbag.py:538} INFO - Filling up the DagBag from /home/airflow/.local/lib/python3.8/site-packages/airflow/example_dags/example_latest_only.py
[2024-04-04T18:18:01.515+0000] {processor.py:840} INFO - DAG(s) 'latest_only' retrieved from /home/airflow/.local/lib/python3.8/site-packages/airflow/example_dags/example_latest_only.py
[2024-04-04T18:18:01.554+0000] {logging_mixin.py:188} INFO - [2024-04-04T18:18:01.554+0000] {dag.py:3036} INFO - Sync 1 DAGs
[2024-04-04T18:18:01.597+0000] {logging_mixin.py:188} INFO - [2024-04-04T18:18:01.596+0000] {dag.py:3823} INFO - Setting next_dagrun for latest_only to 2024-04-04 12:00:00+00:00, run_after=2024-04-04 16:00:00+00:00
[2024-04-04T18:18:01.644+0000] {processor.py:183} INFO - Processing /home/airflow/.local/lib/python3.8/site-packages/airflow/example_dags/example_latest_only.py took 0.152 seconds
[2024-04-04T18:18:31.877+0000] {processor.py:161} INFO - Started process (PID=46845) to work on /home/airflow/.local/lib/python3.8/site-packages/airflow/example_dags/example_latest_only.py
[2024-04-04T18:18:31.880+0000] {processor.py:830} INFO - Processing file /home/airflow/.local/lib/python3.8/site-packages/airflow/example_dags/example_latest_only.py for tasks to queue
[2024-04-04T18:18:31.883+0000] {logging_mixin.py:188} INFO - [2024-04-04T18:18:31.882+0000] {dagbag.py:538} INFO - Filling up the DagBag from /home/airflow/.local/lib/python3.8/site-packages/airflow/example_dags/example_latest_only.py
[2024-04-04T18:18:31.900+0000] {processor.py:840} INFO - DAG(s) 'latest_only' retrieved from /home/airflow/.local/lib/python3.8/site-packages/airflow/example_dags/example_latest_only.py
[2024-04-04T18:18:31.963+0000] {logging_mixin.py:188} INFO - [2024-04-04T18:18:31.962+0000] {dag.py:3036} INFO - Sync 1 DAGs
[2024-04-04T18:18:32.031+0000] {logging_mixin.py:188} INFO - [2024-04-04T18:18:32.030+0000] {dag.py:3823} INFO - Setting next_dagrun for latest_only to 2024-04-04 12:00:00+00:00, run_after=2024-04-04 16:00:00+00:00
[2024-04-04T18:18:32.090+0000] {processor.py:183} INFO - Processing /home/airflow/.local/lib/python3.8/site-packages/airflow/example_dags/example_latest_only.py took 0.222 seconds
[2024-04-04T18:19:02.613+0000] {processor.py:161} INFO - Started process (PID=46905) to work on /home/airflow/.local/lib/python3.8/site-packages/airflow/example_dags/example_latest_only.py
[2024-04-04T18:19:02.617+0000] {processor.py:830} INFO - Processing file /home/airflow/.local/lib/python3.8/site-packages/airflow/example_dags/example_latest_only.py for tasks to queue
[2024-04-04T18:19:02.622+0000] {logging_mixin.py:188} INFO - [2024-04-04T18:19:02.620+0000] {dagbag.py:538} INFO - Filling up the DagBag from /home/airflow/.local/lib/python3.8/site-packages/airflow/example_dags/example_latest_only.py
[2024-04-04T18:19:02.650+0000] {processor.py:840} INFO - DAG(s) 'latest_only' retrieved from /home/airflow/.local/lib/python3.8/site-packages/airflow/example_dags/example_latest_only.py
[2024-04-04T18:19:02.744+0000] {logging_mixin.py:188} INFO - [2024-04-04T18:19:02.743+0000] {dag.py:3036} INFO - Sync 1 DAGs
[2024-04-04T18:19:02.858+0000] {logging_mixin.py:188} INFO - [2024-04-04T18:19:02.856+0000] {dag.py:3823} INFO - Setting next_dagrun for latest_only to 2024-04-04 12:00:00+00:00, run_after=2024-04-04 16:00:00+00:00
[2024-04-04T18:19:02.966+0000] {processor.py:183} INFO - Processing /home/airflow/.local/lib/python3.8/site-packages/airflow/example_dags/example_latest_only.py took 0.369 seconds
[2024-04-04T18:19:33.434+0000] {processor.py:161} INFO - Started process (PID=46965) to work on /home/airflow/.local/lib/python3.8/site-packages/airflow/example_dags/example_latest_only.py
[2024-04-04T18:19:33.440+0000] {processor.py:830} INFO - Processing file /home/airflow/.local/lib/python3.8/site-packages/airflow/example_dags/example_latest_only.py for tasks to queue
[2024-04-04T18:19:33.447+0000] {logging_mixin.py:188} INFO - [2024-04-04T18:19:33.445+0000] {dagbag.py:538} INFO - Filling up the DagBag from /home/airflow/.local/lib/python3.8/site-packages/airflow/example_dags/example_latest_only.py
[2024-04-04T18:19:33.509+0000] {processor.py:840} INFO - DAG(s) 'latest_only' retrieved from /home/airflow/.local/lib/python3.8/site-packages/airflow/example_dags/example_latest_only.py
[2024-04-04T18:19:33.675+0000] {logging_mixin.py:188} INFO - [2024-04-04T18:19:33.673+0000] {dag.py:3036} INFO - Sync 1 DAGs
[2024-04-04T18:19:33.830+0000] {logging_mixin.py:188} INFO - [2024-04-04T18:19:33.828+0000] {dag.py:3823} INFO - Setting next_dagrun for latest_only to 2024-04-04 12:00:00+00:00, run_after=2024-04-04 16:00:00+00:00
[2024-04-04T18:19:33.957+0000] {processor.py:183} INFO - Processing /home/airflow/.local/lib/python3.8/site-packages/airflow/example_dags/example_latest_only.py took 0.548 seconds
[2024-04-04T18:20:04.161+0000] {processor.py:161} INFO - Started process (PID=47024) to work on /home/airflow/.local/lib/python3.8/site-packages/airflow/example_dags/example_latest_only.py
[2024-04-04T18:20:04.165+0000] {processor.py:830} INFO - Processing file /home/airflow/.local/lib/python3.8/site-packages/airflow/example_dags/example_latest_only.py for tasks to queue
[2024-04-04T18:20:04.170+0000] {logging_mixin.py:188} INFO - [2024-04-04T18:20:04.169+0000] {dagbag.py:538} INFO - Filling up the DagBag from /home/airflow/.local/lib/python3.8/site-packages/airflow/example_dags/example_latest_only.py
[2024-04-04T18:20:04.193+0000] {processor.py:840} INFO - DAG(s) 'latest_only' retrieved from /home/airflow/.local/lib/python3.8/site-packages/airflow/example_dags/example_latest_only.py
[2024-04-04T18:20:04.274+0000] {logging_mixin.py:188} INFO - [2024-04-04T18:20:04.273+0000] {dag.py:3036} INFO - Sync 1 DAGs
[2024-04-04T18:20:04.347+0000] {logging_mixin.py:188} INFO - [2024-04-04T18:20:04.346+0000] {dag.py:3823} INFO - Setting next_dagrun for latest_only to 2024-04-04 12:00:00+00:00, run_after=2024-04-04 16:00:00+00:00
[2024-04-04T18:20:04.426+0000] {processor.py:183} INFO - Processing /home/airflow/.local/lib/python3.8/site-packages/airflow/example_dags/example_latest_only.py took 0.282 seconds
[2024-04-04T18:20:34.701+0000] {processor.py:161} INFO - Started process (PID=47082) to work on /home/airflow/.local/lib/python3.8/site-packages/airflow/example_dags/example_latest_only.py
[2024-04-04T18:20:34.704+0000] {processor.py:830} INFO - Processing file /home/airflow/.local/lib/python3.8/site-packages/airflow/example_dags/example_latest_only.py for tasks to queue
[2024-04-04T18:20:34.707+0000] {logging_mixin.py:188} INFO - [2024-04-04T18:20:34.706+0000] {dagbag.py:538} INFO - Filling up the DagBag from /home/airflow/.local/lib/python3.8/site-packages/airflow/example_dags/example_latest_only.py
[2024-04-04T18:20:34.722+0000] {processor.py:840} INFO - DAG(s) 'latest_only' retrieved from /home/airflow/.local/lib/python3.8/site-packages/airflow/example_dags/example_latest_only.py
[2024-04-04T18:20:34.773+0000] {logging_mixin.py:188} INFO - [2024-04-04T18:20:34.772+0000] {dag.py:3036} INFO - Sync 1 DAGs
[2024-04-04T18:20:34.826+0000] {logging_mixin.py:188} INFO - [2024-04-04T18:20:34.825+0000] {dag.py:3823} INFO - Setting next_dagrun for latest_only to 2024-04-04 12:00:00+00:00, run_after=2024-04-04 16:00:00+00:00
[2024-04-04T18:20:34.881+0000] {processor.py:183} INFO - Processing /home/airflow/.local/lib/python3.8/site-packages/airflow/example_dags/example_latest_only.py took 0.189 seconds
[2024-04-04T18:21:05.278+0000] {processor.py:161} INFO - Started process (PID=47142) to work on /home/airflow/.local/lib/python3.8/site-packages/airflow/example_dags/example_latest_only.py
[2024-04-04T18:21:05.281+0000] {processor.py:830} INFO - Processing file /home/airflow/.local/lib/python3.8/site-packages/airflow/example_dags/example_latest_only.py for tasks to queue
[2024-04-04T18:21:05.284+0000] {logging_mixin.py:188} INFO - [2024-04-04T18:21:05.284+0000] {dagbag.py:538} INFO - Filling up the DagBag from /home/airflow/.local/lib/python3.8/site-packages/airflow/example_dags/example_latest_only.py
[2024-04-04T18:21:05.301+0000] {processor.py:840} INFO - DAG(s) 'latest_only' retrieved from /home/airflow/.local/lib/python3.8/site-packages/airflow/example_dags/example_latest_only.py
[2024-04-04T18:21:05.362+0000] {logging_mixin.py:188} INFO - [2024-04-04T18:21:05.361+0000] {dag.py:3036} INFO - Sync 1 DAGs
[2024-04-04T18:21:05.424+0000] {logging_mixin.py:188} INFO - [2024-04-04T18:21:05.423+0000] {dag.py:3823} INFO - Setting next_dagrun for latest_only to 2024-04-04 12:00:00+00:00, run_after=2024-04-04 16:00:00+00:00
[2024-04-04T18:21:05.491+0000] {processor.py:183} INFO - Processing /home/airflow/.local/lib/python3.8/site-packages/airflow/example_dags/example_latest_only.py took 0.223 seconds
[2024-04-04T18:21:36.544+0000] {processor.py:161} INFO - Started process (PID=47202) to work on /home/airflow/.local/lib/python3.8/site-packages/airflow/example_dags/example_latest_only.py
[2024-04-04T18:21:36.551+0000] {processor.py:830} INFO - Processing file /home/airflow/.local/lib/python3.8/site-packages/airflow/example_dags/example_latest_only.py for tasks to queue
[2024-04-04T18:21:36.561+0000] {logging_mixin.py:188} INFO - [2024-04-04T18:21:36.558+0000] {dagbag.py:538} INFO - Filling up the DagBag from /home/airflow/.local/lib/python3.8/site-packages/airflow/example_dags/example_latest_only.py
[2024-04-04T18:21:36.637+0000] {processor.py:840} INFO - DAG(s) 'latest_only' retrieved from /home/airflow/.local/lib/python3.8/site-packages/airflow/example_dags/example_latest_only.py
[2024-04-04T18:21:36.920+0000] {logging_mixin.py:188} INFO - [2024-04-04T18:21:36.918+0000] {dag.py:3036} INFO - Sync 1 DAGs
[2024-04-04T18:21:37.118+0000] {logging_mixin.py:188} INFO - [2024-04-04T18:21:37.116+0000] {dag.py:3823} INFO - Setting next_dagrun for latest_only to 2024-04-04 12:00:00+00:00, run_after=2024-04-04 16:00:00+00:00
[2024-04-04T18:21:37.270+0000] {processor.py:183} INFO - Processing /home/airflow/.local/lib/python3.8/site-packages/airflow/example_dags/example_latest_only.py took 0.759 seconds
[2024-04-04T18:22:08.196+0000] {processor.py:161} INFO - Started process (PID=47263) to work on /home/airflow/.local/lib/python3.8/site-packages/airflow/example_dags/example_latest_only.py
[2024-04-04T18:22:08.201+0000] {processor.py:830} INFO - Processing file /home/airflow/.local/lib/python3.8/site-packages/airflow/example_dags/example_latest_only.py for tasks to queue
[2024-04-04T18:22:08.204+0000] {logging_mixin.py:188} INFO - [2024-04-04T18:22:08.203+0000] {dagbag.py:538} INFO - Filling up the DagBag from /home/airflow/.local/lib/python3.8/site-packages/airflow/example_dags/example_latest_only.py
[2024-04-04T18:22:08.228+0000] {processor.py:840} INFO - DAG(s) 'latest_only' retrieved from /home/airflow/.local/lib/python3.8/site-packages/airflow/example_dags/example_latest_only.py
[2024-04-04T18:22:08.311+0000] {logging_mixin.py:188} INFO - [2024-04-04T18:22:08.310+0000] {dag.py:3036} INFO - Sync 1 DAGs
[2024-04-04T18:22:08.390+0000] {logging_mixin.py:188} INFO - [2024-04-04T18:22:08.389+0000] {dag.py:3823} INFO - Setting next_dagrun for latest_only to 2024-04-04 12:00:00+00:00, run_after=2024-04-04 16:00:00+00:00
[2024-04-04T18:22:08.480+0000] {processor.py:183} INFO - Processing /home/airflow/.local/lib/python3.8/site-packages/airflow/example_dags/example_latest_only.py took 0.300 seconds
[2024-04-04T18:22:38.565+0000] {processor.py:161} INFO - Started process (PID=47322) to work on /home/airflow/.local/lib/python3.8/site-packages/airflow/example_dags/example_latest_only.py
[2024-04-04T18:22:38.567+0000] {processor.py:830} INFO - Processing file /home/airflow/.local/lib/python3.8/site-packages/airflow/example_dags/example_latest_only.py for tasks to queue
[2024-04-04T18:22:38.568+0000] {logging_mixin.py:188} INFO - [2024-04-04T18:22:38.568+0000] {dagbag.py:538} INFO - Filling up the DagBag from /home/airflow/.local/lib/python3.8/site-packages/airflow/example_dags/example_latest_only.py
[2024-04-04T18:22:38.578+0000] {processor.py:840} INFO - DAG(s) 'latest_only' retrieved from /home/airflow/.local/lib/python3.8/site-packages/airflow/example_dags/example_latest_only.py
[2024-04-04T18:22:38.613+0000] {logging_mixin.py:188} INFO - [2024-04-04T18:22:38.612+0000] {dag.py:3036} INFO - Sync 1 DAGs
[2024-04-04T18:22:38.647+0000] {logging_mixin.py:188} INFO - [2024-04-04T18:22:38.646+0000] {dag.py:3823} INFO - Setting next_dagrun for latest_only to 2024-04-04 12:00:00+00:00, run_after=2024-04-04 16:00:00+00:00
[2024-04-04T18:22:38.678+0000] {processor.py:183} INFO - Processing /home/airflow/.local/lib/python3.8/site-packages/airflow/example_dags/example_latest_only.py took 0.120 seconds
[2024-04-04T18:23:09.548+0000] {processor.py:161} INFO - Started process (PID=47383) to work on /home/airflow/.local/lib/python3.8/site-packages/airflow/example_dags/example_latest_only.py
[2024-04-04T18:23:09.550+0000] {processor.py:830} INFO - Processing file /home/airflow/.local/lib/python3.8/site-packages/airflow/example_dags/example_latest_only.py for tasks to queue
[2024-04-04T18:23:09.551+0000] {logging_mixin.py:188} INFO - [2024-04-04T18:23:09.551+0000] {dagbag.py:538} INFO - Filling up the DagBag from /home/airflow/.local/lib/python3.8/site-packages/airflow/example_dags/example_latest_only.py
[2024-04-04T18:23:09.561+0000] {processor.py:840} INFO - DAG(s) 'latest_only' retrieved from /home/airflow/.local/lib/python3.8/site-packages/airflow/example_dags/example_latest_only.py
[2024-04-04T18:23:09.597+0000] {logging_mixin.py:188} INFO - [2024-04-04T18:23:09.597+0000] {dag.py:3036} INFO - Sync 1 DAGs
[2024-04-04T18:23:09.632+0000] {logging_mixin.py:188} INFO - [2024-04-04T18:23:09.631+0000] {dag.py:3823} INFO - Setting next_dagrun for latest_only to 2024-04-04 12:00:00+00:00, run_after=2024-04-04 16:00:00+00:00
[2024-04-04T18:23:09.664+0000] {processor.py:183} INFO - Processing /home/airflow/.local/lib/python3.8/site-packages/airflow/example_dags/example_latest_only.py took 0.123 seconds
[2024-04-04T18:23:40.029+0000] {processor.py:161} INFO - Started process (PID=47443) to work on /home/airflow/.local/lib/python3.8/site-packages/airflow/example_dags/example_latest_only.py
[2024-04-04T18:23:40.034+0000] {processor.py:830} INFO - Processing file /home/airflow/.local/lib/python3.8/site-packages/airflow/example_dags/example_latest_only.py for tasks to queue
[2024-04-04T18:23:40.040+0000] {logging_mixin.py:188} INFO - [2024-04-04T18:23:40.039+0000] {dagbag.py:538} INFO - Filling up the DagBag from /home/airflow/.local/lib/python3.8/site-packages/airflow/example_dags/example_latest_only.py
[2024-04-04T18:23:40.074+0000] {processor.py:840} INFO - DAG(s) 'latest_only' retrieved from /home/airflow/.local/lib/python3.8/site-packages/airflow/example_dags/example_latest_only.py
[2024-04-04T18:23:40.186+0000] {logging_mixin.py:188} INFO - [2024-04-04T18:23:40.185+0000] {dag.py:3036} INFO - Sync 1 DAGs
[2024-04-04T18:23:40.309+0000] {logging_mixin.py:188} INFO - [2024-04-04T18:23:40.307+0000] {dag.py:3823} INFO - Setting next_dagrun for latest_only to 2024-04-04 12:00:00+00:00, run_after=2024-04-04 16:00:00+00:00
[2024-04-04T18:23:40.392+0000] {processor.py:183} INFO - Processing /home/airflow/.local/lib/python3.8/site-packages/airflow/example_dags/example_latest_only.py took 0.384 seconds
[2024-04-04T19:14:38.070+0000] {processor.py:161} INFO - Started process (PID=47492) to work on /home/airflow/.local/lib/python3.8/site-packages/airflow/example_dags/example_latest_only.py
[2024-04-04T19:14:38.076+0000] {processor.py:830} INFO - Processing file /home/airflow/.local/lib/python3.8/site-packages/airflow/example_dags/example_latest_only.py for tasks to queue
[2024-04-04T19:14:38.084+0000] {logging_mixin.py:188} INFO - [2024-04-04T19:14:38.082+0000] {dagbag.py:538} INFO - Filling up the DagBag from /home/airflow/.local/lib/python3.8/site-packages/airflow/example_dags/example_latest_only.py
[2024-04-04T19:14:38.126+0000] {processor.py:840} INFO - DAG(s) 'latest_only' retrieved from /home/airflow/.local/lib/python3.8/site-packages/airflow/example_dags/example_latest_only.py
[2024-04-04T19:14:38.314+0000] {logging_mixin.py:188} INFO - [2024-04-04T19:14:38.312+0000] {dag.py:3036} INFO - Sync 1 DAGs
[2024-04-04T19:14:38.454+0000] {logging_mixin.py:188} INFO - [2024-04-04T19:14:38.453+0000] {dag.py:3823} INFO - Setting next_dagrun for latest_only to 2024-04-04 12:00:00+00:00, run_after=2024-04-04 16:00:00+00:00
[2024-04-04T19:14:38.562+0000] {processor.py:183} INFO - Processing /home/airflow/.local/lib/python3.8/site-packages/airflow/example_dags/example_latest_only.py took 0.516 seconds
[2024-04-04T19:15:08.930+0000] {processor.py:161} INFO - Started process (PID=47552) to work on /home/airflow/.local/lib/python3.8/site-packages/airflow/example_dags/example_latest_only.py
[2024-04-04T19:15:08.932+0000] {processor.py:830} INFO - Processing file /home/airflow/.local/lib/python3.8/site-packages/airflow/example_dags/example_latest_only.py for tasks to queue
[2024-04-04T19:15:08.934+0000] {logging_mixin.py:188} INFO - [2024-04-04T19:15:08.934+0000] {dagbag.py:538} INFO - Filling up the DagBag from /home/airflow/.local/lib/python3.8/site-packages/airflow/example_dags/example_latest_only.py
[2024-04-04T19:15:08.946+0000] {processor.py:840} INFO - DAG(s) 'latest_only' retrieved from /home/airflow/.local/lib/python3.8/site-packages/airflow/example_dags/example_latest_only.py
[2024-04-04T19:15:08.987+0000] {logging_mixin.py:188} INFO - [2024-04-04T19:15:08.987+0000] {dag.py:3036} INFO - Sync 1 DAGs
[2024-04-04T19:15:09.026+0000] {logging_mixin.py:188} INFO - [2024-04-04T19:15:09.025+0000] {dag.py:3823} INFO - Setting next_dagrun for latest_only to 2024-04-04 12:00:00+00:00, run_after=2024-04-04 16:00:00+00:00
[2024-04-04T19:15:09.061+0000] {processor.py:183} INFO - Processing /home/airflow/.local/lib/python3.8/site-packages/airflow/example_dags/example_latest_only.py took 0.139 seconds
[2024-04-04T23:14:22.753+0000] {processor.py:161} INFO - Started process (PID=47644) to work on /home/airflow/.local/lib/python3.8/site-packages/airflow/example_dags/example_latest_only.py
[2024-04-04T23:14:22.816+0000] {processor.py:830} INFO - Processing file /home/airflow/.local/lib/python3.8/site-packages/airflow/example_dags/example_latest_only.py for tasks to queue
[2024-04-04T23:14:22.946+0000] {logging_mixin.py:188} INFO - [2024-04-04T23:14:22.866+0000] {dagbag.py:538} INFO - Filling up the DagBag from /home/airflow/.local/lib/python3.8/site-packages/airflow/example_dags/example_latest_only.py
[2024-04-04T23:14:23.251+0000] {processor.py:840} INFO - DAG(s) 'latest_only' retrieved from /home/airflow/.local/lib/python3.8/site-packages/airflow/example_dags/example_latest_only.py
[2024-04-04T23:14:23.879+0000] {logging_mixin.py:188} INFO - [2024-04-04T23:14:23.877+0000] {dag.py:3036} INFO - Sync 1 DAGs
[2024-04-04T23:14:24.332+0000] {logging_mixin.py:188} INFO - [2024-04-04T23:14:24.330+0000] {dag.py:3823} INFO - Setting next_dagrun for latest_only to 2024-04-04 16:00:00+00:00, run_after=2024-04-04 20:00:00+00:00
[2024-04-04T23:14:27.617+0000] {processor.py:183} INFO - Processing /home/airflow/.local/lib/python3.8/site-packages/airflow/example_dags/example_latest_only.py took 4.995 seconds
[2024-04-04T23:15:33.538+0000] {processor.py:161} INFO - Started process (PID=47710) to work on /home/airflow/.local/lib/python3.8/site-packages/airflow/example_dags/example_latest_only.py
[2024-04-04T23:15:33.556+0000] {processor.py:830} INFO - Processing file /home/airflow/.local/lib/python3.8/site-packages/airflow/example_dags/example_latest_only.py for tasks to queue
[2024-04-04T23:15:33.585+0000] {logging_mixin.py:188} INFO - [2024-04-04T23:15:33.573+0000] {dagbag.py:538} INFO - Filling up the DagBag from /home/airflow/.local/lib/python3.8/site-packages/airflow/example_dags/example_latest_only.py
[2024-04-04T23:15:33.704+0000] {processor.py:840} INFO - DAG(s) 'latest_only' retrieved from /home/airflow/.local/lib/python3.8/site-packages/airflow/example_dags/example_latest_only.py
[2024-04-04T23:15:34.129+0000] {logging_mixin.py:188} INFO - [2024-04-04T23:15:34.118+0000] {dag.py:3036} INFO - Sync 1 DAGs
[2024-04-04T23:15:34.630+0000] {logging_mixin.py:188} INFO - [2024-04-04T23:15:34.628+0000] {dag.py:3823} INFO - Setting next_dagrun for latest_only to 2024-04-04 16:00:00+00:00, run_after=2024-04-04 20:00:00+00:00
[2024-04-04T23:15:34.774+0000] {processor.py:183} INFO - Processing /home/airflow/.local/lib/python3.8/site-packages/airflow/example_dags/example_latest_only.py took 1.292 seconds
[2024-04-04T23:16:06.384+0000] {processor.py:161} INFO - Started process (PID=47770) to work on /home/airflow/.local/lib/python3.8/site-packages/airflow/example_dags/example_latest_only.py
[2024-04-04T23:16:06.390+0000] {processor.py:830} INFO - Processing file /home/airflow/.local/lib/python3.8/site-packages/airflow/example_dags/example_latest_only.py for tasks to queue
[2024-04-04T23:16:06.396+0000] {logging_mixin.py:188} INFO - [2024-04-04T23:16:06.395+0000] {dagbag.py:538} INFO - Filling up the DagBag from /home/airflow/.local/lib/python3.8/site-packages/airflow/example_dags/example_latest_only.py
[2024-04-04T23:16:06.434+0000] {processor.py:840} INFO - DAG(s) 'latest_only' retrieved from /home/airflow/.local/lib/python3.8/site-packages/airflow/example_dags/example_latest_only.py
[2024-04-04T23:16:06.587+0000] {logging_mixin.py:188} INFO - [2024-04-04T23:16:06.585+0000] {dag.py:3036} INFO - Sync 1 DAGs
[2024-04-04T23:16:06.762+0000] {logging_mixin.py:188} INFO - [2024-04-04T23:16:06.761+0000] {dag.py:3823} INFO - Setting next_dagrun for latest_only to 2024-04-04 16:00:00+00:00, run_after=2024-04-04 20:00:00+00:00
[2024-04-04T23:16:06.867+0000] {processor.py:183} INFO - Processing /home/airflow/.local/lib/python3.8/site-packages/airflow/example_dags/example_latest_only.py took 0.506 seconds
[2024-04-04T23:16:37.055+0000] {processor.py:161} INFO - Started process (PID=47830) to work on /home/airflow/.local/lib/python3.8/site-packages/airflow/example_dags/example_latest_only.py
[2024-04-04T23:16:37.059+0000] {processor.py:830} INFO - Processing file /home/airflow/.local/lib/python3.8/site-packages/airflow/example_dags/example_latest_only.py for tasks to queue
[2024-04-04T23:16:37.062+0000] {logging_mixin.py:188} INFO - [2024-04-04T23:16:37.061+0000] {dagbag.py:538} INFO - Filling up the DagBag from /home/airflow/.local/lib/python3.8/site-packages/airflow/example_dags/example_latest_only.py
[2024-04-04T23:16:37.088+0000] {processor.py:840} INFO - DAG(s) 'latest_only' retrieved from /home/airflow/.local/lib/python3.8/site-packages/airflow/example_dags/example_latest_only.py
[2024-04-04T23:16:37.521+0000] {logging_mixin.py:188} INFO - [2024-04-04T23:16:37.520+0000] {dag.py:3036} INFO - Sync 1 DAGs
[2024-04-04T23:16:37.586+0000] {logging_mixin.py:188} INFO - [2024-04-04T23:16:37.585+0000] {dag.py:3823} INFO - Setting next_dagrun for latest_only to 2024-04-04 16:00:00+00:00, run_after=2024-04-04 20:00:00+00:00
[2024-04-04T23:16:37.640+0000] {processor.py:183} INFO - Processing /home/airflow/.local/lib/python3.8/site-packages/airflow/example_dags/example_latest_only.py took 0.595 seconds
[2024-04-04T23:17:08.408+0000] {processor.py:161} INFO - Started process (PID=47890) to work on /home/airflow/.local/lib/python3.8/site-packages/airflow/example_dags/example_latest_only.py
[2024-04-04T23:17:08.411+0000] {processor.py:830} INFO - Processing file /home/airflow/.local/lib/python3.8/site-packages/airflow/example_dags/example_latest_only.py for tasks to queue
[2024-04-04T23:17:08.413+0000] {logging_mixin.py:188} INFO - [2024-04-04T23:17:08.412+0000] {dagbag.py:538} INFO - Filling up the DagBag from /home/airflow/.local/lib/python3.8/site-packages/airflow/example_dags/example_latest_only.py
[2024-04-04T23:17:08.427+0000] {processor.py:840} INFO - DAG(s) 'latest_only' retrieved from /home/airflow/.local/lib/python3.8/site-packages/airflow/example_dags/example_latest_only.py
[2024-04-04T23:17:08.475+0000] {logging_mixin.py:188} INFO - [2024-04-04T23:17:08.475+0000] {dag.py:3036} INFO - Sync 1 DAGs
[2024-04-04T23:17:08.527+0000] {logging_mixin.py:188} INFO - [2024-04-04T23:17:08.526+0000] {dag.py:3823} INFO - Setting next_dagrun for latest_only to 2024-04-04 16:00:00+00:00, run_after=2024-04-04 20:00:00+00:00
[2024-04-04T23:17:08.567+0000] {processor.py:183} INFO - Processing /home/airflow/.local/lib/python3.8/site-packages/airflow/example_dags/example_latest_only.py took 0.168 seconds
[2024-04-04T23:17:39.358+0000] {processor.py:161} INFO - Started process (PID=47950) to work on /home/airflow/.local/lib/python3.8/site-packages/airflow/example_dags/example_latest_only.py
[2024-04-04T23:17:39.363+0000] {processor.py:830} INFO - Processing file /home/airflow/.local/lib/python3.8/site-packages/airflow/example_dags/example_latest_only.py for tasks to queue
[2024-04-04T23:17:39.369+0000] {logging_mixin.py:188} INFO - [2024-04-04T23:17:39.368+0000] {dagbag.py:538} INFO - Filling up the DagBag from /home/airflow/.local/lib/python3.8/site-packages/airflow/example_dags/example_latest_only.py
[2024-04-04T23:17:39.406+0000] {processor.py:840} INFO - DAG(s) 'latest_only' retrieved from /home/airflow/.local/lib/python3.8/site-packages/airflow/example_dags/example_latest_only.py
[2024-04-04T23:17:39.541+0000] {logging_mixin.py:188} INFO - [2024-04-04T23:17:39.539+0000] {dag.py:3036} INFO - Sync 1 DAGs
[2024-04-04T23:17:39.695+0000] {logging_mixin.py:188} INFO - [2024-04-04T23:17:39.693+0000] {dag.py:3823} INFO - Setting next_dagrun for latest_only to 2024-04-04 16:00:00+00:00, run_after=2024-04-04 20:00:00+00:00
[2024-04-04T23:17:39.933+0000] {processor.py:183} INFO - Processing /home/airflow/.local/lib/python3.8/site-packages/airflow/example_dags/example_latest_only.py took 0.595 seconds
[2024-04-04T23:18:10.177+0000] {processor.py:161} INFO - Started process (PID=48016) to work on /home/airflow/.local/lib/python3.8/site-packages/airflow/example_dags/example_latest_only.py
[2024-04-04T23:18:10.180+0000] {processor.py:830} INFO - Processing file /home/airflow/.local/lib/python3.8/site-packages/airflow/example_dags/example_latest_only.py for tasks to queue
[2024-04-04T23:18:10.183+0000] {logging_mixin.py:188} INFO - [2024-04-04T23:18:10.183+0000] {dagbag.py:538} INFO - Filling up the DagBag from /home/airflow/.local/lib/python3.8/site-packages/airflow/example_dags/example_latest_only.py
[2024-04-04T23:18:10.203+0000] {processor.py:840} INFO - DAG(s) 'latest_only' retrieved from /home/airflow/.local/lib/python3.8/site-packages/airflow/example_dags/example_latest_only.py
[2024-04-04T23:18:10.265+0000] {logging_mixin.py:188} INFO - [2024-04-04T23:18:10.264+0000] {dag.py:3036} INFO - Sync 1 DAGs
[2024-04-04T23:18:10.364+0000] {logging_mixin.py:188} INFO - [2024-04-04T23:18:10.363+0000] {dag.py:3823} INFO - Setting next_dagrun for latest_only to 2024-04-04 16:00:00+00:00, run_after=2024-04-04 20:00:00+00:00
[2024-04-04T23:18:10.421+0000] {processor.py:183} INFO - Processing /home/airflow/.local/lib/python3.8/site-packages/airflow/example_dags/example_latest_only.py took 0.265 seconds
[2024-04-04T23:18:41.152+0000] {processor.py:161} INFO - Started process (PID=48077) to work on /home/airflow/.local/lib/python3.8/site-packages/airflow/example_dags/example_latest_only.py
[2024-04-04T23:18:41.156+0000] {processor.py:830} INFO - Processing file /home/airflow/.local/lib/python3.8/site-packages/airflow/example_dags/example_latest_only.py for tasks to queue
[2024-04-04T23:18:41.160+0000] {logging_mixin.py:188} INFO - [2024-04-04T23:18:41.159+0000] {dagbag.py:538} INFO - Filling up the DagBag from /home/airflow/.local/lib/python3.8/site-packages/airflow/example_dags/example_latest_only.py
[2024-04-04T23:18:41.178+0000] {processor.py:840} INFO - DAG(s) 'latest_only' retrieved from /home/airflow/.local/lib/python3.8/site-packages/airflow/example_dags/example_latest_only.py
[2024-04-04T23:18:41.238+0000] {logging_mixin.py:188} INFO - [2024-04-04T23:18:41.237+0000] {dag.py:3036} INFO - Sync 1 DAGs
[2024-04-04T23:18:41.304+0000] {logging_mixin.py:188} INFO - [2024-04-04T23:18:41.303+0000] {dag.py:3823} INFO - Setting next_dagrun for latest_only to 2024-04-04 16:00:00+00:00, run_after=2024-04-04 20:00:00+00:00
[2024-04-04T23:18:41.361+0000] {processor.py:183} INFO - Processing /home/airflow/.local/lib/python3.8/site-packages/airflow/example_dags/example_latest_only.py took 0.224 seconds
[2024-04-04T23:19:11.850+0000] {processor.py:161} INFO - Started process (PID=48137) to work on /home/airflow/.local/lib/python3.8/site-packages/airflow/example_dags/example_latest_only.py
[2024-04-04T23:19:11.854+0000] {processor.py:830} INFO - Processing file /home/airflow/.local/lib/python3.8/site-packages/airflow/example_dags/example_latest_only.py for tasks to queue
[2024-04-04T23:19:11.857+0000] {logging_mixin.py:188} INFO - [2024-04-04T23:19:11.856+0000] {dagbag.py:538} INFO - Filling up the DagBag from /home/airflow/.local/lib/python3.8/site-packages/airflow/example_dags/example_latest_only.py
[2024-04-04T23:19:11.876+0000] {processor.py:840} INFO - DAG(s) 'latest_only' retrieved from /home/airflow/.local/lib/python3.8/site-packages/airflow/example_dags/example_latest_only.py
[2024-04-04T23:19:11.940+0000] {logging_mixin.py:188} INFO - [2024-04-04T23:19:11.939+0000] {dag.py:3036} INFO - Sync 1 DAGs
[2024-04-04T23:19:12.006+0000] {logging_mixin.py:188} INFO - [2024-04-04T23:19:12.005+0000] {dag.py:3823} INFO - Setting next_dagrun for latest_only to 2024-04-04 16:00:00+00:00, run_after=2024-04-04 20:00:00+00:00
[2024-04-04T23:19:12.066+0000] {processor.py:183} INFO - Processing /home/airflow/.local/lib/python3.8/site-packages/airflow/example_dags/example_latest_only.py took 0.227 seconds
[2024-04-04T23:19:42.942+0000] {processor.py:161} INFO - Started process (PID=48197) to work on /home/airflow/.local/lib/python3.8/site-packages/airflow/example_dags/example_latest_only.py
[2024-04-04T23:19:42.947+0000] {processor.py:830} INFO - Processing file /home/airflow/.local/lib/python3.8/site-packages/airflow/example_dags/example_latest_only.py for tasks to queue
[2024-04-04T23:19:42.954+0000] {logging_mixin.py:188} INFO - [2024-04-04T23:19:42.952+0000] {dagbag.py:538} INFO - Filling up the DagBag from /home/airflow/.local/lib/python3.8/site-packages/airflow/example_dags/example_latest_only.py
[2024-04-04T23:19:43.005+0000] {processor.py:840} INFO - DAG(s) 'latest_only' retrieved from /home/airflow/.local/lib/python3.8/site-packages/airflow/example_dags/example_latest_only.py
[2024-04-04T23:19:43.138+0000] {logging_mixin.py:188} INFO - [2024-04-04T23:19:43.137+0000] {dag.py:3036} INFO - Sync 1 DAGs
[2024-04-04T23:19:43.324+0000] {logging_mixin.py:188} INFO - [2024-04-04T23:19:43.321+0000] {dag.py:3823} INFO - Setting next_dagrun for latest_only to 2024-04-04 16:00:00+00:00, run_after=2024-04-04 20:00:00+00:00
[2024-04-04T23:19:43.532+0000] {processor.py:183} INFO - Processing /home/airflow/.local/lib/python3.8/site-packages/airflow/example_dags/example_latest_only.py took 0.610 seconds
[2024-04-04T23:20:14.002+0000] {processor.py:161} INFO - Started process (PID=48257) to work on /home/airflow/.local/lib/python3.8/site-packages/airflow/example_dags/example_latest_only.py
[2024-04-04T23:20:14.005+0000] {processor.py:830} INFO - Processing file /home/airflow/.local/lib/python3.8/site-packages/airflow/example_dags/example_latest_only.py for tasks to queue
[2024-04-04T23:20:14.008+0000] {logging_mixin.py:188} INFO - [2024-04-04T23:20:14.007+0000] {dagbag.py:538} INFO - Filling up the DagBag from /home/airflow/.local/lib/python3.8/site-packages/airflow/example_dags/example_latest_only.py
[2024-04-04T23:20:14.031+0000] {processor.py:840} INFO - DAG(s) 'latest_only' retrieved from /home/airflow/.local/lib/python3.8/site-packages/airflow/example_dags/example_latest_only.py
[2024-04-04T23:20:14.097+0000] {logging_mixin.py:188} INFO - [2024-04-04T23:20:14.096+0000] {dag.py:3036} INFO - Sync 1 DAGs
[2024-04-04T23:20:14.182+0000] {logging_mixin.py:188} INFO - [2024-04-04T23:20:14.181+0000] {dag.py:3823} INFO - Setting next_dagrun for latest_only to 2024-04-04 16:00:00+00:00, run_after=2024-04-04 20:00:00+00:00
[2024-04-04T23:20:14.246+0000] {processor.py:183} INFO - Processing /home/airflow/.local/lib/python3.8/site-packages/airflow/example_dags/example_latest_only.py took 0.255 seconds
[2024-04-04T23:20:44.769+0000] {processor.py:161} INFO - Started process (PID=48317) to work on /home/airflow/.local/lib/python3.8/site-packages/airflow/example_dags/example_latest_only.py
[2024-04-04T23:20:44.777+0000] {processor.py:830} INFO - Processing file /home/airflow/.local/lib/python3.8/site-packages/airflow/example_dags/example_latest_only.py for tasks to queue
[2024-04-04T23:20:44.784+0000] {logging_mixin.py:188} INFO - [2024-04-04T23:20:44.783+0000] {dagbag.py:538} INFO - Filling up the DagBag from /home/airflow/.local/lib/python3.8/site-packages/airflow/example_dags/example_latest_only.py
[2024-04-04T23:20:44.801+0000] {processor.py:840} INFO - DAG(s) 'latest_only' retrieved from /home/airflow/.local/lib/python3.8/site-packages/airflow/example_dags/example_latest_only.py
[2024-04-04T23:20:44.861+0000] {logging_mixin.py:188} INFO - [2024-04-04T23:20:44.860+0000] {dag.py:3036} INFO - Sync 1 DAGs
[2024-04-04T23:20:44.925+0000] {logging_mixin.py:188} INFO - [2024-04-04T23:20:44.924+0000] {dag.py:3823} INFO - Setting next_dagrun for latest_only to 2024-04-04 16:00:00+00:00, run_after=2024-04-04 20:00:00+00:00
[2024-04-04T23:20:44.994+0000] {processor.py:183} INFO - Processing /home/airflow/.local/lib/python3.8/site-packages/airflow/example_dags/example_latest_only.py took 0.235 seconds
[2024-04-04T23:21:15.368+0000] {processor.py:161} INFO - Started process (PID=48377) to work on /home/airflow/.local/lib/python3.8/site-packages/airflow/example_dags/example_latest_only.py
[2024-04-04T23:21:15.371+0000] {processor.py:830} INFO - Processing file /home/airflow/.local/lib/python3.8/site-packages/airflow/example_dags/example_latest_only.py for tasks to queue
[2024-04-04T23:21:15.375+0000] {logging_mixin.py:188} INFO - [2024-04-04T23:21:15.374+0000] {dagbag.py:538} INFO - Filling up the DagBag from /home/airflow/.local/lib/python3.8/site-packages/airflow/example_dags/example_latest_only.py
[2024-04-04T23:21:15.395+0000] {processor.py:840} INFO - DAG(s) 'latest_only' retrieved from /home/airflow/.local/lib/python3.8/site-packages/airflow/example_dags/example_latest_only.py
[2024-04-04T23:21:15.479+0000] {logging_mixin.py:188} INFO - [2024-04-04T23:21:15.477+0000] {dag.py:3036} INFO - Sync 1 DAGs
[2024-04-04T23:21:15.594+0000] {logging_mixin.py:188} INFO - [2024-04-04T23:21:15.593+0000] {dag.py:3823} INFO - Setting next_dagrun for latest_only to 2024-04-04 16:00:00+00:00, run_after=2024-04-04 20:00:00+00:00
[2024-04-04T23:21:15.671+0000] {processor.py:183} INFO - Processing /home/airflow/.local/lib/python3.8/site-packages/airflow/example_dags/example_latest_only.py took 0.318 seconds
[2024-04-04T23:21:47.281+0000] {processor.py:161} INFO - Started process (PID=48437) to work on /home/airflow/.local/lib/python3.8/site-packages/airflow/example_dags/example_latest_only.py
[2024-04-04T23:21:47.286+0000] {processor.py:830} INFO - Processing file /home/airflow/.local/lib/python3.8/site-packages/airflow/example_dags/example_latest_only.py for tasks to queue
[2024-04-04T23:21:47.291+0000] {logging_mixin.py:188} INFO - [2024-04-04T23:21:47.290+0000] {dagbag.py:538} INFO - Filling up the DagBag from /home/airflow/.local/lib/python3.8/site-packages/airflow/example_dags/example_latest_only.py
[2024-04-04T23:21:47.324+0000] {processor.py:840} INFO - DAG(s) 'latest_only' retrieved from /home/airflow/.local/lib/python3.8/site-packages/airflow/example_dags/example_latest_only.py
[2024-04-04T23:21:47.423+0000] {logging_mixin.py:188} INFO - [2024-04-04T23:21:47.422+0000] {dag.py:3036} INFO - Sync 1 DAGs
[2024-04-04T23:21:47.570+0000] {logging_mixin.py:188} INFO - [2024-04-04T23:21:47.568+0000] {dag.py:3823} INFO - Setting next_dagrun for latest_only to 2024-04-04 16:00:00+00:00, run_after=2024-04-04 20:00:00+00:00
[2024-04-04T23:21:47.661+0000] {processor.py:183} INFO - Processing /home/airflow/.local/lib/python3.8/site-packages/airflow/example_dags/example_latest_only.py took 0.398 seconds
[2024-04-04T23:22:18.562+0000] {processor.py:161} INFO - Started process (PID=48497) to work on /home/airflow/.local/lib/python3.8/site-packages/airflow/example_dags/example_latest_only.py
[2024-04-04T23:22:18.569+0000] {processor.py:830} INFO - Processing file /home/airflow/.local/lib/python3.8/site-packages/airflow/example_dags/example_latest_only.py for tasks to queue
[2024-04-04T23:22:18.577+0000] {logging_mixin.py:188} INFO - [2024-04-04T23:22:18.575+0000] {dagbag.py:538} INFO - Filling up the DagBag from /home/airflow/.local/lib/python3.8/site-packages/airflow/example_dags/example_latest_only.py
[2024-04-04T23:22:18.611+0000] {processor.py:840} INFO - DAG(s) 'latest_only' retrieved from /home/airflow/.local/lib/python3.8/site-packages/airflow/example_dags/example_latest_only.py
[2024-04-04T23:22:18.744+0000] {logging_mixin.py:188} INFO - [2024-04-04T23:22:18.742+0000] {dag.py:3036} INFO - Sync 1 DAGs
[2024-04-04T23:22:18.926+0000] {logging_mixin.py:188} INFO - [2024-04-04T23:22:18.921+0000] {dag.py:3823} INFO - Setting next_dagrun for latest_only to 2024-04-04 16:00:00+00:00, run_after=2024-04-04 20:00:00+00:00
[2024-04-04T23:22:19.112+0000] {processor.py:183} INFO - Processing /home/airflow/.local/lib/python3.8/site-packages/airflow/example_dags/example_latest_only.py took 0.577 seconds
[2024-04-04T23:22:49.978+0000] {processor.py:161} INFO - Started process (PID=48557) to work on /home/airflow/.local/lib/python3.8/site-packages/airflow/example_dags/example_latest_only.py
[2024-04-04T23:22:49.981+0000] {processor.py:830} INFO - Processing file /home/airflow/.local/lib/python3.8/site-packages/airflow/example_dags/example_latest_only.py for tasks to queue
[2024-04-04T23:22:49.984+0000] {logging_mixin.py:188} INFO - [2024-04-04T23:22:49.984+0000] {dagbag.py:538} INFO - Filling up the DagBag from /home/airflow/.local/lib/python3.8/site-packages/airflow/example_dags/example_latest_only.py
[2024-04-04T23:22:50.000+0000] {processor.py:840} INFO - DAG(s) 'latest_only' retrieved from /home/airflow/.local/lib/python3.8/site-packages/airflow/example_dags/example_latest_only.py
[2024-04-04T23:22:50.056+0000] {logging_mixin.py:188} INFO - [2024-04-04T23:22:50.055+0000] {dag.py:3036} INFO - Sync 1 DAGs
[2024-04-04T23:22:50.119+0000] {logging_mixin.py:188} INFO - [2024-04-04T23:22:50.118+0000] {dag.py:3823} INFO - Setting next_dagrun for latest_only to 2024-04-04 16:00:00+00:00, run_after=2024-04-04 20:00:00+00:00
[2024-04-04T23:22:50.184+0000] {processor.py:183} INFO - Processing /home/airflow/.local/lib/python3.8/site-packages/airflow/example_dags/example_latest_only.py took 0.215 seconds
[2024-04-04T23:23:20.739+0000] {processor.py:161} INFO - Started process (PID=48617) to work on /home/airflow/.local/lib/python3.8/site-packages/airflow/example_dags/example_latest_only.py
[2024-04-04T23:23:20.741+0000] {processor.py:830} INFO - Processing file /home/airflow/.local/lib/python3.8/site-packages/airflow/example_dags/example_latest_only.py for tasks to queue
[2024-04-04T23:23:20.744+0000] {logging_mixin.py:188} INFO - [2024-04-04T23:23:20.743+0000] {dagbag.py:538} INFO - Filling up the DagBag from /home/airflow/.local/lib/python3.8/site-packages/airflow/example_dags/example_latest_only.py
[2024-04-04T23:23:20.758+0000] {processor.py:840} INFO - DAG(s) 'latest_only' retrieved from /home/airflow/.local/lib/python3.8/site-packages/airflow/example_dags/example_latest_only.py
[2024-04-04T23:23:20.810+0000] {logging_mixin.py:188} INFO - [2024-04-04T23:23:20.809+0000] {dag.py:3036} INFO - Sync 1 DAGs
[2024-04-04T23:23:20.862+0000] {logging_mixin.py:188} INFO - [2024-04-04T23:23:20.862+0000] {dag.py:3823} INFO - Setting next_dagrun for latest_only to 2024-04-04 16:00:00+00:00, run_after=2024-04-04 20:00:00+00:00
[2024-04-04T23:23:20.909+0000] {processor.py:183} INFO - Processing /home/airflow/.local/lib/python3.8/site-packages/airflow/example_dags/example_latest_only.py took 0.179 seconds
[2024-04-04T23:23:51.696+0000] {processor.py:161} INFO - Started process (PID=48675) to work on /home/airflow/.local/lib/python3.8/site-packages/airflow/example_dags/example_latest_only.py
[2024-04-04T23:23:51.699+0000] {processor.py:830} INFO - Processing file /home/airflow/.local/lib/python3.8/site-packages/airflow/example_dags/example_latest_only.py for tasks to queue
[2024-04-04T23:23:51.702+0000] {logging_mixin.py:188} INFO - [2024-04-04T23:23:51.701+0000] {dagbag.py:538} INFO - Filling up the DagBag from /home/airflow/.local/lib/python3.8/site-packages/airflow/example_dags/example_latest_only.py
[2024-04-04T23:23:51.719+0000] {processor.py:840} INFO - DAG(s) 'latest_only' retrieved from /home/airflow/.local/lib/python3.8/site-packages/airflow/example_dags/example_latest_only.py
[2024-04-04T23:23:51.772+0000] {logging_mixin.py:188} INFO - [2024-04-04T23:23:51.772+0000] {dag.py:3036} INFO - Sync 1 DAGs
[2024-04-04T23:23:51.826+0000] {logging_mixin.py:188} INFO - [2024-04-04T23:23:51.826+0000] {dag.py:3823} INFO - Setting next_dagrun for latest_only to 2024-04-04 16:00:00+00:00, run_after=2024-04-04 20:00:00+00:00
[2024-04-04T23:23:51.873+0000] {processor.py:183} INFO - Processing /home/airflow/.local/lib/python3.8/site-packages/airflow/example_dags/example_latest_only.py took 0.187 seconds
[2024-04-04T23:24:22.092+0000] {processor.py:161} INFO - Started process (PID=48735) to work on /home/airflow/.local/lib/python3.8/site-packages/airflow/example_dags/example_latest_only.py
[2024-04-04T23:24:22.103+0000] {processor.py:830} INFO - Processing file /home/airflow/.local/lib/python3.8/site-packages/airflow/example_dags/example_latest_only.py for tasks to queue
[2024-04-04T23:24:22.111+0000] {logging_mixin.py:188} INFO - [2024-04-04T23:24:22.109+0000] {dagbag.py:538} INFO - Filling up the DagBag from /home/airflow/.local/lib/python3.8/site-packages/airflow/example_dags/example_latest_only.py
[2024-04-04T23:24:22.152+0000] {processor.py:840} INFO - DAG(s) 'latest_only' retrieved from /home/airflow/.local/lib/python3.8/site-packages/airflow/example_dags/example_latest_only.py
[2024-04-04T23:24:22.384+0000] {logging_mixin.py:188} INFO - [2024-04-04T23:24:22.382+0000] {dag.py:3036} INFO - Sync 1 DAGs
[2024-04-04T23:24:22.594+0000] {logging_mixin.py:188} INFO - [2024-04-04T23:24:22.592+0000] {dag.py:3823} INFO - Setting next_dagrun for latest_only to 2024-04-04 16:00:00+00:00, run_after=2024-04-04 20:00:00+00:00
[2024-04-04T23:24:22.720+0000] {processor.py:183} INFO - Processing /home/airflow/.local/lib/python3.8/site-packages/airflow/example_dags/example_latest_only.py took 0.647 seconds
[2024-04-04T23:24:53.230+0000] {processor.py:161} INFO - Started process (PID=48795) to work on /home/airflow/.local/lib/python3.8/site-packages/airflow/example_dags/example_latest_only.py
[2024-04-04T23:24:53.232+0000] {processor.py:830} INFO - Processing file /home/airflow/.local/lib/python3.8/site-packages/airflow/example_dags/example_latest_only.py for tasks to queue
[2024-04-04T23:24:53.234+0000] {logging_mixin.py:188} INFO - [2024-04-04T23:24:53.233+0000] {dagbag.py:538} INFO - Filling up the DagBag from /home/airflow/.local/lib/python3.8/site-packages/airflow/example_dags/example_latest_only.py
[2024-04-04T23:24:53.244+0000] {processor.py:840} INFO - DAG(s) 'latest_only' retrieved from /home/airflow/.local/lib/python3.8/site-packages/airflow/example_dags/example_latest_only.py
[2024-04-04T23:24:53.279+0000] {logging_mixin.py:188} INFO - [2024-04-04T23:24:53.278+0000] {dag.py:3036} INFO - Sync 1 DAGs
[2024-04-04T23:24:53.315+0000] {logging_mixin.py:188} INFO - [2024-04-04T23:24:53.315+0000] {dag.py:3823} INFO - Setting next_dagrun for latest_only to 2024-04-04 16:00:00+00:00, run_after=2024-04-04 20:00:00+00:00
[2024-04-04T23:24:53.350+0000] {processor.py:183} INFO - Processing /home/airflow/.local/lib/python3.8/site-packages/airflow/example_dags/example_latest_only.py took 0.126 seconds
[2024-04-04T23:25:23.820+0000] {processor.py:161} INFO - Started process (PID=48855) to work on /home/airflow/.local/lib/python3.8/site-packages/airflow/example_dags/example_latest_only.py
[2024-04-04T23:25:23.823+0000] {processor.py:830} INFO - Processing file /home/airflow/.local/lib/python3.8/site-packages/airflow/example_dags/example_latest_only.py for tasks to queue
[2024-04-04T23:25:23.825+0000] {logging_mixin.py:188} INFO - [2024-04-04T23:25:23.825+0000] {dagbag.py:538} INFO - Filling up the DagBag from /home/airflow/.local/lib/python3.8/site-packages/airflow/example_dags/example_latest_only.py
[2024-04-04T23:25:23.837+0000] {processor.py:840} INFO - DAG(s) 'latest_only' retrieved from /home/airflow/.local/lib/python3.8/site-packages/airflow/example_dags/example_latest_only.py
[2024-04-04T23:25:23.881+0000] {logging_mixin.py:188} INFO - [2024-04-04T23:25:23.881+0000] {dag.py:3036} INFO - Sync 1 DAGs
[2024-04-04T23:25:23.931+0000] {logging_mixin.py:188} INFO - [2024-04-04T23:25:23.930+0000] {dag.py:3823} INFO - Setting next_dagrun for latest_only to 2024-04-04 16:00:00+00:00, run_after=2024-04-04 20:00:00+00:00
[2024-04-04T23:25:23.967+0000] {processor.py:183} INFO - Processing /home/airflow/.local/lib/python3.8/site-packages/airflow/example_dags/example_latest_only.py took 0.159 seconds
[2024-04-04T23:25:54.175+0000] {processor.py:161} INFO - Started process (PID=48915) to work on /home/airflow/.local/lib/python3.8/site-packages/airflow/example_dags/example_latest_only.py
[2024-04-04T23:25:54.179+0000] {processor.py:830} INFO - Processing file /home/airflow/.local/lib/python3.8/site-packages/airflow/example_dags/example_latest_only.py for tasks to queue
[2024-04-04T23:25:54.183+0000] {logging_mixin.py:188} INFO - [2024-04-04T23:25:54.182+0000] {dagbag.py:538} INFO - Filling up the DagBag from /home/airflow/.local/lib/python3.8/site-packages/airflow/example_dags/example_latest_only.py
[2024-04-04T23:25:54.219+0000] {processor.py:840} INFO - DAG(s) 'latest_only' retrieved from /home/airflow/.local/lib/python3.8/site-packages/airflow/example_dags/example_latest_only.py
[2024-04-04T23:25:54.332+0000] {logging_mixin.py:188} INFO - [2024-04-04T23:25:54.331+0000] {dag.py:3036} INFO - Sync 1 DAGs
[2024-04-04T23:25:54.432+0000] {logging_mixin.py:188} INFO - [2024-04-04T23:25:54.431+0000] {dag.py:3823} INFO - Setting next_dagrun for latest_only to 2024-04-04 16:00:00+00:00, run_after=2024-04-04 20:00:00+00:00
[2024-04-04T23:25:54.509+0000] {processor.py:183} INFO - Processing /home/airflow/.local/lib/python3.8/site-packages/airflow/example_dags/example_latest_only.py took 0.366 seconds
[2024-04-04T23:26:25.281+0000] {processor.py:161} INFO - Started process (PID=48975) to work on /home/airflow/.local/lib/python3.8/site-packages/airflow/example_dags/example_latest_only.py
[2024-04-04T23:26:25.287+0000] {processor.py:830} INFO - Processing file /home/airflow/.local/lib/python3.8/site-packages/airflow/example_dags/example_latest_only.py for tasks to queue
[2024-04-04T23:26:25.293+0000] {logging_mixin.py:188} INFO - [2024-04-04T23:26:25.291+0000] {dagbag.py:538} INFO - Filling up the DagBag from /home/airflow/.local/lib/python3.8/site-packages/airflow/example_dags/example_latest_only.py
[2024-04-04T23:26:25.328+0000] {processor.py:840} INFO - DAG(s) 'latest_only' retrieved from /home/airflow/.local/lib/python3.8/site-packages/airflow/example_dags/example_latest_only.py
[2024-04-04T23:26:25.461+0000] {logging_mixin.py:188} INFO - [2024-04-04T23:26:25.459+0000] {dag.py:3036} INFO - Sync 1 DAGs
[2024-04-04T23:26:25.663+0000] {logging_mixin.py:188} INFO - [2024-04-04T23:26:25.661+0000] {dag.py:3823} INFO - Setting next_dagrun for latest_only to 2024-04-04 16:00:00+00:00, run_after=2024-04-04 20:00:00+00:00
[2024-04-04T23:26:25.798+0000] {processor.py:183} INFO - Processing /home/airflow/.local/lib/python3.8/site-packages/airflow/example_dags/example_latest_only.py took 0.542 seconds
[2024-04-04T23:26:56.494+0000] {processor.py:161} INFO - Started process (PID=49035) to work on /home/airflow/.local/lib/python3.8/site-packages/airflow/example_dags/example_latest_only.py
[2024-04-04T23:26:56.501+0000] {processor.py:830} INFO - Processing file /home/airflow/.local/lib/python3.8/site-packages/airflow/example_dags/example_latest_only.py for tasks to queue
[2024-04-04T23:26:56.513+0000] {logging_mixin.py:188} INFO - [2024-04-04T23:26:56.511+0000] {dagbag.py:538} INFO - Filling up the DagBag from /home/airflow/.local/lib/python3.8/site-packages/airflow/example_dags/example_latest_only.py
[2024-04-04T23:26:56.549+0000] {processor.py:840} INFO - DAG(s) 'latest_only' retrieved from /home/airflow/.local/lib/python3.8/site-packages/airflow/example_dags/example_latest_only.py
[2024-04-04T23:26:56.728+0000] {logging_mixin.py:188} INFO - [2024-04-04T23:26:56.726+0000] {dag.py:3036} INFO - Sync 1 DAGs
[2024-04-04T23:26:56.889+0000] {logging_mixin.py:188} INFO - [2024-04-04T23:26:56.888+0000] {dag.py:3823} INFO - Setting next_dagrun for latest_only to 2024-04-04 16:00:00+00:00, run_after=2024-04-04 20:00:00+00:00
[2024-04-04T23:26:57.016+0000] {processor.py:183} INFO - Processing /home/airflow/.local/lib/python3.8/site-packages/airflow/example_dags/example_latest_only.py took 0.553 seconds
[2024-04-04T23:27:27.188+0000] {processor.py:161} INFO - Started process (PID=49096) to work on /home/airflow/.local/lib/python3.8/site-packages/airflow/example_dags/example_latest_only.py
[2024-04-04T23:27:27.190+0000] {processor.py:830} INFO - Processing file /home/airflow/.local/lib/python3.8/site-packages/airflow/example_dags/example_latest_only.py for tasks to queue
[2024-04-04T23:27:27.193+0000] {logging_mixin.py:188} INFO - [2024-04-04T23:27:27.192+0000] {dagbag.py:538} INFO - Filling up the DagBag from /home/airflow/.local/lib/python3.8/site-packages/airflow/example_dags/example_latest_only.py
[2024-04-04T23:27:27.206+0000] {processor.py:840} INFO - DAG(s) 'latest_only' retrieved from /home/airflow/.local/lib/python3.8/site-packages/airflow/example_dags/example_latest_only.py
[2024-04-04T23:27:27.254+0000] {logging_mixin.py:188} INFO - [2024-04-04T23:27:27.253+0000] {dag.py:3036} INFO - Sync 1 DAGs
[2024-04-04T23:27:27.301+0000] {logging_mixin.py:188} INFO - [2024-04-04T23:27:27.300+0000] {dag.py:3823} INFO - Setting next_dagrun for latest_only to 2024-04-04 16:00:00+00:00, run_after=2024-04-04 20:00:00+00:00
[2024-04-04T23:27:27.356+0000] {processor.py:183} INFO - Processing /home/airflow/.local/lib/python3.8/site-packages/airflow/example_dags/example_latest_only.py took 0.177 seconds
[2024-04-04T23:27:57.509+0000] {processor.py:161} INFO - Started process (PID=49156) to work on /home/airflow/.local/lib/python3.8/site-packages/airflow/example_dags/example_latest_only.py
[2024-04-04T23:27:57.512+0000] {processor.py:830} INFO - Processing file /home/airflow/.local/lib/python3.8/site-packages/airflow/example_dags/example_latest_only.py for tasks to queue
[2024-04-04T23:27:57.515+0000] {logging_mixin.py:188} INFO - [2024-04-04T23:27:57.514+0000] {dagbag.py:538} INFO - Filling up the DagBag from /home/airflow/.local/lib/python3.8/site-packages/airflow/example_dags/example_latest_only.py
[2024-04-04T23:27:57.528+0000] {processor.py:840} INFO - DAG(s) 'latest_only' retrieved from /home/airflow/.local/lib/python3.8/site-packages/airflow/example_dags/example_latest_only.py
[2024-04-04T23:27:57.578+0000] {logging_mixin.py:188} INFO - [2024-04-04T23:27:57.578+0000] {dag.py:3036} INFO - Sync 1 DAGs
[2024-04-04T23:27:57.626+0000] {logging_mixin.py:188} INFO - [2024-04-04T23:27:57.626+0000] {dag.py:3823} INFO - Setting next_dagrun for latest_only to 2024-04-04 16:00:00+00:00, run_after=2024-04-04 20:00:00+00:00
[2024-04-04T23:27:57.668+0000] {processor.py:183} INFO - Processing /home/airflow/.local/lib/python3.8/site-packages/airflow/example_dags/example_latest_only.py took 0.171 seconds
[2024-04-04T23:28:28.772+0000] {processor.py:161} INFO - Started process (PID=49216) to work on /home/airflow/.local/lib/python3.8/site-packages/airflow/example_dags/example_latest_only.py
[2024-04-04T23:28:28.776+0000] {processor.py:830} INFO - Processing file /home/airflow/.local/lib/python3.8/site-packages/airflow/example_dags/example_latest_only.py for tasks to queue
[2024-04-04T23:28:28.784+0000] {logging_mixin.py:188} INFO - [2024-04-04T23:28:28.782+0000] {dagbag.py:538} INFO - Filling up the DagBag from /home/airflow/.local/lib/python3.8/site-packages/airflow/example_dags/example_latest_only.py
[2024-04-04T23:28:28.829+0000] {processor.py:840} INFO - DAG(s) 'latest_only' retrieved from /home/airflow/.local/lib/python3.8/site-packages/airflow/example_dags/example_latest_only.py
[2024-04-04T23:28:29.000+0000] {logging_mixin.py:188} INFO - [2024-04-04T23:28:28.998+0000] {dag.py:3036} INFO - Sync 1 DAGs
[2024-04-04T23:28:29.170+0000] {logging_mixin.py:188} INFO - [2024-04-04T23:28:29.168+0000] {dag.py:3823} INFO - Setting next_dagrun for latest_only to 2024-04-04 16:00:00+00:00, run_after=2024-04-04 20:00:00+00:00
[2024-04-04T23:28:29.340+0000] {processor.py:183} INFO - Processing /home/airflow/.local/lib/python3.8/site-packages/airflow/example_dags/example_latest_only.py took 0.585 seconds
[2024-04-04T23:29:00.562+0000] {processor.py:161} INFO - Started process (PID=49276) to work on /home/airflow/.local/lib/python3.8/site-packages/airflow/example_dags/example_latest_only.py
[2024-04-04T23:29:00.568+0000] {processor.py:830} INFO - Processing file /home/airflow/.local/lib/python3.8/site-packages/airflow/example_dags/example_latest_only.py for tasks to queue
[2024-04-04T23:29:00.577+0000] {logging_mixin.py:188} INFO - [2024-04-04T23:29:00.574+0000] {dagbag.py:538} INFO - Filling up the DagBag from /home/airflow/.local/lib/python3.8/site-packages/airflow/example_dags/example_latest_only.py
[2024-04-04T23:29:00.622+0000] {processor.py:840} INFO - DAG(s) 'latest_only' retrieved from /home/airflow/.local/lib/python3.8/site-packages/airflow/example_dags/example_latest_only.py
[2024-04-04T23:29:00.753+0000] {logging_mixin.py:188} INFO - [2024-04-04T23:29:00.751+0000] {dag.py:3036} INFO - Sync 1 DAGs
[2024-04-04T23:29:00.904+0000] {logging_mixin.py:188} INFO - [2024-04-04T23:29:00.902+0000] {dag.py:3823} INFO - Setting next_dagrun for latest_only to 2024-04-04 16:00:00+00:00, run_after=2024-04-04 20:00:00+00:00
[2024-04-04T23:29:01.027+0000] {processor.py:183} INFO - Processing /home/airflow/.local/lib/python3.8/site-packages/airflow/example_dags/example_latest_only.py took 0.487 seconds
[2024-04-04T23:29:31.593+0000] {processor.py:161} INFO - Started process (PID=49336) to work on /home/airflow/.local/lib/python3.8/site-packages/airflow/example_dags/example_latest_only.py
[2024-04-04T23:29:31.600+0000] {processor.py:830} INFO - Processing file /home/airflow/.local/lib/python3.8/site-packages/airflow/example_dags/example_latest_only.py for tasks to queue
[2024-04-04T23:29:31.604+0000] {logging_mixin.py:188} INFO - [2024-04-04T23:29:31.603+0000] {dagbag.py:538} INFO - Filling up the DagBag from /home/airflow/.local/lib/python3.8/site-packages/airflow/example_dags/example_latest_only.py
[2024-04-04T23:29:31.637+0000] {processor.py:840} INFO - DAG(s) 'latest_only' retrieved from /home/airflow/.local/lib/python3.8/site-packages/airflow/example_dags/example_latest_only.py
[2024-04-04T23:29:31.714+0000] {logging_mixin.py:188} INFO - [2024-04-04T23:29:31.713+0000] {dag.py:3036} INFO - Sync 1 DAGs
[2024-04-04T23:29:31.850+0000] {logging_mixin.py:188} INFO - [2024-04-04T23:29:31.848+0000] {dag.py:3823} INFO - Setting next_dagrun for latest_only to 2024-04-04 16:00:00+00:00, run_after=2024-04-04 20:00:00+00:00
[2024-04-04T23:29:31.938+0000] {processor.py:183} INFO - Processing /home/airflow/.local/lib/python3.8/site-packages/airflow/example_dags/example_latest_only.py took 0.359 seconds
[2024-04-04T23:30:02.399+0000] {processor.py:161} INFO - Started process (PID=49397) to work on /home/airflow/.local/lib/python3.8/site-packages/airflow/example_dags/example_latest_only.py
[2024-04-04T23:30:02.402+0000] {processor.py:830} INFO - Processing file /home/airflow/.local/lib/python3.8/site-packages/airflow/example_dags/example_latest_only.py for tasks to queue
[2024-04-04T23:30:02.406+0000] {logging_mixin.py:188} INFO - [2024-04-04T23:30:02.405+0000] {dagbag.py:538} INFO - Filling up the DagBag from /home/airflow/.local/lib/python3.8/site-packages/airflow/example_dags/example_latest_only.py
[2024-04-04T23:30:02.423+0000] {processor.py:840} INFO - DAG(s) 'latest_only' retrieved from /home/airflow/.local/lib/python3.8/site-packages/airflow/example_dags/example_latest_only.py
[2024-04-04T23:30:02.490+0000] {logging_mixin.py:188} INFO - [2024-04-04T23:30:02.490+0000] {dag.py:3036} INFO - Sync 1 DAGs
[2024-04-04T23:30:02.587+0000] {logging_mixin.py:188} INFO - [2024-04-04T23:30:02.586+0000] {dag.py:3823} INFO - Setting next_dagrun for latest_only to 2024-04-04 16:00:00+00:00, run_after=2024-04-04 20:00:00+00:00
[2024-04-04T23:30:02.639+0000] {processor.py:183} INFO - Processing /home/airflow/.local/lib/python3.8/site-packages/airflow/example_dags/example_latest_only.py took 0.252 seconds
[2024-04-04T23:30:38.143+0000] {processor.py:161} INFO - Started process (PID=49455) to work on /home/airflow/.local/lib/python3.8/site-packages/airflow/example_dags/example_latest_only.py
[2024-04-04T23:30:38.150+0000] {processor.py:830} INFO - Processing file /home/airflow/.local/lib/python3.8/site-packages/airflow/example_dags/example_latest_only.py for tasks to queue
[2024-04-04T23:30:38.157+0000] {logging_mixin.py:188} INFO - [2024-04-04T23:30:38.155+0000] {dagbag.py:538} INFO - Filling up the DagBag from /home/airflow/.local/lib/python3.8/site-packages/airflow/example_dags/example_latest_only.py
[2024-04-04T23:30:38.204+0000] {processor.py:840} INFO - DAG(s) 'latest_only' retrieved from /home/airflow/.local/lib/python3.8/site-packages/airflow/example_dags/example_latest_only.py
[2024-04-04T23:30:38.351+0000] {logging_mixin.py:188} INFO - [2024-04-04T23:30:38.349+0000] {dag.py:3036} INFO - Sync 1 DAGs
[2024-04-04T23:30:38.490+0000] {logging_mixin.py:188} INFO - [2024-04-04T23:30:38.488+0000] {dag.py:3823} INFO - Setting next_dagrun for latest_only to 2024-04-04 16:00:00+00:00, run_after=2024-04-04 20:00:00+00:00
[2024-04-04T23:30:38.623+0000] {processor.py:183} INFO - Processing /home/airflow/.local/lib/python3.8/site-packages/airflow/example_dags/example_latest_only.py took 0.505 seconds
[2024-04-04T23:31:08.972+0000] {processor.py:161} INFO - Started process (PID=49516) to work on /home/airflow/.local/lib/python3.8/site-packages/airflow/example_dags/example_latest_only.py
[2024-04-04T23:31:08.978+0000] {processor.py:830} INFO - Processing file /home/airflow/.local/lib/python3.8/site-packages/airflow/example_dags/example_latest_only.py for tasks to queue
[2024-04-04T23:31:08.986+0000] {logging_mixin.py:188} INFO - [2024-04-04T23:31:08.983+0000] {dagbag.py:538} INFO - Filling up the DagBag from /home/airflow/.local/lib/python3.8/site-packages/airflow/example_dags/example_latest_only.py
[2024-04-04T23:31:09.026+0000] {processor.py:840} INFO - DAG(s) 'latest_only' retrieved from /home/airflow/.local/lib/python3.8/site-packages/airflow/example_dags/example_latest_only.py
[2024-04-04T23:31:09.164+0000] {logging_mixin.py:188} INFO - [2024-04-04T23:31:09.162+0000] {dag.py:3036} INFO - Sync 1 DAGs
[2024-04-04T23:31:09.337+0000] {logging_mixin.py:188} INFO - [2024-04-04T23:31:09.335+0000] {dag.py:3823} INFO - Setting next_dagrun for latest_only to 2024-04-04 16:00:00+00:00, run_after=2024-04-04 20:00:00+00:00
[2024-04-04T23:31:09.527+0000] {processor.py:183} INFO - Processing /home/airflow/.local/lib/python3.8/site-packages/airflow/example_dags/example_latest_only.py took 0.578 seconds
[2024-04-04T23:31:39.910+0000] {processor.py:161} INFO - Started process (PID=49576) to work on /home/airflow/.local/lib/python3.8/site-packages/airflow/example_dags/example_latest_only.py
[2024-04-04T23:31:39.917+0000] {processor.py:830} INFO - Processing file /home/airflow/.local/lib/python3.8/site-packages/airflow/example_dags/example_latest_only.py for tasks to queue
[2024-04-04T23:31:39.925+0000] {logging_mixin.py:188} INFO - [2024-04-04T23:31:39.923+0000] {dagbag.py:538} INFO - Filling up the DagBag from /home/airflow/.local/lib/python3.8/site-packages/airflow/example_dags/example_latest_only.py
[2024-04-04T23:31:39.965+0000] {processor.py:840} INFO - DAG(s) 'latest_only' retrieved from /home/airflow/.local/lib/python3.8/site-packages/airflow/example_dags/example_latest_only.py
[2024-04-04T23:31:40.124+0000] {logging_mixin.py:188} INFO - [2024-04-04T23:31:40.121+0000] {dag.py:3036} INFO - Sync 1 DAGs
[2024-04-04T23:31:40.282+0000] {logging_mixin.py:188} INFO - [2024-04-04T23:31:40.281+0000] {dag.py:3823} INFO - Setting next_dagrun for latest_only to 2024-04-04 16:00:00+00:00, run_after=2024-04-04 20:00:00+00:00
[2024-04-04T23:31:40.444+0000] {processor.py:183} INFO - Processing /home/airflow/.local/lib/python3.8/site-packages/airflow/example_dags/example_latest_only.py took 0.564 seconds
