[2024-04-04T20:01:57.296+0000] {processor.py:161} INFO - Started process (PID=43458) to work on /home/airflow/.local/lib/python3.8/site-packages/airflow/example_dags/example_sensors.py
[2024-04-04T20:01:57.309+0000] {processor.py:830} INFO - Processing file /home/airflow/.local/lib/python3.8/site-packages/airflow/example_dags/example_sensors.py for tasks to queue
[2024-04-04T20:01:57.311+0000] {logging_mixin.py:188} INFO - [2024-04-04T20:01:57.311+0000] {dagbag.py:538} INFO - Filling up the DagBag from /home/airflow/.local/lib/python3.8/site-packages/airflow/example_dags/example_sensors.py
[2024-04-04T20:01:57.376+0000] {processor.py:840} INFO - DAG(s) 'example_sensors' retrieved from /home/airflow/.local/lib/python3.8/site-packages/airflow/example_dags/example_sensors.py
[2024-04-04T20:01:57.537+0000] {logging_mixin.py:188} INFO - [2024-04-04T20:01:57.537+0000] {dag.py:3036} INFO - Sync 1 DAGs
[2024-04-04T20:01:57.608+0000] {logging_mixin.py:188} INFO - [2024-04-04T20:01:57.607+0000] {dag.py:3823} INFO - Setting next_dagrun for example_sensors to None, run_after=None
[2024-04-04T20:01:57.696+0000] {processor.py:183} INFO - Processing /home/airflow/.local/lib/python3.8/site-packages/airflow/example_dags/example_sensors.py took 0.415 seconds
[2024-04-04T18:12:26.938+0000] {processor.py:161} INFO - Started process (PID=46137) to work on /home/airflow/.local/lib/python3.8/site-packages/airflow/example_dags/example_sensors.py
[2024-04-04T18:12:26.941+0000] {processor.py:830} INFO - Processing file /home/airflow/.local/lib/python3.8/site-packages/airflow/example_dags/example_sensors.py for tasks to queue
[2024-04-04T18:12:26.962+0000] {logging_mixin.py:188} INFO - [2024-04-04T18:12:26.961+0000] {dagbag.py:538} INFO - Filling up the DagBag from /home/airflow/.local/lib/python3.8/site-packages/airflow/example_dags/example_sensors.py
[2024-04-04T18:12:26.997+0000] {processor.py:840} INFO - DAG(s) 'example_sensors' retrieved from /home/airflow/.local/lib/python3.8/site-packages/airflow/example_dags/example_sensors.py
[2024-04-04T18:12:27.123+0000] {logging_mixin.py:188} INFO - [2024-04-04T18:12:27.122+0000] {dag.py:3036} INFO - Sync 1 DAGs
[2024-04-04T18:12:27.202+0000] {logging_mixin.py:188} INFO - [2024-04-04T18:12:27.201+0000] {dag.py:3823} INFO - Setting next_dagrun for example_sensors to None, run_after=None
[2024-04-04T18:12:27.413+0000] {processor.py:183} INFO - Processing /home/airflow/.local/lib/python3.8/site-packages/airflow/example_dags/example_sensors.py took 0.485 seconds
[2024-04-04T18:12:58.297+0000] {processor.py:161} INFO - Started process (PID=46197) to work on /home/airflow/.local/lib/python3.8/site-packages/airflow/example_dags/example_sensors.py
[2024-04-04T18:12:58.299+0000] {processor.py:830} INFO - Processing file /home/airflow/.local/lib/python3.8/site-packages/airflow/example_dags/example_sensors.py for tasks to queue
[2024-04-04T18:12:58.300+0000] {logging_mixin.py:188} INFO - [2024-04-04T18:12:58.300+0000] {dagbag.py:538} INFO - Filling up the DagBag from /home/airflow/.local/lib/python3.8/site-packages/airflow/example_dags/example_sensors.py
[2024-04-04T18:12:58.311+0000] {processor.py:840} INFO - DAG(s) 'example_sensors' retrieved from /home/airflow/.local/lib/python3.8/site-packages/airflow/example_dags/example_sensors.py
[2024-04-04T18:12:58.341+0000] {logging_mixin.py:188} INFO - [2024-04-04T18:12:58.341+0000] {dag.py:3036} INFO - Sync 1 DAGs
[2024-04-04T18:12:58.355+0000] {logging_mixin.py:188} INFO - [2024-04-04T18:12:58.355+0000] {dag.py:3823} INFO - Setting next_dagrun for example_sensors to None, run_after=None
[2024-04-04T18:12:58.434+0000] {processor.py:183} INFO - Processing /home/airflow/.local/lib/python3.8/site-packages/airflow/example_dags/example_sensors.py took 0.141 seconds
[2024-04-04T18:13:28.714+0000] {processor.py:161} INFO - Started process (PID=46257) to work on /home/airflow/.local/lib/python3.8/site-packages/airflow/example_dags/example_sensors.py
[2024-04-04T18:13:28.715+0000] {processor.py:830} INFO - Processing file /home/airflow/.local/lib/python3.8/site-packages/airflow/example_dags/example_sensors.py for tasks to queue
[2024-04-04T18:13:28.717+0000] {logging_mixin.py:188} INFO - [2024-04-04T18:13:28.717+0000] {dagbag.py:538} INFO - Filling up the DagBag from /home/airflow/.local/lib/python3.8/site-packages/airflow/example_dags/example_sensors.py
[2024-04-04T18:13:28.733+0000] {processor.py:840} INFO - DAG(s) 'example_sensors' retrieved from /home/airflow/.local/lib/python3.8/site-packages/airflow/example_dags/example_sensors.py
[2024-04-04T18:13:28.769+0000] {logging_mixin.py:188} INFO - [2024-04-04T18:13:28.769+0000] {dag.py:3036} INFO - Sync 1 DAGs
[2024-04-04T18:13:28.784+0000] {logging_mixin.py:188} INFO - [2024-04-04T18:13:28.783+0000] {dag.py:3823} INFO - Setting next_dagrun for example_sensors to None, run_after=None
[2024-04-04T18:13:28.817+0000] {processor.py:183} INFO - Processing /home/airflow/.local/lib/python3.8/site-packages/airflow/example_dags/example_sensors.py took 0.107 seconds
[2024-04-04T18:13:59.151+0000] {processor.py:161} INFO - Started process (PID=46317) to work on /home/airflow/.local/lib/python3.8/site-packages/airflow/example_dags/example_sensors.py
[2024-04-04T18:13:59.152+0000] {processor.py:830} INFO - Processing file /home/airflow/.local/lib/python3.8/site-packages/airflow/example_dags/example_sensors.py for tasks to queue
[2024-04-04T18:13:59.153+0000] {logging_mixin.py:188} INFO - [2024-04-04T18:13:59.153+0000] {dagbag.py:538} INFO - Filling up the DagBag from /home/airflow/.local/lib/python3.8/site-packages/airflow/example_dags/example_sensors.py
[2024-04-04T18:13:59.164+0000] {processor.py:840} INFO - DAG(s) 'example_sensors' retrieved from /home/airflow/.local/lib/python3.8/site-packages/airflow/example_dags/example_sensors.py
[2024-04-04T18:13:59.193+0000] {logging_mixin.py:188} INFO - [2024-04-04T18:13:59.193+0000] {dag.py:3036} INFO - Sync 1 DAGs
[2024-04-04T18:13:59.207+0000] {logging_mixin.py:188} INFO - [2024-04-04T18:13:59.206+0000] {dag.py:3823} INFO - Setting next_dagrun for example_sensors to None, run_after=None
[2024-04-04T18:13:59.228+0000] {processor.py:183} INFO - Processing /home/airflow/.local/lib/python3.8/site-packages/airflow/example_dags/example_sensors.py took 0.081 seconds
[2024-04-04T18:14:29.689+0000] {processor.py:161} INFO - Started process (PID=46377) to work on /home/airflow/.local/lib/python3.8/site-packages/airflow/example_dags/example_sensors.py
[2024-04-04T18:14:29.690+0000] {processor.py:830} INFO - Processing file /home/airflow/.local/lib/python3.8/site-packages/airflow/example_dags/example_sensors.py for tasks to queue
[2024-04-04T18:14:29.692+0000] {logging_mixin.py:188} INFO - [2024-04-04T18:14:29.691+0000] {dagbag.py:538} INFO - Filling up the DagBag from /home/airflow/.local/lib/python3.8/site-packages/airflow/example_dags/example_sensors.py
[2024-04-04T18:14:29.702+0000] {processor.py:840} INFO - DAG(s) 'example_sensors' retrieved from /home/airflow/.local/lib/python3.8/site-packages/airflow/example_dags/example_sensors.py
[2024-04-04T18:14:29.738+0000] {logging_mixin.py:188} INFO - [2024-04-04T18:14:29.738+0000] {dag.py:3036} INFO - Sync 1 DAGs
[2024-04-04T18:14:29.756+0000] {logging_mixin.py:188} INFO - [2024-04-04T18:14:29.756+0000] {dag.py:3823} INFO - Setting next_dagrun for example_sensors to None, run_after=None
[2024-04-04T18:14:29.794+0000] {processor.py:183} INFO - Processing /home/airflow/.local/lib/python3.8/site-packages/airflow/example_dags/example_sensors.py took 0.109 seconds
[2024-04-04T18:14:59.939+0000] {processor.py:161} INFO - Started process (PID=46437) to work on /home/airflow/.local/lib/python3.8/site-packages/airflow/example_dags/example_sensors.py
[2024-04-04T18:14:59.943+0000] {processor.py:830} INFO - Processing file /home/airflow/.local/lib/python3.8/site-packages/airflow/example_dags/example_sensors.py for tasks to queue
[2024-04-04T18:14:59.946+0000] {logging_mixin.py:188} INFO - [2024-04-04T18:14:59.945+0000] {dagbag.py:538} INFO - Filling up the DagBag from /home/airflow/.local/lib/python3.8/site-packages/airflow/example_dags/example_sensors.py
[2024-04-04T18:14:59.983+0000] {processor.py:840} INFO - DAG(s) 'example_sensors' retrieved from /home/airflow/.local/lib/python3.8/site-packages/airflow/example_dags/example_sensors.py
[2024-04-04T18:15:00.081+0000] {logging_mixin.py:188} INFO - [2024-04-04T18:15:00.080+0000] {dag.py:3036} INFO - Sync 1 DAGs
[2024-04-04T18:15:00.125+0000] {logging_mixin.py:188} INFO - [2024-04-04T18:15:00.124+0000] {dag.py:3823} INFO - Setting next_dagrun for example_sensors to None, run_after=None
[2024-04-04T18:15:00.197+0000] {processor.py:183} INFO - Processing /home/airflow/.local/lib/python3.8/site-packages/airflow/example_dags/example_sensors.py took 0.270 seconds
[2024-04-04T18:15:32.611+0000] {processor.py:161} INFO - Started process (PID=46497) to work on /home/airflow/.local/lib/python3.8/site-packages/airflow/example_dags/example_sensors.py
[2024-04-04T18:15:32.619+0000] {processor.py:830} INFO - Processing file /home/airflow/.local/lib/python3.8/site-packages/airflow/example_dags/example_sensors.py for tasks to queue
[2024-04-04T18:15:32.631+0000] {logging_mixin.py:188} INFO - [2024-04-04T18:15:32.629+0000] {dagbag.py:538} INFO - Filling up the DagBag from /home/airflow/.local/lib/python3.8/site-packages/airflow/example_dags/example_sensors.py
[2024-04-04T18:15:32.730+0000] {processor.py:840} INFO - DAG(s) 'example_sensors' retrieved from /home/airflow/.local/lib/python3.8/site-packages/airflow/example_dags/example_sensors.py
[2024-04-04T18:15:33.030+0000] {logging_mixin.py:188} INFO - [2024-04-04T18:15:33.028+0000] {dag.py:3036} INFO - Sync 1 DAGs
[2024-04-04T18:15:33.144+0000] {logging_mixin.py:188} INFO - [2024-04-04T18:15:33.142+0000] {dag.py:3823} INFO - Setting next_dagrun for example_sensors to None, run_after=None
[2024-04-04T18:15:33.304+0000] {processor.py:183} INFO - Processing /home/airflow/.local/lib/python3.8/site-packages/airflow/example_dags/example_sensors.py took 0.730 seconds
[2024-04-04T18:16:03.752+0000] {processor.py:161} INFO - Started process (PID=46557) to work on /home/airflow/.local/lib/python3.8/site-packages/airflow/example_dags/example_sensors.py
[2024-04-04T18:16:03.755+0000] {processor.py:830} INFO - Processing file /home/airflow/.local/lib/python3.8/site-packages/airflow/example_dags/example_sensors.py for tasks to queue
[2024-04-04T18:16:03.758+0000] {logging_mixin.py:188} INFO - [2024-04-04T18:16:03.757+0000] {dagbag.py:538} INFO - Filling up the DagBag from /home/airflow/.local/lib/python3.8/site-packages/airflow/example_dags/example_sensors.py
[2024-04-04T18:16:03.787+0000] {processor.py:840} INFO - DAG(s) 'example_sensors' retrieved from /home/airflow/.local/lib/python3.8/site-packages/airflow/example_dags/example_sensors.py
[2024-04-04T18:16:03.887+0000] {logging_mixin.py:188} INFO - [2024-04-04T18:16:03.887+0000] {dag.py:3036} INFO - Sync 1 DAGs
[2024-04-04T18:16:03.933+0000] {logging_mixin.py:188} INFO - [2024-04-04T18:16:03.932+0000] {dag.py:3823} INFO - Setting next_dagrun for example_sensors to None, run_after=None
[2024-04-04T18:16:03.997+0000] {processor.py:183} INFO - Processing /home/airflow/.local/lib/python3.8/site-packages/airflow/example_dags/example_sensors.py took 0.254 seconds
[2024-04-04T18:16:34.573+0000] {processor.py:161} INFO - Started process (PID=46617) to work on /home/airflow/.local/lib/python3.8/site-packages/airflow/example_dags/example_sensors.py
[2024-04-04T18:16:34.578+0000] {processor.py:830} INFO - Processing file /home/airflow/.local/lib/python3.8/site-packages/airflow/example_dags/example_sensors.py for tasks to queue
[2024-04-04T18:16:34.584+0000] {logging_mixin.py:188} INFO - [2024-04-04T18:16:34.582+0000] {dagbag.py:538} INFO - Filling up the DagBag from /home/airflow/.local/lib/python3.8/site-packages/airflow/example_dags/example_sensors.py
[2024-04-04T18:16:34.645+0000] {processor.py:840} INFO - DAG(s) 'example_sensors' retrieved from /home/airflow/.local/lib/python3.8/site-packages/airflow/example_dags/example_sensors.py
[2024-04-04T18:16:34.806+0000] {logging_mixin.py:188} INFO - [2024-04-04T18:16:34.805+0000] {dag.py:3036} INFO - Sync 1 DAGs
[2024-04-04T18:16:34.877+0000] {logging_mixin.py:188} INFO - [2024-04-04T18:16:34.876+0000] {dag.py:3823} INFO - Setting next_dagrun for example_sensors to None, run_after=None
[2024-04-04T18:16:34.964+0000] {processor.py:183} INFO - Processing /home/airflow/.local/lib/python3.8/site-packages/airflow/example_dags/example_sensors.py took 0.410 seconds
[2024-04-04T18:17:05.299+0000] {processor.py:161} INFO - Started process (PID=46678) to work on /home/airflow/.local/lib/python3.8/site-packages/airflow/example_dags/example_sensors.py
[2024-04-04T18:17:05.304+0000] {processor.py:830} INFO - Processing file /home/airflow/.local/lib/python3.8/site-packages/airflow/example_dags/example_sensors.py for tasks to queue
[2024-04-04T18:17:05.310+0000] {logging_mixin.py:188} INFO - [2024-04-04T18:17:05.308+0000] {dagbag.py:538} INFO - Filling up the DagBag from /home/airflow/.local/lib/python3.8/site-packages/airflow/example_dags/example_sensors.py
[2024-04-04T18:17:05.405+0000] {processor.py:840} INFO - DAG(s) 'example_sensors' retrieved from /home/airflow/.local/lib/python3.8/site-packages/airflow/example_dags/example_sensors.py
[2024-04-04T18:17:05.564+0000] {logging_mixin.py:188} INFO - [2024-04-04T18:17:05.562+0000] {dag.py:3036} INFO - Sync 1 DAGs
[2024-04-04T18:17:05.630+0000] {logging_mixin.py:188} INFO - [2024-04-04T18:17:05.628+0000] {dag.py:3823} INFO - Setting next_dagrun for example_sensors to None, run_after=None
[2024-04-04T18:17:05.715+0000] {processor.py:183} INFO - Processing /home/airflow/.local/lib/python3.8/site-packages/airflow/example_dags/example_sensors.py took 0.434 seconds
[2024-04-04T18:17:38.853+0000] {processor.py:161} INFO - Started process (PID=46738) to work on /home/airflow/.local/lib/python3.8/site-packages/airflow/example_dags/example_sensors.py
[2024-04-04T18:17:38.859+0000] {processor.py:830} INFO - Processing file /home/airflow/.local/lib/python3.8/site-packages/airflow/example_dags/example_sensors.py for tasks to queue
[2024-04-04T18:17:38.866+0000] {logging_mixin.py:188} INFO - [2024-04-04T18:17:38.864+0000] {dagbag.py:538} INFO - Filling up the DagBag from /home/airflow/.local/lib/python3.8/site-packages/airflow/example_dags/example_sensors.py
[2024-04-04T18:17:38.936+0000] {processor.py:840} INFO - DAG(s) 'example_sensors' retrieved from /home/airflow/.local/lib/python3.8/site-packages/airflow/example_dags/example_sensors.py
[2024-04-04T18:17:39.116+0000] {logging_mixin.py:188} INFO - [2024-04-04T18:17:39.115+0000] {dag.py:3036} INFO - Sync 1 DAGs
[2024-04-04T18:17:39.198+0000] {logging_mixin.py:188} INFO - [2024-04-04T18:17:39.197+0000] {dag.py:3823} INFO - Setting next_dagrun for example_sensors to None, run_after=None
[2024-04-04T18:17:39.298+0000] {processor.py:183} INFO - Processing /home/airflow/.local/lib/python3.8/site-packages/airflow/example_dags/example_sensors.py took 0.478 seconds
[2024-04-04T18:18:09.786+0000] {processor.py:161} INFO - Started process (PID=46798) to work on /home/airflow/.local/lib/python3.8/site-packages/airflow/example_dags/example_sensors.py
[2024-04-04T18:18:09.792+0000] {processor.py:830} INFO - Processing file /home/airflow/.local/lib/python3.8/site-packages/airflow/example_dags/example_sensors.py for tasks to queue
[2024-04-04T18:18:09.798+0000] {logging_mixin.py:188} INFO - [2024-04-04T18:18:09.796+0000] {dagbag.py:538} INFO - Filling up the DagBag from /home/airflow/.local/lib/python3.8/site-packages/airflow/example_dags/example_sensors.py
[2024-04-04T18:18:09.864+0000] {processor.py:840} INFO - DAG(s) 'example_sensors' retrieved from /home/airflow/.local/lib/python3.8/site-packages/airflow/example_dags/example_sensors.py
[2024-04-04T18:18:09.995+0000] {logging_mixin.py:188} INFO - [2024-04-04T18:18:09.994+0000] {dag.py:3036} INFO - Sync 1 DAGs
[2024-04-04T18:18:10.052+0000] {logging_mixin.py:188} INFO - [2024-04-04T18:18:10.051+0000] {dag.py:3823} INFO - Setting next_dagrun for example_sensors to None, run_after=None
[2024-04-04T18:18:10.138+0000] {processor.py:183} INFO - Processing /home/airflow/.local/lib/python3.8/site-packages/airflow/example_dags/example_sensors.py took 0.370 seconds
[2024-04-04T18:18:40.953+0000] {processor.py:161} INFO - Started process (PID=46858) to work on /home/airflow/.local/lib/python3.8/site-packages/airflow/example_dags/example_sensors.py
[2024-04-04T18:18:40.955+0000] {processor.py:830} INFO - Processing file /home/airflow/.local/lib/python3.8/site-packages/airflow/example_dags/example_sensors.py for tasks to queue
[2024-04-04T18:18:40.958+0000] {logging_mixin.py:188} INFO - [2024-04-04T18:18:40.957+0000] {dagbag.py:538} INFO - Filling up the DagBag from /home/airflow/.local/lib/python3.8/site-packages/airflow/example_dags/example_sensors.py
[2024-04-04T18:18:40.980+0000] {processor.py:840} INFO - DAG(s) 'example_sensors' retrieved from /home/airflow/.local/lib/python3.8/site-packages/airflow/example_dags/example_sensors.py
[2024-04-04T18:18:41.037+0000] {logging_mixin.py:188} INFO - [2024-04-04T18:18:41.036+0000] {dag.py:3036} INFO - Sync 1 DAGs
[2024-04-04T18:18:41.061+0000] {logging_mixin.py:188} INFO - [2024-04-04T18:18:41.060+0000] {dag.py:3823} INFO - Setting next_dagrun for example_sensors to None, run_after=None
[2024-04-04T18:18:41.102+0000] {processor.py:183} INFO - Processing /home/airflow/.local/lib/python3.8/site-packages/airflow/example_dags/example_sensors.py took 0.157 seconds
[2024-04-04T18:19:11.395+0000] {processor.py:161} INFO - Started process (PID=46918) to work on /home/airflow/.local/lib/python3.8/site-packages/airflow/example_dags/example_sensors.py
[2024-04-04T18:19:11.397+0000] {processor.py:830} INFO - Processing file /home/airflow/.local/lib/python3.8/site-packages/airflow/example_dags/example_sensors.py for tasks to queue
[2024-04-04T18:19:11.400+0000] {logging_mixin.py:188} INFO - [2024-04-04T18:19:11.399+0000] {dagbag.py:538} INFO - Filling up the DagBag from /home/airflow/.local/lib/python3.8/site-packages/airflow/example_dags/example_sensors.py
[2024-04-04T18:19:11.433+0000] {processor.py:840} INFO - DAG(s) 'example_sensors' retrieved from /home/airflow/.local/lib/python3.8/site-packages/airflow/example_dags/example_sensors.py
[2024-04-04T18:19:11.526+0000] {logging_mixin.py:188} INFO - [2024-04-04T18:19:11.525+0000] {dag.py:3036} INFO - Sync 1 DAGs
[2024-04-04T18:19:11.596+0000] {logging_mixin.py:188} INFO - [2024-04-04T18:19:11.594+0000] {dag.py:3823} INFO - Setting next_dagrun for example_sensors to None, run_after=None
[2024-04-04T18:19:11.662+0000] {processor.py:183} INFO - Processing /home/airflow/.local/lib/python3.8/site-packages/airflow/example_dags/example_sensors.py took 0.277 seconds
[2024-04-04T18:19:41.898+0000] {processor.py:161} INFO - Started process (PID=46978) to work on /home/airflow/.local/lib/python3.8/site-packages/airflow/example_dags/example_sensors.py
[2024-04-04T18:19:41.920+0000] {processor.py:830} INFO - Processing file /home/airflow/.local/lib/python3.8/site-packages/airflow/example_dags/example_sensors.py for tasks to queue
[2024-04-04T18:19:41.937+0000] {logging_mixin.py:188} INFO - [2024-04-04T18:19:41.935+0000] {dagbag.py:538} INFO - Filling up the DagBag from /home/airflow/.local/lib/python3.8/site-packages/airflow/example_dags/example_sensors.py
[2024-04-04T18:19:42.052+0000] {processor.py:840} INFO - DAG(s) 'example_sensors' retrieved from /home/airflow/.local/lib/python3.8/site-packages/airflow/example_dags/example_sensors.py
[2024-04-04T18:19:42.245+0000] {logging_mixin.py:188} INFO - [2024-04-04T18:19:42.244+0000] {dag.py:3036} INFO - Sync 1 DAGs
[2024-04-04T18:19:42.305+0000] {logging_mixin.py:188} INFO - [2024-04-04T18:19:42.304+0000] {dag.py:3823} INFO - Setting next_dagrun for example_sensors to None, run_after=None
[2024-04-04T18:19:42.379+0000] {processor.py:183} INFO - Processing /home/airflow/.local/lib/python3.8/site-packages/airflow/example_dags/example_sensors.py took 0.507 seconds
[2024-04-04T18:20:13.031+0000] {processor.py:161} INFO - Started process (PID=47038) to work on /home/airflow/.local/lib/python3.8/site-packages/airflow/example_dags/example_sensors.py
[2024-04-04T18:20:13.037+0000] {processor.py:830} INFO - Processing file /home/airflow/.local/lib/python3.8/site-packages/airflow/example_dags/example_sensors.py for tasks to queue
[2024-04-04T18:20:13.045+0000] {logging_mixin.py:188} INFO - [2024-04-04T18:20:13.042+0000] {dagbag.py:538} INFO - Filling up the DagBag from /home/airflow/.local/lib/python3.8/site-packages/airflow/example_dags/example_sensors.py
[2024-04-04T18:20:13.123+0000] {processor.py:840} INFO - DAG(s) 'example_sensors' retrieved from /home/airflow/.local/lib/python3.8/site-packages/airflow/example_dags/example_sensors.py
[2024-04-04T18:20:13.382+0000] {logging_mixin.py:188} INFO - [2024-04-04T18:20:13.380+0000] {dag.py:3036} INFO - Sync 1 DAGs
[2024-04-04T18:20:13.496+0000] {logging_mixin.py:188} INFO - [2024-04-04T18:20:13.494+0000] {dag.py:3823} INFO - Setting next_dagrun for example_sensors to None, run_after=None
[2024-04-04T18:20:13.616+0000] {processor.py:183} INFO - Processing /home/airflow/.local/lib/python3.8/site-packages/airflow/example_dags/example_sensors.py took 0.611 seconds
[2024-04-04T18:20:43.857+0000] {processor.py:161} INFO - Started process (PID=47098) to work on /home/airflow/.local/lib/python3.8/site-packages/airflow/example_dags/example_sensors.py
[2024-04-04T18:20:43.861+0000] {processor.py:830} INFO - Processing file /home/airflow/.local/lib/python3.8/site-packages/airflow/example_dags/example_sensors.py for tasks to queue
[2024-04-04T18:20:43.866+0000] {logging_mixin.py:188} INFO - [2024-04-04T18:20:43.865+0000] {dagbag.py:538} INFO - Filling up the DagBag from /home/airflow/.local/lib/python3.8/site-packages/airflow/example_dags/example_sensors.py
[2024-04-04T18:20:43.900+0000] {processor.py:840} INFO - DAG(s) 'example_sensors' retrieved from /home/airflow/.local/lib/python3.8/site-packages/airflow/example_dags/example_sensors.py
[2024-04-04T18:20:44.001+0000] {logging_mixin.py:188} INFO - [2024-04-04T18:20:44.001+0000] {dag.py:3036} INFO - Sync 1 DAGs
[2024-04-04T18:20:44.041+0000] {logging_mixin.py:188} INFO - [2024-04-04T18:20:44.041+0000] {dag.py:3823} INFO - Setting next_dagrun for example_sensors to None, run_after=None
[2024-04-04T18:20:44.098+0000] {processor.py:183} INFO - Processing /home/airflow/.local/lib/python3.8/site-packages/airflow/example_dags/example_sensors.py took 0.253 seconds
[2024-04-04T18:21:14.552+0000] {processor.py:161} INFO - Started process (PID=47158) to work on /home/airflow/.local/lib/python3.8/site-packages/airflow/example_dags/example_sensors.py
[2024-04-04T18:21:14.554+0000] {processor.py:830} INFO - Processing file /home/airflow/.local/lib/python3.8/site-packages/airflow/example_dags/example_sensors.py for tasks to queue
[2024-04-04T18:21:14.558+0000] {logging_mixin.py:188} INFO - [2024-04-04T18:21:14.557+0000] {dagbag.py:538} INFO - Filling up the DagBag from /home/airflow/.local/lib/python3.8/site-packages/airflow/example_dags/example_sensors.py
[2024-04-04T18:21:14.595+0000] {processor.py:840} INFO - DAG(s) 'example_sensors' retrieved from /home/airflow/.local/lib/python3.8/site-packages/airflow/example_dags/example_sensors.py
[2024-04-04T18:21:14.682+0000] {logging_mixin.py:188} INFO - [2024-04-04T18:21:14.681+0000] {dag.py:3036} INFO - Sync 1 DAGs
[2024-04-04T18:21:14.721+0000] {logging_mixin.py:188} INFO - [2024-04-04T18:21:14.721+0000] {dag.py:3823} INFO - Setting next_dagrun for example_sensors to None, run_after=None
[2024-04-04T18:21:14.778+0000] {processor.py:183} INFO - Processing /home/airflow/.local/lib/python3.8/site-packages/airflow/example_dags/example_sensors.py took 0.236 seconds
[2024-04-04T18:21:45.668+0000] {processor.py:161} INFO - Started process (PID=47218) to work on /home/airflow/.local/lib/python3.8/site-packages/airflow/example_dags/example_sensors.py
[2024-04-04T18:21:45.679+0000] {processor.py:830} INFO - Processing file /home/airflow/.local/lib/python3.8/site-packages/airflow/example_dags/example_sensors.py for tasks to queue
[2024-04-04T18:21:45.687+0000] {logging_mixin.py:188} INFO - [2024-04-04T18:21:45.683+0000] {dagbag.py:538} INFO - Filling up the DagBag from /home/airflow/.local/lib/python3.8/site-packages/airflow/example_dags/example_sensors.py
[2024-04-04T18:21:45.784+0000] {processor.py:840} INFO - DAG(s) 'example_sensors' retrieved from /home/airflow/.local/lib/python3.8/site-packages/airflow/example_dags/example_sensors.py
[2024-04-04T18:21:46.020+0000] {logging_mixin.py:188} INFO - [2024-04-04T18:21:46.019+0000] {dag.py:3036} INFO - Sync 1 DAGs
[2024-04-04T18:21:46.121+0000] {logging_mixin.py:188} INFO - [2024-04-04T18:21:46.120+0000] {dag.py:3823} INFO - Setting next_dagrun for example_sensors to None, run_after=None
[2024-04-04T18:21:46.254+0000] {processor.py:183} INFO - Processing /home/airflow/.local/lib/python3.8/site-packages/airflow/example_dags/example_sensors.py took 0.642 seconds
[2024-04-04T18:22:16.901+0000] {processor.py:161} INFO - Started process (PID=47278) to work on /home/airflow/.local/lib/python3.8/site-packages/airflow/example_dags/example_sensors.py
[2024-04-04T18:22:16.908+0000] {processor.py:830} INFO - Processing file /home/airflow/.local/lib/python3.8/site-packages/airflow/example_dags/example_sensors.py for tasks to queue
[2024-04-04T18:22:16.916+0000] {logging_mixin.py:188} INFO - [2024-04-04T18:22:16.913+0000] {dagbag.py:538} INFO - Filling up the DagBag from /home/airflow/.local/lib/python3.8/site-packages/airflow/example_dags/example_sensors.py
[2024-04-04T18:22:16.990+0000] {processor.py:840} INFO - DAG(s) 'example_sensors' retrieved from /home/airflow/.local/lib/python3.8/site-packages/airflow/example_dags/example_sensors.py
[2024-04-04T18:22:17.183+0000] {logging_mixin.py:188} INFO - [2024-04-04T18:22:17.182+0000] {dag.py:3036} INFO - Sync 1 DAGs
[2024-04-04T18:22:17.261+0000] {logging_mixin.py:188} INFO - [2024-04-04T18:22:17.260+0000] {dag.py:3823} INFO - Setting next_dagrun for example_sensors to None, run_after=None
[2024-04-04T18:22:17.381+0000] {processor.py:183} INFO - Processing /home/airflow/.local/lib/python3.8/site-packages/airflow/example_dags/example_sensors.py took 0.505 seconds
[2024-04-04T18:22:47.542+0000] {processor.py:161} INFO - Started process (PID=47338) to work on /home/airflow/.local/lib/python3.8/site-packages/airflow/example_dags/example_sensors.py
[2024-04-04T18:22:47.547+0000] {processor.py:830} INFO - Processing file /home/airflow/.local/lib/python3.8/site-packages/airflow/example_dags/example_sensors.py for tasks to queue
[2024-04-04T18:22:47.552+0000] {logging_mixin.py:188} INFO - [2024-04-04T18:22:47.551+0000] {dagbag.py:538} INFO - Filling up the DagBag from /home/airflow/.local/lib/python3.8/site-packages/airflow/example_dags/example_sensors.py
[2024-04-04T18:22:47.607+0000] {processor.py:840} INFO - DAG(s) 'example_sensors' retrieved from /home/airflow/.local/lib/python3.8/site-packages/airflow/example_dags/example_sensors.py
[2024-04-04T18:22:47.736+0000] {logging_mixin.py:188} INFO - [2024-04-04T18:22:47.735+0000] {dag.py:3036} INFO - Sync 1 DAGs
[2024-04-04T18:22:47.811+0000] {logging_mixin.py:188} INFO - [2024-04-04T18:22:47.810+0000] {dag.py:3823} INFO - Setting next_dagrun for example_sensors to None, run_after=None
[2024-04-04T18:22:47.917+0000] {processor.py:183} INFO - Processing /home/airflow/.local/lib/python3.8/site-packages/airflow/example_dags/example_sensors.py took 0.393 seconds
[2024-04-04T18:23:18.094+0000] {processor.py:161} INFO - Started process (PID=47397) to work on /home/airflow/.local/lib/python3.8/site-packages/airflow/example_dags/example_sensors.py
[2024-04-04T18:23:18.096+0000] {processor.py:830} INFO - Processing file /home/airflow/.local/lib/python3.8/site-packages/airflow/example_dags/example_sensors.py for tasks to queue
[2024-04-04T18:23:18.099+0000] {logging_mixin.py:188} INFO - [2024-04-04T18:23:18.098+0000] {dagbag.py:538} INFO - Filling up the DagBag from /home/airflow/.local/lib/python3.8/site-packages/airflow/example_dags/example_sensors.py
[2024-04-04T18:23:18.122+0000] {processor.py:840} INFO - DAG(s) 'example_sensors' retrieved from /home/airflow/.local/lib/python3.8/site-packages/airflow/example_dags/example_sensors.py
[2024-04-04T18:23:18.185+0000] {logging_mixin.py:188} INFO - [2024-04-04T18:23:18.185+0000] {dag.py:3036} INFO - Sync 1 DAGs
[2024-04-04T18:23:18.215+0000] {logging_mixin.py:188} INFO - [2024-04-04T18:23:18.214+0000] {dag.py:3823} INFO - Setting next_dagrun for example_sensors to None, run_after=None
[2024-04-04T18:23:18.266+0000] {processor.py:183} INFO - Processing /home/airflow/.local/lib/python3.8/site-packages/airflow/example_dags/example_sensors.py took 0.180 seconds
[2024-04-04T18:23:48.976+0000] {processor.py:161} INFO - Started process (PID=47458) to work on /home/airflow/.local/lib/python3.8/site-packages/airflow/example_dags/example_sensors.py
[2024-04-04T18:23:48.979+0000] {processor.py:830} INFO - Processing file /home/airflow/.local/lib/python3.8/site-packages/airflow/example_dags/example_sensors.py for tasks to queue
[2024-04-04T18:23:48.981+0000] {logging_mixin.py:188} INFO - [2024-04-04T18:23:48.981+0000] {dagbag.py:538} INFO - Filling up the DagBag from /home/airflow/.local/lib/python3.8/site-packages/airflow/example_dags/example_sensors.py
[2024-04-04T18:23:49.011+0000] {processor.py:840} INFO - DAG(s) 'example_sensors' retrieved from /home/airflow/.local/lib/python3.8/site-packages/airflow/example_dags/example_sensors.py
[2024-04-04T18:23:49.089+0000] {logging_mixin.py:188} INFO - [2024-04-04T18:23:49.088+0000] {dag.py:3036} INFO - Sync 1 DAGs
[2024-04-04T18:23:49.125+0000] {logging_mixin.py:188} INFO - [2024-04-04T18:23:49.124+0000] {dag.py:3823} INFO - Setting next_dagrun for example_sensors to None, run_after=None
[2024-04-04T18:23:49.175+0000] {processor.py:183} INFO - Processing /home/airflow/.local/lib/python3.8/site-packages/airflow/example_dags/example_sensors.py took 0.211 seconds
[2024-04-04T19:14:45.978+0000] {processor.py:161} INFO - Started process (PID=47505) to work on /home/airflow/.local/lib/python3.8/site-packages/airflow/example_dags/example_sensors.py
[2024-04-04T19:14:45.992+0000] {processor.py:830} INFO - Processing file /home/airflow/.local/lib/python3.8/site-packages/airflow/example_dags/example_sensors.py for tasks to queue
[2024-04-04T19:14:46.002+0000] {logging_mixin.py:188} INFO - [2024-04-04T19:14:45.998+0000] {dagbag.py:538} INFO - Filling up the DagBag from /home/airflow/.local/lib/python3.8/site-packages/airflow/example_dags/example_sensors.py
[2024-04-04T19:14:46.103+0000] {processor.py:840} INFO - DAG(s) 'example_sensors' retrieved from /home/airflow/.local/lib/python3.8/site-packages/airflow/example_dags/example_sensors.py
[2024-04-04T19:14:46.421+0000] {logging_mixin.py:188} INFO - [2024-04-04T19:14:46.419+0000] {dag.py:3036} INFO - Sync 1 DAGs
[2024-04-04T19:14:46.576+0000] {logging_mixin.py:188} INFO - [2024-04-04T19:14:46.574+0000] {dag.py:3823} INFO - Setting next_dagrun for example_sensors to None, run_after=None
[2024-04-04T19:14:46.742+0000] {processor.py:183} INFO - Processing /home/airflow/.local/lib/python3.8/site-packages/airflow/example_dags/example_sensors.py took 0.802 seconds
[2024-04-04T19:15:17.519+0000] {processor.py:161} INFO - Started process (PID=47565) to work on /home/airflow/.local/lib/python3.8/site-packages/airflow/example_dags/example_sensors.py
[2024-04-04T19:15:17.523+0000] {processor.py:830} INFO - Processing file /home/airflow/.local/lib/python3.8/site-packages/airflow/example_dags/example_sensors.py for tasks to queue
[2024-04-04T19:15:17.528+0000] {logging_mixin.py:188} INFO - [2024-04-04T19:15:17.526+0000] {dagbag.py:538} INFO - Filling up the DagBag from /home/airflow/.local/lib/python3.8/site-packages/airflow/example_dags/example_sensors.py
[2024-04-04T19:15:17.568+0000] {processor.py:840} INFO - DAG(s) 'example_sensors' retrieved from /home/airflow/.local/lib/python3.8/site-packages/airflow/example_dags/example_sensors.py
[2024-04-04T19:15:17.684+0000] {logging_mixin.py:188} INFO - [2024-04-04T19:15:17.683+0000] {dag.py:3036} INFO - Sync 1 DAGs
[2024-04-04T19:15:17.739+0000] {logging_mixin.py:188} INFO - [2024-04-04T19:15:17.738+0000] {dag.py:3823} INFO - Setting next_dagrun for example_sensors to None, run_after=None
[2024-04-04T19:15:17.821+0000] {processor.py:183} INFO - Processing /home/airflow/.local/lib/python3.8/site-packages/airflow/example_dags/example_sensors.py took 0.315 seconds
[2024-04-04T23:14:56.529+0000] {processor.py:161} INFO - Started process (PID=47663) to work on /home/airflow/.local/lib/python3.8/site-packages/airflow/example_dags/example_sensors.py
[2024-04-04T23:14:56.545+0000] {processor.py:830} INFO - Processing file /home/airflow/.local/lib/python3.8/site-packages/airflow/example_dags/example_sensors.py for tasks to queue
[2024-04-04T23:14:56.560+0000] {logging_mixin.py:188} INFO - [2024-04-04T23:14:56.558+0000] {dagbag.py:538} INFO - Filling up the DagBag from /home/airflow/.local/lib/python3.8/site-packages/airflow/example_dags/example_sensors.py
[2024-04-04T23:14:56.714+0000] {processor.py:840} INFO - DAG(s) 'example_sensors' retrieved from /home/airflow/.local/lib/python3.8/site-packages/airflow/example_dags/example_sensors.py
[2024-04-04T23:14:57.127+0000] {logging_mixin.py:188} INFO - [2024-04-04T23:14:57.125+0000] {dag.py:3036} INFO - Sync 1 DAGs
[2024-04-04T23:14:57.354+0000] {logging_mixin.py:188} INFO - [2024-04-04T23:14:57.349+0000] {dag.py:3823} INFO - Setting next_dagrun for example_sensors to None, run_after=None
[2024-04-04T23:14:57.680+0000] {processor.py:183} INFO - Processing /home/airflow/.local/lib/python3.8/site-packages/airflow/example_dags/example_sensors.py took 1.190 seconds
[2024-04-04T23:15:40.221+0000] {processor.py:161} INFO - Started process (PID=47729) to work on /home/airflow/.local/lib/python3.8/site-packages/airflow/example_dags/example_sensors.py
[2024-04-04T23:15:40.228+0000] {processor.py:830} INFO - Processing file /home/airflow/.local/lib/python3.8/site-packages/airflow/example_dags/example_sensors.py for tasks to queue
[2024-04-04T23:15:40.238+0000] {logging_mixin.py:188} INFO - [2024-04-04T23:15:40.233+0000] {dagbag.py:538} INFO - Filling up the DagBag from /home/airflow/.local/lib/python3.8/site-packages/airflow/example_dags/example_sensors.py
[2024-04-04T23:15:40.317+0000] {processor.py:840} INFO - DAG(s) 'example_sensors' retrieved from /home/airflow/.local/lib/python3.8/site-packages/airflow/example_dags/example_sensors.py
[2024-04-04T23:15:40.552+0000] {logging_mixin.py:188} INFO - [2024-04-04T23:15:40.551+0000] {dag.py:3036} INFO - Sync 1 DAGs
[2024-04-04T23:15:40.644+0000] {logging_mixin.py:188} INFO - [2024-04-04T23:15:40.642+0000] {dag.py:3823} INFO - Setting next_dagrun for example_sensors to None, run_after=None
[2024-04-04T23:15:40.782+0000] {processor.py:183} INFO - Processing /home/airflow/.local/lib/python3.8/site-packages/airflow/example_dags/example_sensors.py took 0.585 seconds
[2024-04-04T23:16:11.214+0000] {processor.py:161} INFO - Started process (PID=47789) to work on /home/airflow/.local/lib/python3.8/site-packages/airflow/example_dags/example_sensors.py
[2024-04-04T23:16:11.221+0000] {processor.py:830} INFO - Processing file /home/airflow/.local/lib/python3.8/site-packages/airflow/example_dags/example_sensors.py for tasks to queue
[2024-04-04T23:16:11.229+0000] {logging_mixin.py:188} INFO - [2024-04-04T23:16:11.226+0000] {dagbag.py:538} INFO - Filling up the DagBag from /home/airflow/.local/lib/python3.8/site-packages/airflow/example_dags/example_sensors.py
[2024-04-04T23:16:11.300+0000] {processor.py:840} INFO - DAG(s) 'example_sensors' retrieved from /home/airflow/.local/lib/python3.8/site-packages/airflow/example_dags/example_sensors.py
[2024-04-04T23:16:11.468+0000] {logging_mixin.py:188} INFO - [2024-04-04T23:16:11.466+0000] {dag.py:3036} INFO - Sync 1 DAGs
[2024-04-04T23:16:11.601+0000] {logging_mixin.py:188} INFO - [2024-04-04T23:16:11.600+0000] {dag.py:3823} INFO - Setting next_dagrun for example_sensors to None, run_after=None
[2024-04-04T23:16:11.756+0000] {processor.py:183} INFO - Processing /home/airflow/.local/lib/python3.8/site-packages/airflow/example_dags/example_sensors.py took 0.565 seconds
[2024-04-04T23:16:43.725+0000] {processor.py:161} INFO - Started process (PID=47848) to work on /home/airflow/.local/lib/python3.8/site-packages/airflow/example_dags/example_sensors.py
[2024-04-04T23:16:43.729+0000] {processor.py:830} INFO - Processing file /home/airflow/.local/lib/python3.8/site-packages/airflow/example_dags/example_sensors.py for tasks to queue
[2024-04-04T23:16:43.733+0000] {logging_mixin.py:188} INFO - [2024-04-04T23:16:43.732+0000] {dagbag.py:538} INFO - Filling up the DagBag from /home/airflow/.local/lib/python3.8/site-packages/airflow/example_dags/example_sensors.py
[2024-04-04T23:16:43.768+0000] {processor.py:840} INFO - DAG(s) 'example_sensors' retrieved from /home/airflow/.local/lib/python3.8/site-packages/airflow/example_dags/example_sensors.py
[2024-04-04T23:16:43.864+0000] {logging_mixin.py:188} INFO - [2024-04-04T23:16:43.863+0000] {dag.py:3036} INFO - Sync 1 DAGs
[2024-04-04T23:16:43.913+0000] {logging_mixin.py:188} INFO - [2024-04-04T23:16:43.912+0000] {dag.py:3823} INFO - Setting next_dagrun for example_sensors to None, run_after=None
[2024-04-04T23:16:43.974+0000] {processor.py:183} INFO - Processing /home/airflow/.local/lib/python3.8/site-packages/airflow/example_dags/example_sensors.py took 0.261 seconds
[2024-04-04T23:17:14.232+0000] {processor.py:161} INFO - Started process (PID=47908) to work on /home/airflow/.local/lib/python3.8/site-packages/airflow/example_dags/example_sensors.py
[2024-04-04T23:17:14.235+0000] {processor.py:830} INFO - Processing file /home/airflow/.local/lib/python3.8/site-packages/airflow/example_dags/example_sensors.py for tasks to queue
[2024-04-04T23:17:14.237+0000] {logging_mixin.py:188} INFO - [2024-04-04T23:17:14.237+0000] {dagbag.py:538} INFO - Filling up the DagBag from /home/airflow/.local/lib/python3.8/site-packages/airflow/example_dags/example_sensors.py
[2024-04-04T23:17:14.260+0000] {processor.py:840} INFO - DAG(s) 'example_sensors' retrieved from /home/airflow/.local/lib/python3.8/site-packages/airflow/example_dags/example_sensors.py
[2024-04-04T23:17:14.321+0000] {logging_mixin.py:188} INFO - [2024-04-04T23:17:14.321+0000] {dag.py:3036} INFO - Sync 1 DAGs
[2024-04-04T23:17:14.351+0000] {logging_mixin.py:188} INFO - [2024-04-04T23:17:14.351+0000] {dag.py:3823} INFO - Setting next_dagrun for example_sensors to None, run_after=None
[2024-04-04T23:17:14.402+0000] {processor.py:183} INFO - Processing /home/airflow/.local/lib/python3.8/site-packages/airflow/example_dags/example_sensors.py took 0.178 seconds
[2024-04-04T23:17:45.368+0000] {processor.py:161} INFO - Started process (PID=47969) to work on /home/airflow/.local/lib/python3.8/site-packages/airflow/example_dags/example_sensors.py
[2024-04-04T23:17:45.373+0000] {processor.py:830} INFO - Processing file /home/airflow/.local/lib/python3.8/site-packages/airflow/example_dags/example_sensors.py for tasks to queue
[2024-04-04T23:17:45.378+0000] {logging_mixin.py:188} INFO - [2024-04-04T23:17:45.376+0000] {dagbag.py:538} INFO - Filling up the DagBag from /home/airflow/.local/lib/python3.8/site-packages/airflow/example_dags/example_sensors.py
[2024-04-04T23:17:45.434+0000] {processor.py:840} INFO - DAG(s) 'example_sensors' retrieved from /home/airflow/.local/lib/python3.8/site-packages/airflow/example_dags/example_sensors.py
[2024-04-04T23:17:45.583+0000] {logging_mixin.py:188} INFO - [2024-04-04T23:17:45.582+0000] {dag.py:3036} INFO - Sync 1 DAGs
[2024-04-04T23:17:45.647+0000] {logging_mixin.py:188} INFO - [2024-04-04T23:17:45.646+0000] {dag.py:3823} INFO - Setting next_dagrun for example_sensors to None, run_after=None
[2024-04-04T23:17:45.745+0000] {processor.py:183} INFO - Processing /home/airflow/.local/lib/python3.8/site-packages/airflow/example_dags/example_sensors.py took 0.393 seconds
[2024-04-04T23:18:15.961+0000] {processor.py:161} INFO - Started process (PID=48029) to work on /home/airflow/.local/lib/python3.8/site-packages/airflow/example_dags/example_sensors.py
[2024-04-04T23:18:15.977+0000] {processor.py:830} INFO - Processing file /home/airflow/.local/lib/python3.8/site-packages/airflow/example_dags/example_sensors.py for tasks to queue
[2024-04-04T23:18:15.986+0000] {logging_mixin.py:188} INFO - [2024-04-04T23:18:15.983+0000] {dagbag.py:538} INFO - Filling up the DagBag from /home/airflow/.local/lib/python3.8/site-packages/airflow/example_dags/example_sensors.py
[2024-04-04T23:18:16.115+0000] {processor.py:840} INFO - DAG(s) 'example_sensors' retrieved from /home/airflow/.local/lib/python3.8/site-packages/airflow/example_dags/example_sensors.py
[2024-04-04T23:18:16.304+0000] {logging_mixin.py:188} INFO - [2024-04-04T23:18:16.303+0000] {dag.py:3036} INFO - Sync 1 DAGs
[2024-04-04T23:18:16.388+0000] {logging_mixin.py:188} INFO - [2024-04-04T23:18:16.387+0000] {dag.py:3823} INFO - Setting next_dagrun for example_sensors to None, run_after=None
[2024-04-04T23:18:16.520+0000] {processor.py:183} INFO - Processing /home/airflow/.local/lib/python3.8/site-packages/airflow/example_dags/example_sensors.py took 0.608 seconds
[2024-04-04T23:18:47.041+0000] {processor.py:161} INFO - Started process (PID=48090) to work on /home/airflow/.local/lib/python3.8/site-packages/airflow/example_dags/example_sensors.py
[2024-04-04T23:18:47.044+0000] {processor.py:830} INFO - Processing file /home/airflow/.local/lib/python3.8/site-packages/airflow/example_dags/example_sensors.py for tasks to queue
[2024-04-04T23:18:47.046+0000] {logging_mixin.py:188} INFO - [2024-04-04T23:18:47.045+0000] {dagbag.py:538} INFO - Filling up the DagBag from /home/airflow/.local/lib/python3.8/site-packages/airflow/example_dags/example_sensors.py
[2024-04-04T23:18:47.068+0000] {processor.py:840} INFO - DAG(s) 'example_sensors' retrieved from /home/airflow/.local/lib/python3.8/site-packages/airflow/example_dags/example_sensors.py
[2024-04-04T23:18:47.131+0000] {logging_mixin.py:188} INFO - [2024-04-04T23:18:47.130+0000] {dag.py:3036} INFO - Sync 1 DAGs
[2024-04-04T23:18:47.158+0000] {logging_mixin.py:188} INFO - [2024-04-04T23:18:47.158+0000] {dag.py:3823} INFO - Setting next_dagrun for example_sensors to None, run_after=None
[2024-04-04T23:18:47.210+0000] {processor.py:183} INFO - Processing /home/airflow/.local/lib/python3.8/site-packages/airflow/example_dags/example_sensors.py took 0.177 seconds
[2024-04-04T23:19:17.454+0000] {processor.py:161} INFO - Started process (PID=48150) to work on /home/airflow/.local/lib/python3.8/site-packages/airflow/example_dags/example_sensors.py
[2024-04-04T23:19:17.457+0000] {processor.py:830} INFO - Processing file /home/airflow/.local/lib/python3.8/site-packages/airflow/example_dags/example_sensors.py for tasks to queue
[2024-04-04T23:19:17.460+0000] {logging_mixin.py:188} INFO - [2024-04-04T23:19:17.459+0000] {dagbag.py:538} INFO - Filling up the DagBag from /home/airflow/.local/lib/python3.8/site-packages/airflow/example_dags/example_sensors.py
[2024-04-04T23:19:17.491+0000] {processor.py:840} INFO - DAG(s) 'example_sensors' retrieved from /home/airflow/.local/lib/python3.8/site-packages/airflow/example_dags/example_sensors.py
[2024-04-04T23:19:17.555+0000] {logging_mixin.py:188} INFO - [2024-04-04T23:19:17.554+0000] {dag.py:3036} INFO - Sync 1 DAGs
[2024-04-04T23:19:17.584+0000] {logging_mixin.py:188} INFO - [2024-04-04T23:19:17.583+0000] {dag.py:3823} INFO - Setting next_dagrun for example_sensors to None, run_after=None
[2024-04-04T23:19:17.625+0000] {processor.py:183} INFO - Processing /home/airflow/.local/lib/python3.8/site-packages/airflow/example_dags/example_sensors.py took 0.179 seconds
[2024-04-04T23:19:48.203+0000] {processor.py:161} INFO - Started process (PID=48210) to work on /home/airflow/.local/lib/python3.8/site-packages/airflow/example_dags/example_sensors.py
[2024-04-04T23:19:48.209+0000] {processor.py:830} INFO - Processing file /home/airflow/.local/lib/python3.8/site-packages/airflow/example_dags/example_sensors.py for tasks to queue
[2024-04-04T23:19:48.215+0000] {logging_mixin.py:188} INFO - [2024-04-04T23:19:48.213+0000] {dagbag.py:538} INFO - Filling up the DagBag from /home/airflow/.local/lib/python3.8/site-packages/airflow/example_dags/example_sensors.py
[2024-04-04T23:19:48.274+0000] {processor.py:840} INFO - DAG(s) 'example_sensors' retrieved from /home/airflow/.local/lib/python3.8/site-packages/airflow/example_dags/example_sensors.py
[2024-04-04T23:19:48.438+0000] {logging_mixin.py:188} INFO - [2024-04-04T23:19:48.436+0000] {dag.py:3036} INFO - Sync 1 DAGs
[2024-04-04T23:19:48.524+0000] {logging_mixin.py:188} INFO - [2024-04-04T23:19:48.523+0000] {dag.py:3823} INFO - Setting next_dagrun for example_sensors to None, run_after=None
[2024-04-04T23:19:48.654+0000] {processor.py:183} INFO - Processing /home/airflow/.local/lib/python3.8/site-packages/airflow/example_dags/example_sensors.py took 0.472 seconds
[2024-04-04T23:20:19.337+0000] {processor.py:161} INFO - Started process (PID=48270) to work on /home/airflow/.local/lib/python3.8/site-packages/airflow/example_dags/example_sensors.py
[2024-04-04T23:20:19.343+0000] {processor.py:830} INFO - Processing file /home/airflow/.local/lib/python3.8/site-packages/airflow/example_dags/example_sensors.py for tasks to queue
[2024-04-04T23:20:19.350+0000] {logging_mixin.py:188} INFO - [2024-04-04T23:20:19.348+0000] {dagbag.py:538} INFO - Filling up the DagBag from /home/airflow/.local/lib/python3.8/site-packages/airflow/example_dags/example_sensors.py
[2024-04-04T23:20:19.410+0000] {processor.py:840} INFO - DAG(s) 'example_sensors' retrieved from /home/airflow/.local/lib/python3.8/site-packages/airflow/example_dags/example_sensors.py
[2024-04-04T23:20:19.593+0000] {logging_mixin.py:188} INFO - [2024-04-04T23:20:19.592+0000] {dag.py:3036} INFO - Sync 1 DAGs
[2024-04-04T23:20:19.696+0000] {logging_mixin.py:188} INFO - [2024-04-04T23:20:19.693+0000] {dag.py:3823} INFO - Setting next_dagrun for example_sensors to None, run_after=None
[2024-04-04T23:20:19.832+0000] {processor.py:183} INFO - Processing /home/airflow/.local/lib/python3.8/site-packages/airflow/example_dags/example_sensors.py took 0.515 seconds
[2024-04-04T23:20:50.620+0000] {processor.py:161} INFO - Started process (PID=48330) to work on /home/airflow/.local/lib/python3.8/site-packages/airflow/example_dags/example_sensors.py
[2024-04-04T23:20:50.624+0000] {processor.py:830} INFO - Processing file /home/airflow/.local/lib/python3.8/site-packages/airflow/example_dags/example_sensors.py for tasks to queue
[2024-04-04T23:20:50.628+0000] {logging_mixin.py:188} INFO - [2024-04-04T23:20:50.627+0000] {dagbag.py:538} INFO - Filling up the DagBag from /home/airflow/.local/lib/python3.8/site-packages/airflow/example_dags/example_sensors.py
[2024-04-04T23:20:50.664+0000] {processor.py:840} INFO - DAG(s) 'example_sensors' retrieved from /home/airflow/.local/lib/python3.8/site-packages/airflow/example_dags/example_sensors.py
[2024-04-04T23:20:50.747+0000] {logging_mixin.py:188} INFO - [2024-04-04T23:20:50.746+0000] {dag.py:3036} INFO - Sync 1 DAGs
[2024-04-04T23:20:50.787+0000] {logging_mixin.py:188} INFO - [2024-04-04T23:20:50.786+0000] {dag.py:3823} INFO - Setting next_dagrun for example_sensors to None, run_after=None
[2024-04-04T23:20:50.842+0000] {processor.py:183} INFO - Processing /home/airflow/.local/lib/python3.8/site-packages/airflow/example_dags/example_sensors.py took 0.233 seconds
[2024-04-04T23:21:21.101+0000] {processor.py:161} INFO - Started process (PID=48390) to work on /home/airflow/.local/lib/python3.8/site-packages/airflow/example_dags/example_sensors.py
[2024-04-04T23:21:21.103+0000] {processor.py:830} INFO - Processing file /home/airflow/.local/lib/python3.8/site-packages/airflow/example_dags/example_sensors.py for tasks to queue
[2024-04-04T23:21:21.107+0000] {logging_mixin.py:188} INFO - [2024-04-04T23:21:21.106+0000] {dagbag.py:538} INFO - Filling up the DagBag from /home/airflow/.local/lib/python3.8/site-packages/airflow/example_dags/example_sensors.py
[2024-04-04T23:21:21.135+0000] {processor.py:840} INFO - DAG(s) 'example_sensors' retrieved from /home/airflow/.local/lib/python3.8/site-packages/airflow/example_dags/example_sensors.py
[2024-04-04T23:21:21.215+0000] {logging_mixin.py:188} INFO - [2024-04-04T23:21:21.215+0000] {dag.py:3036} INFO - Sync 1 DAGs
[2024-04-04T23:21:21.254+0000] {logging_mixin.py:188} INFO - [2024-04-04T23:21:21.254+0000] {dag.py:3823} INFO - Setting next_dagrun for example_sensors to None, run_after=None
[2024-04-04T23:21:21.323+0000] {processor.py:183} INFO - Processing /home/airflow/.local/lib/python3.8/site-packages/airflow/example_dags/example_sensors.py took 0.232 seconds
[2024-04-04T23:21:51.846+0000] {processor.py:161} INFO - Started process (PID=48450) to work on /home/airflow/.local/lib/python3.8/site-packages/airflow/example_dags/example_sensors.py
[2024-04-04T23:21:51.851+0000] {processor.py:830} INFO - Processing file /home/airflow/.local/lib/python3.8/site-packages/airflow/example_dags/example_sensors.py for tasks to queue
[2024-04-04T23:21:51.856+0000] {logging_mixin.py:188} INFO - [2024-04-04T23:21:51.855+0000] {dagbag.py:538} INFO - Filling up the DagBag from /home/airflow/.local/lib/python3.8/site-packages/airflow/example_dags/example_sensors.py
[2024-04-04T23:21:51.903+0000] {processor.py:840} INFO - DAG(s) 'example_sensors' retrieved from /home/airflow/.local/lib/python3.8/site-packages/airflow/example_dags/example_sensors.py
[2024-04-04T23:21:52.024+0000] {logging_mixin.py:188} INFO - [2024-04-04T23:21:52.023+0000] {dag.py:3036} INFO - Sync 1 DAGs
[2024-04-04T23:21:52.074+0000] {logging_mixin.py:188} INFO - [2024-04-04T23:21:52.074+0000] {dag.py:3823} INFO - Setting next_dagrun for example_sensors to None, run_after=None
[2024-04-04T23:21:52.151+0000] {processor.py:183} INFO - Processing /home/airflow/.local/lib/python3.8/site-packages/airflow/example_dags/example_sensors.py took 0.321 seconds
[2024-04-04T23:22:24.408+0000] {processor.py:161} INFO - Started process (PID=48510) to work on /home/airflow/.local/lib/python3.8/site-packages/airflow/example_dags/example_sensors.py
[2024-04-04T23:22:24.415+0000] {processor.py:830} INFO - Processing file /home/airflow/.local/lib/python3.8/site-packages/airflow/example_dags/example_sensors.py for tasks to queue
[2024-04-04T23:22:24.427+0000] {logging_mixin.py:188} INFO - [2024-04-04T23:22:24.424+0000] {dagbag.py:538} INFO - Filling up the DagBag from /home/airflow/.local/lib/python3.8/site-packages/airflow/example_dags/example_sensors.py
[2024-04-04T23:22:24.603+0000] {processor.py:840} INFO - DAG(s) 'example_sensors' retrieved from /home/airflow/.local/lib/python3.8/site-packages/airflow/example_dags/example_sensors.py
[2024-04-04T23:22:24.795+0000] {logging_mixin.py:188} INFO - [2024-04-04T23:22:24.794+0000] {dag.py:3036} INFO - Sync 1 DAGs
[2024-04-04T23:22:24.879+0000] {logging_mixin.py:188} INFO - [2024-04-04T23:22:24.877+0000] {dag.py:3823} INFO - Setting next_dagrun for example_sensors to None, run_after=None
[2024-04-04T23:22:25.008+0000] {processor.py:183} INFO - Processing /home/airflow/.local/lib/python3.8/site-packages/airflow/example_dags/example_sensors.py took 0.659 seconds
[2024-04-04T23:22:55.809+0000] {processor.py:161} INFO - Started process (PID=48570) to work on /home/airflow/.local/lib/python3.8/site-packages/airflow/example_dags/example_sensors.py
[2024-04-04T23:22:55.812+0000] {processor.py:830} INFO - Processing file /home/airflow/.local/lib/python3.8/site-packages/airflow/example_dags/example_sensors.py for tasks to queue
[2024-04-04T23:22:55.816+0000] {logging_mixin.py:188} INFO - [2024-04-04T23:22:55.815+0000] {dagbag.py:538} INFO - Filling up the DagBag from /home/airflow/.local/lib/python3.8/site-packages/airflow/example_dags/example_sensors.py
[2024-04-04T23:22:55.902+0000] {processor.py:840} INFO - DAG(s) 'example_sensors' retrieved from /home/airflow/.local/lib/python3.8/site-packages/airflow/example_dags/example_sensors.py
[2024-04-04T23:22:56.039+0000] {logging_mixin.py:188} INFO - [2024-04-04T23:22:56.038+0000] {dag.py:3036} INFO - Sync 1 DAGs
[2024-04-04T23:22:56.098+0000] {logging_mixin.py:188} INFO - [2024-04-04T23:22:56.097+0000] {dag.py:3823} INFO - Setting next_dagrun for example_sensors to None, run_after=None
[2024-04-04T23:22:56.190+0000] {processor.py:183} INFO - Processing /home/airflow/.local/lib/python3.8/site-packages/airflow/example_dags/example_sensors.py took 0.396 seconds
[2024-04-04T23:23:26.487+0000] {processor.py:161} INFO - Started process (PID=48630) to work on /home/airflow/.local/lib/python3.8/site-packages/airflow/example_dags/example_sensors.py
[2024-04-04T23:23:26.489+0000] {processor.py:830} INFO - Processing file /home/airflow/.local/lib/python3.8/site-packages/airflow/example_dags/example_sensors.py for tasks to queue
[2024-04-04T23:23:26.492+0000] {logging_mixin.py:188} INFO - [2024-04-04T23:23:26.491+0000] {dagbag.py:538} INFO - Filling up the DagBag from /home/airflow/.local/lib/python3.8/site-packages/airflow/example_dags/example_sensors.py
[2024-04-04T23:23:26.513+0000] {processor.py:840} INFO - DAG(s) 'example_sensors' retrieved from /home/airflow/.local/lib/python3.8/site-packages/airflow/example_dags/example_sensors.py
[2024-04-04T23:23:26.573+0000] {logging_mixin.py:188} INFO - [2024-04-04T23:23:26.573+0000] {dag.py:3036} INFO - Sync 1 DAGs
[2024-04-04T23:23:26.600+0000] {logging_mixin.py:188} INFO - [2024-04-04T23:23:26.600+0000] {dag.py:3823} INFO - Setting next_dagrun for example_sensors to None, run_after=None
[2024-04-04T23:23:26.639+0000] {processor.py:183} INFO - Processing /home/airflow/.local/lib/python3.8/site-packages/airflow/example_dags/example_sensors.py took 0.160 seconds
[2024-04-04T23:23:57.205+0000] {processor.py:161} INFO - Started process (PID=48690) to work on /home/airflow/.local/lib/python3.8/site-packages/airflow/example_dags/example_sensors.py
[2024-04-04T23:23:57.207+0000] {processor.py:830} INFO - Processing file /home/airflow/.local/lib/python3.8/site-packages/airflow/example_dags/example_sensors.py for tasks to queue
[2024-04-04T23:23:57.210+0000] {logging_mixin.py:188} INFO - [2024-04-04T23:23:57.209+0000] {dagbag.py:538} INFO - Filling up the DagBag from /home/airflow/.local/lib/python3.8/site-packages/airflow/example_dags/example_sensors.py
[2024-04-04T23:23:57.234+0000] {processor.py:840} INFO - DAG(s) 'example_sensors' retrieved from /home/airflow/.local/lib/python3.8/site-packages/airflow/example_dags/example_sensors.py
[2024-04-04T23:23:57.300+0000] {logging_mixin.py:188} INFO - [2024-04-04T23:23:57.299+0000] {dag.py:3036} INFO - Sync 1 DAGs
[2024-04-04T23:23:57.330+0000] {logging_mixin.py:188} INFO - [2024-04-04T23:23:57.329+0000] {dag.py:3823} INFO - Setting next_dagrun for example_sensors to None, run_after=None
[2024-04-04T23:23:57.386+0000] {processor.py:183} INFO - Processing /home/airflow/.local/lib/python3.8/site-packages/airflow/example_dags/example_sensors.py took 0.189 seconds
[2024-04-04T23:24:28.431+0000] {processor.py:161} INFO - Started process (PID=48750) to work on /home/airflow/.local/lib/python3.8/site-packages/airflow/example_dags/example_sensors.py
[2024-04-04T23:24:28.437+0000] {processor.py:830} INFO - Processing file /home/airflow/.local/lib/python3.8/site-packages/airflow/example_dags/example_sensors.py for tasks to queue
[2024-04-04T23:24:28.443+0000] {logging_mixin.py:188} INFO - [2024-04-04T23:24:28.441+0000] {dagbag.py:538} INFO - Filling up the DagBag from /home/airflow/.local/lib/python3.8/site-packages/airflow/example_dags/example_sensors.py
[2024-04-04T23:24:28.517+0000] {processor.py:840} INFO - DAG(s) 'example_sensors' retrieved from /home/airflow/.local/lib/python3.8/site-packages/airflow/example_dags/example_sensors.py
[2024-04-04T23:24:28.673+0000] {logging_mixin.py:188} INFO - [2024-04-04T23:24:28.672+0000] {dag.py:3036} INFO - Sync 1 DAGs
[2024-04-04T23:24:28.745+0000] {logging_mixin.py:188} INFO - [2024-04-04T23:24:28.744+0000] {dag.py:3823} INFO - Setting next_dagrun for example_sensors to None, run_after=None
[2024-04-04T23:24:28.878+0000] {processor.py:183} INFO - Processing /home/airflow/.local/lib/python3.8/site-packages/airflow/example_dags/example_sensors.py took 0.469 seconds
[2024-04-04T23:24:59.761+0000] {processor.py:161} INFO - Started process (PID=48810) to work on /home/airflow/.local/lib/python3.8/site-packages/airflow/example_dags/example_sensors.py
[2024-04-04T23:24:59.769+0000] {processor.py:830} INFO - Processing file /home/airflow/.local/lib/python3.8/site-packages/airflow/example_dags/example_sensors.py for tasks to queue
[2024-04-04T23:24:59.778+0000] {logging_mixin.py:188} INFO - [2024-04-04T23:24:59.774+0000] {dagbag.py:538} INFO - Filling up the DagBag from /home/airflow/.local/lib/python3.8/site-packages/airflow/example_dags/example_sensors.py
[2024-04-04T23:24:59.869+0000] {processor.py:840} INFO - DAG(s) 'example_sensors' retrieved from /home/airflow/.local/lib/python3.8/site-packages/airflow/example_dags/example_sensors.py
[2024-04-04T23:25:00.153+0000] {logging_mixin.py:188} INFO - [2024-04-04T23:25:00.151+0000] {dag.py:3036} INFO - Sync 1 DAGs
[2024-04-04T23:25:00.248+0000] {logging_mixin.py:188} INFO - [2024-04-04T23:25:00.246+0000] {dag.py:3823} INFO - Setting next_dagrun for example_sensors to None, run_after=None
[2024-04-04T23:25:00.378+0000] {processor.py:183} INFO - Processing /home/airflow/.local/lib/python3.8/site-packages/airflow/example_dags/example_sensors.py took 0.651 seconds
[2024-04-04T23:25:30.907+0000] {processor.py:161} INFO - Started process (PID=48870) to work on /home/airflow/.local/lib/python3.8/site-packages/airflow/example_dags/example_sensors.py
[2024-04-04T23:25:30.910+0000] {processor.py:830} INFO - Processing file /home/airflow/.local/lib/python3.8/site-packages/airflow/example_dags/example_sensors.py for tasks to queue
[2024-04-04T23:25:30.913+0000] {logging_mixin.py:188} INFO - [2024-04-04T23:25:30.912+0000] {dagbag.py:538} INFO - Filling up the DagBag from /home/airflow/.local/lib/python3.8/site-packages/airflow/example_dags/example_sensors.py
[2024-04-04T23:25:30.942+0000] {processor.py:840} INFO - DAG(s) 'example_sensors' retrieved from /home/airflow/.local/lib/python3.8/site-packages/airflow/example_dags/example_sensors.py
[2024-04-04T23:25:31.022+0000] {logging_mixin.py:188} INFO - [2024-04-04T23:25:31.021+0000] {dag.py:3036} INFO - Sync 1 DAGs
[2024-04-04T23:25:31.058+0000] {logging_mixin.py:188} INFO - [2024-04-04T23:25:31.058+0000] {dag.py:3823} INFO - Setting next_dagrun for example_sensors to None, run_after=None
[2024-04-04T23:25:31.121+0000] {processor.py:183} INFO - Processing /home/airflow/.local/lib/python3.8/site-packages/airflow/example_dags/example_sensors.py took 0.224 seconds
[2024-04-04T23:26:01.771+0000] {processor.py:161} INFO - Started process (PID=48930) to work on /home/airflow/.local/lib/python3.8/site-packages/airflow/example_dags/example_sensors.py
[2024-04-04T23:26:01.774+0000] {processor.py:830} INFO - Processing file /home/airflow/.local/lib/python3.8/site-packages/airflow/example_dags/example_sensors.py for tasks to queue
[2024-04-04T23:26:01.778+0000] {logging_mixin.py:188} INFO - [2024-04-04T23:26:01.777+0000] {dagbag.py:538} INFO - Filling up the DagBag from /home/airflow/.local/lib/python3.8/site-packages/airflow/example_dags/example_sensors.py
[2024-04-04T23:26:01.805+0000] {processor.py:840} INFO - DAG(s) 'example_sensors' retrieved from /home/airflow/.local/lib/python3.8/site-packages/airflow/example_dags/example_sensors.py
[2024-04-04T23:26:01.879+0000] {logging_mixin.py:188} INFO - [2024-04-04T23:26:01.878+0000] {dag.py:3036} INFO - Sync 1 DAGs
[2024-04-04T23:26:01.920+0000] {logging_mixin.py:188} INFO - [2024-04-04T23:26:01.919+0000] {dag.py:3823} INFO - Setting next_dagrun for example_sensors to None, run_after=None
[2024-04-04T23:26:01.970+0000] {processor.py:183} INFO - Processing /home/airflow/.local/lib/python3.8/site-packages/airflow/example_dags/example_sensors.py took 0.209 seconds
[2024-04-04T23:26:32.857+0000] {processor.py:161} INFO - Started process (PID=48988) to work on /home/airflow/.local/lib/python3.8/site-packages/airflow/example_dags/example_sensors.py
[2024-04-04T23:26:32.861+0000] {processor.py:830} INFO - Processing file /home/airflow/.local/lib/python3.8/site-packages/airflow/example_dags/example_sensors.py for tasks to queue
[2024-04-04T23:26:32.866+0000] {logging_mixin.py:188} INFO - [2024-04-04T23:26:32.864+0000] {dagbag.py:538} INFO - Filling up the DagBag from /home/airflow/.local/lib/python3.8/site-packages/airflow/example_dags/example_sensors.py
[2024-04-04T23:26:32.906+0000] {processor.py:840} INFO - DAG(s) 'example_sensors' retrieved from /home/airflow/.local/lib/python3.8/site-packages/airflow/example_dags/example_sensors.py
[2024-04-04T23:26:33.013+0000] {logging_mixin.py:188} INFO - [2024-04-04T23:26:33.012+0000] {dag.py:3036} INFO - Sync 1 DAGs
[2024-04-04T23:26:33.060+0000] {logging_mixin.py:188} INFO - [2024-04-04T23:26:33.059+0000] {dag.py:3823} INFO - Setting next_dagrun for example_sensors to None, run_after=None
[2024-04-04T23:26:33.119+0000] {processor.py:183} INFO - Processing /home/airflow/.local/lib/python3.8/site-packages/airflow/example_dags/example_sensors.py took 0.275 seconds
[2024-04-04T23:27:03.996+0000] {processor.py:161} INFO - Started process (PID=49048) to work on /home/airflow/.local/lib/python3.8/site-packages/airflow/example_dags/example_sensors.py
[2024-04-04T23:27:04.005+0000] {processor.py:830} INFO - Processing file /home/airflow/.local/lib/python3.8/site-packages/airflow/example_dags/example_sensors.py for tasks to queue
[2024-04-04T23:27:04.012+0000] {logging_mixin.py:188} INFO - [2024-04-04T23:27:04.009+0000] {dagbag.py:538} INFO - Filling up the DagBag from /home/airflow/.local/lib/python3.8/site-packages/airflow/example_dags/example_sensors.py
[2024-04-04T23:27:04.098+0000] {processor.py:840} INFO - DAG(s) 'example_sensors' retrieved from /home/airflow/.local/lib/python3.8/site-packages/airflow/example_dags/example_sensors.py
[2024-04-04T23:27:04.335+0000] {logging_mixin.py:188} INFO - [2024-04-04T23:27:04.332+0000] {dag.py:3036} INFO - Sync 1 DAGs
[2024-04-04T23:27:04.493+0000] {logging_mixin.py:188} INFO - [2024-04-04T23:27:04.491+0000] {dag.py:3823} INFO - Setting next_dagrun for example_sensors to None, run_after=None
[2024-04-04T23:27:04.770+0000] {processor.py:183} INFO - Processing /home/airflow/.local/lib/python3.8/site-packages/airflow/example_dags/example_sensors.py took 0.799 seconds
[2024-04-04T23:27:35.523+0000] {processor.py:161} INFO - Started process (PID=49109) to work on /home/airflow/.local/lib/python3.8/site-packages/airflow/example_dags/example_sensors.py
[2024-04-04T23:27:35.525+0000] {processor.py:830} INFO - Processing file /home/airflow/.local/lib/python3.8/site-packages/airflow/example_dags/example_sensors.py for tasks to queue
[2024-04-04T23:27:35.527+0000] {logging_mixin.py:188} INFO - [2024-04-04T23:27:35.527+0000] {dagbag.py:538} INFO - Filling up the DagBag from /home/airflow/.local/lib/python3.8/site-packages/airflow/example_dags/example_sensors.py
[2024-04-04T23:27:35.552+0000] {processor.py:840} INFO - DAG(s) 'example_sensors' retrieved from /home/airflow/.local/lib/python3.8/site-packages/airflow/example_dags/example_sensors.py
[2024-04-04T23:27:35.626+0000] {logging_mixin.py:188} INFO - [2024-04-04T23:27:35.625+0000] {dag.py:3036} INFO - Sync 1 DAGs
[2024-04-04T23:27:35.663+0000] {logging_mixin.py:188} INFO - [2024-04-04T23:27:35.662+0000] {dag.py:3823} INFO - Setting next_dagrun for example_sensors to None, run_after=None
[2024-04-04T23:27:35.715+0000] {processor.py:183} INFO - Processing /home/airflow/.local/lib/python3.8/site-packages/airflow/example_dags/example_sensors.py took 0.199 seconds
[2024-04-04T23:28:06.071+0000] {processor.py:161} INFO - Started process (PID=49169) to work on /home/airflow/.local/lib/python3.8/site-packages/airflow/example_dags/example_sensors.py
[2024-04-04T23:28:06.073+0000] {processor.py:830} INFO - Processing file /home/airflow/.local/lib/python3.8/site-packages/airflow/example_dags/example_sensors.py for tasks to queue
[2024-04-04T23:28:06.076+0000] {logging_mixin.py:188} INFO - [2024-04-04T23:28:06.075+0000] {dagbag.py:538} INFO - Filling up the DagBag from /home/airflow/.local/lib/python3.8/site-packages/airflow/example_dags/example_sensors.py
[2024-04-04T23:28:06.107+0000] {processor.py:840} INFO - DAG(s) 'example_sensors' retrieved from /home/airflow/.local/lib/python3.8/site-packages/airflow/example_dags/example_sensors.py
[2024-04-04T23:28:06.180+0000] {logging_mixin.py:188} INFO - [2024-04-04T23:28:06.179+0000] {dag.py:3036} INFO - Sync 1 DAGs
[2024-04-04T23:28:06.223+0000] {logging_mixin.py:188} INFO - [2024-04-04T23:28:06.223+0000] {dag.py:3823} INFO - Setting next_dagrun for example_sensors to None, run_after=None
[2024-04-04T23:28:06.277+0000] {processor.py:183} INFO - Processing /home/airflow/.local/lib/python3.8/site-packages/airflow/example_dags/example_sensors.py took 0.214 seconds
[2024-04-04T23:28:36.530+0000] {processor.py:161} INFO - Started process (PID=49229) to work on /home/airflow/.local/lib/python3.8/site-packages/airflow/example_dags/example_sensors.py
[2024-04-04T23:28:36.533+0000] {processor.py:830} INFO - Processing file /home/airflow/.local/lib/python3.8/site-packages/airflow/example_dags/example_sensors.py for tasks to queue
[2024-04-04T23:28:36.536+0000] {logging_mixin.py:188} INFO - [2024-04-04T23:28:36.535+0000] {dagbag.py:538} INFO - Filling up the DagBag from /home/airflow/.local/lib/python3.8/site-packages/airflow/example_dags/example_sensors.py
[2024-04-04T23:28:36.566+0000] {processor.py:840} INFO - DAG(s) 'example_sensors' retrieved from /home/airflow/.local/lib/python3.8/site-packages/airflow/example_dags/example_sensors.py
[2024-04-04T23:28:36.655+0000] {logging_mixin.py:188} INFO - [2024-04-04T23:28:36.654+0000] {dag.py:3036} INFO - Sync 1 DAGs
[2024-04-04T23:28:36.705+0000] {logging_mixin.py:188} INFO - [2024-04-04T23:28:36.704+0000] {dag.py:3823} INFO - Setting next_dagrun for example_sensors to None, run_after=None
[2024-04-04T23:28:36.774+0000] {processor.py:183} INFO - Processing /home/airflow/.local/lib/python3.8/site-packages/airflow/example_dags/example_sensors.py took 0.255 seconds
[2024-04-04T23:29:07.849+0000] {processor.py:161} INFO - Started process (PID=49289) to work on /home/airflow/.local/lib/python3.8/site-packages/airflow/example_dags/example_sensors.py
[2024-04-04T23:29:07.882+0000] {processor.py:830} INFO - Processing file /home/airflow/.local/lib/python3.8/site-packages/airflow/example_dags/example_sensors.py for tasks to queue
[2024-04-04T23:29:07.904+0000] {logging_mixin.py:188} INFO - [2024-04-04T23:29:07.888+0000] {dagbag.py:538} INFO - Filling up the DagBag from /home/airflow/.local/lib/python3.8/site-packages/airflow/example_dags/example_sensors.py
[2024-04-04T23:29:08.108+0000] {processor.py:840} INFO - DAG(s) 'example_sensors' retrieved from /home/airflow/.local/lib/python3.8/site-packages/airflow/example_dags/example_sensors.py
[2024-04-04T23:29:08.473+0000] {logging_mixin.py:188} INFO - [2024-04-04T23:29:08.471+0000] {dag.py:3036} INFO - Sync 1 DAGs
[2024-04-04T23:29:08.618+0000] {logging_mixin.py:188} INFO - [2024-04-04T23:29:08.617+0000] {dag.py:3823} INFO - Setting next_dagrun for example_sensors to None, run_after=None
[2024-04-04T23:29:08.830+0000] {processor.py:183} INFO - Processing /home/airflow/.local/lib/python3.8/site-packages/airflow/example_dags/example_sensors.py took 1.023 seconds
[2024-04-04T23:29:40.077+0000] {processor.py:161} INFO - Started process (PID=49349) to work on /home/airflow/.local/lib/python3.8/site-packages/airflow/example_dags/example_sensors.py
[2024-04-04T23:29:40.082+0000] {processor.py:830} INFO - Processing file /home/airflow/.local/lib/python3.8/site-packages/airflow/example_dags/example_sensors.py for tasks to queue
[2024-04-04T23:29:40.087+0000] {logging_mixin.py:188} INFO - [2024-04-04T23:29:40.086+0000] {dagbag.py:538} INFO - Filling up the DagBag from /home/airflow/.local/lib/python3.8/site-packages/airflow/example_dags/example_sensors.py
[2024-04-04T23:29:40.152+0000] {processor.py:840} INFO - DAG(s) 'example_sensors' retrieved from /home/airflow/.local/lib/python3.8/site-packages/airflow/example_dags/example_sensors.py
[2024-04-04T23:29:40.313+0000] {logging_mixin.py:188} INFO - [2024-04-04T23:29:40.312+0000] {dag.py:3036} INFO - Sync 1 DAGs
[2024-04-04T23:29:40.385+0000] {logging_mixin.py:188} INFO - [2024-04-04T23:29:40.384+0000] {dag.py:3823} INFO - Setting next_dagrun for example_sensors to None, run_after=None
[2024-04-04T23:29:40.502+0000] {processor.py:183} INFO - Processing /home/airflow/.local/lib/python3.8/site-packages/airflow/example_dags/example_sensors.py took 0.445 seconds
[2024-04-04T23:30:10.674+0000] {processor.py:161} INFO - Started process (PID=49409) to work on /home/airflow/.local/lib/python3.8/site-packages/airflow/example_dags/example_sensors.py
[2024-04-04T23:30:10.677+0000] {processor.py:830} INFO - Processing file /home/airflow/.local/lib/python3.8/site-packages/airflow/example_dags/example_sensors.py for tasks to queue
[2024-04-04T23:30:10.679+0000] {logging_mixin.py:188} INFO - [2024-04-04T23:30:10.679+0000] {dagbag.py:538} INFO - Filling up the DagBag from /home/airflow/.local/lib/python3.8/site-packages/airflow/example_dags/example_sensors.py
[2024-04-04T23:30:10.702+0000] {processor.py:840} INFO - DAG(s) 'example_sensors' retrieved from /home/airflow/.local/lib/python3.8/site-packages/airflow/example_dags/example_sensors.py
[2024-04-04T23:30:10.768+0000] {logging_mixin.py:188} INFO - [2024-04-04T23:30:10.768+0000] {dag.py:3036} INFO - Sync 1 DAGs
[2024-04-04T23:30:10.797+0000] {logging_mixin.py:188} INFO - [2024-04-04T23:30:10.797+0000] {dag.py:3823} INFO - Setting next_dagrun for example_sensors to None, run_after=None
[2024-04-04T23:30:10.877+0000] {processor.py:183} INFO - Processing /home/airflow/.local/lib/python3.8/site-packages/airflow/example_dags/example_sensors.py took 0.210 seconds
[2024-04-04T23:30:43.473+0000] {processor.py:161} INFO - Started process (PID=49469) to work on /home/airflow/.local/lib/python3.8/site-packages/airflow/example_dags/example_sensors.py
[2024-04-04T23:30:43.478+0000] {processor.py:830} INFO - Processing file /home/airflow/.local/lib/python3.8/site-packages/airflow/example_dags/example_sensors.py for tasks to queue
[2024-04-04T23:30:43.494+0000] {logging_mixin.py:188} INFO - [2024-04-04T23:30:43.491+0000] {dagbag.py:538} INFO - Filling up the DagBag from /home/airflow/.local/lib/python3.8/site-packages/airflow/example_dags/example_sensors.py
[2024-04-04T23:30:43.555+0000] {processor.py:840} INFO - DAG(s) 'example_sensors' retrieved from /home/airflow/.local/lib/python3.8/site-packages/airflow/example_dags/example_sensors.py
[2024-04-04T23:30:43.672+0000] {logging_mixin.py:188} INFO - [2024-04-04T23:30:43.671+0000] {dag.py:3036} INFO - Sync 1 DAGs
[2024-04-04T23:30:43.730+0000] {logging_mixin.py:188} INFO - [2024-04-04T23:30:43.729+0000] {dag.py:3823} INFO - Setting next_dagrun for example_sensors to None, run_after=None
[2024-04-04T23:30:43.822+0000] {processor.py:183} INFO - Processing /home/airflow/.local/lib/python3.8/site-packages/airflow/example_dags/example_sensors.py took 0.367 seconds
[2024-04-04T23:31:15.695+0000] {processor.py:161} INFO - Started process (PID=49536) to work on /home/airflow/.local/lib/python3.8/site-packages/airflow/example_dags/example_sensors.py
[2024-04-04T23:31:15.703+0000] {processor.py:830} INFO - Processing file /home/airflow/.local/lib/python3.8/site-packages/airflow/example_dags/example_sensors.py for tasks to queue
[2024-04-04T23:31:15.711+0000] {logging_mixin.py:188} INFO - [2024-04-04T23:31:15.709+0000] {dagbag.py:538} INFO - Filling up the DagBag from /home/airflow/.local/lib/python3.8/site-packages/airflow/example_dags/example_sensors.py
[2024-04-04T23:31:15.763+0000] {processor.py:840} INFO - DAG(s) 'example_sensors' retrieved from /home/airflow/.local/lib/python3.8/site-packages/airflow/example_dags/example_sensors.py
[2024-04-04T23:31:15.922+0000] {logging_mixin.py:188} INFO - [2024-04-04T23:31:15.921+0000] {dag.py:3036} INFO - Sync 1 DAGs
[2024-04-04T23:31:15.992+0000] {logging_mixin.py:188} INFO - [2024-04-04T23:31:15.992+0000] {dag.py:3823} INFO - Setting next_dagrun for example_sensors to None, run_after=None
[2024-04-04T23:31:16.074+0000] {processor.py:183} INFO - Processing /home/airflow/.local/lib/python3.8/site-packages/airflow/example_dags/example_sensors.py took 0.403 seconds
[2024-04-04T23:31:49.093+0000] {processor.py:161} INFO - Started process (PID=49596) to work on /home/airflow/.local/lib/python3.8/site-packages/airflow/example_dags/example_sensors.py
[2024-04-04T23:31:49.101+0000] {processor.py:830} INFO - Processing file /home/airflow/.local/lib/python3.8/site-packages/airflow/example_dags/example_sensors.py for tasks to queue
[2024-04-04T23:31:49.110+0000] {logging_mixin.py:188} INFO - [2024-04-04T23:31:49.107+0000] {dagbag.py:538} INFO - Filling up the DagBag from /home/airflow/.local/lib/python3.8/site-packages/airflow/example_dags/example_sensors.py
[2024-04-04T23:31:49.221+0000] {processor.py:840} INFO - DAG(s) 'example_sensors' retrieved from /home/airflow/.local/lib/python3.8/site-packages/airflow/example_dags/example_sensors.py
[2024-04-04T23:31:49.537+0000] {logging_mixin.py:188} INFO - [2024-04-04T23:31:49.535+0000] {dag.py:3036} INFO - Sync 1 DAGs
[2024-04-04T23:31:49.712+0000] {logging_mixin.py:188} INFO - [2024-04-04T23:31:49.702+0000] {dag.py:3823} INFO - Setting next_dagrun for example_sensors to None, run_after=None
[2024-04-04T23:31:49.913+0000] {processor.py:183} INFO - Processing /home/airflow/.local/lib/python3.8/site-packages/airflow/example_dags/example_sensors.py took 0.857 seconds
