[2024-04-04T20:02:04.051+0000] {processor.py:161} INFO - Started process (PID=43484) to work on /home/airflow/.local/lib/python3.8/site-packages/airflow/example_dags/example_branch_labels.py
[2024-04-04T20:02:04.053+0000] {processor.py:830} INFO - Processing file /home/airflow/.local/lib/python3.8/site-packages/airflow/example_dags/example_branch_labels.py for tasks to queue
[2024-04-04T20:02:04.056+0000] {logging_mixin.py:188} INFO - [2024-04-04T20:02:04.055+0000] {dagbag.py:538} INFO - Filling up the DagBag from /home/airflow/.local/lib/python3.8/site-packages/airflow/example_dags/example_branch_labels.py
[2024-04-04T20:02:04.081+0000] {processor.py:840} INFO - DAG(s) 'example_branch_labels' retrieved from /home/airflow/.local/lib/python3.8/site-packages/airflow/example_dags/example_branch_labels.py
[2024-04-04T20:02:04.152+0000] {logging_mixin.py:188} INFO - [2024-04-04T20:02:04.151+0000] {dag.py:3036} INFO - Sync 1 DAGs
[2024-04-04T20:02:04.235+0000] {logging_mixin.py:188} INFO - [2024-04-04T20:02:04.235+0000] {dag.py:3823} INFO - Setting next_dagrun for example_branch_labels to 2024-04-03 00:00:00+00:00, run_after=2024-04-04 00:00:00+00:00
[2024-04-04T20:02:04.320+0000] {processor.py:183} INFO - Processing /home/airflow/.local/lib/python3.8/site-packages/airflow/example_dags/example_branch_labels.py took 0.276 seconds
[2024-04-04T18:12:26.497+0000] {processor.py:161} INFO - Started process (PID=46135) to work on /home/airflow/.local/lib/python3.8/site-packages/airflow/example_dags/example_branch_labels.py
[2024-04-04T18:12:26.499+0000] {processor.py:830} INFO - Processing file /home/airflow/.local/lib/python3.8/site-packages/airflow/example_dags/example_branch_labels.py for tasks to queue
[2024-04-04T18:12:26.512+0000] {logging_mixin.py:188} INFO - [2024-04-04T18:12:26.505+0000] {dagbag.py:538} INFO - Filling up the DagBag from /home/airflow/.local/lib/python3.8/site-packages/airflow/example_dags/example_branch_labels.py
[2024-04-04T18:12:26.544+0000] {processor.py:840} INFO - DAG(s) 'example_branch_labels' retrieved from /home/airflow/.local/lib/python3.8/site-packages/airflow/example_dags/example_branch_labels.py
[2024-04-04T18:12:26.673+0000] {logging_mixin.py:188} INFO - [2024-04-04T18:12:26.672+0000] {dag.py:3036} INFO - Sync 1 DAGs
[2024-04-04T18:12:26.746+0000] {logging_mixin.py:188} INFO - [2024-04-04T18:12:26.746+0000] {dag.py:3823} INFO - Setting next_dagrun for example_branch_labels to 2024-04-03 00:00:00+00:00, run_after=2024-04-04 00:00:00+00:00
[2024-04-04T18:12:26.805+0000] {processor.py:183} INFO - Processing /home/airflow/.local/lib/python3.8/site-packages/airflow/example_dags/example_branch_labels.py took 0.322 seconds
[2024-04-04T18:12:57.147+0000] {processor.py:161} INFO - Started process (PID=46195) to work on /home/airflow/.local/lib/python3.8/site-packages/airflow/example_dags/example_branch_labels.py
[2024-04-04T18:12:57.149+0000] {processor.py:830} INFO - Processing file /home/airflow/.local/lib/python3.8/site-packages/airflow/example_dags/example_branch_labels.py for tasks to queue
[2024-04-04T18:12:57.150+0000] {logging_mixin.py:188} INFO - [2024-04-04T18:12:57.150+0000] {dagbag.py:538} INFO - Filling up the DagBag from /home/airflow/.local/lib/python3.8/site-packages/airflow/example_dags/example_branch_labels.py
[2024-04-04T18:12:57.161+0000] {processor.py:840} INFO - DAG(s) 'example_branch_labels' retrieved from /home/airflow/.local/lib/python3.8/site-packages/airflow/example_dags/example_branch_labels.py
[2024-04-04T18:12:57.187+0000] {logging_mixin.py:188} INFO - [2024-04-04T18:12:57.187+0000] {dag.py:3036} INFO - Sync 1 DAGs
[2024-04-04T18:12:57.211+0000] {logging_mixin.py:188} INFO - [2024-04-04T18:12:57.211+0000] {dag.py:3823} INFO - Setting next_dagrun for example_branch_labels to 2024-04-03 00:00:00+00:00, run_after=2024-04-04 00:00:00+00:00
[2024-04-04T18:12:57.231+0000] {processor.py:183} INFO - Processing /home/airflow/.local/lib/python3.8/site-packages/airflow/example_dags/example_branch_labels.py took 0.088 seconds
[2024-04-04T18:13:27.560+0000] {processor.py:161} INFO - Started process (PID=46255) to work on /home/airflow/.local/lib/python3.8/site-packages/airflow/example_dags/example_branch_labels.py
[2024-04-04T18:13:27.562+0000] {processor.py:830} INFO - Processing file /home/airflow/.local/lib/python3.8/site-packages/airflow/example_dags/example_branch_labels.py for tasks to queue
[2024-04-04T18:13:27.564+0000] {logging_mixin.py:188} INFO - [2024-04-04T18:13:27.563+0000] {dagbag.py:538} INFO - Filling up the DagBag from /home/airflow/.local/lib/python3.8/site-packages/airflow/example_dags/example_branch_labels.py
[2024-04-04T18:13:27.575+0000] {processor.py:840} INFO - DAG(s) 'example_branch_labels' retrieved from /home/airflow/.local/lib/python3.8/site-packages/airflow/example_dags/example_branch_labels.py
[2024-04-04T18:13:27.599+0000] {logging_mixin.py:188} INFO - [2024-04-04T18:13:27.598+0000] {dag.py:3036} INFO - Sync 1 DAGs
[2024-04-04T18:13:27.627+0000] {logging_mixin.py:188} INFO - [2024-04-04T18:13:27.627+0000] {dag.py:3823} INFO - Setting next_dagrun for example_branch_labels to 2024-04-03 00:00:00+00:00, run_after=2024-04-04 00:00:00+00:00
[2024-04-04T18:13:27.653+0000] {processor.py:183} INFO - Processing /home/airflow/.local/lib/python3.8/site-packages/airflow/example_dags/example_branch_labels.py took 0.097 seconds
[2024-04-04T18:13:58.010+0000] {processor.py:161} INFO - Started process (PID=46315) to work on /home/airflow/.local/lib/python3.8/site-packages/airflow/example_dags/example_branch_labels.py
[2024-04-04T18:13:58.011+0000] {processor.py:830} INFO - Processing file /home/airflow/.local/lib/python3.8/site-packages/airflow/example_dags/example_branch_labels.py for tasks to queue
[2024-04-04T18:13:58.013+0000] {logging_mixin.py:188} INFO - [2024-04-04T18:13:58.012+0000] {dagbag.py:538} INFO - Filling up the DagBag from /home/airflow/.local/lib/python3.8/site-packages/airflow/example_dags/example_branch_labels.py
[2024-04-04T18:13:58.022+0000] {processor.py:840} INFO - DAG(s) 'example_branch_labels' retrieved from /home/airflow/.local/lib/python3.8/site-packages/airflow/example_dags/example_branch_labels.py
[2024-04-04T18:13:58.046+0000] {logging_mixin.py:188} INFO - [2024-04-04T18:13:58.045+0000] {dag.py:3036} INFO - Sync 1 DAGs
[2024-04-04T18:13:58.068+0000] {logging_mixin.py:188} INFO - [2024-04-04T18:13:58.068+0000] {dag.py:3823} INFO - Setting next_dagrun for example_branch_labels to 2024-04-03 00:00:00+00:00, run_after=2024-04-04 00:00:00+00:00
[2024-04-04T18:13:58.090+0000] {processor.py:183} INFO - Processing /home/airflow/.local/lib/python3.8/site-packages/airflow/example_dags/example_branch_labels.py took 0.084 seconds
[2024-04-04T18:14:28.496+0000] {processor.py:161} INFO - Started process (PID=46375) to work on /home/airflow/.local/lib/python3.8/site-packages/airflow/example_dags/example_branch_labels.py
[2024-04-04T18:14:28.497+0000] {processor.py:830} INFO - Processing file /home/airflow/.local/lib/python3.8/site-packages/airflow/example_dags/example_branch_labels.py for tasks to queue
[2024-04-04T18:14:28.499+0000] {logging_mixin.py:188} INFO - [2024-04-04T18:14:28.498+0000] {dagbag.py:538} INFO - Filling up the DagBag from /home/airflow/.local/lib/python3.8/site-packages/airflow/example_dags/example_branch_labels.py
[2024-04-04T18:14:28.511+0000] {processor.py:840} INFO - DAG(s) 'example_branch_labels' retrieved from /home/airflow/.local/lib/python3.8/site-packages/airflow/example_dags/example_branch_labels.py
[2024-04-04T18:14:28.539+0000] {logging_mixin.py:188} INFO - [2024-04-04T18:14:28.539+0000] {dag.py:3036} INFO - Sync 1 DAGs
[2024-04-04T18:14:28.571+0000] {logging_mixin.py:188} INFO - [2024-04-04T18:14:28.570+0000] {dag.py:3823} INFO - Setting next_dagrun for example_branch_labels to 2024-04-03 00:00:00+00:00, run_after=2024-04-04 00:00:00+00:00
[2024-04-04T18:14:28.597+0000] {processor.py:183} INFO - Processing /home/airflow/.local/lib/python3.8/site-packages/airflow/example_dags/example_branch_labels.py took 0.107 seconds
[2024-04-04T18:14:59.385+0000] {processor.py:161} INFO - Started process (PID=46435) to work on /home/airflow/.local/lib/python3.8/site-packages/airflow/example_dags/example_branch_labels.py
[2024-04-04T18:14:59.389+0000] {processor.py:830} INFO - Processing file /home/airflow/.local/lib/python3.8/site-packages/airflow/example_dags/example_branch_labels.py for tasks to queue
[2024-04-04T18:14:59.393+0000] {logging_mixin.py:188} INFO - [2024-04-04T18:14:59.392+0000] {dagbag.py:538} INFO - Filling up the DagBag from /home/airflow/.local/lib/python3.8/site-packages/airflow/example_dags/example_branch_labels.py
[2024-04-04T18:14:59.424+0000] {processor.py:840} INFO - DAG(s) 'example_branch_labels' retrieved from /home/airflow/.local/lib/python3.8/site-packages/airflow/example_dags/example_branch_labels.py
[2024-04-04T18:14:59.515+0000] {logging_mixin.py:188} INFO - [2024-04-04T18:14:59.514+0000] {dag.py:3036} INFO - Sync 1 DAGs
[2024-04-04T18:14:59.602+0000] {logging_mixin.py:188} INFO - [2024-04-04T18:14:59.601+0000] {dag.py:3823} INFO - Setting next_dagrun for example_branch_labels to 2024-04-03 00:00:00+00:00, run_after=2024-04-04 00:00:00+00:00
[2024-04-04T18:14:59.670+0000] {processor.py:183} INFO - Processing /home/airflow/.local/lib/python3.8/site-packages/airflow/example_dags/example_branch_labels.py took 0.298 seconds
[2024-04-04T18:15:31.439+0000] {processor.py:161} INFO - Started process (PID=46495) to work on /home/airflow/.local/lib/python3.8/site-packages/airflow/example_dags/example_branch_labels.py
[2024-04-04T18:15:31.449+0000] {processor.py:830} INFO - Processing file /home/airflow/.local/lib/python3.8/site-packages/airflow/example_dags/example_branch_labels.py for tasks to queue
[2024-04-04T18:15:31.459+0000] {logging_mixin.py:188} INFO - [2024-04-04T18:15:31.456+0000] {dagbag.py:538} INFO - Filling up the DagBag from /home/airflow/.local/lib/python3.8/site-packages/airflow/example_dags/example_branch_labels.py
[2024-04-04T18:15:31.532+0000] {processor.py:840} INFO - DAG(s) 'example_branch_labels' retrieved from /home/airflow/.local/lib/python3.8/site-packages/airflow/example_dags/example_branch_labels.py
[2024-04-04T18:15:31.703+0000] {logging_mixin.py:188} INFO - [2024-04-04T18:15:31.701+0000] {dag.py:3036} INFO - Sync 1 DAGs
[2024-04-04T18:15:31.934+0000] {logging_mixin.py:188} INFO - [2024-04-04T18:15:31.930+0000] {dag.py:3823} INFO - Setting next_dagrun for example_branch_labels to 2024-04-03 00:00:00+00:00, run_after=2024-04-04 00:00:00+00:00
[2024-04-04T18:15:32.166+0000] {processor.py:183} INFO - Processing /home/airflow/.local/lib/python3.8/site-packages/airflow/example_dags/example_branch_labels.py took 0.759 seconds
[2024-04-04T18:16:02.685+0000] {processor.py:161} INFO - Started process (PID=46555) to work on /home/airflow/.local/lib/python3.8/site-packages/airflow/example_dags/example_branch_labels.py
[2024-04-04T18:16:02.688+0000] {processor.py:830} INFO - Processing file /home/airflow/.local/lib/python3.8/site-packages/airflow/example_dags/example_branch_labels.py for tasks to queue
[2024-04-04T18:16:02.691+0000] {logging_mixin.py:188} INFO - [2024-04-04T18:16:02.690+0000] {dagbag.py:538} INFO - Filling up the DagBag from /home/airflow/.local/lib/python3.8/site-packages/airflow/example_dags/example_branch_labels.py
[2024-04-04T18:16:02.711+0000] {processor.py:840} INFO - DAG(s) 'example_branch_labels' retrieved from /home/airflow/.local/lib/python3.8/site-packages/airflow/example_dags/example_branch_labels.py
[2024-04-04T18:16:02.766+0000] {logging_mixin.py:188} INFO - [2024-04-04T18:16:02.765+0000] {dag.py:3036} INFO - Sync 1 DAGs
[2024-04-04T18:16:02.833+0000] {logging_mixin.py:188} INFO - [2024-04-04T18:16:02.832+0000] {dag.py:3823} INFO - Setting next_dagrun for example_branch_labels to 2024-04-03 00:00:00+00:00, run_after=2024-04-04 00:00:00+00:00
[2024-04-04T18:16:02.879+0000] {processor.py:183} INFO - Processing /home/airflow/.local/lib/python3.8/site-packages/airflow/example_dags/example_branch_labels.py took 0.201 seconds
[2024-04-04T18:16:33.457+0000] {processor.py:161} INFO - Started process (PID=46615) to work on /home/airflow/.local/lib/python3.8/site-packages/airflow/example_dags/example_branch_labels.py
[2024-04-04T18:16:33.461+0000] {processor.py:830} INFO - Processing file /home/airflow/.local/lib/python3.8/site-packages/airflow/example_dags/example_branch_labels.py for tasks to queue
[2024-04-04T18:16:33.465+0000] {logging_mixin.py:188} INFO - [2024-04-04T18:16:33.464+0000] {dagbag.py:538} INFO - Filling up the DagBag from /home/airflow/.local/lib/python3.8/site-packages/airflow/example_dags/example_branch_labels.py
[2024-04-04T18:16:33.505+0000] {processor.py:840} INFO - DAG(s) 'example_branch_labels' retrieved from /home/airflow/.local/lib/python3.8/site-packages/airflow/example_dags/example_branch_labels.py
[2024-04-04T18:16:33.636+0000] {logging_mixin.py:188} INFO - [2024-04-04T18:16:33.634+0000] {dag.py:3036} INFO - Sync 1 DAGs
[2024-04-04T18:16:33.755+0000] {logging_mixin.py:188} INFO - [2024-04-04T18:16:33.754+0000] {dag.py:3823} INFO - Setting next_dagrun for example_branch_labels to 2024-04-03 00:00:00+00:00, run_after=2024-04-04 00:00:00+00:00
[2024-04-04T18:16:33.823+0000] {processor.py:183} INFO - Processing /home/airflow/.local/lib/python3.8/site-packages/airflow/example_dags/example_branch_labels.py took 0.376 seconds
[2024-04-04T18:17:04.137+0000] {processor.py:161} INFO - Started process (PID=46675) to work on /home/airflow/.local/lib/python3.8/site-packages/airflow/example_dags/example_branch_labels.py
[2024-04-04T18:17:04.149+0000] {processor.py:830} INFO - Processing file /home/airflow/.local/lib/python3.8/site-packages/airflow/example_dags/example_branch_labels.py for tasks to queue
[2024-04-04T18:17:04.173+0000] {logging_mixin.py:188} INFO - [2024-04-04T18:17:04.161+0000] {dagbag.py:538} INFO - Filling up the DagBag from /home/airflow/.local/lib/python3.8/site-packages/airflow/example_dags/example_branch_labels.py
[2024-04-04T18:17:04.264+0000] {processor.py:840} INFO - DAG(s) 'example_branch_labels' retrieved from /home/airflow/.local/lib/python3.8/site-packages/airflow/example_dags/example_branch_labels.py
[2024-04-04T18:17:04.398+0000] {logging_mixin.py:188} INFO - [2024-04-04T18:17:04.397+0000] {dag.py:3036} INFO - Sync 1 DAGs
[2024-04-04T18:17:04.529+0000] {logging_mixin.py:188} INFO - [2024-04-04T18:17:04.528+0000] {dag.py:3823} INFO - Setting next_dagrun for example_branch_labels to 2024-04-03 00:00:00+00:00, run_after=2024-04-04 00:00:00+00:00
[2024-04-04T18:17:04.617+0000] {processor.py:183} INFO - Processing /home/airflow/.local/lib/python3.8/site-packages/airflow/example_dags/example_branch_labels.py took 0.534 seconds
[2024-04-04T18:17:37.823+0000] {processor.py:161} INFO - Started process (PID=46736) to work on /home/airflow/.local/lib/python3.8/site-packages/airflow/example_dags/example_branch_labels.py
[2024-04-04T18:17:37.832+0000] {processor.py:830} INFO - Processing file /home/airflow/.local/lib/python3.8/site-packages/airflow/example_dags/example_branch_labels.py for tasks to queue
[2024-04-04T18:17:37.857+0000] {logging_mixin.py:188} INFO - [2024-04-04T18:17:37.854+0000] {dagbag.py:538} INFO - Filling up the DagBag from /home/airflow/.local/lib/python3.8/site-packages/airflow/example_dags/example_branch_labels.py
[2024-04-04T18:17:38.012+0000] {processor.py:840} INFO - DAG(s) 'example_branch_labels' retrieved from /home/airflow/.local/lib/python3.8/site-packages/airflow/example_dags/example_branch_labels.py
[2024-04-04T18:17:38.205+0000] {logging_mixin.py:188} INFO - [2024-04-04T18:17:38.201+0000] {dag.py:3036} INFO - Sync 1 DAGs
[2024-04-04T18:17:38.470+0000] {logging_mixin.py:188} INFO - [2024-04-04T18:17:38.468+0000] {dag.py:3823} INFO - Setting next_dagrun for example_branch_labels to 2024-04-03 00:00:00+00:00, run_after=2024-04-04 00:00:00+00:00
[2024-04-04T18:17:38.667+0000] {processor.py:183} INFO - Processing /home/airflow/.local/lib/python3.8/site-packages/airflow/example_dags/example_branch_labels.py took 0.886 seconds
[2024-04-04T18:18:09.323+0000] {processor.py:161} INFO - Started process (PID=46796) to work on /home/airflow/.local/lib/python3.8/site-packages/airflow/example_dags/example_branch_labels.py
[2024-04-04T18:18:09.326+0000] {processor.py:830} INFO - Processing file /home/airflow/.local/lib/python3.8/site-packages/airflow/example_dags/example_branch_labels.py for tasks to queue
[2024-04-04T18:18:09.331+0000] {logging_mixin.py:188} INFO - [2024-04-04T18:18:09.330+0000] {dagbag.py:538} INFO - Filling up the DagBag from /home/airflow/.local/lib/python3.8/site-packages/airflow/example_dags/example_branch_labels.py
[2024-04-04T18:18:09.371+0000] {processor.py:840} INFO - DAG(s) 'example_branch_labels' retrieved from /home/airflow/.local/lib/python3.8/site-packages/airflow/example_dags/example_branch_labels.py
[2024-04-04T18:18:09.484+0000] {logging_mixin.py:188} INFO - [2024-04-04T18:18:09.482+0000] {dag.py:3036} INFO - Sync 1 DAGs
[2024-04-04T18:18:09.581+0000] {logging_mixin.py:188} INFO - [2024-04-04T18:18:09.580+0000] {dag.py:3823} INFO - Setting next_dagrun for example_branch_labels to 2024-04-03 00:00:00+00:00, run_after=2024-04-04 00:00:00+00:00
[2024-04-04T18:18:09.677+0000] {processor.py:183} INFO - Processing /home/airflow/.local/lib/python3.8/site-packages/airflow/example_dags/example_branch_labels.py took 0.369 seconds
[2024-04-04T18:18:39.891+0000] {processor.py:161} INFO - Started process (PID=46856) to work on /home/airflow/.local/lib/python3.8/site-packages/airflow/example_dags/example_branch_labels.py
[2024-04-04T18:18:39.893+0000] {processor.py:830} INFO - Processing file /home/airflow/.local/lib/python3.8/site-packages/airflow/example_dags/example_branch_labels.py for tasks to queue
[2024-04-04T18:18:39.895+0000] {logging_mixin.py:188} INFO - [2024-04-04T18:18:39.895+0000] {dagbag.py:538} INFO - Filling up the DagBag from /home/airflow/.local/lib/python3.8/site-packages/airflow/example_dags/example_branch_labels.py
[2024-04-04T18:18:39.914+0000] {processor.py:840} INFO - DAG(s) 'example_branch_labels' retrieved from /home/airflow/.local/lib/python3.8/site-packages/airflow/example_dags/example_branch_labels.py
[2024-04-04T18:18:39.960+0000] {logging_mixin.py:188} INFO - [2024-04-04T18:18:39.959+0000] {dag.py:3036} INFO - Sync 1 DAGs
[2024-04-04T18:18:40.005+0000] {logging_mixin.py:188} INFO - [2024-04-04T18:18:40.004+0000] {dag.py:3823} INFO - Setting next_dagrun for example_branch_labels to 2024-04-03 00:00:00+00:00, run_after=2024-04-04 00:00:00+00:00
[2024-04-04T18:18:40.052+0000] {processor.py:183} INFO - Processing /home/airflow/.local/lib/python3.8/site-packages/airflow/example_dags/example_branch_labels.py took 0.168 seconds
[2024-04-04T18:19:10.174+0000] {processor.py:161} INFO - Started process (PID=46916) to work on /home/airflow/.local/lib/python3.8/site-packages/airflow/example_dags/example_branch_labels.py
[2024-04-04T18:19:10.176+0000] {processor.py:830} INFO - Processing file /home/airflow/.local/lib/python3.8/site-packages/airflow/example_dags/example_branch_labels.py for tasks to queue
[2024-04-04T18:19:10.178+0000] {logging_mixin.py:188} INFO - [2024-04-04T18:19:10.177+0000] {dagbag.py:538} INFO - Filling up the DagBag from /home/airflow/.local/lib/python3.8/site-packages/airflow/example_dags/example_branch_labels.py
[2024-04-04T18:19:10.191+0000] {processor.py:840} INFO - DAG(s) 'example_branch_labels' retrieved from /home/airflow/.local/lib/python3.8/site-packages/airflow/example_dags/example_branch_labels.py
[2024-04-04T18:19:10.227+0000] {logging_mixin.py:188} INFO - [2024-04-04T18:19:10.227+0000] {dag.py:3036} INFO - Sync 1 DAGs
[2024-04-04T18:19:10.268+0000] {logging_mixin.py:188} INFO - [2024-04-04T18:19:10.268+0000] {dag.py:3823} INFO - Setting next_dagrun for example_branch_labels to 2024-04-03 00:00:00+00:00, run_after=2024-04-04 00:00:00+00:00
[2024-04-04T18:19:10.302+0000] {processor.py:183} INFO - Processing /home/airflow/.local/lib/python3.8/site-packages/airflow/example_dags/example_branch_labels.py took 0.133 seconds
[2024-04-04T18:19:40.756+0000] {processor.py:161} INFO - Started process (PID=46976) to work on /home/airflow/.local/lib/python3.8/site-packages/airflow/example_dags/example_branch_labels.py
[2024-04-04T18:19:40.761+0000] {processor.py:830} INFO - Processing file /home/airflow/.local/lib/python3.8/site-packages/airflow/example_dags/example_branch_labels.py for tasks to queue
[2024-04-04T18:19:40.765+0000] {logging_mixin.py:188} INFO - [2024-04-04T18:19:40.764+0000] {dagbag.py:538} INFO - Filling up the DagBag from /home/airflow/.local/lib/python3.8/site-packages/airflow/example_dags/example_branch_labels.py
[2024-04-04T18:19:40.812+0000] {processor.py:840} INFO - DAG(s) 'example_branch_labels' retrieved from /home/airflow/.local/lib/python3.8/site-packages/airflow/example_dags/example_branch_labels.py
[2024-04-04T18:19:40.918+0000] {logging_mixin.py:188} INFO - [2024-04-04T18:19:40.916+0000] {dag.py:3036} INFO - Sync 1 DAGs
[2024-04-04T18:19:41.008+0000] {logging_mixin.py:188} INFO - [2024-04-04T18:19:41.007+0000] {dag.py:3823} INFO - Setting next_dagrun for example_branch_labels to 2024-04-03 00:00:00+00:00, run_after=2024-04-04 00:00:00+00:00
[2024-04-04T18:19:41.095+0000] {processor.py:183} INFO - Processing /home/airflow/.local/lib/python3.8/site-packages/airflow/example_dags/example_branch_labels.py took 0.352 seconds
[2024-04-04T18:20:11.403+0000] {processor.py:161} INFO - Started process (PID=47036) to work on /home/airflow/.local/lib/python3.8/site-packages/airflow/example_dags/example_branch_labels.py
[2024-04-04T18:20:11.409+0000] {processor.py:830} INFO - Processing file /home/airflow/.local/lib/python3.8/site-packages/airflow/example_dags/example_branch_labels.py for tasks to queue
[2024-04-04T18:20:11.415+0000] {logging_mixin.py:188} INFO - [2024-04-04T18:20:11.414+0000] {dagbag.py:538} INFO - Filling up the DagBag from /home/airflow/.local/lib/python3.8/site-packages/airflow/example_dags/example_branch_labels.py
[2024-04-04T18:20:11.489+0000] {processor.py:840} INFO - DAG(s) 'example_branch_labels' retrieved from /home/airflow/.local/lib/python3.8/site-packages/airflow/example_dags/example_branch_labels.py
[2024-04-04T18:20:11.647+0000] {logging_mixin.py:188} INFO - [2024-04-04T18:20:11.644+0000] {dag.py:3036} INFO - Sync 1 DAGs
[2024-04-04T18:20:11.839+0000] {logging_mixin.py:188} INFO - [2024-04-04T18:20:11.838+0000] {dag.py:3823} INFO - Setting next_dagrun for example_branch_labels to 2024-04-03 00:00:00+00:00, run_after=2024-04-04 00:00:00+00:00
[2024-04-04T18:20:12.001+0000] {processor.py:183} INFO - Processing /home/airflow/.local/lib/python3.8/site-packages/airflow/example_dags/example_branch_labels.py took 0.621 seconds
[2024-04-04T18:20:42.537+0000] {processor.py:161} INFO - Started process (PID=47096) to work on /home/airflow/.local/lib/python3.8/site-packages/airflow/example_dags/example_branch_labels.py
[2024-04-04T18:20:42.539+0000] {processor.py:830} INFO - Processing file /home/airflow/.local/lib/python3.8/site-packages/airflow/example_dags/example_branch_labels.py for tasks to queue
[2024-04-04T18:20:42.542+0000] {logging_mixin.py:188} INFO - [2024-04-04T18:20:42.541+0000] {dagbag.py:538} INFO - Filling up the DagBag from /home/airflow/.local/lib/python3.8/site-packages/airflow/example_dags/example_branch_labels.py
[2024-04-04T18:20:42.575+0000] {processor.py:840} INFO - DAG(s) 'example_branch_labels' retrieved from /home/airflow/.local/lib/python3.8/site-packages/airflow/example_dags/example_branch_labels.py
[2024-04-04T18:20:42.635+0000] {logging_mixin.py:188} INFO - [2024-04-04T18:20:42.634+0000] {dag.py:3036} INFO - Sync 1 DAGs
[2024-04-04T18:20:42.705+0000] {logging_mixin.py:188} INFO - [2024-04-04T18:20:42.705+0000] {dag.py:3823} INFO - Setting next_dagrun for example_branch_labels to 2024-04-03 00:00:00+00:00, run_after=2024-04-04 00:00:00+00:00
[2024-04-04T18:20:42.763+0000] {processor.py:183} INFO - Processing /home/airflow/.local/lib/python3.8/site-packages/airflow/example_dags/example_branch_labels.py took 0.235 seconds
[2024-04-04T18:21:13.362+0000] {processor.py:161} INFO - Started process (PID=47156) to work on /home/airflow/.local/lib/python3.8/site-packages/airflow/example_dags/example_branch_labels.py
[2024-04-04T18:21:13.365+0000] {processor.py:830} INFO - Processing file /home/airflow/.local/lib/python3.8/site-packages/airflow/example_dags/example_branch_labels.py for tasks to queue
[2024-04-04T18:21:13.367+0000] {logging_mixin.py:188} INFO - [2024-04-04T18:21:13.367+0000] {dagbag.py:538} INFO - Filling up the DagBag from /home/airflow/.local/lib/python3.8/site-packages/airflow/example_dags/example_branch_labels.py
[2024-04-04T18:21:13.387+0000] {processor.py:840} INFO - DAG(s) 'example_branch_labels' retrieved from /home/airflow/.local/lib/python3.8/site-packages/airflow/example_dags/example_branch_labels.py
[2024-04-04T18:21:13.446+0000] {logging_mixin.py:188} INFO - [2024-04-04T18:21:13.445+0000] {dag.py:3036} INFO - Sync 1 DAGs
[2024-04-04T18:21:13.509+0000] {logging_mixin.py:188} INFO - [2024-04-04T18:21:13.508+0000] {dag.py:3823} INFO - Setting next_dagrun for example_branch_labels to 2024-04-03 00:00:00+00:00, run_after=2024-04-04 00:00:00+00:00
[2024-04-04T18:21:13.552+0000] {processor.py:183} INFO - Processing /home/airflow/.local/lib/python3.8/site-packages/airflow/example_dags/example_branch_labels.py took 0.198 seconds
[2024-04-04T18:21:44.202+0000] {processor.py:161} INFO - Started process (PID=47216) to work on /home/airflow/.local/lib/python3.8/site-packages/airflow/example_dags/example_branch_labels.py
[2024-04-04T18:21:44.210+0000] {processor.py:830} INFO - Processing file /home/airflow/.local/lib/python3.8/site-packages/airflow/example_dags/example_branch_labels.py for tasks to queue
[2024-04-04T18:21:44.217+0000] {logging_mixin.py:188} INFO - [2024-04-04T18:21:44.215+0000] {dagbag.py:538} INFO - Filling up the DagBag from /home/airflow/.local/lib/python3.8/site-packages/airflow/example_dags/example_branch_labels.py
[2024-04-04T18:21:44.293+0000] {processor.py:840} INFO - DAG(s) 'example_branch_labels' retrieved from /home/airflow/.local/lib/python3.8/site-packages/airflow/example_dags/example_branch_labels.py
[2024-04-04T18:21:44.451+0000] {logging_mixin.py:188} INFO - [2024-04-04T18:21:44.450+0000] {dag.py:3036} INFO - Sync 1 DAGs
[2024-04-04T18:21:44.661+0000] {logging_mixin.py:188} INFO - [2024-04-04T18:21:44.659+0000] {dag.py:3823} INFO - Setting next_dagrun for example_branch_labels to 2024-04-03 00:00:00+00:00, run_after=2024-04-04 00:00:00+00:00
[2024-04-04T18:21:44.807+0000] {processor.py:183} INFO - Processing /home/airflow/.local/lib/python3.8/site-packages/airflow/example_dags/example_branch_labels.py took 0.630 seconds
[2024-04-04T18:22:16.060+0000] {processor.py:161} INFO - Started process (PID=47276) to work on /home/airflow/.local/lib/python3.8/site-packages/airflow/example_dags/example_branch_labels.py
[2024-04-04T18:22:16.087+0000] {processor.py:830} INFO - Processing file /home/airflow/.local/lib/python3.8/site-packages/airflow/example_dags/example_branch_labels.py for tasks to queue
[2024-04-04T18:22:16.105+0000] {logging_mixin.py:188} INFO - [2024-04-04T18:22:16.092+0000] {dagbag.py:538} INFO - Filling up the DagBag from /home/airflow/.local/lib/python3.8/site-packages/airflow/example_dags/example_branch_labels.py
[2024-04-04T18:22:16.231+0000] {processor.py:840} INFO - DAG(s) 'example_branch_labels' retrieved from /home/airflow/.local/lib/python3.8/site-packages/airflow/example_dags/example_branch_labels.py
[2024-04-04T18:22:16.422+0000] {logging_mixin.py:188} INFO - [2024-04-04T18:22:16.421+0000] {dag.py:3036} INFO - Sync 1 DAGs
[2024-04-04T18:22:16.600+0000] {logging_mixin.py:188} INFO - [2024-04-04T18:22:16.598+0000] {dag.py:3823} INFO - Setting next_dagrun for example_branch_labels to 2024-04-03 00:00:00+00:00, run_after=2024-04-04 00:00:00+00:00
[2024-04-04T18:22:16.714+0000] {processor.py:183} INFO - Processing /home/airflow/.local/lib/python3.8/site-packages/airflow/example_dags/example_branch_labels.py took 0.710 seconds
[2024-04-04T18:22:47.043+0000] {processor.py:161} INFO - Started process (PID=47336) to work on /home/airflow/.local/lib/python3.8/site-packages/airflow/example_dags/example_branch_labels.py
[2024-04-04T18:22:47.048+0000] {processor.py:830} INFO - Processing file /home/airflow/.local/lib/python3.8/site-packages/airflow/example_dags/example_branch_labels.py for tasks to queue
[2024-04-04T18:22:47.053+0000] {logging_mixin.py:188} INFO - [2024-04-04T18:22:47.052+0000] {dagbag.py:538} INFO - Filling up the DagBag from /home/airflow/.local/lib/python3.8/site-packages/airflow/example_dags/example_branch_labels.py
[2024-04-04T18:22:47.098+0000] {processor.py:840} INFO - DAG(s) 'example_branch_labels' retrieved from /home/airflow/.local/lib/python3.8/site-packages/airflow/example_dags/example_branch_labels.py
[2024-04-04T18:22:47.188+0000] {logging_mixin.py:188} INFO - [2024-04-04T18:22:47.187+0000] {dag.py:3036} INFO - Sync 1 DAGs
[2024-04-04T18:22:47.275+0000] {logging_mixin.py:188} INFO - [2024-04-04T18:22:47.274+0000] {dag.py:3823} INFO - Setting next_dagrun for example_branch_labels to 2024-04-03 00:00:00+00:00, run_after=2024-04-04 00:00:00+00:00
[2024-04-04T18:22:47.364+0000] {processor.py:183} INFO - Processing /home/airflow/.local/lib/python3.8/site-packages/airflow/example_dags/example_branch_labels.py took 0.335 seconds
[2024-04-04T18:23:18.093+0000] {processor.py:161} INFO - Started process (PID=47396) to work on /home/airflow/.local/lib/python3.8/site-packages/airflow/example_dags/example_branch_labels.py
[2024-04-04T18:23:18.096+0000] {processor.py:830} INFO - Processing file /home/airflow/.local/lib/python3.8/site-packages/airflow/example_dags/example_branch_labels.py for tasks to queue
[2024-04-04T18:23:18.099+0000] {logging_mixin.py:188} INFO - [2024-04-04T18:23:18.098+0000] {dagbag.py:538} INFO - Filling up the DagBag from /home/airflow/.local/lib/python3.8/site-packages/airflow/example_dags/example_branch_labels.py
[2024-04-04T18:23:18.120+0000] {processor.py:840} INFO - DAG(s) 'example_branch_labels' retrieved from /home/airflow/.local/lib/python3.8/site-packages/airflow/example_dags/example_branch_labels.py
[2024-04-04T18:23:18.171+0000] {logging_mixin.py:188} INFO - [2024-04-04T18:23:18.171+0000] {dag.py:3036} INFO - Sync 1 DAGs
[2024-04-04T18:23:18.223+0000] {logging_mixin.py:188} INFO - [2024-04-04T18:23:18.222+0000] {dag.py:3823} INFO - Setting next_dagrun for example_branch_labels to 2024-04-03 00:00:00+00:00, run_after=2024-04-04 00:00:00+00:00
[2024-04-04T18:23:18.267+0000] {processor.py:183} INFO - Processing /home/airflow/.local/lib/python3.8/site-packages/airflow/example_dags/example_branch_labels.py took 0.181 seconds
[2024-04-04T18:23:48.676+0000] {processor.py:161} INFO - Started process (PID=47456) to work on /home/airflow/.local/lib/python3.8/site-packages/airflow/example_dags/example_branch_labels.py
[2024-04-04T18:23:48.679+0000] {processor.py:830} INFO - Processing file /home/airflow/.local/lib/python3.8/site-packages/airflow/example_dags/example_branch_labels.py for tasks to queue
[2024-04-04T18:23:48.681+0000] {logging_mixin.py:188} INFO - [2024-04-04T18:23:48.681+0000] {dagbag.py:538} INFO - Filling up the DagBag from /home/airflow/.local/lib/python3.8/site-packages/airflow/example_dags/example_branch_labels.py
[2024-04-04T18:23:48.704+0000] {processor.py:840} INFO - DAG(s) 'example_branch_labels' retrieved from /home/airflow/.local/lib/python3.8/site-packages/airflow/example_dags/example_branch_labels.py
[2024-04-04T18:23:48.764+0000] {logging_mixin.py:188} INFO - [2024-04-04T18:23:48.764+0000] {dag.py:3036} INFO - Sync 1 DAGs
[2024-04-04T18:23:48.842+0000] {logging_mixin.py:188} INFO - [2024-04-04T18:23:48.841+0000] {dag.py:3823} INFO - Setting next_dagrun for example_branch_labels to 2024-04-03 00:00:00+00:00, run_after=2024-04-04 00:00:00+00:00
[2024-04-04T18:23:48.901+0000] {processor.py:183} INFO - Processing /home/airflow/.local/lib/python3.8/site-packages/airflow/example_dags/example_branch_labels.py took 0.235 seconds
[2024-04-04T19:14:44.693+0000] {processor.py:161} INFO - Started process (PID=47503) to work on /home/airflow/.local/lib/python3.8/site-packages/airflow/example_dags/example_branch_labels.py
[2024-04-04T19:14:44.706+0000] {processor.py:830} INFO - Processing file /home/airflow/.local/lib/python3.8/site-packages/airflow/example_dags/example_branch_labels.py for tasks to queue
[2024-04-04T19:14:44.721+0000] {logging_mixin.py:188} INFO - [2024-04-04T19:14:44.718+0000] {dagbag.py:538} INFO - Filling up the DagBag from /home/airflow/.local/lib/python3.8/site-packages/airflow/example_dags/example_branch_labels.py
[2024-04-04T19:14:44.839+0000] {processor.py:840} INFO - DAG(s) 'example_branch_labels' retrieved from /home/airflow/.local/lib/python3.8/site-packages/airflow/example_dags/example_branch_labels.py
[2024-04-04T19:14:45.123+0000] {logging_mixin.py:188} INFO - [2024-04-04T19:14:45.121+0000] {dag.py:3036} INFO - Sync 1 DAGs
[2024-04-04T19:14:45.461+0000] {logging_mixin.py:188} INFO - [2024-04-04T19:14:45.456+0000] {dag.py:3823} INFO - Setting next_dagrun for example_branch_labels to 2024-04-03 00:00:00+00:00, run_after=2024-04-04 00:00:00+00:00
[2024-04-04T19:14:45.674+0000] {processor.py:183} INFO - Processing /home/airflow/.local/lib/python3.8/site-packages/airflow/example_dags/example_branch_labels.py took 1.012 seconds
[2024-04-04T19:15:16.585+0000] {processor.py:161} INFO - Started process (PID=47563) to work on /home/airflow/.local/lib/python3.8/site-packages/airflow/example_dags/example_branch_labels.py
[2024-04-04T19:15:16.588+0000] {processor.py:830} INFO - Processing file /home/airflow/.local/lib/python3.8/site-packages/airflow/example_dags/example_branch_labels.py for tasks to queue
[2024-04-04T19:15:16.592+0000] {logging_mixin.py:188} INFO - [2024-04-04T19:15:16.591+0000] {dagbag.py:538} INFO - Filling up the DagBag from /home/airflow/.local/lib/python3.8/site-packages/airflow/example_dags/example_branch_labels.py
[2024-04-04T19:15:16.633+0000] {processor.py:840} INFO - DAG(s) 'example_branch_labels' retrieved from /home/airflow/.local/lib/python3.8/site-packages/airflow/example_dags/example_branch_labels.py
[2024-04-04T19:15:16.721+0000] {logging_mixin.py:188} INFO - [2024-04-04T19:15:16.720+0000] {dag.py:3036} INFO - Sync 1 DAGs
[2024-04-04T19:15:16.816+0000] {logging_mixin.py:188} INFO - [2024-04-04T19:15:16.816+0000] {dag.py:3823} INFO - Setting next_dagrun for example_branch_labels to 2024-04-03 00:00:00+00:00, run_after=2024-04-04 00:00:00+00:00
[2024-04-04T19:15:16.885+0000] {processor.py:183} INFO - Processing /home/airflow/.local/lib/python3.8/site-packages/airflow/example_dags/example_branch_labels.py took 0.313 seconds
[2024-04-04T23:14:54.435+0000] {processor.py:161} INFO - Started process (PID=47661) to work on /home/airflow/.local/lib/python3.8/site-packages/airflow/example_dags/example_branch_labels.py
[2024-04-04T23:14:54.448+0000] {processor.py:830} INFO - Processing file /home/airflow/.local/lib/python3.8/site-packages/airflow/example_dags/example_branch_labels.py for tasks to queue
[2024-04-04T23:14:54.464+0000] {logging_mixin.py:188} INFO - [2024-04-04T23:14:54.461+0000] {dagbag.py:538} INFO - Filling up the DagBag from /home/airflow/.local/lib/python3.8/site-packages/airflow/example_dags/example_branch_labels.py
[2024-04-04T23:14:54.555+0000] {processor.py:840} INFO - DAG(s) 'example_branch_labels' retrieved from /home/airflow/.local/lib/python3.8/site-packages/airflow/example_dags/example_branch_labels.py
[2024-04-04T23:14:54.870+0000] {logging_mixin.py:188} INFO - [2024-04-04T23:14:54.868+0000] {dag.py:3036} INFO - Sync 1 DAGs
[2024-04-04T23:14:55.126+0000] {logging_mixin.py:188} INFO - [2024-04-04T23:14:55.124+0000] {dag.py:3823} INFO - Setting next_dagrun for example_branch_labels to 2024-04-03 00:00:00+00:00, run_after=2024-04-04 00:00:00+00:00
[2024-04-04T23:14:55.553+0000] {processor.py:183} INFO - Processing /home/airflow/.local/lib/python3.8/site-packages/airflow/example_dags/example_branch_labels.py took 1.171 seconds
[2024-04-04T23:15:39.181+0000] {processor.py:161} INFO - Started process (PID=47721) to work on /home/airflow/.local/lib/python3.8/site-packages/airflow/example_dags/example_branch_labels.py
[2024-04-04T23:15:39.188+0000] {processor.py:830} INFO - Processing file /home/airflow/.local/lib/python3.8/site-packages/airflow/example_dags/example_branch_labels.py for tasks to queue
[2024-04-04T23:15:39.195+0000] {logging_mixin.py:188} INFO - [2024-04-04T23:15:39.193+0000] {dagbag.py:538} INFO - Filling up the DagBag from /home/airflow/.local/lib/python3.8/site-packages/airflow/example_dags/example_branch_labels.py
[2024-04-04T23:15:39.259+0000] {processor.py:840} INFO - DAG(s) 'example_branch_labels' retrieved from /home/airflow/.local/lib/python3.8/site-packages/airflow/example_dags/example_branch_labels.py
[2024-04-04T23:15:39.453+0000] {logging_mixin.py:188} INFO - [2024-04-04T23:15:39.451+0000] {dag.py:3036} INFO - Sync 1 DAGs
[2024-04-04T23:15:39.656+0000] {logging_mixin.py:188} INFO - [2024-04-04T23:15:39.654+0000] {dag.py:3823} INFO - Setting next_dagrun for example_branch_labels to 2024-04-03 00:00:00+00:00, run_after=2024-04-04 00:00:00+00:00
[2024-04-04T23:15:39.807+0000] {processor.py:183} INFO - Processing /home/airflow/.local/lib/python3.8/site-packages/airflow/example_dags/example_branch_labels.py took 0.648 seconds
[2024-04-04T23:16:10.059+0000] {processor.py:161} INFO - Started process (PID=47786) to work on /home/airflow/.local/lib/python3.8/site-packages/airflow/example_dags/example_branch_labels.py
[2024-04-04T23:16:10.065+0000] {processor.py:830} INFO - Processing file /home/airflow/.local/lib/python3.8/site-packages/airflow/example_dags/example_branch_labels.py for tasks to queue
[2024-04-04T23:16:10.072+0000] {logging_mixin.py:188} INFO - [2024-04-04T23:16:10.070+0000] {dagbag.py:538} INFO - Filling up the DagBag from /home/airflow/.local/lib/python3.8/site-packages/airflow/example_dags/example_branch_labels.py
[2024-04-04T23:16:10.129+0000] {processor.py:840} INFO - DAG(s) 'example_branch_labels' retrieved from /home/airflow/.local/lib/python3.8/site-packages/airflow/example_dags/example_branch_labels.py
[2024-04-04T23:16:10.275+0000] {logging_mixin.py:188} INFO - [2024-04-04T23:16:10.273+0000] {dag.py:3036} INFO - Sync 1 DAGs
[2024-04-04T23:16:10.461+0000] {logging_mixin.py:188} INFO - [2024-04-04T23:16:10.459+0000] {dag.py:3823} INFO - Setting next_dagrun for example_branch_labels to 2024-04-03 00:00:00+00:00, run_after=2024-04-04 00:00:00+00:00
[2024-04-04T23:16:10.564+0000] {processor.py:183} INFO - Processing /home/airflow/.local/lib/python3.8/site-packages/airflow/example_dags/example_branch_labels.py took 0.531 seconds
[2024-04-04T23:16:42.500+0000] {processor.py:161} INFO - Started process (PID=47847) to work on /home/airflow/.local/lib/python3.8/site-packages/airflow/example_dags/example_branch_labels.py
[2024-04-04T23:16:42.504+0000] {processor.py:830} INFO - Processing file /home/airflow/.local/lib/python3.8/site-packages/airflow/example_dags/example_branch_labels.py for tasks to queue
[2024-04-04T23:16:42.509+0000] {logging_mixin.py:188} INFO - [2024-04-04T23:16:42.508+0000] {dagbag.py:538} INFO - Filling up the DagBag from /home/airflow/.local/lib/python3.8/site-packages/airflow/example_dags/example_branch_labels.py
[2024-04-04T23:16:42.541+0000] {processor.py:840} INFO - DAG(s) 'example_branch_labels' retrieved from /home/airflow/.local/lib/python3.8/site-packages/airflow/example_dags/example_branch_labels.py
[2024-04-04T23:16:42.987+0000] {logging_mixin.py:188} INFO - [2024-04-04T23:16:42.985+0000] {dag.py:3036} INFO - Sync 1 DAGs
[2024-04-04T23:16:43.070+0000] {logging_mixin.py:188} INFO - [2024-04-04T23:16:43.068+0000] {dag.py:3823} INFO - Setting next_dagrun for example_branch_labels to 2024-04-03 00:00:00+00:00, run_after=2024-04-04 00:00:00+00:00
[2024-04-04T23:16:43.144+0000] {processor.py:183} INFO - Processing /home/airflow/.local/lib/python3.8/site-packages/airflow/example_dags/example_branch_labels.py took 0.664 seconds
[2024-04-04T23:17:13.993+0000] {processor.py:161} INFO - Started process (PID=47907) to work on /home/airflow/.local/lib/python3.8/site-packages/airflow/example_dags/example_branch_labels.py
[2024-04-04T23:17:13.996+0000] {processor.py:830} INFO - Processing file /home/airflow/.local/lib/python3.8/site-packages/airflow/example_dags/example_branch_labels.py for tasks to queue
[2024-04-04T23:17:13.998+0000] {logging_mixin.py:188} INFO - [2024-04-04T23:17:13.997+0000] {dagbag.py:538} INFO - Filling up the DagBag from /home/airflow/.local/lib/python3.8/site-packages/airflow/example_dags/example_branch_labels.py
[2024-04-04T23:17:14.018+0000] {processor.py:840} INFO - DAG(s) 'example_branch_labels' retrieved from /home/airflow/.local/lib/python3.8/site-packages/airflow/example_dags/example_branch_labels.py
[2024-04-04T23:17:14.066+0000] {logging_mixin.py:188} INFO - [2024-04-04T23:17:14.066+0000] {dag.py:3036} INFO - Sync 1 DAGs
[2024-04-04T23:17:14.118+0000] {logging_mixin.py:188} INFO - [2024-04-04T23:17:14.117+0000] {dag.py:3823} INFO - Setting next_dagrun for example_branch_labels to 2024-04-03 00:00:00+00:00, run_after=2024-04-04 00:00:00+00:00
[2024-04-04T23:17:14.154+0000] {processor.py:183} INFO - Processing /home/airflow/.local/lib/python3.8/site-packages/airflow/example_dags/example_branch_labels.py took 0.167 seconds
[2024-04-04T23:17:44.324+0000] {processor.py:161} INFO - Started process (PID=47967) to work on /home/airflow/.local/lib/python3.8/site-packages/airflow/example_dags/example_branch_labels.py
[2024-04-04T23:17:44.329+0000] {processor.py:830} INFO - Processing file /home/airflow/.local/lib/python3.8/site-packages/airflow/example_dags/example_branch_labels.py for tasks to queue
[2024-04-04T23:17:44.334+0000] {logging_mixin.py:188} INFO - [2024-04-04T23:17:44.333+0000] {dagbag.py:538} INFO - Filling up the DagBag from /home/airflow/.local/lib/python3.8/site-packages/airflow/example_dags/example_branch_labels.py
[2024-04-04T23:17:44.381+0000] {processor.py:840} INFO - DAG(s) 'example_branch_labels' retrieved from /home/airflow/.local/lib/python3.8/site-packages/airflow/example_dags/example_branch_labels.py
[2024-04-04T23:17:44.512+0000] {logging_mixin.py:188} INFO - [2024-04-04T23:17:44.510+0000] {dag.py:3036} INFO - Sync 1 DAGs
[2024-04-04T23:17:44.645+0000] {logging_mixin.py:188} INFO - [2024-04-04T23:17:44.643+0000] {dag.py:3823} INFO - Setting next_dagrun for example_branch_labels to 2024-04-03 00:00:00+00:00, run_after=2024-04-04 00:00:00+00:00
[2024-04-04T23:17:44.740+0000] {processor.py:183} INFO - Processing /home/airflow/.local/lib/python3.8/site-packages/airflow/example_dags/example_branch_labels.py took 0.435 seconds
[2024-04-04T23:18:15.274+0000] {processor.py:161} INFO - Started process (PID=48027) to work on /home/airflow/.local/lib/python3.8/site-packages/airflow/example_dags/example_branch_labels.py
[2024-04-04T23:18:15.279+0000] {processor.py:830} INFO - Processing file /home/airflow/.local/lib/python3.8/site-packages/airflow/example_dags/example_branch_labels.py for tasks to queue
[2024-04-04T23:18:15.286+0000] {logging_mixin.py:188} INFO - [2024-04-04T23:18:15.284+0000] {dagbag.py:538} INFO - Filling up the DagBag from /home/airflow/.local/lib/python3.8/site-packages/airflow/example_dags/example_branch_labels.py
[2024-04-04T23:18:15.334+0000] {processor.py:840} INFO - DAG(s) 'example_branch_labels' retrieved from /home/airflow/.local/lib/python3.8/site-packages/airflow/example_dags/example_branch_labels.py
[2024-04-04T23:18:15.464+0000] {logging_mixin.py:188} INFO - [2024-04-04T23:18:15.462+0000] {dag.py:3036} INFO - Sync 1 DAGs
[2024-04-04T23:18:15.622+0000] {logging_mixin.py:188} INFO - [2024-04-04T23:18:15.621+0000] {dag.py:3823} INFO - Setting next_dagrun for example_branch_labels to 2024-04-03 00:00:00+00:00, run_after=2024-04-04 00:00:00+00:00
[2024-04-04T23:18:15.730+0000] {processor.py:183} INFO - Processing /home/airflow/.local/lib/python3.8/site-packages/airflow/example_dags/example_branch_labels.py took 0.476 seconds
[2024-04-04T23:18:46.019+0000] {processor.py:161} INFO - Started process (PID=48088) to work on /home/airflow/.local/lib/python3.8/site-packages/airflow/example_dags/example_branch_labels.py
[2024-04-04T23:18:46.022+0000] {processor.py:830} INFO - Processing file /home/airflow/.local/lib/python3.8/site-packages/airflow/example_dags/example_branch_labels.py for tasks to queue
[2024-04-04T23:18:46.025+0000] {logging_mixin.py:188} INFO - [2024-04-04T23:18:46.024+0000] {dagbag.py:538} INFO - Filling up the DagBag from /home/airflow/.local/lib/python3.8/site-packages/airflow/example_dags/example_branch_labels.py
[2024-04-04T23:18:46.048+0000] {processor.py:840} INFO - DAG(s) 'example_branch_labels' retrieved from /home/airflow/.local/lib/python3.8/site-packages/airflow/example_dags/example_branch_labels.py
[2024-04-04T23:18:46.113+0000] {logging_mixin.py:188} INFO - [2024-04-04T23:18:46.112+0000] {dag.py:3036} INFO - Sync 1 DAGs
[2024-04-04T23:18:46.181+0000] {logging_mixin.py:188} INFO - [2024-04-04T23:18:46.181+0000] {dag.py:3823} INFO - Setting next_dagrun for example_branch_labels to 2024-04-03 00:00:00+00:00, run_after=2024-04-04 00:00:00+00:00
[2024-04-04T23:18:46.232+0000] {processor.py:183} INFO - Processing /home/airflow/.local/lib/python3.8/site-packages/airflow/example_dags/example_branch_labels.py took 0.222 seconds
[2024-04-04T23:19:16.427+0000] {processor.py:161} INFO - Started process (PID=48148) to work on /home/airflow/.local/lib/python3.8/site-packages/airflow/example_dags/example_branch_labels.py
[2024-04-04T23:19:16.431+0000] {processor.py:830} INFO - Processing file /home/airflow/.local/lib/python3.8/site-packages/airflow/example_dags/example_branch_labels.py for tasks to queue
[2024-04-04T23:19:16.434+0000] {logging_mixin.py:188} INFO - [2024-04-04T23:19:16.433+0000] {dagbag.py:538} INFO - Filling up the DagBag from /home/airflow/.local/lib/python3.8/site-packages/airflow/example_dags/example_branch_labels.py
[2024-04-04T23:19:16.459+0000] {processor.py:840} INFO - DAG(s) 'example_branch_labels' retrieved from /home/airflow/.local/lib/python3.8/site-packages/airflow/example_dags/example_branch_labels.py
[2024-04-04T23:19:16.533+0000] {logging_mixin.py:188} INFO - [2024-04-04T23:19:16.533+0000] {dag.py:3036} INFO - Sync 1 DAGs
[2024-04-04T23:19:16.596+0000] {logging_mixin.py:188} INFO - [2024-04-04T23:19:16.596+0000] {dag.py:3823} INFO - Setting next_dagrun for example_branch_labels to 2024-04-03 00:00:00+00:00, run_after=2024-04-04 00:00:00+00:00
[2024-04-04T23:19:16.646+0000] {processor.py:183} INFO - Processing /home/airflow/.local/lib/python3.8/site-packages/airflow/example_dags/example_branch_labels.py took 0.229 seconds
[2024-04-04T23:19:47.660+0000] {processor.py:161} INFO - Started process (PID=48208) to work on /home/airflow/.local/lib/python3.8/site-packages/airflow/example_dags/example_branch_labels.py
[2024-04-04T23:19:47.665+0000] {processor.py:830} INFO - Processing file /home/airflow/.local/lib/python3.8/site-packages/airflow/example_dags/example_branch_labels.py for tasks to queue
[2024-04-04T23:19:47.671+0000] {logging_mixin.py:188} INFO - [2024-04-04T23:19:47.670+0000] {dagbag.py:538} INFO - Filling up the DagBag from /home/airflow/.local/lib/python3.8/site-packages/airflow/example_dags/example_branch_labels.py
[2024-04-04T23:19:47.713+0000] {processor.py:840} INFO - DAG(s) 'example_branch_labels' retrieved from /home/airflow/.local/lib/python3.8/site-packages/airflow/example_dags/example_branch_labels.py
[2024-04-04T23:19:47.825+0000] {logging_mixin.py:188} INFO - [2024-04-04T23:19:47.823+0000] {dag.py:3036} INFO - Sync 1 DAGs
[2024-04-04T23:19:47.951+0000] {logging_mixin.py:188} INFO - [2024-04-04T23:19:47.950+0000] {dag.py:3823} INFO - Setting next_dagrun for example_branch_labels to 2024-04-03 00:00:00+00:00, run_after=2024-04-04 00:00:00+00:00
[2024-04-04T23:19:48.065+0000] {processor.py:183} INFO - Processing /home/airflow/.local/lib/python3.8/site-packages/airflow/example_dags/example_branch_labels.py took 0.425 seconds
[2024-04-04T23:20:18.574+0000] {processor.py:161} INFO - Started process (PID=48268) to work on /home/airflow/.local/lib/python3.8/site-packages/airflow/example_dags/example_branch_labels.py
[2024-04-04T23:20:18.580+0000] {processor.py:830} INFO - Processing file /home/airflow/.local/lib/python3.8/site-packages/airflow/example_dags/example_branch_labels.py for tasks to queue
[2024-04-04T23:20:18.587+0000] {logging_mixin.py:188} INFO - [2024-04-04T23:20:18.586+0000] {dagbag.py:538} INFO - Filling up the DagBag from /home/airflow/.local/lib/python3.8/site-packages/airflow/example_dags/example_branch_labels.py
[2024-04-04T23:20:18.652+0000] {processor.py:840} INFO - DAG(s) 'example_branch_labels' retrieved from /home/airflow/.local/lib/python3.8/site-packages/airflow/example_dags/example_branch_labels.py
[2024-04-04T23:20:18.849+0000] {logging_mixin.py:188} INFO - [2024-04-04T23:20:18.847+0000] {dag.py:3036} INFO - Sync 1 DAGs
[2024-04-04T23:20:19.081+0000] {logging_mixin.py:188} INFO - [2024-04-04T23:20:19.079+0000] {dag.py:3823} INFO - Setting next_dagrun for example_branch_labels to 2024-04-03 00:00:00+00:00, run_after=2024-04-04 00:00:00+00:00
[2024-04-04T23:20:19.190+0000] {processor.py:183} INFO - Processing /home/airflow/.local/lib/python3.8/site-packages/airflow/example_dags/example_branch_labels.py took 0.639 seconds
[2024-04-04T23:20:49.888+0000] {processor.py:161} INFO - Started process (PID=48328) to work on /home/airflow/.local/lib/python3.8/site-packages/airflow/example_dags/example_branch_labels.py
[2024-04-04T23:20:49.891+0000] {processor.py:830} INFO - Processing file /home/airflow/.local/lib/python3.8/site-packages/airflow/example_dags/example_branch_labels.py for tasks to queue
[2024-04-04T23:20:49.894+0000] {logging_mixin.py:188} INFO - [2024-04-04T23:20:49.893+0000] {dagbag.py:538} INFO - Filling up the DagBag from /home/airflow/.local/lib/python3.8/site-packages/airflow/example_dags/example_branch_labels.py
[2024-04-04T23:20:49.923+0000] {processor.py:840} INFO - DAG(s) 'example_branch_labels' retrieved from /home/airflow/.local/lib/python3.8/site-packages/airflow/example_dags/example_branch_labels.py
[2024-04-04T23:20:49.988+0000] {logging_mixin.py:188} INFO - [2024-04-04T23:20:49.987+0000] {dag.py:3036} INFO - Sync 1 DAGs
[2024-04-04T23:20:50.052+0000] {logging_mixin.py:188} INFO - [2024-04-04T23:20:50.051+0000] {dag.py:3823} INFO - Setting next_dagrun for example_branch_labels to 2024-04-03 00:00:00+00:00, run_after=2024-04-04 00:00:00+00:00
[2024-04-04T23:20:50.115+0000] {processor.py:183} INFO - Processing /home/airflow/.local/lib/python3.8/site-packages/airflow/example_dags/example_branch_labels.py took 0.236 seconds
[2024-04-04T23:21:20.437+0000] {processor.py:161} INFO - Started process (PID=48388) to work on /home/airflow/.local/lib/python3.8/site-packages/airflow/example_dags/example_branch_labels.py
[2024-04-04T23:21:20.440+0000] {processor.py:830} INFO - Processing file /home/airflow/.local/lib/python3.8/site-packages/airflow/example_dags/example_branch_labels.py for tasks to queue
[2024-04-04T23:21:20.442+0000] {logging_mixin.py:188} INFO - [2024-04-04T23:21:20.442+0000] {dagbag.py:538} INFO - Filling up the DagBag from /home/airflow/.local/lib/python3.8/site-packages/airflow/example_dags/example_branch_labels.py
[2024-04-04T23:21:20.471+0000] {processor.py:840} INFO - DAG(s) 'example_branch_labels' retrieved from /home/airflow/.local/lib/python3.8/site-packages/airflow/example_dags/example_branch_labels.py
[2024-04-04T23:21:20.557+0000] {logging_mixin.py:188} INFO - [2024-04-04T23:21:20.557+0000] {dag.py:3036} INFO - Sync 1 DAGs
[2024-04-04T23:21:20.628+0000] {logging_mixin.py:188} INFO - [2024-04-04T23:21:20.627+0000] {dag.py:3823} INFO - Setting next_dagrun for example_branch_labels to 2024-04-03 00:00:00+00:00, run_after=2024-04-04 00:00:00+00:00
[2024-04-04T23:21:20.674+0000] {processor.py:183} INFO - Processing /home/airflow/.local/lib/python3.8/site-packages/airflow/example_dags/example_branch_labels.py took 0.246 seconds
[2024-04-04T23:21:50.810+0000] {processor.py:161} INFO - Started process (PID=48447) to work on /home/airflow/.local/lib/python3.8/site-packages/airflow/example_dags/example_branch_labels.py
[2024-04-04T23:21:50.814+0000] {processor.py:830} INFO - Processing file /home/airflow/.local/lib/python3.8/site-packages/airflow/example_dags/example_branch_labels.py for tasks to queue
[2024-04-04T23:21:50.819+0000] {logging_mixin.py:188} INFO - [2024-04-04T23:21:50.817+0000] {dagbag.py:538} INFO - Filling up the DagBag from /home/airflow/.local/lib/python3.8/site-packages/airflow/example_dags/example_branch_labels.py
[2024-04-04T23:21:50.859+0000] {processor.py:840} INFO - DAG(s) 'example_branch_labels' retrieved from /home/airflow/.local/lib/python3.8/site-packages/airflow/example_dags/example_branch_labels.py
[2024-04-04T23:21:51.013+0000] {logging_mixin.py:188} INFO - [2024-04-04T23:21:51.012+0000] {dag.py:3036} INFO - Sync 1 DAGs
[2024-04-04T23:21:51.109+0000] {logging_mixin.py:188} INFO - [2024-04-04T23:21:51.108+0000] {dag.py:3823} INFO - Setting next_dagrun for example_branch_labels to 2024-04-03 00:00:00+00:00, run_after=2024-04-04 00:00:00+00:00
[2024-04-04T23:21:51.188+0000] {processor.py:183} INFO - Processing /home/airflow/.local/lib/python3.8/site-packages/airflow/example_dags/example_branch_labels.py took 0.394 seconds
[2024-04-04T23:22:23.015+0000] {processor.py:161} INFO - Started process (PID=48507) to work on /home/airflow/.local/lib/python3.8/site-packages/airflow/example_dags/example_branch_labels.py
[2024-04-04T23:22:23.025+0000] {processor.py:830} INFO - Processing file /home/airflow/.local/lib/python3.8/site-packages/airflow/example_dags/example_branch_labels.py for tasks to queue
[2024-04-04T23:22:23.038+0000] {logging_mixin.py:188} INFO - [2024-04-04T23:22:23.035+0000] {dagbag.py:538} INFO - Filling up the DagBag from /home/airflow/.local/lib/python3.8/site-packages/airflow/example_dags/example_branch_labels.py
[2024-04-04T23:22:23.109+0000] {processor.py:840} INFO - DAG(s) 'example_branch_labels' retrieved from /home/airflow/.local/lib/python3.8/site-packages/airflow/example_dags/example_branch_labels.py
[2024-04-04T23:22:23.321+0000] {logging_mixin.py:188} INFO - [2024-04-04T23:22:23.319+0000] {dag.py:3036} INFO - Sync 1 DAGs
[2024-04-04T23:22:23.594+0000] {logging_mixin.py:188} INFO - [2024-04-04T23:22:23.591+0000] {dag.py:3823} INFO - Setting next_dagrun for example_branch_labels to 2024-04-03 00:00:00+00:00, run_after=2024-04-04 00:00:00+00:00
[2024-04-04T23:22:23.737+0000] {processor.py:183} INFO - Processing /home/airflow/.local/lib/python3.8/site-packages/airflow/example_dags/example_branch_labels.py took 0.753 seconds
[2024-04-04T23:22:54.443+0000] {processor.py:161} INFO - Started process (PID=48568) to work on /home/airflow/.local/lib/python3.8/site-packages/airflow/example_dags/example_branch_labels.py
[2024-04-04T23:22:54.447+0000] {processor.py:830} INFO - Processing file /home/airflow/.local/lib/python3.8/site-packages/airflow/example_dags/example_branch_labels.py for tasks to queue
[2024-04-04T23:22:54.451+0000] {logging_mixin.py:188} INFO - [2024-04-04T23:22:54.450+0000] {dagbag.py:538} INFO - Filling up the DagBag from /home/airflow/.local/lib/python3.8/site-packages/airflow/example_dags/example_branch_labels.py
[2024-04-04T23:22:54.485+0000] {processor.py:840} INFO - DAG(s) 'example_branch_labels' retrieved from /home/airflow/.local/lib/python3.8/site-packages/airflow/example_dags/example_branch_labels.py
[2024-04-04T23:22:54.565+0000] {logging_mixin.py:188} INFO - [2024-04-04T23:22:54.564+0000] {dag.py:3036} INFO - Sync 1 DAGs
[2024-04-04T23:22:54.651+0000] {logging_mixin.py:188} INFO - [2024-04-04T23:22:54.650+0000] {dag.py:3823} INFO - Setting next_dagrun for example_branch_labels to 2024-04-03 00:00:00+00:00, run_after=2024-04-04 00:00:00+00:00
[2024-04-04T23:22:54.716+0000] {processor.py:183} INFO - Processing /home/airflow/.local/lib/python3.8/site-packages/airflow/example_dags/example_branch_labels.py took 0.284 seconds
[2024-04-04T23:23:25.198+0000] {processor.py:161} INFO - Started process (PID=48628) to work on /home/airflow/.local/lib/python3.8/site-packages/airflow/example_dags/example_branch_labels.py
[2024-04-04T23:23:25.200+0000] {processor.py:830} INFO - Processing file /home/airflow/.local/lib/python3.8/site-packages/airflow/example_dags/example_branch_labels.py for tasks to queue
[2024-04-04T23:23:25.203+0000] {logging_mixin.py:188} INFO - [2024-04-04T23:23:25.202+0000] {dagbag.py:538} INFO - Filling up the DagBag from /home/airflow/.local/lib/python3.8/site-packages/airflow/example_dags/example_branch_labels.py
[2024-04-04T23:23:25.226+0000] {processor.py:840} INFO - DAG(s) 'example_branch_labels' retrieved from /home/airflow/.local/lib/python3.8/site-packages/airflow/example_dags/example_branch_labels.py
[2024-04-04T23:23:25.281+0000] {logging_mixin.py:188} INFO - [2024-04-04T23:23:25.281+0000] {dag.py:3036} INFO - Sync 1 DAGs
[2024-04-04T23:23:25.338+0000] {logging_mixin.py:188} INFO - [2024-04-04T23:23:25.338+0000] {dag.py:3823} INFO - Setting next_dagrun for example_branch_labels to 2024-04-03 00:00:00+00:00, run_after=2024-04-04 00:00:00+00:00
[2024-04-04T23:23:25.382+0000] {processor.py:183} INFO - Processing /home/airflow/.local/lib/python3.8/site-packages/airflow/example_dags/example_branch_labels.py took 0.193 seconds
[2024-04-04T23:23:56.133+0000] {processor.py:161} INFO - Started process (PID=48688) to work on /home/airflow/.local/lib/python3.8/site-packages/airflow/example_dags/example_branch_labels.py
[2024-04-04T23:23:56.136+0000] {processor.py:830} INFO - Processing file /home/airflow/.local/lib/python3.8/site-packages/airflow/example_dags/example_branch_labels.py for tasks to queue
[2024-04-04T23:23:56.139+0000] {logging_mixin.py:188} INFO - [2024-04-04T23:23:56.139+0000] {dagbag.py:538} INFO - Filling up the DagBag from /home/airflow/.local/lib/python3.8/site-packages/airflow/example_dags/example_branch_labels.py
[2024-04-04T23:23:56.164+0000] {processor.py:840} INFO - DAG(s) 'example_branch_labels' retrieved from /home/airflow/.local/lib/python3.8/site-packages/airflow/example_dags/example_branch_labels.py
[2024-04-04T23:23:56.230+0000] {logging_mixin.py:188} INFO - [2024-04-04T23:23:56.230+0000] {dag.py:3036} INFO - Sync 1 DAGs
[2024-04-04T23:23:56.294+0000] {logging_mixin.py:188} INFO - [2024-04-04T23:23:56.293+0000] {dag.py:3823} INFO - Setting next_dagrun for example_branch_labels to 2024-04-03 00:00:00+00:00, run_after=2024-04-04 00:00:00+00:00
[2024-04-04T23:23:56.344+0000] {processor.py:183} INFO - Processing /home/airflow/.local/lib/python3.8/site-packages/airflow/example_dags/example_branch_labels.py took 0.222 seconds
[2024-04-04T23:24:27.844+0000] {processor.py:161} INFO - Started process (PID=48748) to work on /home/airflow/.local/lib/python3.8/site-packages/airflow/example_dags/example_branch_labels.py
[2024-04-04T23:24:27.849+0000] {processor.py:830} INFO - Processing file /home/airflow/.local/lib/python3.8/site-packages/airflow/example_dags/example_branch_labels.py for tasks to queue
[2024-04-04T23:24:27.855+0000] {logging_mixin.py:188} INFO - [2024-04-04T23:24:27.853+0000] {dagbag.py:538} INFO - Filling up the DagBag from /home/airflow/.local/lib/python3.8/site-packages/airflow/example_dags/example_branch_labels.py
[2024-04-04T23:24:27.916+0000] {processor.py:840} INFO - DAG(s) 'example_branch_labels' retrieved from /home/airflow/.local/lib/python3.8/site-packages/airflow/example_dags/example_branch_labels.py
[2024-04-04T23:24:28.053+0000] {logging_mixin.py:188} INFO - [2024-04-04T23:24:28.052+0000] {dag.py:3036} INFO - Sync 1 DAGs
[2024-04-04T23:24:28.181+0000] {logging_mixin.py:188} INFO - [2024-04-04T23:24:28.180+0000] {dag.py:3823} INFO - Setting next_dagrun for example_branch_labels to 2024-04-03 00:00:00+00:00, run_after=2024-04-04 00:00:00+00:00
[2024-04-04T23:24:28.286+0000] {processor.py:183} INFO - Processing /home/airflow/.local/lib/python3.8/site-packages/airflow/example_dags/example_branch_labels.py took 0.475 seconds
[2024-04-04T23:24:59.115+0000] {processor.py:161} INFO - Started process (PID=48808) to work on /home/airflow/.local/lib/python3.8/site-packages/airflow/example_dags/example_branch_labels.py
[2024-04-04T23:24:59.120+0000] {processor.py:830} INFO - Processing file /home/airflow/.local/lib/python3.8/site-packages/airflow/example_dags/example_branch_labels.py for tasks to queue
[2024-04-04T23:24:59.125+0000] {logging_mixin.py:188} INFO - [2024-04-04T23:24:59.124+0000] {dagbag.py:538} INFO - Filling up the DagBag from /home/airflow/.local/lib/python3.8/site-packages/airflow/example_dags/example_branch_labels.py
[2024-04-04T23:24:59.181+0000] {processor.py:840} INFO - DAG(s) 'example_branch_labels' retrieved from /home/airflow/.local/lib/python3.8/site-packages/airflow/example_dags/example_branch_labels.py
[2024-04-04T23:24:59.315+0000] {logging_mixin.py:188} INFO - [2024-04-04T23:24:59.313+0000] {dag.py:3036} INFO - Sync 1 DAGs
[2024-04-04T23:24:59.449+0000] {logging_mixin.py:188} INFO - [2024-04-04T23:24:59.447+0000] {dag.py:3823} INFO - Setting next_dagrun for example_branch_labels to 2024-04-03 00:00:00+00:00, run_after=2024-04-04 00:00:00+00:00
[2024-04-04T23:24:59.564+0000] {processor.py:183} INFO - Processing /home/airflow/.local/lib/python3.8/site-packages/airflow/example_dags/example_branch_labels.py took 0.468 seconds
[2024-04-04T23:25:30.170+0000] {processor.py:161} INFO - Started process (PID=48868) to work on /home/airflow/.local/lib/python3.8/site-packages/airflow/example_dags/example_branch_labels.py
[2024-04-04T23:25:30.173+0000] {processor.py:830} INFO - Processing file /home/airflow/.local/lib/python3.8/site-packages/airflow/example_dags/example_branch_labels.py for tasks to queue
[2024-04-04T23:25:30.175+0000] {logging_mixin.py:188} INFO - [2024-04-04T23:25:30.175+0000] {dagbag.py:538} INFO - Filling up the DagBag from /home/airflow/.local/lib/python3.8/site-packages/airflow/example_dags/example_branch_labels.py
[2024-04-04T23:25:30.201+0000] {processor.py:840} INFO - DAG(s) 'example_branch_labels' retrieved from /home/airflow/.local/lib/python3.8/site-packages/airflow/example_dags/example_branch_labels.py
[2024-04-04T23:25:30.270+0000] {logging_mixin.py:188} INFO - [2024-04-04T23:25:30.269+0000] {dag.py:3036} INFO - Sync 1 DAGs
[2024-04-04T23:25:30.335+0000] {logging_mixin.py:188} INFO - [2024-04-04T23:25:30.334+0000] {dag.py:3823} INFO - Setting next_dagrun for example_branch_labels to 2024-04-03 00:00:00+00:00, run_after=2024-04-04 00:00:00+00:00
[2024-04-04T23:25:30.386+0000] {processor.py:183} INFO - Processing /home/airflow/.local/lib/python3.8/site-packages/airflow/example_dags/example_branch_labels.py took 0.226 seconds
[2024-04-04T23:26:00.599+0000] {processor.py:161} INFO - Started process (PID=48926) to work on /home/airflow/.local/lib/python3.8/site-packages/airflow/example_dags/example_branch_labels.py
[2024-04-04T23:26:00.602+0000] {processor.py:830} INFO - Processing file /home/airflow/.local/lib/python3.8/site-packages/airflow/example_dags/example_branch_labels.py for tasks to queue
[2024-04-04T23:26:00.604+0000] {logging_mixin.py:188} INFO - [2024-04-04T23:26:00.603+0000] {dagbag.py:538} INFO - Filling up the DagBag from /home/airflow/.local/lib/python3.8/site-packages/airflow/example_dags/example_branch_labels.py
[2024-04-04T23:26:00.636+0000] {processor.py:840} INFO - DAG(s) 'example_branch_labels' retrieved from /home/airflow/.local/lib/python3.8/site-packages/airflow/example_dags/example_branch_labels.py
[2024-04-04T23:26:00.698+0000] {logging_mixin.py:188} INFO - [2024-04-04T23:26:00.698+0000] {dag.py:3036} INFO - Sync 1 DAGs
[2024-04-04T23:26:00.750+0000] {logging_mixin.py:188} INFO - [2024-04-04T23:26:00.749+0000] {dag.py:3823} INFO - Setting next_dagrun for example_branch_labels to 2024-04-03 00:00:00+00:00, run_after=2024-04-04 00:00:00+00:00
[2024-04-04T23:26:00.800+0000] {processor.py:183} INFO - Processing /home/airflow/.local/lib/python3.8/site-packages/airflow/example_dags/example_branch_labels.py took 0.208 seconds
[2024-04-04T23:26:31.730+0000] {processor.py:161} INFO - Started process (PID=48986) to work on /home/airflow/.local/lib/python3.8/site-packages/airflow/example_dags/example_branch_labels.py
[2024-04-04T23:26:31.735+0000] {processor.py:830} INFO - Processing file /home/airflow/.local/lib/python3.8/site-packages/airflow/example_dags/example_branch_labels.py for tasks to queue
[2024-04-04T23:26:31.740+0000] {logging_mixin.py:188} INFO - [2024-04-04T23:26:31.739+0000] {dagbag.py:538} INFO - Filling up the DagBag from /home/airflow/.local/lib/python3.8/site-packages/airflow/example_dags/example_branch_labels.py
[2024-04-04T23:26:31.793+0000] {processor.py:840} INFO - DAG(s) 'example_branch_labels' retrieved from /home/airflow/.local/lib/python3.8/site-packages/airflow/example_dags/example_branch_labels.py
[2024-04-04T23:26:31.934+0000] {logging_mixin.py:188} INFO - [2024-04-04T23:26:31.933+0000] {dag.py:3036} INFO - Sync 1 DAGs
[2024-04-04T23:26:32.055+0000] {logging_mixin.py:188} INFO - [2024-04-04T23:26:32.053+0000] {dag.py:3823} INFO - Setting next_dagrun for example_branch_labels to 2024-04-03 00:00:00+00:00, run_after=2024-04-04 00:00:00+00:00
[2024-04-04T23:26:32.151+0000] {processor.py:183} INFO - Processing /home/airflow/.local/lib/python3.8/site-packages/airflow/example_dags/example_branch_labels.py took 0.441 seconds
[2024-04-04T23:27:02.884+0000] {processor.py:161} INFO - Started process (PID=49046) to work on /home/airflow/.local/lib/python3.8/site-packages/airflow/example_dags/example_branch_labels.py
[2024-04-04T23:27:02.892+0000] {processor.py:830} INFO - Processing file /home/airflow/.local/lib/python3.8/site-packages/airflow/example_dags/example_branch_labels.py for tasks to queue
[2024-04-04T23:27:02.903+0000] {logging_mixin.py:188} INFO - [2024-04-04T23:27:02.901+0000] {dagbag.py:538} INFO - Filling up the DagBag from /home/airflow/.local/lib/python3.8/site-packages/airflow/example_dags/example_branch_labels.py
[2024-04-04T23:27:02.990+0000] {processor.py:840} INFO - DAG(s) 'example_branch_labels' retrieved from /home/airflow/.local/lib/python3.8/site-packages/airflow/example_dags/example_branch_labels.py
[2024-04-04T23:27:03.305+0000] {logging_mixin.py:188} INFO - [2024-04-04T23:27:03.303+0000] {dag.py:3036} INFO - Sync 1 DAGs
[2024-04-04T23:27:03.526+0000] {logging_mixin.py:188} INFO - [2024-04-04T23:27:03.524+0000] {dag.py:3823} INFO - Setting next_dagrun for example_branch_labels to 2024-04-03 00:00:00+00:00, run_after=2024-04-04 00:00:00+00:00
[2024-04-04T23:27:03.667+0000] {processor.py:183} INFO - Processing /home/airflow/.local/lib/python3.8/site-packages/airflow/example_dags/example_branch_labels.py took 0.818 seconds
[2024-04-04T23:27:34.485+0000] {processor.py:161} INFO - Started process (PID=49107) to work on /home/airflow/.local/lib/python3.8/site-packages/airflow/example_dags/example_branch_labels.py
[2024-04-04T23:27:34.487+0000] {processor.py:830} INFO - Processing file /home/airflow/.local/lib/python3.8/site-packages/airflow/example_dags/example_branch_labels.py for tasks to queue
[2024-04-04T23:27:34.489+0000] {logging_mixin.py:188} INFO - [2024-04-04T23:27:34.488+0000] {dagbag.py:538} INFO - Filling up the DagBag from /home/airflow/.local/lib/python3.8/site-packages/airflow/example_dags/example_branch_labels.py
[2024-04-04T23:27:34.504+0000] {processor.py:840} INFO - DAG(s) 'example_branch_labels' retrieved from /home/airflow/.local/lib/python3.8/site-packages/airflow/example_dags/example_branch_labels.py
[2024-04-04T23:27:34.543+0000] {logging_mixin.py:188} INFO - [2024-04-04T23:27:34.543+0000] {dag.py:3036} INFO - Sync 1 DAGs
[2024-04-04T23:27:34.582+0000] {logging_mixin.py:188} INFO - [2024-04-04T23:27:34.581+0000] {dag.py:3823} INFO - Setting next_dagrun for example_branch_labels to 2024-04-03 00:00:00+00:00, run_after=2024-04-04 00:00:00+00:00
[2024-04-04T23:27:34.622+0000] {processor.py:183} INFO - Processing /home/airflow/.local/lib/python3.8/site-packages/airflow/example_dags/example_branch_labels.py took 0.145 seconds
[2024-04-04T23:28:04.821+0000] {processor.py:161} INFO - Started process (PID=49167) to work on /home/airflow/.local/lib/python3.8/site-packages/airflow/example_dags/example_branch_labels.py
[2024-04-04T23:28:04.824+0000] {processor.py:830} INFO - Processing file /home/airflow/.local/lib/python3.8/site-packages/airflow/example_dags/example_branch_labels.py for tasks to queue
[2024-04-04T23:28:04.827+0000] {logging_mixin.py:188} INFO - [2024-04-04T23:28:04.826+0000] {dagbag.py:538} INFO - Filling up the DagBag from /home/airflow/.local/lib/python3.8/site-packages/airflow/example_dags/example_branch_labels.py
[2024-04-04T23:28:04.850+0000] {processor.py:840} INFO - DAG(s) 'example_branch_labels' retrieved from /home/airflow/.local/lib/python3.8/site-packages/airflow/example_dags/example_branch_labels.py
[2024-04-04T23:28:04.931+0000] {logging_mixin.py:188} INFO - [2024-04-04T23:28:04.930+0000] {dag.py:3036} INFO - Sync 1 DAGs
[2024-04-04T23:28:05.004+0000] {logging_mixin.py:188} INFO - [2024-04-04T23:28:05.004+0000] {dag.py:3823} INFO - Setting next_dagrun for example_branch_labels to 2024-04-03 00:00:00+00:00, run_after=2024-04-04 00:00:00+00:00
[2024-04-04T23:28:05.063+0000] {processor.py:183} INFO - Processing /home/airflow/.local/lib/python3.8/site-packages/airflow/example_dags/example_branch_labels.py took 0.252 seconds
[2024-04-04T23:28:35.434+0000] {processor.py:161} INFO - Started process (PID=49227) to work on /home/airflow/.local/lib/python3.8/site-packages/airflow/example_dags/example_branch_labels.py
[2024-04-04T23:28:35.438+0000] {processor.py:830} INFO - Processing file /home/airflow/.local/lib/python3.8/site-packages/airflow/example_dags/example_branch_labels.py for tasks to queue
[2024-04-04T23:28:35.442+0000] {logging_mixin.py:188} INFO - [2024-04-04T23:28:35.441+0000] {dagbag.py:538} INFO - Filling up the DagBag from /home/airflow/.local/lib/python3.8/site-packages/airflow/example_dags/example_branch_labels.py
[2024-04-04T23:28:35.473+0000] {processor.py:840} INFO - DAG(s) 'example_branch_labels' retrieved from /home/airflow/.local/lib/python3.8/site-packages/airflow/example_dags/example_branch_labels.py
[2024-04-04T23:28:35.574+0000] {logging_mixin.py:188} INFO - [2024-04-04T23:28:35.573+0000] {dag.py:3036} INFO - Sync 1 DAGs
[2024-04-04T23:28:35.657+0000] {logging_mixin.py:188} INFO - [2024-04-04T23:28:35.657+0000] {dag.py:3823} INFO - Setting next_dagrun for example_branch_labels to 2024-04-03 00:00:00+00:00, run_after=2024-04-04 00:00:00+00:00
[2024-04-04T23:28:35.720+0000] {processor.py:183} INFO - Processing /home/airflow/.local/lib/python3.8/site-packages/airflow/example_dags/example_branch_labels.py took 0.300 seconds
[2024-04-04T23:29:06.583+0000] {processor.py:161} INFO - Started process (PID=49287) to work on /home/airflow/.local/lib/python3.8/site-packages/airflow/example_dags/example_branch_labels.py
[2024-04-04T23:29:06.593+0000] {processor.py:830} INFO - Processing file /home/airflow/.local/lib/python3.8/site-packages/airflow/example_dags/example_branch_labels.py for tasks to queue
[2024-04-04T23:29:06.605+0000] {logging_mixin.py:188} INFO - [2024-04-04T23:29:06.602+0000] {dagbag.py:538} INFO - Filling up the DagBag from /home/airflow/.local/lib/python3.8/site-packages/airflow/example_dags/example_branch_labels.py
[2024-04-04T23:29:06.693+0000] {processor.py:840} INFO - DAG(s) 'example_branch_labels' retrieved from /home/airflow/.local/lib/python3.8/site-packages/airflow/example_dags/example_branch_labels.py
[2024-04-04T23:29:06.842+0000] {logging_mixin.py:188} INFO - [2024-04-04T23:29:06.839+0000] {dag.py:3036} INFO - Sync 1 DAGs
[2024-04-04T23:29:07.087+0000] {logging_mixin.py:188} INFO - [2024-04-04T23:29:07.085+0000] {dag.py:3823} INFO - Setting next_dagrun for example_branch_labels to 2024-04-03 00:00:00+00:00, run_after=2024-04-04 00:00:00+00:00
[2024-04-04T23:29:07.269+0000] {processor.py:183} INFO - Processing /home/airflow/.local/lib/python3.8/site-packages/airflow/example_dags/example_branch_labels.py took 0.736 seconds
[2024-04-04T23:29:37.874+0000] {processor.py:161} INFO - Started process (PID=49347) to work on /home/airflow/.local/lib/python3.8/site-packages/airflow/example_dags/example_branch_labels.py
[2024-04-04T23:29:37.877+0000] {processor.py:830} INFO - Processing file /home/airflow/.local/lib/python3.8/site-packages/airflow/example_dags/example_branch_labels.py for tasks to queue
[2024-04-04T23:29:37.880+0000] {logging_mixin.py:188} INFO - [2024-04-04T23:29:37.879+0000] {dagbag.py:538} INFO - Filling up the DagBag from /home/airflow/.local/lib/python3.8/site-packages/airflow/example_dags/example_branch_labels.py
[2024-04-04T23:29:37.903+0000] {processor.py:840} INFO - DAG(s) 'example_branch_labels' retrieved from /home/airflow/.local/lib/python3.8/site-packages/airflow/example_dags/example_branch_labels.py
[2024-04-04T23:29:37.963+0000] {logging_mixin.py:188} INFO - [2024-04-04T23:29:37.963+0000] {dag.py:3036} INFO - Sync 1 DAGs
[2024-04-04T23:29:38.033+0000] {logging_mixin.py:188} INFO - [2024-04-04T23:29:38.032+0000] {dag.py:3823} INFO - Setting next_dagrun for example_branch_labels to 2024-04-03 00:00:00+00:00, run_after=2024-04-04 00:00:00+00:00
[2024-04-04T23:29:38.097+0000] {processor.py:183} INFO - Processing /home/airflow/.local/lib/python3.8/site-packages/airflow/example_dags/example_branch_labels.py took 0.235 seconds
[2024-04-04T23:30:08.401+0000] {processor.py:161} INFO - Started process (PID=49407) to work on /home/airflow/.local/lib/python3.8/site-packages/airflow/example_dags/example_branch_labels.py
[2024-04-04T23:30:08.403+0000] {processor.py:830} INFO - Processing file /home/airflow/.local/lib/python3.8/site-packages/airflow/example_dags/example_branch_labels.py for tasks to queue
[2024-04-04T23:30:08.405+0000] {logging_mixin.py:188} INFO - [2024-04-04T23:30:08.405+0000] {dagbag.py:538} INFO - Filling up the DagBag from /home/airflow/.local/lib/python3.8/site-packages/airflow/example_dags/example_branch_labels.py
[2024-04-04T23:30:08.422+0000] {processor.py:840} INFO - DAG(s) 'example_branch_labels' retrieved from /home/airflow/.local/lib/python3.8/site-packages/airflow/example_dags/example_branch_labels.py
[2024-04-04T23:30:08.473+0000] {logging_mixin.py:188} INFO - [2024-04-04T23:30:08.472+0000] {dag.py:3036} INFO - Sync 1 DAGs
[2024-04-04T23:30:08.520+0000] {logging_mixin.py:188} INFO - [2024-04-04T23:30:08.520+0000] {dag.py:3823} INFO - Setting next_dagrun for example_branch_labels to 2024-04-03 00:00:00+00:00, run_after=2024-04-04 00:00:00+00:00
[2024-04-04T23:30:08.560+0000] {processor.py:183} INFO - Processing /home/airflow/.local/lib/python3.8/site-packages/airflow/example_dags/example_branch_labels.py took 0.165 seconds
[2024-04-04T23:30:43.012+0000] {processor.py:161} INFO - Started process (PID=49467) to work on /home/airflow/.local/lib/python3.8/site-packages/airflow/example_dags/example_branch_labels.py
[2024-04-04T23:30:43.017+0000] {processor.py:830} INFO - Processing file /home/airflow/.local/lib/python3.8/site-packages/airflow/example_dags/example_branch_labels.py for tasks to queue
[2024-04-04T23:30:43.021+0000] {logging_mixin.py:188} INFO - [2024-04-04T23:30:43.020+0000] {dagbag.py:538} INFO - Filling up the DagBag from /home/airflow/.local/lib/python3.8/site-packages/airflow/example_dags/example_branch_labels.py
[2024-04-04T23:30:43.059+0000] {processor.py:840} INFO - DAG(s) 'example_branch_labels' retrieved from /home/airflow/.local/lib/python3.8/site-packages/airflow/example_dags/example_branch_labels.py
[2024-04-04T23:30:43.160+0000] {logging_mixin.py:188} INFO - [2024-04-04T23:30:43.159+0000] {dag.py:3036} INFO - Sync 1 DAGs
[2024-04-04T23:30:43.259+0000] {logging_mixin.py:188} INFO - [2024-04-04T23:30:43.258+0000] {dag.py:3823} INFO - Setting next_dagrun for example_branch_labels to 2024-04-03 00:00:00+00:00, run_after=2024-04-04 00:00:00+00:00
[2024-04-04T23:30:43.340+0000] {processor.py:183} INFO - Processing /home/airflow/.local/lib/python3.8/site-packages/airflow/example_dags/example_branch_labels.py took 0.346 seconds
[2024-04-04T23:31:15.135+0000] {processor.py:161} INFO - Started process (PID=49534) to work on /home/airflow/.local/lib/python3.8/site-packages/airflow/example_dags/example_branch_labels.py
[2024-04-04T23:31:15.143+0000] {processor.py:830} INFO - Processing file /home/airflow/.local/lib/python3.8/site-packages/airflow/example_dags/example_branch_labels.py for tasks to queue
[2024-04-04T23:31:15.150+0000] {logging_mixin.py:188} INFO - [2024-04-04T23:31:15.147+0000] {dagbag.py:538} INFO - Filling up the DagBag from /home/airflow/.local/lib/python3.8/site-packages/airflow/example_dags/example_branch_labels.py
[2024-04-04T23:31:15.213+0000] {processor.py:840} INFO - DAG(s) 'example_branch_labels' retrieved from /home/airflow/.local/lib/python3.8/site-packages/airflow/example_dags/example_branch_labels.py
[2024-04-04T23:31:15.321+0000] {logging_mixin.py:188} INFO - [2024-04-04T23:31:15.320+0000] {dag.py:3036} INFO - Sync 1 DAGs
[2024-04-04T23:31:15.435+0000] {logging_mixin.py:188} INFO - [2024-04-04T23:31:15.433+0000] {dag.py:3823} INFO - Setting next_dagrun for example_branch_labels to 2024-04-03 00:00:00+00:00, run_after=2024-04-04 00:00:00+00:00
[2024-04-04T23:31:15.530+0000] {processor.py:183} INFO - Processing /home/airflow/.local/lib/python3.8/site-packages/airflow/example_dags/example_branch_labels.py took 0.420 seconds
[2024-04-04T23:31:48.171+0000] {processor.py:161} INFO - Started process (PID=49594) to work on /home/airflow/.local/lib/python3.8/site-packages/airflow/example_dags/example_branch_labels.py
[2024-04-04T23:31:48.178+0000] {processor.py:830} INFO - Processing file /home/airflow/.local/lib/python3.8/site-packages/airflow/example_dags/example_branch_labels.py for tasks to queue
[2024-04-04T23:31:48.185+0000] {logging_mixin.py:188} INFO - [2024-04-04T23:31:48.183+0000] {dagbag.py:538} INFO - Filling up the DagBag from /home/airflow/.local/lib/python3.8/site-packages/airflow/example_dags/example_branch_labels.py
[2024-04-04T23:31:48.264+0000] {processor.py:840} INFO - DAG(s) 'example_branch_labels' retrieved from /home/airflow/.local/lib/python3.8/site-packages/airflow/example_dags/example_branch_labels.py
[2024-04-04T23:31:48.472+0000] {logging_mixin.py:188} INFO - [2024-04-04T23:31:48.468+0000] {dag.py:3036} INFO - Sync 1 DAGs
[2024-04-04T23:31:48.703+0000] {logging_mixin.py:188} INFO - [2024-04-04T23:31:48.701+0000] {dag.py:3823} INFO - Setting next_dagrun for example_branch_labels to 2024-04-03 00:00:00+00:00, run_after=2024-04-04 00:00:00+00:00
[2024-04-04T23:31:48.854+0000] {processor.py:183} INFO - Processing /home/airflow/.local/lib/python3.8/site-packages/airflow/example_dags/example_branch_labels.py took 0.707 seconds
