[2024-04-04T20:01:50.560+0000] {processor.py:161} INFO - Started process (PID=43441) to work on /home/airflow/.local/lib/python3.8/site-packages/airflow/example_dags/example_kubernetes_executor.py
[2024-04-04T20:01:50.572+0000] {processor.py:830} INFO - Processing file /home/airflow/.local/lib/python3.8/site-packages/airflow/example_dags/example_kubernetes_executor.py for tasks to queue
[2024-04-04T20:01:50.574+0000] {logging_mixin.py:188} INFO - [2024-04-04T20:01:50.574+0000] {dagbag.py:538} INFO - Filling up the DagBag from /home/airflow/.local/lib/python3.8/site-packages/airflow/example_dags/example_kubernetes_executor.py
[2024-04-04T20:01:50.631+0000] {processor.py:840} INFO - DAG(s) 'example_kubernetes_executor' retrieved from /home/airflow/.local/lib/python3.8/site-packages/airflow/example_dags/example_kubernetes_executor.py
[2024-04-04T20:01:50.910+0000] {logging_mixin.py:188} INFO - [2024-04-04T20:01:50.909+0000] {dag.py:3036} INFO - Sync 1 DAGs
[2024-04-04T20:01:50.988+0000] {logging_mixin.py:188} INFO - [2024-04-04T20:01:50.988+0000] {dag.py:3823} INFO - Setting next_dagrun for example_kubernetes_executor to None, run_after=None
[2024-04-04T20:01:51.130+0000] {processor.py:183} INFO - Processing /home/airflow/.local/lib/python3.8/site-packages/airflow/example_dags/example_kubernetes_executor.py took 0.583 seconds
[2024-04-04T15:01:21.594+0000] {processor.py:161} INFO - Started process (PID=46112) to work on /home/airflow/.local/lib/python3.8/site-packages/airflow/example_dags/example_kubernetes_executor.py
[2024-04-04T15:01:21.647+0000] {processor.py:830} INFO - Processing file /home/airflow/.local/lib/python3.8/site-packages/airflow/example_dags/example_kubernetes_executor.py for tasks to queue
[2024-04-04T15:01:21.686+0000] {logging_mixin.py:188} INFO - [2024-04-04T15:01:21.673+0000] {dagbag.py:538} INFO - Filling up the DagBag from /home/airflow/.local/lib/python3.8/site-packages/airflow/example_dags/example_kubernetes_executor.py
[2024-04-04T15:01:22.112+0000] {processor.py:840} INFO - DAG(s) 'example_kubernetes_executor' retrieved from /home/airflow/.local/lib/python3.8/site-packages/airflow/example_dags/example_kubernetes_executor.py
[2024-04-04T15:01:23.002+0000] {logging_mixin.py:188} INFO - [2024-04-04T15:01:22.998+0000] {dag.py:3036} INFO - Sync 1 DAGs
[2024-04-04T15:01:23.235+0000] {logging_mixin.py:188} INFO - [2024-04-04T15:01:23.229+0000] {dag.py:3823} INFO - Setting next_dagrun for example_kubernetes_executor to None, run_after=None
[2024-04-04T15:01:34.071+0000] {processor.py:183} INFO - Processing /home/airflow/.local/lib/python3.8/site-packages/airflow/example_dags/example_kubernetes_executor.py took 12.564 seconds
[2024-04-04T18:12:33.589+0000] {processor.py:161} INFO - Started process (PID=46172) to work on /home/airflow/.local/lib/python3.8/site-packages/airflow/example_dags/example_kubernetes_executor.py
[2024-04-04T18:12:33.590+0000] {processor.py:830} INFO - Processing file /home/airflow/.local/lib/python3.8/site-packages/airflow/example_dags/example_kubernetes_executor.py for tasks to queue
[2024-04-04T18:12:33.592+0000] {logging_mixin.py:188} INFO - [2024-04-04T18:12:33.591+0000] {dagbag.py:538} INFO - Filling up the DagBag from /home/airflow/.local/lib/python3.8/site-packages/airflow/example_dags/example_kubernetes_executor.py
[2024-04-04T18:12:33.612+0000] {processor.py:840} INFO - DAG(s) 'example_kubernetes_executor' retrieved from /home/airflow/.local/lib/python3.8/site-packages/airflow/example_dags/example_kubernetes_executor.py
[2024-04-04T18:12:33.664+0000] {logging_mixin.py:188} INFO - [2024-04-04T18:12:33.664+0000] {dag.py:3036} INFO - Sync 1 DAGs
[2024-04-04T18:12:33.678+0000] {logging_mixin.py:188} INFO - [2024-04-04T18:12:33.678+0000] {dag.py:3823} INFO - Setting next_dagrun for example_kubernetes_executor to None, run_after=None
[2024-04-04T18:12:33.702+0000] {processor.py:183} INFO - Processing /home/airflow/.local/lib/python3.8/site-packages/airflow/example_dags/example_kubernetes_executor.py took 0.117 seconds
[2024-04-04T18:13:04.105+0000] {processor.py:161} INFO - Started process (PID=46232) to work on /home/airflow/.local/lib/python3.8/site-packages/airflow/example_dags/example_kubernetes_executor.py
[2024-04-04T18:13:04.107+0000] {processor.py:830} INFO - Processing file /home/airflow/.local/lib/python3.8/site-packages/airflow/example_dags/example_kubernetes_executor.py for tasks to queue
[2024-04-04T18:13:04.110+0000] {logging_mixin.py:188} INFO - [2024-04-04T18:13:04.109+0000] {dagbag.py:538} INFO - Filling up the DagBag from /home/airflow/.local/lib/python3.8/site-packages/airflow/example_dags/example_kubernetes_executor.py
[2024-04-04T18:13:04.137+0000] {processor.py:840} INFO - DAG(s) 'example_kubernetes_executor' retrieved from /home/airflow/.local/lib/python3.8/site-packages/airflow/example_dags/example_kubernetes_executor.py
[2024-04-04T18:13:04.203+0000] {logging_mixin.py:188} INFO - [2024-04-04T18:13:04.203+0000] {dag.py:3036} INFO - Sync 1 DAGs
[2024-04-04T18:13:04.223+0000] {logging_mixin.py:188} INFO - [2024-04-04T18:13:04.223+0000] {dag.py:3823} INFO - Setting next_dagrun for example_kubernetes_executor to None, run_after=None
[2024-04-04T18:13:04.308+0000] {processor.py:183} INFO - Processing /home/airflow/.local/lib/python3.8/site-packages/airflow/example_dags/example_kubernetes_executor.py took 0.210 seconds
[2024-04-04T18:13:34.840+0000] {processor.py:161} INFO - Started process (PID=46292) to work on /home/airflow/.local/lib/python3.8/site-packages/airflow/example_dags/example_kubernetes_executor.py
[2024-04-04T18:13:34.842+0000] {processor.py:830} INFO - Processing file /home/airflow/.local/lib/python3.8/site-packages/airflow/example_dags/example_kubernetes_executor.py for tasks to queue
[2024-04-04T18:13:34.843+0000] {logging_mixin.py:188} INFO - [2024-04-04T18:13:34.843+0000] {dagbag.py:538} INFO - Filling up the DagBag from /home/airflow/.local/lib/python3.8/site-packages/airflow/example_dags/example_kubernetes_executor.py
[2024-04-04T18:13:34.862+0000] {processor.py:840} INFO - DAG(s) 'example_kubernetes_executor' retrieved from /home/airflow/.local/lib/python3.8/site-packages/airflow/example_dags/example_kubernetes_executor.py
[2024-04-04T18:13:34.923+0000] {logging_mixin.py:188} INFO - [2024-04-04T18:13:34.923+0000] {dag.py:3036} INFO - Sync 1 DAGs
[2024-04-04T18:13:34.937+0000] {logging_mixin.py:188} INFO - [2024-04-04T18:13:34.937+0000] {dag.py:3823} INFO - Setting next_dagrun for example_kubernetes_executor to None, run_after=None
[2024-04-04T18:13:34.961+0000] {processor.py:183} INFO - Processing /home/airflow/.local/lib/python3.8/site-packages/airflow/example_dags/example_kubernetes_executor.py took 0.125 seconds
[2024-04-04T18:14:05.978+0000] {processor.py:161} INFO - Started process (PID=46352) to work on /home/airflow/.local/lib/python3.8/site-packages/airflow/example_dags/example_kubernetes_executor.py
[2024-04-04T18:14:05.980+0000] {processor.py:830} INFO - Processing file /home/airflow/.local/lib/python3.8/site-packages/airflow/example_dags/example_kubernetes_executor.py for tasks to queue
[2024-04-04T18:14:05.982+0000] {logging_mixin.py:188} INFO - [2024-04-04T18:14:05.981+0000] {dagbag.py:538} INFO - Filling up the DagBag from /home/airflow/.local/lib/python3.8/site-packages/airflow/example_dags/example_kubernetes_executor.py
[2024-04-04T18:14:06.011+0000] {processor.py:840} INFO - DAG(s) 'example_kubernetes_executor' retrieved from /home/airflow/.local/lib/python3.8/site-packages/airflow/example_dags/example_kubernetes_executor.py
[2024-04-04T18:14:06.079+0000] {logging_mixin.py:188} INFO - [2024-04-04T18:14:06.079+0000] {dag.py:3036} INFO - Sync 1 DAGs
[2024-04-04T18:14:06.099+0000] {logging_mixin.py:188} INFO - [2024-04-04T18:14:06.098+0000] {dag.py:3823} INFO - Setting next_dagrun for example_kubernetes_executor to None, run_after=None
[2024-04-04T18:14:06.129+0000] {processor.py:183} INFO - Processing /home/airflow/.local/lib/python3.8/site-packages/airflow/example_dags/example_kubernetes_executor.py took 0.156 seconds
[2024-04-04T18:14:36.388+0000] {processor.py:161} INFO - Started process (PID=46412) to work on /home/airflow/.local/lib/python3.8/site-packages/airflow/example_dags/example_kubernetes_executor.py
[2024-04-04T18:14:36.390+0000] {processor.py:830} INFO - Processing file /home/airflow/.local/lib/python3.8/site-packages/airflow/example_dags/example_kubernetes_executor.py for tasks to queue
[2024-04-04T18:14:36.392+0000] {logging_mixin.py:188} INFO - [2024-04-04T18:14:36.391+0000] {dagbag.py:538} INFO - Filling up the DagBag from /home/airflow/.local/lib/python3.8/site-packages/airflow/example_dags/example_kubernetes_executor.py
[2024-04-04T18:14:36.416+0000] {processor.py:840} INFO - DAG(s) 'example_kubernetes_executor' retrieved from /home/airflow/.local/lib/python3.8/site-packages/airflow/example_dags/example_kubernetes_executor.py
[2024-04-04T18:14:36.486+0000] {logging_mixin.py:188} INFO - [2024-04-04T18:14:36.486+0000] {dag.py:3036} INFO - Sync 1 DAGs
[2024-04-04T18:14:36.507+0000] {logging_mixin.py:188} INFO - [2024-04-04T18:14:36.507+0000] {dag.py:3823} INFO - Setting next_dagrun for example_kubernetes_executor to None, run_after=None
[2024-04-04T18:14:36.539+0000] {processor.py:183} INFO - Processing /home/airflow/.local/lib/python3.8/site-packages/airflow/example_dags/example_kubernetes_executor.py took 0.157 seconds
[2024-04-04T18:15:10.733+0000] {processor.py:161} INFO - Started process (PID=46472) to work on /home/airflow/.local/lib/python3.8/site-packages/airflow/example_dags/example_kubernetes_executor.py
[2024-04-04T18:15:10.736+0000] {processor.py:830} INFO - Processing file /home/airflow/.local/lib/python3.8/site-packages/airflow/example_dags/example_kubernetes_executor.py for tasks to queue
[2024-04-04T18:15:10.738+0000] {logging_mixin.py:188} INFO - [2024-04-04T18:15:10.738+0000] {dagbag.py:538} INFO - Filling up the DagBag from /home/airflow/.local/lib/python3.8/site-packages/airflow/example_dags/example_kubernetes_executor.py
[2024-04-04T18:15:10.786+0000] {processor.py:840} INFO - DAG(s) 'example_kubernetes_executor' retrieved from /home/airflow/.local/lib/python3.8/site-packages/airflow/example_dags/example_kubernetes_executor.py
[2024-04-04T18:15:10.900+0000] {logging_mixin.py:188} INFO - [2024-04-04T18:15:10.900+0000] {dag.py:3036} INFO - Sync 1 DAGs
[2024-04-04T18:15:10.937+0000] {logging_mixin.py:188} INFO - [2024-04-04T18:15:10.936+0000] {dag.py:3823} INFO - Setting next_dagrun for example_kubernetes_executor to None, run_after=None
[2024-04-04T18:15:10.995+0000] {processor.py:183} INFO - Processing /home/airflow/.local/lib/python3.8/site-packages/airflow/example_dags/example_kubernetes_executor.py took 0.271 seconds
[2024-04-04T18:15:47.749+0000] {processor.py:161} INFO - Started process (PID=46532) to work on /home/airflow/.local/lib/python3.8/site-packages/airflow/example_dags/example_kubernetes_executor.py
[2024-04-04T18:15:47.753+0000] {processor.py:830} INFO - Processing file /home/airflow/.local/lib/python3.8/site-packages/airflow/example_dags/example_kubernetes_executor.py for tasks to queue
[2024-04-04T18:15:47.757+0000] {logging_mixin.py:188} INFO - [2024-04-04T18:15:47.756+0000] {dagbag.py:538} INFO - Filling up the DagBag from /home/airflow/.local/lib/python3.8/site-packages/airflow/example_dags/example_kubernetes_executor.py
[2024-04-04T18:15:47.819+0000] {processor.py:840} INFO - DAG(s) 'example_kubernetes_executor' retrieved from /home/airflow/.local/lib/python3.8/site-packages/airflow/example_dags/example_kubernetes_executor.py
[2024-04-04T18:15:47.968+0000] {logging_mixin.py:188} INFO - [2024-04-04T18:15:47.967+0000] {dag.py:3036} INFO - Sync 1 DAGs
[2024-04-04T18:15:48.017+0000] {logging_mixin.py:188} INFO - [2024-04-04T18:15:48.017+0000] {dag.py:3823} INFO - Setting next_dagrun for example_kubernetes_executor to None, run_after=None
[2024-04-04T18:15:48.082+0000] {processor.py:183} INFO - Processing /home/airflow/.local/lib/python3.8/site-packages/airflow/example_dags/example_kubernetes_executor.py took 0.345 seconds
[2024-04-04T18:16:19.055+0000] {processor.py:161} INFO - Started process (PID=46588) to work on /home/airflow/.local/lib/python3.8/site-packages/airflow/example_dags/example_kubernetes_executor.py
[2024-04-04T18:16:19.060+0000] {processor.py:830} INFO - Processing file /home/airflow/.local/lib/python3.8/site-packages/airflow/example_dags/example_kubernetes_executor.py for tasks to queue
[2024-04-04T18:16:19.066+0000] {logging_mixin.py:188} INFO - [2024-04-04T18:16:19.064+0000] {dagbag.py:538} INFO - Filling up the DagBag from /home/airflow/.local/lib/python3.8/site-packages/airflow/example_dags/example_kubernetes_executor.py
[2024-04-04T18:16:19.146+0000] {processor.py:840} INFO - DAG(s) 'example_kubernetes_executor' retrieved from /home/airflow/.local/lib/python3.8/site-packages/airflow/example_dags/example_kubernetes_executor.py
[2024-04-04T18:16:19.379+0000] {logging_mixin.py:188} INFO - [2024-04-04T18:16:19.378+0000] {dag.py:3036} INFO - Sync 1 DAGs
[2024-04-04T18:16:19.449+0000] {logging_mixin.py:188} INFO - [2024-04-04T18:16:19.448+0000] {dag.py:3823} INFO - Setting next_dagrun for example_kubernetes_executor to None, run_after=None
[2024-04-04T18:16:19.546+0000] {processor.py:183} INFO - Processing /home/airflow/.local/lib/python3.8/site-packages/airflow/example_dags/example_kubernetes_executor.py took 0.512 seconds
[2024-04-04T18:16:50.050+0000] {processor.py:161} INFO - Started process (PID=46648) to work on /home/airflow/.local/lib/python3.8/site-packages/airflow/example_dags/example_kubernetes_executor.py
[2024-04-04T18:16:50.056+0000] {processor.py:830} INFO - Processing file /home/airflow/.local/lib/python3.8/site-packages/airflow/example_dags/example_kubernetes_executor.py for tasks to queue
[2024-04-04T18:16:50.061+0000] {logging_mixin.py:188} INFO - [2024-04-04T18:16:50.059+0000] {dagbag.py:538} INFO - Filling up the DagBag from /home/airflow/.local/lib/python3.8/site-packages/airflow/example_dags/example_kubernetes_executor.py
[2024-04-04T18:16:50.156+0000] {processor.py:840} INFO - DAG(s) 'example_kubernetes_executor' retrieved from /home/airflow/.local/lib/python3.8/site-packages/airflow/example_dags/example_kubernetes_executor.py
[2024-04-04T18:16:50.357+0000] {logging_mixin.py:188} INFO - [2024-04-04T18:16:50.356+0000] {dag.py:3036} INFO - Sync 1 DAGs
[2024-04-04T18:16:50.423+0000] {logging_mixin.py:188} INFO - [2024-04-04T18:16:50.422+0000] {dag.py:3823} INFO - Setting next_dagrun for example_kubernetes_executor to None, run_after=None
[2024-04-04T18:16:50.568+0000] {processor.py:183} INFO - Processing /home/airflow/.local/lib/python3.8/site-packages/airflow/example_dags/example_kubernetes_executor.py took 0.539 seconds
[2024-04-04T18:17:21.123+0000] {processor.py:161} INFO - Started process (PID=46709) to work on /home/airflow/.local/lib/python3.8/site-packages/airflow/example_dags/example_kubernetes_executor.py
[2024-04-04T18:17:21.126+0000] {processor.py:830} INFO - Processing file /home/airflow/.local/lib/python3.8/site-packages/airflow/example_dags/example_kubernetes_executor.py for tasks to queue
[2024-04-04T18:17:21.129+0000] {logging_mixin.py:188} INFO - [2024-04-04T18:17:21.128+0000] {dagbag.py:538} INFO - Filling up the DagBag from /home/airflow/.local/lib/python3.8/site-packages/airflow/example_dags/example_kubernetes_executor.py
[2024-04-04T18:17:21.166+0000] {processor.py:840} INFO - DAG(s) 'example_kubernetes_executor' retrieved from /home/airflow/.local/lib/python3.8/site-packages/airflow/example_dags/example_kubernetes_executor.py
[2024-04-04T18:17:21.302+0000] {logging_mixin.py:188} INFO - [2024-04-04T18:17:21.301+0000] {dag.py:3036} INFO - Sync 1 DAGs
[2024-04-04T18:17:21.340+0000] {logging_mixin.py:188} INFO - [2024-04-04T18:17:21.338+0000] {dag.py:3823} INFO - Setting next_dagrun for example_kubernetes_executor to None, run_after=None
[2024-04-04T18:17:21.393+0000] {processor.py:183} INFO - Processing /home/airflow/.local/lib/python3.8/site-packages/airflow/example_dags/example_kubernetes_executor.py took 0.280 seconds
[2024-04-04T18:17:52.015+0000] {processor.py:161} INFO - Started process (PID=46769) to work on /home/airflow/.local/lib/python3.8/site-packages/airflow/example_dags/example_kubernetes_executor.py
[2024-04-04T18:17:52.022+0000] {processor.py:830} INFO - Processing file /home/airflow/.local/lib/python3.8/site-packages/airflow/example_dags/example_kubernetes_executor.py for tasks to queue
[2024-04-04T18:17:52.026+0000] {logging_mixin.py:188} INFO - [2024-04-04T18:17:52.025+0000] {dagbag.py:538} INFO - Filling up the DagBag from /home/airflow/.local/lib/python3.8/site-packages/airflow/example_dags/example_kubernetes_executor.py
[2024-04-04T18:17:52.082+0000] {processor.py:840} INFO - DAG(s) 'example_kubernetes_executor' retrieved from /home/airflow/.local/lib/python3.8/site-packages/airflow/example_dags/example_kubernetes_executor.py
[2024-04-04T18:17:52.251+0000] {logging_mixin.py:188} INFO - [2024-04-04T18:17:52.250+0000] {dag.py:3036} INFO - Sync 1 DAGs
[2024-04-04T18:17:52.296+0000] {logging_mixin.py:188} INFO - [2024-04-04T18:17:52.295+0000] {dag.py:3823} INFO - Setting next_dagrun for example_kubernetes_executor to None, run_after=None
[2024-04-04T18:17:52.363+0000] {processor.py:183} INFO - Processing /home/airflow/.local/lib/python3.8/site-packages/airflow/example_dags/example_kubernetes_executor.py took 0.370 seconds
[2024-04-04T18:18:23.629+0000] {processor.py:161} INFO - Started process (PID=46835) to work on /home/airflow/.local/lib/python3.8/site-packages/airflow/example_dags/example_kubernetes_executor.py
[2024-04-04T18:18:23.638+0000] {processor.py:830} INFO - Processing file /home/airflow/.local/lib/python3.8/site-packages/airflow/example_dags/example_kubernetes_executor.py for tasks to queue
[2024-04-04T18:18:23.649+0000] {logging_mixin.py:188} INFO - [2024-04-04T18:18:23.645+0000] {dagbag.py:538} INFO - Filling up the DagBag from /home/airflow/.local/lib/python3.8/site-packages/airflow/example_dags/example_kubernetes_executor.py
[2024-04-04T18:18:23.812+0000] {processor.py:840} INFO - DAG(s) 'example_kubernetes_executor' retrieved from /home/airflow/.local/lib/python3.8/site-packages/airflow/example_dags/example_kubernetes_executor.py
[2024-04-04T18:18:24.091+0000] {logging_mixin.py:188} INFO - [2024-04-04T18:18:24.089+0000] {dag.py:3036} INFO - Sync 1 DAGs
[2024-04-04T18:18:24.174+0000] {logging_mixin.py:188} INFO - [2024-04-04T18:18:24.174+0000] {dag.py:3823} INFO - Setting next_dagrun for example_kubernetes_executor to None, run_after=None
[2024-04-04T18:18:24.281+0000] {processor.py:183} INFO - Processing /home/airflow/.local/lib/python3.8/site-packages/airflow/example_dags/example_kubernetes_executor.py took 0.681 seconds
[2024-04-04T18:18:55.065+0000] {processor.py:161} INFO - Started process (PID=46895) to work on /home/airflow/.local/lib/python3.8/site-packages/airflow/example_dags/example_kubernetes_executor.py
[2024-04-04T18:18:55.072+0000] {processor.py:830} INFO - Processing file /home/airflow/.local/lib/python3.8/site-packages/airflow/example_dags/example_kubernetes_executor.py for tasks to queue
[2024-04-04T18:18:55.080+0000] {logging_mixin.py:188} INFO - [2024-04-04T18:18:55.078+0000] {dagbag.py:538} INFO - Filling up the DagBag from /home/airflow/.local/lib/python3.8/site-packages/airflow/example_dags/example_kubernetes_executor.py
[2024-04-04T18:18:55.255+0000] {processor.py:840} INFO - DAG(s) 'example_kubernetes_executor' retrieved from /home/airflow/.local/lib/python3.8/site-packages/airflow/example_dags/example_kubernetes_executor.py
[2024-04-04T18:18:55.621+0000] {logging_mixin.py:188} INFO - [2024-04-04T18:18:55.619+0000] {dag.py:3036} INFO - Sync 1 DAGs
[2024-04-04T18:18:55.721+0000] {logging_mixin.py:188} INFO - [2024-04-04T18:18:55.720+0000] {dag.py:3823} INFO - Setting next_dagrun for example_kubernetes_executor to None, run_after=None
[2024-04-04T18:18:55.984+0000] {processor.py:183} INFO - Processing /home/airflow/.local/lib/python3.8/site-packages/airflow/example_dags/example_kubernetes_executor.py took 0.945 seconds
[2024-04-04T18:19:26.576+0000] {processor.py:161} INFO - Started process (PID=46955) to work on /home/airflow/.local/lib/python3.8/site-packages/airflow/example_dags/example_kubernetes_executor.py
[2024-04-04T18:19:26.579+0000] {processor.py:830} INFO - Processing file /home/airflow/.local/lib/python3.8/site-packages/airflow/example_dags/example_kubernetes_executor.py for tasks to queue
[2024-04-04T18:19:26.582+0000] {logging_mixin.py:188} INFO - [2024-04-04T18:19:26.582+0000] {dagbag.py:538} INFO - Filling up the DagBag from /home/airflow/.local/lib/python3.8/site-packages/airflow/example_dags/example_kubernetes_executor.py
[2024-04-04T18:19:26.633+0000] {processor.py:840} INFO - DAG(s) 'example_kubernetes_executor' retrieved from /home/airflow/.local/lib/python3.8/site-packages/airflow/example_dags/example_kubernetes_executor.py
[2024-04-04T18:19:26.776+0000] {logging_mixin.py:188} INFO - [2024-04-04T18:19:26.775+0000] {dag.py:3036} INFO - Sync 1 DAGs
[2024-04-04T18:19:26.820+0000] {logging_mixin.py:188} INFO - [2024-04-04T18:19:26.820+0000] {dag.py:3823} INFO - Setting next_dagrun for example_kubernetes_executor to None, run_after=None
[2024-04-04T18:19:26.920+0000] {processor.py:183} INFO - Processing /home/airflow/.local/lib/python3.8/site-packages/airflow/example_dags/example_kubernetes_executor.py took 0.356 seconds
[2024-04-04T18:19:57.055+0000] {processor.py:161} INFO - Started process (PID=47015) to work on /home/airflow/.local/lib/python3.8/site-packages/airflow/example_dags/example_kubernetes_executor.py
[2024-04-04T18:19:57.058+0000] {processor.py:830} INFO - Processing file /home/airflow/.local/lib/python3.8/site-packages/airflow/example_dags/example_kubernetes_executor.py for tasks to queue
[2024-04-04T18:19:57.061+0000] {logging_mixin.py:188} INFO - [2024-04-04T18:19:57.060+0000] {dagbag.py:538} INFO - Filling up the DagBag from /home/airflow/.local/lib/python3.8/site-packages/airflow/example_dags/example_kubernetes_executor.py
[2024-04-04T18:19:57.104+0000] {processor.py:840} INFO - DAG(s) 'example_kubernetes_executor' retrieved from /home/airflow/.local/lib/python3.8/site-packages/airflow/example_dags/example_kubernetes_executor.py
[2024-04-04T18:19:57.214+0000] {logging_mixin.py:188} INFO - [2024-04-04T18:19:57.214+0000] {dag.py:3036} INFO - Sync 1 DAGs
[2024-04-04T18:19:57.250+0000] {logging_mixin.py:188} INFO - [2024-04-04T18:19:57.250+0000] {dag.py:3823} INFO - Setting next_dagrun for example_kubernetes_executor to None, run_after=None
[2024-04-04T18:19:57.295+0000] {processor.py:183} INFO - Processing /home/airflow/.local/lib/python3.8/site-packages/airflow/example_dags/example_kubernetes_executor.py took 0.249 seconds
[2024-04-04T18:20:27.957+0000] {processor.py:161} INFO - Started process (PID=47075) to work on /home/airflow/.local/lib/python3.8/site-packages/airflow/example_dags/example_kubernetes_executor.py
[2024-04-04T18:20:27.960+0000] {processor.py:830} INFO - Processing file /home/airflow/.local/lib/python3.8/site-packages/airflow/example_dags/example_kubernetes_executor.py for tasks to queue
[2024-04-04T18:20:27.963+0000] {logging_mixin.py:188} INFO - [2024-04-04T18:20:27.962+0000] {dagbag.py:538} INFO - Filling up the DagBag from /home/airflow/.local/lib/python3.8/site-packages/airflow/example_dags/example_kubernetes_executor.py
[2024-04-04T18:20:28.008+0000] {processor.py:840} INFO - DAG(s) 'example_kubernetes_executor' retrieved from /home/airflow/.local/lib/python3.8/site-packages/airflow/example_dags/example_kubernetes_executor.py
[2024-04-04T18:20:28.119+0000] {logging_mixin.py:188} INFO - [2024-04-04T18:20:28.119+0000] {dag.py:3036} INFO - Sync 1 DAGs
[2024-04-04T18:20:28.154+0000] {logging_mixin.py:188} INFO - [2024-04-04T18:20:28.153+0000] {dag.py:3823} INFO - Setting next_dagrun for example_kubernetes_executor to None, run_after=None
[2024-04-04T18:20:28.205+0000] {processor.py:183} INFO - Processing /home/airflow/.local/lib/python3.8/site-packages/airflow/example_dags/example_kubernetes_executor.py took 0.259 seconds
[2024-04-04T18:20:59.223+0000] {processor.py:161} INFO - Started process (PID=47135) to work on /home/airflow/.local/lib/python3.8/site-packages/airflow/example_dags/example_kubernetes_executor.py
[2024-04-04T18:20:59.229+0000] {processor.py:830} INFO - Processing file /home/airflow/.local/lib/python3.8/site-packages/airflow/example_dags/example_kubernetes_executor.py for tasks to queue
[2024-04-04T18:20:59.234+0000] {logging_mixin.py:188} INFO - [2024-04-04T18:20:59.233+0000] {dagbag.py:538} INFO - Filling up the DagBag from /home/airflow/.local/lib/python3.8/site-packages/airflow/example_dags/example_kubernetes_executor.py
[2024-04-04T18:20:59.332+0000] {processor.py:840} INFO - DAG(s) 'example_kubernetes_executor' retrieved from /home/airflow/.local/lib/python3.8/site-packages/airflow/example_dags/example_kubernetes_executor.py
[2024-04-04T18:20:59.553+0000] {logging_mixin.py:188} INFO - [2024-04-04T18:20:59.552+0000] {dag.py:3036} INFO - Sync 1 DAGs
[2024-04-04T18:20:59.612+0000] {logging_mixin.py:188} INFO - [2024-04-04T18:20:59.611+0000] {dag.py:3823} INFO - Setting next_dagrun for example_kubernetes_executor to None, run_after=None
[2024-04-04T18:20:59.710+0000] {processor.py:183} INFO - Processing /home/airflow/.local/lib/python3.8/site-packages/airflow/example_dags/example_kubernetes_executor.py took 0.504 seconds
[2024-04-04T18:21:30.479+0000] {processor.py:161} INFO - Started process (PID=47195) to work on /home/airflow/.local/lib/python3.8/site-packages/airflow/example_dags/example_kubernetes_executor.py
[2024-04-04T18:21:30.486+0000] {processor.py:830} INFO - Processing file /home/airflow/.local/lib/python3.8/site-packages/airflow/example_dags/example_kubernetes_executor.py for tasks to queue
[2024-04-04T18:21:30.496+0000] {logging_mixin.py:188} INFO - [2024-04-04T18:21:30.493+0000] {dagbag.py:538} INFO - Filling up the DagBag from /home/airflow/.local/lib/python3.8/site-packages/airflow/example_dags/example_kubernetes_executor.py
[2024-04-04T18:21:30.647+0000] {processor.py:840} INFO - DAG(s) 'example_kubernetes_executor' retrieved from /home/airflow/.local/lib/python3.8/site-packages/airflow/example_dags/example_kubernetes_executor.py
[2024-04-04T18:21:31.013+0000] {logging_mixin.py:188} INFO - [2024-04-04T18:21:31.011+0000] {dag.py:3036} INFO - Sync 1 DAGs
[2024-04-04T18:21:31.136+0000] {logging_mixin.py:188} INFO - [2024-04-04T18:21:31.134+0000] {dag.py:3823} INFO - Setting next_dagrun for example_kubernetes_executor to None, run_after=None
[2024-04-04T18:21:31.296+0000] {processor.py:183} INFO - Processing /home/airflow/.local/lib/python3.8/site-packages/airflow/example_dags/example_kubernetes_executor.py took 0.846 seconds
[2024-04-04T18:22:01.482+0000] {processor.py:161} INFO - Started process (PID=47255) to work on /home/airflow/.local/lib/python3.8/site-packages/airflow/example_dags/example_kubernetes_executor.py
[2024-04-04T18:22:01.484+0000] {processor.py:830} INFO - Processing file /home/airflow/.local/lib/python3.8/site-packages/airflow/example_dags/example_kubernetes_executor.py for tasks to queue
[2024-04-04T18:22:01.486+0000] {logging_mixin.py:188} INFO - [2024-04-04T18:22:01.486+0000] {dagbag.py:538} INFO - Filling up the DagBag from /home/airflow/.local/lib/python3.8/site-packages/airflow/example_dags/example_kubernetes_executor.py
[2024-04-04T18:22:01.527+0000] {processor.py:840} INFO - DAG(s) 'example_kubernetes_executor' retrieved from /home/airflow/.local/lib/python3.8/site-packages/airflow/example_dags/example_kubernetes_executor.py
[2024-04-04T18:22:01.651+0000] {logging_mixin.py:188} INFO - [2024-04-04T18:22:01.650+0000] {dag.py:3036} INFO - Sync 1 DAGs
[2024-04-04T18:22:01.702+0000] {logging_mixin.py:188} INFO - [2024-04-04T18:22:01.702+0000] {dag.py:3823} INFO - Setting next_dagrun for example_kubernetes_executor to None, run_after=None
[2024-04-04T18:22:01.790+0000] {processor.py:183} INFO - Processing /home/airflow/.local/lib/python3.8/site-packages/airflow/example_dags/example_kubernetes_executor.py took 0.317 seconds
[2024-04-04T18:22:32.052+0000] {processor.py:161} INFO - Started process (PID=47315) to work on /home/airflow/.local/lib/python3.8/site-packages/airflow/example_dags/example_kubernetes_executor.py
[2024-04-04T18:22:32.055+0000] {processor.py:830} INFO - Processing file /home/airflow/.local/lib/python3.8/site-packages/airflow/example_dags/example_kubernetes_executor.py for tasks to queue
[2024-04-04T18:22:32.058+0000] {logging_mixin.py:188} INFO - [2024-04-04T18:22:32.057+0000] {dagbag.py:538} INFO - Filling up the DagBag from /home/airflow/.local/lib/python3.8/site-packages/airflow/example_dags/example_kubernetes_executor.py
[2024-04-04T18:22:32.099+0000] {processor.py:840} INFO - DAG(s) 'example_kubernetes_executor' retrieved from /home/airflow/.local/lib/python3.8/site-packages/airflow/example_dags/example_kubernetes_executor.py
[2024-04-04T18:22:32.207+0000] {logging_mixin.py:188} INFO - [2024-04-04T18:22:32.206+0000] {dag.py:3036} INFO - Sync 1 DAGs
[2024-04-04T18:22:32.239+0000] {logging_mixin.py:188} INFO - [2024-04-04T18:22:32.239+0000] {dag.py:3823} INFO - Setting next_dagrun for example_kubernetes_executor to None, run_after=None
[2024-04-04T18:22:32.284+0000] {processor.py:183} INFO - Processing /home/airflow/.local/lib/python3.8/site-packages/airflow/example_dags/example_kubernetes_executor.py took 0.241 seconds
[2024-04-04T18:23:02.853+0000] {processor.py:161} INFO - Started process (PID=47375) to work on /home/airflow/.local/lib/python3.8/site-packages/airflow/example_dags/example_kubernetes_executor.py
[2024-04-04T18:23:02.858+0000] {processor.py:830} INFO - Processing file /home/airflow/.local/lib/python3.8/site-packages/airflow/example_dags/example_kubernetes_executor.py for tasks to queue
[2024-04-04T18:23:02.863+0000] {logging_mixin.py:188} INFO - [2024-04-04T18:23:02.861+0000] {dagbag.py:538} INFO - Filling up the DagBag from /home/airflow/.local/lib/python3.8/site-packages/airflow/example_dags/example_kubernetes_executor.py
[2024-04-04T18:23:02.969+0000] {processor.py:840} INFO - DAG(s) 'example_kubernetes_executor' retrieved from /home/airflow/.local/lib/python3.8/site-packages/airflow/example_dags/example_kubernetes_executor.py
[2024-04-04T18:23:03.197+0000] {logging_mixin.py:188} INFO - [2024-04-04T18:23:03.196+0000] {dag.py:3036} INFO - Sync 1 DAGs
[2024-04-04T18:23:03.299+0000] {logging_mixin.py:188} INFO - [2024-04-04T18:23:03.297+0000] {dag.py:3823} INFO - Setting next_dagrun for example_kubernetes_executor to None, run_after=None
[2024-04-04T18:23:03.433+0000] {processor.py:183} INFO - Processing /home/airflow/.local/lib/python3.8/site-packages/airflow/example_dags/example_kubernetes_executor.py took 0.597 seconds
[2024-04-04T18:23:33.630+0000] {processor.py:161} INFO - Started process (PID=47435) to work on /home/airflow/.local/lib/python3.8/site-packages/airflow/example_dags/example_kubernetes_executor.py
[2024-04-04T18:23:33.637+0000] {processor.py:830} INFO - Processing file /home/airflow/.local/lib/python3.8/site-packages/airflow/example_dags/example_kubernetes_executor.py for tasks to queue
[2024-04-04T18:23:33.651+0000] {logging_mixin.py:188} INFO - [2024-04-04T18:23:33.647+0000] {dagbag.py:538} INFO - Filling up the DagBag from /home/airflow/.local/lib/python3.8/site-packages/airflow/example_dags/example_kubernetes_executor.py
[2024-04-04T18:23:33.773+0000] {processor.py:840} INFO - DAG(s) 'example_kubernetes_executor' retrieved from /home/airflow/.local/lib/python3.8/site-packages/airflow/example_dags/example_kubernetes_executor.py
[2024-04-04T18:23:34.073+0000] {logging_mixin.py:188} INFO - [2024-04-04T18:23:34.072+0000] {dag.py:3036} INFO - Sync 1 DAGs
[2024-04-04T18:23:34.187+0000] {logging_mixin.py:188} INFO - [2024-04-04T18:23:34.186+0000] {dag.py:3823} INFO - Setting next_dagrun for example_kubernetes_executor to None, run_after=None
[2024-04-04T18:23:34.336+0000] {processor.py:183} INFO - Processing /home/airflow/.local/lib/python3.8/site-packages/airflow/example_dags/example_kubernetes_executor.py took 0.737 seconds
[2024-04-04T19:14:34.878+0000] {processor.py:161} INFO - Started process (PID=47486) to work on /home/airflow/.local/lib/python3.8/site-packages/airflow/example_dags/example_kubernetes_executor.py
[2024-04-04T19:14:34.887+0000] {processor.py:830} INFO - Processing file /home/airflow/.local/lib/python3.8/site-packages/airflow/example_dags/example_kubernetes_executor.py for tasks to queue
[2024-04-04T19:14:34.901+0000] {logging_mixin.py:188} INFO - [2024-04-04T19:14:34.897+0000] {dagbag.py:538} INFO - Filling up the DagBag from /home/airflow/.local/lib/python3.8/site-packages/airflow/example_dags/example_kubernetes_executor.py
[2024-04-04T19:14:35.086+0000] {processor.py:840} INFO - DAG(s) 'example_kubernetes_executor' retrieved from /home/airflow/.local/lib/python3.8/site-packages/airflow/example_dags/example_kubernetes_executor.py
[2024-04-04T19:14:35.648+0000] {logging_mixin.py:188} INFO - [2024-04-04T19:14:35.645+0000] {dag.py:3036} INFO - Sync 1 DAGs
[2024-04-04T19:14:35.775+0000] {logging_mixin.py:188} INFO - [2024-04-04T19:14:35.773+0000] {dag.py:3823} INFO - Setting next_dagrun for example_kubernetes_executor to None, run_after=None
[2024-04-04T19:14:35.955+0000] {processor.py:183} INFO - Processing /home/airflow/.local/lib/python3.8/site-packages/airflow/example_dags/example_kubernetes_executor.py took 1.128 seconds
[2024-04-04T19:15:06.285+0000] {processor.py:161} INFO - Started process (PID=47546) to work on /home/airflow/.local/lib/python3.8/site-packages/airflow/example_dags/example_kubernetes_executor.py
[2024-04-04T19:15:06.287+0000] {processor.py:830} INFO - Processing file /home/airflow/.local/lib/python3.8/site-packages/airflow/example_dags/example_kubernetes_executor.py for tasks to queue
[2024-04-04T19:15:06.290+0000] {logging_mixin.py:188} INFO - [2024-04-04T19:15:06.289+0000] {dagbag.py:538} INFO - Filling up the DagBag from /home/airflow/.local/lib/python3.8/site-packages/airflow/example_dags/example_kubernetes_executor.py
[2024-04-04T19:15:06.328+0000] {processor.py:840} INFO - DAG(s) 'example_kubernetes_executor' retrieved from /home/airflow/.local/lib/python3.8/site-packages/airflow/example_dags/example_kubernetes_executor.py
[2024-04-04T19:15:06.428+0000] {logging_mixin.py:188} INFO - [2024-04-04T19:15:06.428+0000] {dag.py:3036} INFO - Sync 1 DAGs
[2024-04-04T19:15:06.458+0000] {logging_mixin.py:188} INFO - [2024-04-04T19:15:06.458+0000] {dag.py:3823} INFO - Setting next_dagrun for example_kubernetes_executor to None, run_after=None
[2024-04-04T19:15:06.512+0000] {processor.py:183} INFO - Processing /home/airflow/.local/lib/python3.8/site-packages/airflow/example_dags/example_kubernetes_executor.py took 0.235 seconds
[2024-04-04T23:14:09.619+0000] {processor.py:161} INFO - Started process (PID=47638) to work on /home/airflow/.local/lib/python3.8/site-packages/airflow/example_dags/example_kubernetes_executor.py
[2024-04-04T23:14:09.632+0000] {processor.py:830} INFO - Processing file /home/airflow/.local/lib/python3.8/site-packages/airflow/example_dags/example_kubernetes_executor.py for tasks to queue
[2024-04-04T23:14:09.635+0000] {logging_mixin.py:188} INFO - [2024-04-04T23:14:09.634+0000] {dagbag.py:538} INFO - Filling up the DagBag from /home/airflow/.local/lib/python3.8/site-packages/airflow/example_dags/example_kubernetes_executor.py
[2024-04-04T23:14:09.742+0000] {processor.py:840} INFO - DAG(s) 'example_kubernetes_executor' retrieved from /home/airflow/.local/lib/python3.8/site-packages/airflow/example_dags/example_kubernetes_executor.py
[2024-04-04T23:14:10.369+0000] {logging_mixin.py:188} INFO - [2024-04-04T23:14:10.356+0000] {dag.py:3036} INFO - Sync 1 DAGs
[2024-04-04T23:14:10.634+0000] {logging_mixin.py:188} INFO - [2024-04-04T23:14:10.632+0000] {dag.py:3823} INFO - Setting next_dagrun for example_kubernetes_executor to None, run_after=None
[2024-04-04T23:14:11.055+0000] {processor.py:183} INFO - Processing /home/airflow/.local/lib/python3.8/site-packages/airflow/example_dags/example_kubernetes_executor.py took 1.491 seconds
[2024-04-04T23:15:29.499+0000] {processor.py:161} INFO - Started process (PID=47704) to work on /home/airflow/.local/lib/python3.8/site-packages/airflow/example_dags/example_kubernetes_executor.py
[2024-04-04T23:15:29.509+0000] {processor.py:830} INFO - Processing file /home/airflow/.local/lib/python3.8/site-packages/airflow/example_dags/example_kubernetes_executor.py for tasks to queue
[2024-04-04T23:15:29.518+0000] {logging_mixin.py:188} INFO - [2024-04-04T23:15:29.515+0000] {dagbag.py:538} INFO - Filling up the DagBag from /home/airflow/.local/lib/python3.8/site-packages/airflow/example_dags/example_kubernetes_executor.py
[2024-04-04T23:15:29.668+0000] {processor.py:840} INFO - DAG(s) 'example_kubernetes_executor' retrieved from /home/airflow/.local/lib/python3.8/site-packages/airflow/example_dags/example_kubernetes_executor.py
[2024-04-04T23:15:30.057+0000] {logging_mixin.py:188} INFO - [2024-04-04T23:15:30.053+0000] {dag.py:3036} INFO - Sync 1 DAGs
[2024-04-04T23:15:30.179+0000] {logging_mixin.py:188} INFO - [2024-04-04T23:15:30.177+0000] {dag.py:3823} INFO - Setting next_dagrun for example_kubernetes_executor to None, run_after=None
[2024-04-04T23:15:30.405+0000] {processor.py:183} INFO - Processing /home/airflow/.local/lib/python3.8/site-packages/airflow/example_dags/example_kubernetes_executor.py took 0.944 seconds
[2024-04-04T23:16:04.176+0000] {processor.py:161} INFO - Started process (PID=47764) to work on /home/airflow/.local/lib/python3.8/site-packages/airflow/example_dags/example_kubernetes_executor.py
[2024-04-04T23:16:04.182+0000] {processor.py:830} INFO - Processing file /home/airflow/.local/lib/python3.8/site-packages/airflow/example_dags/example_kubernetes_executor.py for tasks to queue
[2024-04-04T23:16:04.188+0000] {logging_mixin.py:188} INFO - [2024-04-04T23:16:04.186+0000] {dagbag.py:538} INFO - Filling up the DagBag from /home/airflow/.local/lib/python3.8/site-packages/airflow/example_dags/example_kubernetes_executor.py
[2024-04-04T23:16:04.271+0000] {processor.py:840} INFO - DAG(s) 'example_kubernetes_executor' retrieved from /home/airflow/.local/lib/python3.8/site-packages/airflow/example_dags/example_kubernetes_executor.py
[2024-04-04T23:16:04.462+0000] {logging_mixin.py:188} INFO - [2024-04-04T23:16:04.461+0000] {dag.py:3036} INFO - Sync 1 DAGs
[2024-04-04T23:16:04.521+0000] {logging_mixin.py:188} INFO - [2024-04-04T23:16:04.519+0000] {dag.py:3823} INFO - Setting next_dagrun for example_kubernetes_executor to None, run_after=None
[2024-04-04T23:16:04.604+0000] {processor.py:183} INFO - Processing /home/airflow/.local/lib/python3.8/site-packages/airflow/example_dags/example_kubernetes_executor.py took 0.449 seconds
[2024-04-04T23:16:34.918+0000] {processor.py:161} INFO - Started process (PID=47824) to work on /home/airflow/.local/lib/python3.8/site-packages/airflow/example_dags/example_kubernetes_executor.py
[2024-04-04T23:16:34.922+0000] {processor.py:830} INFO - Processing file /home/airflow/.local/lib/python3.8/site-packages/airflow/example_dags/example_kubernetes_executor.py for tasks to queue
[2024-04-04T23:16:34.925+0000] {logging_mixin.py:188} INFO - [2024-04-04T23:16:34.925+0000] {dagbag.py:538} INFO - Filling up the DagBag from /home/airflow/.local/lib/python3.8/site-packages/airflow/example_dags/example_kubernetes_executor.py
[2024-04-04T23:16:34.980+0000] {processor.py:840} INFO - DAG(s) 'example_kubernetes_executor' retrieved from /home/airflow/.local/lib/python3.8/site-packages/airflow/example_dags/example_kubernetes_executor.py
[2024-04-04T23:16:35.464+0000] {logging_mixin.py:188} INFO - [2024-04-04T23:16:35.463+0000] {dag.py:3036} INFO - Sync 1 DAGs
[2024-04-04T23:16:35.504+0000] {logging_mixin.py:188} INFO - [2024-04-04T23:16:35.503+0000] {dag.py:3823} INFO - Setting next_dagrun for example_kubernetes_executor to None, run_after=None
[2024-04-04T23:16:35.585+0000] {processor.py:183} INFO - Processing /home/airflow/.local/lib/python3.8/site-packages/airflow/example_dags/example_kubernetes_executor.py took 0.677 seconds
[2024-04-04T23:17:06.240+0000] {processor.py:161} INFO - Started process (PID=47884) to work on /home/airflow/.local/lib/python3.8/site-packages/airflow/example_dags/example_kubernetes_executor.py
[2024-04-04T23:17:06.243+0000] {processor.py:830} INFO - Processing file /home/airflow/.local/lib/python3.8/site-packages/airflow/example_dags/example_kubernetes_executor.py for tasks to queue
[2024-04-04T23:17:06.246+0000] {logging_mixin.py:188} INFO - [2024-04-04T23:17:06.245+0000] {dagbag.py:538} INFO - Filling up the DagBag from /home/airflow/.local/lib/python3.8/site-packages/airflow/example_dags/example_kubernetes_executor.py
[2024-04-04T23:17:06.293+0000] {processor.py:840} INFO - DAG(s) 'example_kubernetes_executor' retrieved from /home/airflow/.local/lib/python3.8/site-packages/airflow/example_dags/example_kubernetes_executor.py
[2024-04-04T23:17:06.403+0000] {logging_mixin.py:188} INFO - [2024-04-04T23:17:06.402+0000] {dag.py:3036} INFO - Sync 1 DAGs
[2024-04-04T23:17:06.450+0000] {logging_mixin.py:188} INFO - [2024-04-04T23:17:06.449+0000] {dag.py:3823} INFO - Setting next_dagrun for example_kubernetes_executor to None, run_after=None
[2024-04-04T23:17:06.513+0000] {processor.py:183} INFO - Processing /home/airflow/.local/lib/python3.8/site-packages/airflow/example_dags/example_kubernetes_executor.py took 0.281 seconds
[2024-04-04T23:17:37.372+0000] {processor.py:161} INFO - Started process (PID=47944) to work on /home/airflow/.local/lib/python3.8/site-packages/airflow/example_dags/example_kubernetes_executor.py
[2024-04-04T23:17:37.377+0000] {processor.py:830} INFO - Processing file /home/airflow/.local/lib/python3.8/site-packages/airflow/example_dags/example_kubernetes_executor.py for tasks to queue
[2024-04-04T23:17:37.382+0000] {logging_mixin.py:188} INFO - [2024-04-04T23:17:37.381+0000] {dagbag.py:538} INFO - Filling up the DagBag from /home/airflow/.local/lib/python3.8/site-packages/airflow/example_dags/example_kubernetes_executor.py
[2024-04-04T23:17:37.455+0000] {processor.py:840} INFO - DAG(s) 'example_kubernetes_executor' retrieved from /home/airflow/.local/lib/python3.8/site-packages/airflow/example_dags/example_kubernetes_executor.py
[2024-04-04T23:17:37.681+0000] {logging_mixin.py:188} INFO - [2024-04-04T23:17:37.680+0000] {dag.py:3036} INFO - Sync 1 DAGs
[2024-04-04T23:17:37.760+0000] {logging_mixin.py:188} INFO - [2024-04-04T23:17:37.759+0000] {dag.py:3823} INFO - Setting next_dagrun for example_kubernetes_executor to None, run_after=None
[2024-04-04T23:17:37.852+0000] {processor.py:183} INFO - Processing /home/airflow/.local/lib/python3.8/site-packages/airflow/example_dags/example_kubernetes_executor.py took 0.495 seconds
[2024-04-04T23:18:08.114+0000] {processor.py:161} INFO - Started process (PID=48004) to work on /home/airflow/.local/lib/python3.8/site-packages/airflow/example_dags/example_kubernetes_executor.py
[2024-04-04T23:18:08.117+0000] {processor.py:830} INFO - Processing file /home/airflow/.local/lib/python3.8/site-packages/airflow/example_dags/example_kubernetes_executor.py for tasks to queue
[2024-04-04T23:18:08.119+0000] {logging_mixin.py:188} INFO - [2024-04-04T23:18:08.119+0000] {dagbag.py:538} INFO - Filling up the DagBag from /home/airflow/.local/lib/python3.8/site-packages/airflow/example_dags/example_kubernetes_executor.py
[2024-04-04T23:18:08.163+0000] {processor.py:840} INFO - DAG(s) 'example_kubernetes_executor' retrieved from /home/airflow/.local/lib/python3.8/site-packages/airflow/example_dags/example_kubernetes_executor.py
[2024-04-04T23:18:08.308+0000] {logging_mixin.py:188} INFO - [2024-04-04T23:18:08.307+0000] {dag.py:3036} INFO - Sync 1 DAGs
[2024-04-04T23:18:08.343+0000] {logging_mixin.py:188} INFO - [2024-04-04T23:18:08.342+0000] {dag.py:3823} INFO - Setting next_dagrun for example_kubernetes_executor to None, run_after=None
[2024-04-04T23:18:08.394+0000] {processor.py:183} INFO - Processing /home/airflow/.local/lib/python3.8/site-packages/airflow/example_dags/example_kubernetes_executor.py took 0.288 seconds
[2024-04-04T23:18:39.187+0000] {processor.py:161} INFO - Started process (PID=48064) to work on /home/airflow/.local/lib/python3.8/site-packages/airflow/example_dags/example_kubernetes_executor.py
[2024-04-04T23:18:39.190+0000] {processor.py:830} INFO - Processing file /home/airflow/.local/lib/python3.8/site-packages/airflow/example_dags/example_kubernetes_executor.py for tasks to queue
[2024-04-04T23:18:39.193+0000] {logging_mixin.py:188} INFO - [2024-04-04T23:18:39.192+0000] {dagbag.py:538} INFO - Filling up the DagBag from /home/airflow/.local/lib/python3.8/site-packages/airflow/example_dags/example_kubernetes_executor.py
[2024-04-04T23:18:39.225+0000] {processor.py:840} INFO - DAG(s) 'example_kubernetes_executor' retrieved from /home/airflow/.local/lib/python3.8/site-packages/airflow/example_dags/example_kubernetes_executor.py
[2024-04-04T23:18:39.321+0000] {logging_mixin.py:188} INFO - [2024-04-04T23:18:39.320+0000] {dag.py:3036} INFO - Sync 1 DAGs
[2024-04-04T23:18:39.346+0000] {logging_mixin.py:188} INFO - [2024-04-04T23:18:39.346+0000] {dag.py:3823} INFO - Setting next_dagrun for example_kubernetes_executor to None, run_after=None
[2024-04-04T23:18:39.386+0000] {processor.py:183} INFO - Processing /home/airflow/.local/lib/python3.8/site-packages/airflow/example_dags/example_kubernetes_executor.py took 0.207 seconds
[2024-04-04T23:19:09.659+0000] {processor.py:161} INFO - Started process (PID=48125) to work on /home/airflow/.local/lib/python3.8/site-packages/airflow/example_dags/example_kubernetes_executor.py
[2024-04-04T23:19:09.663+0000] {processor.py:830} INFO - Processing file /home/airflow/.local/lib/python3.8/site-packages/airflow/example_dags/example_kubernetes_executor.py for tasks to queue
[2024-04-04T23:19:09.667+0000] {logging_mixin.py:188} INFO - [2024-04-04T23:19:09.666+0000] {dagbag.py:538} INFO - Filling up the DagBag from /home/airflow/.local/lib/python3.8/site-packages/airflow/example_dags/example_kubernetes_executor.py
[2024-04-04T23:19:09.731+0000] {processor.py:840} INFO - DAG(s) 'example_kubernetes_executor' retrieved from /home/airflow/.local/lib/python3.8/site-packages/airflow/example_dags/example_kubernetes_executor.py
[2024-04-04T23:19:09.880+0000] {logging_mixin.py:188} INFO - [2024-04-04T23:19:09.880+0000] {dag.py:3036} INFO - Sync 1 DAGs
[2024-04-04T23:19:09.930+0000] {logging_mixin.py:188} INFO - [2024-04-04T23:19:09.929+0000] {dag.py:3823} INFO - Setting next_dagrun for example_kubernetes_executor to None, run_after=None
[2024-04-04T23:19:09.995+0000] {processor.py:183} INFO - Processing /home/airflow/.local/lib/python3.8/site-packages/airflow/example_dags/example_kubernetes_executor.py took 0.348 seconds
[2024-04-04T23:19:40.450+0000] {processor.py:161} INFO - Started process (PID=48185) to work on /home/airflow/.local/lib/python3.8/site-packages/airflow/example_dags/example_kubernetes_executor.py
[2024-04-04T23:19:40.458+0000] {processor.py:830} INFO - Processing file /home/airflow/.local/lib/python3.8/site-packages/airflow/example_dags/example_kubernetes_executor.py for tasks to queue
[2024-04-04T23:19:40.466+0000] {logging_mixin.py:188} INFO - [2024-04-04T23:19:40.463+0000] {dagbag.py:538} INFO - Filling up the DagBag from /home/airflow/.local/lib/python3.8/site-packages/airflow/example_dags/example_kubernetes_executor.py
[2024-04-04T23:19:40.609+0000] {processor.py:840} INFO - DAG(s) 'example_kubernetes_executor' retrieved from /home/airflow/.local/lib/python3.8/site-packages/airflow/example_dags/example_kubernetes_executor.py
[2024-04-04T23:19:40.898+0000] {logging_mixin.py:188} INFO - [2024-04-04T23:19:40.897+0000] {dag.py:3036} INFO - Sync 1 DAGs
[2024-04-04T23:19:41.022+0000] {logging_mixin.py:188} INFO - [2024-04-04T23:19:41.020+0000] {dag.py:3823} INFO - Setting next_dagrun for example_kubernetes_executor to None, run_after=None
[2024-04-04T23:19:41.290+0000] {processor.py:183} INFO - Processing /home/airflow/.local/lib/python3.8/site-packages/airflow/example_dags/example_kubernetes_executor.py took 0.868 seconds
[2024-04-04T23:20:11.939+0000] {processor.py:161} INFO - Started process (PID=48251) to work on /home/airflow/.local/lib/python3.8/site-packages/airflow/example_dags/example_kubernetes_executor.py
[2024-04-04T23:20:11.941+0000] {processor.py:830} INFO - Processing file /home/airflow/.local/lib/python3.8/site-packages/airflow/example_dags/example_kubernetes_executor.py for tasks to queue
[2024-04-04T23:20:11.944+0000] {logging_mixin.py:188} INFO - [2024-04-04T23:20:11.944+0000] {dagbag.py:538} INFO - Filling up the DagBag from /home/airflow/.local/lib/python3.8/site-packages/airflow/example_dags/example_kubernetes_executor.py
[2024-04-04T23:20:11.988+0000] {processor.py:840} INFO - DAG(s) 'example_kubernetes_executor' retrieved from /home/airflow/.local/lib/python3.8/site-packages/airflow/example_dags/example_kubernetes_executor.py
[2024-04-04T23:20:12.101+0000] {logging_mixin.py:188} INFO - [2024-04-04T23:20:12.100+0000] {dag.py:3036} INFO - Sync 1 DAGs
[2024-04-04T23:20:12.137+0000] {logging_mixin.py:188} INFO - [2024-04-04T23:20:12.136+0000] {dag.py:3823} INFO - Setting next_dagrun for example_kubernetes_executor to None, run_after=None
[2024-04-04T23:20:12.190+0000] {processor.py:183} INFO - Processing /home/airflow/.local/lib/python3.8/site-packages/airflow/example_dags/example_kubernetes_executor.py took 0.261 seconds
[2024-04-04T23:20:42.877+0000] {processor.py:161} INFO - Started process (PID=48311) to work on /home/airflow/.local/lib/python3.8/site-packages/airflow/example_dags/example_kubernetes_executor.py
[2024-04-04T23:20:42.880+0000] {processor.py:830} INFO - Processing file /home/airflow/.local/lib/python3.8/site-packages/airflow/example_dags/example_kubernetes_executor.py for tasks to queue
[2024-04-04T23:20:42.883+0000] {logging_mixin.py:188} INFO - [2024-04-04T23:20:42.882+0000] {dagbag.py:538} INFO - Filling up the DagBag from /home/airflow/.local/lib/python3.8/site-packages/airflow/example_dags/example_kubernetes_executor.py
[2024-04-04T23:20:42.932+0000] {processor.py:840} INFO - DAG(s) 'example_kubernetes_executor' retrieved from /home/airflow/.local/lib/python3.8/site-packages/airflow/example_dags/example_kubernetes_executor.py
[2024-04-04T23:20:43.023+0000] {logging_mixin.py:188} INFO - [2024-04-04T23:20:43.023+0000] {dag.py:3036} INFO - Sync 1 DAGs
[2024-04-04T23:20:43.053+0000] {logging_mixin.py:188} INFO - [2024-04-04T23:20:43.052+0000] {dag.py:3823} INFO - Setting next_dagrun for example_kubernetes_executor to None, run_after=None
[2024-04-04T23:20:43.095+0000] {processor.py:183} INFO - Processing /home/airflow/.local/lib/python3.8/site-packages/airflow/example_dags/example_kubernetes_executor.py took 0.228 seconds
[2024-04-04T23:21:13.203+0000] {processor.py:161} INFO - Started process (PID=48371) to work on /home/airflow/.local/lib/python3.8/site-packages/airflow/example_dags/example_kubernetes_executor.py
[2024-04-04T23:21:13.206+0000] {processor.py:830} INFO - Processing file /home/airflow/.local/lib/python3.8/site-packages/airflow/example_dags/example_kubernetes_executor.py for tasks to queue
[2024-04-04T23:21:13.208+0000] {logging_mixin.py:188} INFO - [2024-04-04T23:21:13.208+0000] {dagbag.py:538} INFO - Filling up the DagBag from /home/airflow/.local/lib/python3.8/site-packages/airflow/example_dags/example_kubernetes_executor.py
[2024-04-04T23:21:13.250+0000] {processor.py:840} INFO - DAG(s) 'example_kubernetes_executor' retrieved from /home/airflow/.local/lib/python3.8/site-packages/airflow/example_dags/example_kubernetes_executor.py
[2024-04-04T23:21:13.373+0000] {logging_mixin.py:188} INFO - [2024-04-04T23:21:13.372+0000] {dag.py:3036} INFO - Sync 1 DAGs
[2024-04-04T23:21:13.410+0000] {logging_mixin.py:188} INFO - [2024-04-04T23:21:13.409+0000] {dag.py:3823} INFO - Setting next_dagrun for example_kubernetes_executor to None, run_after=None
[2024-04-04T23:21:13.481+0000] {processor.py:183} INFO - Processing /home/airflow/.local/lib/python3.8/site-packages/airflow/example_dags/example_kubernetes_executor.py took 0.287 seconds
[2024-04-04T23:21:43.784+0000] {processor.py:161} INFO - Started process (PID=48430) to work on /home/airflow/.local/lib/python3.8/site-packages/airflow/example_dags/example_kubernetes_executor.py
[2024-04-04T23:21:43.789+0000] {processor.py:830} INFO - Processing file /home/airflow/.local/lib/python3.8/site-packages/airflow/example_dags/example_kubernetes_executor.py for tasks to queue
[2024-04-04T23:21:43.797+0000] {logging_mixin.py:188} INFO - [2024-04-04T23:21:43.794+0000] {dagbag.py:538} INFO - Filling up the DagBag from /home/airflow/.local/lib/python3.8/site-packages/airflow/example_dags/example_kubernetes_executor.py
[2024-04-04T23:21:43.931+0000] {processor.py:840} INFO - DAG(s) 'example_kubernetes_executor' retrieved from /home/airflow/.local/lib/python3.8/site-packages/airflow/example_dags/example_kubernetes_executor.py
[2024-04-04T23:21:44.360+0000] {logging_mixin.py:188} INFO - [2024-04-04T23:21:44.358+0000] {dag.py:3036} INFO - Sync 1 DAGs
[2024-04-04T23:21:44.468+0000] {logging_mixin.py:188} INFO - [2024-04-04T23:21:44.466+0000] {dag.py:3823} INFO - Setting next_dagrun for example_kubernetes_executor to None, run_after=None
[2024-04-04T23:21:44.603+0000] {processor.py:183} INFO - Processing /home/airflow/.local/lib/python3.8/site-packages/airflow/example_dags/example_kubernetes_executor.py took 0.849 seconds
[2024-04-04T23:22:15.283+0000] {processor.py:161} INFO - Started process (PID=48489) to work on /home/airflow/.local/lib/python3.8/site-packages/airflow/example_dags/example_kubernetes_executor.py
[2024-04-04T23:22:15.293+0000] {processor.py:830} INFO - Processing file /home/airflow/.local/lib/python3.8/site-packages/airflow/example_dags/example_kubernetes_executor.py for tasks to queue
[2024-04-04T23:22:15.299+0000] {logging_mixin.py:188} INFO - [2024-04-04T23:22:15.298+0000] {dagbag.py:538} INFO - Filling up the DagBag from /home/airflow/.local/lib/python3.8/site-packages/airflow/example_dags/example_kubernetes_executor.py
[2024-04-04T23:22:15.369+0000] {processor.py:840} INFO - DAG(s) 'example_kubernetes_executor' retrieved from /home/airflow/.local/lib/python3.8/site-packages/airflow/example_dags/example_kubernetes_executor.py
[2024-04-04T23:22:15.561+0000] {logging_mixin.py:188} INFO - [2024-04-04T23:22:15.560+0000] {dag.py:3036} INFO - Sync 1 DAGs
[2024-04-04T23:22:15.624+0000] {logging_mixin.py:188} INFO - [2024-04-04T23:22:15.623+0000] {dag.py:3823} INFO - Setting next_dagrun for example_kubernetes_executor to None, run_after=None
[2024-04-04T23:22:15.710+0000] {processor.py:183} INFO - Processing /home/airflow/.local/lib/python3.8/site-packages/airflow/example_dags/example_kubernetes_executor.py took 0.442 seconds
[2024-04-04T23:22:46.532+0000] {processor.py:161} INFO - Started process (PID=48549) to work on /home/airflow/.local/lib/python3.8/site-packages/airflow/example_dags/example_kubernetes_executor.py
[2024-04-04T23:22:46.535+0000] {processor.py:830} INFO - Processing file /home/airflow/.local/lib/python3.8/site-packages/airflow/example_dags/example_kubernetes_executor.py for tasks to queue
[2024-04-04T23:22:46.536+0000] {logging_mixin.py:188} INFO - [2024-04-04T23:22:46.536+0000] {dagbag.py:538} INFO - Filling up the DagBag from /home/airflow/.local/lib/python3.8/site-packages/airflow/example_dags/example_kubernetes_executor.py
[2024-04-04T23:22:46.565+0000] {processor.py:840} INFO - DAG(s) 'example_kubernetes_executor' retrieved from /home/airflow/.local/lib/python3.8/site-packages/airflow/example_dags/example_kubernetes_executor.py
[2024-04-04T23:22:46.641+0000] {logging_mixin.py:188} INFO - [2024-04-04T23:22:46.640+0000] {dag.py:3036} INFO - Sync 1 DAGs
[2024-04-04T23:22:46.667+0000] {logging_mixin.py:188} INFO - [2024-04-04T23:22:46.666+0000] {dag.py:3823} INFO - Setting next_dagrun for example_kubernetes_executor to None, run_after=None
[2024-04-04T23:22:46.702+0000] {processor.py:183} INFO - Processing /home/airflow/.local/lib/python3.8/site-packages/airflow/example_dags/example_kubernetes_executor.py took 0.176 seconds
[2024-04-04T23:23:17.215+0000] {processor.py:161} INFO - Started process (PID=48609) to work on /home/airflow/.local/lib/python3.8/site-packages/airflow/example_dags/example_kubernetes_executor.py
[2024-04-04T23:23:17.217+0000] {processor.py:830} INFO - Processing file /home/airflow/.local/lib/python3.8/site-packages/airflow/example_dags/example_kubernetes_executor.py for tasks to queue
[2024-04-04T23:23:17.219+0000] {logging_mixin.py:188} INFO - [2024-04-04T23:23:17.219+0000] {dagbag.py:538} INFO - Filling up the DagBag from /home/airflow/.local/lib/python3.8/site-packages/airflow/example_dags/example_kubernetes_executor.py
[2024-04-04T23:23:17.251+0000] {processor.py:840} INFO - DAG(s) 'example_kubernetes_executor' retrieved from /home/airflow/.local/lib/python3.8/site-packages/airflow/example_dags/example_kubernetes_executor.py
[2024-04-04T23:23:17.335+0000] {logging_mixin.py:188} INFO - [2024-04-04T23:23:17.335+0000] {dag.py:3036} INFO - Sync 1 DAGs
[2024-04-04T23:23:17.360+0000] {logging_mixin.py:188} INFO - [2024-04-04T23:23:17.360+0000] {dag.py:3823} INFO - Setting next_dagrun for example_kubernetes_executor to None, run_after=None
[2024-04-04T23:23:17.398+0000] {processor.py:183} INFO - Processing /home/airflow/.local/lib/python3.8/site-packages/airflow/example_dags/example_kubernetes_executor.py took 0.191 seconds
[2024-04-04T23:23:47.773+0000] {processor.py:161} INFO - Started process (PID=48669) to work on /home/airflow/.local/lib/python3.8/site-packages/airflow/example_dags/example_kubernetes_executor.py
[2024-04-04T23:23:47.777+0000] {processor.py:830} INFO - Processing file /home/airflow/.local/lib/python3.8/site-packages/airflow/example_dags/example_kubernetes_executor.py for tasks to queue
[2024-04-04T23:23:47.781+0000] {logging_mixin.py:188} INFO - [2024-04-04T23:23:47.780+0000] {dagbag.py:538} INFO - Filling up the DagBag from /home/airflow/.local/lib/python3.8/site-packages/airflow/example_dags/example_kubernetes_executor.py
[2024-04-04T23:23:47.846+0000] {processor.py:840} INFO - DAG(s) 'example_kubernetes_executor' retrieved from /home/airflow/.local/lib/python3.8/site-packages/airflow/example_dags/example_kubernetes_executor.py
[2024-04-04T23:23:48.016+0000] {logging_mixin.py:188} INFO - [2024-04-04T23:23:48.015+0000] {dag.py:3036} INFO - Sync 1 DAGs
[2024-04-04T23:23:48.065+0000] {logging_mixin.py:188} INFO - [2024-04-04T23:23:48.064+0000] {dag.py:3823} INFO - Setting next_dagrun for example_kubernetes_executor to None, run_after=None
[2024-04-04T23:23:48.128+0000] {processor.py:183} INFO - Processing /home/airflow/.local/lib/python3.8/site-packages/airflow/example_dags/example_kubernetes_executor.py took 0.367 seconds
[2024-04-04T23:24:18.472+0000] {processor.py:161} INFO - Started process (PID=48729) to work on /home/airflow/.local/lib/python3.8/site-packages/airflow/example_dags/example_kubernetes_executor.py
[2024-04-04T23:24:18.477+0000] {processor.py:830} INFO - Processing file /home/airflow/.local/lib/python3.8/site-packages/airflow/example_dags/example_kubernetes_executor.py for tasks to queue
[2024-04-04T23:24:18.481+0000] {logging_mixin.py:188} INFO - [2024-04-04T23:24:18.480+0000] {dagbag.py:538} INFO - Filling up the DagBag from /home/airflow/.local/lib/python3.8/site-packages/airflow/example_dags/example_kubernetes_executor.py
[2024-04-04T23:24:18.586+0000] {processor.py:840} INFO - DAG(s) 'example_kubernetes_executor' retrieved from /home/airflow/.local/lib/python3.8/site-packages/airflow/example_dags/example_kubernetes_executor.py
[2024-04-04T23:24:18.823+0000] {logging_mixin.py:188} INFO - [2024-04-04T23:24:18.821+0000] {dag.py:3036} INFO - Sync 1 DAGs
[2024-04-04T23:24:18.953+0000] {logging_mixin.py:188} INFO - [2024-04-04T23:24:18.952+0000] {dag.py:3823} INFO - Setting next_dagrun for example_kubernetes_executor to None, run_after=None
[2024-04-04T23:24:19.048+0000] {processor.py:183} INFO - Processing /home/airflow/.local/lib/python3.8/site-packages/airflow/example_dags/example_kubernetes_executor.py took 0.595 seconds
[2024-04-04T23:24:49.876+0000] {processor.py:161} INFO - Started process (PID=48789) to work on /home/airflow/.local/lib/python3.8/site-packages/airflow/example_dags/example_kubernetes_executor.py
[2024-04-04T23:24:49.879+0000] {processor.py:830} INFO - Processing file /home/airflow/.local/lib/python3.8/site-packages/airflow/example_dags/example_kubernetes_executor.py for tasks to queue
[2024-04-04T23:24:49.882+0000] {logging_mixin.py:188} INFO - [2024-04-04T23:24:49.881+0000] {dagbag.py:538} INFO - Filling up the DagBag from /home/airflow/.local/lib/python3.8/site-packages/airflow/example_dags/example_kubernetes_executor.py
[2024-04-04T23:24:49.921+0000] {processor.py:840} INFO - DAG(s) 'example_kubernetes_executor' retrieved from /home/airflow/.local/lib/python3.8/site-packages/airflow/example_dags/example_kubernetes_executor.py
[2024-04-04T23:24:50.023+0000] {logging_mixin.py:188} INFO - [2024-04-04T23:24:50.023+0000] {dag.py:3036} INFO - Sync 1 DAGs
[2024-04-04T23:24:50.054+0000] {logging_mixin.py:188} INFO - [2024-04-04T23:24:50.054+0000] {dag.py:3823} INFO - Setting next_dagrun for example_kubernetes_executor to None, run_after=None
[2024-04-04T23:24:50.097+0000] {processor.py:183} INFO - Processing /home/airflow/.local/lib/python3.8/site-packages/airflow/example_dags/example_kubernetes_executor.py took 0.230 seconds
[2024-04-04T23:25:20.377+0000] {processor.py:161} INFO - Started process (PID=48849) to work on /home/airflow/.local/lib/python3.8/site-packages/airflow/example_dags/example_kubernetes_executor.py
[2024-04-04T23:25:20.380+0000] {processor.py:830} INFO - Processing file /home/airflow/.local/lib/python3.8/site-packages/airflow/example_dags/example_kubernetes_executor.py for tasks to queue
[2024-04-04T23:25:20.382+0000] {logging_mixin.py:188} INFO - [2024-04-04T23:25:20.382+0000] {dagbag.py:538} INFO - Filling up the DagBag from /home/airflow/.local/lib/python3.8/site-packages/airflow/example_dags/example_kubernetes_executor.py
[2024-04-04T23:25:20.417+0000] {processor.py:840} INFO - DAG(s) 'example_kubernetes_executor' retrieved from /home/airflow/.local/lib/python3.8/site-packages/airflow/example_dags/example_kubernetes_executor.py
[2024-04-04T23:25:20.520+0000] {logging_mixin.py:188} INFO - [2024-04-04T23:25:20.519+0000] {dag.py:3036} INFO - Sync 1 DAGs
[2024-04-04T23:25:20.549+0000] {logging_mixin.py:188} INFO - [2024-04-04T23:25:20.548+0000] {dag.py:3823} INFO - Setting next_dagrun for example_kubernetes_executor to None, run_after=None
[2024-04-04T23:25:20.601+0000] {processor.py:183} INFO - Processing /home/airflow/.local/lib/python3.8/site-packages/airflow/example_dags/example_kubernetes_executor.py took 0.231 seconds
[2024-04-04T23:25:50.944+0000] {processor.py:161} INFO - Started process (PID=48909) to work on /home/airflow/.local/lib/python3.8/site-packages/airflow/example_dags/example_kubernetes_executor.py
[2024-04-04T23:25:50.950+0000] {processor.py:830} INFO - Processing file /home/airflow/.local/lib/python3.8/site-packages/airflow/example_dags/example_kubernetes_executor.py for tasks to queue
[2024-04-04T23:25:50.956+0000] {logging_mixin.py:188} INFO - [2024-04-04T23:25:50.954+0000] {dagbag.py:538} INFO - Filling up the DagBag from /home/airflow/.local/lib/python3.8/site-packages/airflow/example_dags/example_kubernetes_executor.py
[2024-04-04T23:25:51.062+0000] {processor.py:840} INFO - DAG(s) 'example_kubernetes_executor' retrieved from /home/airflow/.local/lib/python3.8/site-packages/airflow/example_dags/example_kubernetes_executor.py
[2024-04-04T23:25:51.437+0000] {logging_mixin.py:188} INFO - [2024-04-04T23:25:51.435+0000] {dag.py:3036} INFO - Sync 1 DAGs
[2024-04-04T23:25:51.576+0000] {logging_mixin.py:188} INFO - [2024-04-04T23:25:51.574+0000] {dag.py:3823} INFO - Setting next_dagrun for example_kubernetes_executor to None, run_after=None
[2024-04-04T23:25:51.717+0000] {processor.py:183} INFO - Processing /home/airflow/.local/lib/python3.8/site-packages/airflow/example_dags/example_kubernetes_executor.py took 0.794 seconds
[2024-04-04T23:26:22.018+0000] {processor.py:161} INFO - Started process (PID=48969) to work on /home/airflow/.local/lib/python3.8/site-packages/airflow/example_dags/example_kubernetes_executor.py
[2024-04-04T23:26:22.024+0000] {processor.py:830} INFO - Processing file /home/airflow/.local/lib/python3.8/site-packages/airflow/example_dags/example_kubernetes_executor.py for tasks to queue
[2024-04-04T23:26:22.032+0000] {logging_mixin.py:188} INFO - [2024-04-04T23:26:22.029+0000] {dagbag.py:538} INFO - Filling up the DagBag from /home/airflow/.local/lib/python3.8/site-packages/airflow/example_dags/example_kubernetes_executor.py
[2024-04-04T23:26:22.150+0000] {processor.py:840} INFO - DAG(s) 'example_kubernetes_executor' retrieved from /home/airflow/.local/lib/python3.8/site-packages/airflow/example_dags/example_kubernetes_executor.py
[2024-04-04T23:26:22.471+0000] {logging_mixin.py:188} INFO - [2024-04-04T23:26:22.469+0000] {dag.py:3036} INFO - Sync 1 DAGs
[2024-04-04T23:26:22.679+0000] {logging_mixin.py:188} INFO - [2024-04-04T23:26:22.677+0000] {dag.py:3823} INFO - Setting next_dagrun for example_kubernetes_executor to None, run_after=None
[2024-04-04T23:26:23.006+0000] {processor.py:183} INFO - Processing /home/airflow/.local/lib/python3.8/site-packages/airflow/example_dags/example_kubernetes_executor.py took 1.012 seconds
[2024-04-04T23:26:53.355+0000] {processor.py:161} INFO - Started process (PID=49029) to work on /home/airflow/.local/lib/python3.8/site-packages/airflow/example_dags/example_kubernetes_executor.py
[2024-04-04T23:26:53.357+0000] {processor.py:830} INFO - Processing file /home/airflow/.local/lib/python3.8/site-packages/airflow/example_dags/example_kubernetes_executor.py for tasks to queue
[2024-04-04T23:26:53.360+0000] {logging_mixin.py:188} INFO - [2024-04-04T23:26:53.359+0000] {dagbag.py:538} INFO - Filling up the DagBag from /home/airflow/.local/lib/python3.8/site-packages/airflow/example_dags/example_kubernetes_executor.py
[2024-04-04T23:26:53.395+0000] {processor.py:840} INFO - DAG(s) 'example_kubernetes_executor' retrieved from /home/airflow/.local/lib/python3.8/site-packages/airflow/example_dags/example_kubernetes_executor.py
[2024-04-04T23:26:53.502+0000] {logging_mixin.py:188} INFO - [2024-04-04T23:26:53.501+0000] {dag.py:3036} INFO - Sync 1 DAGs
[2024-04-04T23:26:53.534+0000] {logging_mixin.py:188} INFO - [2024-04-04T23:26:53.534+0000] {dag.py:3823} INFO - Setting next_dagrun for example_kubernetes_executor to None, run_after=None
[2024-04-04T23:26:53.593+0000] {processor.py:183} INFO - Processing /home/airflow/.local/lib/python3.8/site-packages/airflow/example_dags/example_kubernetes_executor.py took 0.246 seconds
[2024-04-04T23:27:23.720+0000] {processor.py:161} INFO - Started process (PID=49090) to work on /home/airflow/.local/lib/python3.8/site-packages/airflow/example_dags/example_kubernetes_executor.py
[2024-04-04T23:27:23.724+0000] {processor.py:830} INFO - Processing file /home/airflow/.local/lib/python3.8/site-packages/airflow/example_dags/example_kubernetes_executor.py for tasks to queue
[2024-04-04T23:27:23.729+0000] {logging_mixin.py:188} INFO - [2024-04-04T23:27:23.728+0000] {dagbag.py:538} INFO - Filling up the DagBag from /home/airflow/.local/lib/python3.8/site-packages/airflow/example_dags/example_kubernetes_executor.py
[2024-04-04T23:27:23.791+0000] {processor.py:840} INFO - DAG(s) 'example_kubernetes_executor' retrieved from /home/airflow/.local/lib/python3.8/site-packages/airflow/example_dags/example_kubernetes_executor.py
[2024-04-04T23:27:23.970+0000] {logging_mixin.py:188} INFO - [2024-04-04T23:27:23.969+0000] {dag.py:3036} INFO - Sync 1 DAGs
[2024-04-04T23:27:24.034+0000] {logging_mixin.py:188} INFO - [2024-04-04T23:27:24.033+0000] {dag.py:3823} INFO - Setting next_dagrun for example_kubernetes_executor to None, run_after=None
[2024-04-04T23:27:24.143+0000] {processor.py:183} INFO - Processing /home/airflow/.local/lib/python3.8/site-packages/airflow/example_dags/example_kubernetes_executor.py took 0.436 seconds
[2024-04-04T23:27:54.708+0000] {processor.py:161} INFO - Started process (PID=49150) to work on /home/airflow/.local/lib/python3.8/site-packages/airflow/example_dags/example_kubernetes_executor.py
[2024-04-04T23:27:54.712+0000] {processor.py:830} INFO - Processing file /home/airflow/.local/lib/python3.8/site-packages/airflow/example_dags/example_kubernetes_executor.py for tasks to queue
[2024-04-04T23:27:54.715+0000] {logging_mixin.py:188} INFO - [2024-04-04T23:27:54.714+0000] {dagbag.py:538} INFO - Filling up the DagBag from /home/airflow/.local/lib/python3.8/site-packages/airflow/example_dags/example_kubernetes_executor.py
[2024-04-04T23:27:54.770+0000] {processor.py:840} INFO - DAG(s) 'example_kubernetes_executor' retrieved from /home/airflow/.local/lib/python3.8/site-packages/airflow/example_dags/example_kubernetes_executor.py
[2024-04-04T23:27:54.909+0000] {logging_mixin.py:188} INFO - [2024-04-04T23:27:54.909+0000] {dag.py:3036} INFO - Sync 1 DAGs
[2024-04-04T23:27:54.953+0000] {logging_mixin.py:188} INFO - [2024-04-04T23:27:54.952+0000] {dag.py:3823} INFO - Setting next_dagrun for example_kubernetes_executor to None, run_after=None
[2024-04-04T23:27:55.009+0000] {processor.py:183} INFO - Processing /home/airflow/.local/lib/python3.8/site-packages/airflow/example_dags/example_kubernetes_executor.py took 0.312 seconds
[2024-04-04T23:28:26.606+0000] {processor.py:161} INFO - Started process (PID=49210) to work on /home/airflow/.local/lib/python3.8/site-packages/airflow/example_dags/example_kubernetes_executor.py
[2024-04-04T23:28:26.612+0000] {processor.py:830} INFO - Processing file /home/airflow/.local/lib/python3.8/site-packages/airflow/example_dags/example_kubernetes_executor.py for tasks to queue
[2024-04-04T23:28:26.617+0000] {logging_mixin.py:188} INFO - [2024-04-04T23:28:26.616+0000] {dagbag.py:538} INFO - Filling up the DagBag from /home/airflow/.local/lib/python3.8/site-packages/airflow/example_dags/example_kubernetes_executor.py
[2024-04-04T23:28:26.844+0000] {processor.py:840} INFO - DAG(s) 'example_kubernetes_executor' retrieved from /home/airflow/.local/lib/python3.8/site-packages/airflow/example_dags/example_kubernetes_executor.py
[2024-04-04T23:28:27.142+0000] {logging_mixin.py:188} INFO - [2024-04-04T23:28:27.141+0000] {dag.py:3036} INFO - Sync 1 DAGs
[2024-04-04T23:28:27.215+0000] {logging_mixin.py:188} INFO - [2024-04-04T23:28:27.214+0000] {dag.py:3823} INFO - Setting next_dagrun for example_kubernetes_executor to None, run_after=None
[2024-04-04T23:28:27.344+0000] {processor.py:183} INFO - Processing /home/airflow/.local/lib/python3.8/site-packages/airflow/example_dags/example_kubernetes_executor.py took 0.762 seconds
[2024-04-04T23:28:58.261+0000] {processor.py:161} INFO - Started process (PID=49270) to work on /home/airflow/.local/lib/python3.8/site-packages/airflow/example_dags/example_kubernetes_executor.py
[2024-04-04T23:28:58.264+0000] {processor.py:830} INFO - Processing file /home/airflow/.local/lib/python3.8/site-packages/airflow/example_dags/example_kubernetes_executor.py for tasks to queue
[2024-04-04T23:28:58.268+0000] {logging_mixin.py:188} INFO - [2024-04-04T23:28:58.267+0000] {dagbag.py:538} INFO - Filling up the DagBag from /home/airflow/.local/lib/python3.8/site-packages/airflow/example_dags/example_kubernetes_executor.py
[2024-04-04T23:28:58.338+0000] {processor.py:840} INFO - DAG(s) 'example_kubernetes_executor' retrieved from /home/airflow/.local/lib/python3.8/site-packages/airflow/example_dags/example_kubernetes_executor.py
[2024-04-04T23:28:58.512+0000] {logging_mixin.py:188} INFO - [2024-04-04T23:28:58.511+0000] {dag.py:3036} INFO - Sync 1 DAGs
[2024-04-04T23:28:58.579+0000] {logging_mixin.py:188} INFO - [2024-04-04T23:28:58.578+0000] {dag.py:3823} INFO - Setting next_dagrun for example_kubernetes_executor to None, run_after=None
[2024-04-04T23:28:58.659+0000] {processor.py:183} INFO - Processing /home/airflow/.local/lib/python3.8/site-packages/airflow/example_dags/example_kubernetes_executor.py took 0.411 seconds
[2024-04-04T23:29:28.915+0000] {processor.py:161} INFO - Started process (PID=49330) to work on /home/airflow/.local/lib/python3.8/site-packages/airflow/example_dags/example_kubernetes_executor.py
[2024-04-04T23:29:28.923+0000] {processor.py:830} INFO - Processing file /home/airflow/.local/lib/python3.8/site-packages/airflow/example_dags/example_kubernetes_executor.py for tasks to queue
[2024-04-04T23:29:28.928+0000] {logging_mixin.py:188} INFO - [2024-04-04T23:29:28.927+0000] {dagbag.py:538} INFO - Filling up the DagBag from /home/airflow/.local/lib/python3.8/site-packages/airflow/example_dags/example_kubernetes_executor.py
[2024-04-04T23:29:28.981+0000] {processor.py:840} INFO - DAG(s) 'example_kubernetes_executor' retrieved from /home/airflow/.local/lib/python3.8/site-packages/airflow/example_dags/example_kubernetes_executor.py
[2024-04-04T23:29:29.110+0000] {logging_mixin.py:188} INFO - [2024-04-04T23:29:29.109+0000] {dag.py:3036} INFO - Sync 1 DAGs
[2024-04-04T23:29:29.147+0000] {logging_mixin.py:188} INFO - [2024-04-04T23:29:29.146+0000] {dag.py:3823} INFO - Setting next_dagrun for example_kubernetes_executor to None, run_after=None
[2024-04-04T23:29:29.200+0000] {processor.py:183} INFO - Processing /home/airflow/.local/lib/python3.8/site-packages/airflow/example_dags/example_kubernetes_executor.py took 0.296 seconds
[2024-04-04T23:30:00.054+0000] {processor.py:161} INFO - Started process (PID=49390) to work on /home/airflow/.local/lib/python3.8/site-packages/airflow/example_dags/example_kubernetes_executor.py
[2024-04-04T23:30:00.058+0000] {processor.py:830} INFO - Processing file /home/airflow/.local/lib/python3.8/site-packages/airflow/example_dags/example_kubernetes_executor.py for tasks to queue
[2024-04-04T23:30:00.062+0000] {logging_mixin.py:188} INFO - [2024-04-04T23:30:00.061+0000] {dagbag.py:538} INFO - Filling up the DagBag from /home/airflow/.local/lib/python3.8/site-packages/airflow/example_dags/example_kubernetes_executor.py
[2024-04-04T23:30:00.133+0000] {processor.py:840} INFO - DAG(s) 'example_kubernetes_executor' retrieved from /home/airflow/.local/lib/python3.8/site-packages/airflow/example_dags/example_kubernetes_executor.py
[2024-04-04T23:30:00.279+0000] {logging_mixin.py:188} INFO - [2024-04-04T23:30:00.278+0000] {dag.py:3036} INFO - Sync 1 DAGs
[2024-04-04T23:30:00.326+0000] {logging_mixin.py:188} INFO - [2024-04-04T23:30:00.325+0000] {dag.py:3823} INFO - Setting next_dagrun for example_kubernetes_executor to None, run_after=None
[2024-04-04T23:30:00.393+0000] {processor.py:183} INFO - Processing /home/airflow/.local/lib/python3.8/site-packages/airflow/example_dags/example_kubernetes_executor.py took 0.355 seconds
[2024-04-04T23:30:34.499+0000] {processor.py:161} INFO - Started process (PID=49449) to work on /home/airflow/.local/lib/python3.8/site-packages/airflow/example_dags/example_kubernetes_executor.py
[2024-04-04T23:30:34.507+0000] {processor.py:830} INFO - Processing file /home/airflow/.local/lib/python3.8/site-packages/airflow/example_dags/example_kubernetes_executor.py for tasks to queue
[2024-04-04T23:30:34.517+0000] {logging_mixin.py:188} INFO - [2024-04-04T23:30:34.514+0000] {dagbag.py:538} INFO - Filling up the DagBag from /home/airflow/.local/lib/python3.8/site-packages/airflow/example_dags/example_kubernetes_executor.py
[2024-04-04T23:30:34.726+0000] {processor.py:840} INFO - DAG(s) 'example_kubernetes_executor' retrieved from /home/airflow/.local/lib/python3.8/site-packages/airflow/example_dags/example_kubernetes_executor.py
[2024-04-04T23:30:35.030+0000] {logging_mixin.py:188} INFO - [2024-04-04T23:30:35.028+0000] {dag.py:3036} INFO - Sync 1 DAGs
[2024-04-04T23:30:35.116+0000] {logging_mixin.py:188} INFO - [2024-04-04T23:30:35.115+0000] {dag.py:3823} INFO - Setting next_dagrun for example_kubernetes_executor to None, run_after=None
[2024-04-04T23:30:35.240+0000] {processor.py:183} INFO - Processing /home/airflow/.local/lib/python3.8/site-packages/airflow/example_dags/example_kubernetes_executor.py took 0.787 seconds
[2024-04-04T23:31:06.333+0000] {processor.py:161} INFO - Started process (PID=49510) to work on /home/airflow/.local/lib/python3.8/site-packages/airflow/example_dags/example_kubernetes_executor.py
[2024-04-04T23:31:06.337+0000] {processor.py:830} INFO - Processing file /home/airflow/.local/lib/python3.8/site-packages/airflow/example_dags/example_kubernetes_executor.py for tasks to queue
[2024-04-04T23:31:06.342+0000] {logging_mixin.py:188} INFO - [2024-04-04T23:31:06.340+0000] {dagbag.py:538} INFO - Filling up the DagBag from /home/airflow/.local/lib/python3.8/site-packages/airflow/example_dags/example_kubernetes_executor.py
[2024-04-04T23:31:06.418+0000] {processor.py:840} INFO - DAG(s) 'example_kubernetes_executor' retrieved from /home/airflow/.local/lib/python3.8/site-packages/airflow/example_dags/example_kubernetes_executor.py
[2024-04-04T23:31:06.636+0000] {logging_mixin.py:188} INFO - [2024-04-04T23:31:06.635+0000] {dag.py:3036} INFO - Sync 1 DAGs
[2024-04-04T23:31:06.701+0000] {logging_mixin.py:188} INFO - [2024-04-04T23:31:06.700+0000] {dag.py:3823} INFO - Setting next_dagrun for example_kubernetes_executor to None, run_after=None
[2024-04-04T23:31:06.846+0000] {processor.py:183} INFO - Processing /home/airflow/.local/lib/python3.8/site-packages/airflow/example_dags/example_kubernetes_executor.py took 0.528 seconds
[2024-04-04T23:31:37.089+0000] {processor.py:161} INFO - Started process (PID=49570) to work on /home/airflow/.local/lib/python3.8/site-packages/airflow/example_dags/example_kubernetes_executor.py
[2024-04-04T23:31:37.093+0000] {processor.py:830} INFO - Processing file /home/airflow/.local/lib/python3.8/site-packages/airflow/example_dags/example_kubernetes_executor.py for tasks to queue
[2024-04-04T23:31:37.097+0000] {logging_mixin.py:188} INFO - [2024-04-04T23:31:37.096+0000] {dagbag.py:538} INFO - Filling up the DagBag from /home/airflow/.local/lib/python3.8/site-packages/airflow/example_dags/example_kubernetes_executor.py
[2024-04-04T23:31:37.140+0000] {processor.py:840} INFO - DAG(s) 'example_kubernetes_executor' retrieved from /home/airflow/.local/lib/python3.8/site-packages/airflow/example_dags/example_kubernetes_executor.py
[2024-04-04T23:31:37.250+0000] {logging_mixin.py:188} INFO - [2024-04-04T23:31:37.249+0000] {dag.py:3036} INFO - Sync 1 DAGs
[2024-04-04T23:31:37.287+0000] {logging_mixin.py:188} INFO - [2024-04-04T23:31:37.287+0000] {dag.py:3823} INFO - Setting next_dagrun for example_kubernetes_executor to None, run_after=None
[2024-04-04T23:31:37.355+0000] {processor.py:183} INFO - Processing /home/airflow/.local/lib/python3.8/site-packages/airflow/example_dags/example_kubernetes_executor.py took 0.276 seconds
