[2024-04-04T20:01:57.802+0000] {processor.py:161} INFO - Started process (PID=43460) to work on /home/airflow/.local/lib/python3.8/site-packages/airflow/example_dags/example_short_circuit_operator.py
[2024-04-04T20:01:57.804+0000] {processor.py:830} INFO - Processing file /home/airflow/.local/lib/python3.8/site-packages/airflow/example_dags/example_short_circuit_operator.py for tasks to queue
[2024-04-04T20:01:57.817+0000] {logging_mixin.py:188} INFO - [2024-04-04T20:01:57.816+0000] {dagbag.py:538} INFO - Filling up the DagBag from /home/airflow/.local/lib/python3.8/site-packages/airflow/example_dags/example_short_circuit_operator.py
[2024-04-04T20:01:57.865+0000] {processor.py:840} INFO - DAG(s) 'example_short_circuit_operator' retrieved from /home/airflow/.local/lib/python3.8/site-packages/airflow/example_dags/example_short_circuit_operator.py
[2024-04-04T20:01:57.962+0000] {logging_mixin.py:188} INFO - [2024-04-04T20:01:57.961+0000] {dag.py:3036} INFO - Sync 1 DAGs
[2024-04-04T20:01:58.070+0000] {logging_mixin.py:188} INFO - [2024-04-04T20:01:58.069+0000] {dag.py:3823} INFO - Setting next_dagrun for example_short_circuit_operator to 2024-04-03 00:00:00+00:00, run_after=2024-04-04 00:00:00+00:00
[2024-04-04T20:01:58.178+0000] {processor.py:183} INFO - Processing /home/airflow/.local/lib/python3.8/site-packages/airflow/example_dags/example_short_circuit_operator.py took 0.391 seconds
[2024-04-04T18:12:28.006+0000] {processor.py:161} INFO - Started process (PID=46140) to work on /home/airflow/.local/lib/python3.8/site-packages/airflow/example_dags/example_short_circuit_operator.py
[2024-04-04T18:12:28.009+0000] {processor.py:830} INFO - Processing file /home/airflow/.local/lib/python3.8/site-packages/airflow/example_dags/example_short_circuit_operator.py for tasks to queue
[2024-04-04T18:12:28.012+0000] {logging_mixin.py:188} INFO - [2024-04-04T18:12:28.011+0000] {dagbag.py:538} INFO - Filling up the DagBag from /home/airflow/.local/lib/python3.8/site-packages/airflow/example_dags/example_short_circuit_operator.py
[2024-04-04T18:12:28.040+0000] {processor.py:840} INFO - DAG(s) 'example_short_circuit_operator' retrieved from /home/airflow/.local/lib/python3.8/site-packages/airflow/example_dags/example_short_circuit_operator.py
[2024-04-04T18:12:28.094+0000] {logging_mixin.py:188} INFO - [2024-04-04T18:12:28.093+0000] {dag.py:3036} INFO - Sync 1 DAGs
[2024-04-04T18:12:28.145+0000] {logging_mixin.py:188} INFO - [2024-04-04T18:12:28.145+0000] {dag.py:3823} INFO - Setting next_dagrun for example_short_circuit_operator to 2024-04-03 00:00:00+00:00, run_after=2024-04-04 00:00:00+00:00
[2024-04-04T18:12:28.294+0000] {processor.py:183} INFO - Processing /home/airflow/.local/lib/python3.8/site-packages/airflow/example_dags/example_short_circuit_operator.py took 0.294 seconds
[2024-04-04T18:12:58.519+0000] {processor.py:161} INFO - Started process (PID=46200) to work on /home/airflow/.local/lib/python3.8/site-packages/airflow/example_dags/example_short_circuit_operator.py
[2024-04-04T18:12:58.520+0000] {processor.py:830} INFO - Processing file /home/airflow/.local/lib/python3.8/site-packages/airflow/example_dags/example_short_circuit_operator.py for tasks to queue
[2024-04-04T18:12:58.521+0000] {logging_mixin.py:188} INFO - [2024-04-04T18:12:58.521+0000] {dagbag.py:538} INFO - Filling up the DagBag from /home/airflow/.local/lib/python3.8/site-packages/airflow/example_dags/example_short_circuit_operator.py
[2024-04-04T18:12:58.529+0000] {processor.py:840} INFO - DAG(s) 'example_short_circuit_operator' retrieved from /home/airflow/.local/lib/python3.8/site-packages/airflow/example_dags/example_short_circuit_operator.py
[2024-04-04T18:12:58.560+0000] {logging_mixin.py:188} INFO - [2024-04-04T18:12:58.560+0000] {dag.py:3036} INFO - Sync 1 DAGs
[2024-04-04T18:12:58.584+0000] {logging_mixin.py:188} INFO - [2024-04-04T18:12:58.583+0000] {dag.py:3823} INFO - Setting next_dagrun for example_short_circuit_operator to 2024-04-03 00:00:00+00:00, run_after=2024-04-04 00:00:00+00:00
[2024-04-04T18:12:58.605+0000] {processor.py:183} INFO - Processing /home/airflow/.local/lib/python3.8/site-packages/airflow/example_dags/example_short_circuit_operator.py took 0.091 seconds
[2024-04-04T18:13:28.929+0000] {processor.py:161} INFO - Started process (PID=46260) to work on /home/airflow/.local/lib/python3.8/site-packages/airflow/example_dags/example_short_circuit_operator.py
[2024-04-04T18:13:28.930+0000] {processor.py:830} INFO - Processing file /home/airflow/.local/lib/python3.8/site-packages/airflow/example_dags/example_short_circuit_operator.py for tasks to queue
[2024-04-04T18:13:28.932+0000] {logging_mixin.py:188} INFO - [2024-04-04T18:13:28.931+0000] {dagbag.py:538} INFO - Filling up the DagBag from /home/airflow/.local/lib/python3.8/site-packages/airflow/example_dags/example_short_circuit_operator.py
[2024-04-04T18:13:28.940+0000] {processor.py:840} INFO - DAG(s) 'example_short_circuit_operator' retrieved from /home/airflow/.local/lib/python3.8/site-packages/airflow/example_dags/example_short_circuit_operator.py
[2024-04-04T18:13:28.967+0000] {logging_mixin.py:188} INFO - [2024-04-04T18:13:28.967+0000] {dag.py:3036} INFO - Sync 1 DAGs
[2024-04-04T18:13:28.990+0000] {logging_mixin.py:188} INFO - [2024-04-04T18:13:28.990+0000] {dag.py:3823} INFO - Setting next_dagrun for example_short_circuit_operator to 2024-04-03 00:00:00+00:00, run_after=2024-04-04 00:00:00+00:00
[2024-04-04T18:13:29.011+0000] {processor.py:183} INFO - Processing /home/airflow/.local/lib/python3.8/site-packages/airflow/example_dags/example_short_circuit_operator.py took 0.086 seconds
[2024-04-04T18:13:59.384+0000] {processor.py:161} INFO - Started process (PID=46320) to work on /home/airflow/.local/lib/python3.8/site-packages/airflow/example_dags/example_short_circuit_operator.py
[2024-04-04T18:13:59.385+0000] {processor.py:830} INFO - Processing file /home/airflow/.local/lib/python3.8/site-packages/airflow/example_dags/example_short_circuit_operator.py for tasks to queue
[2024-04-04T18:13:59.387+0000] {logging_mixin.py:188} INFO - [2024-04-04T18:13:59.386+0000] {dagbag.py:538} INFO - Filling up the DagBag from /home/airflow/.local/lib/python3.8/site-packages/airflow/example_dags/example_short_circuit_operator.py
[2024-04-04T18:13:59.398+0000] {processor.py:840} INFO - DAG(s) 'example_short_circuit_operator' retrieved from /home/airflow/.local/lib/python3.8/site-packages/airflow/example_dags/example_short_circuit_operator.py
[2024-04-04T18:13:59.427+0000] {logging_mixin.py:188} INFO - [2024-04-04T18:13:59.427+0000] {dag.py:3036} INFO - Sync 1 DAGs
[2024-04-04T18:13:59.449+0000] {logging_mixin.py:188} INFO - [2024-04-04T18:13:59.449+0000] {dag.py:3823} INFO - Setting next_dagrun for example_short_circuit_operator to 2024-04-03 00:00:00+00:00, run_after=2024-04-04 00:00:00+00:00
[2024-04-04T18:13:59.473+0000] {processor.py:183} INFO - Processing /home/airflow/.local/lib/python3.8/site-packages/airflow/example_dags/example_short_circuit_operator.py took 0.094 seconds
[2024-04-04T18:14:29.939+0000] {processor.py:161} INFO - Started process (PID=46380) to work on /home/airflow/.local/lib/python3.8/site-packages/airflow/example_dags/example_short_circuit_operator.py
[2024-04-04T18:14:29.940+0000] {processor.py:830} INFO - Processing file /home/airflow/.local/lib/python3.8/site-packages/airflow/example_dags/example_short_circuit_operator.py for tasks to queue
[2024-04-04T18:14:29.942+0000] {logging_mixin.py:188} INFO - [2024-04-04T18:14:29.941+0000] {dagbag.py:538} INFO - Filling up the DagBag from /home/airflow/.local/lib/python3.8/site-packages/airflow/example_dags/example_short_circuit_operator.py
[2024-04-04T18:14:29.951+0000] {processor.py:840} INFO - DAG(s) 'example_short_circuit_operator' retrieved from /home/airflow/.local/lib/python3.8/site-packages/airflow/example_dags/example_short_circuit_operator.py
[2024-04-04T18:14:29.986+0000] {logging_mixin.py:188} INFO - [2024-04-04T18:14:29.986+0000] {dag.py:3036} INFO - Sync 1 DAGs
[2024-04-04T18:14:30.014+0000] {logging_mixin.py:188} INFO - [2024-04-04T18:14:30.014+0000] {dag.py:3823} INFO - Setting next_dagrun for example_short_circuit_operator to 2024-04-03 00:00:00+00:00, run_after=2024-04-04 00:00:00+00:00
[2024-04-04T18:14:30.037+0000] {processor.py:183} INFO - Processing /home/airflow/.local/lib/python3.8/site-packages/airflow/example_dags/example_short_circuit_operator.py took 0.103 seconds
[2024-04-04T18:15:00.606+0000] {processor.py:161} INFO - Started process (PID=46440) to work on /home/airflow/.local/lib/python3.8/site-packages/airflow/example_dags/example_short_circuit_operator.py
[2024-04-04T18:15:00.609+0000] {processor.py:830} INFO - Processing file /home/airflow/.local/lib/python3.8/site-packages/airflow/example_dags/example_short_circuit_operator.py for tasks to queue
[2024-04-04T18:15:00.613+0000] {logging_mixin.py:188} INFO - [2024-04-04T18:15:00.612+0000] {dagbag.py:538} INFO - Filling up the DagBag from /home/airflow/.local/lib/python3.8/site-packages/airflow/example_dags/example_short_circuit_operator.py
[2024-04-04T18:15:00.639+0000] {processor.py:840} INFO - DAG(s) 'example_short_circuit_operator' retrieved from /home/airflow/.local/lib/python3.8/site-packages/airflow/example_dags/example_short_circuit_operator.py
[2024-04-04T18:15:00.729+0000] {logging_mixin.py:188} INFO - [2024-04-04T18:15:00.728+0000] {dag.py:3036} INFO - Sync 1 DAGs
[2024-04-04T18:15:00.802+0000] {logging_mixin.py:188} INFO - [2024-04-04T18:15:00.801+0000] {dag.py:3823} INFO - Setting next_dagrun for example_short_circuit_operator to 2024-04-03 00:00:00+00:00, run_after=2024-04-04 00:00:00+00:00
[2024-04-04T18:15:00.867+0000] {processor.py:183} INFO - Processing /home/airflow/.local/lib/python3.8/site-packages/airflow/example_dags/example_short_circuit_operator.py took 0.273 seconds
[2024-04-04T18:15:35.311+0000] {processor.py:161} INFO - Started process (PID=46500) to work on /home/airflow/.local/lib/python3.8/site-packages/airflow/example_dags/example_short_circuit_operator.py
[2024-04-04T18:15:35.320+0000] {processor.py:830} INFO - Processing file /home/airflow/.local/lib/python3.8/site-packages/airflow/example_dags/example_short_circuit_operator.py for tasks to queue
[2024-04-04T18:15:35.336+0000] {logging_mixin.py:188} INFO - [2024-04-04T18:15:35.333+0000] {dagbag.py:538} INFO - Filling up the DagBag from /home/airflow/.local/lib/python3.8/site-packages/airflow/example_dags/example_short_circuit_operator.py
[2024-04-04T18:15:35.428+0000] {processor.py:840} INFO - DAG(s) 'example_short_circuit_operator' retrieved from /home/airflow/.local/lib/python3.8/site-packages/airflow/example_dags/example_short_circuit_operator.py
[2024-04-04T18:15:35.697+0000] {logging_mixin.py:188} INFO - [2024-04-04T18:15:35.694+0000] {dag.py:3036} INFO - Sync 1 DAGs
[2024-04-04T18:15:35.907+0000] {logging_mixin.py:188} INFO - [2024-04-04T18:15:35.905+0000] {dag.py:3823} INFO - Setting next_dagrun for example_short_circuit_operator to 2024-04-03 00:00:00+00:00, run_after=2024-04-04 00:00:00+00:00
[2024-04-04T18:15:36.110+0000] {processor.py:183} INFO - Processing /home/airflow/.local/lib/python3.8/site-packages/airflow/example_dags/example_short_circuit_operator.py took 0.845 seconds
[2024-04-04T18:16:06.541+0000] {processor.py:161} INFO - Started process (PID=46560) to work on /home/airflow/.local/lib/python3.8/site-packages/airflow/example_dags/example_short_circuit_operator.py
[2024-04-04T18:16:06.546+0000] {processor.py:830} INFO - Processing file /home/airflow/.local/lib/python3.8/site-packages/airflow/example_dags/example_short_circuit_operator.py for tasks to queue
[2024-04-04T18:16:06.551+0000] {logging_mixin.py:188} INFO - [2024-04-04T18:16:06.549+0000] {dagbag.py:538} INFO - Filling up the DagBag from /home/airflow/.local/lib/python3.8/site-packages/airflow/example_dags/example_short_circuit_operator.py
[2024-04-04T18:16:06.586+0000] {processor.py:840} INFO - DAG(s) 'example_short_circuit_operator' retrieved from /home/airflow/.local/lib/python3.8/site-packages/airflow/example_dags/example_short_circuit_operator.py
[2024-04-04T18:16:06.711+0000] {logging_mixin.py:188} INFO - [2024-04-04T18:16:06.709+0000] {dag.py:3036} INFO - Sync 1 DAGs
[2024-04-04T18:16:06.820+0000] {logging_mixin.py:188} INFO - [2024-04-04T18:16:06.819+0000] {dag.py:3823} INFO - Setting next_dagrun for example_short_circuit_operator to 2024-04-03 00:00:00+00:00, run_after=2024-04-04 00:00:00+00:00
[2024-04-04T18:16:06.893+0000] {processor.py:183} INFO - Processing /home/airflow/.local/lib/python3.8/site-packages/airflow/example_dags/example_short_circuit_operator.py took 0.370 seconds
[2024-04-04T18:16:37.319+0000] {processor.py:161} INFO - Started process (PID=46620) to work on /home/airflow/.local/lib/python3.8/site-packages/airflow/example_dags/example_short_circuit_operator.py
[2024-04-04T18:16:37.323+0000] {processor.py:830} INFO - Processing file /home/airflow/.local/lib/python3.8/site-packages/airflow/example_dags/example_short_circuit_operator.py for tasks to queue
[2024-04-04T18:16:37.326+0000] {logging_mixin.py:188} INFO - [2024-04-04T18:16:37.325+0000] {dagbag.py:538} INFO - Filling up the DagBag from /home/airflow/.local/lib/python3.8/site-packages/airflow/example_dags/example_short_circuit_operator.py
[2024-04-04T18:16:37.345+0000] {processor.py:840} INFO - DAG(s) 'example_short_circuit_operator' retrieved from /home/airflow/.local/lib/python3.8/site-packages/airflow/example_dags/example_short_circuit_operator.py
[2024-04-04T18:16:37.412+0000] {logging_mixin.py:188} INFO - [2024-04-04T18:16:37.411+0000] {dag.py:3036} INFO - Sync 1 DAGs
[2024-04-04T18:16:37.471+0000] {logging_mixin.py:188} INFO - [2024-04-04T18:16:37.471+0000] {dag.py:3823} INFO - Setting next_dagrun for example_short_circuit_operator to 2024-04-03 00:00:00+00:00, run_after=2024-04-04 00:00:00+00:00
[2024-04-04T18:16:37.526+0000] {processor.py:183} INFO - Processing /home/airflow/.local/lib/python3.8/site-packages/airflow/example_dags/example_short_circuit_operator.py took 0.216 seconds
[2024-04-04T18:17:08.002+0000] {processor.py:161} INFO - Started process (PID=46681) to work on /home/airflow/.local/lib/python3.8/site-packages/airflow/example_dags/example_short_circuit_operator.py
[2024-04-04T18:17:08.004+0000] {processor.py:830} INFO - Processing file /home/airflow/.local/lib/python3.8/site-packages/airflow/example_dags/example_short_circuit_operator.py for tasks to queue
[2024-04-04T18:17:08.006+0000] {logging_mixin.py:188} INFO - [2024-04-04T18:17:08.006+0000] {dagbag.py:538} INFO - Filling up the DagBag from /home/airflow/.local/lib/python3.8/site-packages/airflow/example_dags/example_short_circuit_operator.py
[2024-04-04T18:17:08.021+0000] {processor.py:840} INFO - DAG(s) 'example_short_circuit_operator' retrieved from /home/airflow/.local/lib/python3.8/site-packages/airflow/example_dags/example_short_circuit_operator.py
[2024-04-04T18:17:08.074+0000] {logging_mixin.py:188} INFO - [2024-04-04T18:17:08.074+0000] {dag.py:3036} INFO - Sync 1 DAGs
[2024-04-04T18:17:08.117+0000] {logging_mixin.py:188} INFO - [2024-04-04T18:17:08.116+0000] {dag.py:3823} INFO - Setting next_dagrun for example_short_circuit_operator to 2024-04-03 00:00:00+00:00, run_after=2024-04-04 00:00:00+00:00
[2024-04-04T18:17:08.156+0000] {processor.py:183} INFO - Processing /home/airflow/.local/lib/python3.8/site-packages/airflow/example_dags/example_short_circuit_operator.py took 0.161 seconds
[2024-04-04T18:17:39.944+0000] {processor.py:161} INFO - Started process (PID=46741) to work on /home/airflow/.local/lib/python3.8/site-packages/airflow/example_dags/example_short_circuit_operator.py
[2024-04-04T18:17:39.950+0000] {processor.py:830} INFO - Processing file /home/airflow/.local/lib/python3.8/site-packages/airflow/example_dags/example_short_circuit_operator.py for tasks to queue
[2024-04-04T18:17:39.958+0000] {logging_mixin.py:188} INFO - [2024-04-04T18:17:39.955+0000] {dagbag.py:538} INFO - Filling up the DagBag from /home/airflow/.local/lib/python3.8/site-packages/airflow/example_dags/example_short_circuit_operator.py
[2024-04-04T18:17:39.999+0000] {processor.py:840} INFO - DAG(s) 'example_short_circuit_operator' retrieved from /home/airflow/.local/lib/python3.8/site-packages/airflow/example_dags/example_short_circuit_operator.py
[2024-04-04T18:17:40.161+0000] {logging_mixin.py:188} INFO - [2024-04-04T18:17:40.159+0000] {dag.py:3036} INFO - Sync 1 DAGs
[2024-04-04T18:17:40.304+0000] {logging_mixin.py:188} INFO - [2024-04-04T18:17:40.303+0000] {dag.py:3823} INFO - Setting next_dagrun for example_short_circuit_operator to 2024-04-03 00:00:00+00:00, run_after=2024-04-04 00:00:00+00:00
[2024-04-04T18:17:40.405+0000] {processor.py:183} INFO - Processing /home/airflow/.local/lib/python3.8/site-packages/airflow/example_dags/example_short_circuit_operator.py took 0.480 seconds
[2024-04-04T18:18:10.739+0000] {processor.py:161} INFO - Started process (PID=46801) to work on /home/airflow/.local/lib/python3.8/site-packages/airflow/example_dags/example_short_circuit_operator.py
[2024-04-04T18:18:10.744+0000] {processor.py:830} INFO - Processing file /home/airflow/.local/lib/python3.8/site-packages/airflow/example_dags/example_short_circuit_operator.py for tasks to queue
[2024-04-04T18:18:10.749+0000] {logging_mixin.py:188} INFO - [2024-04-04T18:18:10.747+0000] {dagbag.py:538} INFO - Filling up the DagBag from /home/airflow/.local/lib/python3.8/site-packages/airflow/example_dags/example_short_circuit_operator.py
[2024-04-04T18:18:10.795+0000] {processor.py:840} INFO - DAG(s) 'example_short_circuit_operator' retrieved from /home/airflow/.local/lib/python3.8/site-packages/airflow/example_dags/example_short_circuit_operator.py
[2024-04-04T18:18:10.950+0000] {logging_mixin.py:188} INFO - [2024-04-04T18:18:10.949+0000] {dag.py:3036} INFO - Sync 1 DAGs
[2024-04-04T18:18:11.046+0000] {logging_mixin.py:188} INFO - [2024-04-04T18:18:11.045+0000] {dag.py:3823} INFO - Setting next_dagrun for example_short_circuit_operator to 2024-04-03 00:00:00+00:00, run_after=2024-04-04 00:00:00+00:00
[2024-04-04T18:18:11.139+0000] {processor.py:183} INFO - Processing /home/airflow/.local/lib/python3.8/site-packages/airflow/example_dags/example_short_circuit_operator.py took 0.417 seconds
[2024-04-04T18:18:42.193+0000] {processor.py:161} INFO - Started process (PID=46860) to work on /home/airflow/.local/lib/python3.8/site-packages/airflow/example_dags/example_short_circuit_operator.py
[2024-04-04T18:18:42.195+0000] {processor.py:830} INFO - Processing file /home/airflow/.local/lib/python3.8/site-packages/airflow/example_dags/example_short_circuit_operator.py for tasks to queue
[2024-04-04T18:18:42.198+0000] {logging_mixin.py:188} INFO - [2024-04-04T18:18:42.197+0000] {dagbag.py:538} INFO - Filling up the DagBag from /home/airflow/.local/lib/python3.8/site-packages/airflow/example_dags/example_short_circuit_operator.py
[2024-04-04T18:18:42.217+0000] {processor.py:840} INFO - DAG(s) 'example_short_circuit_operator' retrieved from /home/airflow/.local/lib/python3.8/site-packages/airflow/example_dags/example_short_circuit_operator.py
[2024-04-04T18:18:42.286+0000] {logging_mixin.py:188} INFO - [2024-04-04T18:18:42.286+0000] {dag.py:3036} INFO - Sync 1 DAGs
[2024-04-04T18:18:42.353+0000] {logging_mixin.py:188} INFO - [2024-04-04T18:18:42.353+0000] {dag.py:3823} INFO - Setting next_dagrun for example_short_circuit_operator to 2024-04-03 00:00:00+00:00, run_after=2024-04-04 00:00:00+00:00
[2024-04-04T18:18:42.413+0000] {processor.py:183} INFO - Processing /home/airflow/.local/lib/python3.8/site-packages/airflow/example_dags/example_short_circuit_operator.py took 0.229 seconds
[2024-04-04T18:19:12.719+0000] {processor.py:161} INFO - Started process (PID=46920) to work on /home/airflow/.local/lib/python3.8/site-packages/airflow/example_dags/example_short_circuit_operator.py
[2024-04-04T18:19:12.721+0000] {processor.py:830} INFO - Processing file /home/airflow/.local/lib/python3.8/site-packages/airflow/example_dags/example_short_circuit_operator.py for tasks to queue
[2024-04-04T18:19:12.724+0000] {logging_mixin.py:188} INFO - [2024-04-04T18:19:12.723+0000] {dagbag.py:538} INFO - Filling up the DagBag from /home/airflow/.local/lib/python3.8/site-packages/airflow/example_dags/example_short_circuit_operator.py
[2024-04-04T18:19:12.740+0000] {processor.py:840} INFO - DAG(s) 'example_short_circuit_operator' retrieved from /home/airflow/.local/lib/python3.8/site-packages/airflow/example_dags/example_short_circuit_operator.py
[2024-04-04T18:19:12.800+0000] {logging_mixin.py:188} INFO - [2024-04-04T18:19:12.799+0000] {dag.py:3036} INFO - Sync 1 DAGs
[2024-04-04T18:19:12.849+0000] {logging_mixin.py:188} INFO - [2024-04-04T18:19:12.848+0000] {dag.py:3823} INFO - Setting next_dagrun for example_short_circuit_operator to 2024-04-03 00:00:00+00:00, run_after=2024-04-04 00:00:00+00:00
[2024-04-04T18:19:12.900+0000] {processor.py:183} INFO - Processing /home/airflow/.local/lib/python3.8/site-packages/airflow/example_dags/example_short_circuit_operator.py took 0.188 seconds
[2024-04-04T18:19:43.568+0000] {processor.py:161} INFO - Started process (PID=46980) to work on /home/airflow/.local/lib/python3.8/site-packages/airflow/example_dags/example_short_circuit_operator.py
[2024-04-04T18:19:43.573+0000] {processor.py:830} INFO - Processing file /home/airflow/.local/lib/python3.8/site-packages/airflow/example_dags/example_short_circuit_operator.py for tasks to queue
[2024-04-04T18:19:43.578+0000] {logging_mixin.py:188} INFO - [2024-04-04T18:19:43.576+0000] {dagbag.py:538} INFO - Filling up the DagBag from /home/airflow/.local/lib/python3.8/site-packages/airflow/example_dags/example_short_circuit_operator.py
[2024-04-04T18:19:43.609+0000] {processor.py:840} INFO - DAG(s) 'example_short_circuit_operator' retrieved from /home/airflow/.local/lib/python3.8/site-packages/airflow/example_dags/example_short_circuit_operator.py
[2024-04-04T18:19:43.741+0000] {logging_mixin.py:188} INFO - [2024-04-04T18:19:43.740+0000] {dag.py:3036} INFO - Sync 1 DAGs
[2024-04-04T18:19:43.832+0000] {logging_mixin.py:188} INFO - [2024-04-04T18:19:43.831+0000] {dag.py:3823} INFO - Setting next_dagrun for example_short_circuit_operator to 2024-04-03 00:00:00+00:00, run_after=2024-04-04 00:00:00+00:00
[2024-04-04T18:19:43.914+0000] {processor.py:183} INFO - Processing /home/airflow/.local/lib/python3.8/site-packages/airflow/example_dags/example_short_circuit_operator.py took 0.363 seconds
[2024-04-04T18:20:14.293+0000] {processor.py:161} INFO - Started process (PID=47040) to work on /home/airflow/.local/lib/python3.8/site-packages/airflow/example_dags/example_short_circuit_operator.py
[2024-04-04T18:20:14.300+0000] {processor.py:830} INFO - Processing file /home/airflow/.local/lib/python3.8/site-packages/airflow/example_dags/example_short_circuit_operator.py for tasks to queue
[2024-04-04T18:20:14.306+0000] {logging_mixin.py:188} INFO - [2024-04-04T18:20:14.304+0000] {dagbag.py:538} INFO - Filling up the DagBag from /home/airflow/.local/lib/python3.8/site-packages/airflow/example_dags/example_short_circuit_operator.py
[2024-04-04T18:20:14.358+0000] {processor.py:840} INFO - DAG(s) 'example_short_circuit_operator' retrieved from /home/airflow/.local/lib/python3.8/site-packages/airflow/example_dags/example_short_circuit_operator.py
[2024-04-04T18:20:14.615+0000] {logging_mixin.py:188} INFO - [2024-04-04T18:20:14.613+0000] {dag.py:3036} INFO - Sync 1 DAGs
[2024-04-04T18:20:14.751+0000] {logging_mixin.py:188} INFO - [2024-04-04T18:20:14.749+0000] {dag.py:3823} INFO - Setting next_dagrun for example_short_circuit_operator to 2024-04-03 00:00:00+00:00, run_after=2024-04-04 00:00:00+00:00
[2024-04-04T18:20:14.890+0000] {processor.py:183} INFO - Processing /home/airflow/.local/lib/python3.8/site-packages/airflow/example_dags/example_short_circuit_operator.py took 0.619 seconds
[2024-04-04T18:20:45.357+0000] {processor.py:161} INFO - Started process (PID=47100) to work on /home/airflow/.local/lib/python3.8/site-packages/airflow/example_dags/example_short_circuit_operator.py
[2024-04-04T18:20:45.362+0000] {processor.py:830} INFO - Processing file /home/airflow/.local/lib/python3.8/site-packages/airflow/example_dags/example_short_circuit_operator.py for tasks to queue
[2024-04-04T18:20:45.367+0000] {logging_mixin.py:188} INFO - [2024-04-04T18:20:45.365+0000] {dagbag.py:538} INFO - Filling up the DagBag from /home/airflow/.local/lib/python3.8/site-packages/airflow/example_dags/example_short_circuit_operator.py
[2024-04-04T18:20:45.400+0000] {processor.py:840} INFO - DAG(s) 'example_short_circuit_operator' retrieved from /home/airflow/.local/lib/python3.8/site-packages/airflow/example_dags/example_short_circuit_operator.py
[2024-04-04T18:20:45.526+0000] {logging_mixin.py:188} INFO - [2024-04-04T18:20:45.525+0000] {dag.py:3036} INFO - Sync 1 DAGs
[2024-04-04T18:20:45.629+0000] {logging_mixin.py:188} INFO - [2024-04-04T18:20:45.628+0000] {dag.py:3823} INFO - Setting next_dagrun for example_short_circuit_operator to 2024-04-03 00:00:00+00:00, run_after=2024-04-04 00:00:00+00:00
[2024-04-04T18:20:45.712+0000] {processor.py:183} INFO - Processing /home/airflow/.local/lib/python3.8/site-packages/airflow/example_dags/example_short_circuit_operator.py took 0.370 seconds
[2024-04-04T18:21:15.958+0000] {processor.py:161} INFO - Started process (PID=47160) to work on /home/airflow/.local/lib/python3.8/site-packages/airflow/example_dags/example_short_circuit_operator.py
[2024-04-04T18:21:15.961+0000] {processor.py:830} INFO - Processing file /home/airflow/.local/lib/python3.8/site-packages/airflow/example_dags/example_short_circuit_operator.py for tasks to queue
[2024-04-04T18:21:15.963+0000] {logging_mixin.py:188} INFO - [2024-04-04T18:21:15.963+0000] {dagbag.py:538} INFO - Filling up the DagBag from /home/airflow/.local/lib/python3.8/site-packages/airflow/example_dags/example_short_circuit_operator.py
[2024-04-04T18:21:15.981+0000] {processor.py:840} INFO - DAG(s) 'example_short_circuit_operator' retrieved from /home/airflow/.local/lib/python3.8/site-packages/airflow/example_dags/example_short_circuit_operator.py
[2024-04-04T18:21:16.047+0000] {logging_mixin.py:188} INFO - [2024-04-04T18:21:16.046+0000] {dag.py:3036} INFO - Sync 1 DAGs
[2024-04-04T18:21:16.099+0000] {logging_mixin.py:188} INFO - [2024-04-04T18:21:16.099+0000] {dag.py:3823} INFO - Setting next_dagrun for example_short_circuit_operator to 2024-04-03 00:00:00+00:00, run_after=2024-04-04 00:00:00+00:00
[2024-04-04T18:21:16.144+0000] {processor.py:183} INFO - Processing /home/airflow/.local/lib/python3.8/site-packages/airflow/example_dags/example_short_circuit_operator.py took 0.195 seconds
[2024-04-04T18:21:46.465+0000] {processor.py:161} INFO - Started process (PID=47220) to work on /home/airflow/.local/lib/python3.8/site-packages/airflow/example_dags/example_short_circuit_operator.py
[2024-04-04T18:21:46.488+0000] {processor.py:830} INFO - Processing file /home/airflow/.local/lib/python3.8/site-packages/airflow/example_dags/example_short_circuit_operator.py for tasks to queue
[2024-04-04T18:21:46.507+0000] {logging_mixin.py:188} INFO - [2024-04-04T18:21:46.505+0000] {dagbag.py:538} INFO - Filling up the DagBag from /home/airflow/.local/lib/python3.8/site-packages/airflow/example_dags/example_short_circuit_operator.py
[2024-04-04T18:21:46.657+0000] {processor.py:840} INFO - DAG(s) 'example_short_circuit_operator' retrieved from /home/airflow/.local/lib/python3.8/site-packages/airflow/example_dags/example_short_circuit_operator.py
[2024-04-04T18:21:46.862+0000] {logging_mixin.py:188} INFO - [2024-04-04T18:21:46.860+0000] {dag.py:3036} INFO - Sync 1 DAGs
[2024-04-04T18:21:47.001+0000] {logging_mixin.py:188} INFO - [2024-04-04T18:21:46.999+0000] {dag.py:3823} INFO - Setting next_dagrun for example_short_circuit_operator to 2024-04-03 00:00:00+00:00, run_after=2024-04-04 00:00:00+00:00
[2024-04-04T18:21:47.115+0000] {processor.py:183} INFO - Processing /home/airflow/.local/lib/python3.8/site-packages/airflow/example_dags/example_short_circuit_operator.py took 0.688 seconds
[2024-04-04T18:22:17.569+0000] {processor.py:161} INFO - Started process (PID=47280) to work on /home/airflow/.local/lib/python3.8/site-packages/airflow/example_dags/example_short_circuit_operator.py
[2024-04-04T18:22:17.574+0000] {processor.py:830} INFO - Processing file /home/airflow/.local/lib/python3.8/site-packages/airflow/example_dags/example_short_circuit_operator.py for tasks to queue
[2024-04-04T18:22:17.578+0000] {logging_mixin.py:188} INFO - [2024-04-04T18:22:17.577+0000] {dagbag.py:538} INFO - Filling up the DagBag from /home/airflow/.local/lib/python3.8/site-packages/airflow/example_dags/example_short_circuit_operator.py
[2024-04-04T18:22:17.613+0000] {processor.py:840} INFO - DAG(s) 'example_short_circuit_operator' retrieved from /home/airflow/.local/lib/python3.8/site-packages/airflow/example_dags/example_short_circuit_operator.py
[2024-04-04T18:22:17.783+0000] {logging_mixin.py:188} INFO - [2024-04-04T18:22:17.781+0000] {dag.py:3036} INFO - Sync 1 DAGs
[2024-04-04T18:22:17.947+0000] {logging_mixin.py:188} INFO - [2024-04-04T18:22:17.946+0000] {dag.py:3823} INFO - Setting next_dagrun for example_short_circuit_operator to 2024-04-03 00:00:00+00:00, run_after=2024-04-04 00:00:00+00:00
[2024-04-04T18:22:18.047+0000] {processor.py:183} INFO - Processing /home/airflow/.local/lib/python3.8/site-packages/airflow/example_dags/example_short_circuit_operator.py took 0.494 seconds
[2024-04-04T18:22:48.482+0000] {processor.py:161} INFO - Started process (PID=47340) to work on /home/airflow/.local/lib/python3.8/site-packages/airflow/example_dags/example_short_circuit_operator.py
[2024-04-04T18:22:48.487+0000] {processor.py:830} INFO - Processing file /home/airflow/.local/lib/python3.8/site-packages/airflow/example_dags/example_short_circuit_operator.py for tasks to queue
[2024-04-04T18:22:48.491+0000] {logging_mixin.py:188} INFO - [2024-04-04T18:22:48.490+0000] {dagbag.py:538} INFO - Filling up the DagBag from /home/airflow/.local/lib/python3.8/site-packages/airflow/example_dags/example_short_circuit_operator.py
[2024-04-04T18:22:48.521+0000] {processor.py:840} INFO - DAG(s) 'example_short_circuit_operator' retrieved from /home/airflow/.local/lib/python3.8/site-packages/airflow/example_dags/example_short_circuit_operator.py
[2024-04-04T18:22:48.631+0000] {logging_mixin.py:188} INFO - [2024-04-04T18:22:48.631+0000] {dag.py:3036} INFO - Sync 1 DAGs
[2024-04-04T18:22:48.729+0000] {logging_mixin.py:188} INFO - [2024-04-04T18:22:48.728+0000] {dag.py:3823} INFO - Setting next_dagrun for example_short_circuit_operator to 2024-04-03 00:00:00+00:00, run_after=2024-04-04 00:00:00+00:00
[2024-04-04T18:22:48.803+0000] {processor.py:183} INFO - Processing /home/airflow/.local/lib/python3.8/site-packages/airflow/example_dags/example_short_circuit_operator.py took 0.336 seconds
[2024-04-04T18:23:19.672+0000] {processor.py:161} INFO - Started process (PID=47400) to work on /home/airflow/.local/lib/python3.8/site-packages/airflow/example_dags/example_short_circuit_operator.py
[2024-04-04T18:23:19.674+0000] {processor.py:830} INFO - Processing file /home/airflow/.local/lib/python3.8/site-packages/airflow/example_dags/example_short_circuit_operator.py for tasks to queue
[2024-04-04T18:23:19.677+0000] {logging_mixin.py:188} INFO - [2024-04-04T18:23:19.676+0000] {dagbag.py:538} INFO - Filling up the DagBag from /home/airflow/.local/lib/python3.8/site-packages/airflow/example_dags/example_short_circuit_operator.py
[2024-04-04T18:23:19.691+0000] {processor.py:840} INFO - DAG(s) 'example_short_circuit_operator' retrieved from /home/airflow/.local/lib/python3.8/site-packages/airflow/example_dags/example_short_circuit_operator.py
[2024-04-04T18:23:19.746+0000] {logging_mixin.py:188} INFO - [2024-04-04T18:23:19.746+0000] {dag.py:3036} INFO - Sync 1 DAGs
[2024-04-04T18:23:19.792+0000] {logging_mixin.py:188} INFO - [2024-04-04T18:23:19.792+0000] {dag.py:3823} INFO - Setting next_dagrun for example_short_circuit_operator to 2024-04-03 00:00:00+00:00, run_after=2024-04-04 00:00:00+00:00
[2024-04-04T18:23:19.833+0000] {processor.py:183} INFO - Processing /home/airflow/.local/lib/python3.8/site-packages/airflow/example_dags/example_short_circuit_operator.py took 0.168 seconds
[2024-04-04T18:23:50.075+0000] {processor.py:161} INFO - Started process (PID=47460) to work on /home/airflow/.local/lib/python3.8/site-packages/airflow/example_dags/example_short_circuit_operator.py
[2024-04-04T18:23:50.079+0000] {processor.py:830} INFO - Processing file /home/airflow/.local/lib/python3.8/site-packages/airflow/example_dags/example_short_circuit_operator.py for tasks to queue
[2024-04-04T18:23:50.082+0000] {logging_mixin.py:188} INFO - [2024-04-04T18:23:50.081+0000] {dagbag.py:538} INFO - Filling up the DagBag from /home/airflow/.local/lib/python3.8/site-packages/airflow/example_dags/example_short_circuit_operator.py
[2024-04-04T18:23:50.102+0000] {processor.py:840} INFO - DAG(s) 'example_short_circuit_operator' retrieved from /home/airflow/.local/lib/python3.8/site-packages/airflow/example_dags/example_short_circuit_operator.py
[2024-04-04T18:23:50.172+0000] {logging_mixin.py:188} INFO - [2024-04-04T18:23:50.171+0000] {dag.py:3036} INFO - Sync 1 DAGs
[2024-04-04T18:23:50.227+0000] {logging_mixin.py:188} INFO - [2024-04-04T18:23:50.226+0000] {dag.py:3823} INFO - Setting next_dagrun for example_short_circuit_operator to 2024-04-03 00:00:00+00:00, run_after=2024-04-04 00:00:00+00:00
[2024-04-04T18:23:50.281+0000] {processor.py:183} INFO - Processing /home/airflow/.local/lib/python3.8/site-packages/airflow/example_dags/example_short_circuit_operator.py took 0.215 seconds
[2024-04-04T19:14:47.483+0000] {processor.py:161} INFO - Started process (PID=47508) to work on /home/airflow/.local/lib/python3.8/site-packages/airflow/example_dags/example_short_circuit_operator.py
[2024-04-04T19:14:47.489+0000] {processor.py:830} INFO - Processing file /home/airflow/.local/lib/python3.8/site-packages/airflow/example_dags/example_short_circuit_operator.py for tasks to queue
[2024-04-04T19:14:47.495+0000] {logging_mixin.py:188} INFO - [2024-04-04T19:14:47.493+0000] {dagbag.py:538} INFO - Filling up the DagBag from /home/airflow/.local/lib/python3.8/site-packages/airflow/example_dags/example_short_circuit_operator.py
[2024-04-04T19:14:47.551+0000] {processor.py:840} INFO - DAG(s) 'example_short_circuit_operator' retrieved from /home/airflow/.local/lib/python3.8/site-packages/airflow/example_dags/example_short_circuit_operator.py
[2024-04-04T19:14:47.733+0000] {logging_mixin.py:188} INFO - [2024-04-04T19:14:47.731+0000] {dag.py:3036} INFO - Sync 1 DAGs
[2024-04-04T19:14:47.872+0000] {logging_mixin.py:188} INFO - [2024-04-04T19:14:47.871+0000] {dag.py:3823} INFO - Setting next_dagrun for example_short_circuit_operator to 2024-04-03 00:00:00+00:00, run_after=2024-04-04 00:00:00+00:00
[2024-04-04T19:14:47.994+0000] {processor.py:183} INFO - Processing /home/airflow/.local/lib/python3.8/site-packages/airflow/example_dags/example_short_circuit_operator.py took 0.530 seconds
[2024-04-04T19:15:18.362+0000] {processor.py:161} INFO - Started process (PID=47567) to work on /home/airflow/.local/lib/python3.8/site-packages/airflow/example_dags/example_short_circuit_operator.py
[2024-04-04T19:15:18.366+0000] {processor.py:830} INFO - Processing file /home/airflow/.local/lib/python3.8/site-packages/airflow/example_dags/example_short_circuit_operator.py for tasks to queue
[2024-04-04T19:15:18.370+0000] {logging_mixin.py:188} INFO - [2024-04-04T19:15:18.369+0000] {dagbag.py:538} INFO - Filling up the DagBag from /home/airflow/.local/lib/python3.8/site-packages/airflow/example_dags/example_short_circuit_operator.py
[2024-04-04T19:15:18.403+0000] {processor.py:840} INFO - DAG(s) 'example_short_circuit_operator' retrieved from /home/airflow/.local/lib/python3.8/site-packages/airflow/example_dags/example_short_circuit_operator.py
[2024-04-04T19:15:18.525+0000] {logging_mixin.py:188} INFO - [2024-04-04T19:15:18.523+0000] {dag.py:3036} INFO - Sync 1 DAGs
[2024-04-04T19:15:18.615+0000] {logging_mixin.py:188} INFO - [2024-04-04T19:15:18.614+0000] {dag.py:3823} INFO - Setting next_dagrun for example_short_circuit_operator to 2024-04-03 00:00:00+00:00, run_after=2024-04-04 00:00:00+00:00
[2024-04-04T19:15:18.679+0000] {processor.py:183} INFO - Processing /home/airflow/.local/lib/python3.8/site-packages/airflow/example_dags/example_short_circuit_operator.py took 0.335 seconds
[2024-04-04T23:15:00.607+0000] {processor.py:161} INFO - Started process (PID=47666) to work on /home/airflow/.local/lib/python3.8/site-packages/airflow/example_dags/example_short_circuit_operator.py
[2024-04-04T23:15:00.617+0000] {processor.py:830} INFO - Processing file /home/airflow/.local/lib/python3.8/site-packages/airflow/example_dags/example_short_circuit_operator.py for tasks to queue
[2024-04-04T23:15:00.680+0000] {logging_mixin.py:188} INFO - [2024-04-04T23:15:00.649+0000] {dagbag.py:538} INFO - Filling up the DagBag from /home/airflow/.local/lib/python3.8/site-packages/airflow/example_dags/example_short_circuit_operator.py
[2024-04-04T23:15:00.915+0000] {processor.py:840} INFO - DAG(s) 'example_short_circuit_operator' retrieved from /home/airflow/.local/lib/python3.8/site-packages/airflow/example_dags/example_short_circuit_operator.py
[2024-04-04T23:15:01.611+0000] {logging_mixin.py:188} INFO - [2024-04-04T23:15:01.599+0000] {dag.py:3036} INFO - Sync 1 DAGs
[2024-04-04T23:15:02.155+0000] {logging_mixin.py:188} INFO - [2024-04-04T23:15:02.153+0000] {dag.py:3823} INFO - Setting next_dagrun for example_short_circuit_operator to 2024-04-03 00:00:00+00:00, run_after=2024-04-04 00:00:00+00:00
[2024-04-04T23:15:02.475+0000] {processor.py:183} INFO - Processing /home/airflow/.local/lib/python3.8/site-packages/airflow/example_dags/example_short_circuit_operator.py took 1.983 seconds
[2024-04-04T23:15:42.164+0000] {processor.py:161} INFO - Started process (PID=47732) to work on /home/airflow/.local/lib/python3.8/site-packages/airflow/example_dags/example_short_circuit_operator.py
[2024-04-04T23:15:42.176+0000] {processor.py:830} INFO - Processing file /home/airflow/.local/lib/python3.8/site-packages/airflow/example_dags/example_short_circuit_operator.py for tasks to queue
[2024-04-04T23:15:42.186+0000] {logging_mixin.py:188} INFO - [2024-04-04T23:15:42.183+0000] {dagbag.py:538} INFO - Filling up the DagBag from /home/airflow/.local/lib/python3.8/site-packages/airflow/example_dags/example_short_circuit_operator.py
[2024-04-04T23:15:42.317+0000] {processor.py:840} INFO - DAG(s) 'example_short_circuit_operator' retrieved from /home/airflow/.local/lib/python3.8/site-packages/airflow/example_dags/example_short_circuit_operator.py
[2024-04-04T23:15:42.676+0000] {logging_mixin.py:188} INFO - [2024-04-04T23:15:42.673+0000] {dag.py:3036} INFO - Sync 1 DAGs
[2024-04-04T23:15:42.958+0000] {logging_mixin.py:188} INFO - [2024-04-04T23:15:42.955+0000] {dag.py:3823} INFO - Setting next_dagrun for example_short_circuit_operator to 2024-04-03 00:00:00+00:00, run_after=2024-04-04 00:00:00+00:00
[2024-04-04T23:15:43.241+0000] {processor.py:183} INFO - Processing /home/airflow/.local/lib/python3.8/site-packages/airflow/example_dags/example_short_circuit_operator.py took 1.117 seconds
[2024-04-04T23:16:13.780+0000] {processor.py:161} INFO - Started process (PID=47791) to work on /home/airflow/.local/lib/python3.8/site-packages/airflow/example_dags/example_short_circuit_operator.py
[2024-04-04T23:16:13.794+0000] {processor.py:830} INFO - Processing file /home/airflow/.local/lib/python3.8/site-packages/airflow/example_dags/example_short_circuit_operator.py for tasks to queue
[2024-04-04T23:16:13.806+0000] {logging_mixin.py:188} INFO - [2024-04-04T23:16:13.801+0000] {dagbag.py:538} INFO - Filling up the DagBag from /home/airflow/.local/lib/python3.8/site-packages/airflow/example_dags/example_short_circuit_operator.py
[2024-04-04T23:16:13.861+0000] {processor.py:840} INFO - DAG(s) 'example_short_circuit_operator' retrieved from /home/airflow/.local/lib/python3.8/site-packages/airflow/example_dags/example_short_circuit_operator.py
[2024-04-04T23:16:13.986+0000] {logging_mixin.py:188} INFO - [2024-04-04T23:16:13.985+0000] {dag.py:3036} INFO - Sync 1 DAGs
[2024-04-04T23:16:14.072+0000] {logging_mixin.py:188} INFO - [2024-04-04T23:16:14.071+0000] {dag.py:3823} INFO - Setting next_dagrun for example_short_circuit_operator to 2024-04-03 00:00:00+00:00, run_after=2024-04-04 00:00:00+00:00
[2024-04-04T23:16:14.149+0000] {processor.py:183} INFO - Processing /home/airflow/.local/lib/python3.8/site-packages/airflow/example_dags/example_short_circuit_operator.py took 0.423 seconds
[2024-04-04T23:16:44.356+0000] {processor.py:161} INFO - Started process (PID=47851) to work on /home/airflow/.local/lib/python3.8/site-packages/airflow/example_dags/example_short_circuit_operator.py
[2024-04-04T23:16:44.360+0000] {processor.py:830} INFO - Processing file /home/airflow/.local/lib/python3.8/site-packages/airflow/example_dags/example_short_circuit_operator.py for tasks to queue
[2024-04-04T23:16:44.364+0000] {logging_mixin.py:188} INFO - [2024-04-04T23:16:44.363+0000] {dagbag.py:538} INFO - Filling up the DagBag from /home/airflow/.local/lib/python3.8/site-packages/airflow/example_dags/example_short_circuit_operator.py
[2024-04-04T23:16:44.389+0000] {processor.py:840} INFO - DAG(s) 'example_short_circuit_operator' retrieved from /home/airflow/.local/lib/python3.8/site-packages/airflow/example_dags/example_short_circuit_operator.py
[2024-04-04T23:16:44.481+0000] {logging_mixin.py:188} INFO - [2024-04-04T23:16:44.481+0000] {dag.py:3036} INFO - Sync 1 DAGs
[2024-04-04T23:16:44.561+0000] {logging_mixin.py:188} INFO - [2024-04-04T23:16:44.560+0000] {dag.py:3823} INFO - Setting next_dagrun for example_short_circuit_operator to 2024-04-03 00:00:00+00:00, run_after=2024-04-04 00:00:00+00:00
[2024-04-04T23:16:44.625+0000] {processor.py:183} INFO - Processing /home/airflow/.local/lib/python3.8/site-packages/airflow/example_dags/example_short_circuit_operator.py took 0.282 seconds
[2024-04-04T23:17:14.756+0000] {processor.py:161} INFO - Started process (PID=47911) to work on /home/airflow/.local/lib/python3.8/site-packages/airflow/example_dags/example_short_circuit_operator.py
[2024-04-04T23:17:14.759+0000] {processor.py:830} INFO - Processing file /home/airflow/.local/lib/python3.8/site-packages/airflow/example_dags/example_short_circuit_operator.py for tasks to queue
[2024-04-04T23:17:14.762+0000] {logging_mixin.py:188} INFO - [2024-04-04T23:17:14.762+0000] {dagbag.py:538} INFO - Filling up the DagBag from /home/airflow/.local/lib/python3.8/site-packages/airflow/example_dags/example_short_circuit_operator.py
[2024-04-04T23:17:14.787+0000] {processor.py:840} INFO - DAG(s) 'example_short_circuit_operator' retrieved from /home/airflow/.local/lib/python3.8/site-packages/airflow/example_dags/example_short_circuit_operator.py
[2024-04-04T23:17:14.855+0000] {logging_mixin.py:188} INFO - [2024-04-04T23:17:14.854+0000] {dag.py:3036} INFO - Sync 1 DAGs
[2024-04-04T23:17:14.908+0000] {logging_mixin.py:188} INFO - [2024-04-04T23:17:14.908+0000] {dag.py:3823} INFO - Setting next_dagrun for example_short_circuit_operator to 2024-04-03 00:00:00+00:00, run_after=2024-04-04 00:00:00+00:00
[2024-04-04T23:17:14.959+0000] {processor.py:183} INFO - Processing /home/airflow/.local/lib/python3.8/site-packages/airflow/example_dags/example_short_circuit_operator.py took 0.213 seconds
[2024-04-04T23:17:45.870+0000] {processor.py:161} INFO - Started process (PID=47971) to work on /home/airflow/.local/lib/python3.8/site-packages/airflow/example_dags/example_short_circuit_operator.py
[2024-04-04T23:17:45.875+0000] {processor.py:830} INFO - Processing file /home/airflow/.local/lib/python3.8/site-packages/airflow/example_dags/example_short_circuit_operator.py for tasks to queue
[2024-04-04T23:17:45.880+0000] {logging_mixin.py:188} INFO - [2024-04-04T23:17:45.878+0000] {dagbag.py:538} INFO - Filling up the DagBag from /home/airflow/.local/lib/python3.8/site-packages/airflow/example_dags/example_short_circuit_operator.py
[2024-04-04T23:17:45.910+0000] {processor.py:840} INFO - DAG(s) 'example_short_circuit_operator' retrieved from /home/airflow/.local/lib/python3.8/site-packages/airflow/example_dags/example_short_circuit_operator.py
[2024-04-04T23:17:46.016+0000] {logging_mixin.py:188} INFO - [2024-04-04T23:17:46.014+0000] {dag.py:3036} INFO - Sync 1 DAGs
[2024-04-04T23:17:46.114+0000] {logging_mixin.py:188} INFO - [2024-04-04T23:17:46.112+0000] {dag.py:3823} INFO - Setting next_dagrun for example_short_circuit_operator to 2024-04-03 00:00:00+00:00, run_after=2024-04-04 00:00:00+00:00
[2024-04-04T23:17:46.225+0000] {processor.py:183} INFO - Processing /home/airflow/.local/lib/python3.8/site-packages/airflow/example_dags/example_short_circuit_operator.py took 0.371 seconds
[2024-04-04T23:18:16.701+0000] {processor.py:161} INFO - Started process (PID=48031) to work on /home/airflow/.local/lib/python3.8/site-packages/airflow/example_dags/example_short_circuit_operator.py
[2024-04-04T23:18:16.707+0000] {processor.py:830} INFO - Processing file /home/airflow/.local/lib/python3.8/site-packages/airflow/example_dags/example_short_circuit_operator.py for tasks to queue
[2024-04-04T23:18:16.715+0000] {logging_mixin.py:188} INFO - [2024-04-04T23:18:16.712+0000] {dagbag.py:538} INFO - Filling up the DagBag from /home/airflow/.local/lib/python3.8/site-packages/airflow/example_dags/example_short_circuit_operator.py
[2024-04-04T23:18:16.767+0000] {processor.py:840} INFO - DAG(s) 'example_short_circuit_operator' retrieved from /home/airflow/.local/lib/python3.8/site-packages/airflow/example_dags/example_short_circuit_operator.py
[2024-04-04T23:18:16.949+0000] {logging_mixin.py:188} INFO - [2024-04-04T23:18:16.947+0000] {dag.py:3036} INFO - Sync 1 DAGs
[2024-04-04T23:18:17.128+0000] {logging_mixin.py:188} INFO - [2024-04-04T23:18:17.126+0000] {dag.py:3823} INFO - Setting next_dagrun for example_short_circuit_operator to 2024-04-03 00:00:00+00:00, run_after=2024-04-04 00:00:00+00:00
[2024-04-04T23:18:17.254+0000] {processor.py:183} INFO - Processing /home/airflow/.local/lib/python3.8/site-packages/airflow/example_dags/example_short_circuit_operator.py took 0.576 seconds
[2024-04-04T23:18:47.554+0000] {processor.py:161} INFO - Started process (PID=48092) to work on /home/airflow/.local/lib/python3.8/site-packages/airflow/example_dags/example_short_circuit_operator.py
[2024-04-04T23:18:47.557+0000] {processor.py:830} INFO - Processing file /home/airflow/.local/lib/python3.8/site-packages/airflow/example_dags/example_short_circuit_operator.py for tasks to queue
[2024-04-04T23:18:47.559+0000] {logging_mixin.py:188} INFO - [2024-04-04T23:18:47.559+0000] {dagbag.py:538} INFO - Filling up the DagBag from /home/airflow/.local/lib/python3.8/site-packages/airflow/example_dags/example_short_circuit_operator.py
[2024-04-04T23:18:47.577+0000] {processor.py:840} INFO - DAG(s) 'example_short_circuit_operator' retrieved from /home/airflow/.local/lib/python3.8/site-packages/airflow/example_dags/example_short_circuit_operator.py
[2024-04-04T23:18:47.641+0000] {logging_mixin.py:188} INFO - [2024-04-04T23:18:47.640+0000] {dag.py:3036} INFO - Sync 1 DAGs
[2024-04-04T23:18:47.690+0000] {logging_mixin.py:188} INFO - [2024-04-04T23:18:47.690+0000] {dag.py:3823} INFO - Setting next_dagrun for example_short_circuit_operator to 2024-04-03 00:00:00+00:00, run_after=2024-04-04 00:00:00+00:00
[2024-04-04T23:18:47.743+0000] {processor.py:183} INFO - Processing /home/airflow/.local/lib/python3.8/site-packages/airflow/example_dags/example_short_circuit_operator.py took 0.197 seconds
[2024-04-04T23:19:17.938+0000] {processor.py:161} INFO - Started process (PID=48152) to work on /home/airflow/.local/lib/python3.8/site-packages/airflow/example_dags/example_short_circuit_operator.py
[2024-04-04T23:19:17.941+0000] {processor.py:830} INFO - Processing file /home/airflow/.local/lib/python3.8/site-packages/airflow/example_dags/example_short_circuit_operator.py for tasks to queue
[2024-04-04T23:19:17.944+0000] {logging_mixin.py:188} INFO - [2024-04-04T23:19:17.943+0000] {dagbag.py:538} INFO - Filling up the DagBag from /home/airflow/.local/lib/python3.8/site-packages/airflow/example_dags/example_short_circuit_operator.py
[2024-04-04T23:19:17.967+0000] {processor.py:840} INFO - DAG(s) 'example_short_circuit_operator' retrieved from /home/airflow/.local/lib/python3.8/site-packages/airflow/example_dags/example_short_circuit_operator.py
[2024-04-04T23:19:18.035+0000] {logging_mixin.py:188} INFO - [2024-04-04T23:19:18.034+0000] {dag.py:3036} INFO - Sync 1 DAGs
[2024-04-04T23:19:18.093+0000] {logging_mixin.py:188} INFO - [2024-04-04T23:19:18.093+0000] {dag.py:3823} INFO - Setting next_dagrun for example_short_circuit_operator to 2024-04-03 00:00:00+00:00, run_after=2024-04-04 00:00:00+00:00
[2024-04-04T23:19:18.155+0000] {processor.py:183} INFO - Processing /home/airflow/.local/lib/python3.8/site-packages/airflow/example_dags/example_short_circuit_operator.py took 0.228 seconds
[2024-04-04T23:19:49.279+0000] {processor.py:161} INFO - Started process (PID=48212) to work on /home/airflow/.local/lib/python3.8/site-packages/airflow/example_dags/example_short_circuit_operator.py
[2024-04-04T23:19:49.284+0000] {processor.py:830} INFO - Processing file /home/airflow/.local/lib/python3.8/site-packages/airflow/example_dags/example_short_circuit_operator.py for tasks to queue
[2024-04-04T23:19:49.290+0000] {logging_mixin.py:188} INFO - [2024-04-04T23:19:49.288+0000] {dagbag.py:538} INFO - Filling up the DagBag from /home/airflow/.local/lib/python3.8/site-packages/airflow/example_dags/example_short_circuit_operator.py
[2024-04-04T23:19:49.333+0000] {processor.py:840} INFO - DAG(s) 'example_short_circuit_operator' retrieved from /home/airflow/.local/lib/python3.8/site-packages/airflow/example_dags/example_short_circuit_operator.py
[2024-04-04T23:19:49.458+0000] {logging_mixin.py:188} INFO - [2024-04-04T23:19:49.457+0000] {dag.py:3036} INFO - Sync 1 DAGs
[2024-04-04T23:19:49.575+0000] {logging_mixin.py:188} INFO - [2024-04-04T23:19:49.574+0000] {dag.py:3823} INFO - Setting next_dagrun for example_short_circuit_operator to 2024-04-03 00:00:00+00:00, run_after=2024-04-04 00:00:00+00:00
[2024-04-04T23:19:49.677+0000] {processor.py:183} INFO - Processing /home/airflow/.local/lib/python3.8/site-packages/airflow/example_dags/example_short_circuit_operator.py took 0.416 seconds
[2024-04-04T23:20:20.404+0000] {processor.py:161} INFO - Started process (PID=48272) to work on /home/airflow/.local/lib/python3.8/site-packages/airflow/example_dags/example_short_circuit_operator.py
[2024-04-04T23:20:20.411+0000] {processor.py:830} INFO - Processing file /home/airflow/.local/lib/python3.8/site-packages/airflow/example_dags/example_short_circuit_operator.py for tasks to queue
[2024-04-04T23:20:20.417+0000] {logging_mixin.py:188} INFO - [2024-04-04T23:20:20.415+0000] {dagbag.py:538} INFO - Filling up the DagBag from /home/airflow/.local/lib/python3.8/site-packages/airflow/example_dags/example_short_circuit_operator.py
[2024-04-04T23:20:20.469+0000] {processor.py:840} INFO - DAG(s) 'example_short_circuit_operator' retrieved from /home/airflow/.local/lib/python3.8/site-packages/airflow/example_dags/example_short_circuit_operator.py
[2024-04-04T23:20:20.662+0000] {logging_mixin.py:188} INFO - [2024-04-04T23:20:20.660+0000] {dag.py:3036} INFO - Sync 1 DAGs
[2024-04-04T23:20:20.806+0000] {logging_mixin.py:188} INFO - [2024-04-04T23:20:20.804+0000] {dag.py:3823} INFO - Setting next_dagrun for example_short_circuit_operator to 2024-04-03 00:00:00+00:00, run_after=2024-04-04 00:00:00+00:00
[2024-04-04T23:20:20.931+0000] {processor.py:183} INFO - Processing /home/airflow/.local/lib/python3.8/site-packages/airflow/example_dags/example_short_circuit_operator.py took 0.550 seconds
[2024-04-04T23:20:51.270+0000] {processor.py:161} INFO - Started process (PID=48332) to work on /home/airflow/.local/lib/python3.8/site-packages/airflow/example_dags/example_short_circuit_operator.py
[2024-04-04T23:20:51.273+0000] {processor.py:830} INFO - Processing file /home/airflow/.local/lib/python3.8/site-packages/airflow/example_dags/example_short_circuit_operator.py for tasks to queue
[2024-04-04T23:20:51.276+0000] {logging_mixin.py:188} INFO - [2024-04-04T23:20:51.276+0000] {dagbag.py:538} INFO - Filling up the DagBag from /home/airflow/.local/lib/python3.8/site-packages/airflow/example_dags/example_short_circuit_operator.py
[2024-04-04T23:20:51.309+0000] {processor.py:840} INFO - DAG(s) 'example_short_circuit_operator' retrieved from /home/airflow/.local/lib/python3.8/site-packages/airflow/example_dags/example_short_circuit_operator.py
[2024-04-04T23:20:51.433+0000] {logging_mixin.py:188} INFO - [2024-04-04T23:20:51.432+0000] {dag.py:3036} INFO - Sync 1 DAGs
[2024-04-04T23:20:51.504+0000] {logging_mixin.py:188} INFO - [2024-04-04T23:20:51.504+0000] {dag.py:3823} INFO - Setting next_dagrun for example_short_circuit_operator to 2024-04-03 00:00:00+00:00, run_after=2024-04-04 00:00:00+00:00
[2024-04-04T23:20:51.570+0000] {processor.py:183} INFO - Processing /home/airflow/.local/lib/python3.8/site-packages/airflow/example_dags/example_short_circuit_operator.py took 0.310 seconds
[2024-04-04T23:21:21.763+0000] {processor.py:161} INFO - Started process (PID=48392) to work on /home/airflow/.local/lib/python3.8/site-packages/airflow/example_dags/example_short_circuit_operator.py
[2024-04-04T23:21:21.766+0000] {processor.py:830} INFO - Processing file /home/airflow/.local/lib/python3.8/site-packages/airflow/example_dags/example_short_circuit_operator.py for tasks to queue
[2024-04-04T23:21:21.770+0000] {logging_mixin.py:188} INFO - [2024-04-04T23:21:21.769+0000] {dagbag.py:538} INFO - Filling up the DagBag from /home/airflow/.local/lib/python3.8/site-packages/airflow/example_dags/example_short_circuit_operator.py
[2024-04-04T23:21:21.793+0000] {processor.py:840} INFO - DAG(s) 'example_short_circuit_operator' retrieved from /home/airflow/.local/lib/python3.8/site-packages/airflow/example_dags/example_short_circuit_operator.py
[2024-04-04T23:21:21.873+0000] {logging_mixin.py:188} INFO - [2024-04-04T23:21:21.872+0000] {dag.py:3036} INFO - Sync 1 DAGs
[2024-04-04T23:21:21.932+0000] {logging_mixin.py:188} INFO - [2024-04-04T23:21:21.932+0000] {dag.py:3823} INFO - Setting next_dagrun for example_short_circuit_operator to 2024-04-03 00:00:00+00:00, run_after=2024-04-04 00:00:00+00:00
[2024-04-04T23:21:21.991+0000] {processor.py:183} INFO - Processing /home/airflow/.local/lib/python3.8/site-packages/airflow/example_dags/example_short_circuit_operator.py took 0.239 seconds
[2024-04-04T23:21:52.622+0000] {processor.py:161} INFO - Started process (PID=48452) to work on /home/airflow/.local/lib/python3.8/site-packages/airflow/example_dags/example_short_circuit_operator.py
[2024-04-04T23:21:52.626+0000] {processor.py:830} INFO - Processing file /home/airflow/.local/lib/python3.8/site-packages/airflow/example_dags/example_short_circuit_operator.py for tasks to queue
[2024-04-04T23:21:52.630+0000] {logging_mixin.py:188} INFO - [2024-04-04T23:21:52.629+0000] {dagbag.py:538} INFO - Filling up the DagBag from /home/airflow/.local/lib/python3.8/site-packages/airflow/example_dags/example_short_circuit_operator.py
[2024-04-04T23:21:52.656+0000] {processor.py:840} INFO - DAG(s) 'example_short_circuit_operator' retrieved from /home/airflow/.local/lib/python3.8/site-packages/airflow/example_dags/example_short_circuit_operator.py
[2024-04-04T23:21:52.761+0000] {logging_mixin.py:188} INFO - [2024-04-04T23:21:52.760+0000] {dag.py:3036} INFO - Sync 1 DAGs
[2024-04-04T23:21:52.838+0000] {logging_mixin.py:188} INFO - [2024-04-04T23:21:52.837+0000] {dag.py:3823} INFO - Setting next_dagrun for example_short_circuit_operator to 2024-04-03 00:00:00+00:00, run_after=2024-04-04 00:00:00+00:00
[2024-04-04T23:21:52.907+0000] {processor.py:183} INFO - Processing /home/airflow/.local/lib/python3.8/site-packages/airflow/example_dags/example_short_circuit_operator.py took 0.297 seconds
[2024-04-04T23:22:25.168+0000] {processor.py:161} INFO - Started process (PID=48512) to work on /home/airflow/.local/lib/python3.8/site-packages/airflow/example_dags/example_short_circuit_operator.py
[2024-04-04T23:22:25.174+0000] {processor.py:830} INFO - Processing file /home/airflow/.local/lib/python3.8/site-packages/airflow/example_dags/example_short_circuit_operator.py for tasks to queue
[2024-04-04T23:22:25.181+0000] {logging_mixin.py:188} INFO - [2024-04-04T23:22:25.179+0000] {dagbag.py:538} INFO - Filling up the DagBag from /home/airflow/.local/lib/python3.8/site-packages/airflow/example_dags/example_short_circuit_operator.py
[2024-04-04T23:22:25.232+0000] {processor.py:840} INFO - DAG(s) 'example_short_circuit_operator' retrieved from /home/airflow/.local/lib/python3.8/site-packages/airflow/example_dags/example_short_circuit_operator.py
[2024-04-04T23:22:25.405+0000] {logging_mixin.py:188} INFO - [2024-04-04T23:22:25.403+0000] {dag.py:3036} INFO - Sync 1 DAGs
[2024-04-04T23:22:25.544+0000] {logging_mixin.py:188} INFO - [2024-04-04T23:22:25.543+0000] {dag.py:3823} INFO - Setting next_dagrun for example_short_circuit_operator to 2024-04-03 00:00:00+00:00, run_after=2024-04-04 00:00:00+00:00
[2024-04-04T23:22:25.649+0000] {processor.py:183} INFO - Processing /home/airflow/.local/lib/python3.8/site-packages/airflow/example_dags/example_short_circuit_operator.py took 0.501 seconds
[2024-04-04T23:22:56.735+0000] {processor.py:161} INFO - Started process (PID=48572) to work on /home/airflow/.local/lib/python3.8/site-packages/airflow/example_dags/example_short_circuit_operator.py
[2024-04-04T23:22:56.739+0000] {processor.py:830} INFO - Processing file /home/airflow/.local/lib/python3.8/site-packages/airflow/example_dags/example_short_circuit_operator.py for tasks to queue
[2024-04-04T23:22:56.744+0000] {logging_mixin.py:188} INFO - [2024-04-04T23:22:56.743+0000] {dagbag.py:538} INFO - Filling up the DagBag from /home/airflow/.local/lib/python3.8/site-packages/airflow/example_dags/example_short_circuit_operator.py
[2024-04-04T23:22:56.774+0000] {processor.py:840} INFO - DAG(s) 'example_short_circuit_operator' retrieved from /home/airflow/.local/lib/python3.8/site-packages/airflow/example_dags/example_short_circuit_operator.py
[2024-04-04T23:22:56.903+0000] {logging_mixin.py:188} INFO - [2024-04-04T23:22:56.902+0000] {dag.py:3036} INFO - Sync 1 DAGs
[2024-04-04T23:22:57.023+0000] {logging_mixin.py:188} INFO - [2024-04-04T23:22:57.022+0000] {dag.py:3823} INFO - Setting next_dagrun for example_short_circuit_operator to 2024-04-03 00:00:00+00:00, run_after=2024-04-04 00:00:00+00:00
[2024-04-04T23:22:57.117+0000] {processor.py:183} INFO - Processing /home/airflow/.local/lib/python3.8/site-packages/airflow/example_dags/example_short_circuit_operator.py took 0.396 seconds
[2024-04-04T23:23:27.761+0000] {processor.py:161} INFO - Started process (PID=48632) to work on /home/airflow/.local/lib/python3.8/site-packages/airflow/example_dags/example_short_circuit_operator.py
[2024-04-04T23:23:27.764+0000] {processor.py:830} INFO - Processing file /home/airflow/.local/lib/python3.8/site-packages/airflow/example_dags/example_short_circuit_operator.py for tasks to queue
[2024-04-04T23:23:27.766+0000] {logging_mixin.py:188} INFO - [2024-04-04T23:23:27.765+0000] {dagbag.py:538} INFO - Filling up the DagBag from /home/airflow/.local/lib/python3.8/site-packages/airflow/example_dags/example_short_circuit_operator.py
[2024-04-04T23:23:27.780+0000] {processor.py:840} INFO - DAG(s) 'example_short_circuit_operator' retrieved from /home/airflow/.local/lib/python3.8/site-packages/airflow/example_dags/example_short_circuit_operator.py
[2024-04-04T23:23:27.833+0000] {logging_mixin.py:188} INFO - [2024-04-04T23:23:27.832+0000] {dag.py:3036} INFO - Sync 1 DAGs
[2024-04-04T23:23:27.874+0000] {logging_mixin.py:188} INFO - [2024-04-04T23:23:27.873+0000] {dag.py:3823} INFO - Setting next_dagrun for example_short_circuit_operator to 2024-04-03 00:00:00+00:00, run_after=2024-04-04 00:00:00+00:00
[2024-04-04T23:23:27.913+0000] {processor.py:183} INFO - Processing /home/airflow/.local/lib/python3.8/site-packages/airflow/example_dags/example_short_circuit_operator.py took 0.158 seconds
[2024-04-04T23:23:58.512+0000] {processor.py:161} INFO - Started process (PID=48692) to work on /home/airflow/.local/lib/python3.8/site-packages/airflow/example_dags/example_short_circuit_operator.py
[2024-04-04T23:23:58.519+0000] {processor.py:830} INFO - Processing file /home/airflow/.local/lib/python3.8/site-packages/airflow/example_dags/example_short_circuit_operator.py for tasks to queue
[2024-04-04T23:23:58.531+0000] {logging_mixin.py:188} INFO - [2024-04-04T23:23:58.530+0000] {dagbag.py:538} INFO - Filling up the DagBag from /home/airflow/.local/lib/python3.8/site-packages/airflow/example_dags/example_short_circuit_operator.py
[2024-04-04T23:23:58.562+0000] {processor.py:840} INFO - DAG(s) 'example_short_circuit_operator' retrieved from /home/airflow/.local/lib/python3.8/site-packages/airflow/example_dags/example_short_circuit_operator.py
[2024-04-04T23:23:58.623+0000] {logging_mixin.py:188} INFO - [2024-04-04T23:23:58.622+0000] {dag.py:3036} INFO - Sync 1 DAGs
[2024-04-04T23:23:58.667+0000] {logging_mixin.py:188} INFO - [2024-04-04T23:23:58.667+0000] {dag.py:3823} INFO - Setting next_dagrun for example_short_circuit_operator to 2024-04-03 00:00:00+00:00, run_after=2024-04-04 00:00:00+00:00
[2024-04-04T23:23:58.709+0000] {processor.py:183} INFO - Processing /home/airflow/.local/lib/python3.8/site-packages/airflow/example_dags/example_short_circuit_operator.py took 0.214 seconds
[2024-04-04T23:24:29.131+0000] {processor.py:161} INFO - Started process (PID=48752) to work on /home/airflow/.local/lib/python3.8/site-packages/airflow/example_dags/example_short_circuit_operator.py
[2024-04-04T23:24:29.136+0000] {processor.py:830} INFO - Processing file /home/airflow/.local/lib/python3.8/site-packages/airflow/example_dags/example_short_circuit_operator.py for tasks to queue
[2024-04-04T23:24:29.142+0000] {logging_mixin.py:188} INFO - [2024-04-04T23:24:29.141+0000] {dagbag.py:538} INFO - Filling up the DagBag from /home/airflow/.local/lib/python3.8/site-packages/airflow/example_dags/example_short_circuit_operator.py
[2024-04-04T23:24:29.181+0000] {processor.py:840} INFO - DAG(s) 'example_short_circuit_operator' retrieved from /home/airflow/.local/lib/python3.8/site-packages/airflow/example_dags/example_short_circuit_operator.py
[2024-04-04T23:24:29.328+0000] {logging_mixin.py:188} INFO - [2024-04-04T23:24:29.327+0000] {dag.py:3036} INFO - Sync 1 DAGs
[2024-04-04T23:24:29.430+0000] {logging_mixin.py:188} INFO - [2024-04-04T23:24:29.429+0000] {dag.py:3823} INFO - Setting next_dagrun for example_short_circuit_operator to 2024-04-03 00:00:00+00:00, run_after=2024-04-04 00:00:00+00:00
[2024-04-04T23:24:29.537+0000] {processor.py:183} INFO - Processing /home/airflow/.local/lib/python3.8/site-packages/airflow/example_dags/example_short_circuit_operator.py took 0.426 seconds
[2024-04-04T23:25:00.836+0000] {processor.py:161} INFO - Started process (PID=48812) to work on /home/airflow/.local/lib/python3.8/site-packages/airflow/example_dags/example_short_circuit_operator.py
[2024-04-04T23:25:00.842+0000] {processor.py:830} INFO - Processing file /home/airflow/.local/lib/python3.8/site-packages/airflow/example_dags/example_short_circuit_operator.py for tasks to queue
[2024-04-04T23:25:00.850+0000] {logging_mixin.py:188} INFO - [2024-04-04T23:25:00.847+0000] {dagbag.py:538} INFO - Filling up the DagBag from /home/airflow/.local/lib/python3.8/site-packages/airflow/example_dags/example_short_circuit_operator.py
[2024-04-04T23:25:00.915+0000] {processor.py:840} INFO - DAG(s) 'example_short_circuit_operator' retrieved from /home/airflow/.local/lib/python3.8/site-packages/airflow/example_dags/example_short_circuit_operator.py
[2024-04-04T23:25:01.159+0000] {logging_mixin.py:188} INFO - [2024-04-04T23:25:01.156+0000] {dag.py:3036} INFO - Sync 1 DAGs
[2024-04-04T23:25:01.395+0000] {logging_mixin.py:188} INFO - [2024-04-04T23:25:01.393+0000] {dag.py:3823} INFO - Setting next_dagrun for example_short_circuit_operator to 2024-04-03 00:00:00+00:00, run_after=2024-04-04 00:00:00+00:00
[2024-04-04T23:25:01.529+0000] {processor.py:183} INFO - Processing /home/airflow/.local/lib/python3.8/site-packages/airflow/example_dags/example_short_circuit_operator.py took 0.724 seconds
[2024-04-04T23:25:32.274+0000] {processor.py:161} INFO - Started process (PID=48872) to work on /home/airflow/.local/lib/python3.8/site-packages/airflow/example_dags/example_short_circuit_operator.py
[2024-04-04T23:25:32.277+0000] {processor.py:830} INFO - Processing file /home/airflow/.local/lib/python3.8/site-packages/airflow/example_dags/example_short_circuit_operator.py for tasks to queue
[2024-04-04T23:25:32.281+0000] {logging_mixin.py:188} INFO - [2024-04-04T23:25:32.280+0000] {dagbag.py:538} INFO - Filling up the DagBag from /home/airflow/.local/lib/python3.8/site-packages/airflow/example_dags/example_short_circuit_operator.py
[2024-04-04T23:25:32.302+0000] {processor.py:840} INFO - DAG(s) 'example_short_circuit_operator' retrieved from /home/airflow/.local/lib/python3.8/site-packages/airflow/example_dags/example_short_circuit_operator.py
[2024-04-04T23:25:32.378+0000] {logging_mixin.py:188} INFO - [2024-04-04T23:25:32.378+0000] {dag.py:3036} INFO - Sync 1 DAGs
[2024-04-04T23:25:32.437+0000] {logging_mixin.py:188} INFO - [2024-04-04T23:25:32.437+0000] {dag.py:3823} INFO - Setting next_dagrun for example_short_circuit_operator to 2024-04-03 00:00:00+00:00, run_after=2024-04-04 00:00:00+00:00
[2024-04-04T23:25:32.501+0000] {processor.py:183} INFO - Processing /home/airflow/.local/lib/python3.8/site-packages/airflow/example_dags/example_short_circuit_operator.py took 0.237 seconds
[2024-04-04T23:26:03.078+0000] {processor.py:161} INFO - Started process (PID=48932) to work on /home/airflow/.local/lib/python3.8/site-packages/airflow/example_dags/example_short_circuit_operator.py
[2024-04-04T23:26:03.080+0000] {processor.py:830} INFO - Processing file /home/airflow/.local/lib/python3.8/site-packages/airflow/example_dags/example_short_circuit_operator.py for tasks to queue
[2024-04-04T23:26:03.083+0000] {logging_mixin.py:188} INFO - [2024-04-04T23:26:03.082+0000] {dagbag.py:538} INFO - Filling up the DagBag from /home/airflow/.local/lib/python3.8/site-packages/airflow/example_dags/example_short_circuit_operator.py
[2024-04-04T23:26:03.100+0000] {processor.py:840} INFO - DAG(s) 'example_short_circuit_operator' retrieved from /home/airflow/.local/lib/python3.8/site-packages/airflow/example_dags/example_short_circuit_operator.py
[2024-04-04T23:26:03.162+0000] {logging_mixin.py:188} INFO - [2024-04-04T23:26:03.162+0000] {dag.py:3036} INFO - Sync 1 DAGs
[2024-04-04T23:26:03.211+0000] {logging_mixin.py:188} INFO - [2024-04-04T23:26:03.210+0000] {dag.py:3823} INFO - Setting next_dagrun for example_short_circuit_operator to 2024-04-03 00:00:00+00:00, run_after=2024-04-04 00:00:00+00:00
[2024-04-04T23:26:03.256+0000] {processor.py:183} INFO - Processing /home/airflow/.local/lib/python3.8/site-packages/airflow/example_dags/example_short_circuit_operator.py took 0.187 seconds
[2024-04-04T23:26:33.560+0000] {processor.py:161} INFO - Started process (PID=48992) to work on /home/airflow/.local/lib/python3.8/site-packages/airflow/example_dags/example_short_circuit_operator.py
[2024-04-04T23:26:33.565+0000] {processor.py:830} INFO - Processing file /home/airflow/.local/lib/python3.8/site-packages/airflow/example_dags/example_short_circuit_operator.py for tasks to queue
[2024-04-04T23:26:33.569+0000] {logging_mixin.py:188} INFO - [2024-04-04T23:26:33.568+0000] {dagbag.py:538} INFO - Filling up the DagBag from /home/airflow/.local/lib/python3.8/site-packages/airflow/example_dags/example_short_circuit_operator.py
[2024-04-04T23:26:33.600+0000] {processor.py:840} INFO - DAG(s) 'example_short_circuit_operator' retrieved from /home/airflow/.local/lib/python3.8/site-packages/airflow/example_dags/example_short_circuit_operator.py
[2024-04-04T23:26:33.741+0000] {logging_mixin.py:188} INFO - [2024-04-04T23:26:33.740+0000] {dag.py:3036} INFO - Sync 1 DAGs
[2024-04-04T23:26:33.855+0000] {logging_mixin.py:188} INFO - [2024-04-04T23:26:33.854+0000] {dag.py:3823} INFO - Setting next_dagrun for example_short_circuit_operator to 2024-04-03 00:00:00+00:00, run_after=2024-04-04 00:00:00+00:00
[2024-04-04T23:26:33.937+0000] {processor.py:183} INFO - Processing /home/airflow/.local/lib/python3.8/site-packages/airflow/example_dags/example_short_circuit_operator.py took 0.393 seconds
[2024-04-04T23:27:05.086+0000] {processor.py:161} INFO - Started process (PID=49050) to work on /home/airflow/.local/lib/python3.8/site-packages/airflow/example_dags/example_short_circuit_operator.py
[2024-04-04T23:27:05.093+0000] {processor.py:830} INFO - Processing file /home/airflow/.local/lib/python3.8/site-packages/airflow/example_dags/example_short_circuit_operator.py for tasks to queue
[2024-04-04T23:27:05.100+0000] {logging_mixin.py:188} INFO - [2024-04-04T23:27:05.098+0000] {dagbag.py:538} INFO - Filling up the DagBag from /home/airflow/.local/lib/python3.8/site-packages/airflow/example_dags/example_short_circuit_operator.py
[2024-04-04T23:27:05.163+0000] {processor.py:840} INFO - DAG(s) 'example_short_circuit_operator' retrieved from /home/airflow/.local/lib/python3.8/site-packages/airflow/example_dags/example_short_circuit_operator.py
[2024-04-04T23:27:05.367+0000] {logging_mixin.py:188} INFO - [2024-04-04T23:27:05.365+0000] {dag.py:3036} INFO - Sync 1 DAGs
[2024-04-04T23:27:05.579+0000] {logging_mixin.py:188} INFO - [2024-04-04T23:27:05.576+0000] {dag.py:3823} INFO - Setting next_dagrun for example_short_circuit_operator to 2024-04-03 00:00:00+00:00, run_after=2024-04-04 00:00:00+00:00
[2024-04-04T23:27:05.799+0000] {processor.py:183} INFO - Processing /home/airflow/.local/lib/python3.8/site-packages/airflow/example_dags/example_short_circuit_operator.py took 0.741 seconds
[2024-04-04T23:27:36.035+0000] {processor.py:161} INFO - Started process (PID=49111) to work on /home/airflow/.local/lib/python3.8/site-packages/airflow/example_dags/example_short_circuit_operator.py
[2024-04-04T23:27:36.037+0000] {processor.py:830} INFO - Processing file /home/airflow/.local/lib/python3.8/site-packages/airflow/example_dags/example_short_circuit_operator.py for tasks to queue
[2024-04-04T23:27:36.041+0000] {logging_mixin.py:188} INFO - [2024-04-04T23:27:36.040+0000] {dagbag.py:538} INFO - Filling up the DagBag from /home/airflow/.local/lib/python3.8/site-packages/airflow/example_dags/example_short_circuit_operator.py
[2024-04-04T23:27:36.066+0000] {processor.py:840} INFO - DAG(s) 'example_short_circuit_operator' retrieved from /home/airflow/.local/lib/python3.8/site-packages/airflow/example_dags/example_short_circuit_operator.py
[2024-04-04T23:27:36.135+0000] {logging_mixin.py:188} INFO - [2024-04-04T23:27:36.134+0000] {dag.py:3036} INFO - Sync 1 DAGs
[2024-04-04T23:27:36.192+0000] {logging_mixin.py:188} INFO - [2024-04-04T23:27:36.191+0000] {dag.py:3823} INFO - Setting next_dagrun for example_short_circuit_operator to 2024-04-03 00:00:00+00:00, run_after=2024-04-04 00:00:00+00:00
[2024-04-04T23:27:36.254+0000] {processor.py:183} INFO - Processing /home/airflow/.local/lib/python3.8/site-packages/airflow/example_dags/example_short_circuit_operator.py took 0.229 seconds
[2024-04-04T23:28:06.408+0000] {processor.py:161} INFO - Started process (PID=49171) to work on /home/airflow/.local/lib/python3.8/site-packages/airflow/example_dags/example_short_circuit_operator.py
[2024-04-04T23:28:06.411+0000] {processor.py:830} INFO - Processing file /home/airflow/.local/lib/python3.8/site-packages/airflow/example_dags/example_short_circuit_operator.py for tasks to queue
[2024-04-04T23:28:06.414+0000] {logging_mixin.py:188} INFO - [2024-04-04T23:28:06.413+0000] {dagbag.py:538} INFO - Filling up the DagBag from /home/airflow/.local/lib/python3.8/site-packages/airflow/example_dags/example_short_circuit_operator.py
[2024-04-04T23:28:06.435+0000] {processor.py:840} INFO - DAG(s) 'example_short_circuit_operator' retrieved from /home/airflow/.local/lib/python3.8/site-packages/airflow/example_dags/example_short_circuit_operator.py
[2024-04-04T23:28:06.520+0000] {logging_mixin.py:188} INFO - [2024-04-04T23:28:06.519+0000] {dag.py:3036} INFO - Sync 1 DAGs
[2024-04-04T23:28:06.593+0000] {logging_mixin.py:188} INFO - [2024-04-04T23:28:06.593+0000] {dag.py:3823} INFO - Setting next_dagrun for example_short_circuit_operator to 2024-04-03 00:00:00+00:00, run_after=2024-04-04 00:00:00+00:00
[2024-04-04T23:28:06.642+0000] {processor.py:183} INFO - Processing /home/airflow/.local/lib/python3.8/site-packages/airflow/example_dags/example_short_circuit_operator.py took 0.244 seconds
[2024-04-04T23:28:37.200+0000] {processor.py:161} INFO - Started process (PID=49231) to work on /home/airflow/.local/lib/python3.8/site-packages/airflow/example_dags/example_short_circuit_operator.py
[2024-04-04T23:28:37.204+0000] {processor.py:830} INFO - Processing file /home/airflow/.local/lib/python3.8/site-packages/airflow/example_dags/example_short_circuit_operator.py for tasks to queue
[2024-04-04T23:28:37.207+0000] {logging_mixin.py:188} INFO - [2024-04-04T23:28:37.206+0000] {dagbag.py:538} INFO - Filling up the DagBag from /home/airflow/.local/lib/python3.8/site-packages/airflow/example_dags/example_short_circuit_operator.py
[2024-04-04T23:28:37.232+0000] {processor.py:840} INFO - DAG(s) 'example_short_circuit_operator' retrieved from /home/airflow/.local/lib/python3.8/site-packages/airflow/example_dags/example_short_circuit_operator.py
[2024-04-04T23:28:37.330+0000] {logging_mixin.py:188} INFO - [2024-04-04T23:28:37.329+0000] {dag.py:3036} INFO - Sync 1 DAGs
[2024-04-04T23:28:37.393+0000] {logging_mixin.py:188} INFO - [2024-04-04T23:28:37.392+0000] {dag.py:3823} INFO - Setting next_dagrun for example_short_circuit_operator to 2024-04-03 00:00:00+00:00, run_after=2024-04-04 00:00:00+00:00
[2024-04-04T23:28:37.465+0000] {processor.py:183} INFO - Processing /home/airflow/.local/lib/python3.8/site-packages/airflow/example_dags/example_short_circuit_operator.py took 0.276 seconds
[2024-04-04T23:29:10.537+0000] {processor.py:161} INFO - Started process (PID=49291) to work on /home/airflow/.local/lib/python3.8/site-packages/airflow/example_dags/example_short_circuit_operator.py
[2024-04-04T23:29:10.547+0000] {processor.py:830} INFO - Processing file /home/airflow/.local/lib/python3.8/site-packages/airflow/example_dags/example_short_circuit_operator.py for tasks to queue
[2024-04-04T23:29:10.556+0000] {logging_mixin.py:188} INFO - [2024-04-04T23:29:10.554+0000] {dagbag.py:538} INFO - Filling up the DagBag from /home/airflow/.local/lib/python3.8/site-packages/airflow/example_dags/example_short_circuit_operator.py
[2024-04-04T23:29:10.645+0000] {processor.py:840} INFO - DAG(s) 'example_short_circuit_operator' retrieved from /home/airflow/.local/lib/python3.8/site-packages/airflow/example_dags/example_short_circuit_operator.py
[2024-04-04T23:29:10.845+0000] {logging_mixin.py:188} INFO - [2024-04-04T23:29:10.843+0000] {dag.py:3036} INFO - Sync 1 DAGs
[2024-04-04T23:29:10.976+0000] {logging_mixin.py:188} INFO - [2024-04-04T23:29:10.974+0000] {dag.py:3823} INFO - Setting next_dagrun for example_short_circuit_operator to 2024-04-03 00:00:00+00:00, run_after=2024-04-04 00:00:00+00:00
[2024-04-04T23:29:11.095+0000] {processor.py:183} INFO - Processing /home/airflow/.local/lib/python3.8/site-packages/airflow/example_dags/example_short_circuit_operator.py took 0.591 seconds
[2024-04-04T23:29:41.859+0000] {processor.py:161} INFO - Started process (PID=49352) to work on /home/airflow/.local/lib/python3.8/site-packages/airflow/example_dags/example_short_circuit_operator.py
[2024-04-04T23:29:41.869+0000] {processor.py:830} INFO - Processing file /home/airflow/.local/lib/python3.8/site-packages/airflow/example_dags/example_short_circuit_operator.py for tasks to queue
[2024-04-04T23:29:41.878+0000] {logging_mixin.py:188} INFO - [2024-04-04T23:29:41.875+0000] {dagbag.py:538} INFO - Filling up the DagBag from /home/airflow/.local/lib/python3.8/site-packages/airflow/example_dags/example_short_circuit_operator.py
[2024-04-04T23:29:41.939+0000] {processor.py:840} INFO - DAG(s) 'example_short_circuit_operator' retrieved from /home/airflow/.local/lib/python3.8/site-packages/airflow/example_dags/example_short_circuit_operator.py
[2024-04-04T23:29:42.153+0000] {logging_mixin.py:188} INFO - [2024-04-04T23:29:42.152+0000] {dag.py:3036} INFO - Sync 1 DAGs
[2024-04-04T23:29:42.317+0000] {logging_mixin.py:188} INFO - [2024-04-04T23:29:42.315+0000] {dag.py:3823} INFO - Setting next_dagrun for example_short_circuit_operator to 2024-04-03 00:00:00+00:00, run_after=2024-04-04 00:00:00+00:00
[2024-04-04T23:29:42.465+0000] {processor.py:183} INFO - Processing /home/airflow/.local/lib/python3.8/site-packages/airflow/example_dags/example_short_circuit_operator.py took 0.637 seconds
[2024-04-04T23:30:13.241+0000] {processor.py:161} INFO - Started process (PID=49412) to work on /home/airflow/.local/lib/python3.8/site-packages/airflow/example_dags/example_short_circuit_operator.py
[2024-04-04T23:30:13.243+0000] {processor.py:830} INFO - Processing file /home/airflow/.local/lib/python3.8/site-packages/airflow/example_dags/example_short_circuit_operator.py for tasks to queue
[2024-04-04T23:30:13.245+0000] {logging_mixin.py:188} INFO - [2024-04-04T23:30:13.245+0000] {dagbag.py:538} INFO - Filling up the DagBag from /home/airflow/.local/lib/python3.8/site-packages/airflow/example_dags/example_short_circuit_operator.py
[2024-04-04T23:30:13.259+0000] {processor.py:840} INFO - DAG(s) 'example_short_circuit_operator' retrieved from /home/airflow/.local/lib/python3.8/site-packages/airflow/example_dags/example_short_circuit_operator.py
[2024-04-04T23:30:13.312+0000] {logging_mixin.py:188} INFO - [2024-04-04T23:30:13.311+0000] {dag.py:3036} INFO - Sync 1 DAGs
[2024-04-04T23:30:13.360+0000] {logging_mixin.py:188} INFO - [2024-04-04T23:30:13.359+0000] {dag.py:3823} INFO - Setting next_dagrun for example_short_circuit_operator to 2024-04-03 00:00:00+00:00, run_after=2024-04-04 00:00:00+00:00
[2024-04-04T23:30:13.406+0000] {processor.py:183} INFO - Processing /home/airflow/.local/lib/python3.8/site-packages/airflow/example_dags/example_short_circuit_operator.py took 0.170 seconds
[2024-04-04T23:30:44.892+0000] {processor.py:161} INFO - Started process (PID=49479) to work on /home/airflow/.local/lib/python3.8/site-packages/airflow/example_dags/example_short_circuit_operator.py
[2024-04-04T23:30:44.897+0000] {processor.py:830} INFO - Processing file /home/airflow/.local/lib/python3.8/site-packages/airflow/example_dags/example_short_circuit_operator.py for tasks to queue
[2024-04-04T23:30:44.901+0000] {logging_mixin.py:188} INFO - [2024-04-04T23:30:44.900+0000] {dagbag.py:538} INFO - Filling up the DagBag from /home/airflow/.local/lib/python3.8/site-packages/airflow/example_dags/example_short_circuit_operator.py
[2024-04-04T23:30:44.933+0000] {processor.py:840} INFO - DAG(s) 'example_short_circuit_operator' retrieved from /home/airflow/.local/lib/python3.8/site-packages/airflow/example_dags/example_short_circuit_operator.py
[2024-04-04T23:30:45.046+0000] {logging_mixin.py:188} INFO - [2024-04-04T23:30:45.045+0000] {dag.py:3036} INFO - Sync 1 DAGs
[2024-04-04T23:30:45.138+0000] {logging_mixin.py:188} INFO - [2024-04-04T23:30:45.137+0000] {dag.py:3823} INFO - Setting next_dagrun for example_short_circuit_operator to 2024-04-03 00:00:00+00:00, run_after=2024-04-04 00:00:00+00:00
[2024-04-04T23:30:45.211+0000] {processor.py:183} INFO - Processing /home/airflow/.local/lib/python3.8/site-packages/airflow/example_dags/example_short_circuit_operator.py took 0.333 seconds
[2024-04-04T23:31:16.317+0000] {processor.py:161} INFO - Started process (PID=49539) to work on /home/airflow/.local/lib/python3.8/site-packages/airflow/example_dags/example_short_circuit_operator.py
[2024-04-04T23:31:16.322+0000] {processor.py:830} INFO - Processing file /home/airflow/.local/lib/python3.8/site-packages/airflow/example_dags/example_short_circuit_operator.py for tasks to queue
[2024-04-04T23:31:16.326+0000] {logging_mixin.py:188} INFO - [2024-04-04T23:31:16.325+0000] {dagbag.py:538} INFO - Filling up the DagBag from /home/airflow/.local/lib/python3.8/site-packages/airflow/example_dags/example_short_circuit_operator.py
[2024-04-04T23:31:16.364+0000] {processor.py:840} INFO - DAG(s) 'example_short_circuit_operator' retrieved from /home/airflow/.local/lib/python3.8/site-packages/airflow/example_dags/example_short_circuit_operator.py
[2024-04-04T23:31:16.495+0000] {logging_mixin.py:188} INFO - [2024-04-04T23:31:16.494+0000] {dag.py:3036} INFO - Sync 1 DAGs
[2024-04-04T23:31:16.615+0000] {logging_mixin.py:188} INFO - [2024-04-04T23:31:16.613+0000] {dag.py:3823} INFO - Setting next_dagrun for example_short_circuit_operator to 2024-04-03 00:00:00+00:00, run_after=2024-04-04 00:00:00+00:00
[2024-04-04T23:31:16.724+0000] {processor.py:183} INFO - Processing /home/airflow/.local/lib/python3.8/site-packages/airflow/example_dags/example_short_circuit_operator.py took 0.424 seconds
[2024-04-05T00:14:01.572+0000] {processor.py:161} INFO - Started process (PID=49598) to work on /home/airflow/.local/lib/python3.8/site-packages/airflow/example_dags/example_short_circuit_operator.py
[2024-04-05T00:14:01.750+0000] {processor.py:830} INFO - Processing file /home/airflow/.local/lib/python3.8/site-packages/airflow/example_dags/example_short_circuit_operator.py for tasks to queue
[2024-04-05T00:14:01.785+0000] {logging_mixin.py:188} INFO - [2024-04-05T00:14:01.784+0000] {dagbag.py:538} INFO - Filling up the DagBag from /home/airflow/.local/lib/python3.8/site-packages/airflow/example_dags/example_short_circuit_operator.py
[2024-04-05T00:14:01.917+0000] {processor.py:840} INFO - DAG(s) 'example_short_circuit_operator' retrieved from /home/airflow/.local/lib/python3.8/site-packages/airflow/example_dags/example_short_circuit_operator.py
[2024-04-05T00:14:02.112+0000] {logging_mixin.py:188} INFO - [2024-04-05T00:14:02.111+0000] {dag.py:3036} INFO - Sync 1 DAGs
[2024-04-05T01:14:17.496+0000] {logging_mixin.py:188} INFO - [2024-04-05T01:14:17.496+0000] {dag.py:3823} INFO - Setting next_dagrun for example_short_circuit_operator to 2024-04-04 00:00:00+00:00, run_after=2024-04-05 00:00:00+00:00
[2024-04-05T01:14:17.872+0000] {processor.py:183} INFO - Processing /home/airflow/.local/lib/python3.8/site-packages/airflow/example_dags/example_short_circuit_operator.py took 3616.596 seconds
