[2024-04-04T20:01:51.630+0000] {processor.py:161} INFO - Started process (PID=43443) to work on /home/airflow/.local/lib/python3.8/site-packages/airflow/example_dags/example_xcom.py
[2024-04-04T20:01:51.637+0000] {processor.py:830} INFO - Processing file /home/airflow/.local/lib/python3.8/site-packages/airflow/example_dags/example_xcom.py for tasks to queue
[2024-04-04T20:01:51.643+0000] {logging_mixin.py:188} INFO - [2024-04-04T20:01:51.640+0000] {dagbag.py:538} INFO - Filling up the DagBag from /home/airflow/.local/lib/python3.8/site-packages/airflow/example_dags/example_xcom.py
[2024-04-04T20:01:51.690+0000] {processor.py:840} INFO - DAG(s) 'example_xcom' retrieved from /home/airflow/.local/lib/python3.8/site-packages/airflow/example_dags/example_xcom.py
[2024-04-04T20:01:51.847+0000] {logging_mixin.py:188} INFO - [2024-04-04T20:01:51.846+0000] {dag.py:3036} INFO - Sync 1 DAGs
[2024-04-04T20:01:51.962+0000] {logging_mixin.py:188} INFO - [2024-04-04T20:01:51.959+0000] {dag.py:3823} INFO - Setting next_dagrun for example_xcom to 2021-01-01 00:00:00+00:00, run_after=2021-01-01 00:00:00+00:00
[2024-04-04T20:01:52.074+0000] {processor.py:183} INFO - Processing /home/airflow/.local/lib/python3.8/site-packages/airflow/example_dags/example_xcom.py took 0.450 seconds
[2024-04-04T15:01:34.862+0000] {processor.py:161} INFO - Started process (PID=46114) to work on /home/airflow/.local/lib/python3.8/site-packages/airflow/example_dags/example_xcom.py
[2024-04-04T15:01:34.882+0000] {processor.py:830} INFO - Processing file /home/airflow/.local/lib/python3.8/site-packages/airflow/example_dags/example_xcom.py for tasks to queue
[2024-04-04T15:01:34.913+0000] {logging_mixin.py:188} INFO - [2024-04-04T15:01:34.898+0000] {dagbag.py:538} INFO - Filling up the DagBag from /home/airflow/.local/lib/python3.8/site-packages/airflow/example_dags/example_xcom.py
[2024-04-04T15:01:35.123+0000] {processor.py:840} INFO - DAG(s) 'example_xcom' retrieved from /home/airflow/.local/lib/python3.8/site-packages/airflow/example_dags/example_xcom.py
[2024-04-04T15:01:35.592+0000] {logging_mixin.py:188} INFO - [2024-04-04T15:01:35.590+0000] {dag.py:3036} INFO - Sync 1 DAGs
[2024-04-04T15:01:36.014+0000] {logging_mixin.py:188} INFO - [2024-04-04T15:01:36.012+0000] {dag.py:3823} INFO - Setting next_dagrun for example_xcom to 2021-01-01 00:00:00+00:00, run_after=2021-01-01 00:00:00+00:00
[2024-04-04T15:01:36.239+0000] {processor.py:183} INFO - Processing /home/airflow/.local/lib/python3.8/site-packages/airflow/example_dags/example_xcom.py took 1.463 seconds
[2024-04-04T18:12:33.747+0000] {processor.py:161} INFO - Started process (PID=46174) to work on /home/airflow/.local/lib/python3.8/site-packages/airflow/example_dags/example_xcom.py
[2024-04-04T18:12:33.748+0000] {processor.py:830} INFO - Processing file /home/airflow/.local/lib/python3.8/site-packages/airflow/example_dags/example_xcom.py for tasks to queue
[2024-04-04T18:12:33.750+0000] {logging_mixin.py:188} INFO - [2024-04-04T18:12:33.750+0000] {dagbag.py:538} INFO - Filling up the DagBag from /home/airflow/.local/lib/python3.8/site-packages/airflow/example_dags/example_xcom.py
[2024-04-04T18:12:33.761+0000] {processor.py:840} INFO - DAG(s) 'example_xcom' retrieved from /home/airflow/.local/lib/python3.8/site-packages/airflow/example_dags/example_xcom.py
[2024-04-04T18:12:33.795+0000] {logging_mixin.py:188} INFO - [2024-04-04T18:12:33.795+0000] {dag.py:3036} INFO - Sync 1 DAGs
[2024-04-04T18:12:33.823+0000] {logging_mixin.py:188} INFO - [2024-04-04T18:12:33.822+0000] {dag.py:3823} INFO - Setting next_dagrun for example_xcom to 2021-01-01 00:00:00+00:00, run_after=2021-01-01 00:00:00+00:00
[2024-04-04T18:12:33.850+0000] {processor.py:183} INFO - Processing /home/airflow/.local/lib/python3.8/site-packages/airflow/example_dags/example_xcom.py took 0.108 seconds
[2024-04-04T18:13:04.366+0000] {processor.py:161} INFO - Started process (PID=46234) to work on /home/airflow/.local/lib/python3.8/site-packages/airflow/example_dags/example_xcom.py
[2024-04-04T18:13:04.369+0000] {processor.py:830} INFO - Processing file /home/airflow/.local/lib/python3.8/site-packages/airflow/example_dags/example_xcom.py for tasks to queue
[2024-04-04T18:13:04.371+0000] {logging_mixin.py:188} INFO - [2024-04-04T18:13:04.371+0000] {dagbag.py:538} INFO - Filling up the DagBag from /home/airflow/.local/lib/python3.8/site-packages/airflow/example_dags/example_xcom.py
[2024-04-04T18:13:04.386+0000] {processor.py:840} INFO - DAG(s) 'example_xcom' retrieved from /home/airflow/.local/lib/python3.8/site-packages/airflow/example_dags/example_xcom.py
[2024-04-04T18:13:04.429+0000] {logging_mixin.py:188} INFO - [2024-04-04T18:13:04.428+0000] {dag.py:3036} INFO - Sync 1 DAGs
[2024-04-04T18:13:04.468+0000] {logging_mixin.py:188} INFO - [2024-04-04T18:13:04.468+0000] {dag.py:3823} INFO - Setting next_dagrun for example_xcom to 2021-01-01 00:00:00+00:00, run_after=2021-01-01 00:00:00+00:00
[2024-04-04T18:13:04.503+0000] {processor.py:183} INFO - Processing /home/airflow/.local/lib/python3.8/site-packages/airflow/example_dags/example_xcom.py took 0.143 seconds
[2024-04-04T18:13:34.996+0000] {processor.py:161} INFO - Started process (PID=46294) to work on /home/airflow/.local/lib/python3.8/site-packages/airflow/example_dags/example_xcom.py
[2024-04-04T18:13:34.998+0000] {processor.py:830} INFO - Processing file /home/airflow/.local/lib/python3.8/site-packages/airflow/example_dags/example_xcom.py for tasks to queue
[2024-04-04T18:13:34.999+0000] {logging_mixin.py:188} INFO - [2024-04-04T18:13:34.999+0000] {dagbag.py:538} INFO - Filling up the DagBag from /home/airflow/.local/lib/python3.8/site-packages/airflow/example_dags/example_xcom.py
[2024-04-04T18:13:35.008+0000] {processor.py:840} INFO - DAG(s) 'example_xcom' retrieved from /home/airflow/.local/lib/python3.8/site-packages/airflow/example_dags/example_xcom.py
[2024-04-04T18:13:35.035+0000] {logging_mixin.py:188} INFO - [2024-04-04T18:13:35.035+0000] {dag.py:3036} INFO - Sync 1 DAGs
[2024-04-04T18:13:35.058+0000] {logging_mixin.py:188} INFO - [2024-04-04T18:13:35.058+0000] {dag.py:3823} INFO - Setting next_dagrun for example_xcom to 2021-01-01 00:00:00+00:00, run_after=2021-01-01 00:00:00+00:00
[2024-04-04T18:13:35.079+0000] {processor.py:183} INFO - Processing /home/airflow/.local/lib/python3.8/site-packages/airflow/example_dags/example_xcom.py took 0.086 seconds
[2024-04-04T18:14:06.168+0000] {processor.py:161} INFO - Started process (PID=46354) to work on /home/airflow/.local/lib/python3.8/site-packages/airflow/example_dags/example_xcom.py
[2024-04-04T18:14:06.170+0000] {processor.py:830} INFO - Processing file /home/airflow/.local/lib/python3.8/site-packages/airflow/example_dags/example_xcom.py for tasks to queue
[2024-04-04T18:14:06.171+0000] {logging_mixin.py:188} INFO - [2024-04-04T18:14:06.171+0000] {dagbag.py:538} INFO - Filling up the DagBag from /home/airflow/.local/lib/python3.8/site-packages/airflow/example_dags/example_xcom.py
[2024-04-04T18:14:06.182+0000] {processor.py:840} INFO - DAG(s) 'example_xcom' retrieved from /home/airflow/.local/lib/python3.8/site-packages/airflow/example_dags/example_xcom.py
[2024-04-04T18:14:06.215+0000] {logging_mixin.py:188} INFO - [2024-04-04T18:14:06.215+0000] {dag.py:3036} INFO - Sync 1 DAGs
[2024-04-04T18:14:06.246+0000] {logging_mixin.py:188} INFO - [2024-04-04T18:14:06.246+0000] {dag.py:3823} INFO - Setting next_dagrun for example_xcom to 2021-01-01 00:00:00+00:00, run_after=2021-01-01 00:00:00+00:00
[2024-04-04T18:14:06.275+0000] {processor.py:183} INFO - Processing /home/airflow/.local/lib/python3.8/site-packages/airflow/example_dags/example_xcom.py took 0.112 seconds
[2024-04-04T18:14:36.588+0000] {processor.py:161} INFO - Started process (PID=46414) to work on /home/airflow/.local/lib/python3.8/site-packages/airflow/example_dags/example_xcom.py
[2024-04-04T18:14:36.590+0000] {processor.py:830} INFO - Processing file /home/airflow/.local/lib/python3.8/site-packages/airflow/example_dags/example_xcom.py for tasks to queue
[2024-04-04T18:14:36.592+0000] {logging_mixin.py:188} INFO - [2024-04-04T18:14:36.592+0000] {dagbag.py:538} INFO - Filling up the DagBag from /home/airflow/.local/lib/python3.8/site-packages/airflow/example_dags/example_xcom.py
[2024-04-04T18:14:36.605+0000] {processor.py:840} INFO - DAG(s) 'example_xcom' retrieved from /home/airflow/.local/lib/python3.8/site-packages/airflow/example_dags/example_xcom.py
[2024-04-04T18:14:36.647+0000] {logging_mixin.py:188} INFO - [2024-04-04T18:14:36.647+0000] {dag.py:3036} INFO - Sync 1 DAGs
[2024-04-04T18:14:36.691+0000] {logging_mixin.py:188} INFO - [2024-04-04T18:14:36.690+0000] {dag.py:3823} INFO - Setting next_dagrun for example_xcom to 2021-01-01 00:00:00+00:00, run_after=2021-01-01 00:00:00+00:00
[2024-04-04T18:14:36.724+0000] {processor.py:183} INFO - Processing /home/airflow/.local/lib/python3.8/site-packages/airflow/example_dags/example_xcom.py took 0.142 seconds
[2024-04-04T18:15:11.069+0000] {processor.py:161} INFO - Started process (PID=46474) to work on /home/airflow/.local/lib/python3.8/site-packages/airflow/example_dags/example_xcom.py
[2024-04-04T18:15:11.073+0000] {processor.py:830} INFO - Processing file /home/airflow/.local/lib/python3.8/site-packages/airflow/example_dags/example_xcom.py for tasks to queue
[2024-04-04T18:15:11.077+0000] {logging_mixin.py:188} INFO - [2024-04-04T18:15:11.075+0000] {dagbag.py:538} INFO - Filling up the DagBag from /home/airflow/.local/lib/python3.8/site-packages/airflow/example_dags/example_xcom.py
[2024-04-04T18:15:11.107+0000] {processor.py:840} INFO - DAG(s) 'example_xcom' retrieved from /home/airflow/.local/lib/python3.8/site-packages/airflow/example_dags/example_xcom.py
[2024-04-04T18:15:11.191+0000] {logging_mixin.py:188} INFO - [2024-04-04T18:15:11.188+0000] {dag.py:3036} INFO - Sync 1 DAGs
[2024-04-04T18:15:11.271+0000] {logging_mixin.py:188} INFO - [2024-04-04T18:15:11.271+0000] {dag.py:3823} INFO - Setting next_dagrun for example_xcom to 2021-01-01 00:00:00+00:00, run_after=2021-01-01 00:00:00+00:00
[2024-04-04T18:15:11.364+0000] {processor.py:183} INFO - Processing /home/airflow/.local/lib/python3.8/site-packages/airflow/example_dags/example_xcom.py took 0.305 seconds
[2024-04-04T18:15:48.236+0000] {processor.py:161} INFO - Started process (PID=46534) to work on /home/airflow/.local/lib/python3.8/site-packages/airflow/example_dags/example_xcom.py
[2024-04-04T18:15:48.240+0000] {processor.py:830} INFO - Processing file /home/airflow/.local/lib/python3.8/site-packages/airflow/example_dags/example_xcom.py for tasks to queue
[2024-04-04T18:15:48.244+0000] {logging_mixin.py:188} INFO - [2024-04-04T18:15:48.243+0000] {dagbag.py:538} INFO - Filling up the DagBag from /home/airflow/.local/lib/python3.8/site-packages/airflow/example_dags/example_xcom.py
[2024-04-04T18:15:48.270+0000] {processor.py:840} INFO - DAG(s) 'example_xcom' retrieved from /home/airflow/.local/lib/python3.8/site-packages/airflow/example_dags/example_xcom.py
[2024-04-04T18:15:48.347+0000] {logging_mixin.py:188} INFO - [2024-04-04T18:15:48.346+0000] {dag.py:3036} INFO - Sync 1 DAGs
[2024-04-04T18:15:48.416+0000] {logging_mixin.py:188} INFO - [2024-04-04T18:15:48.416+0000] {dag.py:3823} INFO - Setting next_dagrun for example_xcom to 2021-01-01 00:00:00+00:00, run_after=2021-01-01 00:00:00+00:00
[2024-04-04T18:15:48.480+0000] {processor.py:183} INFO - Processing /home/airflow/.local/lib/python3.8/site-packages/airflow/example_dags/example_xcom.py took 0.257 seconds
[2024-04-04T18:16:20.323+0000] {processor.py:161} INFO - Started process (PID=46594) to work on /home/airflow/.local/lib/python3.8/site-packages/airflow/example_dags/example_xcom.py
[2024-04-04T18:16:20.330+0000] {processor.py:830} INFO - Processing file /home/airflow/.local/lib/python3.8/site-packages/airflow/example_dags/example_xcom.py for tasks to queue
[2024-04-04T18:16:20.340+0000] {logging_mixin.py:188} INFO - [2024-04-04T18:16:20.337+0000] {dagbag.py:538} INFO - Filling up the DagBag from /home/airflow/.local/lib/python3.8/site-packages/airflow/example_dags/example_xcom.py
[2024-04-04T18:16:20.398+0000] {processor.py:840} INFO - DAG(s) 'example_xcom' retrieved from /home/airflow/.local/lib/python3.8/site-packages/airflow/example_dags/example_xcom.py
[2024-04-04T18:16:20.533+0000] {logging_mixin.py:188} INFO - [2024-04-04T18:16:20.531+0000] {dag.py:3036} INFO - Sync 1 DAGs
[2024-04-04T18:16:20.655+0000] {logging_mixin.py:188} INFO - [2024-04-04T18:16:20.654+0000] {dag.py:3823} INFO - Setting next_dagrun for example_xcom to 2021-01-01 00:00:00+00:00, run_after=2021-01-01 00:00:00+00:00
[2024-04-04T18:16:20.749+0000] {processor.py:183} INFO - Processing /home/airflow/.local/lib/python3.8/site-packages/airflow/example_dags/example_xcom.py took 0.451 seconds
[2024-04-04T18:16:51.172+0000] {processor.py:161} INFO - Started process (PID=46651) to work on /home/airflow/.local/lib/python3.8/site-packages/airflow/example_dags/example_xcom.py
[2024-04-04T18:16:51.195+0000] {processor.py:830} INFO - Processing file /home/airflow/.local/lib/python3.8/site-packages/airflow/example_dags/example_xcom.py for tasks to queue
[2024-04-04T18:16:51.221+0000] {logging_mixin.py:188} INFO - [2024-04-04T18:16:51.218+0000] {dagbag.py:538} INFO - Filling up the DagBag from /home/airflow/.local/lib/python3.8/site-packages/airflow/example_dags/example_xcom.py
[2024-04-04T18:16:51.331+0000] {processor.py:840} INFO - DAG(s) 'example_xcom' retrieved from /home/airflow/.local/lib/python3.8/site-packages/airflow/example_dags/example_xcom.py
[2024-04-04T18:16:51.680+0000] {logging_mixin.py:188} INFO - [2024-04-04T18:16:51.677+0000] {dag.py:3036} INFO - Sync 1 DAGs
[2024-04-04T18:16:51.927+0000] {logging_mixin.py:188} INFO - [2024-04-04T18:16:51.924+0000] {dag.py:3823} INFO - Setting next_dagrun for example_xcom to 2021-01-01 00:00:00+00:00, run_after=2021-01-01 00:00:00+00:00
[2024-04-04T18:16:52.112+0000] {processor.py:183} INFO - Processing /home/airflow/.local/lib/python3.8/site-packages/airflow/example_dags/example_xcom.py took 0.986 seconds
[2024-04-04T18:17:23.138+0000] {processor.py:161} INFO - Started process (PID=46719) to work on /home/airflow/.local/lib/python3.8/site-packages/airflow/example_dags/example_xcom.py
[2024-04-04T18:17:23.143+0000] {processor.py:830} INFO - Processing file /home/airflow/.local/lib/python3.8/site-packages/airflow/example_dags/example_xcom.py for tasks to queue
[2024-04-04T18:17:23.149+0000] {logging_mixin.py:188} INFO - [2024-04-04T18:17:23.148+0000] {dagbag.py:538} INFO - Filling up the DagBag from /home/airflow/.local/lib/python3.8/site-packages/airflow/example_dags/example_xcom.py
[2024-04-04T18:17:23.188+0000] {processor.py:840} INFO - DAG(s) 'example_xcom' retrieved from /home/airflow/.local/lib/python3.8/site-packages/airflow/example_dags/example_xcom.py
[2024-04-04T18:17:23.277+0000] {logging_mixin.py:188} INFO - [2024-04-04T18:17:23.276+0000] {dag.py:3036} INFO - Sync 1 DAGs
[2024-04-04T18:17:23.357+0000] {logging_mixin.py:188} INFO - [2024-04-04T18:17:23.356+0000] {dag.py:3823} INFO - Setting next_dagrun for example_xcom to 2021-01-01 00:00:00+00:00, run_after=2021-01-01 00:00:00+00:00
[2024-04-04T18:17:23.438+0000] {processor.py:183} INFO - Processing /home/airflow/.local/lib/python3.8/site-packages/airflow/example_dags/example_xcom.py took 0.318 seconds
[2024-04-04T18:17:53.730+0000] {processor.py:161} INFO - Started process (PID=46779) to work on /home/airflow/.local/lib/python3.8/site-packages/airflow/example_dags/example_xcom.py
[2024-04-04T18:17:53.735+0000] {processor.py:830} INFO - Processing file /home/airflow/.local/lib/python3.8/site-packages/airflow/example_dags/example_xcom.py for tasks to queue
[2024-04-04T18:17:53.740+0000] {logging_mixin.py:188} INFO - [2024-04-04T18:17:53.739+0000] {dagbag.py:538} INFO - Filling up the DagBag from /home/airflow/.local/lib/python3.8/site-packages/airflow/example_dags/example_xcom.py
[2024-04-04T18:17:53.774+0000] {processor.py:840} INFO - DAG(s) 'example_xcom' retrieved from /home/airflow/.local/lib/python3.8/site-packages/airflow/example_dags/example_xcom.py
[2024-04-04T18:17:53.943+0000] {logging_mixin.py:188} INFO - [2024-04-04T18:17:53.942+0000] {dag.py:3036} INFO - Sync 1 DAGs
[2024-04-04T18:17:54.025+0000] {logging_mixin.py:188} INFO - [2024-04-04T18:17:54.024+0000] {dag.py:3823} INFO - Setting next_dagrun for example_xcom to 2021-01-01 00:00:00+00:00, run_after=2021-01-01 00:00:00+00:00
[2024-04-04T18:17:54.098+0000] {processor.py:183} INFO - Processing /home/airflow/.local/lib/python3.8/site-packages/airflow/example_dags/example_xcom.py took 0.385 seconds
[2024-04-04T18:18:24.753+0000] {processor.py:161} INFO - Started process (PID=46839) to work on /home/airflow/.local/lib/python3.8/site-packages/airflow/example_dags/example_xcom.py
[2024-04-04T18:18:24.758+0000] {processor.py:830} INFO - Processing file /home/airflow/.local/lib/python3.8/site-packages/airflow/example_dags/example_xcom.py for tasks to queue
[2024-04-04T18:18:24.763+0000] {logging_mixin.py:188} INFO - [2024-04-04T18:18:24.762+0000] {dagbag.py:538} INFO - Filling up the DagBag from /home/airflow/.local/lib/python3.8/site-packages/airflow/example_dags/example_xcom.py
[2024-04-04T18:18:24.804+0000] {processor.py:840} INFO - DAG(s) 'example_xcom' retrieved from /home/airflow/.local/lib/python3.8/site-packages/airflow/example_dags/example_xcom.py
[2024-04-04T18:18:24.937+0000] {logging_mixin.py:188} INFO - [2024-04-04T18:18:24.935+0000] {dag.py:3036} INFO - Sync 1 DAGs
[2024-04-04T18:18:25.077+0000] {logging_mixin.py:188} INFO - [2024-04-04T18:18:25.075+0000] {dag.py:3823} INFO - Setting next_dagrun for example_xcom to 2021-01-01 00:00:00+00:00, run_after=2021-01-01 00:00:00+00:00
[2024-04-04T18:18:25.196+0000] {processor.py:183} INFO - Processing /home/airflow/.local/lib/python3.8/site-packages/airflow/example_dags/example_xcom.py took 0.460 seconds
[2024-04-04T18:18:56.978+0000] {processor.py:161} INFO - Started process (PID=46899) to work on /home/airflow/.local/lib/python3.8/site-packages/airflow/example_dags/example_xcom.py
[2024-04-04T18:18:56.982+0000] {processor.py:830} INFO - Processing file /home/airflow/.local/lib/python3.8/site-packages/airflow/example_dags/example_xcom.py for tasks to queue
[2024-04-04T18:18:56.988+0000] {logging_mixin.py:188} INFO - [2024-04-04T18:18:56.986+0000] {dagbag.py:538} INFO - Filling up the DagBag from /home/airflow/.local/lib/python3.8/site-packages/airflow/example_dags/example_xcom.py
[2024-04-04T18:18:57.032+0000] {processor.py:840} INFO - DAG(s) 'example_xcom' retrieved from /home/airflow/.local/lib/python3.8/site-packages/airflow/example_dags/example_xcom.py
[2024-04-04T18:18:57.154+0000] {logging_mixin.py:188} INFO - [2024-04-04T18:18:57.153+0000] {dag.py:3036} INFO - Sync 1 DAGs
[2024-04-04T18:18:57.278+0000] {logging_mixin.py:188} INFO - [2024-04-04T18:18:57.277+0000] {dag.py:3823} INFO - Setting next_dagrun for example_xcom to 2021-01-01 00:00:00+00:00, run_after=2021-01-01 00:00:00+00:00
[2024-04-04T18:18:57.375+0000] {processor.py:183} INFO - Processing /home/airflow/.local/lib/python3.8/site-packages/airflow/example_dags/example_xcom.py took 0.412 seconds
[2024-04-04T18:19:28.439+0000] {processor.py:161} INFO - Started process (PID=46959) to work on /home/airflow/.local/lib/python3.8/site-packages/airflow/example_dags/example_xcom.py
[2024-04-04T18:19:28.442+0000] {processor.py:830} INFO - Processing file /home/airflow/.local/lib/python3.8/site-packages/airflow/example_dags/example_xcom.py for tasks to queue
[2024-04-04T18:19:28.447+0000] {logging_mixin.py:188} INFO - [2024-04-04T18:19:28.446+0000] {dagbag.py:538} INFO - Filling up the DagBag from /home/airflow/.local/lib/python3.8/site-packages/airflow/example_dags/example_xcom.py
[2024-04-04T18:19:28.475+0000] {processor.py:840} INFO - DAG(s) 'example_xcom' retrieved from /home/airflow/.local/lib/python3.8/site-packages/airflow/example_dags/example_xcom.py
[2024-04-04T18:19:28.568+0000] {logging_mixin.py:188} INFO - [2024-04-04T18:19:28.567+0000] {dag.py:3036} INFO - Sync 1 DAGs
[2024-04-04T18:19:28.638+0000] {logging_mixin.py:188} INFO - [2024-04-04T18:19:28.637+0000] {dag.py:3823} INFO - Setting next_dagrun for example_xcom to 2021-01-01 00:00:00+00:00, run_after=2021-01-01 00:00:00+00:00
[2024-04-04T18:19:28.710+0000] {processor.py:183} INFO - Processing /home/airflow/.local/lib/python3.8/site-packages/airflow/example_dags/example_xcom.py took 0.287 seconds
[2024-04-04T18:19:58.885+0000] {processor.py:161} INFO - Started process (PID=47019) to work on /home/airflow/.local/lib/python3.8/site-packages/airflow/example_dags/example_xcom.py
[2024-04-04T18:19:58.887+0000] {processor.py:830} INFO - Processing file /home/airflow/.local/lib/python3.8/site-packages/airflow/example_dags/example_xcom.py for tasks to queue
[2024-04-04T18:19:58.889+0000] {logging_mixin.py:188} INFO - [2024-04-04T18:19:58.889+0000] {dagbag.py:538} INFO - Filling up the DagBag from /home/airflow/.local/lib/python3.8/site-packages/airflow/example_dags/example_xcom.py
[2024-04-04T18:19:58.905+0000] {processor.py:840} INFO - DAG(s) 'example_xcom' retrieved from /home/airflow/.local/lib/python3.8/site-packages/airflow/example_dags/example_xcom.py
[2024-04-04T18:19:58.947+0000] {logging_mixin.py:188} INFO - [2024-04-04T18:19:58.947+0000] {dag.py:3036} INFO - Sync 1 DAGs
[2024-04-04T18:19:58.988+0000] {logging_mixin.py:188} INFO - [2024-04-04T18:19:58.987+0000] {dag.py:3823} INFO - Setting next_dagrun for example_xcom to 2021-01-01 00:00:00+00:00, run_after=2021-01-01 00:00:00+00:00
[2024-04-04T18:19:59.024+0000] {processor.py:183} INFO - Processing /home/airflow/.local/lib/python3.8/site-packages/airflow/example_dags/example_xcom.py took 0.146 seconds
[2024-04-04T18:20:29.338+0000] {processor.py:161} INFO - Started process (PID=47079) to work on /home/airflow/.local/lib/python3.8/site-packages/airflow/example_dags/example_xcom.py
[2024-04-04T18:20:29.340+0000] {processor.py:830} INFO - Processing file /home/airflow/.local/lib/python3.8/site-packages/airflow/example_dags/example_xcom.py for tasks to queue
[2024-04-04T18:20:29.343+0000] {logging_mixin.py:188} INFO - [2024-04-04T18:20:29.342+0000] {dagbag.py:538} INFO - Filling up the DagBag from /home/airflow/.local/lib/python3.8/site-packages/airflow/example_dags/example_xcom.py
[2024-04-04T18:20:29.359+0000] {processor.py:840} INFO - DAG(s) 'example_xcom' retrieved from /home/airflow/.local/lib/python3.8/site-packages/airflow/example_dags/example_xcom.py
[2024-04-04T18:20:29.406+0000] {logging_mixin.py:188} INFO - [2024-04-04T18:20:29.406+0000] {dag.py:3036} INFO - Sync 1 DAGs
[2024-04-04T18:20:29.449+0000] {logging_mixin.py:188} INFO - [2024-04-04T18:20:29.449+0000] {dag.py:3823} INFO - Setting next_dagrun for example_xcom to 2021-01-01 00:00:00+00:00, run_after=2021-01-01 00:00:00+00:00
[2024-04-04T18:20:29.499+0000] {processor.py:183} INFO - Processing /home/airflow/.local/lib/python3.8/site-packages/airflow/example_dags/example_xcom.py took 0.168 seconds
[2024-04-04T18:21:00.744+0000] {processor.py:161} INFO - Started process (PID=47139) to work on /home/airflow/.local/lib/python3.8/site-packages/airflow/example_dags/example_xcom.py
[2024-04-04T18:21:00.750+0000] {processor.py:830} INFO - Processing file /home/airflow/.local/lib/python3.8/site-packages/airflow/example_dags/example_xcom.py for tasks to queue
[2024-04-04T18:21:00.755+0000] {logging_mixin.py:188} INFO - [2024-04-04T18:21:00.753+0000] {dagbag.py:538} INFO - Filling up the DagBag from /home/airflow/.local/lib/python3.8/site-packages/airflow/example_dags/example_xcom.py
[2024-04-04T18:21:00.794+0000] {processor.py:840} INFO - DAG(s) 'example_xcom' retrieved from /home/airflow/.local/lib/python3.8/site-packages/airflow/example_dags/example_xcom.py
[2024-04-04T18:21:00.888+0000] {logging_mixin.py:188} INFO - [2024-04-04T18:21:00.887+0000] {dag.py:3036} INFO - Sync 1 DAGs
[2024-04-04T18:21:00.967+0000] {logging_mixin.py:188} INFO - [2024-04-04T18:21:00.966+0000] {dag.py:3823} INFO - Setting next_dagrun for example_xcom to 2021-01-01 00:00:00+00:00, run_after=2021-01-01 00:00:00+00:00
[2024-04-04T18:21:01.051+0000] {processor.py:183} INFO - Processing /home/airflow/.local/lib/python3.8/site-packages/airflow/example_dags/example_xcom.py took 0.326 seconds
[2024-04-04T18:21:32.413+0000] {processor.py:161} INFO - Started process (PID=47199) to work on /home/airflow/.local/lib/python3.8/site-packages/airflow/example_dags/example_xcom.py
[2024-04-04T18:21:32.424+0000] {processor.py:830} INFO - Processing file /home/airflow/.local/lib/python3.8/site-packages/airflow/example_dags/example_xcom.py for tasks to queue
[2024-04-04T18:21:32.434+0000] {logging_mixin.py:188} INFO - [2024-04-04T18:21:32.432+0000] {dagbag.py:538} INFO - Filling up the DagBag from /home/airflow/.local/lib/python3.8/site-packages/airflow/example_dags/example_xcom.py
[2024-04-04T18:21:32.538+0000] {processor.py:840} INFO - DAG(s) 'example_xcom' retrieved from /home/airflow/.local/lib/python3.8/site-packages/airflow/example_dags/example_xcom.py
[2024-04-04T18:21:32.954+0000] {logging_mixin.py:188} INFO - [2024-04-04T18:21:32.939+0000] {dag.py:3036} INFO - Sync 1 DAGs
[2024-04-04T18:21:33.167+0000] {logging_mixin.py:188} INFO - [2024-04-04T18:21:33.165+0000] {dag.py:3823} INFO - Setting next_dagrun for example_xcom to 2021-01-01 00:00:00+00:00, run_after=2021-01-01 00:00:00+00:00
[2024-04-04T18:21:33.327+0000] {processor.py:183} INFO - Processing /home/airflow/.local/lib/python3.8/site-packages/airflow/example_dags/example_xcom.py took 0.969 seconds
[2024-04-04T18:22:03.810+0000] {processor.py:161} INFO - Started process (PID=47259) to work on /home/airflow/.local/lib/python3.8/site-packages/airflow/example_dags/example_xcom.py
[2024-04-04T18:22:03.812+0000] {processor.py:830} INFO - Processing file /home/airflow/.local/lib/python3.8/site-packages/airflow/example_dags/example_xcom.py for tasks to queue
[2024-04-04T18:22:03.815+0000] {logging_mixin.py:188} INFO - [2024-04-04T18:22:03.814+0000] {dagbag.py:538} INFO - Filling up the DagBag from /home/airflow/.local/lib/python3.8/site-packages/airflow/example_dags/example_xcom.py
[2024-04-04T18:22:03.833+0000] {processor.py:840} INFO - DAG(s) 'example_xcom' retrieved from /home/airflow/.local/lib/python3.8/site-packages/airflow/example_dags/example_xcom.py
[2024-04-04T18:22:03.892+0000] {logging_mixin.py:188} INFO - [2024-04-04T18:22:03.891+0000] {dag.py:3036} INFO - Sync 1 DAGs
[2024-04-04T18:22:03.942+0000] {logging_mixin.py:188} INFO - [2024-04-04T18:22:03.941+0000] {dag.py:3823} INFO - Setting next_dagrun for example_xcom to 2021-01-01 00:00:00+00:00, run_after=2021-01-01 00:00:00+00:00
[2024-04-04T18:22:03.988+0000] {processor.py:183} INFO - Processing /home/airflow/.local/lib/python3.8/site-packages/airflow/example_dags/example_xcom.py took 0.186 seconds
[2024-04-04T18:22:34.425+0000] {processor.py:161} INFO - Started process (PID=47319) to work on /home/airflow/.local/lib/python3.8/site-packages/airflow/example_dags/example_xcom.py
[2024-04-04T18:22:34.428+0000] {processor.py:830} INFO - Processing file /home/airflow/.local/lib/python3.8/site-packages/airflow/example_dags/example_xcom.py for tasks to queue
[2024-04-04T18:22:34.431+0000] {logging_mixin.py:188} INFO - [2024-04-04T18:22:34.430+0000] {dagbag.py:538} INFO - Filling up the DagBag from /home/airflow/.local/lib/python3.8/site-packages/airflow/example_dags/example_xcom.py
[2024-04-04T18:22:34.456+0000] {processor.py:840} INFO - DAG(s) 'example_xcom' retrieved from /home/airflow/.local/lib/python3.8/site-packages/airflow/example_dags/example_xcom.py
[2024-04-04T18:22:34.526+0000] {logging_mixin.py:188} INFO - [2024-04-04T18:22:34.525+0000] {dag.py:3036} INFO - Sync 1 DAGs
[2024-04-04T18:22:34.587+0000] {logging_mixin.py:188} INFO - [2024-04-04T18:22:34.586+0000] {dag.py:3823} INFO - Setting next_dagrun for example_xcom to 2021-01-01 00:00:00+00:00, run_after=2021-01-01 00:00:00+00:00
[2024-04-04T18:22:34.648+0000] {processor.py:183} INFO - Processing /home/airflow/.local/lib/python3.8/site-packages/airflow/example_dags/example_xcom.py took 0.236 seconds
[2024-04-04T18:23:04.926+0000] {processor.py:161} INFO - Started process (PID=47379) to work on /home/airflow/.local/lib/python3.8/site-packages/airflow/example_dags/example_xcom.py
[2024-04-04T18:23:04.932+0000] {processor.py:830} INFO - Processing file /home/airflow/.local/lib/python3.8/site-packages/airflow/example_dags/example_xcom.py for tasks to queue
[2024-04-04T18:23:04.939+0000] {logging_mixin.py:188} INFO - [2024-04-04T18:23:04.937+0000] {dagbag.py:538} INFO - Filling up the DagBag from /home/airflow/.local/lib/python3.8/site-packages/airflow/example_dags/example_xcom.py
[2024-04-04T18:23:04.984+0000] {processor.py:840} INFO - DAG(s) 'example_xcom' retrieved from /home/airflow/.local/lib/python3.8/site-packages/airflow/example_dags/example_xcom.py
[2024-04-04T18:23:05.128+0000] {logging_mixin.py:188} INFO - [2024-04-04T18:23:05.127+0000] {dag.py:3036} INFO - Sync 1 DAGs
[2024-04-04T18:23:05.274+0000] {logging_mixin.py:188} INFO - [2024-04-04T18:23:05.272+0000] {dag.py:3823} INFO - Setting next_dagrun for example_xcom to 2021-01-01 00:00:00+00:00, run_after=2021-01-01 00:00:00+00:00
[2024-04-04T18:23:05.380+0000] {processor.py:183} INFO - Processing /home/airflow/.local/lib/python3.8/site-packages/airflow/example_dags/example_xcom.py took 0.475 seconds
[2024-04-04T18:23:35.860+0000] {processor.py:161} INFO - Started process (PID=47439) to work on /home/airflow/.local/lib/python3.8/site-packages/airflow/example_dags/example_xcom.py
[2024-04-04T18:23:35.867+0000] {processor.py:830} INFO - Processing file /home/airflow/.local/lib/python3.8/site-packages/airflow/example_dags/example_xcom.py for tasks to queue
[2024-04-04T18:23:35.875+0000] {logging_mixin.py:188} INFO - [2024-04-04T18:23:35.872+0000] {dagbag.py:538} INFO - Filling up the DagBag from /home/airflow/.local/lib/python3.8/site-packages/airflow/example_dags/example_xcom.py
[2024-04-04T18:23:35.929+0000] {processor.py:840} INFO - DAG(s) 'example_xcom' retrieved from /home/airflow/.local/lib/python3.8/site-packages/airflow/example_dags/example_xcom.py
[2024-04-04T18:23:36.061+0000] {logging_mixin.py:188} INFO - [2024-04-04T18:23:36.060+0000] {dag.py:3036} INFO - Sync 1 DAGs
[2024-04-04T18:23:36.193+0000] {logging_mixin.py:188} INFO - [2024-04-04T18:23:36.191+0000] {dag.py:3823} INFO - Setting next_dagrun for example_xcom to 2021-01-01 00:00:00+00:00, run_after=2021-01-01 00:00:00+00:00
[2024-04-04T18:23:36.326+0000] {processor.py:183} INFO - Processing /home/airflow/.local/lib/python3.8/site-packages/airflow/example_dags/example_xcom.py took 0.490 seconds
[2024-04-04T19:14:36.196+0000] {processor.py:161} INFO - Started process (PID=47488) to work on /home/airflow/.local/lib/python3.8/site-packages/airflow/example_dags/example_xcom.py
[2024-04-04T19:14:36.204+0000] {processor.py:830} INFO - Processing file /home/airflow/.local/lib/python3.8/site-packages/airflow/example_dags/example_xcom.py for tasks to queue
[2024-04-04T19:14:36.214+0000] {logging_mixin.py:188} INFO - [2024-04-04T19:14:36.211+0000] {dagbag.py:538} INFO - Filling up the DagBag from /home/airflow/.local/lib/python3.8/site-packages/airflow/example_dags/example_xcom.py
[2024-04-04T19:14:36.311+0000] {processor.py:840} INFO - DAG(s) 'example_xcom' retrieved from /home/airflow/.local/lib/python3.8/site-packages/airflow/example_dags/example_xcom.py
[2024-04-04T19:14:36.579+0000] {logging_mixin.py:188} INFO - [2024-04-04T19:14:36.577+0000] {dag.py:3036} INFO - Sync 1 DAGs
[2024-04-04T19:14:36.760+0000] {logging_mixin.py:188} INFO - [2024-04-04T19:14:36.757+0000] {dag.py:3823} INFO - Setting next_dagrun for example_xcom to 2021-01-01 00:00:00+00:00, run_after=2021-01-01 00:00:00+00:00
[2024-04-04T19:14:36.948+0000] {processor.py:183} INFO - Processing /home/airflow/.local/lib/python3.8/site-packages/airflow/example_dags/example_xcom.py took 0.787 seconds
[2024-04-04T19:15:07.298+0000] {processor.py:161} INFO - Started process (PID=47548) to work on /home/airflow/.local/lib/python3.8/site-packages/airflow/example_dags/example_xcom.py
[2024-04-04T19:15:07.300+0000] {processor.py:830} INFO - Processing file /home/airflow/.local/lib/python3.8/site-packages/airflow/example_dags/example_xcom.py for tasks to queue
[2024-04-04T19:15:07.302+0000] {logging_mixin.py:188} INFO - [2024-04-04T19:15:07.301+0000] {dagbag.py:538} INFO - Filling up the DagBag from /home/airflow/.local/lib/python3.8/site-packages/airflow/example_dags/example_xcom.py
[2024-04-04T19:15:07.316+0000] {processor.py:840} INFO - DAG(s) 'example_xcom' retrieved from /home/airflow/.local/lib/python3.8/site-packages/airflow/example_dags/example_xcom.py
[2024-04-04T19:15:07.360+0000] {logging_mixin.py:188} INFO - [2024-04-04T19:15:07.360+0000] {dag.py:3036} INFO - Sync 1 DAGs
[2024-04-04T19:15:07.400+0000] {logging_mixin.py:188} INFO - [2024-04-04T19:15:07.399+0000] {dag.py:3823} INFO - Setting next_dagrun for example_xcom to 2021-01-01 00:00:00+00:00, run_after=2021-01-01 00:00:00+00:00
[2024-04-04T19:15:07.439+0000] {processor.py:183} INFO - Processing /home/airflow/.local/lib/python3.8/site-packages/airflow/example_dags/example_xcom.py took 0.148 seconds
[2024-04-04T23:14:12.089+0000] {processor.py:161} INFO - Started process (PID=47640) to work on /home/airflow/.local/lib/python3.8/site-packages/airflow/example_dags/example_xcom.py
[2024-04-04T23:14:12.216+0000] {processor.py:830} INFO - Processing file /home/airflow/.local/lib/python3.8/site-packages/airflow/example_dags/example_xcom.py for tasks to queue
[2024-04-04T23:14:12.273+0000] {logging_mixin.py:188} INFO - [2024-04-04T23:14:12.239+0000] {dagbag.py:538} INFO - Filling up the DagBag from /home/airflow/.local/lib/python3.8/site-packages/airflow/example_dags/example_xcom.py
[2024-04-04T23:14:12.795+0000] {processor.py:840} INFO - DAG(s) 'example_xcom' retrieved from /home/airflow/.local/lib/python3.8/site-packages/airflow/example_dags/example_xcom.py
[2024-04-04T23:14:14.219+0000] {logging_mixin.py:188} INFO - [2024-04-04T23:14:14.205+0000] {dag.py:3036} INFO - Sync 1 DAGs
[2024-04-04T23:14:15.178+0000] {logging_mixin.py:188} INFO - [2024-04-04T23:14:15.176+0000] {dag.py:3823} INFO - Setting next_dagrun for example_xcom to 2021-01-01 00:00:00+00:00, run_after=2021-01-01 00:00:00+00:00
[2024-04-04T23:14:15.843+0000] {processor.py:183} INFO - Processing /home/airflow/.local/lib/python3.8/site-packages/airflow/example_dags/example_xcom.py took 4.038 seconds
[2024-04-04T23:15:30.670+0000] {processor.py:161} INFO - Started process (PID=47706) to work on /home/airflow/.local/lib/python3.8/site-packages/airflow/example_dags/example_xcom.py
[2024-04-04T23:15:30.678+0000] {processor.py:830} INFO - Processing file /home/airflow/.local/lib/python3.8/site-packages/airflow/example_dags/example_xcom.py for tasks to queue
[2024-04-04T23:15:30.691+0000] {logging_mixin.py:188} INFO - [2024-04-04T23:15:30.688+0000] {dagbag.py:538} INFO - Filling up the DagBag from /home/airflow/.local/lib/python3.8/site-packages/airflow/example_dags/example_xcom.py
[2024-04-04T23:15:30.776+0000] {processor.py:840} INFO - DAG(s) 'example_xcom' retrieved from /home/airflow/.local/lib/python3.8/site-packages/airflow/example_dags/example_xcom.py
[2024-04-04T23:15:30.988+0000] {logging_mixin.py:188} INFO - [2024-04-04T23:15:30.986+0000] {dag.py:3036} INFO - Sync 1 DAGs
[2024-04-04T23:15:31.261+0000] {logging_mixin.py:188} INFO - [2024-04-04T23:15:31.258+0000] {dag.py:3823} INFO - Setting next_dagrun for example_xcom to 2021-01-01 00:00:00+00:00, run_after=2021-01-01 00:00:00+00:00
[2024-04-04T23:15:31.450+0000] {processor.py:183} INFO - Processing /home/airflow/.local/lib/python3.8/site-packages/airflow/example_dags/example_xcom.py took 0.830 seconds
[2024-04-04T23:16:05.232+0000] {processor.py:161} INFO - Started process (PID=47766) to work on /home/airflow/.local/lib/python3.8/site-packages/airflow/example_dags/example_xcom.py
[2024-04-04T23:16:05.236+0000] {processor.py:830} INFO - Processing file /home/airflow/.local/lib/python3.8/site-packages/airflow/example_dags/example_xcom.py for tasks to queue
[2024-04-04T23:16:05.241+0000] {logging_mixin.py:188} INFO - [2024-04-04T23:16:05.239+0000] {dagbag.py:538} INFO - Filling up the DagBag from /home/airflow/.local/lib/python3.8/site-packages/airflow/example_dags/example_xcom.py
[2024-04-04T23:16:05.271+0000] {processor.py:840} INFO - DAG(s) 'example_xcom' retrieved from /home/airflow/.local/lib/python3.8/site-packages/airflow/example_dags/example_xcom.py
[2024-04-04T23:16:05.370+0000] {logging_mixin.py:188} INFO - [2024-04-04T23:16:05.369+0000] {dag.py:3036} INFO - Sync 1 DAGs
[2024-04-04T23:16:05.460+0000] {logging_mixin.py:188} INFO - [2024-04-04T23:16:05.459+0000] {dag.py:3823} INFO - Setting next_dagrun for example_xcom to 2021-01-01 00:00:00+00:00, run_after=2021-01-01 00:00:00+00:00
[2024-04-04T23:16:05.539+0000] {processor.py:183} INFO - Processing /home/airflow/.local/lib/python3.8/site-packages/airflow/example_dags/example_xcom.py took 0.322 seconds
[2024-04-04T23:16:35.695+0000] {processor.py:161} INFO - Started process (PID=47826) to work on /home/airflow/.local/lib/python3.8/site-packages/airflow/example_dags/example_xcom.py
[2024-04-04T23:16:35.698+0000] {processor.py:830} INFO - Processing file /home/airflow/.local/lib/python3.8/site-packages/airflow/example_dags/example_xcom.py for tasks to queue
[2024-04-04T23:16:35.702+0000] {logging_mixin.py:188} INFO - [2024-04-04T23:16:35.701+0000] {dagbag.py:538} INFO - Filling up the DagBag from /home/airflow/.local/lib/python3.8/site-packages/airflow/example_dags/example_xcom.py
[2024-04-04T23:16:35.725+0000] {processor.py:840} INFO - DAG(s) 'example_xcom' retrieved from /home/airflow/.local/lib/python3.8/site-packages/airflow/example_dags/example_xcom.py
[2024-04-04T23:16:35.796+0000] {logging_mixin.py:188} INFO - [2024-04-04T23:16:35.796+0000] {dag.py:3036} INFO - Sync 1 DAGs
[2024-04-04T23:16:36.222+0000] {logging_mixin.py:188} INFO - [2024-04-04T23:16:36.221+0000] {dag.py:3823} INFO - Setting next_dagrun for example_xcom to 2021-01-01 00:00:00+00:00, run_after=2021-01-01 00:00:00+00:00
[2024-04-04T23:16:36.283+0000] {processor.py:183} INFO - Processing /home/airflow/.local/lib/python3.8/site-packages/airflow/example_dags/example_xcom.py took 0.599 seconds
[2024-04-04T23:17:06.586+0000] {processor.py:161} INFO - Started process (PID=47886) to work on /home/airflow/.local/lib/python3.8/site-packages/airflow/example_dags/example_xcom.py
[2024-04-04T23:17:06.589+0000] {processor.py:830} INFO - Processing file /home/airflow/.local/lib/python3.8/site-packages/airflow/example_dags/example_xcom.py for tasks to queue
[2024-04-04T23:17:06.592+0000] {logging_mixin.py:188} INFO - [2024-04-04T23:17:06.591+0000] {dagbag.py:538} INFO - Filling up the DagBag from /home/airflow/.local/lib/python3.8/site-packages/airflow/example_dags/example_xcom.py
[2024-04-04T23:17:06.612+0000] {processor.py:840} INFO - DAG(s) 'example_xcom' retrieved from /home/airflow/.local/lib/python3.8/site-packages/airflow/example_dags/example_xcom.py
[2024-04-04T23:17:06.671+0000] {logging_mixin.py:188} INFO - [2024-04-04T23:17:06.670+0000] {dag.py:3036} INFO - Sync 1 DAGs
[2024-04-04T23:17:06.727+0000] {logging_mixin.py:188} INFO - [2024-04-04T23:17:06.726+0000] {dag.py:3823} INFO - Setting next_dagrun for example_xcom to 2021-01-01 00:00:00+00:00, run_after=2021-01-01 00:00:00+00:00
[2024-04-04T23:17:06.775+0000] {processor.py:183} INFO - Processing /home/airflow/.local/lib/python3.8/site-packages/airflow/example_dags/example_xcom.py took 0.199 seconds
[2024-04-04T23:17:38.004+0000] {processor.py:161} INFO - Started process (PID=47946) to work on /home/airflow/.local/lib/python3.8/site-packages/airflow/example_dags/example_xcom.py
[2024-04-04T23:17:38.009+0000] {processor.py:830} INFO - Processing file /home/airflow/.local/lib/python3.8/site-packages/airflow/example_dags/example_xcom.py for tasks to queue
[2024-04-04T23:17:38.015+0000] {logging_mixin.py:188} INFO - [2024-04-04T23:17:38.013+0000] {dagbag.py:538} INFO - Filling up the DagBag from /home/airflow/.local/lib/python3.8/site-packages/airflow/example_dags/example_xcom.py
[2024-04-04T23:17:38.066+0000] {processor.py:840} INFO - DAG(s) 'example_xcom' retrieved from /home/airflow/.local/lib/python3.8/site-packages/airflow/example_dags/example_xcom.py
[2024-04-04T23:17:38.193+0000] {logging_mixin.py:188} INFO - [2024-04-04T23:17:38.191+0000] {dag.py:3036} INFO - Sync 1 DAGs
[2024-04-04T23:17:38.337+0000] {logging_mixin.py:188} INFO - [2024-04-04T23:17:38.335+0000] {dag.py:3823} INFO - Setting next_dagrun for example_xcom to 2021-01-01 00:00:00+00:00, run_after=2021-01-01 00:00:00+00:00
[2024-04-04T23:17:38.489+0000] {processor.py:183} INFO - Processing /home/airflow/.local/lib/python3.8/site-packages/airflow/example_dags/example_xcom.py took 0.506 seconds
[2024-04-04T23:18:08.826+0000] {processor.py:161} INFO - Started process (PID=48006) to work on /home/airflow/.local/lib/python3.8/site-packages/airflow/example_dags/example_xcom.py
[2024-04-04T23:18:08.829+0000] {processor.py:830} INFO - Processing file /home/airflow/.local/lib/python3.8/site-packages/airflow/example_dags/example_xcom.py for tasks to queue
[2024-04-04T23:18:08.832+0000] {logging_mixin.py:188} INFO - [2024-04-04T23:18:08.831+0000] {dagbag.py:538} INFO - Filling up the DagBag from /home/airflow/.local/lib/python3.8/site-packages/airflow/example_dags/example_xcom.py
[2024-04-04T23:18:08.853+0000] {processor.py:840} INFO - DAG(s) 'example_xcom' retrieved from /home/airflow/.local/lib/python3.8/site-packages/airflow/example_dags/example_xcom.py
[2024-04-04T23:18:08.912+0000] {logging_mixin.py:188} INFO - [2024-04-04T23:18:08.911+0000] {dag.py:3036} INFO - Sync 1 DAGs
[2024-04-04T23:18:08.970+0000] {logging_mixin.py:188} INFO - [2024-04-04T23:18:08.969+0000] {dag.py:3823} INFO - Setting next_dagrun for example_xcom to 2021-01-01 00:00:00+00:00, run_after=2021-01-01 00:00:00+00:00
[2024-04-04T23:18:09.020+0000] {processor.py:183} INFO - Processing /home/airflow/.local/lib/python3.8/site-packages/airflow/example_dags/example_xcom.py took 0.204 seconds
[2024-04-04T23:18:39.413+0000] {processor.py:161} INFO - Started process (PID=48066) to work on /home/airflow/.local/lib/python3.8/site-packages/airflow/example_dags/example_xcom.py
[2024-04-04T23:18:39.416+0000] {processor.py:830} INFO - Processing file /home/airflow/.local/lib/python3.8/site-packages/airflow/example_dags/example_xcom.py for tasks to queue
[2024-04-04T23:18:39.418+0000] {logging_mixin.py:188} INFO - [2024-04-04T23:18:39.417+0000] {dagbag.py:538} INFO - Filling up the DagBag from /home/airflow/.local/lib/python3.8/site-packages/airflow/example_dags/example_xcom.py
[2024-04-04T23:18:39.433+0000] {processor.py:840} INFO - DAG(s) 'example_xcom' retrieved from /home/airflow/.local/lib/python3.8/site-packages/airflow/example_dags/example_xcom.py
[2024-04-04T23:18:39.481+0000] {logging_mixin.py:188} INFO - [2024-04-04T23:18:39.481+0000] {dag.py:3036} INFO - Sync 1 DAGs
[2024-04-04T23:18:39.532+0000] {logging_mixin.py:188} INFO - [2024-04-04T23:18:39.532+0000] {dag.py:3823} INFO - Setting next_dagrun for example_xcom to 2021-01-01 00:00:00+00:00, run_after=2021-01-01 00:00:00+00:00
[2024-04-04T23:18:39.574+0000] {processor.py:183} INFO - Processing /home/airflow/.local/lib/python3.8/site-packages/airflow/example_dags/example_xcom.py took 0.168 seconds
[2024-04-04T23:19:10.093+0000] {processor.py:161} INFO - Started process (PID=48127) to work on /home/airflow/.local/lib/python3.8/site-packages/airflow/example_dags/example_xcom.py
[2024-04-04T23:19:10.096+0000] {processor.py:830} INFO - Processing file /home/airflow/.local/lib/python3.8/site-packages/airflow/example_dags/example_xcom.py for tasks to queue
[2024-04-04T23:19:10.100+0000] {logging_mixin.py:188} INFO - [2024-04-04T23:19:10.099+0000] {dagbag.py:538} INFO - Filling up the DagBag from /home/airflow/.local/lib/python3.8/site-packages/airflow/example_dags/example_xcom.py
[2024-04-04T23:19:10.129+0000] {processor.py:840} INFO - DAG(s) 'example_xcom' retrieved from /home/airflow/.local/lib/python3.8/site-packages/airflow/example_dags/example_xcom.py
[2024-04-04T23:19:10.206+0000] {logging_mixin.py:188} INFO - [2024-04-04T23:19:10.205+0000] {dag.py:3036} INFO - Sync 1 DAGs
[2024-04-04T23:19:10.296+0000] {logging_mixin.py:188} INFO - [2024-04-04T23:19:10.295+0000] {dag.py:3823} INFO - Setting next_dagrun for example_xcom to 2021-01-01 00:00:00+00:00, run_after=2021-01-01 00:00:00+00:00
[2024-04-04T23:19:10.382+0000] {processor.py:183} INFO - Processing /home/airflow/.local/lib/python3.8/site-packages/airflow/example_dags/example_xcom.py took 0.302 seconds
[2024-04-04T23:19:41.510+0000] {processor.py:161} INFO - Started process (PID=48193) to work on /home/airflow/.local/lib/python3.8/site-packages/airflow/example_dags/example_xcom.py
[2024-04-04T23:19:41.516+0000] {processor.py:830} INFO - Processing file /home/airflow/.local/lib/python3.8/site-packages/airflow/example_dags/example_xcom.py for tasks to queue
[2024-04-04T23:19:41.524+0000] {logging_mixin.py:188} INFO - [2024-04-04T23:19:41.522+0000] {dagbag.py:538} INFO - Filling up the DagBag from /home/airflow/.local/lib/python3.8/site-packages/airflow/example_dags/example_xcom.py
[2024-04-04T23:19:41.578+0000] {processor.py:840} INFO - DAG(s) 'example_xcom' retrieved from /home/airflow/.local/lib/python3.8/site-packages/airflow/example_dags/example_xcom.py
[2024-04-04T23:19:41.762+0000] {logging_mixin.py:188} INFO - [2024-04-04T23:19:41.760+0000] {dag.py:3036} INFO - Sync 1 DAGs
[2024-04-04T23:19:41.923+0000] {logging_mixin.py:188} INFO - [2024-04-04T23:19:41.921+0000] {dag.py:3823} INFO - Setting next_dagrun for example_xcom to 2021-01-01 00:00:00+00:00, run_after=2021-01-01 00:00:00+00:00
[2024-04-04T23:19:42.060+0000] {processor.py:183} INFO - Processing /home/airflow/.local/lib/python3.8/site-packages/airflow/example_dags/example_xcom.py took 0.573 seconds
[2024-04-04T23:20:12.276+0000] {processor.py:161} INFO - Started process (PID=48253) to work on /home/airflow/.local/lib/python3.8/site-packages/airflow/example_dags/example_xcom.py
[2024-04-04T23:20:12.278+0000] {processor.py:830} INFO - Processing file /home/airflow/.local/lib/python3.8/site-packages/airflow/example_dags/example_xcom.py for tasks to queue
[2024-04-04T23:20:12.281+0000] {logging_mixin.py:188} INFO - [2024-04-04T23:20:12.280+0000] {dagbag.py:538} INFO - Filling up the DagBag from /home/airflow/.local/lib/python3.8/site-packages/airflow/example_dags/example_xcom.py
[2024-04-04T23:20:12.301+0000] {processor.py:840} INFO - DAG(s) 'example_xcom' retrieved from /home/airflow/.local/lib/python3.8/site-packages/airflow/example_dags/example_xcom.py
[2024-04-04T23:20:12.361+0000] {logging_mixin.py:188} INFO - [2024-04-04T23:20:12.361+0000] {dag.py:3036} INFO - Sync 1 DAGs
[2024-04-04T23:20:12.417+0000] {logging_mixin.py:188} INFO - [2024-04-04T23:20:12.417+0000] {dag.py:3823} INFO - Setting next_dagrun for example_xcom to 2021-01-01 00:00:00+00:00, run_after=2021-01-01 00:00:00+00:00
[2024-04-04T23:20:12.463+0000] {processor.py:183} INFO - Processing /home/airflow/.local/lib/python3.8/site-packages/airflow/example_dags/example_xcom.py took 0.197 seconds
[2024-04-04T23:20:43.175+0000] {processor.py:161} INFO - Started process (PID=48313) to work on /home/airflow/.local/lib/python3.8/site-packages/airflow/example_dags/example_xcom.py
[2024-04-04T23:20:43.177+0000] {processor.py:830} INFO - Processing file /home/airflow/.local/lib/python3.8/site-packages/airflow/example_dags/example_xcom.py for tasks to queue
[2024-04-04T23:20:43.180+0000] {logging_mixin.py:188} INFO - [2024-04-04T23:20:43.179+0000] {dagbag.py:538} INFO - Filling up the DagBag from /home/airflow/.local/lib/python3.8/site-packages/airflow/example_dags/example_xcom.py
[2024-04-04T23:20:43.197+0000] {processor.py:840} INFO - DAG(s) 'example_xcom' retrieved from /home/airflow/.local/lib/python3.8/site-packages/airflow/example_dags/example_xcom.py
[2024-04-04T23:20:43.249+0000] {logging_mixin.py:188} INFO - [2024-04-04T23:20:43.248+0000] {dag.py:3036} INFO - Sync 1 DAGs
[2024-04-04T23:20:43.304+0000] {logging_mixin.py:188} INFO - [2024-04-04T23:20:43.303+0000] {dag.py:3823} INFO - Setting next_dagrun for example_xcom to 2021-01-01 00:00:00+00:00, run_after=2021-01-01 00:00:00+00:00
[2024-04-04T23:20:43.361+0000] {processor.py:183} INFO - Processing /home/airflow/.local/lib/python3.8/site-packages/airflow/example_dags/example_xcom.py took 0.194 seconds
[2024-04-04T23:21:13.578+0000] {processor.py:161} INFO - Started process (PID=48373) to work on /home/airflow/.local/lib/python3.8/site-packages/airflow/example_dags/example_xcom.py
[2024-04-04T23:21:13.581+0000] {processor.py:830} INFO - Processing file /home/airflow/.local/lib/python3.8/site-packages/airflow/example_dags/example_xcom.py for tasks to queue
[2024-04-04T23:21:13.584+0000] {logging_mixin.py:188} INFO - [2024-04-04T23:21:13.583+0000] {dagbag.py:538} INFO - Filling up the DagBag from /home/airflow/.local/lib/python3.8/site-packages/airflow/example_dags/example_xcom.py
[2024-04-04T23:21:13.624+0000] {processor.py:840} INFO - DAG(s) 'example_xcom' retrieved from /home/airflow/.local/lib/python3.8/site-packages/airflow/example_dags/example_xcom.py
[2024-04-04T23:21:13.732+0000] {logging_mixin.py:188} INFO - [2024-04-04T23:21:13.730+0000] {dag.py:3036} INFO - Sync 1 DAGs
[2024-04-04T23:21:13.830+0000] {logging_mixin.py:188} INFO - [2024-04-04T23:21:13.829+0000] {dag.py:3823} INFO - Setting next_dagrun for example_xcom to 2021-01-01 00:00:00+00:00, run_after=2021-01-01 00:00:00+00:00
[2024-04-04T23:21:13.886+0000] {processor.py:183} INFO - Processing /home/airflow/.local/lib/python3.8/site-packages/airflow/example_dags/example_xcom.py took 0.323 seconds
[2024-04-04T23:21:45.499+0000] {processor.py:161} INFO - Started process (PID=48433) to work on /home/airflow/.local/lib/python3.8/site-packages/airflow/example_dags/example_xcom.py
[2024-04-04T23:21:45.505+0000] {processor.py:830} INFO - Processing file /home/airflow/.local/lib/python3.8/site-packages/airflow/example_dags/example_xcom.py for tasks to queue
[2024-04-04T23:21:45.511+0000] {logging_mixin.py:188} INFO - [2024-04-04T23:21:45.510+0000] {dagbag.py:538} INFO - Filling up the DagBag from /home/airflow/.local/lib/python3.8/site-packages/airflow/example_dags/example_xcom.py
[2024-04-04T23:21:45.558+0000] {processor.py:840} INFO - DAG(s) 'example_xcom' retrieved from /home/airflow/.local/lib/python3.8/site-packages/airflow/example_dags/example_xcom.py
[2024-04-04T23:21:45.688+0000] {logging_mixin.py:188} INFO - [2024-04-04T23:21:45.687+0000] {dag.py:3036} INFO - Sync 1 DAGs
[2024-04-04T23:21:45.810+0000] {logging_mixin.py:188} INFO - [2024-04-04T23:21:45.809+0000] {dag.py:3823} INFO - Setting next_dagrun for example_xcom to 2021-01-01 00:00:00+00:00, run_after=2021-01-01 00:00:00+00:00
[2024-04-04T23:21:45.919+0000] {processor.py:183} INFO - Processing /home/airflow/.local/lib/python3.8/site-packages/airflow/example_dags/example_xcom.py took 0.441 seconds
[2024-04-04T23:22:16.913+0000] {processor.py:161} INFO - Started process (PID=48493) to work on /home/airflow/.local/lib/python3.8/site-packages/airflow/example_dags/example_xcom.py
[2024-04-04T23:22:16.921+0000] {processor.py:830} INFO - Processing file /home/airflow/.local/lib/python3.8/site-packages/airflow/example_dags/example_xcom.py for tasks to queue
[2024-04-04T23:22:16.930+0000] {logging_mixin.py:188} INFO - [2024-04-04T23:22:16.928+0000] {dagbag.py:538} INFO - Filling up the DagBag from /home/airflow/.local/lib/python3.8/site-packages/airflow/example_dags/example_xcom.py
[2024-04-04T23:22:16.982+0000] {processor.py:840} INFO - DAG(s) 'example_xcom' retrieved from /home/airflow/.local/lib/python3.8/site-packages/airflow/example_dags/example_xcom.py
[2024-04-04T23:22:17.112+0000] {logging_mixin.py:188} INFO - [2024-04-04T23:22:17.110+0000] {dag.py:3036} INFO - Sync 1 DAGs
[2024-04-04T23:22:17.237+0000] {logging_mixin.py:188} INFO - [2024-04-04T23:22:17.236+0000] {dag.py:3823} INFO - Setting next_dagrun for example_xcom to 2021-01-01 00:00:00+00:00, run_after=2021-01-01 00:00:00+00:00
[2024-04-04T23:22:17.320+0000] {processor.py:183} INFO - Processing /home/airflow/.local/lib/python3.8/site-packages/airflow/example_dags/example_xcom.py took 0.430 seconds
[2024-04-04T23:22:47.770+0000] {processor.py:161} INFO - Started process (PID=48551) to work on /home/airflow/.local/lib/python3.8/site-packages/airflow/example_dags/example_xcom.py
[2024-04-04T23:22:47.772+0000] {processor.py:830} INFO - Processing file /home/airflow/.local/lib/python3.8/site-packages/airflow/example_dags/example_xcom.py for tasks to queue
[2024-04-04T23:22:47.774+0000] {logging_mixin.py:188} INFO - [2024-04-04T23:22:47.773+0000] {dagbag.py:538} INFO - Filling up the DagBag from /home/airflow/.local/lib/python3.8/site-packages/airflow/example_dags/example_xcom.py
[2024-04-04T23:22:47.787+0000] {processor.py:840} INFO - DAG(s) 'example_xcom' retrieved from /home/airflow/.local/lib/python3.8/site-packages/airflow/example_dags/example_xcom.py
[2024-04-04T23:22:47.830+0000] {logging_mixin.py:188} INFO - [2024-04-04T23:22:47.830+0000] {dag.py:3036} INFO - Sync 1 DAGs
[2024-04-04T23:22:47.865+0000] {logging_mixin.py:188} INFO - [2024-04-04T23:22:47.865+0000] {dag.py:3823} INFO - Setting next_dagrun for example_xcom to 2021-01-01 00:00:00+00:00, run_after=2021-01-01 00:00:00+00:00
[2024-04-04T23:22:47.898+0000] {processor.py:183} INFO - Processing /home/airflow/.local/lib/python3.8/site-packages/airflow/example_dags/example_xcom.py took 0.133 seconds
[2024-04-04T23:23:18.406+0000] {processor.py:161} INFO - Started process (PID=48611) to work on /home/airflow/.local/lib/python3.8/site-packages/airflow/example_dags/example_xcom.py
[2024-04-04T23:23:18.409+0000] {processor.py:830} INFO - Processing file /home/airflow/.local/lib/python3.8/site-packages/airflow/example_dags/example_xcom.py for tasks to queue
[2024-04-04T23:23:18.412+0000] {logging_mixin.py:188} INFO - [2024-04-04T23:23:18.411+0000] {dagbag.py:538} INFO - Filling up the DagBag from /home/airflow/.local/lib/python3.8/site-packages/airflow/example_dags/example_xcom.py
[2024-04-04T23:23:18.444+0000] {processor.py:840} INFO - DAG(s) 'example_xcom' retrieved from /home/airflow/.local/lib/python3.8/site-packages/airflow/example_dags/example_xcom.py
[2024-04-04T23:23:18.525+0000] {logging_mixin.py:188} INFO - [2024-04-04T23:23:18.525+0000] {dag.py:3036} INFO - Sync 1 DAGs
[2024-04-04T23:23:18.575+0000] {logging_mixin.py:188} INFO - [2024-04-04T23:23:18.574+0000] {dag.py:3823} INFO - Setting next_dagrun for example_xcom to 2021-01-01 00:00:00+00:00, run_after=2021-01-01 00:00:00+00:00
[2024-04-04T23:23:18.613+0000] {processor.py:183} INFO - Processing /home/airflow/.local/lib/python3.8/site-packages/airflow/example_dags/example_xcom.py took 0.216 seconds
[2024-04-04T23:23:48.860+0000] {processor.py:161} INFO - Started process (PID=48671) to work on /home/airflow/.local/lib/python3.8/site-packages/airflow/example_dags/example_xcom.py
[2024-04-04T23:23:48.864+0000] {processor.py:830} INFO - Processing file /home/airflow/.local/lib/python3.8/site-packages/airflow/example_dags/example_xcom.py for tasks to queue
[2024-04-04T23:23:48.870+0000] {logging_mixin.py:188} INFO - [2024-04-04T23:23:48.868+0000] {dagbag.py:538} INFO - Filling up the DagBag from /home/airflow/.local/lib/python3.8/site-packages/airflow/example_dags/example_xcom.py
[2024-04-04T23:23:48.898+0000] {processor.py:840} INFO - DAG(s) 'example_xcom' retrieved from /home/airflow/.local/lib/python3.8/site-packages/airflow/example_dags/example_xcom.py
[2024-04-04T23:23:48.988+0000] {logging_mixin.py:188} INFO - [2024-04-04T23:23:48.987+0000] {dag.py:3036} INFO - Sync 1 DAGs
[2024-04-04T23:23:49.093+0000] {logging_mixin.py:188} INFO - [2024-04-04T23:23:49.091+0000] {dag.py:3823} INFO - Setting next_dagrun for example_xcom to 2021-01-01 00:00:00+00:00, run_after=2021-01-01 00:00:00+00:00
[2024-04-04T23:23:49.180+0000] {processor.py:183} INFO - Processing /home/airflow/.local/lib/python3.8/site-packages/airflow/example_dags/example_xcom.py took 0.338 seconds
[2024-04-04T23:24:20.221+0000] {processor.py:161} INFO - Started process (PID=48731) to work on /home/airflow/.local/lib/python3.8/site-packages/airflow/example_dags/example_xcom.py
[2024-04-04T23:24:20.226+0000] {processor.py:830} INFO - Processing file /home/airflow/.local/lib/python3.8/site-packages/airflow/example_dags/example_xcom.py for tasks to queue
[2024-04-04T23:24:20.233+0000] {logging_mixin.py:188} INFO - [2024-04-04T23:24:20.231+0000] {dagbag.py:538} INFO - Filling up the DagBag from /home/airflow/.local/lib/python3.8/site-packages/airflow/example_dags/example_xcom.py
[2024-04-04T23:24:20.281+0000] {processor.py:840} INFO - DAG(s) 'example_xcom' retrieved from /home/airflow/.local/lib/python3.8/site-packages/airflow/example_dags/example_xcom.py
[2024-04-04T23:24:20.414+0000] {logging_mixin.py:188} INFO - [2024-04-04T23:24:20.412+0000] {dag.py:3036} INFO - Sync 1 DAGs
[2024-04-04T23:24:20.526+0000] {logging_mixin.py:188} INFO - [2024-04-04T23:24:20.525+0000] {dag.py:3823} INFO - Setting next_dagrun for example_xcom to 2021-01-01 00:00:00+00:00, run_after=2021-01-01 00:00:00+00:00
[2024-04-04T23:24:20.614+0000] {processor.py:183} INFO - Processing /home/airflow/.local/lib/python3.8/site-packages/airflow/example_dags/example_xcom.py took 0.419 seconds
[2024-04-04T23:24:50.952+0000] {processor.py:161} INFO - Started process (PID=48791) to work on /home/airflow/.local/lib/python3.8/site-packages/airflow/example_dags/example_xcom.py
[2024-04-04T23:24:50.955+0000] {processor.py:830} INFO - Processing file /home/airflow/.local/lib/python3.8/site-packages/airflow/example_dags/example_xcom.py for tasks to queue
[2024-04-04T23:24:50.957+0000] {logging_mixin.py:188} INFO - [2024-04-04T23:24:50.956+0000] {dagbag.py:538} INFO - Filling up the DagBag from /home/airflow/.local/lib/python3.8/site-packages/airflow/example_dags/example_xcom.py
[2024-04-04T23:24:50.973+0000] {processor.py:840} INFO - DAG(s) 'example_xcom' retrieved from /home/airflow/.local/lib/python3.8/site-packages/airflow/example_dags/example_xcom.py
[2024-04-04T23:24:51.028+0000] {logging_mixin.py:188} INFO - [2024-04-04T23:24:51.028+0000] {dag.py:3036} INFO - Sync 1 DAGs
[2024-04-04T23:24:51.076+0000] {logging_mixin.py:188} INFO - [2024-04-04T23:24:51.075+0000] {dag.py:3823} INFO - Setting next_dagrun for example_xcom to 2021-01-01 00:00:00+00:00, run_after=2021-01-01 00:00:00+00:00
[2024-04-04T23:24:51.118+0000] {processor.py:183} INFO - Processing /home/airflow/.local/lib/python3.8/site-packages/airflow/example_dags/example_xcom.py took 0.174 seconds
[2024-04-04T23:25:21.452+0000] {processor.py:161} INFO - Started process (PID=48851) to work on /home/airflow/.local/lib/python3.8/site-packages/airflow/example_dags/example_xcom.py
[2024-04-04T23:25:21.455+0000] {processor.py:830} INFO - Processing file /home/airflow/.local/lib/python3.8/site-packages/airflow/example_dags/example_xcom.py for tasks to queue
[2024-04-04T23:25:21.457+0000] {logging_mixin.py:188} INFO - [2024-04-04T23:25:21.456+0000] {dagbag.py:538} INFO - Filling up the DagBag from /home/airflow/.local/lib/python3.8/site-packages/airflow/example_dags/example_xcom.py
[2024-04-04T23:25:21.488+0000] {processor.py:840} INFO - DAG(s) 'example_xcom' retrieved from /home/airflow/.local/lib/python3.8/site-packages/airflow/example_dags/example_xcom.py
[2024-04-04T23:25:21.538+0000] {logging_mixin.py:188} INFO - [2024-04-04T23:25:21.538+0000] {dag.py:3036} INFO - Sync 1 DAGs
[2024-04-04T23:25:21.602+0000] {logging_mixin.py:188} INFO - [2024-04-04T23:25:21.602+0000] {dag.py:3823} INFO - Setting next_dagrun for example_xcom to 2021-01-01 00:00:00+00:00, run_after=2021-01-01 00:00:00+00:00
[2024-04-04T23:25:21.661+0000] {processor.py:183} INFO - Processing /home/airflow/.local/lib/python3.8/site-packages/airflow/example_dags/example_xcom.py took 0.223 seconds
[2024-04-04T23:25:51.913+0000] {processor.py:161} INFO - Started process (PID=48911) to work on /home/airflow/.local/lib/python3.8/site-packages/airflow/example_dags/example_xcom.py
[2024-04-04T23:25:51.920+0000] {processor.py:830} INFO - Processing file /home/airflow/.local/lib/python3.8/site-packages/airflow/example_dags/example_xcom.py for tasks to queue
[2024-04-04T23:25:51.930+0000] {logging_mixin.py:188} INFO - [2024-04-04T23:25:51.928+0000] {dagbag.py:538} INFO - Filling up the DagBag from /home/airflow/.local/lib/python3.8/site-packages/airflow/example_dags/example_xcom.py
[2024-04-04T23:25:52.001+0000] {processor.py:840} INFO - DAG(s) 'example_xcom' retrieved from /home/airflow/.local/lib/python3.8/site-packages/airflow/example_dags/example_xcom.py
[2024-04-04T23:25:52.138+0000] {logging_mixin.py:188} INFO - [2024-04-04T23:25:52.137+0000] {dag.py:3036} INFO - Sync 1 DAGs
[2024-04-04T23:25:52.272+0000] {logging_mixin.py:188} INFO - [2024-04-04T23:25:52.271+0000] {dag.py:3823} INFO - Setting next_dagrun for example_xcom to 2021-01-01 00:00:00+00:00, run_after=2021-01-01 00:00:00+00:00
[2024-04-04T23:25:52.384+0000] {processor.py:183} INFO - Processing /home/airflow/.local/lib/python3.8/site-packages/airflow/example_dags/example_xcom.py took 0.493 seconds
[2024-04-04T23:26:23.388+0000] {processor.py:161} INFO - Started process (PID=48971) to work on /home/airflow/.local/lib/python3.8/site-packages/airflow/example_dags/example_xcom.py
[2024-04-04T23:26:23.394+0000] {processor.py:830} INFO - Processing file /home/airflow/.local/lib/python3.8/site-packages/airflow/example_dags/example_xcom.py for tasks to queue
[2024-04-04T23:26:23.409+0000] {logging_mixin.py:188} INFO - [2024-04-04T23:26:23.406+0000] {dagbag.py:538} INFO - Filling up the DagBag from /home/airflow/.local/lib/python3.8/site-packages/airflow/example_dags/example_xcom.py
[2024-04-04T23:26:23.470+0000] {processor.py:840} INFO - DAG(s) 'example_xcom' retrieved from /home/airflow/.local/lib/python3.8/site-packages/airflow/example_dags/example_xcom.py
[2024-04-04T23:26:23.638+0000] {logging_mixin.py:188} INFO - [2024-04-04T23:26:23.636+0000] {dag.py:3036} INFO - Sync 1 DAGs
[2024-04-04T23:26:23.834+0000] {logging_mixin.py:188} INFO - [2024-04-04T23:26:23.832+0000] {dag.py:3823} INFO - Setting next_dagrun for example_xcom to 2021-01-01 00:00:00+00:00, run_after=2021-01-01 00:00:00+00:00
[2024-04-04T23:26:23.966+0000] {processor.py:183} INFO - Processing /home/airflow/.local/lib/python3.8/site-packages/airflow/example_dags/example_xcom.py took 0.614 seconds
[2024-04-04T23:26:54.699+0000] {processor.py:161} INFO - Started process (PID=49031) to work on /home/airflow/.local/lib/python3.8/site-packages/airflow/example_dags/example_xcom.py
[2024-04-04T23:26:54.702+0000] {processor.py:830} INFO - Processing file /home/airflow/.local/lib/python3.8/site-packages/airflow/example_dags/example_xcom.py for tasks to queue
[2024-04-04T23:26:54.705+0000] {logging_mixin.py:188} INFO - [2024-04-04T23:26:54.704+0000] {dagbag.py:538} INFO - Filling up the DagBag from /home/airflow/.local/lib/python3.8/site-packages/airflow/example_dags/example_xcom.py
[2024-04-04T23:26:54.732+0000] {processor.py:840} INFO - DAG(s) 'example_xcom' retrieved from /home/airflow/.local/lib/python3.8/site-packages/airflow/example_dags/example_xcom.py
[2024-04-04T23:26:54.795+0000] {logging_mixin.py:188} INFO - [2024-04-04T23:26:54.794+0000] {dag.py:3036} INFO - Sync 1 DAGs
[2024-04-04T23:26:54.856+0000] {logging_mixin.py:188} INFO - [2024-04-04T23:26:54.856+0000] {dag.py:3823} INFO - Setting next_dagrun for example_xcom to 2021-01-01 00:00:00+00:00, run_after=2021-01-01 00:00:00+00:00
[2024-04-04T23:26:54.914+0000] {processor.py:183} INFO - Processing /home/airflow/.local/lib/python3.8/site-packages/airflow/example_dags/example_xcom.py took 0.226 seconds
[2024-04-04T23:27:25.268+0000] {processor.py:161} INFO - Started process (PID=49092) to work on /home/airflow/.local/lib/python3.8/site-packages/airflow/example_dags/example_xcom.py
[2024-04-04T23:27:25.270+0000] {processor.py:830} INFO - Processing file /home/airflow/.local/lib/python3.8/site-packages/airflow/example_dags/example_xcom.py for tasks to queue
[2024-04-04T23:27:25.273+0000] {logging_mixin.py:188} INFO - [2024-04-04T23:27:25.272+0000] {dagbag.py:538} INFO - Filling up the DagBag from /home/airflow/.local/lib/python3.8/site-packages/airflow/example_dags/example_xcom.py
[2024-04-04T23:27:25.293+0000] {processor.py:840} INFO - DAG(s) 'example_xcom' retrieved from /home/airflow/.local/lib/python3.8/site-packages/airflow/example_dags/example_xcom.py
[2024-04-04T23:27:25.352+0000] {logging_mixin.py:188} INFO - [2024-04-04T23:27:25.352+0000] {dag.py:3036} INFO - Sync 1 DAGs
[2024-04-04T23:27:25.426+0000] {logging_mixin.py:188} INFO - [2024-04-04T23:27:25.425+0000] {dag.py:3823} INFO - Setting next_dagrun for example_xcom to 2021-01-01 00:00:00+00:00, run_after=2021-01-01 00:00:00+00:00
[2024-04-04T23:27:25.482+0000] {processor.py:183} INFO - Processing /home/airflow/.local/lib/python3.8/site-packages/airflow/example_dags/example_xcom.py took 0.222 seconds
[2024-04-04T23:27:55.837+0000] {processor.py:161} INFO - Started process (PID=49152) to work on /home/airflow/.local/lib/python3.8/site-packages/airflow/example_dags/example_xcom.py
[2024-04-04T23:27:55.840+0000] {processor.py:830} INFO - Processing file /home/airflow/.local/lib/python3.8/site-packages/airflow/example_dags/example_xcom.py for tasks to queue
[2024-04-04T23:27:55.843+0000] {logging_mixin.py:188} INFO - [2024-04-04T23:27:55.843+0000] {dagbag.py:538} INFO - Filling up the DagBag from /home/airflow/.local/lib/python3.8/site-packages/airflow/example_dags/example_xcom.py
[2024-04-04T23:27:55.864+0000] {processor.py:840} INFO - DAG(s) 'example_xcom' retrieved from /home/airflow/.local/lib/python3.8/site-packages/airflow/example_dags/example_xcom.py
[2024-04-04T23:27:55.924+0000] {logging_mixin.py:188} INFO - [2024-04-04T23:27:55.923+0000] {dag.py:3036} INFO - Sync 1 DAGs
[2024-04-04T23:27:55.981+0000] {logging_mixin.py:188} INFO - [2024-04-04T23:27:55.980+0000] {dag.py:3823} INFO - Setting next_dagrun for example_xcom to 2021-01-01 00:00:00+00:00, run_after=2021-01-01 00:00:00+00:00
[2024-04-04T23:27:56.025+0000] {processor.py:183} INFO - Processing /home/airflow/.local/lib/python3.8/site-packages/airflow/example_dags/example_xcom.py took 0.197 seconds
[2024-04-04T23:28:27.517+0000] {processor.py:161} INFO - Started process (PID=49212) to work on /home/airflow/.local/lib/python3.8/site-packages/airflow/example_dags/example_xcom.py
[2024-04-04T23:28:27.525+0000] {processor.py:830} INFO - Processing file /home/airflow/.local/lib/python3.8/site-packages/airflow/example_dags/example_xcom.py for tasks to queue
[2024-04-04T23:28:27.533+0000] {logging_mixin.py:188} INFO - [2024-04-04T23:28:27.531+0000] {dagbag.py:538} INFO - Filling up the DagBag from /home/airflow/.local/lib/python3.8/site-packages/airflow/example_dags/example_xcom.py
[2024-04-04T23:28:27.582+0000] {processor.py:840} INFO - DAG(s) 'example_xcom' retrieved from /home/airflow/.local/lib/python3.8/site-packages/airflow/example_dags/example_xcom.py
[2024-04-04T23:28:27.701+0000] {logging_mixin.py:188} INFO - [2024-04-04T23:28:27.700+0000] {dag.py:3036} INFO - Sync 1 DAGs
[2024-04-04T23:28:27.846+0000] {logging_mixin.py:188} INFO - [2024-04-04T23:28:27.845+0000] {dag.py:3823} INFO - Setting next_dagrun for example_xcom to 2021-01-01 00:00:00+00:00, run_after=2021-01-01 00:00:00+00:00
[2024-04-04T23:28:27.983+0000] {processor.py:183} INFO - Processing /home/airflow/.local/lib/python3.8/site-packages/airflow/example_dags/example_xcom.py took 0.493 seconds
[2024-04-04T23:28:58.763+0000] {processor.py:161} INFO - Started process (PID=49272) to work on /home/airflow/.local/lib/python3.8/site-packages/airflow/example_dags/example_xcom.py
[2024-04-04T23:28:58.768+0000] {processor.py:830} INFO - Processing file /home/airflow/.local/lib/python3.8/site-packages/airflow/example_dags/example_xcom.py for tasks to queue
[2024-04-04T23:28:58.773+0000] {logging_mixin.py:188} INFO - [2024-04-04T23:28:58.772+0000] {dagbag.py:538} INFO - Filling up the DagBag from /home/airflow/.local/lib/python3.8/site-packages/airflow/example_dags/example_xcom.py
[2024-04-04T23:28:58.808+0000] {processor.py:840} INFO - DAG(s) 'example_xcom' retrieved from /home/airflow/.local/lib/python3.8/site-packages/airflow/example_dags/example_xcom.py
[2024-04-04T23:28:58.933+0000] {logging_mixin.py:188} INFO - [2024-04-04T23:28:58.932+0000] {dag.py:3036} INFO - Sync 1 DAGs
[2024-04-04T23:28:59.081+0000] {logging_mixin.py:188} INFO - [2024-04-04T23:28:59.079+0000] {dag.py:3823} INFO - Setting next_dagrun for example_xcom to 2021-01-01 00:00:00+00:00, run_after=2021-01-01 00:00:00+00:00
[2024-04-04T23:28:59.188+0000] {processor.py:183} INFO - Processing /home/airflow/.local/lib/python3.8/site-packages/airflow/example_dags/example_xcom.py took 0.441 seconds
[2024-04-04T23:29:29.302+0000] {processor.py:161} INFO - Started process (PID=49332) to work on /home/airflow/.local/lib/python3.8/site-packages/airflow/example_dags/example_xcom.py
[2024-04-04T23:29:29.305+0000] {processor.py:830} INFO - Processing file /home/airflow/.local/lib/python3.8/site-packages/airflow/example_dags/example_xcom.py for tasks to queue
[2024-04-04T23:29:29.308+0000] {logging_mixin.py:188} INFO - [2024-04-04T23:29:29.307+0000] {dagbag.py:538} INFO - Filling up the DagBag from /home/airflow/.local/lib/python3.8/site-packages/airflow/example_dags/example_xcom.py
[2024-04-04T23:29:29.330+0000] {processor.py:840} INFO - DAG(s) 'example_xcom' retrieved from /home/airflow/.local/lib/python3.8/site-packages/airflow/example_dags/example_xcom.py
[2024-04-04T23:29:29.392+0000] {logging_mixin.py:188} INFO - [2024-04-04T23:29:29.391+0000] {dag.py:3036} INFO - Sync 1 DAGs
[2024-04-04T23:29:29.453+0000] {logging_mixin.py:188} INFO - [2024-04-04T23:29:29.452+0000] {dag.py:3823} INFO - Setting next_dagrun for example_xcom to 2021-01-01 00:00:00+00:00, run_after=2021-01-01 00:00:00+00:00
[2024-04-04T23:29:29.521+0000] {processor.py:183} INFO - Processing /home/airflow/.local/lib/python3.8/site-packages/airflow/example_dags/example_xcom.py took 0.230 seconds
[2024-04-04T23:30:00.491+0000] {processor.py:161} INFO - Started process (PID=49392) to work on /home/airflow/.local/lib/python3.8/site-packages/airflow/example_dags/example_xcom.py
[2024-04-04T23:30:00.495+0000] {processor.py:830} INFO - Processing file /home/airflow/.local/lib/python3.8/site-packages/airflow/example_dags/example_xcom.py for tasks to queue
[2024-04-04T23:30:00.500+0000] {logging_mixin.py:188} INFO - [2024-04-04T23:30:00.498+0000] {dagbag.py:538} INFO - Filling up the DagBag from /home/airflow/.local/lib/python3.8/site-packages/airflow/example_dags/example_xcom.py
[2024-04-04T23:30:00.528+0000] {processor.py:840} INFO - DAG(s) 'example_xcom' retrieved from /home/airflow/.local/lib/python3.8/site-packages/airflow/example_dags/example_xcom.py
[2024-04-04T23:30:00.602+0000] {logging_mixin.py:188} INFO - [2024-04-04T23:30:00.601+0000] {dag.py:3036} INFO - Sync 1 DAGs
[2024-04-04T23:30:00.671+0000] {logging_mixin.py:188} INFO - [2024-04-04T23:30:00.670+0000] {dag.py:3823} INFO - Setting next_dagrun for example_xcom to 2021-01-01 00:00:00+00:00, run_after=2021-01-01 00:00:00+00:00
[2024-04-04T23:30:00.750+0000] {processor.py:183} INFO - Processing /home/airflow/.local/lib/python3.8/site-packages/airflow/example_dags/example_xcom.py took 0.274 seconds
[2024-04-04T23:30:35.413+0000] {processor.py:161} INFO - Started process (PID=49451) to work on /home/airflow/.local/lib/python3.8/site-packages/airflow/example_dags/example_xcom.py
[2024-04-04T23:30:35.421+0000] {processor.py:830} INFO - Processing file /home/airflow/.local/lib/python3.8/site-packages/airflow/example_dags/example_xcom.py for tasks to queue
[2024-04-04T23:30:35.428+0000] {logging_mixin.py:188} INFO - [2024-04-04T23:30:35.426+0000] {dagbag.py:538} INFO - Filling up the DagBag from /home/airflow/.local/lib/python3.8/site-packages/airflow/example_dags/example_xcom.py
[2024-04-04T23:30:36.614+0000] {processor.py:840} INFO - DAG(s) 'example_xcom' retrieved from /home/airflow/.local/lib/python3.8/site-packages/airflow/example_dags/example_xcom.py
[2024-04-04T23:30:36.889+0000] {logging_mixin.py:188} INFO - [2024-04-04T23:30:36.886+0000] {dag.py:3036} INFO - Sync 1 DAGs
[2024-04-04T23:30:37.094+0000] {logging_mixin.py:188} INFO - [2024-04-04T23:30:37.093+0000] {dag.py:3823} INFO - Setting next_dagrun for example_xcom to 2021-01-01 00:00:00+00:00, run_after=2021-01-01 00:00:00+00:00
[2024-04-04T23:30:37.212+0000] {processor.py:183} INFO - Processing /home/airflow/.local/lib/python3.8/site-packages/airflow/example_dags/example_xcom.py took 1.824 seconds
[2024-04-04T23:31:07.481+0000] {processor.py:161} INFO - Started process (PID=49512) to work on /home/airflow/.local/lib/python3.8/site-packages/airflow/example_dags/example_xcom.py
[2024-04-04T23:31:07.491+0000] {processor.py:830} INFO - Processing file /home/airflow/.local/lib/python3.8/site-packages/airflow/example_dags/example_xcom.py for tasks to queue
[2024-04-04T23:31:07.500+0000] {logging_mixin.py:188} INFO - [2024-04-04T23:31:07.497+0000] {dagbag.py:538} INFO - Filling up the DagBag from /home/airflow/.local/lib/python3.8/site-packages/airflow/example_dags/example_xcom.py
[2024-04-04T23:31:07.556+0000] {processor.py:840} INFO - DAG(s) 'example_xcom' retrieved from /home/airflow/.local/lib/python3.8/site-packages/airflow/example_dags/example_xcom.py
[2024-04-04T23:31:07.682+0000] {logging_mixin.py:188} INFO - [2024-04-04T23:31:07.681+0000] {dag.py:3036} INFO - Sync 1 DAGs
[2024-04-04T23:31:07.836+0000] {logging_mixin.py:188} INFO - [2024-04-04T23:31:07.835+0000] {dag.py:3823} INFO - Setting next_dagrun for example_xcom to 2021-01-01 00:00:00+00:00, run_after=2021-01-01 00:00:00+00:00
[2024-04-04T23:31:07.971+0000] {processor.py:183} INFO - Processing /home/airflow/.local/lib/python3.8/site-packages/airflow/example_dags/example_xcom.py took 0.525 seconds
[2024-04-04T23:31:38.138+0000] {processor.py:161} INFO - Started process (PID=49572) to work on /home/airflow/.local/lib/python3.8/site-packages/airflow/example_dags/example_xcom.py
[2024-04-04T23:31:38.141+0000] {processor.py:830} INFO - Processing file /home/airflow/.local/lib/python3.8/site-packages/airflow/example_dags/example_xcom.py for tasks to queue
[2024-04-04T23:31:38.144+0000] {logging_mixin.py:188} INFO - [2024-04-04T23:31:38.143+0000] {dagbag.py:538} INFO - Filling up the DagBag from /home/airflow/.local/lib/python3.8/site-packages/airflow/example_dags/example_xcom.py
[2024-04-04T23:31:38.164+0000] {processor.py:840} INFO - DAG(s) 'example_xcom' retrieved from /home/airflow/.local/lib/python3.8/site-packages/airflow/example_dags/example_xcom.py
[2024-04-04T23:31:38.234+0000] {logging_mixin.py:188} INFO - [2024-04-04T23:31:38.233+0000] {dag.py:3036} INFO - Sync 1 DAGs
[2024-04-04T23:31:38.318+0000] {logging_mixin.py:188} INFO - [2024-04-04T23:31:38.317+0000] {dag.py:3823} INFO - Setting next_dagrun for example_xcom to 2021-01-01 00:00:00+00:00, run_after=2021-01-01 00:00:00+00:00
[2024-04-04T23:31:38.379+0000] {processor.py:183} INFO - Processing /home/airflow/.local/lib/python3.8/site-packages/airflow/example_dags/example_xcom.py took 0.250 seconds
