[2024-04-04T20:01:52.722+0000] {processor.py:161} INFO - Started process (PID=43445) to work on /home/airflow/.local/lib/python3.8/site-packages/airflow/example_dags/example_python_decorator.py
[2024-04-04T20:01:52.734+0000] {processor.py:830} INFO - Processing file /home/airflow/.local/lib/python3.8/site-packages/airflow/example_dags/example_python_decorator.py for tasks to queue
[2024-04-04T20:01:52.740+0000] {logging_mixin.py:188} INFO - [2024-04-04T20:01:52.740+0000] {dagbag.py:538} INFO - Filling up the DagBag from /home/airflow/.local/lib/python3.8/site-packages/airflow/example_dags/example_python_decorator.py
[2024-04-04T20:01:52.809+0000] {processor.py:840} INFO - DAG(s) 'example_python_decorator' retrieved from /home/airflow/.local/lib/python3.8/site-packages/airflow/example_dags/example_python_decorator.py
[2024-04-04T20:01:52.932+0000] {logging_mixin.py:188} INFO - [2024-04-04T20:01:52.929+0000] {dag.py:3036} INFO - Sync 1 DAGs
[2024-04-04T20:01:52.984+0000] {logging_mixin.py:188} INFO - [2024-04-04T20:01:52.983+0000] {dag.py:3823} INFO - Setting next_dagrun for example_python_decorator to None, run_after=None
[2024-04-04T20:01:53.095+0000] {processor.py:183} INFO - Processing /home/airflow/.local/lib/python3.8/site-packages/airflow/example_dags/example_python_decorator.py took 0.379 seconds
[2024-04-04T18:12:21.444+0000] {processor.py:161} INFO - Started process (PID=46116) to work on /home/airflow/.local/lib/python3.8/site-packages/airflow/example_dags/example_python_decorator.py
[2024-04-04T18:12:21.533+0000] {processor.py:830} INFO - Processing file /home/airflow/.local/lib/python3.8/site-packages/airflow/example_dags/example_python_decorator.py for tasks to queue
[2024-04-04T18:12:21.550+0000] {logging_mixin.py:188} INFO - [2024-04-04T18:12:21.550+0000] {dagbag.py:538} INFO - Filling up the DagBag from /home/airflow/.local/lib/python3.8/site-packages/airflow/example_dags/example_python_decorator.py
[2024-04-04T18:12:21.600+0000] {processor.py:840} INFO - DAG(s) 'example_python_decorator' retrieved from /home/airflow/.local/lib/python3.8/site-packages/airflow/example_dags/example_python_decorator.py
[2024-04-04T18:12:21.738+0000] {logging_mixin.py:188} INFO - [2024-04-04T18:12:21.738+0000] {dag.py:3036} INFO - Sync 1 DAGs
[2024-04-04T18:12:21.806+0000] {logging_mixin.py:188} INFO - [2024-04-04T18:12:21.805+0000] {dag.py:3823} INFO - Setting next_dagrun for example_python_decorator to None, run_after=None
[2024-04-04T18:12:21.903+0000] {processor.py:183} INFO - Processing /home/airflow/.local/lib/python3.8/site-packages/airflow/example_dags/example_python_decorator.py took 0.501 seconds
[2024-04-04T18:12:53.166+0000] {processor.py:161} INFO - Started process (PID=46182) to work on /home/airflow/.local/lib/python3.8/site-packages/airflow/example_dags/example_python_decorator.py
[2024-04-04T18:12:53.168+0000] {processor.py:830} INFO - Processing file /home/airflow/.local/lib/python3.8/site-packages/airflow/example_dags/example_python_decorator.py for tasks to queue
[2024-04-04T18:12:53.169+0000] {logging_mixin.py:188} INFO - [2024-04-04T18:12:53.169+0000] {dagbag.py:538} INFO - Filling up the DagBag from /home/airflow/.local/lib/python3.8/site-packages/airflow/example_dags/example_python_decorator.py
[2024-04-04T18:12:53.210+0000] {processor.py:840} INFO - DAG(s) 'example_python_decorator' retrieved from /home/airflow/.local/lib/python3.8/site-packages/airflow/example_dags/example_python_decorator.py
[2024-04-04T18:12:53.238+0000] {logging_mixin.py:188} INFO - [2024-04-04T18:12:53.238+0000] {dag.py:3036} INFO - Sync 1 DAGs
[2024-04-04T18:12:53.251+0000] {logging_mixin.py:188} INFO - [2024-04-04T18:12:53.251+0000] {dag.py:3823} INFO - Setting next_dagrun for example_python_decorator to None, run_after=None
[2024-04-04T18:12:53.271+0000] {processor.py:183} INFO - Processing /home/airflow/.local/lib/python3.8/site-packages/airflow/example_dags/example_python_decorator.py took 0.110 seconds
[2024-04-04T18:13:23.781+0000] {processor.py:161} INFO - Started process (PID=46242) to work on /home/airflow/.local/lib/python3.8/site-packages/airflow/example_dags/example_python_decorator.py
[2024-04-04T18:13:23.782+0000] {processor.py:830} INFO - Processing file /home/airflow/.local/lib/python3.8/site-packages/airflow/example_dags/example_python_decorator.py for tasks to queue
[2024-04-04T18:13:23.784+0000] {logging_mixin.py:188} INFO - [2024-04-04T18:13:23.783+0000] {dagbag.py:538} INFO - Filling up the DagBag from /home/airflow/.local/lib/python3.8/site-packages/airflow/example_dags/example_python_decorator.py
[2024-04-04T18:13:23.806+0000] {processor.py:840} INFO - DAG(s) 'example_python_decorator' retrieved from /home/airflow/.local/lib/python3.8/site-packages/airflow/example_dags/example_python_decorator.py
[2024-04-04T18:13:23.844+0000] {logging_mixin.py:188} INFO - [2024-04-04T18:13:23.844+0000] {dag.py:3036} INFO - Sync 1 DAGs
[2024-04-04T18:13:23.861+0000] {logging_mixin.py:188} INFO - [2024-04-04T18:13:23.861+0000] {dag.py:3823} INFO - Setting next_dagrun for example_python_decorator to None, run_after=None
[2024-04-04T18:13:23.943+0000] {processor.py:183} INFO - Processing /home/airflow/.local/lib/python3.8/site-packages/airflow/example_dags/example_python_decorator.py took 0.166 seconds
[2024-04-04T18:13:54.278+0000] {processor.py:161} INFO - Started process (PID=46302) to work on /home/airflow/.local/lib/python3.8/site-packages/airflow/example_dags/example_python_decorator.py
[2024-04-04T18:13:54.279+0000] {processor.py:830} INFO - Processing file /home/airflow/.local/lib/python3.8/site-packages/airflow/example_dags/example_python_decorator.py for tasks to queue
[2024-04-04T18:13:54.280+0000] {logging_mixin.py:188} INFO - [2024-04-04T18:13:54.280+0000] {dagbag.py:538} INFO - Filling up the DagBag from /home/airflow/.local/lib/python3.8/site-packages/airflow/example_dags/example_python_decorator.py
[2024-04-04T18:13:54.296+0000] {processor.py:840} INFO - DAG(s) 'example_python_decorator' retrieved from /home/airflow/.local/lib/python3.8/site-packages/airflow/example_dags/example_python_decorator.py
[2024-04-04T18:13:54.320+0000] {logging_mixin.py:188} INFO - [2024-04-04T18:13:54.320+0000] {dag.py:3036} INFO - Sync 1 DAGs
[2024-04-04T18:13:54.333+0000] {logging_mixin.py:188} INFO - [2024-04-04T18:13:54.333+0000] {dag.py:3823} INFO - Setting next_dagrun for example_python_decorator to None, run_after=None
[2024-04-04T18:13:54.363+0000] {processor.py:183} INFO - Processing /home/airflow/.local/lib/python3.8/site-packages/airflow/example_dags/example_python_decorator.py took 0.089 seconds
[2024-04-04T18:14:24.582+0000] {processor.py:161} INFO - Started process (PID=46362) to work on /home/airflow/.local/lib/python3.8/site-packages/airflow/example_dags/example_python_decorator.py
[2024-04-04T18:14:24.584+0000] {processor.py:830} INFO - Processing file /home/airflow/.local/lib/python3.8/site-packages/airflow/example_dags/example_python_decorator.py for tasks to queue
[2024-04-04T18:14:24.585+0000] {logging_mixin.py:188} INFO - [2024-04-04T18:14:24.585+0000] {dagbag.py:538} INFO - Filling up the DagBag from /home/airflow/.local/lib/python3.8/site-packages/airflow/example_dags/example_python_decorator.py
[2024-04-04T18:14:24.602+0000] {processor.py:840} INFO - DAG(s) 'example_python_decorator' retrieved from /home/airflow/.local/lib/python3.8/site-packages/airflow/example_dags/example_python_decorator.py
[2024-04-04T18:14:24.631+0000] {logging_mixin.py:188} INFO - [2024-04-04T18:14:24.631+0000] {dag.py:3036} INFO - Sync 1 DAGs
[2024-04-04T18:14:24.648+0000] {logging_mixin.py:188} INFO - [2024-04-04T18:14:24.648+0000] {dag.py:3823} INFO - Setting next_dagrun for example_python_decorator to None, run_after=None
[2024-04-04T18:14:24.679+0000] {processor.py:183} INFO - Processing /home/airflow/.local/lib/python3.8/site-packages/airflow/example_dags/example_python_decorator.py took 0.101 seconds
[2024-04-04T18:14:55.371+0000] {processor.py:161} INFO - Started process (PID=46422) to work on /home/airflow/.local/lib/python3.8/site-packages/airflow/example_dags/example_python_decorator.py
[2024-04-04T18:14:55.377+0000] {processor.py:830} INFO - Processing file /home/airflow/.local/lib/python3.8/site-packages/airflow/example_dags/example_python_decorator.py for tasks to queue
[2024-04-04T18:14:55.383+0000] {logging_mixin.py:188} INFO - [2024-04-04T18:14:55.381+0000] {dagbag.py:538} INFO - Filling up the DagBag from /home/airflow/.local/lib/python3.8/site-packages/airflow/example_dags/example_python_decorator.py
[2024-04-04T18:14:55.482+0000] {processor.py:840} INFO - DAG(s) 'example_python_decorator' retrieved from /home/airflow/.local/lib/python3.8/site-packages/airflow/example_dags/example_python_decorator.py
[2024-04-04T18:14:55.606+0000] {logging_mixin.py:188} INFO - [2024-04-04T18:14:55.605+0000] {dag.py:3036} INFO - Sync 1 DAGs
[2024-04-04T18:14:55.683+0000] {logging_mixin.py:188} INFO - [2024-04-04T18:14:55.682+0000] {dag.py:3823} INFO - Setting next_dagrun for example_python_decorator to None, run_after=None
[2024-04-04T18:14:55.784+0000] {processor.py:183} INFO - Processing /home/airflow/.local/lib/python3.8/site-packages/airflow/example_dags/example_python_decorator.py took 0.433 seconds
[2024-04-04T18:15:26.487+0000] {processor.py:161} INFO - Started process (PID=46482) to work on /home/airflow/.local/lib/python3.8/site-packages/airflow/example_dags/example_python_decorator.py
[2024-04-04T18:15:26.491+0000] {processor.py:830} INFO - Processing file /home/airflow/.local/lib/python3.8/site-packages/airflow/example_dags/example_python_decorator.py for tasks to queue
[2024-04-04T18:15:26.495+0000] {logging_mixin.py:188} INFO - [2024-04-04T18:15:26.494+0000] {dagbag.py:538} INFO - Filling up the DagBag from /home/airflow/.local/lib/python3.8/site-packages/airflow/example_dags/example_python_decorator.py
[2024-04-04T18:15:26.558+0000] {processor.py:840} INFO - DAG(s) 'example_python_decorator' retrieved from /home/airflow/.local/lib/python3.8/site-packages/airflow/example_dags/example_python_decorator.py
[2024-04-04T18:15:26.648+0000] {logging_mixin.py:188} INFO - [2024-04-04T18:15:26.648+0000] {dag.py:3036} INFO - Sync 1 DAGs
[2024-04-04T18:15:26.699+0000] {logging_mixin.py:188} INFO - [2024-04-04T18:15:26.698+0000] {dag.py:3823} INFO - Setting next_dagrun for example_python_decorator to None, run_after=None
[2024-04-04T18:15:26.775+0000] {processor.py:183} INFO - Processing /home/airflow/.local/lib/python3.8/site-packages/airflow/example_dags/example_python_decorator.py took 0.303 seconds
[2024-04-04T18:15:57.430+0000] {processor.py:161} INFO - Started process (PID=46542) to work on /home/airflow/.local/lib/python3.8/site-packages/airflow/example_dags/example_python_decorator.py
[2024-04-04T18:15:57.432+0000] {processor.py:830} INFO - Processing file /home/airflow/.local/lib/python3.8/site-packages/airflow/example_dags/example_python_decorator.py for tasks to queue
[2024-04-04T18:15:57.434+0000] {logging_mixin.py:188} INFO - [2024-04-04T18:15:57.434+0000] {dagbag.py:538} INFO - Filling up the DagBag from /home/airflow/.local/lib/python3.8/site-packages/airflow/example_dags/example_python_decorator.py
[2024-04-04T18:15:57.457+0000] {processor.py:840} INFO - DAG(s) 'example_python_decorator' retrieved from /home/airflow/.local/lib/python3.8/site-packages/airflow/example_dags/example_python_decorator.py
[2024-04-04T18:15:57.507+0000] {logging_mixin.py:188} INFO - [2024-04-04T18:15:57.507+0000] {dag.py:3036} INFO - Sync 1 DAGs
[2024-04-04T18:15:57.529+0000] {logging_mixin.py:188} INFO - [2024-04-04T18:15:57.528+0000] {dag.py:3823} INFO - Setting next_dagrun for example_python_decorator to None, run_after=None
[2024-04-04T18:15:57.557+0000] {processor.py:183} INFO - Processing /home/airflow/.local/lib/python3.8/site-packages/airflow/example_dags/example_python_decorator.py took 0.132 seconds
[2024-04-04T18:16:27.974+0000] {processor.py:161} INFO - Started process (PID=46602) to work on /home/airflow/.local/lib/python3.8/site-packages/airflow/example_dags/example_python_decorator.py
[2024-04-04T18:16:27.977+0000] {processor.py:830} INFO - Processing file /home/airflow/.local/lib/python3.8/site-packages/airflow/example_dags/example_python_decorator.py for tasks to queue
[2024-04-04T18:16:27.980+0000] {logging_mixin.py:188} INFO - [2024-04-04T18:16:27.979+0000] {dagbag.py:538} INFO - Filling up the DagBag from /home/airflow/.local/lib/python3.8/site-packages/airflow/example_dags/example_python_decorator.py
[2024-04-04T18:16:28.017+0000] {processor.py:840} INFO - DAG(s) 'example_python_decorator' retrieved from /home/airflow/.local/lib/python3.8/site-packages/airflow/example_dags/example_python_decorator.py
[2024-04-04T18:16:28.077+0000] {logging_mixin.py:188} INFO - [2024-04-04T18:16:28.076+0000] {dag.py:3036} INFO - Sync 1 DAGs
[2024-04-04T18:16:28.108+0000] {logging_mixin.py:188} INFO - [2024-04-04T18:16:28.107+0000] {dag.py:3823} INFO - Setting next_dagrun for example_python_decorator to None, run_after=None
[2024-04-04T18:16:28.154+0000] {processor.py:183} INFO - Processing /home/airflow/.local/lib/python3.8/site-packages/airflow/example_dags/example_python_decorator.py took 0.188 seconds
[2024-04-04T18:16:59.133+0000] {processor.py:161} INFO - Started process (PID=46663) to work on /home/airflow/.local/lib/python3.8/site-packages/airflow/example_dags/example_python_decorator.py
[2024-04-04T18:16:59.136+0000] {processor.py:830} INFO - Processing file /home/airflow/.local/lib/python3.8/site-packages/airflow/example_dags/example_python_decorator.py for tasks to queue
[2024-04-04T18:16:59.140+0000] {logging_mixin.py:188} INFO - [2024-04-04T18:16:59.139+0000] {dagbag.py:538} INFO - Filling up the DagBag from /home/airflow/.local/lib/python3.8/site-packages/airflow/example_dags/example_python_decorator.py
[2024-04-04T18:16:59.195+0000] {processor.py:840} INFO - DAG(s) 'example_python_decorator' retrieved from /home/airflow/.local/lib/python3.8/site-packages/airflow/example_dags/example_python_decorator.py
[2024-04-04T18:16:59.289+0000] {logging_mixin.py:188} INFO - [2024-04-04T18:16:59.289+0000] {dag.py:3036} INFO - Sync 1 DAGs
[2024-04-04T18:16:59.331+0000] {logging_mixin.py:188} INFO - [2024-04-04T18:16:59.330+0000] {dag.py:3823} INFO - Setting next_dagrun for example_python_decorator to None, run_after=None
[2024-04-04T18:16:59.403+0000] {processor.py:183} INFO - Processing /home/airflow/.local/lib/python3.8/site-packages/airflow/example_dags/example_python_decorator.py took 0.282 seconds
[2024-04-04T18:17:29.708+0000] {processor.py:161} INFO - Started process (PID=46723) to work on /home/airflow/.local/lib/python3.8/site-packages/airflow/example_dags/example_python_decorator.py
[2024-04-04T18:17:29.711+0000] {processor.py:830} INFO - Processing file /home/airflow/.local/lib/python3.8/site-packages/airflow/example_dags/example_python_decorator.py for tasks to queue
[2024-04-04T18:17:29.716+0000] {logging_mixin.py:188} INFO - [2024-04-04T18:17:29.714+0000] {dagbag.py:538} INFO - Filling up the DagBag from /home/airflow/.local/lib/python3.8/site-packages/airflow/example_dags/example_python_decorator.py
[2024-04-04T18:17:29.778+0000] {processor.py:840} INFO - DAG(s) 'example_python_decorator' retrieved from /home/airflow/.local/lib/python3.8/site-packages/airflow/example_dags/example_python_decorator.py
[2024-04-04T18:17:29.879+0000] {logging_mixin.py:188} INFO - [2024-04-04T18:17:29.878+0000] {dag.py:3036} INFO - Sync 1 DAGs
[2024-04-04T18:17:29.929+0000] {logging_mixin.py:188} INFO - [2024-04-04T18:17:29.928+0000] {dag.py:3823} INFO - Setting next_dagrun for example_python_decorator to None, run_after=None
[2024-04-04T18:17:30.002+0000] {processor.py:183} INFO - Processing /home/airflow/.local/lib/python3.8/site-packages/airflow/example_dags/example_python_decorator.py took 0.307 seconds
[2024-04-04T18:18:00.341+0000] {processor.py:161} INFO - Started process (PID=46783) to work on /home/airflow/.local/lib/python3.8/site-packages/airflow/example_dags/example_python_decorator.py
[2024-04-04T18:18:00.343+0000] {processor.py:830} INFO - Processing file /home/airflow/.local/lib/python3.8/site-packages/airflow/example_dags/example_python_decorator.py for tasks to queue
[2024-04-04T18:18:00.344+0000] {logging_mixin.py:188} INFO - [2024-04-04T18:18:00.344+0000] {dagbag.py:538} INFO - Filling up the DagBag from /home/airflow/.local/lib/python3.8/site-packages/airflow/example_dags/example_python_decorator.py
[2024-04-04T18:18:00.364+0000] {processor.py:840} INFO - DAG(s) 'example_python_decorator' retrieved from /home/airflow/.local/lib/python3.8/site-packages/airflow/example_dags/example_python_decorator.py
[2024-04-04T18:18:00.396+0000] {logging_mixin.py:188} INFO - [2024-04-04T18:18:00.396+0000] {dag.py:3036} INFO - Sync 1 DAGs
[2024-04-04T18:18:00.415+0000] {logging_mixin.py:188} INFO - [2024-04-04T18:18:00.414+0000] {dag.py:3823} INFO - Setting next_dagrun for example_python_decorator to None, run_after=None
[2024-04-04T18:18:00.446+0000] {processor.py:183} INFO - Processing /home/airflow/.local/lib/python3.8/site-packages/airflow/example_dags/example_python_decorator.py took 0.110 seconds
[2024-04-04T18:18:30.651+0000] {processor.py:161} INFO - Started process (PID=46843) to work on /home/airflow/.local/lib/python3.8/site-packages/airflow/example_dags/example_python_decorator.py
[2024-04-04T18:18:30.653+0000] {processor.py:830} INFO - Processing file /home/airflow/.local/lib/python3.8/site-packages/airflow/example_dags/example_python_decorator.py for tasks to queue
[2024-04-04T18:18:30.655+0000] {logging_mixin.py:188} INFO - [2024-04-04T18:18:30.655+0000] {dagbag.py:538} INFO - Filling up the DagBag from /home/airflow/.local/lib/python3.8/site-packages/airflow/example_dags/example_python_decorator.py
[2024-04-04T18:18:30.678+0000] {processor.py:840} INFO - DAG(s) 'example_python_decorator' retrieved from /home/airflow/.local/lib/python3.8/site-packages/airflow/example_dags/example_python_decorator.py
[2024-04-04T18:18:30.717+0000] {logging_mixin.py:188} INFO - [2024-04-04T18:18:30.716+0000] {dag.py:3036} INFO - Sync 1 DAGs
[2024-04-04T18:18:30.737+0000] {logging_mixin.py:188} INFO - [2024-04-04T18:18:30.736+0000] {dag.py:3823} INFO - Setting next_dagrun for example_python_decorator to None, run_after=None
[2024-04-04T18:18:30.772+0000] {processor.py:183} INFO - Processing /home/airflow/.local/lib/python3.8/site-packages/airflow/example_dags/example_python_decorator.py took 0.126 seconds
[2024-04-04T18:19:01.099+0000] {processor.py:161} INFO - Started process (PID=46903) to work on /home/airflow/.local/lib/python3.8/site-packages/airflow/example_dags/example_python_decorator.py
[2024-04-04T18:19:01.103+0000] {processor.py:830} INFO - Processing file /home/airflow/.local/lib/python3.8/site-packages/airflow/example_dags/example_python_decorator.py for tasks to queue
[2024-04-04T18:19:01.107+0000] {logging_mixin.py:188} INFO - [2024-04-04T18:19:01.106+0000] {dagbag.py:538} INFO - Filling up the DagBag from /home/airflow/.local/lib/python3.8/site-packages/airflow/example_dags/example_python_decorator.py
[2024-04-04T18:19:01.166+0000] {processor.py:840} INFO - DAG(s) 'example_python_decorator' retrieved from /home/airflow/.local/lib/python3.8/site-packages/airflow/example_dags/example_python_decorator.py
[2024-04-04T18:19:01.283+0000] {logging_mixin.py:188} INFO - [2024-04-04T18:19:01.282+0000] {dag.py:3036} INFO - Sync 1 DAGs
[2024-04-04T18:19:01.366+0000] {logging_mixin.py:188} INFO - [2024-04-04T18:19:01.364+0000] {dag.py:3823} INFO - Setting next_dagrun for example_python_decorator to None, run_after=None
[2024-04-04T18:19:01.463+0000] {processor.py:183} INFO - Processing /home/airflow/.local/lib/python3.8/site-packages/airflow/example_dags/example_python_decorator.py took 0.376 seconds
[2024-04-04T18:19:32.647+0000] {processor.py:161} INFO - Started process (PID=46963) to work on /home/airflow/.local/lib/python3.8/site-packages/airflow/example_dags/example_python_decorator.py
[2024-04-04T18:19:32.653+0000] {processor.py:830} INFO - Processing file /home/airflow/.local/lib/python3.8/site-packages/airflow/example_dags/example_python_decorator.py for tasks to queue
[2024-04-04T18:19:32.661+0000] {logging_mixin.py:188} INFO - [2024-04-04T18:19:32.659+0000] {dagbag.py:538} INFO - Filling up the DagBag from /home/airflow/.local/lib/python3.8/site-packages/airflow/example_dags/example_python_decorator.py
[2024-04-04T18:19:32.760+0000] {processor.py:840} INFO - DAG(s) 'example_python_decorator' retrieved from /home/airflow/.local/lib/python3.8/site-packages/airflow/example_dags/example_python_decorator.py
[2024-04-04T18:19:32.925+0000] {logging_mixin.py:188} INFO - [2024-04-04T18:19:32.924+0000] {dag.py:3036} INFO - Sync 1 DAGs
[2024-04-04T18:19:33.037+0000] {logging_mixin.py:188} INFO - [2024-04-04T18:19:33.035+0000] {dag.py:3823} INFO - Setting next_dagrun for example_python_decorator to None, run_after=None
[2024-04-04T18:19:33.222+0000] {processor.py:183} INFO - Processing /home/airflow/.local/lib/python3.8/site-packages/airflow/example_dags/example_python_decorator.py took 0.601 seconds
[2024-04-04T18:20:04.168+0000] {processor.py:161} INFO - Started process (PID=47023) to work on /home/airflow/.local/lib/python3.8/site-packages/airflow/example_dags/example_python_decorator.py
[2024-04-04T18:20:04.172+0000] {processor.py:830} INFO - Processing file /home/airflow/.local/lib/python3.8/site-packages/airflow/example_dags/example_python_decorator.py for tasks to queue
[2024-04-04T18:20:04.177+0000] {logging_mixin.py:188} INFO - [2024-04-04T18:20:04.175+0000] {dagbag.py:538} INFO - Filling up the DagBag from /home/airflow/.local/lib/python3.8/site-packages/airflow/example_dags/example_python_decorator.py
[2024-04-04T18:20:04.241+0000] {processor.py:840} INFO - DAG(s) 'example_python_decorator' retrieved from /home/airflow/.local/lib/python3.8/site-packages/airflow/example_dags/example_python_decorator.py
[2024-04-04T18:20:04.323+0000] {logging_mixin.py:188} INFO - [2024-04-04T18:20:04.323+0000] {dag.py:3036} INFO - Sync 1 DAGs
[2024-04-04T18:20:04.370+0000] {logging_mixin.py:188} INFO - [2024-04-04T18:20:04.370+0000] {dag.py:3823} INFO - Setting next_dagrun for example_python_decorator to None, run_after=None
[2024-04-04T18:20:04.446+0000] {processor.py:183} INFO - Processing /home/airflow/.local/lib/python3.8/site-packages/airflow/example_dags/example_python_decorator.py took 0.298 seconds
[2024-04-04T18:20:34.701+0000] {processor.py:161} INFO - Started process (PID=47081) to work on /home/airflow/.local/lib/python3.8/site-packages/airflow/example_dags/example_python_decorator.py
[2024-04-04T18:20:34.704+0000] {processor.py:830} INFO - Processing file /home/airflow/.local/lib/python3.8/site-packages/airflow/example_dags/example_python_decorator.py for tasks to queue
[2024-04-04T18:20:34.707+0000] {logging_mixin.py:188} INFO - [2024-04-04T18:20:34.706+0000] {dagbag.py:538} INFO - Filling up the DagBag from /home/airflow/.local/lib/python3.8/site-packages/airflow/example_dags/example_python_decorator.py
[2024-04-04T18:20:34.743+0000] {processor.py:840} INFO - DAG(s) 'example_python_decorator' retrieved from /home/airflow/.local/lib/python3.8/site-packages/airflow/example_dags/example_python_decorator.py
[2024-04-04T18:20:34.802+0000] {logging_mixin.py:188} INFO - [2024-04-04T18:20:34.801+0000] {dag.py:3036} INFO - Sync 1 DAGs
[2024-04-04T18:20:34.834+0000] {logging_mixin.py:188} INFO - [2024-04-04T18:20:34.834+0000] {dag.py:3823} INFO - Setting next_dagrun for example_python_decorator to None, run_after=None
[2024-04-04T18:20:34.883+0000] {processor.py:183} INFO - Processing /home/airflow/.local/lib/python3.8/site-packages/airflow/example_dags/example_python_decorator.py took 0.190 seconds
[2024-04-04T18:21:05.278+0000] {processor.py:161} INFO - Started process (PID=47141) to work on /home/airflow/.local/lib/python3.8/site-packages/airflow/example_dags/example_python_decorator.py
[2024-04-04T18:21:05.281+0000] {processor.py:830} INFO - Processing file /home/airflow/.local/lib/python3.8/site-packages/airflow/example_dags/example_python_decorator.py for tasks to queue
[2024-04-04T18:21:05.284+0000] {logging_mixin.py:188} INFO - [2024-04-04T18:21:05.283+0000] {dagbag.py:538} INFO - Filling up the DagBag from /home/airflow/.local/lib/python3.8/site-packages/airflow/example_dags/example_python_decorator.py
[2024-04-04T18:21:05.329+0000] {processor.py:840} INFO - DAG(s) 'example_python_decorator' retrieved from /home/airflow/.local/lib/python3.8/site-packages/airflow/example_dags/example_python_decorator.py
[2024-04-04T18:21:05.400+0000] {logging_mixin.py:188} INFO - [2024-04-04T18:21:05.400+0000] {dag.py:3036} INFO - Sync 1 DAGs
[2024-04-04T18:21:05.437+0000] {logging_mixin.py:188} INFO - [2024-04-04T18:21:05.436+0000] {dag.py:3823} INFO - Setting next_dagrun for example_python_decorator to None, run_after=None
[2024-04-04T18:21:05.494+0000] {processor.py:183} INFO - Processing /home/airflow/.local/lib/python3.8/site-packages/airflow/example_dags/example_python_decorator.py took 0.226 seconds
[2024-04-04T18:21:35.807+0000] {processor.py:161} INFO - Started process (PID=47201) to work on /home/airflow/.local/lib/python3.8/site-packages/airflow/example_dags/example_python_decorator.py
[2024-04-04T18:21:35.814+0000] {processor.py:830} INFO - Processing file /home/airflow/.local/lib/python3.8/site-packages/airflow/example_dags/example_python_decorator.py for tasks to queue
[2024-04-04T18:21:35.828+0000] {logging_mixin.py:188} INFO - [2024-04-04T18:21:35.826+0000] {dagbag.py:538} INFO - Filling up the DagBag from /home/airflow/.local/lib/python3.8/site-packages/airflow/example_dags/example_python_decorator.py
[2024-04-04T18:21:35.992+0000] {processor.py:840} INFO - DAG(s) 'example_python_decorator' retrieved from /home/airflow/.local/lib/python3.8/site-packages/airflow/example_dags/example_python_decorator.py
[2024-04-04T18:21:36.181+0000] {logging_mixin.py:188} INFO - [2024-04-04T18:21:36.180+0000] {dag.py:3036} INFO - Sync 1 DAGs
[2024-04-04T18:21:36.338+0000] {logging_mixin.py:188} INFO - [2024-04-04T18:21:36.337+0000] {dag.py:3823} INFO - Setting next_dagrun for example_python_decorator to None, run_after=None
[2024-04-04T18:21:36.582+0000] {processor.py:183} INFO - Processing /home/airflow/.local/lib/python3.8/site-packages/airflow/example_dags/example_python_decorator.py took 0.807 seconds
[2024-04-04T18:22:06.924+0000] {processor.py:161} INFO - Started process (PID=47261) to work on /home/airflow/.local/lib/python3.8/site-packages/airflow/example_dags/example_python_decorator.py
[2024-04-04T18:22:06.928+0000] {processor.py:830} INFO - Processing file /home/airflow/.local/lib/python3.8/site-packages/airflow/example_dags/example_python_decorator.py for tasks to queue
[2024-04-04T18:22:06.932+0000] {logging_mixin.py:188} INFO - [2024-04-04T18:22:06.931+0000] {dagbag.py:538} INFO - Filling up the DagBag from /home/airflow/.local/lib/python3.8/site-packages/airflow/example_dags/example_python_decorator.py
[2024-04-04T18:22:06.972+0000] {processor.py:840} INFO - DAG(s) 'example_python_decorator' retrieved from /home/airflow/.local/lib/python3.8/site-packages/airflow/example_dags/example_python_decorator.py
[2024-04-04T18:22:07.036+0000] {logging_mixin.py:188} INFO - [2024-04-04T18:22:07.036+0000] {dag.py:3036} INFO - Sync 1 DAGs
[2024-04-04T18:22:07.070+0000] {logging_mixin.py:188} INFO - [2024-04-04T18:22:07.070+0000] {dag.py:3823} INFO - Setting next_dagrun for example_python_decorator to None, run_after=None
[2024-04-04T18:22:07.124+0000] {processor.py:183} INFO - Processing /home/airflow/.local/lib/python3.8/site-packages/airflow/example_dags/example_python_decorator.py took 0.213 seconds
[2024-04-04T18:22:37.531+0000] {processor.py:161} INFO - Started process (PID=47321) to work on /home/airflow/.local/lib/python3.8/site-packages/airflow/example_dags/example_python_decorator.py
[2024-04-04T18:22:37.533+0000] {processor.py:830} INFO - Processing file /home/airflow/.local/lib/python3.8/site-packages/airflow/example_dags/example_python_decorator.py for tasks to queue
[2024-04-04T18:22:37.535+0000] {logging_mixin.py:188} INFO - [2024-04-04T18:22:37.535+0000] {dagbag.py:538} INFO - Filling up the DagBag from /home/airflow/.local/lib/python3.8/site-packages/airflow/example_dags/example_python_decorator.py
[2024-04-04T18:22:37.560+0000] {processor.py:840} INFO - DAG(s) 'example_python_decorator' retrieved from /home/airflow/.local/lib/python3.8/site-packages/airflow/example_dags/example_python_decorator.py
[2024-04-04T18:22:37.604+0000] {logging_mixin.py:188} INFO - [2024-04-04T18:22:37.603+0000] {dag.py:3036} INFO - Sync 1 DAGs
[2024-04-04T18:22:37.627+0000] {logging_mixin.py:188} INFO - [2024-04-04T18:22:37.627+0000] {dag.py:3823} INFO - Setting next_dagrun for example_python_decorator to None, run_after=None
[2024-04-04T18:22:37.662+0000] {processor.py:183} INFO - Processing /home/airflow/.local/lib/python3.8/site-packages/airflow/example_dags/example_python_decorator.py took 0.137 seconds
[2024-04-04T18:23:08.408+0000] {processor.py:161} INFO - Started process (PID=47381) to work on /home/airflow/.local/lib/python3.8/site-packages/airflow/example_dags/example_python_decorator.py
[2024-04-04T18:23:08.410+0000] {processor.py:830} INFO - Processing file /home/airflow/.local/lib/python3.8/site-packages/airflow/example_dags/example_python_decorator.py for tasks to queue
[2024-04-04T18:23:08.412+0000] {logging_mixin.py:188} INFO - [2024-04-04T18:23:08.412+0000] {dagbag.py:538} INFO - Filling up the DagBag from /home/airflow/.local/lib/python3.8/site-packages/airflow/example_dags/example_python_decorator.py
[2024-04-04T18:23:08.437+0000] {processor.py:840} INFO - DAG(s) 'example_python_decorator' retrieved from /home/airflow/.local/lib/python3.8/site-packages/airflow/example_dags/example_python_decorator.py
[2024-04-04T18:23:08.478+0000] {logging_mixin.py:188} INFO - [2024-04-04T18:23:08.477+0000] {dag.py:3036} INFO - Sync 1 DAGs
[2024-04-04T18:23:08.501+0000] {logging_mixin.py:188} INFO - [2024-04-04T18:23:08.500+0000] {dag.py:3823} INFO - Setting next_dagrun for example_python_decorator to None, run_after=None
[2024-04-04T18:23:08.547+0000] {processor.py:183} INFO - Processing /home/airflow/.local/lib/python3.8/site-packages/airflow/example_dags/example_python_decorator.py took 0.144 seconds
[2024-04-04T18:23:38.918+0000] {processor.py:161} INFO - Started process (PID=47441) to work on /home/airflow/.local/lib/python3.8/site-packages/airflow/example_dags/example_python_decorator.py
[2024-04-04T18:23:38.921+0000] {processor.py:830} INFO - Processing file /home/airflow/.local/lib/python3.8/site-packages/airflow/example_dags/example_python_decorator.py for tasks to queue
[2024-04-04T18:23:38.925+0000] {logging_mixin.py:188} INFO - [2024-04-04T18:23:38.923+0000] {dagbag.py:538} INFO - Filling up the DagBag from /home/airflow/.local/lib/python3.8/site-packages/airflow/example_dags/example_python_decorator.py
[2024-04-04T18:23:38.976+0000] {processor.py:840} INFO - DAG(s) 'example_python_decorator' retrieved from /home/airflow/.local/lib/python3.8/site-packages/airflow/example_dags/example_python_decorator.py
[2024-04-04T18:23:39.064+0000] {logging_mixin.py:188} INFO - [2024-04-04T18:23:39.063+0000] {dag.py:3036} INFO - Sync 1 DAGs
[2024-04-04T18:23:39.112+0000] {logging_mixin.py:188} INFO - [2024-04-04T18:23:39.111+0000] {dag.py:3823} INFO - Setting next_dagrun for example_python_decorator to None, run_after=None
[2024-04-04T18:23:39.185+0000] {processor.py:183} INFO - Processing /home/airflow/.local/lib/python3.8/site-packages/airflow/example_dags/example_python_decorator.py took 0.281 seconds
[2024-04-04T19:14:37.170+0000] {processor.py:161} INFO - Started process (PID=47490) to work on /home/airflow/.local/lib/python3.8/site-packages/airflow/example_dags/example_python_decorator.py
[2024-04-04T19:14:37.179+0000] {processor.py:830} INFO - Processing file /home/airflow/.local/lib/python3.8/site-packages/airflow/example_dags/example_python_decorator.py for tasks to queue
[2024-04-04T19:14:37.188+0000] {logging_mixin.py:188} INFO - [2024-04-04T19:14:37.186+0000] {dagbag.py:538} INFO - Filling up the DagBag from /home/airflow/.local/lib/python3.8/site-packages/airflow/example_dags/example_python_decorator.py
[2024-04-04T19:14:37.337+0000] {processor.py:840} INFO - DAG(s) 'example_python_decorator' retrieved from /home/airflow/.local/lib/python3.8/site-packages/airflow/example_dags/example_python_decorator.py
[2024-04-04T19:14:37.632+0000] {logging_mixin.py:188} INFO - [2024-04-04T19:14:37.629+0000] {dag.py:3036} INFO - Sync 1 DAGs
[2024-04-04T19:14:37.776+0000] {logging_mixin.py:188} INFO - [2024-04-04T19:14:37.774+0000] {dag.py:3823} INFO - Setting next_dagrun for example_python_decorator to None, run_after=None
[2024-04-04T19:14:37.895+0000] {processor.py:183} INFO - Processing /home/airflow/.local/lib/python3.8/site-packages/airflow/example_dags/example_python_decorator.py took 0.758 seconds
[2024-04-04T19:15:08.525+0000] {processor.py:161} INFO - Started process (PID=47550) to work on /home/airflow/.local/lib/python3.8/site-packages/airflow/example_dags/example_python_decorator.py
[2024-04-04T19:15:08.527+0000] {processor.py:830} INFO - Processing file /home/airflow/.local/lib/python3.8/site-packages/airflow/example_dags/example_python_decorator.py for tasks to queue
[2024-04-04T19:15:08.529+0000] {logging_mixin.py:188} INFO - [2024-04-04T19:15:08.529+0000] {dagbag.py:538} INFO - Filling up the DagBag from /home/airflow/.local/lib/python3.8/site-packages/airflow/example_dags/example_python_decorator.py
[2024-04-04T19:15:08.553+0000] {processor.py:840} INFO - DAG(s) 'example_python_decorator' retrieved from /home/airflow/.local/lib/python3.8/site-packages/airflow/example_dags/example_python_decorator.py
[2024-04-04T19:15:08.595+0000] {logging_mixin.py:188} INFO - [2024-04-04T19:15:08.595+0000] {dag.py:3036} INFO - Sync 1 DAGs
[2024-04-04T19:15:08.617+0000] {logging_mixin.py:188} INFO - [2024-04-04T19:15:08.617+0000] {dag.py:3823} INFO - Setting next_dagrun for example_python_decorator to None, run_after=None
[2024-04-04T19:15:08.651+0000] {processor.py:183} INFO - Processing /home/airflow/.local/lib/python3.8/site-packages/airflow/example_dags/example_python_decorator.py took 0.131 seconds
[2024-04-04T23:14:17.899+0000] {processor.py:161} INFO - Started process (PID=47642) to work on /home/airflow/.local/lib/python3.8/site-packages/airflow/example_dags/example_python_decorator.py
[2024-04-04T23:14:17.949+0000] {processor.py:830} INFO - Processing file /home/airflow/.local/lib/python3.8/site-packages/airflow/example_dags/example_python_decorator.py for tasks to queue
[2024-04-04T23:14:17.982+0000] {logging_mixin.py:188} INFO - [2024-04-04T23:14:17.967+0000] {dagbag.py:538} INFO - Filling up the DagBag from /home/airflow/.local/lib/python3.8/site-packages/airflow/example_dags/example_python_decorator.py
[2024-04-04T23:14:18.902+0000] {processor.py:840} INFO - DAG(s) 'example_python_decorator' retrieved from /home/airflow/.local/lib/python3.8/site-packages/airflow/example_dags/example_python_decorator.py
[2024-04-04T23:14:20.204+0000] {logging_mixin.py:188} INFO - [2024-04-04T23:14:20.202+0000] {dag.py:3036} INFO - Sync 1 DAGs
[2024-04-04T23:14:20.707+0000] {logging_mixin.py:188} INFO - [2024-04-04T23:14:20.705+0000] {dag.py:3823} INFO - Setting next_dagrun for example_python_decorator to None, run_after=None
[2024-04-04T23:14:21.489+0000] {processor.py:183} INFO - Processing /home/airflow/.local/lib/python3.8/site-packages/airflow/example_dags/example_python_decorator.py took 3.783 seconds
[2024-04-04T23:15:31.813+0000] {processor.py:161} INFO - Started process (PID=47708) to work on /home/airflow/.local/lib/python3.8/site-packages/airflow/example_dags/example_python_decorator.py
[2024-04-04T23:15:31.845+0000] {processor.py:830} INFO - Processing file /home/airflow/.local/lib/python3.8/site-packages/airflow/example_dags/example_python_decorator.py for tasks to queue
[2024-04-04T23:15:31.859+0000] {logging_mixin.py:188} INFO - [2024-04-04T23:15:31.853+0000] {dagbag.py:538} INFO - Filling up the DagBag from /home/airflow/.local/lib/python3.8/site-packages/airflow/example_dags/example_python_decorator.py
[2024-04-04T23:15:32.075+0000] {processor.py:840} INFO - DAG(s) 'example_python_decorator' retrieved from /home/airflow/.local/lib/python3.8/site-packages/airflow/example_dags/example_python_decorator.py
[2024-04-04T23:15:32.369+0000] {logging_mixin.py:188} INFO - [2024-04-04T23:15:32.367+0000] {dag.py:3036} INFO - Sync 1 DAGs
[2024-04-04T23:15:32.496+0000] {logging_mixin.py:188} INFO - [2024-04-04T23:15:32.494+0000] {dag.py:3823} INFO - Setting next_dagrun for example_python_decorator to None, run_after=None
[2024-04-04T23:15:32.673+0000] {processor.py:183} INFO - Processing /home/airflow/.local/lib/python3.8/site-packages/airflow/example_dags/example_python_decorator.py took 0.918 seconds
[2024-04-04T23:16:05.677+0000] {processor.py:161} INFO - Started process (PID=47768) to work on /home/airflow/.local/lib/python3.8/site-packages/airflow/example_dags/example_python_decorator.py
[2024-04-04T23:16:05.681+0000] {processor.py:830} INFO - Processing file /home/airflow/.local/lib/python3.8/site-packages/airflow/example_dags/example_python_decorator.py for tasks to queue
[2024-04-04T23:16:05.685+0000] {logging_mixin.py:188} INFO - [2024-04-04T23:16:05.684+0000] {dagbag.py:538} INFO - Filling up the DagBag from /home/airflow/.local/lib/python3.8/site-packages/airflow/example_dags/example_python_decorator.py
[2024-04-04T23:16:05.746+0000] {processor.py:840} INFO - DAG(s) 'example_python_decorator' retrieved from /home/airflow/.local/lib/python3.8/site-packages/airflow/example_dags/example_python_decorator.py
[2024-04-04T23:16:05.847+0000] {logging_mixin.py:188} INFO - [2024-04-04T23:16:05.846+0000] {dag.py:3036} INFO - Sync 1 DAGs
[2024-04-04T23:16:05.940+0000] {logging_mixin.py:188} INFO - [2024-04-04T23:16:05.930+0000] {dag.py:3823} INFO - Setting next_dagrun for example_python_decorator to None, run_after=None
[2024-04-04T23:16:06.151+0000] {processor.py:183} INFO - Processing /home/airflow/.local/lib/python3.8/site-packages/airflow/example_dags/example_python_decorator.py took 0.487 seconds
[2024-04-04T23:16:36.382+0000] {processor.py:161} INFO - Started process (PID=47828) to work on /home/airflow/.local/lib/python3.8/site-packages/airflow/example_dags/example_python_decorator.py
[2024-04-04T23:16:36.385+0000] {processor.py:830} INFO - Processing file /home/airflow/.local/lib/python3.8/site-packages/airflow/example_dags/example_python_decorator.py for tasks to queue
[2024-04-04T23:16:36.389+0000] {logging_mixin.py:188} INFO - [2024-04-04T23:16:36.388+0000] {dagbag.py:538} INFO - Filling up the DagBag from /home/airflow/.local/lib/python3.8/site-packages/airflow/example_dags/example_python_decorator.py
[2024-04-04T23:16:36.437+0000] {processor.py:840} INFO - DAG(s) 'example_python_decorator' retrieved from /home/airflow/.local/lib/python3.8/site-packages/airflow/example_dags/example_python_decorator.py
[2024-04-04T23:16:36.866+0000] {logging_mixin.py:188} INFO - [2024-04-04T23:16:36.865+0000] {dag.py:3036} INFO - Sync 1 DAGs
[2024-04-04T23:16:36.903+0000] {logging_mixin.py:188} INFO - [2024-04-04T23:16:36.902+0000] {dag.py:3823} INFO - Setting next_dagrun for example_python_decorator to None, run_after=None
[2024-04-04T23:16:36.963+0000] {processor.py:183} INFO - Processing /home/airflow/.local/lib/python3.8/site-packages/airflow/example_dags/example_python_decorator.py took 0.594 seconds
[2024-04-04T23:17:07.834+0000] {processor.py:161} INFO - Started process (PID=47888) to work on /home/airflow/.local/lib/python3.8/site-packages/airflow/example_dags/example_python_decorator.py
[2024-04-04T23:17:07.836+0000] {processor.py:830} INFO - Processing file /home/airflow/.local/lib/python3.8/site-packages/airflow/example_dags/example_python_decorator.py for tasks to queue
[2024-04-04T23:17:07.839+0000] {logging_mixin.py:188} INFO - [2024-04-04T23:17:07.838+0000] {dagbag.py:538} INFO - Filling up the DagBag from /home/airflow/.local/lib/python3.8/site-packages/airflow/example_dags/example_python_decorator.py
[2024-04-04T23:17:07.879+0000] {processor.py:840} INFO - DAG(s) 'example_python_decorator' retrieved from /home/airflow/.local/lib/python3.8/site-packages/airflow/example_dags/example_python_decorator.py
[2024-04-04T23:17:07.937+0000] {logging_mixin.py:188} INFO - [2024-04-04T23:17:07.937+0000] {dag.py:3036} INFO - Sync 1 DAGs
[2024-04-04T23:17:07.970+0000] {logging_mixin.py:188} INFO - [2024-04-04T23:17:07.969+0000] {dag.py:3823} INFO - Setting next_dagrun for example_python_decorator to None, run_after=None
[2024-04-04T23:17:08.017+0000] {processor.py:183} INFO - Processing /home/airflow/.local/lib/python3.8/site-packages/airflow/example_dags/example_python_decorator.py took 0.191 seconds
[2024-04-04T23:17:38.685+0000] {processor.py:161} INFO - Started process (PID=47948) to work on /home/airflow/.local/lib/python3.8/site-packages/airflow/example_dags/example_python_decorator.py
[2024-04-04T23:17:38.694+0000] {processor.py:830} INFO - Processing file /home/airflow/.local/lib/python3.8/site-packages/airflow/example_dags/example_python_decorator.py for tasks to queue
[2024-04-04T23:17:38.705+0000] {logging_mixin.py:188} INFO - [2024-04-04T23:17:38.703+0000] {dagbag.py:538} INFO - Filling up the DagBag from /home/airflow/.local/lib/python3.8/site-packages/airflow/example_dags/example_python_decorator.py
[2024-04-04T23:17:38.873+0000] {processor.py:840} INFO - DAG(s) 'example_python_decorator' retrieved from /home/airflow/.local/lib/python3.8/site-packages/airflow/example_dags/example_python_decorator.py
[2024-04-04T23:17:39.019+0000] {logging_mixin.py:188} INFO - [2024-04-04T23:17:39.018+0000] {dag.py:3036} INFO - Sync 1 DAGs
[2024-04-04T23:17:39.093+0000] {logging_mixin.py:188} INFO - [2024-04-04T23:17:39.091+0000] {dag.py:3823} INFO - Setting next_dagrun for example_python_decorator to None, run_after=None
[2024-04-04T23:17:39.198+0000] {processor.py:183} INFO - Processing /home/airflow/.local/lib/python3.8/site-packages/airflow/example_dags/example_python_decorator.py took 0.543 seconds
[2024-04-04T23:18:09.854+0000] {processor.py:161} INFO - Started process (PID=48008) to work on /home/airflow/.local/lib/python3.8/site-packages/airflow/example_dags/example_python_decorator.py
[2024-04-04T23:18:09.856+0000] {processor.py:830} INFO - Processing file /home/airflow/.local/lib/python3.8/site-packages/airflow/example_dags/example_python_decorator.py for tasks to queue
[2024-04-04T23:18:09.859+0000] {logging_mixin.py:188} INFO - [2024-04-04T23:18:09.858+0000] {dagbag.py:538} INFO - Filling up the DagBag from /home/airflow/.local/lib/python3.8/site-packages/airflow/example_dags/example_python_decorator.py
[2024-04-04T23:18:09.896+0000] {processor.py:840} INFO - DAG(s) 'example_python_decorator' retrieved from /home/airflow/.local/lib/python3.8/site-packages/airflow/example_dags/example_python_decorator.py
[2024-04-04T23:18:09.965+0000] {logging_mixin.py:188} INFO - [2024-04-04T23:18:09.964+0000] {dag.py:3036} INFO - Sync 1 DAGs
[2024-04-04T23:18:09.999+0000] {logging_mixin.py:188} INFO - [2024-04-04T23:18:09.999+0000] {dag.py:3823} INFO - Setting next_dagrun for example_python_decorator to None, run_after=None
[2024-04-04T23:18:10.051+0000] {processor.py:183} INFO - Processing /home/airflow/.local/lib/python3.8/site-packages/airflow/example_dags/example_python_decorator.py took 0.208 seconds
[2024-04-04T23:18:40.499+0000] {processor.py:161} INFO - Started process (PID=48075) to work on /home/airflow/.local/lib/python3.8/site-packages/airflow/example_dags/example_python_decorator.py
[2024-04-04T23:18:40.502+0000] {processor.py:830} INFO - Processing file /home/airflow/.local/lib/python3.8/site-packages/airflow/example_dags/example_python_decorator.py for tasks to queue
[2024-04-04T23:18:40.505+0000] {logging_mixin.py:188} INFO - [2024-04-04T23:18:40.504+0000] {dagbag.py:538} INFO - Filling up the DagBag from /home/airflow/.local/lib/python3.8/site-packages/airflow/example_dags/example_python_decorator.py
[2024-04-04T23:18:40.538+0000] {processor.py:840} INFO - DAG(s) 'example_python_decorator' retrieved from /home/airflow/.local/lib/python3.8/site-packages/airflow/example_dags/example_python_decorator.py
[2024-04-04T23:18:40.593+0000] {logging_mixin.py:188} INFO - [2024-04-04T23:18:40.593+0000] {dag.py:3036} INFO - Sync 1 DAGs
[2024-04-04T23:18:40.626+0000] {logging_mixin.py:188} INFO - [2024-04-04T23:18:40.626+0000] {dag.py:3823} INFO - Setting next_dagrun for example_python_decorator to None, run_after=None
[2024-04-04T23:18:40.670+0000] {processor.py:183} INFO - Processing /home/airflow/.local/lib/python3.8/site-packages/airflow/example_dags/example_python_decorator.py took 0.180 seconds
[2024-04-04T23:19:11.135+0000] {processor.py:161} INFO - Started process (PID=48135) to work on /home/airflow/.local/lib/python3.8/site-packages/airflow/example_dags/example_python_decorator.py
[2024-04-04T23:19:11.139+0000] {processor.py:830} INFO - Processing file /home/airflow/.local/lib/python3.8/site-packages/airflow/example_dags/example_python_decorator.py for tasks to queue
[2024-04-04T23:19:11.142+0000] {logging_mixin.py:188} INFO - [2024-04-04T23:19:11.141+0000] {dagbag.py:538} INFO - Filling up the DagBag from /home/airflow/.local/lib/python3.8/site-packages/airflow/example_dags/example_python_decorator.py
[2024-04-04T23:19:11.194+0000] {processor.py:840} INFO - DAG(s) 'example_python_decorator' retrieved from /home/airflow/.local/lib/python3.8/site-packages/airflow/example_dags/example_python_decorator.py
[2024-04-04T23:19:11.267+0000] {logging_mixin.py:188} INFO - [2024-04-04T23:19:11.266+0000] {dag.py:3036} INFO - Sync 1 DAGs
[2024-04-04T23:19:11.313+0000] {logging_mixin.py:188} INFO - [2024-04-04T23:19:11.312+0000] {dag.py:3823} INFO - Setting next_dagrun for example_python_decorator to None, run_after=None
[2024-04-04T23:19:11.376+0000] {processor.py:183} INFO - Processing /home/airflow/.local/lib/python3.8/site-packages/airflow/example_dags/example_python_decorator.py took 0.252 seconds
[2024-04-04T23:19:42.248+0000] {processor.py:161} INFO - Started process (PID=48195) to work on /home/airflow/.local/lib/python3.8/site-packages/airflow/example_dags/example_python_decorator.py
[2024-04-04T23:19:42.255+0000] {processor.py:830} INFO - Processing file /home/airflow/.local/lib/python3.8/site-packages/airflow/example_dags/example_python_decorator.py for tasks to queue
[2024-04-04T23:19:42.263+0000] {logging_mixin.py:188} INFO - [2024-04-04T23:19:42.260+0000] {dagbag.py:538} INFO - Filling up the DagBag from /home/airflow/.local/lib/python3.8/site-packages/airflow/example_dags/example_python_decorator.py
[2024-04-04T23:19:42.407+0000] {processor.py:840} INFO - DAG(s) 'example_python_decorator' retrieved from /home/airflow/.local/lib/python3.8/site-packages/airflow/example_dags/example_python_decorator.py
[2024-04-04T23:19:42.602+0000] {logging_mixin.py:188} INFO - [2024-04-04T23:19:42.600+0000] {dag.py:3036} INFO - Sync 1 DAGs
[2024-04-04T23:19:42.697+0000] {logging_mixin.py:188} INFO - [2024-04-04T23:19:42.695+0000] {dag.py:3823} INFO - Setting next_dagrun for example_python_decorator to None, run_after=None
[2024-04-04T23:19:42.805+0000] {processor.py:183} INFO - Processing /home/airflow/.local/lib/python3.8/site-packages/airflow/example_dags/example_python_decorator.py took 0.583 seconds
[2024-04-04T23:20:13.629+0000] {processor.py:161} INFO - Started process (PID=48255) to work on /home/airflow/.local/lib/python3.8/site-packages/airflow/example_dags/example_python_decorator.py
[2024-04-04T23:20:13.639+0000] {processor.py:830} INFO - Processing file /home/airflow/.local/lib/python3.8/site-packages/airflow/example_dags/example_python_decorator.py for tasks to queue
[2024-04-04T23:20:13.645+0000] {logging_mixin.py:188} INFO - [2024-04-04T23:20:13.643+0000] {dagbag.py:538} INFO - Filling up the DagBag from /home/airflow/.local/lib/python3.8/site-packages/airflow/example_dags/example_python_decorator.py
[2024-04-04T23:20:13.723+0000] {processor.py:840} INFO - DAG(s) 'example_python_decorator' retrieved from /home/airflow/.local/lib/python3.8/site-packages/airflow/example_dags/example_python_decorator.py
[2024-04-04T23:20:13.816+0000] {logging_mixin.py:188} INFO - [2024-04-04T23:20:13.816+0000] {dag.py:3036} INFO - Sync 1 DAGs
[2024-04-04T23:20:13.855+0000] {logging_mixin.py:188} INFO - [2024-04-04T23:20:13.854+0000] {dag.py:3823} INFO - Setting next_dagrun for example_python_decorator to None, run_after=None
[2024-04-04T23:20:13.910+0000] {processor.py:183} INFO - Processing /home/airflow/.local/lib/python3.8/site-packages/airflow/example_dags/example_python_decorator.py took 0.303 seconds
[2024-04-04T23:20:44.471+0000] {processor.py:161} INFO - Started process (PID=48315) to work on /home/airflow/.local/lib/python3.8/site-packages/airflow/example_dags/example_python_decorator.py
[2024-04-04T23:20:44.474+0000] {processor.py:830} INFO - Processing file /home/airflow/.local/lib/python3.8/site-packages/airflow/example_dags/example_python_decorator.py for tasks to queue
[2024-04-04T23:20:44.478+0000] {logging_mixin.py:188} INFO - [2024-04-04T23:20:44.477+0000] {dagbag.py:538} INFO - Filling up the DagBag from /home/airflow/.local/lib/python3.8/site-packages/airflow/example_dags/example_python_decorator.py
[2024-04-04T23:20:44.513+0000] {processor.py:840} INFO - DAG(s) 'example_python_decorator' retrieved from /home/airflow/.local/lib/python3.8/site-packages/airflow/example_dags/example_python_decorator.py
[2024-04-04T23:20:44.576+0000] {logging_mixin.py:188} INFO - [2024-04-04T23:20:44.575+0000] {dag.py:3036} INFO - Sync 1 DAGs
[2024-04-04T23:20:44.609+0000] {logging_mixin.py:188} INFO - [2024-04-04T23:20:44.608+0000] {dag.py:3823} INFO - Setting next_dagrun for example_python_decorator to None, run_after=None
[2024-04-04T23:20:44.682+0000] {processor.py:183} INFO - Processing /home/airflow/.local/lib/python3.8/site-packages/airflow/example_dags/example_python_decorator.py took 0.221 seconds
[2024-04-04T23:21:15.017+0000] {processor.py:161} INFO - Started process (PID=48375) to work on /home/airflow/.local/lib/python3.8/site-packages/airflow/example_dags/example_python_decorator.py
[2024-04-04T23:21:15.020+0000] {processor.py:830} INFO - Processing file /home/airflow/.local/lib/python3.8/site-packages/airflow/example_dags/example_python_decorator.py for tasks to queue
[2024-04-04T23:21:15.024+0000] {logging_mixin.py:188} INFO - [2024-04-04T23:21:15.023+0000] {dagbag.py:538} INFO - Filling up the DagBag from /home/airflow/.local/lib/python3.8/site-packages/airflow/example_dags/example_python_decorator.py
[2024-04-04T23:21:15.071+0000] {processor.py:840} INFO - DAG(s) 'example_python_decorator' retrieved from /home/airflow/.local/lib/python3.8/site-packages/airflow/example_dags/example_python_decorator.py
[2024-04-04T23:21:15.154+0000] {logging_mixin.py:188} INFO - [2024-04-04T23:21:15.153+0000] {dag.py:3036} INFO - Sync 1 DAGs
[2024-04-04T23:21:15.202+0000] {logging_mixin.py:188} INFO - [2024-04-04T23:21:15.201+0000] {dag.py:3823} INFO - Setting next_dagrun for example_python_decorator to None, run_after=None
[2024-04-04T23:21:15.285+0000] {processor.py:183} INFO - Processing /home/airflow/.local/lib/python3.8/site-packages/airflow/example_dags/example_python_decorator.py took 0.279 seconds
[2024-04-04T23:21:46.737+0000] {processor.py:161} INFO - Started process (PID=48435) to work on /home/airflow/.local/lib/python3.8/site-packages/airflow/example_dags/example_python_decorator.py
[2024-04-04T23:21:46.743+0000] {processor.py:830} INFO - Processing file /home/airflow/.local/lib/python3.8/site-packages/airflow/example_dags/example_python_decorator.py for tasks to queue
[2024-04-04T23:21:46.749+0000] {logging_mixin.py:188} INFO - [2024-04-04T23:21:46.747+0000] {dagbag.py:538} INFO - Filling up the DagBag from /home/airflow/.local/lib/python3.8/site-packages/airflow/example_dags/example_python_decorator.py
[2024-04-04T23:21:46.830+0000] {processor.py:840} INFO - DAG(s) 'example_python_decorator' retrieved from /home/airflow/.local/lib/python3.8/site-packages/airflow/example_dags/example_python_decorator.py
[2024-04-04T23:21:46.961+0000] {logging_mixin.py:188} INFO - [2024-04-04T23:21:46.960+0000] {dag.py:3036} INFO - Sync 1 DAGs
[2024-04-04T23:21:47.054+0000] {logging_mixin.py:188} INFO - [2024-04-04T23:21:47.053+0000] {dag.py:3823} INFO - Setting next_dagrun for example_python_decorator to None, run_after=None
[2024-04-04T23:21:47.166+0000] {processor.py:183} INFO - Processing /home/airflow/.local/lib/python3.8/site-packages/airflow/example_dags/example_python_decorator.py took 0.449 seconds
[2024-04-04T23:22:17.952+0000] {processor.py:161} INFO - Started process (PID=48495) to work on /home/airflow/.local/lib/python3.8/site-packages/airflow/example_dags/example_python_decorator.py
[2024-04-04T23:22:17.959+0000] {processor.py:830} INFO - Processing file /home/airflow/.local/lib/python3.8/site-packages/airflow/example_dags/example_python_decorator.py for tasks to queue
[2024-04-04T23:22:17.967+0000] {logging_mixin.py:188} INFO - [2024-04-04T23:22:17.965+0000] {dagbag.py:538} INFO - Filling up the DagBag from /home/airflow/.local/lib/python3.8/site-packages/airflow/example_dags/example_python_decorator.py
[2024-04-04T23:22:18.060+0000] {processor.py:840} INFO - DAG(s) 'example_python_decorator' retrieved from /home/airflow/.local/lib/python3.8/site-packages/airflow/example_dags/example_python_decorator.py
[2024-04-04T23:22:18.208+0000] {logging_mixin.py:188} INFO - [2024-04-04T23:22:18.206+0000] {dag.py:3036} INFO - Sync 1 DAGs
[2024-04-04T23:22:18.311+0000] {logging_mixin.py:188} INFO - [2024-04-04T23:22:18.309+0000] {dag.py:3823} INFO - Setting next_dagrun for example_python_decorator to None, run_after=None
[2024-04-04T23:22:18.415+0000] {processor.py:183} INFO - Processing /home/airflow/.local/lib/python3.8/site-packages/airflow/example_dags/example_python_decorator.py took 0.489 seconds
[2024-04-04T23:22:48.923+0000] {processor.py:161} INFO - Started process (PID=48555) to work on /home/airflow/.local/lib/python3.8/site-packages/airflow/example_dags/example_python_decorator.py
[2024-04-04T23:22:48.925+0000] {processor.py:830} INFO - Processing file /home/airflow/.local/lib/python3.8/site-packages/airflow/example_dags/example_python_decorator.py for tasks to queue
[2024-04-04T23:22:48.928+0000] {logging_mixin.py:188} INFO - [2024-04-04T23:22:48.927+0000] {dagbag.py:538} INFO - Filling up the DagBag from /home/airflow/.local/lib/python3.8/site-packages/airflow/example_dags/example_python_decorator.py
[2024-04-04T23:22:48.958+0000] {processor.py:840} INFO - DAG(s) 'example_python_decorator' retrieved from /home/airflow/.local/lib/python3.8/site-packages/airflow/example_dags/example_python_decorator.py
[2024-04-04T23:22:49.006+0000] {logging_mixin.py:188} INFO - [2024-04-04T23:22:49.006+0000] {dag.py:3036} INFO - Sync 1 DAGs
[2024-04-04T23:22:49.034+0000] {logging_mixin.py:188} INFO - [2024-04-04T23:22:49.034+0000] {dag.py:3823} INFO - Setting next_dagrun for example_python_decorator to None, run_after=None
[2024-04-04T23:22:49.087+0000] {processor.py:183} INFO - Processing /home/airflow/.local/lib/python3.8/site-packages/airflow/example_dags/example_python_decorator.py took 0.171 seconds
[2024-04-04T23:23:19.545+0000] {processor.py:161} INFO - Started process (PID=48613) to work on /home/airflow/.local/lib/python3.8/site-packages/airflow/example_dags/example_python_decorator.py
[2024-04-04T23:23:19.549+0000] {processor.py:830} INFO - Processing file /home/airflow/.local/lib/python3.8/site-packages/airflow/example_dags/example_python_decorator.py for tasks to queue
[2024-04-04T23:23:19.552+0000] {logging_mixin.py:188} INFO - [2024-04-04T23:23:19.551+0000] {dagbag.py:538} INFO - Filling up the DagBag from /home/airflow/.local/lib/python3.8/site-packages/airflow/example_dags/example_python_decorator.py
[2024-04-04T23:23:19.594+0000] {processor.py:840} INFO - DAG(s) 'example_python_decorator' retrieved from /home/airflow/.local/lib/python3.8/site-packages/airflow/example_dags/example_python_decorator.py
[2024-04-04T23:23:19.658+0000] {logging_mixin.py:188} INFO - [2024-04-04T23:23:19.657+0000] {dag.py:3036} INFO - Sync 1 DAGs
[2024-04-04T23:23:19.692+0000] {logging_mixin.py:188} INFO - [2024-04-04T23:23:19.691+0000] {dag.py:3823} INFO - Setting next_dagrun for example_python_decorator to None, run_after=None
[2024-04-04T23:23:19.742+0000] {processor.py:183} INFO - Processing /home/airflow/.local/lib/python3.8/site-packages/airflow/example_dags/example_python_decorator.py took 0.208 seconds
[2024-04-04T23:23:50.293+0000] {processor.py:161} INFO - Started process (PID=48673) to work on /home/airflow/.local/lib/python3.8/site-packages/airflow/example_dags/example_python_decorator.py
[2024-04-04T23:23:50.296+0000] {processor.py:830} INFO - Processing file /home/airflow/.local/lib/python3.8/site-packages/airflow/example_dags/example_python_decorator.py for tasks to queue
[2024-04-04T23:23:50.300+0000] {logging_mixin.py:188} INFO - [2024-04-04T23:23:50.299+0000] {dagbag.py:538} INFO - Filling up the DagBag from /home/airflow/.local/lib/python3.8/site-packages/airflow/example_dags/example_python_decorator.py
[2024-04-04T23:23:50.351+0000] {processor.py:840} INFO - DAG(s) 'example_python_decorator' retrieved from /home/airflow/.local/lib/python3.8/site-packages/airflow/example_dags/example_python_decorator.py
[2024-04-04T23:23:50.433+0000] {logging_mixin.py:188} INFO - [2024-04-04T23:23:50.432+0000] {dag.py:3036} INFO - Sync 1 DAGs
[2024-04-04T23:23:50.485+0000] {logging_mixin.py:188} INFO - [2024-04-04T23:23:50.484+0000] {dag.py:3823} INFO - Setting next_dagrun for example_python_decorator to None, run_after=None
[2024-04-04T23:23:50.561+0000] {processor.py:183} INFO - Processing /home/airflow/.local/lib/python3.8/site-packages/airflow/example_dags/example_python_decorator.py took 0.281 seconds
[2024-04-04T23:24:20.790+0000] {processor.py:161} INFO - Started process (PID=48733) to work on /home/airflow/.local/lib/python3.8/site-packages/airflow/example_dags/example_python_decorator.py
[2024-04-04T23:24:20.795+0000] {processor.py:830} INFO - Processing file /home/airflow/.local/lib/python3.8/site-packages/airflow/example_dags/example_python_decorator.py for tasks to queue
[2024-04-04T23:24:20.801+0000] {logging_mixin.py:188} INFO - [2024-04-04T23:24:20.799+0000] {dagbag.py:538} INFO - Filling up the DagBag from /home/airflow/.local/lib/python3.8/site-packages/airflow/example_dags/example_python_decorator.py
[2024-04-04T23:24:20.892+0000] {processor.py:840} INFO - DAG(s) 'example_python_decorator' retrieved from /home/airflow/.local/lib/python3.8/site-packages/airflow/example_dags/example_python_decorator.py
[2024-04-04T23:24:21.092+0000] {logging_mixin.py:188} INFO - [2024-04-04T23:24:21.091+0000] {dag.py:3036} INFO - Sync 1 DAGs
[2024-04-04T23:24:21.178+0000] {logging_mixin.py:188} INFO - [2024-04-04T23:24:21.177+0000] {dag.py:3823} INFO - Setting next_dagrun for example_python_decorator to None, run_after=None
[2024-04-04T23:24:21.293+0000] {processor.py:183} INFO - Processing /home/airflow/.local/lib/python3.8/site-packages/airflow/example_dags/example_python_decorator.py took 0.523 seconds
[2024-04-04T23:24:52.006+0000] {processor.py:161} INFO - Started process (PID=48793) to work on /home/airflow/.local/lib/python3.8/site-packages/airflow/example_dags/example_python_decorator.py
[2024-04-04T23:24:52.009+0000] {processor.py:830} INFO - Processing file /home/airflow/.local/lib/python3.8/site-packages/airflow/example_dags/example_python_decorator.py for tasks to queue
[2024-04-04T23:24:52.011+0000] {logging_mixin.py:188} INFO - [2024-04-04T23:24:52.011+0000] {dagbag.py:538} INFO - Filling up the DagBag from /home/airflow/.local/lib/python3.8/site-packages/airflow/example_dags/example_python_decorator.py
[2024-04-04T23:24:52.044+0000] {processor.py:840} INFO - DAG(s) 'example_python_decorator' retrieved from /home/airflow/.local/lib/python3.8/site-packages/airflow/example_dags/example_python_decorator.py
[2024-04-04T23:24:52.101+0000] {logging_mixin.py:188} INFO - [2024-04-04T23:24:52.100+0000] {dag.py:3036} INFO - Sync 1 DAGs
[2024-04-04T23:24:52.132+0000] {logging_mixin.py:188} INFO - [2024-04-04T23:24:52.132+0000] {dag.py:3823} INFO - Setting next_dagrun for example_python_decorator to None, run_after=None
[2024-04-04T23:24:52.179+0000] {processor.py:183} INFO - Processing /home/airflow/.local/lib/python3.8/site-packages/airflow/example_dags/example_python_decorator.py took 0.180 seconds
[2024-04-04T23:25:22.743+0000] {processor.py:161} INFO - Started process (PID=48853) to work on /home/airflow/.local/lib/python3.8/site-packages/airflow/example_dags/example_python_decorator.py
[2024-04-04T23:25:22.745+0000] {processor.py:830} INFO - Processing file /home/airflow/.local/lib/python3.8/site-packages/airflow/example_dags/example_python_decorator.py for tasks to queue
[2024-04-04T23:25:22.747+0000] {logging_mixin.py:188} INFO - [2024-04-04T23:25:22.746+0000] {dagbag.py:538} INFO - Filling up the DagBag from /home/airflow/.local/lib/python3.8/site-packages/airflow/example_dags/example_python_decorator.py
[2024-04-04T23:25:22.773+0000] {processor.py:840} INFO - DAG(s) 'example_python_decorator' retrieved from /home/airflow/.local/lib/python3.8/site-packages/airflow/example_dags/example_python_decorator.py
[2024-04-04T23:25:22.818+0000] {logging_mixin.py:188} INFO - [2024-04-04T23:25:22.817+0000] {dag.py:3036} INFO - Sync 1 DAGs
[2024-04-04T23:25:22.843+0000] {logging_mixin.py:188} INFO - [2024-04-04T23:25:22.843+0000] {dag.py:3823} INFO - Setting next_dagrun for example_python_decorator to None, run_after=None
[2024-04-04T23:25:22.891+0000] {processor.py:183} INFO - Processing /home/airflow/.local/lib/python3.8/site-packages/airflow/example_dags/example_python_decorator.py took 0.155 seconds
[2024-04-04T23:25:53.612+0000] {processor.py:161} INFO - Started process (PID=48913) to work on /home/airflow/.local/lib/python3.8/site-packages/airflow/example_dags/example_python_decorator.py
[2024-04-04T23:25:53.616+0000] {processor.py:830} INFO - Processing file /home/airflow/.local/lib/python3.8/site-packages/airflow/example_dags/example_python_decorator.py for tasks to queue
[2024-04-04T23:25:53.622+0000] {logging_mixin.py:188} INFO - [2024-04-04T23:25:53.620+0000] {dagbag.py:538} INFO - Filling up the DagBag from /home/airflow/.local/lib/python3.8/site-packages/airflow/example_dags/example_python_decorator.py
[2024-04-04T23:25:53.693+0000] {processor.py:840} INFO - DAG(s) 'example_python_decorator' retrieved from /home/airflow/.local/lib/python3.8/site-packages/airflow/example_dags/example_python_decorator.py
[2024-04-04T23:25:53.798+0000] {logging_mixin.py:188} INFO - [2024-04-04T23:25:53.797+0000] {dag.py:3036} INFO - Sync 1 DAGs
[2024-04-04T23:25:53.871+0000] {logging_mixin.py:188} INFO - [2024-04-04T23:25:53.869+0000] {dag.py:3823} INFO - Setting next_dagrun for example_python_decorator to None, run_after=None
[2024-04-04T23:25:53.984+0000] {processor.py:183} INFO - Processing /home/airflow/.local/lib/python3.8/site-packages/airflow/example_dags/example_python_decorator.py took 0.386 seconds
[2024-04-04T23:26:24.449+0000] {processor.py:161} INFO - Started process (PID=48973) to work on /home/airflow/.local/lib/python3.8/site-packages/airflow/example_dags/example_python_decorator.py
[2024-04-04T23:26:24.463+0000] {processor.py:830} INFO - Processing file /home/airflow/.local/lib/python3.8/site-packages/airflow/example_dags/example_python_decorator.py for tasks to queue
[2024-04-04T23:26:24.471+0000] {logging_mixin.py:188} INFO - [2024-04-04T23:26:24.469+0000] {dagbag.py:538} INFO - Filling up the DagBag from /home/airflow/.local/lib/python3.8/site-packages/airflow/example_dags/example_python_decorator.py
[2024-04-04T23:26:24.706+0000] {processor.py:840} INFO - DAG(s) 'example_python_decorator' retrieved from /home/airflow/.local/lib/python3.8/site-packages/airflow/example_dags/example_python_decorator.py
[2024-04-04T23:26:24.859+0000] {logging_mixin.py:188} INFO - [2024-04-04T23:26:24.857+0000] {dag.py:3036} INFO - Sync 1 DAGs
[2024-04-04T23:26:24.961+0000] {logging_mixin.py:188} INFO - [2024-04-04T23:26:24.959+0000] {dag.py:3823} INFO - Setting next_dagrun for example_python_decorator to None, run_after=None
[2024-04-04T23:26:25.096+0000] {processor.py:183} INFO - Processing /home/airflow/.local/lib/python3.8/site-packages/airflow/example_dags/example_python_decorator.py took 0.686 seconds
[2024-04-04T23:26:55.421+0000] {processor.py:161} INFO - Started process (PID=49033) to work on /home/airflow/.local/lib/python3.8/site-packages/airflow/example_dags/example_python_decorator.py
[2024-04-04T23:26:55.424+0000] {processor.py:830} INFO - Processing file /home/airflow/.local/lib/python3.8/site-packages/airflow/example_dags/example_python_decorator.py for tasks to queue
[2024-04-04T23:26:55.428+0000] {logging_mixin.py:188} INFO - [2024-04-04T23:26:55.427+0000] {dagbag.py:538} INFO - Filling up the DagBag from /home/airflow/.local/lib/python3.8/site-packages/airflow/example_dags/example_python_decorator.py
[2024-04-04T23:26:55.477+0000] {processor.py:840} INFO - DAG(s) 'example_python_decorator' retrieved from /home/airflow/.local/lib/python3.8/site-packages/airflow/example_dags/example_python_decorator.py
[2024-04-04T23:26:55.582+0000] {logging_mixin.py:188} INFO - [2024-04-04T23:26:55.581+0000] {dag.py:3036} INFO - Sync 1 DAGs
[2024-04-04T23:26:55.652+0000] {logging_mixin.py:188} INFO - [2024-04-04T23:26:55.651+0000] {dag.py:3823} INFO - Setting next_dagrun for example_python_decorator to None, run_after=None
[2024-04-04T23:26:55.748+0000] {processor.py:183} INFO - Processing /home/airflow/.local/lib/python3.8/site-packages/airflow/example_dags/example_python_decorator.py took 0.340 seconds
[2024-04-04T23:27:25.877+0000] {processor.py:161} INFO - Started process (PID=49094) to work on /home/airflow/.local/lib/python3.8/site-packages/airflow/example_dags/example_python_decorator.py
[2024-04-04T23:27:25.881+0000] {processor.py:830} INFO - Processing file /home/airflow/.local/lib/python3.8/site-packages/airflow/example_dags/example_python_decorator.py for tasks to queue
[2024-04-04T23:27:25.884+0000] {logging_mixin.py:188} INFO - [2024-04-04T23:27:25.883+0000] {dagbag.py:538} INFO - Filling up the DagBag from /home/airflow/.local/lib/python3.8/site-packages/airflow/example_dags/example_python_decorator.py
[2024-04-04T23:27:25.931+0000] {processor.py:840} INFO - DAG(s) 'example_python_decorator' retrieved from /home/airflow/.local/lib/python3.8/site-packages/airflow/example_dags/example_python_decorator.py
[2024-04-04T23:27:25.998+0000] {logging_mixin.py:188} INFO - [2024-04-04T23:27:25.997+0000] {dag.py:3036} INFO - Sync 1 DAGs
[2024-04-04T23:27:26.036+0000] {logging_mixin.py:188} INFO - [2024-04-04T23:27:26.035+0000] {dag.py:3823} INFO - Setting next_dagrun for example_python_decorator to None, run_after=None
[2024-04-04T23:27:26.100+0000] {processor.py:183} INFO - Processing /home/airflow/.local/lib/python3.8/site-packages/airflow/example_dags/example_python_decorator.py took 0.236 seconds
[2024-04-04T23:27:56.479+0000] {processor.py:161} INFO - Started process (PID=49154) to work on /home/airflow/.local/lib/python3.8/site-packages/airflow/example_dags/example_python_decorator.py
[2024-04-04T23:27:56.483+0000] {processor.py:830} INFO - Processing file /home/airflow/.local/lib/python3.8/site-packages/airflow/example_dags/example_python_decorator.py for tasks to queue
[2024-04-04T23:27:56.486+0000] {logging_mixin.py:188} INFO - [2024-04-04T23:27:56.485+0000] {dagbag.py:538} INFO - Filling up the DagBag from /home/airflow/.local/lib/python3.8/site-packages/airflow/example_dags/example_python_decorator.py
[2024-04-04T23:27:56.525+0000] {processor.py:840} INFO - DAG(s) 'example_python_decorator' retrieved from /home/airflow/.local/lib/python3.8/site-packages/airflow/example_dags/example_python_decorator.py
[2024-04-04T23:27:56.586+0000] {logging_mixin.py:188} INFO - [2024-04-04T23:27:56.586+0000] {dag.py:3036} INFO - Sync 1 DAGs
[2024-04-04T23:27:56.619+0000] {logging_mixin.py:188} INFO - [2024-04-04T23:27:56.618+0000] {dag.py:3823} INFO - Setting next_dagrun for example_python_decorator to None, run_after=None
[2024-04-04T23:27:56.681+0000] {processor.py:183} INFO - Processing /home/airflow/.local/lib/python3.8/site-packages/airflow/example_dags/example_python_decorator.py took 0.217 seconds
[2024-04-04T23:28:28.159+0000] {processor.py:161} INFO - Started process (PID=49214) to work on /home/airflow/.local/lib/python3.8/site-packages/airflow/example_dags/example_python_decorator.py
[2024-04-04T23:28:28.164+0000] {processor.py:830} INFO - Processing file /home/airflow/.local/lib/python3.8/site-packages/airflow/example_dags/example_python_decorator.py for tasks to queue
[2024-04-04T23:28:28.172+0000] {logging_mixin.py:188} INFO - [2024-04-04T23:28:28.169+0000] {dagbag.py:538} INFO - Filling up the DagBag from /home/airflow/.local/lib/python3.8/site-packages/airflow/example_dags/example_python_decorator.py
[2024-04-04T23:28:28.265+0000] {processor.py:840} INFO - DAG(s) 'example_python_decorator' retrieved from /home/airflow/.local/lib/python3.8/site-packages/airflow/example_dags/example_python_decorator.py
[2024-04-04T23:28:28.414+0000] {logging_mixin.py:188} INFO - [2024-04-04T23:28:28.413+0000] {dag.py:3036} INFO - Sync 1 DAGs
[2024-04-04T23:28:28.496+0000] {logging_mixin.py:188} INFO - [2024-04-04T23:28:28.495+0000] {dag.py:3823} INFO - Setting next_dagrun for example_python_decorator to None, run_after=None
[2024-04-04T23:28:28.626+0000] {processor.py:183} INFO - Processing /home/airflow/.local/lib/python3.8/site-packages/airflow/example_dags/example_python_decorator.py took 0.486 seconds
[2024-04-04T23:28:59.865+0000] {processor.py:161} INFO - Started process (PID=49274) to work on /home/airflow/.local/lib/python3.8/site-packages/airflow/example_dags/example_python_decorator.py
[2024-04-04T23:28:59.872+0000] {processor.py:830} INFO - Processing file /home/airflow/.local/lib/python3.8/site-packages/airflow/example_dags/example_python_decorator.py for tasks to queue
[2024-04-04T23:28:59.877+0000] {logging_mixin.py:188} INFO - [2024-04-04T23:28:59.876+0000] {dagbag.py:538} INFO - Filling up the DagBag from /home/airflow/.local/lib/python3.8/site-packages/airflow/example_dags/example_python_decorator.py
[2024-04-04T23:28:59.984+0000] {processor.py:840} INFO - DAG(s) 'example_python_decorator' retrieved from /home/airflow/.local/lib/python3.8/site-packages/airflow/example_dags/example_python_decorator.py
[2024-04-04T23:29:00.191+0000] {logging_mixin.py:188} INFO - [2024-04-04T23:29:00.189+0000] {dag.py:3036} INFO - Sync 1 DAGs
[2024-04-04T23:29:00.282+0000] {logging_mixin.py:188} INFO - [2024-04-04T23:29:00.281+0000] {dag.py:3823} INFO - Setting next_dagrun for example_python_decorator to None, run_after=None
[2024-04-04T23:29:00.400+0000] {processor.py:183} INFO - Processing /home/airflow/.local/lib/python3.8/site-packages/airflow/example_dags/example_python_decorator.py took 0.560 seconds
[2024-04-04T23:29:30.674+0000] {processor.py:161} INFO - Started process (PID=49334) to work on /home/airflow/.local/lib/python3.8/site-packages/airflow/example_dags/example_python_decorator.py
[2024-04-04T23:29:30.677+0000] {processor.py:830} INFO - Processing file /home/airflow/.local/lib/python3.8/site-packages/airflow/example_dags/example_python_decorator.py for tasks to queue
[2024-04-04T23:29:30.681+0000] {logging_mixin.py:188} INFO - [2024-04-04T23:29:30.680+0000] {dagbag.py:538} INFO - Filling up the DagBag from /home/airflow/.local/lib/python3.8/site-packages/airflow/example_dags/example_python_decorator.py
[2024-04-04T23:29:30.732+0000] {processor.py:840} INFO - DAG(s) 'example_python_decorator' retrieved from /home/airflow/.local/lib/python3.8/site-packages/airflow/example_dags/example_python_decorator.py
[2024-04-04T23:29:30.845+0000] {logging_mixin.py:188} INFO - [2024-04-04T23:29:30.836+0000] {dag.py:3036} INFO - Sync 1 DAGs
[2024-04-04T23:29:30.932+0000] {logging_mixin.py:188} INFO - [2024-04-04T23:29:30.931+0000] {dag.py:3823} INFO - Setting next_dagrun for example_python_decorator to None, run_after=None
[2024-04-04T23:29:31.002+0000] {processor.py:183} INFO - Processing /home/airflow/.local/lib/python3.8/site-packages/airflow/example_dags/example_python_decorator.py took 0.341 seconds
[2024-04-04T23:30:01.303+0000] {processor.py:161} INFO - Started process (PID=49394) to work on /home/airflow/.local/lib/python3.8/site-packages/airflow/example_dags/example_python_decorator.py
[2024-04-04T23:30:01.307+0000] {processor.py:830} INFO - Processing file /home/airflow/.local/lib/python3.8/site-packages/airflow/example_dags/example_python_decorator.py for tasks to queue
[2024-04-04T23:30:01.311+0000] {logging_mixin.py:188} INFO - [2024-04-04T23:30:01.310+0000] {dagbag.py:538} INFO - Filling up the DagBag from /home/airflow/.local/lib/python3.8/site-packages/airflow/example_dags/example_python_decorator.py
[2024-04-04T23:30:01.358+0000] {processor.py:840} INFO - DAG(s) 'example_python_decorator' retrieved from /home/airflow/.local/lib/python3.8/site-packages/airflow/example_dags/example_python_decorator.py
[2024-04-04T23:30:01.431+0000] {logging_mixin.py:188} INFO - [2024-04-04T23:30:01.430+0000] {dag.py:3036} INFO - Sync 1 DAGs
[2024-04-04T23:30:01.493+0000] {logging_mixin.py:188} INFO - [2024-04-04T23:30:01.492+0000] {dag.py:3823} INFO - Setting next_dagrun for example_python_decorator to None, run_after=None
[2024-04-04T23:30:01.552+0000] {processor.py:183} INFO - Processing /home/airflow/.local/lib/python3.8/site-packages/airflow/example_dags/example_python_decorator.py took 0.260 seconds
[2024-04-04T23:30:37.388+0000] {processor.py:161} INFO - Started process (PID=49453) to work on /home/airflow/.local/lib/python3.8/site-packages/airflow/example_dags/example_python_decorator.py
[2024-04-04T23:30:37.394+0000] {processor.py:830} INFO - Processing file /home/airflow/.local/lib/python3.8/site-packages/airflow/example_dags/example_python_decorator.py for tasks to queue
[2024-04-04T23:30:37.401+0000] {logging_mixin.py:188} INFO - [2024-04-04T23:30:37.399+0000] {dagbag.py:538} INFO - Filling up the DagBag from /home/airflow/.local/lib/python3.8/site-packages/airflow/example_dags/example_python_decorator.py
[2024-04-04T23:30:37.531+0000] {processor.py:840} INFO - DAG(s) 'example_python_decorator' retrieved from /home/airflow/.local/lib/python3.8/site-packages/airflow/example_dags/example_python_decorator.py
[2024-04-04T23:30:37.744+0000] {logging_mixin.py:188} INFO - [2024-04-04T23:30:37.732+0000] {dag.py:3036} INFO - Sync 1 DAGs
[2024-04-04T23:30:37.876+0000] {logging_mixin.py:188} INFO - [2024-04-04T23:30:37.875+0000] {dag.py:3823} INFO - Setting next_dagrun for example_python_decorator to None, run_after=None
[2024-04-04T23:30:37.994+0000] {processor.py:183} INFO - Processing /home/airflow/.local/lib/python3.8/site-packages/airflow/example_dags/example_python_decorator.py took 0.632 seconds
[2024-04-04T23:31:08.365+0000] {processor.py:161} INFO - Started process (PID=49514) to work on /home/airflow/.local/lib/python3.8/site-packages/airflow/example_dags/example_python_decorator.py
[2024-04-04T23:31:08.370+0000] {processor.py:830} INFO - Processing file /home/airflow/.local/lib/python3.8/site-packages/airflow/example_dags/example_python_decorator.py for tasks to queue
[2024-04-04T23:31:08.375+0000] {logging_mixin.py:188} INFO - [2024-04-04T23:31:08.374+0000] {dagbag.py:538} INFO - Filling up the DagBag from /home/airflow/.local/lib/python3.8/site-packages/airflow/example_dags/example_python_decorator.py
[2024-04-04T23:31:08.443+0000] {processor.py:840} INFO - DAG(s) 'example_python_decorator' retrieved from /home/airflow/.local/lib/python3.8/site-packages/airflow/example_dags/example_python_decorator.py
[2024-04-04T23:31:08.600+0000] {logging_mixin.py:188} INFO - [2024-04-04T23:31:08.599+0000] {dag.py:3036} INFO - Sync 1 DAGs
[2024-04-04T23:31:08.679+0000] {logging_mixin.py:188} INFO - [2024-04-04T23:31:08.678+0000] {dag.py:3823} INFO - Setting next_dagrun for example_python_decorator to None, run_after=None
[2024-04-04T23:31:08.777+0000] {processor.py:183} INFO - Processing /home/airflow/.local/lib/python3.8/site-packages/airflow/example_dags/example_python_decorator.py took 0.434 seconds
[2024-04-04T23:31:39.037+0000] {processor.py:161} INFO - Started process (PID=49574) to work on /home/airflow/.local/lib/python3.8/site-packages/airflow/example_dags/example_python_decorator.py
[2024-04-04T23:31:39.044+0000] {processor.py:830} INFO - Processing file /home/airflow/.local/lib/python3.8/site-packages/airflow/example_dags/example_python_decorator.py for tasks to queue
[2024-04-04T23:31:39.057+0000] {logging_mixin.py:188} INFO - [2024-04-04T23:31:39.054+0000] {dagbag.py:538} INFO - Filling up the DagBag from /home/airflow/.local/lib/python3.8/site-packages/airflow/example_dags/example_python_decorator.py
[2024-04-04T23:31:39.153+0000] {processor.py:840} INFO - DAG(s) 'example_python_decorator' retrieved from /home/airflow/.local/lib/python3.8/site-packages/airflow/example_dags/example_python_decorator.py
[2024-04-04T23:31:39.401+0000] {logging_mixin.py:188} INFO - [2024-04-04T23:31:39.400+0000] {dag.py:3036} INFO - Sync 1 DAGs
[2024-04-04T23:31:39.495+0000] {logging_mixin.py:188} INFO - [2024-04-04T23:31:39.492+0000] {dag.py:3823} INFO - Setting next_dagrun for example_python_decorator to None, run_after=None
[2024-04-04T23:31:39.640+0000] {processor.py:183} INFO - Processing /home/airflow/.local/lib/python3.8/site-packages/airflow/example_dags/example_python_decorator.py took 0.623 seconds
