[2024-04-04T20:01:48.409+0000] {processor.py:161} INFO - Started process (PID=43435) to work on /home/airflow/.local/lib/python3.8/site-packages/airflow/example_dags/example_latest_only_with_trigger.py
[2024-04-04T20:01:48.424+0000] {processor.py:830} INFO - Processing file /home/airflow/.local/lib/python3.8/site-packages/airflow/example_dags/example_latest_only_with_trigger.py for tasks to queue
[2024-04-04T20:01:48.427+0000] {logging_mixin.py:188} INFO - [2024-04-04T20:01:48.426+0000] {dagbag.py:538} INFO - Filling up the DagBag from /home/airflow/.local/lib/python3.8/site-packages/airflow/example_dags/example_latest_only_with_trigger.py
[2024-04-04T20:01:48.470+0000] {processor.py:840} INFO - DAG(s) 'latest_only_with_trigger' retrieved from /home/airflow/.local/lib/python3.8/site-packages/airflow/example_dags/example_latest_only_with_trigger.py
[2024-04-04T20:01:48.628+0000] {logging_mixin.py:188} INFO - [2024-04-04T20:01:48.616+0000] {dag.py:3036} INFO - Sync 1 DAGs
[2024-04-04T20:01:48.765+0000] {logging_mixin.py:188} INFO - [2024-04-04T20:01:48.765+0000] {dag.py:3823} INFO - Setting next_dagrun for latest_only_with_trigger to 2024-04-04 16:00:00+00:00, run_after=2024-04-04 20:00:00+00:00
[2024-04-04T20:01:48.906+0000] {processor.py:183} INFO - Processing /home/airflow/.local/lib/python3.8/site-packages/airflow/example_dags/example_latest_only_with_trigger.py took 0.505 seconds
[2024-04-04T15:01:18.487+0000] {processor.py:161} INFO - Started process (PID=46106) to work on /home/airflow/.local/lib/python3.8/site-packages/airflow/example_dags/example_latest_only_with_trigger.py
[2024-04-04T15:01:18.490+0000] {processor.py:830} INFO - Processing file /home/airflow/.local/lib/python3.8/site-packages/airflow/example_dags/example_latest_only_with_trigger.py for tasks to queue
[2024-04-04T15:01:18.493+0000] {logging_mixin.py:188} INFO - [2024-04-04T15:01:18.492+0000] {dagbag.py:538} INFO - Filling up the DagBag from /home/airflow/.local/lib/python3.8/site-packages/airflow/example_dags/example_latest_only_with_trigger.py
[2024-04-04T15:01:18.509+0000] {processor.py:840} INFO - DAG(s) 'latest_only_with_trigger' retrieved from /home/airflow/.local/lib/python3.8/site-packages/airflow/example_dags/example_latest_only_with_trigger.py
[2024-04-04T15:01:18.580+0000] {logging_mixin.py:188} INFO - [2024-04-04T15:01:18.579+0000] {dag.py:3036} INFO - Sync 1 DAGs
[2024-04-04T15:01:18.641+0000] {logging_mixin.py:188} INFO - [2024-04-04T15:01:18.641+0000] {dag.py:3823} INFO - Setting next_dagrun for latest_only_with_trigger to 2024-04-04 08:00:00+00:00, run_after=2024-04-04 12:00:00+00:00
[2024-04-04T15:01:18.708+0000] {processor.py:183} INFO - Processing /home/airflow/.local/lib/python3.8/site-packages/airflow/example_dags/example_latest_only_with_trigger.py took 0.232 seconds
[2024-04-04T18:12:32.776+0000] {processor.py:161} INFO - Started process (PID=46166) to work on /home/airflow/.local/lib/python3.8/site-packages/airflow/example_dags/example_latest_only_with_trigger.py
[2024-04-04T18:12:32.778+0000] {processor.py:830} INFO - Processing file /home/airflow/.local/lib/python3.8/site-packages/airflow/example_dags/example_latest_only_with_trigger.py for tasks to queue
[2024-04-04T18:12:32.780+0000] {logging_mixin.py:188} INFO - [2024-04-04T18:12:32.780+0000] {dagbag.py:538} INFO - Filling up the DagBag from /home/airflow/.local/lib/python3.8/site-packages/airflow/example_dags/example_latest_only_with_trigger.py
[2024-04-04T18:12:32.791+0000] {processor.py:840} INFO - DAG(s) 'latest_only_with_trigger' retrieved from /home/airflow/.local/lib/python3.8/site-packages/airflow/example_dags/example_latest_only_with_trigger.py
[2024-04-04T18:12:32.838+0000] {logging_mixin.py:188} INFO - [2024-04-04T18:12:32.837+0000] {dag.py:3036} INFO - Sync 1 DAGs
[2024-04-04T18:12:32.884+0000] {logging_mixin.py:188} INFO - [2024-04-04T18:12:32.884+0000] {dag.py:3823} INFO - Setting next_dagrun for latest_only_with_trigger to 2024-04-04 12:00:00+00:00, run_after=2024-04-04 16:00:00+00:00
[2024-04-04T18:12:32.939+0000] {processor.py:183} INFO - Processing /home/airflow/.local/lib/python3.8/site-packages/airflow/example_dags/example_latest_only_with_trigger.py took 0.170 seconds
[2024-04-04T18:13:03.496+0000] {processor.py:161} INFO - Started process (PID=46226) to work on /home/airflow/.local/lib/python3.8/site-packages/airflow/example_dags/example_latest_only_with_trigger.py
[2024-04-04T18:13:03.497+0000] {processor.py:830} INFO - Processing file /home/airflow/.local/lib/python3.8/site-packages/airflow/example_dags/example_latest_only_with_trigger.py for tasks to queue
[2024-04-04T18:13:03.499+0000] {logging_mixin.py:188} INFO - [2024-04-04T18:13:03.499+0000] {dagbag.py:538} INFO - Filling up the DagBag from /home/airflow/.local/lib/python3.8/site-packages/airflow/example_dags/example_latest_only_with_trigger.py
[2024-04-04T18:13:03.509+0000] {processor.py:840} INFO - DAG(s) 'latest_only_with_trigger' retrieved from /home/airflow/.local/lib/python3.8/site-packages/airflow/example_dags/example_latest_only_with_trigger.py
[2024-04-04T18:13:03.545+0000] {logging_mixin.py:188} INFO - [2024-04-04T18:13:03.544+0000] {dag.py:3036} INFO - Sync 1 DAGs
[2024-04-04T18:13:03.577+0000] {logging_mixin.py:188} INFO - [2024-04-04T18:13:03.576+0000] {dag.py:3823} INFO - Setting next_dagrun for latest_only_with_trigger to 2024-04-04 12:00:00+00:00, run_after=2024-04-04 16:00:00+00:00
[2024-04-04T18:13:03.606+0000] {processor.py:183} INFO - Processing /home/airflow/.local/lib/python3.8/site-packages/airflow/example_dags/example_latest_only_with_trigger.py took 0.117 seconds
[2024-04-04T18:13:34.495+0000] {processor.py:161} INFO - Started process (PID=46286) to work on /home/airflow/.local/lib/python3.8/site-packages/airflow/example_dags/example_latest_only_with_trigger.py
[2024-04-04T18:13:34.497+0000] {processor.py:830} INFO - Processing file /home/airflow/.local/lib/python3.8/site-packages/airflow/example_dags/example_latest_only_with_trigger.py for tasks to queue
[2024-04-04T18:13:34.498+0000] {logging_mixin.py:188} INFO - [2024-04-04T18:13:34.498+0000] {dagbag.py:538} INFO - Filling up the DagBag from /home/airflow/.local/lib/python3.8/site-packages/airflow/example_dags/example_latest_only_with_trigger.py
[2024-04-04T18:13:34.506+0000] {processor.py:840} INFO - DAG(s) 'latest_only_with_trigger' retrieved from /home/airflow/.local/lib/python3.8/site-packages/airflow/example_dags/example_latest_only_with_trigger.py
[2024-04-04T18:13:34.534+0000] {logging_mixin.py:188} INFO - [2024-04-04T18:13:34.534+0000] {dag.py:3036} INFO - Sync 1 DAGs
[2024-04-04T18:13:34.565+0000] {logging_mixin.py:188} INFO - [2024-04-04T18:13:34.565+0000] {dag.py:3823} INFO - Setting next_dagrun for latest_only_with_trigger to 2024-04-04 12:00:00+00:00, run_after=2024-04-04 16:00:00+00:00
[2024-04-04T18:13:34.589+0000] {processor.py:183} INFO - Processing /home/airflow/.local/lib/python3.8/site-packages/airflow/example_dags/example_latest_only_with_trigger.py took 0.098 seconds
[2024-04-04T18:14:05.504+0000] {processor.py:161} INFO - Started process (PID=46346) to work on /home/airflow/.local/lib/python3.8/site-packages/airflow/example_dags/example_latest_only_with_trigger.py
[2024-04-04T18:14:05.506+0000] {processor.py:830} INFO - Processing file /home/airflow/.local/lib/python3.8/site-packages/airflow/example_dags/example_latest_only_with_trigger.py for tasks to queue
[2024-04-04T18:14:05.508+0000] {logging_mixin.py:188} INFO - [2024-04-04T18:14:05.507+0000] {dagbag.py:538} INFO - Filling up the DagBag from /home/airflow/.local/lib/python3.8/site-packages/airflow/example_dags/example_latest_only_with_trigger.py
[2024-04-04T18:14:05.518+0000] {processor.py:840} INFO - DAG(s) 'latest_only_with_trigger' retrieved from /home/airflow/.local/lib/python3.8/site-packages/airflow/example_dags/example_latest_only_with_trigger.py
[2024-04-04T18:14:05.554+0000] {logging_mixin.py:188} INFO - [2024-04-04T18:14:05.554+0000] {dag.py:3036} INFO - Sync 1 DAGs
[2024-04-04T18:14:05.587+0000] {logging_mixin.py:188} INFO - [2024-04-04T18:14:05.586+0000] {dag.py:3823} INFO - Setting next_dagrun for latest_only_with_trigger to 2024-04-04 12:00:00+00:00, run_after=2024-04-04 16:00:00+00:00
[2024-04-04T18:14:05.616+0000] {processor.py:183} INFO - Processing /home/airflow/.local/lib/python3.8/site-packages/airflow/example_dags/example_latest_only_with_trigger.py took 0.117 seconds
[2024-04-04T18:14:35.786+0000] {processor.py:161} INFO - Started process (PID=46406) to work on /home/airflow/.local/lib/python3.8/site-packages/airflow/example_dags/example_latest_only_with_trigger.py
[2024-04-04T18:14:35.787+0000] {processor.py:830} INFO - Processing file /home/airflow/.local/lib/python3.8/site-packages/airflow/example_dags/example_latest_only_with_trigger.py for tasks to queue
[2024-04-04T18:14:35.789+0000] {logging_mixin.py:188} INFO - [2024-04-04T18:14:35.788+0000] {dagbag.py:538} INFO - Filling up the DagBag from /home/airflow/.local/lib/python3.8/site-packages/airflow/example_dags/example_latest_only_with_trigger.py
[2024-04-04T18:14:35.797+0000] {processor.py:840} INFO - DAG(s) 'latest_only_with_trigger' retrieved from /home/airflow/.local/lib/python3.8/site-packages/airflow/example_dags/example_latest_only_with_trigger.py
[2024-04-04T18:14:35.827+0000] {logging_mixin.py:188} INFO - [2024-04-04T18:14:35.826+0000] {dag.py:3036} INFO - Sync 1 DAGs
[2024-04-04T18:14:35.856+0000] {logging_mixin.py:188} INFO - [2024-04-04T18:14:35.856+0000] {dag.py:3823} INFO - Setting next_dagrun for latest_only_with_trigger to 2024-04-04 12:00:00+00:00, run_after=2024-04-04 16:00:00+00:00
[2024-04-04T18:14:35.883+0000] {processor.py:183} INFO - Processing /home/airflow/.local/lib/python3.8/site-packages/airflow/example_dags/example_latest_only_with_trigger.py took 0.103 seconds
[2024-04-04T18:15:08.312+0000] {processor.py:161} INFO - Started process (PID=46462) to work on /home/airflow/.local/lib/python3.8/site-packages/airflow/example_dags/example_latest_only_with_trigger.py
[2024-04-04T18:15:08.315+0000] {processor.py:830} INFO - Processing file /home/airflow/.local/lib/python3.8/site-packages/airflow/example_dags/example_latest_only_with_trigger.py for tasks to queue
[2024-04-04T18:15:08.318+0000] {logging_mixin.py:188} INFO - [2024-04-04T18:15:08.318+0000] {dagbag.py:538} INFO - Filling up the DagBag from /home/airflow/.local/lib/python3.8/site-packages/airflow/example_dags/example_latest_only_with_trigger.py
[2024-04-04T18:15:08.340+0000] {processor.py:840} INFO - DAG(s) 'latest_only_with_trigger' retrieved from /home/airflow/.local/lib/python3.8/site-packages/airflow/example_dags/example_latest_only_with_trigger.py
[2024-04-04T18:15:08.417+0000] {logging_mixin.py:188} INFO - [2024-04-04T18:15:08.416+0000] {dag.py:3036} INFO - Sync 1 DAGs
[2024-04-04T18:15:08.491+0000] {logging_mixin.py:188} INFO - [2024-04-04T18:15:08.490+0000] {dag.py:3823} INFO - Setting next_dagrun for latest_only_with_trigger to 2024-04-04 12:00:00+00:00, run_after=2024-04-04 16:00:00+00:00
[2024-04-04T18:15:08.551+0000] {processor.py:183} INFO - Processing /home/airflow/.local/lib/python3.8/site-packages/airflow/example_dags/example_latest_only_with_trigger.py took 0.252 seconds
[2024-04-04T18:15:44.125+0000] {processor.py:161} INFO - Started process (PID=46522) to work on /home/airflow/.local/lib/python3.8/site-packages/airflow/example_dags/example_latest_only_with_trigger.py
[2024-04-04T18:15:44.131+0000] {processor.py:830} INFO - Processing file /home/airflow/.local/lib/python3.8/site-packages/airflow/example_dags/example_latest_only_with_trigger.py for tasks to queue
[2024-04-04T18:15:44.138+0000] {logging_mixin.py:188} INFO - [2024-04-04T18:15:44.136+0000] {dagbag.py:538} INFO - Filling up the DagBag from /home/airflow/.local/lib/python3.8/site-packages/airflow/example_dags/example_latest_only_with_trigger.py
[2024-04-04T18:15:44.181+0000] {processor.py:840} INFO - DAG(s) 'latest_only_with_trigger' retrieved from /home/airflow/.local/lib/python3.8/site-packages/airflow/example_dags/example_latest_only_with_trigger.py
[2024-04-04T18:15:44.450+0000] {logging_mixin.py:188} INFO - [2024-04-04T18:15:44.447+0000] {dag.py:3036} INFO - Sync 1 DAGs
[2024-04-04T18:15:44.758+0000] {logging_mixin.py:188} INFO - [2024-04-04T18:15:44.756+0000] {dag.py:3823} INFO - Setting next_dagrun for latest_only_with_trigger to 2024-04-04 12:00:00+00:00, run_after=2024-04-04 16:00:00+00:00
[2024-04-04T18:15:44.988+0000] {processor.py:183} INFO - Processing /home/airflow/.local/lib/python3.8/site-packages/airflow/example_dags/example_latest_only_with_trigger.py took 0.890 seconds
[2024-04-04T18:16:16.958+0000] {processor.py:161} INFO - Started process (PID=46582) to work on /home/airflow/.local/lib/python3.8/site-packages/airflow/example_dags/example_latest_only_with_trigger.py
[2024-04-04T18:16:16.963+0000] {processor.py:830} INFO - Processing file /home/airflow/.local/lib/python3.8/site-packages/airflow/example_dags/example_latest_only_with_trigger.py for tasks to queue
[2024-04-04T18:16:16.968+0000] {logging_mixin.py:188} INFO - [2024-04-04T18:16:16.967+0000] {dagbag.py:538} INFO - Filling up the DagBag from /home/airflow/.local/lib/python3.8/site-packages/airflow/example_dags/example_latest_only_with_trigger.py
[2024-04-04T18:16:17.009+0000] {processor.py:840} INFO - DAG(s) 'latest_only_with_trigger' retrieved from /home/airflow/.local/lib/python3.8/site-packages/airflow/example_dags/example_latest_only_with_trigger.py
[2024-04-04T18:16:17.144+0000] {logging_mixin.py:188} INFO - [2024-04-04T18:16:17.143+0000] {dag.py:3036} INFO - Sync 1 DAGs
[2024-04-04T18:16:17.286+0000] {logging_mixin.py:188} INFO - [2024-04-04T18:16:17.284+0000] {dag.py:3823} INFO - Setting next_dagrun for latest_only_with_trigger to 2024-04-04 12:00:00+00:00, run_after=2024-04-04 16:00:00+00:00
[2024-04-04T18:16:17.390+0000] {processor.py:183} INFO - Processing /home/airflow/.local/lib/python3.8/site-packages/airflow/example_dags/example_latest_only_with_trigger.py took 0.453 seconds
[2024-04-04T18:16:47.995+0000] {processor.py:161} INFO - Started process (PID=46642) to work on /home/airflow/.local/lib/python3.8/site-packages/airflow/example_dags/example_latest_only_with_trigger.py
[2024-04-04T18:16:48.002+0000] {processor.py:830} INFO - Processing file /home/airflow/.local/lib/python3.8/site-packages/airflow/example_dags/example_latest_only_with_trigger.py for tasks to queue
[2024-04-04T18:16:48.007+0000] {logging_mixin.py:188} INFO - [2024-04-04T18:16:48.006+0000] {dagbag.py:538} INFO - Filling up the DagBag from /home/airflow/.local/lib/python3.8/site-packages/airflow/example_dags/example_latest_only_with_trigger.py
[2024-04-04T18:16:48.037+0000] {processor.py:840} INFO - DAG(s) 'latest_only_with_trigger' retrieved from /home/airflow/.local/lib/python3.8/site-packages/airflow/example_dags/example_latest_only_with_trigger.py
[2024-04-04T18:16:48.154+0000] {logging_mixin.py:188} INFO - [2024-04-04T18:16:48.152+0000] {dag.py:3036} INFO - Sync 1 DAGs
[2024-04-04T18:16:48.254+0000] {logging_mixin.py:188} INFO - [2024-04-04T18:16:48.253+0000] {dag.py:3823} INFO - Setting next_dagrun for latest_only_with_trigger to 2024-04-04 12:00:00+00:00, run_after=2024-04-04 16:00:00+00:00
[2024-04-04T18:16:48.339+0000] {processor.py:183} INFO - Processing /home/airflow/.local/lib/python3.8/site-packages/airflow/example_dags/example_latest_only_with_trigger.py took 0.364 seconds
[2024-04-04T18:17:19.217+0000] {processor.py:161} INFO - Started process (PID=46703) to work on /home/airflow/.local/lib/python3.8/site-packages/airflow/example_dags/example_latest_only_with_trigger.py
[2024-04-04T18:17:19.219+0000] {processor.py:830} INFO - Processing file /home/airflow/.local/lib/python3.8/site-packages/airflow/example_dags/example_latest_only_with_trigger.py for tasks to queue
[2024-04-04T18:17:19.221+0000] {logging_mixin.py:188} INFO - [2024-04-04T18:17:19.220+0000] {dagbag.py:538} INFO - Filling up the DagBag from /home/airflow/.local/lib/python3.8/site-packages/airflow/example_dags/example_latest_only_with_trigger.py
[2024-04-04T18:17:19.233+0000] {processor.py:840} INFO - DAG(s) 'latest_only_with_trigger' retrieved from /home/airflow/.local/lib/python3.8/site-packages/airflow/example_dags/example_latest_only_with_trigger.py
[2024-04-04T18:17:19.275+0000] {logging_mixin.py:188} INFO - [2024-04-04T18:17:19.274+0000] {dag.py:3036} INFO - Sync 1 DAGs
[2024-04-04T18:17:19.312+0000] {logging_mixin.py:188} INFO - [2024-04-04T18:17:19.312+0000] {dag.py:3823} INFO - Setting next_dagrun for latest_only_with_trigger to 2024-04-04 12:00:00+00:00, run_after=2024-04-04 16:00:00+00:00
[2024-04-04T18:17:19.355+0000] {processor.py:183} INFO - Processing /home/airflow/.local/lib/python3.8/site-packages/airflow/example_dags/example_latest_only_with_trigger.py took 0.144 seconds
[2024-04-04T18:17:49.821+0000] {processor.py:161} INFO - Started process (PID=46763) to work on /home/airflow/.local/lib/python3.8/site-packages/airflow/example_dags/example_latest_only_with_trigger.py
[2024-04-04T18:17:49.825+0000] {processor.py:830} INFO - Processing file /home/airflow/.local/lib/python3.8/site-packages/airflow/example_dags/example_latest_only_with_trigger.py for tasks to queue
[2024-04-04T18:17:49.830+0000] {logging_mixin.py:188} INFO - [2024-04-04T18:17:49.829+0000] {dagbag.py:538} INFO - Filling up the DagBag from /home/airflow/.local/lib/python3.8/site-packages/airflow/example_dags/example_latest_only_with_trigger.py
[2024-04-04T18:17:49.856+0000] {processor.py:840} INFO - DAG(s) 'latest_only_with_trigger' retrieved from /home/airflow/.local/lib/python3.8/site-packages/airflow/example_dags/example_latest_only_with_trigger.py
[2024-04-04T18:17:49.936+0000] {logging_mixin.py:188} INFO - [2024-04-04T18:17:49.935+0000] {dag.py:3036} INFO - Sync 1 DAGs
[2024-04-04T18:17:50.015+0000] {logging_mixin.py:188} INFO - [2024-04-04T18:17:50.015+0000] {dag.py:3823} INFO - Setting next_dagrun for latest_only_with_trigger to 2024-04-04 12:00:00+00:00, run_after=2024-04-04 16:00:00+00:00
[2024-04-04T18:17:50.072+0000] {processor.py:183} INFO - Processing /home/airflow/.local/lib/python3.8/site-packages/airflow/example_dags/example_latest_only_with_trigger.py took 0.265 seconds
[2024-04-04T18:18:20.492+0000] {processor.py:161} INFO - Started process (PID=46823) to work on /home/airflow/.local/lib/python3.8/site-packages/airflow/example_dags/example_latest_only_with_trigger.py
[2024-04-04T18:18:20.497+0000] {processor.py:830} INFO - Processing file /home/airflow/.local/lib/python3.8/site-packages/airflow/example_dags/example_latest_only_with_trigger.py for tasks to queue
[2024-04-04T18:18:20.502+0000] {logging_mixin.py:188} INFO - [2024-04-04T18:18:20.500+0000] {dagbag.py:538} INFO - Filling up the DagBag from /home/airflow/.local/lib/python3.8/site-packages/airflow/example_dags/example_latest_only_with_trigger.py
[2024-04-04T18:18:20.528+0000] {processor.py:840} INFO - DAG(s) 'latest_only_with_trigger' retrieved from /home/airflow/.local/lib/python3.8/site-packages/airflow/example_dags/example_latest_only_with_trigger.py
[2024-04-04T18:18:20.621+0000] {logging_mixin.py:188} INFO - [2024-04-04T18:18:20.620+0000] {dag.py:3036} INFO - Sync 1 DAGs
[2024-04-04T18:18:20.703+0000] {logging_mixin.py:188} INFO - [2024-04-04T18:18:20.703+0000] {dag.py:3823} INFO - Setting next_dagrun for latest_only_with_trigger to 2024-04-04 12:00:00+00:00, run_after=2024-04-04 16:00:00+00:00
[2024-04-04T18:18:20.774+0000] {processor.py:183} INFO - Processing /home/airflow/.local/lib/python3.8/site-packages/airflow/example_dags/example_latest_only_with_trigger.py took 0.299 seconds
[2024-04-04T18:18:52.673+0000] {processor.py:161} INFO - Started process (PID=46883) to work on /home/airflow/.local/lib/python3.8/site-packages/airflow/example_dags/example_latest_only_with_trigger.py
[2024-04-04T18:18:52.679+0000] {processor.py:830} INFO - Processing file /home/airflow/.local/lib/python3.8/site-packages/airflow/example_dags/example_latest_only_with_trigger.py for tasks to queue
[2024-04-04T18:18:52.686+0000] {logging_mixin.py:188} INFO - [2024-04-04T18:18:52.684+0000] {dagbag.py:538} INFO - Filling up the DagBag from /home/airflow/.local/lib/python3.8/site-packages/airflow/example_dags/example_latest_only_with_trigger.py
[2024-04-04T18:18:52.731+0000] {processor.py:840} INFO - DAG(s) 'latest_only_with_trigger' retrieved from /home/airflow/.local/lib/python3.8/site-packages/airflow/example_dags/example_latest_only_with_trigger.py
[2024-04-04T18:18:52.870+0000] {logging_mixin.py:188} INFO - [2024-04-04T18:18:52.868+0000] {dag.py:3036} INFO - Sync 1 DAGs
[2024-04-04T18:18:53.019+0000] {logging_mixin.py:188} INFO - [2024-04-04T18:18:53.018+0000] {dag.py:3823} INFO - Setting next_dagrun for latest_only_with_trigger to 2024-04-04 12:00:00+00:00, run_after=2024-04-04 16:00:00+00:00
[2024-04-04T18:18:53.119+0000] {processor.py:183} INFO - Processing /home/airflow/.local/lib/python3.8/site-packages/airflow/example_dags/example_latest_only_with_trigger.py took 0.469 seconds
[2024-04-04T18:19:23.580+0000] {processor.py:161} INFO - Started process (PID=46943) to work on /home/airflow/.local/lib/python3.8/site-packages/airflow/example_dags/example_latest_only_with_trigger.py
[2024-04-04T18:19:23.584+0000] {processor.py:830} INFO - Processing file /home/airflow/.local/lib/python3.8/site-packages/airflow/example_dags/example_latest_only_with_trigger.py for tasks to queue
[2024-04-04T18:19:23.588+0000] {logging_mixin.py:188} INFO - [2024-04-04T18:19:23.587+0000] {dagbag.py:538} INFO - Filling up the DagBag from /home/airflow/.local/lib/python3.8/site-packages/airflow/example_dags/example_latest_only_with_trigger.py
[2024-04-04T18:19:23.613+0000] {processor.py:840} INFO - DAG(s) 'latest_only_with_trigger' retrieved from /home/airflow/.local/lib/python3.8/site-packages/airflow/example_dags/example_latest_only_with_trigger.py
[2024-04-04T18:19:23.755+0000] {logging_mixin.py:188} INFO - [2024-04-04T18:19:23.754+0000] {dag.py:3036} INFO - Sync 1 DAGs
[2024-04-04T18:19:23.848+0000] {logging_mixin.py:188} INFO - [2024-04-04T18:19:23.846+0000] {dag.py:3823} INFO - Setting next_dagrun for latest_only_with_trigger to 2024-04-04 12:00:00+00:00, run_after=2024-04-04 16:00:00+00:00
[2024-04-04T18:19:23.924+0000] {processor.py:183} INFO - Processing /home/airflow/.local/lib/python3.8/site-packages/airflow/example_dags/example_latest_only_with_trigger.py took 0.356 seconds
[2024-04-04T18:19:54.806+0000] {processor.py:161} INFO - Started process (PID=47009) to work on /home/airflow/.local/lib/python3.8/site-packages/airflow/example_dags/example_latest_only_with_trigger.py
[2024-04-04T18:19:54.812+0000] {processor.py:830} INFO - Processing file /home/airflow/.local/lib/python3.8/site-packages/airflow/example_dags/example_latest_only_with_trigger.py for tasks to queue
[2024-04-04T18:19:54.818+0000] {logging_mixin.py:188} INFO - [2024-04-04T18:19:54.816+0000] {dagbag.py:538} INFO - Filling up the DagBag from /home/airflow/.local/lib/python3.8/site-packages/airflow/example_dags/example_latest_only_with_trigger.py
[2024-04-04T18:19:54.848+0000] {processor.py:840} INFO - DAG(s) 'latest_only_with_trigger' retrieved from /home/airflow/.local/lib/python3.8/site-packages/airflow/example_dags/example_latest_only_with_trigger.py
[2024-04-04T18:19:54.935+0000] {logging_mixin.py:188} INFO - [2024-04-04T18:19:54.934+0000] {dag.py:3036} INFO - Sync 1 DAGs
[2024-04-04T18:19:55.026+0000] {logging_mixin.py:188} INFO - [2024-04-04T18:19:55.025+0000] {dag.py:3823} INFO - Setting next_dagrun for latest_only_with_trigger to 2024-04-04 12:00:00+00:00, run_after=2024-04-04 16:00:00+00:00
[2024-04-04T18:19:55.099+0000] {processor.py:183} INFO - Processing /home/airflow/.local/lib/python3.8/site-packages/airflow/example_dags/example_latest_only_with_trigger.py took 0.314 seconds
[2024-04-04T18:20:25.695+0000] {processor.py:161} INFO - Started process (PID=47069) to work on /home/airflow/.local/lib/python3.8/site-packages/airflow/example_dags/example_latest_only_with_trigger.py
[2024-04-04T18:20:25.701+0000] {processor.py:830} INFO - Processing file /home/airflow/.local/lib/python3.8/site-packages/airflow/example_dags/example_latest_only_with_trigger.py for tasks to queue
[2024-04-04T18:20:25.708+0000] {logging_mixin.py:188} INFO - [2024-04-04T18:20:25.706+0000] {dagbag.py:538} INFO - Filling up the DagBag from /home/airflow/.local/lib/python3.8/site-packages/airflow/example_dags/example_latest_only_with_trigger.py
[2024-04-04T18:20:25.742+0000] {processor.py:840} INFO - DAG(s) 'latest_only_with_trigger' retrieved from /home/airflow/.local/lib/python3.8/site-packages/airflow/example_dags/example_latest_only_with_trigger.py
[2024-04-04T18:20:25.855+0000] {logging_mixin.py:188} INFO - [2024-04-04T18:20:25.854+0000] {dag.py:3036} INFO - Sync 1 DAGs
[2024-04-04T18:20:25.946+0000] {logging_mixin.py:188} INFO - [2024-04-04T18:20:25.945+0000] {dag.py:3823} INFO - Setting next_dagrun for latest_only_with_trigger to 2024-04-04 12:00:00+00:00, run_after=2024-04-04 16:00:00+00:00
[2024-04-04T18:20:26.021+0000] {processor.py:183} INFO - Processing /home/airflow/.local/lib/python3.8/site-packages/airflow/example_dags/example_latest_only_with_trigger.py took 0.347 seconds
[2024-04-04T18:20:57.210+0000] {processor.py:161} INFO - Started process (PID=47129) to work on /home/airflow/.local/lib/python3.8/site-packages/airflow/example_dags/example_latest_only_with_trigger.py
[2024-04-04T18:20:57.216+0000] {processor.py:830} INFO - Processing file /home/airflow/.local/lib/python3.8/site-packages/airflow/example_dags/example_latest_only_with_trigger.py for tasks to queue
[2024-04-04T18:20:57.223+0000] {logging_mixin.py:188} INFO - [2024-04-04T18:20:57.220+0000] {dagbag.py:538} INFO - Filling up the DagBag from /home/airflow/.local/lib/python3.8/site-packages/airflow/example_dags/example_latest_only_with_trigger.py
[2024-04-04T18:20:57.266+0000] {processor.py:840} INFO - DAG(s) 'latest_only_with_trigger' retrieved from /home/airflow/.local/lib/python3.8/site-packages/airflow/example_dags/example_latest_only_with_trigger.py
[2024-04-04T18:20:57.426+0000] {logging_mixin.py:188} INFO - [2024-04-04T18:20:57.424+0000] {dag.py:3036} INFO - Sync 1 DAGs
[2024-04-04T18:20:57.590+0000] {logging_mixin.py:188} INFO - [2024-04-04T18:20:57.588+0000] {dag.py:3823} INFO - Setting next_dagrun for latest_only_with_trigger to 2024-04-04 12:00:00+00:00, run_after=2024-04-04 16:00:00+00:00
[2024-04-04T18:20:57.674+0000] {processor.py:183} INFO - Processing /home/airflow/.local/lib/python3.8/site-packages/airflow/example_dags/example_latest_only_with_trigger.py took 0.485 seconds
[2024-04-04T18:21:27.883+0000] {processor.py:161} INFO - Started process (PID=47189) to work on /home/airflow/.local/lib/python3.8/site-packages/airflow/example_dags/example_latest_only_with_trigger.py
[2024-04-04T18:21:27.888+0000] {processor.py:830} INFO - Processing file /home/airflow/.local/lib/python3.8/site-packages/airflow/example_dags/example_latest_only_with_trigger.py for tasks to queue
[2024-04-04T18:21:27.892+0000] {logging_mixin.py:188} INFO - [2024-04-04T18:21:27.891+0000] {dagbag.py:538} INFO - Filling up the DagBag from /home/airflow/.local/lib/python3.8/site-packages/airflow/example_dags/example_latest_only_with_trigger.py
[2024-04-04T18:21:27.927+0000] {processor.py:840} INFO - DAG(s) 'latest_only_with_trigger' retrieved from /home/airflow/.local/lib/python3.8/site-packages/airflow/example_dags/example_latest_only_with_trigger.py
[2024-04-04T18:21:28.046+0000] {logging_mixin.py:188} INFO - [2024-04-04T18:21:28.044+0000] {dag.py:3036} INFO - Sync 1 DAGs
[2024-04-04T18:21:28.145+0000] {logging_mixin.py:188} INFO - [2024-04-04T18:21:28.144+0000] {dag.py:3823} INFO - Setting next_dagrun for latest_only_with_trigger to 2024-04-04 12:00:00+00:00, run_after=2024-04-04 16:00:00+00:00
[2024-04-04T18:21:28.278+0000] {processor.py:183} INFO - Processing /home/airflow/.local/lib/python3.8/site-packages/airflow/example_dags/example_latest_only_with_trigger.py took 0.416 seconds
[2024-04-04T18:21:58.560+0000] {processor.py:161} INFO - Started process (PID=47249) to work on /home/airflow/.local/lib/python3.8/site-packages/airflow/example_dags/example_latest_only_with_trigger.py
[2024-04-04T18:21:58.562+0000] {processor.py:830} INFO - Processing file /home/airflow/.local/lib/python3.8/site-packages/airflow/example_dags/example_latest_only_with_trigger.py for tasks to queue
[2024-04-04T18:21:58.564+0000] {logging_mixin.py:188} INFO - [2024-04-04T18:21:58.563+0000] {dagbag.py:538} INFO - Filling up the DagBag from /home/airflow/.local/lib/python3.8/site-packages/airflow/example_dags/example_latest_only_with_trigger.py
[2024-04-04T18:21:58.576+0000] {processor.py:840} INFO - DAG(s) 'latest_only_with_trigger' retrieved from /home/airflow/.local/lib/python3.8/site-packages/airflow/example_dags/example_latest_only_with_trigger.py
[2024-04-04T18:21:58.618+0000] {logging_mixin.py:188} INFO - [2024-04-04T18:21:58.618+0000] {dag.py:3036} INFO - Sync 1 DAGs
[2024-04-04T18:21:58.658+0000] {logging_mixin.py:188} INFO - [2024-04-04T18:21:58.657+0000] {dag.py:3823} INFO - Setting next_dagrun for latest_only_with_trigger to 2024-04-04 12:00:00+00:00, run_after=2024-04-04 16:00:00+00:00
[2024-04-04T18:21:58.693+0000] {processor.py:183} INFO - Processing /home/airflow/.local/lib/python3.8/site-packages/airflow/example_dags/example_latest_only_with_trigger.py took 0.139 seconds
[2024-04-04T18:22:28.928+0000] {processor.py:161} INFO - Started process (PID=47309) to work on /home/airflow/.local/lib/python3.8/site-packages/airflow/example_dags/example_latest_only_with_trigger.py
[2024-04-04T18:22:28.931+0000] {processor.py:830} INFO - Processing file /home/airflow/.local/lib/python3.8/site-packages/airflow/example_dags/example_latest_only_with_trigger.py for tasks to queue
[2024-04-04T18:22:28.934+0000] {logging_mixin.py:188} INFO - [2024-04-04T18:22:28.933+0000] {dagbag.py:538} INFO - Filling up the DagBag from /home/airflow/.local/lib/python3.8/site-packages/airflow/example_dags/example_latest_only_with_trigger.py
[2024-04-04T18:22:28.949+0000] {processor.py:840} INFO - DAG(s) 'latest_only_with_trigger' retrieved from /home/airflow/.local/lib/python3.8/site-packages/airflow/example_dags/example_latest_only_with_trigger.py
[2024-04-04T18:22:29.004+0000] {logging_mixin.py:188} INFO - [2024-04-04T18:22:29.004+0000] {dag.py:3036} INFO - Sync 1 DAGs
[2024-04-04T18:22:29.057+0000] {logging_mixin.py:188} INFO - [2024-04-04T18:22:29.057+0000] {dag.py:3823} INFO - Setting next_dagrun for latest_only_with_trigger to 2024-04-04 12:00:00+00:00, run_after=2024-04-04 16:00:00+00:00
[2024-04-04T18:22:29.111+0000] {processor.py:183} INFO - Processing /home/airflow/.local/lib/python3.8/site-packages/airflow/example_dags/example_latest_only_with_trigger.py took 0.191 seconds
[2024-04-04T18:23:00.057+0000] {processor.py:161} INFO - Started process (PID=47369) to work on /home/airflow/.local/lib/python3.8/site-packages/airflow/example_dags/example_latest_only_with_trigger.py
[2024-04-04T18:23:00.064+0000] {processor.py:830} INFO - Processing file /home/airflow/.local/lib/python3.8/site-packages/airflow/example_dags/example_latest_only_with_trigger.py for tasks to queue
[2024-04-04T18:23:00.080+0000] {logging_mixin.py:188} INFO - [2024-04-04T18:23:00.078+0000] {dagbag.py:538} INFO - Filling up the DagBag from /home/airflow/.local/lib/python3.8/site-packages/airflow/example_dags/example_latest_only_with_trigger.py
[2024-04-04T18:23:00.123+0000] {processor.py:840} INFO - DAG(s) 'latest_only_with_trigger' retrieved from /home/airflow/.local/lib/python3.8/site-packages/airflow/example_dags/example_latest_only_with_trigger.py
[2024-04-04T18:23:00.250+0000] {logging_mixin.py:188} INFO - [2024-04-04T18:23:00.248+0000] {dag.py:3036} INFO - Sync 1 DAGs
[2024-04-04T18:23:00.362+0000] {logging_mixin.py:188} INFO - [2024-04-04T18:23:00.360+0000] {dag.py:3823} INFO - Setting next_dagrun for latest_only_with_trigger to 2024-04-04 12:00:00+00:00, run_after=2024-04-04 16:00:00+00:00
[2024-04-04T18:23:00.479+0000] {processor.py:183} INFO - Processing /home/airflow/.local/lib/python3.8/site-packages/airflow/example_dags/example_latest_only_with_trigger.py took 0.457 seconds
[2024-04-04T18:23:30.878+0000] {processor.py:161} INFO - Started process (PID=47429) to work on /home/airflow/.local/lib/python3.8/site-packages/airflow/example_dags/example_latest_only_with_trigger.py
[2024-04-04T18:23:30.884+0000] {processor.py:830} INFO - Processing file /home/airflow/.local/lib/python3.8/site-packages/airflow/example_dags/example_latest_only_with_trigger.py for tasks to queue
[2024-04-04T18:23:30.890+0000] {logging_mixin.py:188} INFO - [2024-04-04T18:23:30.888+0000] {dagbag.py:538} INFO - Filling up the DagBag from /home/airflow/.local/lib/python3.8/site-packages/airflow/example_dags/example_latest_only_with_trigger.py
[2024-04-04T18:23:30.928+0000] {processor.py:840} INFO - DAG(s) 'latest_only_with_trigger' retrieved from /home/airflow/.local/lib/python3.8/site-packages/airflow/example_dags/example_latest_only_with_trigger.py
[2024-04-04T18:23:31.037+0000] {logging_mixin.py:188} INFO - [2024-04-04T18:23:31.035+0000] {dag.py:3036} INFO - Sync 1 DAGs
[2024-04-04T18:23:31.130+0000] {logging_mixin.py:188} INFO - [2024-04-04T18:23:31.129+0000] {dag.py:3823} INFO - Setting next_dagrun for latest_only_with_trigger to 2024-04-04 12:00:00+00:00, run_after=2024-04-04 16:00:00+00:00
[2024-04-04T18:23:31.216+0000] {processor.py:183} INFO - Processing /home/airflow/.local/lib/python3.8/site-packages/airflow/example_dags/example_latest_only_with_trigger.py took 0.359 seconds
[2024-04-04T19:14:32.452+0000] {processor.py:161} INFO - Started process (PID=47480) to work on /home/airflow/.local/lib/python3.8/site-packages/airflow/example_dags/example_latest_only_with_trigger.py
[2024-04-04T19:14:32.454+0000] {processor.py:830} INFO - Processing file /home/airflow/.local/lib/python3.8/site-packages/airflow/example_dags/example_latest_only_with_trigger.py for tasks to queue
[2024-04-04T19:14:32.456+0000] {logging_mixin.py:188} INFO - [2024-04-04T19:14:32.456+0000] {dagbag.py:538} INFO - Filling up the DagBag from /home/airflow/.local/lib/python3.8/site-packages/airflow/example_dags/example_latest_only_with_trigger.py
[2024-04-04T19:14:32.471+0000] {processor.py:840} INFO - DAG(s) 'latest_only_with_trigger' retrieved from /home/airflow/.local/lib/python3.8/site-packages/airflow/example_dags/example_latest_only_with_trigger.py
[2024-04-04T19:14:32.534+0000] {logging_mixin.py:188} INFO - [2024-04-04T19:14:32.533+0000] {dag.py:3036} INFO - Sync 1 DAGs
[2024-04-04T19:14:32.583+0000] {logging_mixin.py:188} INFO - [2024-04-04T19:14:32.583+0000] {dag.py:3823} INFO - Setting next_dagrun for latest_only_with_trigger to 2024-04-04 12:00:00+00:00, run_after=2024-04-04 16:00:00+00:00
[2024-04-04T19:14:32.634+0000] {processor.py:183} INFO - Processing /home/airflow/.local/lib/python3.8/site-packages/airflow/example_dags/example_latest_only_with_trigger.py took 0.188 seconds
[2024-04-04T19:15:03.796+0000] {processor.py:161} INFO - Started process (PID=47540) to work on /home/airflow/.local/lib/python3.8/site-packages/airflow/example_dags/example_latest_only_with_trigger.py
[2024-04-04T19:15:03.800+0000] {processor.py:830} INFO - Processing file /home/airflow/.local/lib/python3.8/site-packages/airflow/example_dags/example_latest_only_with_trigger.py for tasks to queue
[2024-04-04T19:15:03.804+0000] {logging_mixin.py:188} INFO - [2024-04-04T19:15:03.803+0000] {dagbag.py:538} INFO - Filling up the DagBag from /home/airflow/.local/lib/python3.8/site-packages/airflow/example_dags/example_latest_only_with_trigger.py
[2024-04-04T19:15:03.829+0000] {processor.py:840} INFO - DAG(s) 'latest_only_with_trigger' retrieved from /home/airflow/.local/lib/python3.8/site-packages/airflow/example_dags/example_latest_only_with_trigger.py
[2024-04-04T19:15:03.924+0000] {logging_mixin.py:188} INFO - [2024-04-04T19:15:03.923+0000] {dag.py:3036} INFO - Sync 1 DAGs
[2024-04-04T19:15:04.018+0000] {logging_mixin.py:188} INFO - [2024-04-04T19:15:04.017+0000] {dag.py:3823} INFO - Setting next_dagrun for latest_only_with_trigger to 2024-04-04 12:00:00+00:00, run_after=2024-04-04 16:00:00+00:00
[2024-04-04T19:15:04.095+0000] {processor.py:183} INFO - Processing /home/airflow/.local/lib/python3.8/site-packages/airflow/example_dags/example_latest_only_with_trigger.py took 0.314 seconds
[2024-04-04T22:03:48.236+0000] {processor.py:161} INFO - Started process (PID=47620) to work on /home/airflow/.local/lib/python3.8/site-packages/airflow/example_dags/example_latest_only_with_trigger.py
[2024-04-04T22:03:48.244+0000] {processor.py:830} INFO - Processing file /home/airflow/.local/lib/python3.8/site-packages/airflow/example_dags/example_latest_only_with_trigger.py for tasks to queue
[2024-04-04T22:03:48.253+0000] {logging_mixin.py:188} INFO - [2024-04-04T22:03:48.251+0000] {dagbag.py:538} INFO - Filling up the DagBag from /home/airflow/.local/lib/python3.8/site-packages/airflow/example_dags/example_latest_only_with_trigger.py
[2024-04-04T22:03:48.306+0000] {processor.py:840} INFO - DAG(s) 'latest_only_with_trigger' retrieved from /home/airflow/.local/lib/python3.8/site-packages/airflow/example_dags/example_latest_only_with_trigger.py
[2024-04-04T22:03:48.535+0000] {logging_mixin.py:188} INFO - [2024-04-04T22:03:48.533+0000] {dag.py:3036} INFO - Sync 1 DAGs
[2024-04-04T22:14:50.910+0000] {logging_mixin.py:188} INFO - [2024-04-04T22:14:50.910+0000] {dag.py:3823} INFO - Setting next_dagrun for latest_only_with_trigger to 2024-04-04 16:00:00+00:00, run_after=2024-04-04 20:00:00+00:00
[2024-04-04T22:14:51.130+0000] {processor.py:183} INFO - Processing /home/airflow/.local/lib/python3.8/site-packages/airflow/example_dags/example_latest_only_with_trigger.py took 662.883 seconds
[2024-04-04T23:15:26.163+0000] {processor.py:161} INFO - Started process (PID=47698) to work on /home/airflow/.local/lib/python3.8/site-packages/airflow/example_dags/example_latest_only_with_trigger.py
[2024-04-04T23:15:26.171+0000] {processor.py:830} INFO - Processing file /home/airflow/.local/lib/python3.8/site-packages/airflow/example_dags/example_latest_only_with_trigger.py for tasks to queue
[2024-04-04T23:15:26.182+0000] {logging_mixin.py:188} INFO - [2024-04-04T23:15:26.179+0000] {dagbag.py:538} INFO - Filling up the DagBag from /home/airflow/.local/lib/python3.8/site-packages/airflow/example_dags/example_latest_only_with_trigger.py
[2024-04-04T23:15:26.246+0000] {processor.py:840} INFO - DAG(s) 'latest_only_with_trigger' retrieved from /home/airflow/.local/lib/python3.8/site-packages/airflow/example_dags/example_latest_only_with_trigger.py
[2024-04-04T23:15:26.436+0000] {logging_mixin.py:188} INFO - [2024-04-04T23:15:26.433+0000] {dag.py:3036} INFO - Sync 1 DAGs
[2024-04-04T23:15:26.666+0000] {logging_mixin.py:188} INFO - [2024-04-04T23:15:26.665+0000] {dag.py:3823} INFO - Setting next_dagrun for latest_only_with_trigger to 2024-04-04 16:00:00+00:00, run_after=2024-04-04 20:00:00+00:00
[2024-04-04T23:15:26.794+0000] {processor.py:183} INFO - Processing /home/airflow/.local/lib/python3.8/site-packages/airflow/example_dags/example_latest_only_with_trigger.py took 0.661 seconds
[2024-04-04T23:16:00.595+0000] {processor.py:161} INFO - Started process (PID=47758) to work on /home/airflow/.local/lib/python3.8/site-packages/airflow/example_dags/example_latest_only_with_trigger.py
[2024-04-04T23:16:00.601+0000] {processor.py:830} INFO - Processing file /home/airflow/.local/lib/python3.8/site-packages/airflow/example_dags/example_latest_only_with_trigger.py for tasks to queue
[2024-04-04T23:16:00.606+0000] {logging_mixin.py:188} INFO - [2024-04-04T23:16:00.604+0000] {dagbag.py:538} INFO - Filling up the DagBag from /home/airflow/.local/lib/python3.8/site-packages/airflow/example_dags/example_latest_only_with_trigger.py
[2024-04-04T23:16:00.636+0000] {processor.py:840} INFO - DAG(s) 'latest_only_with_trigger' retrieved from /home/airflow/.local/lib/python3.8/site-packages/airflow/example_dags/example_latest_only_with_trigger.py
[2024-04-04T23:16:00.747+0000] {logging_mixin.py:188} INFO - [2024-04-04T23:16:00.746+0000] {dag.py:3036} INFO - Sync 1 DAGs
[2024-04-04T23:16:01.445+0000] {logging_mixin.py:188} INFO - [2024-04-04T23:16:01.444+0000] {dag.py:3823} INFO - Setting next_dagrun for latest_only_with_trigger to 2024-04-04 16:00:00+00:00, run_after=2024-04-04 20:00:00+00:00
[2024-04-04T23:16:01.533+0000] {processor.py:183} INFO - Processing /home/airflow/.local/lib/python3.8/site-packages/airflow/example_dags/example_latest_only_with_trigger.py took 0.957 seconds
[2024-04-04T23:16:31.814+0000] {processor.py:161} INFO - Started process (PID=47818) to work on /home/airflow/.local/lib/python3.8/site-packages/airflow/example_dags/example_latest_only_with_trigger.py
[2024-04-04T23:16:31.818+0000] {processor.py:830} INFO - Processing file /home/airflow/.local/lib/python3.8/site-packages/airflow/example_dags/example_latest_only_with_trigger.py for tasks to queue
[2024-04-04T23:16:31.821+0000] {logging_mixin.py:188} INFO - [2024-04-04T23:16:31.820+0000] {dagbag.py:538} INFO - Filling up the DagBag from /home/airflow/.local/lib/python3.8/site-packages/airflow/example_dags/example_latest_only_with_trigger.py
[2024-04-04T23:16:31.837+0000] {processor.py:840} INFO - DAG(s) 'latest_only_with_trigger' retrieved from /home/airflow/.local/lib/python3.8/site-packages/airflow/example_dags/example_latest_only_with_trigger.py
[2024-04-04T23:16:31.893+0000] {logging_mixin.py:188} INFO - [2024-04-04T23:16:31.893+0000] {dag.py:3036} INFO - Sync 1 DAGs
[2024-04-04T23:16:32.221+0000] {logging_mixin.py:188} INFO - [2024-04-04T23:16:32.221+0000] {dag.py:3823} INFO - Setting next_dagrun for latest_only_with_trigger to 2024-04-04 16:00:00+00:00, run_after=2024-04-04 20:00:00+00:00
[2024-04-04T23:16:32.273+0000] {processor.py:183} INFO - Processing /home/airflow/.local/lib/python3.8/site-packages/airflow/example_dags/example_latest_only_with_trigger.py took 0.469 seconds
[2024-04-04T23:17:02.743+0000] {processor.py:161} INFO - Started process (PID=47878) to work on /home/airflow/.local/lib/python3.8/site-packages/airflow/example_dags/example_latest_only_with_trigger.py
[2024-04-04T23:17:02.749+0000] {processor.py:830} INFO - Processing file /home/airflow/.local/lib/python3.8/site-packages/airflow/example_dags/example_latest_only_with_trigger.py for tasks to queue
[2024-04-04T23:17:02.754+0000] {logging_mixin.py:188} INFO - [2024-04-04T23:17:02.752+0000] {dagbag.py:538} INFO - Filling up the DagBag from /home/airflow/.local/lib/python3.8/site-packages/airflow/example_dags/example_latest_only_with_trigger.py
[2024-04-04T23:17:02.786+0000] {processor.py:840} INFO - DAG(s) 'latest_only_with_trigger' retrieved from /home/airflow/.local/lib/python3.8/site-packages/airflow/example_dags/example_latest_only_with_trigger.py
[2024-04-04T23:17:02.873+0000] {logging_mixin.py:188} INFO - [2024-04-04T23:17:02.872+0000] {dag.py:3036} INFO - Sync 1 DAGs
[2024-04-04T23:17:02.956+0000] {logging_mixin.py:188} INFO - [2024-04-04T23:17:02.955+0000] {dag.py:3823} INFO - Setting next_dagrun for latest_only_with_trigger to 2024-04-04 16:00:00+00:00, run_after=2024-04-04 20:00:00+00:00
[2024-04-04T23:17:03.030+0000] {processor.py:183} INFO - Processing /home/airflow/.local/lib/python3.8/site-packages/airflow/example_dags/example_latest_only_with_trigger.py took 0.304 seconds
[2024-04-04T23:17:33.423+0000] {processor.py:161} INFO - Started process (PID=47938) to work on /home/airflow/.local/lib/python3.8/site-packages/airflow/example_dags/example_latest_only_with_trigger.py
[2024-04-04T23:17:33.429+0000] {processor.py:830} INFO - Processing file /home/airflow/.local/lib/python3.8/site-packages/airflow/example_dags/example_latest_only_with_trigger.py for tasks to queue
[2024-04-04T23:17:33.437+0000] {logging_mixin.py:188} INFO - [2024-04-04T23:17:33.433+0000] {dagbag.py:538} INFO - Filling up the DagBag from /home/airflow/.local/lib/python3.8/site-packages/airflow/example_dags/example_latest_only_with_trigger.py
[2024-04-04T23:17:33.500+0000] {processor.py:840} INFO - DAG(s) 'latest_only_with_trigger' retrieved from /home/airflow/.local/lib/python3.8/site-packages/airflow/example_dags/example_latest_only_with_trigger.py
[2024-04-04T23:17:33.656+0000] {logging_mixin.py:188} INFO - [2024-04-04T23:17:33.654+0000] {dag.py:3036} INFO - Sync 1 DAGs
[2024-04-04T23:17:33.814+0000] {logging_mixin.py:188} INFO - [2024-04-04T23:17:33.812+0000] {dag.py:3823} INFO - Setting next_dagrun for latest_only_with_trigger to 2024-04-04 16:00:00+00:00, run_after=2024-04-04 20:00:00+00:00
[2024-04-04T23:17:33.935+0000] {processor.py:183} INFO - Processing /home/airflow/.local/lib/python3.8/site-packages/airflow/example_dags/example_latest_only_with_trigger.py took 0.534 seconds
[2024-04-04T23:18:04.792+0000] {processor.py:161} INFO - Started process (PID=47998) to work on /home/airflow/.local/lib/python3.8/site-packages/airflow/example_dags/example_latest_only_with_trigger.py
[2024-04-04T23:18:04.795+0000] {processor.py:830} INFO - Processing file /home/airflow/.local/lib/python3.8/site-packages/airflow/example_dags/example_latest_only_with_trigger.py for tasks to queue
[2024-04-04T23:18:04.797+0000] {logging_mixin.py:188} INFO - [2024-04-04T23:18:04.797+0000] {dagbag.py:538} INFO - Filling up the DagBag from /home/airflow/.local/lib/python3.8/site-packages/airflow/example_dags/example_latest_only_with_trigger.py
[2024-04-04T23:18:04.812+0000] {processor.py:840} INFO - DAG(s) 'latest_only_with_trigger' retrieved from /home/airflow/.local/lib/python3.8/site-packages/airflow/example_dags/example_latest_only_with_trigger.py
[2024-04-04T23:18:04.864+0000] {logging_mixin.py:188} INFO - [2024-04-04T23:18:04.864+0000] {dag.py:3036} INFO - Sync 1 DAGs
[2024-04-04T23:18:04.912+0000] {logging_mixin.py:188} INFO - [2024-04-04T23:18:04.911+0000] {dag.py:3823} INFO - Setting next_dagrun for latest_only_with_trigger to 2024-04-04 16:00:00+00:00, run_after=2024-04-04 20:00:00+00:00
[2024-04-04T23:18:04.967+0000] {processor.py:183} INFO - Processing /home/airflow/.local/lib/python3.8/site-packages/airflow/example_dags/example_latest_only_with_trigger.py took 0.183 seconds
[2024-04-04T23:18:35.429+0000] {processor.py:161} INFO - Started process (PID=48058) to work on /home/airflow/.local/lib/python3.8/site-packages/airflow/example_dags/example_latest_only_with_trigger.py
[2024-04-04T23:18:35.432+0000] {processor.py:830} INFO - Processing file /home/airflow/.local/lib/python3.8/site-packages/airflow/example_dags/example_latest_only_with_trigger.py for tasks to queue
[2024-04-04T23:18:35.434+0000] {logging_mixin.py:188} INFO - [2024-04-04T23:18:35.434+0000] {dagbag.py:538} INFO - Filling up the DagBag from /home/airflow/.local/lib/python3.8/site-packages/airflow/example_dags/example_latest_only_with_trigger.py
[2024-04-04T23:18:35.448+0000] {processor.py:840} INFO - DAG(s) 'latest_only_with_trigger' retrieved from /home/airflow/.local/lib/python3.8/site-packages/airflow/example_dags/example_latest_only_with_trigger.py
[2024-04-04T23:18:35.536+0000] {logging_mixin.py:188} INFO - [2024-04-04T23:18:35.535+0000] {dag.py:3036} INFO - Sync 1 DAGs
[2024-04-04T23:18:35.586+0000] {logging_mixin.py:188} INFO - [2024-04-04T23:18:35.585+0000] {dag.py:3823} INFO - Setting next_dagrun for latest_only_with_trigger to 2024-04-04 16:00:00+00:00, run_after=2024-04-04 20:00:00+00:00
[2024-04-04T23:18:35.628+0000] {processor.py:183} INFO - Processing /home/airflow/.local/lib/python3.8/site-packages/airflow/example_dags/example_latest_only_with_trigger.py took 0.207 seconds
[2024-04-04T23:19:06.230+0000] {processor.py:161} INFO - Started process (PID=48119) to work on /home/airflow/.local/lib/python3.8/site-packages/airflow/example_dags/example_latest_only_with_trigger.py
[2024-04-04T23:19:06.235+0000] {processor.py:830} INFO - Processing file /home/airflow/.local/lib/python3.8/site-packages/airflow/example_dags/example_latest_only_with_trigger.py for tasks to queue
[2024-04-04T23:19:06.240+0000] {logging_mixin.py:188} INFO - [2024-04-04T23:19:06.238+0000] {dagbag.py:538} INFO - Filling up the DagBag from /home/airflow/.local/lib/python3.8/site-packages/airflow/example_dags/example_latest_only_with_trigger.py
[2024-04-04T23:19:06.275+0000] {processor.py:840} INFO - DAG(s) 'latest_only_with_trigger' retrieved from /home/airflow/.local/lib/python3.8/site-packages/airflow/example_dags/example_latest_only_with_trigger.py
[2024-04-04T23:19:06.380+0000] {logging_mixin.py:188} INFO - [2024-04-04T23:19:06.379+0000] {dag.py:3036} INFO - Sync 1 DAGs
[2024-04-04T23:19:06.505+0000] {logging_mixin.py:188} INFO - [2024-04-04T23:19:06.504+0000] {dag.py:3823} INFO - Setting next_dagrun for latest_only_with_trigger to 2024-04-04 16:00:00+00:00, run_after=2024-04-04 20:00:00+00:00
[2024-04-04T23:19:06.597+0000] {processor.py:183} INFO - Processing /home/airflow/.local/lib/python3.8/site-packages/airflow/example_dags/example_latest_only_with_trigger.py took 0.381 seconds
[2024-04-04T23:19:37.094+0000] {processor.py:161} INFO - Started process (PID=48177) to work on /home/airflow/.local/lib/python3.8/site-packages/airflow/example_dags/example_latest_only_with_trigger.py
[2024-04-04T23:19:37.107+0000] {processor.py:830} INFO - Processing file /home/airflow/.local/lib/python3.8/site-packages/airflow/example_dags/example_latest_only_with_trigger.py for tasks to queue
[2024-04-04T23:19:37.119+0000] {logging_mixin.py:188} INFO - [2024-04-04T23:19:37.116+0000] {dagbag.py:538} INFO - Filling up the DagBag from /home/airflow/.local/lib/python3.8/site-packages/airflow/example_dags/example_latest_only_with_trigger.py
[2024-04-04T23:19:37.202+0000] {processor.py:840} INFO - DAG(s) 'latest_only_with_trigger' retrieved from /home/airflow/.local/lib/python3.8/site-packages/airflow/example_dags/example_latest_only_with_trigger.py
[2024-04-04T23:19:37.388+0000] {logging_mixin.py:188} INFO - [2024-04-04T23:19:37.386+0000] {dag.py:3036} INFO - Sync 1 DAGs
[2024-04-04T23:19:37.561+0000] {logging_mixin.py:188} INFO - [2024-04-04T23:19:37.560+0000] {dag.py:3823} INFO - Setting next_dagrun for latest_only_with_trigger to 2024-04-04 16:00:00+00:00, run_after=2024-04-04 20:00:00+00:00
[2024-04-04T23:19:37.658+0000] {processor.py:183} INFO - Processing /home/airflow/.local/lib/python3.8/site-packages/airflow/example_dags/example_latest_only_with_trigger.py took 0.589 seconds
[2024-04-04T23:20:08.367+0000] {processor.py:161} INFO - Started process (PID=48237) to work on /home/airflow/.local/lib/python3.8/site-packages/airflow/example_dags/example_latest_only_with_trigger.py
[2024-04-04T23:20:08.369+0000] {processor.py:830} INFO - Processing file /home/airflow/.local/lib/python3.8/site-packages/airflow/example_dags/example_latest_only_with_trigger.py for tasks to queue
[2024-04-04T23:20:08.371+0000] {logging_mixin.py:188} INFO - [2024-04-04T23:20:08.371+0000] {dagbag.py:538} INFO - Filling up the DagBag from /home/airflow/.local/lib/python3.8/site-packages/airflow/example_dags/example_latest_only_with_trigger.py
[2024-04-04T23:20:08.389+0000] {processor.py:840} INFO - DAG(s) 'latest_only_with_trigger' retrieved from /home/airflow/.local/lib/python3.8/site-packages/airflow/example_dags/example_latest_only_with_trigger.py
[2024-04-04T23:20:08.441+0000] {logging_mixin.py:188} INFO - [2024-04-04T23:20:08.440+0000] {dag.py:3036} INFO - Sync 1 DAGs
[2024-04-04T23:20:08.488+0000] {logging_mixin.py:188} INFO - [2024-04-04T23:20:08.488+0000] {dag.py:3823} INFO - Setting next_dagrun for latest_only_with_trigger to 2024-04-04 16:00:00+00:00, run_after=2024-04-04 20:00:00+00:00
[2024-04-04T23:20:08.524+0000] {processor.py:183} INFO - Processing /home/airflow/.local/lib/python3.8/site-packages/airflow/example_dags/example_latest_only_with_trigger.py took 0.166 seconds
[2024-04-04T23:20:39.449+0000] {processor.py:161} INFO - Started process (PID=48297) to work on /home/airflow/.local/lib/python3.8/site-packages/airflow/example_dags/example_latest_only_with_trigger.py
[2024-04-04T23:20:39.451+0000] {processor.py:830} INFO - Processing file /home/airflow/.local/lib/python3.8/site-packages/airflow/example_dags/example_latest_only_with_trigger.py for tasks to queue
[2024-04-04T23:20:39.453+0000] {logging_mixin.py:188} INFO - [2024-04-04T23:20:39.452+0000] {dagbag.py:538} INFO - Filling up the DagBag from /home/airflow/.local/lib/python3.8/site-packages/airflow/example_dags/example_latest_only_with_trigger.py
[2024-04-04T23:20:39.466+0000] {processor.py:840} INFO - DAG(s) 'latest_only_with_trigger' retrieved from /home/airflow/.local/lib/python3.8/site-packages/airflow/example_dags/example_latest_only_with_trigger.py
[2024-04-04T23:20:39.513+0000] {logging_mixin.py:188} INFO - [2024-04-04T23:20:39.513+0000] {dag.py:3036} INFO - Sync 1 DAGs
[2024-04-04T23:20:39.556+0000] {logging_mixin.py:188} INFO - [2024-04-04T23:20:39.556+0000] {dag.py:3823} INFO - Setting next_dagrun for latest_only_with_trigger to 2024-04-04 16:00:00+00:00, run_after=2024-04-04 20:00:00+00:00
[2024-04-04T23:20:39.599+0000] {processor.py:183} INFO - Processing /home/airflow/.local/lib/python3.8/site-packages/airflow/example_dags/example_latest_only_with_trigger.py took 0.157 seconds
[2024-04-04T23:21:10.545+0000] {processor.py:161} INFO - Started process (PID=48357) to work on /home/airflow/.local/lib/python3.8/site-packages/airflow/example_dags/example_latest_only_with_trigger.py
[2024-04-04T23:21:10.549+0000] {processor.py:830} INFO - Processing file /home/airflow/.local/lib/python3.8/site-packages/airflow/example_dags/example_latest_only_with_trigger.py for tasks to queue
[2024-04-04T23:21:10.552+0000] {logging_mixin.py:188} INFO - [2024-04-04T23:21:10.551+0000] {dagbag.py:538} INFO - Filling up the DagBag from /home/airflow/.local/lib/python3.8/site-packages/airflow/example_dags/example_latest_only_with_trigger.py
[2024-04-04T23:21:10.576+0000] {processor.py:840} INFO - DAG(s) 'latest_only_with_trigger' retrieved from /home/airflow/.local/lib/python3.8/site-packages/airflow/example_dags/example_latest_only_with_trigger.py
[2024-04-04T23:21:10.653+0000] {logging_mixin.py:188} INFO - [2024-04-04T23:21:10.652+0000] {dag.py:3036} INFO - Sync 1 DAGs
[2024-04-04T23:21:10.732+0000] {logging_mixin.py:188} INFO - [2024-04-04T23:21:10.731+0000] {dag.py:3823} INFO - Setting next_dagrun for latest_only_with_trigger to 2024-04-04 16:00:00+00:00, run_after=2024-04-04 20:00:00+00:00
[2024-04-04T23:21:10.832+0000] {processor.py:183} INFO - Processing /home/airflow/.local/lib/python3.8/site-packages/airflow/example_dags/example_latest_only_with_trigger.py took 0.299 seconds
[2024-04-04T23:21:41.431+0000] {processor.py:161} INFO - Started process (PID=48423) to work on /home/airflow/.local/lib/python3.8/site-packages/airflow/example_dags/example_latest_only_with_trigger.py
[2024-04-04T23:21:41.437+0000] {processor.py:830} INFO - Processing file /home/airflow/.local/lib/python3.8/site-packages/airflow/example_dags/example_latest_only_with_trigger.py for tasks to queue
[2024-04-04T23:21:41.444+0000] {logging_mixin.py:188} INFO - [2024-04-04T23:21:41.442+0000] {dagbag.py:538} INFO - Filling up the DagBag from /home/airflow/.local/lib/python3.8/site-packages/airflow/example_dags/example_latest_only_with_trigger.py
[2024-04-04T23:21:41.489+0000] {processor.py:840} INFO - DAG(s) 'latest_only_with_trigger' retrieved from /home/airflow/.local/lib/python3.8/site-packages/airflow/example_dags/example_latest_only_with_trigger.py
[2024-04-04T23:21:41.620+0000] {logging_mixin.py:188} INFO - [2024-04-04T23:21:41.618+0000] {dag.py:3036} INFO - Sync 1 DAGs
[2024-04-04T23:21:41.749+0000] {logging_mixin.py:188} INFO - [2024-04-04T23:21:41.748+0000] {dag.py:3823} INFO - Setting next_dagrun for latest_only_with_trigger to 2024-04-04 16:00:00+00:00, run_after=2024-04-04 20:00:00+00:00
[2024-04-04T23:21:41.922+0000] {processor.py:183} INFO - Processing /home/airflow/.local/lib/python3.8/site-packages/airflow/example_dags/example_latest_only_with_trigger.py took 0.513 seconds
[2024-04-04T23:22:12.257+0000] {processor.py:161} INFO - Started process (PID=48483) to work on /home/airflow/.local/lib/python3.8/site-packages/airflow/example_dags/example_latest_only_with_trigger.py
[2024-04-04T23:22:12.260+0000] {processor.py:830} INFO - Processing file /home/airflow/.local/lib/python3.8/site-packages/airflow/example_dags/example_latest_only_with_trigger.py for tasks to queue
[2024-04-04T23:22:12.263+0000] {logging_mixin.py:188} INFO - [2024-04-04T23:22:12.262+0000] {dagbag.py:538} INFO - Filling up the DagBag from /home/airflow/.local/lib/python3.8/site-packages/airflow/example_dags/example_latest_only_with_trigger.py
[2024-04-04T23:22:12.280+0000] {processor.py:840} INFO - DAG(s) 'latest_only_with_trigger' retrieved from /home/airflow/.local/lib/python3.8/site-packages/airflow/example_dags/example_latest_only_with_trigger.py
[2024-04-04T23:22:12.334+0000] {logging_mixin.py:188} INFO - [2024-04-04T23:22:12.334+0000] {dag.py:3036} INFO - Sync 1 DAGs
[2024-04-04T23:22:12.381+0000] {logging_mixin.py:188} INFO - [2024-04-04T23:22:12.380+0000] {dag.py:3823} INFO - Setting next_dagrun for latest_only_with_trigger to 2024-04-04 16:00:00+00:00, run_after=2024-04-04 20:00:00+00:00
[2024-04-04T23:22:12.421+0000] {processor.py:183} INFO - Processing /home/airflow/.local/lib/python3.8/site-packages/airflow/example_dags/example_latest_only_with_trigger.py took 0.172 seconds
[2024-04-04T23:22:42.990+0000] {processor.py:161} INFO - Started process (PID=48543) to work on /home/airflow/.local/lib/python3.8/site-packages/airflow/example_dags/example_latest_only_with_trigger.py
[2024-04-04T23:22:42.992+0000] {processor.py:830} INFO - Processing file /home/airflow/.local/lib/python3.8/site-packages/airflow/example_dags/example_latest_only_with_trigger.py for tasks to queue
[2024-04-04T23:22:42.994+0000] {logging_mixin.py:188} INFO - [2024-04-04T23:22:42.993+0000] {dagbag.py:538} INFO - Filling up the DagBag from /home/airflow/.local/lib/python3.8/site-packages/airflow/example_dags/example_latest_only_with_trigger.py
[2024-04-04T23:22:43.006+0000] {processor.py:840} INFO - DAG(s) 'latest_only_with_trigger' retrieved from /home/airflow/.local/lib/python3.8/site-packages/airflow/example_dags/example_latest_only_with_trigger.py
[2024-04-04T23:22:43.045+0000] {logging_mixin.py:188} INFO - [2024-04-04T23:22:43.045+0000] {dag.py:3036} INFO - Sync 1 DAGs
[2024-04-04T23:22:43.084+0000] {logging_mixin.py:188} INFO - [2024-04-04T23:22:43.084+0000] {dag.py:3823} INFO - Setting next_dagrun for latest_only_with_trigger to 2024-04-04 16:00:00+00:00, run_after=2024-04-04 20:00:00+00:00
[2024-04-04T23:22:43.119+0000] {processor.py:183} INFO - Processing /home/airflow/.local/lib/python3.8/site-packages/airflow/example_dags/example_latest_only_with_trigger.py took 0.136 seconds
[2024-04-04T23:23:13.224+0000] {processor.py:161} INFO - Started process (PID=48603) to work on /home/airflow/.local/lib/python3.8/site-packages/airflow/example_dags/example_latest_only_with_trigger.py
[2024-04-04T23:23:13.227+0000] {processor.py:830} INFO - Processing file /home/airflow/.local/lib/python3.8/site-packages/airflow/example_dags/example_latest_only_with_trigger.py for tasks to queue
[2024-04-04T23:23:13.231+0000] {logging_mixin.py:188} INFO - [2024-04-04T23:23:13.230+0000] {dagbag.py:538} INFO - Filling up the DagBag from /home/airflow/.local/lib/python3.8/site-packages/airflow/example_dags/example_latest_only_with_trigger.py
[2024-04-04T23:23:13.247+0000] {processor.py:840} INFO - DAG(s) 'latest_only_with_trigger' retrieved from /home/airflow/.local/lib/python3.8/site-packages/airflow/example_dags/example_latest_only_with_trigger.py
[2024-04-04T23:23:13.301+0000] {logging_mixin.py:188} INFO - [2024-04-04T23:23:13.300+0000] {dag.py:3036} INFO - Sync 1 DAGs
[2024-04-04T23:23:13.353+0000] {logging_mixin.py:188} INFO - [2024-04-04T23:23:13.353+0000] {dag.py:3823} INFO - Setting next_dagrun for latest_only_with_trigger to 2024-04-04 16:00:00+00:00, run_after=2024-04-04 20:00:00+00:00
[2024-04-04T23:23:13.412+0000] {processor.py:183} INFO - Processing /home/airflow/.local/lib/python3.8/site-packages/airflow/example_dags/example_latest_only_with_trigger.py took 0.197 seconds
[2024-04-04T23:23:44.003+0000] {processor.py:161} INFO - Started process (PID=48663) to work on /home/airflow/.local/lib/python3.8/site-packages/airflow/example_dags/example_latest_only_with_trigger.py
[2024-04-04T23:23:44.010+0000] {processor.py:830} INFO - Processing file /home/airflow/.local/lib/python3.8/site-packages/airflow/example_dags/example_latest_only_with_trigger.py for tasks to queue
[2024-04-04T23:23:44.019+0000] {logging_mixin.py:188} INFO - [2024-04-04T23:23:44.017+0000] {dagbag.py:538} INFO - Filling up the DagBag from /home/airflow/.local/lib/python3.8/site-packages/airflow/example_dags/example_latest_only_with_trigger.py
[2024-04-04T23:23:44.069+0000] {processor.py:840} INFO - DAG(s) 'latest_only_with_trigger' retrieved from /home/airflow/.local/lib/python3.8/site-packages/airflow/example_dags/example_latest_only_with_trigger.py
[2024-04-04T23:23:44.236+0000] {logging_mixin.py:188} INFO - [2024-04-04T23:23:44.234+0000] {dag.py:3036} INFO - Sync 1 DAGs
[2024-04-04T23:23:44.460+0000] {logging_mixin.py:188} INFO - [2024-04-04T23:23:44.459+0000] {dag.py:3823} INFO - Setting next_dagrun for latest_only_with_trigger to 2024-04-04 16:00:00+00:00, run_after=2024-04-04 20:00:00+00:00
[2024-04-04T23:23:44.598+0000] {processor.py:183} INFO - Processing /home/airflow/.local/lib/python3.8/site-packages/airflow/example_dags/example_latest_only_with_trigger.py took 0.614 seconds
[2024-04-04T23:24:15.464+0000] {processor.py:161} INFO - Started process (PID=48723) to work on /home/airflow/.local/lib/python3.8/site-packages/airflow/example_dags/example_latest_only_with_trigger.py
[2024-04-04T23:24:15.468+0000] {processor.py:830} INFO - Processing file /home/airflow/.local/lib/python3.8/site-packages/airflow/example_dags/example_latest_only_with_trigger.py for tasks to queue
[2024-04-04T23:24:15.472+0000] {logging_mixin.py:188} INFO - [2024-04-04T23:24:15.471+0000] {dagbag.py:538} INFO - Filling up the DagBag from /home/airflow/.local/lib/python3.8/site-packages/airflow/example_dags/example_latest_only_with_trigger.py
[2024-04-04T23:24:15.498+0000] {processor.py:840} INFO - DAG(s) 'latest_only_with_trigger' retrieved from /home/airflow/.local/lib/python3.8/site-packages/airflow/example_dags/example_latest_only_with_trigger.py
[2024-04-04T23:24:15.594+0000] {logging_mixin.py:188} INFO - [2024-04-04T23:24:15.593+0000] {dag.py:3036} INFO - Sync 1 DAGs
[2024-04-04T23:24:15.683+0000] {logging_mixin.py:188} INFO - [2024-04-04T23:24:15.681+0000] {dag.py:3823} INFO - Setting next_dagrun for latest_only_with_trigger to 2024-04-04 16:00:00+00:00, run_after=2024-04-04 20:00:00+00:00
[2024-04-04T23:24:15.760+0000] {processor.py:183} INFO - Processing /home/airflow/.local/lib/python3.8/site-packages/airflow/example_dags/example_latest_only_with_trigger.py took 0.307 seconds
[2024-04-04T23:24:46.073+0000] {processor.py:161} INFO - Started process (PID=48783) to work on /home/airflow/.local/lib/python3.8/site-packages/airflow/example_dags/example_latest_only_with_trigger.py
[2024-04-04T23:24:46.076+0000] {processor.py:830} INFO - Processing file /home/airflow/.local/lib/python3.8/site-packages/airflow/example_dags/example_latest_only_with_trigger.py for tasks to queue
[2024-04-04T23:24:46.079+0000] {logging_mixin.py:188} INFO - [2024-04-04T23:24:46.078+0000] {dagbag.py:538} INFO - Filling up the DagBag from /home/airflow/.local/lib/python3.8/site-packages/airflow/example_dags/example_latest_only_with_trigger.py
[2024-04-04T23:24:46.095+0000] {processor.py:840} INFO - DAG(s) 'latest_only_with_trigger' retrieved from /home/airflow/.local/lib/python3.8/site-packages/airflow/example_dags/example_latest_only_with_trigger.py
[2024-04-04T23:24:46.155+0000] {logging_mixin.py:188} INFO - [2024-04-04T23:24:46.155+0000] {dag.py:3036} INFO - Sync 1 DAGs
[2024-04-04T23:24:46.215+0000] {logging_mixin.py:188} INFO - [2024-04-04T23:24:46.214+0000] {dag.py:3823} INFO - Setting next_dagrun for latest_only_with_trigger to 2024-04-04 16:00:00+00:00, run_after=2024-04-04 20:00:00+00:00
[2024-04-04T23:24:46.264+0000] {processor.py:183} INFO - Processing /home/airflow/.local/lib/python3.8/site-packages/airflow/example_dags/example_latest_only_with_trigger.py took 0.200 seconds
[2024-04-04T23:25:16.659+0000] {processor.py:161} INFO - Started process (PID=48843) to work on /home/airflow/.local/lib/python3.8/site-packages/airflow/example_dags/example_latest_only_with_trigger.py
[2024-04-04T23:25:16.662+0000] {processor.py:830} INFO - Processing file /home/airflow/.local/lib/python3.8/site-packages/airflow/example_dags/example_latest_only_with_trigger.py for tasks to queue
[2024-04-04T23:25:16.664+0000] {logging_mixin.py:188} INFO - [2024-04-04T23:25:16.664+0000] {dagbag.py:538} INFO - Filling up the DagBag from /home/airflow/.local/lib/python3.8/site-packages/airflow/example_dags/example_latest_only_with_trigger.py
[2024-04-04T23:25:16.679+0000] {processor.py:840} INFO - DAG(s) 'latest_only_with_trigger' retrieved from /home/airflow/.local/lib/python3.8/site-packages/airflow/example_dags/example_latest_only_with_trigger.py
[2024-04-04T23:25:16.731+0000] {logging_mixin.py:188} INFO - [2024-04-04T23:25:16.730+0000] {dag.py:3036} INFO - Sync 1 DAGs
[2024-04-04T23:25:16.778+0000] {logging_mixin.py:188} INFO - [2024-04-04T23:25:16.777+0000] {dag.py:3823} INFO - Setting next_dagrun for latest_only_with_trigger to 2024-04-04 16:00:00+00:00, run_after=2024-04-04 20:00:00+00:00
[2024-04-04T23:25:16.822+0000] {processor.py:183} INFO - Processing /home/airflow/.local/lib/python3.8/site-packages/airflow/example_dags/example_latest_only_with_trigger.py took 0.172 seconds
[2024-04-04T23:25:47.287+0000] {processor.py:161} INFO - Started process (PID=48903) to work on /home/airflow/.local/lib/python3.8/site-packages/airflow/example_dags/example_latest_only_with_trigger.py
[2024-04-04T23:25:47.297+0000] {processor.py:830} INFO - Processing file /home/airflow/.local/lib/python3.8/site-packages/airflow/example_dags/example_latest_only_with_trigger.py for tasks to queue
[2024-04-04T23:25:47.303+0000] {logging_mixin.py:188} INFO - [2024-04-04T23:25:47.301+0000] {dagbag.py:538} INFO - Filling up the DagBag from /home/airflow/.local/lib/python3.8/site-packages/airflow/example_dags/example_latest_only_with_trigger.py
[2024-04-04T23:25:47.361+0000] {processor.py:840} INFO - DAG(s) 'latest_only_with_trigger' retrieved from /home/airflow/.local/lib/python3.8/site-packages/airflow/example_dags/example_latest_only_with_trigger.py
[2024-04-04T23:25:47.602+0000] {logging_mixin.py:188} INFO - [2024-04-04T23:25:47.601+0000] {dag.py:3036} INFO - Sync 1 DAGs
[2024-04-04T23:25:47.821+0000] {logging_mixin.py:188} INFO - [2024-04-04T23:25:47.819+0000] {dag.py:3823} INFO - Setting next_dagrun for latest_only_with_trigger to 2024-04-04 16:00:00+00:00, run_after=2024-04-04 20:00:00+00:00
[2024-04-04T23:25:47.967+0000] {processor.py:183} INFO - Processing /home/airflow/.local/lib/python3.8/site-packages/airflow/example_dags/example_latest_only_with_trigger.py took 0.704 seconds
[2024-04-04T23:26:18.137+0000] {processor.py:161} INFO - Started process (PID=48963) to work on /home/airflow/.local/lib/python3.8/site-packages/airflow/example_dags/example_latest_only_with_trigger.py
[2024-04-04T23:26:18.141+0000] {processor.py:830} INFO - Processing file /home/airflow/.local/lib/python3.8/site-packages/airflow/example_dags/example_latest_only_with_trigger.py for tasks to queue
[2024-04-04T23:26:18.145+0000] {logging_mixin.py:188} INFO - [2024-04-04T23:26:18.144+0000] {dagbag.py:538} INFO - Filling up the DagBag from /home/airflow/.local/lib/python3.8/site-packages/airflow/example_dags/example_latest_only_with_trigger.py
[2024-04-04T23:26:18.169+0000] {processor.py:840} INFO - DAG(s) 'latest_only_with_trigger' retrieved from /home/airflow/.local/lib/python3.8/site-packages/airflow/example_dags/example_latest_only_with_trigger.py
[2024-04-04T23:26:18.263+0000] {logging_mixin.py:188} INFO - [2024-04-04T23:26:18.262+0000] {dag.py:3036} INFO - Sync 1 DAGs
[2024-04-04T23:26:18.371+0000] {logging_mixin.py:188} INFO - [2024-04-04T23:26:18.370+0000] {dag.py:3823} INFO - Setting next_dagrun for latest_only_with_trigger to 2024-04-04 16:00:00+00:00, run_after=2024-04-04 20:00:00+00:00
[2024-04-04T23:26:18.475+0000] {processor.py:183} INFO - Processing /home/airflow/.local/lib/python3.8/site-packages/airflow/example_dags/example_latest_only_with_trigger.py took 0.352 seconds
[2024-04-04T23:26:49.512+0000] {processor.py:161} INFO - Started process (PID=49023) to work on /home/airflow/.local/lib/python3.8/site-packages/airflow/example_dags/example_latest_only_with_trigger.py
[2024-04-04T23:26:49.514+0000] {processor.py:830} INFO - Processing file /home/airflow/.local/lib/python3.8/site-packages/airflow/example_dags/example_latest_only_with_trigger.py for tasks to queue
[2024-04-04T23:26:49.516+0000] {logging_mixin.py:188} INFO - [2024-04-04T23:26:49.515+0000] {dagbag.py:538} INFO - Filling up the DagBag from /home/airflow/.local/lib/python3.8/site-packages/airflow/example_dags/example_latest_only_with_trigger.py
[2024-04-04T23:26:49.529+0000] {processor.py:840} INFO - DAG(s) 'latest_only_with_trigger' retrieved from /home/airflow/.local/lib/python3.8/site-packages/airflow/example_dags/example_latest_only_with_trigger.py
[2024-04-04T23:26:49.577+0000] {logging_mixin.py:188} INFO - [2024-04-04T23:26:49.576+0000] {dag.py:3036} INFO - Sync 1 DAGs
[2024-04-04T23:26:49.637+0000] {logging_mixin.py:188} INFO - [2024-04-04T23:26:49.637+0000] {dag.py:3823} INFO - Setting next_dagrun for latest_only_with_trigger to 2024-04-04 16:00:00+00:00, run_after=2024-04-04 20:00:00+00:00
[2024-04-04T23:26:49.675+0000] {processor.py:183} INFO - Processing /home/airflow/.local/lib/python3.8/site-packages/airflow/example_dags/example_latest_only_with_trigger.py took 0.169 seconds
[2024-04-04T23:27:20.975+0000] {processor.py:161} INFO - Started process (PID=49084) to work on /home/airflow/.local/lib/python3.8/site-packages/airflow/example_dags/example_latest_only_with_trigger.py
[2024-04-04T23:27:20.981+0000] {processor.py:830} INFO - Processing file /home/airflow/.local/lib/python3.8/site-packages/airflow/example_dags/example_latest_only_with_trigger.py for tasks to queue
[2024-04-04T23:27:20.987+0000] {logging_mixin.py:188} INFO - [2024-04-04T23:27:20.985+0000] {dagbag.py:538} INFO - Filling up the DagBag from /home/airflow/.local/lib/python3.8/site-packages/airflow/example_dags/example_latest_only_with_trigger.py
[2024-04-04T23:27:21.026+0000] {processor.py:840} INFO - DAG(s) 'latest_only_with_trigger' retrieved from /home/airflow/.local/lib/python3.8/site-packages/airflow/example_dags/example_latest_only_with_trigger.py
[2024-04-04T23:27:21.151+0000] {logging_mixin.py:188} INFO - [2024-04-04T23:27:21.150+0000] {dag.py:3036} INFO - Sync 1 DAGs
[2024-04-04T23:27:21.251+0000] {logging_mixin.py:188} INFO - [2024-04-04T23:27:21.250+0000] {dag.py:3823} INFO - Setting next_dagrun for latest_only_with_trigger to 2024-04-04 16:00:00+00:00, run_after=2024-04-04 20:00:00+00:00
[2024-04-04T23:27:21.372+0000] {processor.py:183} INFO - Processing /home/airflow/.local/lib/python3.8/site-packages/airflow/example_dags/example_latest_only_with_trigger.py took 0.417 seconds
[2024-04-04T23:27:52.423+0000] {processor.py:161} INFO - Started process (PID=49144) to work on /home/airflow/.local/lib/python3.8/site-packages/airflow/example_dags/example_latest_only_with_trigger.py
[2024-04-04T23:27:52.428+0000] {processor.py:830} INFO - Processing file /home/airflow/.local/lib/python3.8/site-packages/airflow/example_dags/example_latest_only_with_trigger.py for tasks to queue
[2024-04-04T23:27:52.434+0000] {logging_mixin.py:188} INFO - [2024-04-04T23:27:52.432+0000] {dagbag.py:538} INFO - Filling up the DagBag from /home/airflow/.local/lib/python3.8/site-packages/airflow/example_dags/example_latest_only_with_trigger.py
[2024-04-04T23:27:52.473+0000] {processor.py:840} INFO - DAG(s) 'latest_only_with_trigger' retrieved from /home/airflow/.local/lib/python3.8/site-packages/airflow/example_dags/example_latest_only_with_trigger.py
[2024-04-04T23:27:52.580+0000] {logging_mixin.py:188} INFO - [2024-04-04T23:27:52.579+0000] {dag.py:3036} INFO - Sync 1 DAGs
[2024-04-04T23:27:52.680+0000] {logging_mixin.py:188} INFO - [2024-04-04T23:27:52.680+0000] {dag.py:3823} INFO - Setting next_dagrun for latest_only_with_trigger to 2024-04-04 16:00:00+00:00, run_after=2024-04-04 20:00:00+00:00
[2024-04-04T23:27:52.757+0000] {processor.py:183} INFO - Processing /home/airflow/.local/lib/python3.8/site-packages/airflow/example_dags/example_latest_only_with_trigger.py took 0.357 seconds
[2024-04-04T23:28:23.430+0000] {processor.py:161} INFO - Started process (PID=49203) to work on /home/airflow/.local/lib/python3.8/site-packages/airflow/example_dags/example_latest_only_with_trigger.py
[2024-04-04T23:28:23.436+0000] {processor.py:830} INFO - Processing file /home/airflow/.local/lib/python3.8/site-packages/airflow/example_dags/example_latest_only_with_trigger.py for tasks to queue
[2024-04-04T23:28:23.443+0000] {logging_mixin.py:188} INFO - [2024-04-04T23:28:23.441+0000] {dagbag.py:538} INFO - Filling up the DagBag from /home/airflow/.local/lib/python3.8/site-packages/airflow/example_dags/example_latest_only_with_trigger.py
[2024-04-04T23:28:23.482+0000] {processor.py:840} INFO - DAG(s) 'latest_only_with_trigger' retrieved from /home/airflow/.local/lib/python3.8/site-packages/airflow/example_dags/example_latest_only_with_trigger.py
[2024-04-04T23:28:23.610+0000] {logging_mixin.py:188} INFO - [2024-04-04T23:28:23.609+0000] {dag.py:3036} INFO - Sync 1 DAGs
[2024-04-04T23:28:23.760+0000] {logging_mixin.py:188} INFO - [2024-04-04T23:28:23.759+0000] {dag.py:3823} INFO - Setting next_dagrun for latest_only_with_trigger to 2024-04-04 16:00:00+00:00, run_after=2024-04-04 20:00:00+00:00
[2024-04-04T23:28:23.895+0000] {processor.py:183} INFO - Processing /home/airflow/.local/lib/python3.8/site-packages/airflow/example_dags/example_latest_only_with_trigger.py took 0.484 seconds
[2024-04-04T23:28:54.531+0000] {processor.py:161} INFO - Started process (PID=49263) to work on /home/airflow/.local/lib/python3.8/site-packages/airflow/example_dags/example_latest_only_with_trigger.py
[2024-04-04T23:28:54.533+0000] {processor.py:830} INFO - Processing file /home/airflow/.local/lib/python3.8/site-packages/airflow/example_dags/example_latest_only_with_trigger.py for tasks to queue
[2024-04-04T23:28:54.537+0000] {logging_mixin.py:188} INFO - [2024-04-04T23:28:54.536+0000] {dagbag.py:538} INFO - Filling up the DagBag from /home/airflow/.local/lib/python3.8/site-packages/airflow/example_dags/example_latest_only_with_trigger.py
[2024-04-04T23:28:54.555+0000] {processor.py:840} INFO - DAG(s) 'latest_only_with_trigger' retrieved from /home/airflow/.local/lib/python3.8/site-packages/airflow/example_dags/example_latest_only_with_trigger.py
[2024-04-04T23:28:54.613+0000] {logging_mixin.py:188} INFO - [2024-04-04T23:28:54.612+0000] {dag.py:3036} INFO - Sync 1 DAGs
[2024-04-04T23:28:54.666+0000] {logging_mixin.py:188} INFO - [2024-04-04T23:28:54.666+0000] {dag.py:3823} INFO - Setting next_dagrun for latest_only_with_trigger to 2024-04-04 16:00:00+00:00, run_after=2024-04-04 20:00:00+00:00
[2024-04-04T23:28:54.713+0000] {processor.py:183} INFO - Processing /home/airflow/.local/lib/python3.8/site-packages/airflow/example_dags/example_latest_only_with_trigger.py took 0.192 seconds
[2024-04-04T23:29:25.195+0000] {processor.py:161} INFO - Started process (PID=49323) to work on /home/airflow/.local/lib/python3.8/site-packages/airflow/example_dags/example_latest_only_with_trigger.py
[2024-04-04T23:29:25.199+0000] {processor.py:830} INFO - Processing file /home/airflow/.local/lib/python3.8/site-packages/airflow/example_dags/example_latest_only_with_trigger.py for tasks to queue
[2024-04-04T23:29:25.204+0000] {logging_mixin.py:188} INFO - [2024-04-04T23:29:25.203+0000] {dagbag.py:538} INFO - Filling up the DagBag from /home/airflow/.local/lib/python3.8/site-packages/airflow/example_dags/example_latest_only_with_trigger.py
[2024-04-04T23:29:25.228+0000] {processor.py:840} INFO - DAG(s) 'latest_only_with_trigger' retrieved from /home/airflow/.local/lib/python3.8/site-packages/airflow/example_dags/example_latest_only_with_trigger.py
[2024-04-04T23:29:25.307+0000] {logging_mixin.py:188} INFO - [2024-04-04T23:29:25.306+0000] {dag.py:3036} INFO - Sync 1 DAGs
[2024-04-04T23:29:25.384+0000] {logging_mixin.py:188} INFO - [2024-04-04T23:29:25.382+0000] {dag.py:3823} INFO - Setting next_dagrun for latest_only_with_trigger to 2024-04-04 16:00:00+00:00, run_after=2024-04-04 20:00:00+00:00
[2024-04-04T23:29:25.448+0000] {processor.py:183} INFO - Processing /home/airflow/.local/lib/python3.8/site-packages/airflow/example_dags/example_latest_only_with_trigger.py took 0.270 seconds
[2024-04-04T23:29:56.110+0000] {processor.py:161} INFO - Started process (PID=49383) to work on /home/airflow/.local/lib/python3.8/site-packages/airflow/example_dags/example_latest_only_with_trigger.py
[2024-04-04T23:29:56.114+0000] {processor.py:830} INFO - Processing file /home/airflow/.local/lib/python3.8/site-packages/airflow/example_dags/example_latest_only_with_trigger.py for tasks to queue
[2024-04-04T23:29:56.119+0000] {logging_mixin.py:188} INFO - [2024-04-04T23:29:56.117+0000] {dagbag.py:538} INFO - Filling up the DagBag from /home/airflow/.local/lib/python3.8/site-packages/airflow/example_dags/example_latest_only_with_trigger.py
[2024-04-04T23:29:56.146+0000] {processor.py:840} INFO - DAG(s) 'latest_only_with_trigger' retrieved from /home/airflow/.local/lib/python3.8/site-packages/airflow/example_dags/example_latest_only_with_trigger.py
[2024-04-04T23:29:56.234+0000] {logging_mixin.py:188} INFO - [2024-04-04T23:29:56.233+0000] {dag.py:3036} INFO - Sync 1 DAGs
[2024-04-04T23:29:56.316+0000] {logging_mixin.py:188} INFO - [2024-04-04T23:29:56.315+0000] {dag.py:3823} INFO - Setting next_dagrun for latest_only_with_trigger to 2024-04-04 16:00:00+00:00, run_after=2024-04-04 20:00:00+00:00
[2024-04-04T23:29:56.433+0000] {processor.py:183} INFO - Processing /home/airflow/.local/lib/python3.8/site-packages/airflow/example_dags/example_latest_only_with_trigger.py took 0.337 seconds
[2024-04-04T23:30:30.758+0000] {processor.py:161} INFO - Started process (PID=49443) to work on /home/airflow/.local/lib/python3.8/site-packages/airflow/example_dags/example_latest_only_with_trigger.py
[2024-04-04T23:30:30.769+0000] {processor.py:830} INFO - Processing file /home/airflow/.local/lib/python3.8/site-packages/airflow/example_dags/example_latest_only_with_trigger.py for tasks to queue
[2024-04-04T23:30:30.780+0000] {logging_mixin.py:188} INFO - [2024-04-04T23:30:30.777+0000] {dagbag.py:538} INFO - Filling up the DagBag from /home/airflow/.local/lib/python3.8/site-packages/airflow/example_dags/example_latest_only_with_trigger.py
[2024-04-04T23:30:30.856+0000] {processor.py:840} INFO - DAG(s) 'latest_only_with_trigger' retrieved from /home/airflow/.local/lib/python3.8/site-packages/airflow/example_dags/example_latest_only_with_trigger.py
[2024-04-04T23:30:31.114+0000] {logging_mixin.py:188} INFO - [2024-04-04T23:30:31.112+0000] {dag.py:3036} INFO - Sync 1 DAGs
[2024-04-04T23:30:31.294+0000] {logging_mixin.py:188} INFO - [2024-04-04T23:30:31.292+0000] {dag.py:3823} INFO - Setting next_dagrun for latest_only_with_trigger to 2024-04-04 16:00:00+00:00, run_after=2024-04-04 20:00:00+00:00
[2024-04-04T23:30:31.440+0000] {processor.py:183} INFO - Processing /home/airflow/.local/lib/python3.8/site-packages/airflow/example_dags/example_latest_only_with_trigger.py took 0.715 seconds
[2024-04-04T23:31:02.316+0000] {processor.py:161} INFO - Started process (PID=49504) to work on /home/airflow/.local/lib/python3.8/site-packages/airflow/example_dags/example_latest_only_with_trigger.py
[2024-04-04T23:31:02.322+0000] {processor.py:830} INFO - Processing file /home/airflow/.local/lib/python3.8/site-packages/airflow/example_dags/example_latest_only_with_trigger.py for tasks to queue
[2024-04-04T23:31:02.337+0000] {logging_mixin.py:188} INFO - [2024-04-04T23:31:02.334+0000] {dagbag.py:538} INFO - Filling up the DagBag from /home/airflow/.local/lib/python3.8/site-packages/airflow/example_dags/example_latest_only_with_trigger.py
[2024-04-04T23:31:02.417+0000] {processor.py:840} INFO - DAG(s) 'latest_only_with_trigger' retrieved from /home/airflow/.local/lib/python3.8/site-packages/airflow/example_dags/example_latest_only_with_trigger.py
[2024-04-04T23:31:02.663+0000] {logging_mixin.py:188} INFO - [2024-04-04T23:31:02.661+0000] {dag.py:3036} INFO - Sync 1 DAGs
[2024-04-04T23:31:02.856+0000] {logging_mixin.py:188} INFO - [2024-04-04T23:31:02.855+0000] {dag.py:3823} INFO - Setting next_dagrun for latest_only_with_trigger to 2024-04-04 16:00:00+00:00, run_after=2024-04-04 20:00:00+00:00
[2024-04-04T23:31:02.972+0000] {processor.py:183} INFO - Processing /home/airflow/.local/lib/python3.8/site-packages/airflow/example_dags/example_latest_only_with_trigger.py took 0.687 seconds
[2024-04-04T23:31:33.200+0000] {processor.py:161} INFO - Started process (PID=49564) to work on /home/airflow/.local/lib/python3.8/site-packages/airflow/example_dags/example_latest_only_with_trigger.py
[2024-04-04T23:31:33.203+0000] {processor.py:830} INFO - Processing file /home/airflow/.local/lib/python3.8/site-packages/airflow/example_dags/example_latest_only_with_trigger.py for tasks to queue
[2024-04-04T23:31:33.206+0000] {logging_mixin.py:188} INFO - [2024-04-04T23:31:33.205+0000] {dagbag.py:538} INFO - Filling up the DagBag from /home/airflow/.local/lib/python3.8/site-packages/airflow/example_dags/example_latest_only_with_trigger.py
[2024-04-04T23:31:33.225+0000] {processor.py:840} INFO - DAG(s) 'latest_only_with_trigger' retrieved from /home/airflow/.local/lib/python3.8/site-packages/airflow/example_dags/example_latest_only_with_trigger.py
[2024-04-04T23:31:33.284+0000] {logging_mixin.py:188} INFO - [2024-04-04T23:31:33.283+0000] {dag.py:3036} INFO - Sync 1 DAGs
[2024-04-04T23:31:33.338+0000] {logging_mixin.py:188} INFO - [2024-04-04T23:31:33.338+0000] {dag.py:3823} INFO - Setting next_dagrun for latest_only_with_trigger to 2024-04-04 16:00:00+00:00, run_after=2024-04-04 20:00:00+00:00
[2024-04-04T23:31:33.385+0000] {processor.py:183} INFO - Processing /home/airflow/.local/lib/python3.8/site-packages/airflow/example_dags/example_latest_only_with_trigger.py took 0.194 seconds
