[2024-04-04T20:01:57.594+0000] {processor.py:161} INFO - Started process (PID=43459) to work on /home/airflow/.local/lib/python3.8/site-packages/airflow/example_dags/example_time_delta_sensor_async.py
[2024-04-04T20:01:57.608+0000] {processor.py:830} INFO - Processing file /home/airflow/.local/lib/python3.8/site-packages/airflow/example_dags/example_time_delta_sensor_async.py for tasks to queue
[2024-04-04T20:01:57.609+0000] {logging_mixin.py:188} INFO - [2024-04-04T20:01:57.609+0000] {dagbag.py:538} INFO - Filling up the DagBag from /home/airflow/.local/lib/python3.8/site-packages/airflow/example_dags/example_time_delta_sensor_async.py
[2024-04-04T20:01:57.628+0000] {processor.py:840} INFO - DAG(s) 'example_time_delta_sensor_async' retrieved from /home/airflow/.local/lib/python3.8/site-packages/airflow/example_dags/example_time_delta_sensor_async.py
[2024-04-04T20:01:57.726+0000] {logging_mixin.py:188} INFO - [2024-04-04T20:01:57.726+0000] {dag.py:3036} INFO - Sync 1 DAGs
[2024-04-04T20:01:57.769+0000] {logging_mixin.py:188} INFO - [2024-04-04T20:01:57.769+0000] {dag.py:3823} INFO - Setting next_dagrun for example_time_delta_sensor_async to None, run_after=None
[2024-04-04T20:01:57.852+0000] {processor.py:183} INFO - Processing /home/airflow/.local/lib/python3.8/site-packages/airflow/example_dags/example_time_delta_sensor_async.py took 0.264 seconds
[2024-04-04T18:12:27.522+0000] {processor.py:161} INFO - Started process (PID=46139) to work on /home/airflow/.local/lib/python3.8/site-packages/airflow/example_dags/example_time_delta_sensor_async.py
[2024-04-04T18:12:27.538+0000] {processor.py:830} INFO - Processing file /home/airflow/.local/lib/python3.8/site-packages/airflow/example_dags/example_time_delta_sensor_async.py for tasks to queue
[2024-04-04T18:12:27.540+0000] {logging_mixin.py:188} INFO - [2024-04-04T18:12:27.539+0000] {dagbag.py:538} INFO - Filling up the DagBag from /home/airflow/.local/lib/python3.8/site-packages/airflow/example_dags/example_time_delta_sensor_async.py
[2024-04-04T18:12:27.561+0000] {processor.py:840} INFO - DAG(s) 'example_time_delta_sensor_async' retrieved from /home/airflow/.local/lib/python3.8/site-packages/airflow/example_dags/example_time_delta_sensor_async.py
[2024-04-04T18:12:27.640+0000] {logging_mixin.py:188} INFO - [2024-04-04T18:12:27.639+0000] {dag.py:3036} INFO - Sync 1 DAGs
[2024-04-04T18:12:27.726+0000] {logging_mixin.py:188} INFO - [2024-04-04T18:12:27.713+0000] {dag.py:3823} INFO - Setting next_dagrun for example_time_delta_sensor_async to None, run_after=None
[2024-04-04T18:12:27.896+0000] {processor.py:183} INFO - Processing /home/airflow/.local/lib/python3.8/site-packages/airflow/example_dags/example_time_delta_sensor_async.py took 0.394 seconds
[2024-04-04T18:12:58.466+0000] {processor.py:161} INFO - Started process (PID=46199) to work on /home/airflow/.local/lib/python3.8/site-packages/airflow/example_dags/example_time_delta_sensor_async.py
[2024-04-04T18:12:58.467+0000] {processor.py:830} INFO - Processing file /home/airflow/.local/lib/python3.8/site-packages/airflow/example_dags/example_time_delta_sensor_async.py for tasks to queue
[2024-04-04T18:12:58.469+0000] {logging_mixin.py:188} INFO - [2024-04-04T18:12:58.468+0000] {dagbag.py:538} INFO - Filling up the DagBag from /home/airflow/.local/lib/python3.8/site-packages/airflow/example_dags/example_time_delta_sensor_async.py
[2024-04-04T18:12:58.474+0000] {processor.py:840} INFO - DAG(s) 'example_time_delta_sensor_async' retrieved from /home/airflow/.local/lib/python3.8/site-packages/airflow/example_dags/example_time_delta_sensor_async.py
[2024-04-04T18:12:58.499+0000] {logging_mixin.py:188} INFO - [2024-04-04T18:12:58.499+0000] {dag.py:3036} INFO - Sync 1 DAGs
[2024-04-04T18:12:58.513+0000] {logging_mixin.py:188} INFO - [2024-04-04T18:12:58.513+0000] {dag.py:3823} INFO - Setting next_dagrun for example_time_delta_sensor_async to None, run_after=None
[2024-04-04T18:12:58.533+0000] {processor.py:183} INFO - Processing /home/airflow/.local/lib/python3.8/site-packages/airflow/example_dags/example_time_delta_sensor_async.py took 0.071 seconds
[2024-04-04T18:13:28.847+0000] {processor.py:161} INFO - Started process (PID=46259) to work on /home/airflow/.local/lib/python3.8/site-packages/airflow/example_dags/example_time_delta_sensor_async.py
[2024-04-04T18:13:28.849+0000] {processor.py:830} INFO - Processing file /home/airflow/.local/lib/python3.8/site-packages/airflow/example_dags/example_time_delta_sensor_async.py for tasks to queue
[2024-04-04T18:13:28.850+0000] {logging_mixin.py:188} INFO - [2024-04-04T18:13:28.850+0000] {dagbag.py:538} INFO - Filling up the DagBag from /home/airflow/.local/lib/python3.8/site-packages/airflow/example_dags/example_time_delta_sensor_async.py
[2024-04-04T18:13:28.855+0000] {processor.py:840} INFO - DAG(s) 'example_time_delta_sensor_async' retrieved from /home/airflow/.local/lib/python3.8/site-packages/airflow/example_dags/example_time_delta_sensor_async.py
[2024-04-04T18:13:28.878+0000] {logging_mixin.py:188} INFO - [2024-04-04T18:13:28.878+0000] {dag.py:3036} INFO - Sync 1 DAGs
[2024-04-04T18:13:28.891+0000] {logging_mixin.py:188} INFO - [2024-04-04T18:13:28.891+0000] {dag.py:3823} INFO - Setting next_dagrun for example_time_delta_sensor_async to None, run_after=None
[2024-04-04T18:13:28.914+0000] {processor.py:183} INFO - Processing /home/airflow/.local/lib/python3.8/site-packages/airflow/example_dags/example_time_delta_sensor_async.py took 0.071 seconds
[2024-04-04T18:13:59.260+0000] {processor.py:161} INFO - Started process (PID=46319) to work on /home/airflow/.local/lib/python3.8/site-packages/airflow/example_dags/example_time_delta_sensor_async.py
[2024-04-04T18:13:59.262+0000] {processor.py:830} INFO - Processing file /home/airflow/.local/lib/python3.8/site-packages/airflow/example_dags/example_time_delta_sensor_async.py for tasks to queue
[2024-04-04T18:13:59.263+0000] {logging_mixin.py:188} INFO - [2024-04-04T18:13:59.263+0000] {dagbag.py:538} INFO - Filling up the DagBag from /home/airflow/.local/lib/python3.8/site-packages/airflow/example_dags/example_time_delta_sensor_async.py
[2024-04-04T18:13:59.268+0000] {processor.py:840} INFO - DAG(s) 'example_time_delta_sensor_async' retrieved from /home/airflow/.local/lib/python3.8/site-packages/airflow/example_dags/example_time_delta_sensor_async.py
[2024-04-04T18:13:59.296+0000] {logging_mixin.py:188} INFO - [2024-04-04T18:13:59.296+0000] {dag.py:3036} INFO - Sync 1 DAGs
[2024-04-04T18:13:59.316+0000] {logging_mixin.py:188} INFO - [2024-04-04T18:13:59.315+0000] {dag.py:3823} INFO - Setting next_dagrun for example_time_delta_sensor_async to None, run_after=None
[2024-04-04T18:13:59.342+0000] {processor.py:183} INFO - Processing /home/airflow/.local/lib/python3.8/site-packages/airflow/example_dags/example_time_delta_sensor_async.py took 0.086 seconds
[2024-04-04T18:14:29.830+0000] {processor.py:161} INFO - Started process (PID=46379) to work on /home/airflow/.local/lib/python3.8/site-packages/airflow/example_dags/example_time_delta_sensor_async.py
[2024-04-04T18:14:29.832+0000] {processor.py:830} INFO - Processing file /home/airflow/.local/lib/python3.8/site-packages/airflow/example_dags/example_time_delta_sensor_async.py for tasks to queue
[2024-04-04T18:14:29.833+0000] {logging_mixin.py:188} INFO - [2024-04-04T18:14:29.833+0000] {dagbag.py:538} INFO - Filling up the DagBag from /home/airflow/.local/lib/python3.8/site-packages/airflow/example_dags/example_time_delta_sensor_async.py
[2024-04-04T18:14:29.840+0000] {processor.py:840} INFO - DAG(s) 'example_time_delta_sensor_async' retrieved from /home/airflow/.local/lib/python3.8/site-packages/airflow/example_dags/example_time_delta_sensor_async.py
[2024-04-04T18:14:29.867+0000] {logging_mixin.py:188} INFO - [2024-04-04T18:14:29.867+0000] {dag.py:3036} INFO - Sync 1 DAGs
[2024-04-04T18:14:29.884+0000] {logging_mixin.py:188} INFO - [2024-04-04T18:14:29.884+0000] {dag.py:3823} INFO - Setting next_dagrun for example_time_delta_sensor_async to None, run_after=None
[2024-04-04T18:14:29.909+0000] {processor.py:183} INFO - Processing /home/airflow/.local/lib/python3.8/site-packages/airflow/example_dags/example_time_delta_sensor_async.py took 0.085 seconds
[2024-04-04T18:15:00.315+0000] {processor.py:161} INFO - Started process (PID=46439) to work on /home/airflow/.local/lib/python3.8/site-packages/airflow/example_dags/example_time_delta_sensor_async.py
[2024-04-04T18:15:00.318+0000] {processor.py:830} INFO - Processing file /home/airflow/.local/lib/python3.8/site-packages/airflow/example_dags/example_time_delta_sensor_async.py for tasks to queue
[2024-04-04T18:15:00.322+0000] {logging_mixin.py:188} INFO - [2024-04-04T18:15:00.321+0000] {dagbag.py:538} INFO - Filling up the DagBag from /home/airflow/.local/lib/python3.8/site-packages/airflow/example_dags/example_time_delta_sensor_async.py
[2024-04-04T18:15:00.339+0000] {processor.py:840} INFO - DAG(s) 'example_time_delta_sensor_async' retrieved from /home/airflow/.local/lib/python3.8/site-packages/airflow/example_dags/example_time_delta_sensor_async.py
[2024-04-04T18:15:00.413+0000] {logging_mixin.py:188} INFO - [2024-04-04T18:15:00.413+0000] {dag.py:3036} INFO - Sync 1 DAGs
[2024-04-04T18:15:00.453+0000] {logging_mixin.py:188} INFO - [2024-04-04T18:15:00.453+0000] {dag.py:3823} INFO - Setting next_dagrun for example_time_delta_sensor_async to None, run_after=None
[2024-04-04T18:15:00.523+0000] {processor.py:183} INFO - Processing /home/airflow/.local/lib/python3.8/site-packages/airflow/example_dags/example_time_delta_sensor_async.py took 0.221 seconds
[2024-04-04T18:15:34.323+0000] {processor.py:161} INFO - Started process (PID=46499) to work on /home/airflow/.local/lib/python3.8/site-packages/airflow/example_dags/example_time_delta_sensor_async.py
[2024-04-04T18:15:34.332+0000] {processor.py:830} INFO - Processing file /home/airflow/.local/lib/python3.8/site-packages/airflow/example_dags/example_time_delta_sensor_async.py for tasks to queue
[2024-04-04T18:15:34.352+0000] {logging_mixin.py:188} INFO - [2024-04-04T18:15:34.344+0000] {dagbag.py:538} INFO - Filling up the DagBag from /home/airflow/.local/lib/python3.8/site-packages/airflow/example_dags/example_time_delta_sensor_async.py
[2024-04-04T18:15:34.480+0000] {processor.py:840} INFO - DAG(s) 'example_time_delta_sensor_async' retrieved from /home/airflow/.local/lib/python3.8/site-packages/airflow/example_dags/example_time_delta_sensor_async.py
[2024-04-04T18:15:34.764+0000] {logging_mixin.py:188} INFO - [2024-04-04T18:15:34.762+0000] {dag.py:3036} INFO - Sync 1 DAGs
[2024-04-04T18:15:34.890+0000] {logging_mixin.py:188} INFO - [2024-04-04T18:15:34.888+0000] {dag.py:3823} INFO - Setting next_dagrun for example_time_delta_sensor_async to None, run_after=None
[2024-04-04T18:15:35.077+0000] {processor.py:183} INFO - Processing /home/airflow/.local/lib/python3.8/site-packages/airflow/example_dags/example_time_delta_sensor_async.py took 0.788 seconds
[2024-04-04T18:16:06.178+0000] {processor.py:161} INFO - Started process (PID=46559) to work on /home/airflow/.local/lib/python3.8/site-packages/airflow/example_dags/example_time_delta_sensor_async.py
[2024-04-04T18:16:06.183+0000] {processor.py:830} INFO - Processing file /home/airflow/.local/lib/python3.8/site-packages/airflow/example_dags/example_time_delta_sensor_async.py for tasks to queue
[2024-04-04T18:16:06.187+0000] {logging_mixin.py:188} INFO - [2024-04-04T18:16:06.186+0000] {dagbag.py:538} INFO - Filling up the DagBag from /home/airflow/.local/lib/python3.8/site-packages/airflow/example_dags/example_time_delta_sensor_async.py
[2024-04-04T18:16:06.207+0000] {processor.py:840} INFO - DAG(s) 'example_time_delta_sensor_async' retrieved from /home/airflow/.local/lib/python3.8/site-packages/airflow/example_dags/example_time_delta_sensor_async.py
[2024-04-04T18:16:06.285+0000] {logging_mixin.py:188} INFO - [2024-04-04T18:16:06.284+0000] {dag.py:3036} INFO - Sync 1 DAGs
[2024-04-04T18:16:06.343+0000] {logging_mixin.py:188} INFO - [2024-04-04T18:16:06.342+0000] {dag.py:3823} INFO - Setting next_dagrun for example_time_delta_sensor_async to None, run_after=None
[2024-04-04T18:16:06.426+0000] {processor.py:183} INFO - Processing /home/airflow/.local/lib/python3.8/site-packages/airflow/example_dags/example_time_delta_sensor_async.py took 0.267 seconds
[2024-04-04T18:16:37.120+0000] {processor.py:161} INFO - Started process (PID=46619) to work on /home/airflow/.local/lib/python3.8/site-packages/airflow/example_dags/example_time_delta_sensor_async.py
[2024-04-04T18:16:37.122+0000] {processor.py:830} INFO - Processing file /home/airflow/.local/lib/python3.8/site-packages/airflow/example_dags/example_time_delta_sensor_async.py for tasks to queue
[2024-04-04T18:16:37.125+0000] {logging_mixin.py:188} INFO - [2024-04-04T18:16:37.124+0000] {dagbag.py:538} INFO - Filling up the DagBag from /home/airflow/.local/lib/python3.8/site-packages/airflow/example_dags/example_time_delta_sensor_async.py
[2024-04-04T18:16:37.135+0000] {processor.py:840} INFO - DAG(s) 'example_time_delta_sensor_async' retrieved from /home/airflow/.local/lib/python3.8/site-packages/airflow/example_dags/example_time_delta_sensor_async.py
[2024-04-04T18:16:37.183+0000] {logging_mixin.py:188} INFO - [2024-04-04T18:16:37.182+0000] {dag.py:3036} INFO - Sync 1 DAGs
[2024-04-04T18:16:37.212+0000] {logging_mixin.py:188} INFO - [2024-04-04T18:16:37.212+0000] {dag.py:3823} INFO - Setting next_dagrun for example_time_delta_sensor_async to None, run_after=None
[2024-04-04T18:16:37.253+0000] {processor.py:183} INFO - Processing /home/airflow/.local/lib/python3.8/site-packages/airflow/example_dags/example_time_delta_sensor_async.py took 0.141 seconds
[2024-04-04T18:17:07.845+0000] {processor.py:161} INFO - Started process (PID=46680) to work on /home/airflow/.local/lib/python3.8/site-packages/airflow/example_dags/example_time_delta_sensor_async.py
[2024-04-04T18:17:07.847+0000] {processor.py:830} INFO - Processing file /home/airflow/.local/lib/python3.8/site-packages/airflow/example_dags/example_time_delta_sensor_async.py for tasks to queue
[2024-04-04T18:17:07.849+0000] {logging_mixin.py:188} INFO - [2024-04-04T18:17:07.849+0000] {dagbag.py:538} INFO - Filling up the DagBag from /home/airflow/.local/lib/python3.8/site-packages/airflow/example_dags/example_time_delta_sensor_async.py
[2024-04-04T18:17:07.858+0000] {processor.py:840} INFO - DAG(s) 'example_time_delta_sensor_async' retrieved from /home/airflow/.local/lib/python3.8/site-packages/airflow/example_dags/example_time_delta_sensor_async.py
[2024-04-04T18:17:07.896+0000] {logging_mixin.py:188} INFO - [2024-04-04T18:17:07.895+0000] {dag.py:3036} INFO - Sync 1 DAGs
[2024-04-04T18:17:07.919+0000] {logging_mixin.py:188} INFO - [2024-04-04T18:17:07.919+0000] {dag.py:3823} INFO - Setting next_dagrun for example_time_delta_sensor_async to None, run_after=None
[2024-04-04T18:17:07.952+0000] {processor.py:183} INFO - Processing /home/airflow/.local/lib/python3.8/site-packages/airflow/example_dags/example_time_delta_sensor_async.py took 0.113 seconds
[2024-04-04T18:17:39.435+0000] {processor.py:161} INFO - Started process (PID=46740) to work on /home/airflow/.local/lib/python3.8/site-packages/airflow/example_dags/example_time_delta_sensor_async.py
[2024-04-04T18:17:39.440+0000] {processor.py:830} INFO - Processing file /home/airflow/.local/lib/python3.8/site-packages/airflow/example_dags/example_time_delta_sensor_async.py for tasks to queue
[2024-04-04T18:17:39.445+0000] {logging_mixin.py:188} INFO - [2024-04-04T18:17:39.444+0000] {dagbag.py:538} INFO - Filling up the DagBag from /home/airflow/.local/lib/python3.8/site-packages/airflow/example_dags/example_time_delta_sensor_async.py
[2024-04-04T18:17:39.469+0000] {processor.py:840} INFO - DAG(s) 'example_time_delta_sensor_async' retrieved from /home/airflow/.local/lib/python3.8/site-packages/airflow/example_dags/example_time_delta_sensor_async.py
[2024-04-04T18:17:39.571+0000] {logging_mixin.py:188} INFO - [2024-04-04T18:17:39.570+0000] {dag.py:3036} INFO - Sync 1 DAGs
[2024-04-04T18:17:39.673+0000] {logging_mixin.py:188} INFO - [2024-04-04T18:17:39.671+0000] {dag.py:3823} INFO - Setting next_dagrun for example_time_delta_sensor_async to None, run_after=None
[2024-04-04T18:17:39.804+0000] {processor.py:183} INFO - Processing /home/airflow/.local/lib/python3.8/site-packages/airflow/example_dags/example_time_delta_sensor_async.py took 0.389 seconds
[2024-04-04T18:18:10.290+0000] {processor.py:161} INFO - Started process (PID=46799) to work on /home/airflow/.local/lib/python3.8/site-packages/airflow/example_dags/example_time_delta_sensor_async.py
[2024-04-04T18:18:10.294+0000] {processor.py:830} INFO - Processing file /home/airflow/.local/lib/python3.8/site-packages/airflow/example_dags/example_time_delta_sensor_async.py for tasks to queue
[2024-04-04T18:18:10.299+0000] {logging_mixin.py:188} INFO - [2024-04-04T18:18:10.298+0000] {dagbag.py:538} INFO - Filling up the DagBag from /home/airflow/.local/lib/python3.8/site-packages/airflow/example_dags/example_time_delta_sensor_async.py
[2024-04-04T18:18:10.319+0000] {processor.py:840} INFO - DAG(s) 'example_time_delta_sensor_async' retrieved from /home/airflow/.local/lib/python3.8/site-packages/airflow/example_dags/example_time_delta_sensor_async.py
[2024-04-04T18:18:10.398+0000] {logging_mixin.py:188} INFO - [2024-04-04T18:18:10.397+0000] {dag.py:3036} INFO - Sync 1 DAGs
[2024-04-04T18:18:10.476+0000] {logging_mixin.py:188} INFO - [2024-04-04T18:18:10.474+0000] {dag.py:3823} INFO - Setting next_dagrun for example_time_delta_sensor_async to None, run_after=None
[2024-04-04T18:18:10.577+0000] {processor.py:183} INFO - Processing /home/airflow/.local/lib/python3.8/site-packages/airflow/example_dags/example_time_delta_sensor_async.py took 0.306 seconds
[2024-04-04T18:18:40.953+0000] {processor.py:161} INFO - Started process (PID=46859) to work on /home/airflow/.local/lib/python3.8/site-packages/airflow/example_dags/example_time_delta_sensor_async.py
[2024-04-04T18:18:40.956+0000] {processor.py:830} INFO - Processing file /home/airflow/.local/lib/python3.8/site-packages/airflow/example_dags/example_time_delta_sensor_async.py for tasks to queue
[2024-04-04T18:18:40.958+0000] {logging_mixin.py:188} INFO - [2024-04-04T18:18:40.958+0000] {dagbag.py:538} INFO - Filling up the DagBag from /home/airflow/.local/lib/python3.8/site-packages/airflow/example_dags/example_time_delta_sensor_async.py
[2024-04-04T18:18:40.969+0000] {processor.py:840} INFO - DAG(s) 'example_time_delta_sensor_async' retrieved from /home/airflow/.local/lib/python3.8/site-packages/airflow/example_dags/example_time_delta_sensor_async.py
[2024-04-04T18:18:41.013+0000] {logging_mixin.py:188} INFO - [2024-04-04T18:18:41.012+0000] {dag.py:3036} INFO - Sync 1 DAGs
[2024-04-04T18:18:41.037+0000] {logging_mixin.py:188} INFO - [2024-04-04T18:18:41.037+0000] {dag.py:3823} INFO - Setting next_dagrun for example_time_delta_sensor_async to None, run_after=None
[2024-04-04T18:18:41.086+0000] {processor.py:183} INFO - Processing /home/airflow/.local/lib/python3.8/site-packages/airflow/example_dags/example_time_delta_sensor_async.py took 0.140 seconds
[2024-04-04T18:19:11.396+0000] {processor.py:161} INFO - Started process (PID=46919) to work on /home/airflow/.local/lib/python3.8/site-packages/airflow/example_dags/example_time_delta_sensor_async.py
[2024-04-04T18:19:11.399+0000] {processor.py:830} INFO - Processing file /home/airflow/.local/lib/python3.8/site-packages/airflow/example_dags/example_time_delta_sensor_async.py for tasks to queue
[2024-04-04T18:19:11.401+0000] {logging_mixin.py:188} INFO - [2024-04-04T18:19:11.400+0000] {dagbag.py:538} INFO - Filling up the DagBag from /home/airflow/.local/lib/python3.8/site-packages/airflow/example_dags/example_time_delta_sensor_async.py
[2024-04-04T18:19:11.415+0000] {processor.py:840} INFO - DAG(s) 'example_time_delta_sensor_async' retrieved from /home/airflow/.local/lib/python3.8/site-packages/airflow/example_dags/example_time_delta_sensor_async.py
[2024-04-04T18:19:11.476+0000] {logging_mixin.py:188} INFO - [2024-04-04T18:19:11.475+0000] {dag.py:3036} INFO - Sync 1 DAGs
[2024-04-04T18:19:11.524+0000] {logging_mixin.py:188} INFO - [2024-04-04T18:19:11.523+0000] {dag.py:3823} INFO - Setting next_dagrun for example_time_delta_sensor_async to None, run_after=None
[2024-04-04T18:19:11.625+0000] {processor.py:183} INFO - Processing /home/airflow/.local/lib/python3.8/site-packages/airflow/example_dags/example_time_delta_sensor_async.py took 0.238 seconds
[2024-04-04T18:19:42.256+0000] {processor.py:161} INFO - Started process (PID=46979) to work on /home/airflow/.local/lib/python3.8/site-packages/airflow/example_dags/example_time_delta_sensor_async.py
[2024-04-04T18:19:42.263+0000] {processor.py:830} INFO - Processing file /home/airflow/.local/lib/python3.8/site-packages/airflow/example_dags/example_time_delta_sensor_async.py for tasks to queue
[2024-04-04T18:19:42.268+0000] {logging_mixin.py:188} INFO - [2024-04-04T18:19:42.267+0000] {dagbag.py:538} INFO - Filling up the DagBag from /home/airflow/.local/lib/python3.8/site-packages/airflow/example_dags/example_time_delta_sensor_async.py
[2024-04-04T18:19:42.288+0000] {processor.py:840} INFO - DAG(s) 'example_time_delta_sensor_async' retrieved from /home/airflow/.local/lib/python3.8/site-packages/airflow/example_dags/example_time_delta_sensor_async.py
[2024-04-04T18:19:42.374+0000] {logging_mixin.py:188} INFO - [2024-04-04T18:19:42.373+0000] {dag.py:3036} INFO - Sync 1 DAGs
[2024-04-04T18:19:42.445+0000] {logging_mixin.py:188} INFO - [2024-04-04T18:19:42.444+0000] {dag.py:3823} INFO - Setting next_dagrun for example_time_delta_sensor_async to None, run_after=None
[2024-04-04T18:19:42.544+0000] {processor.py:183} INFO - Processing /home/airflow/.local/lib/python3.8/site-packages/airflow/example_dags/example_time_delta_sensor_async.py took 0.305 seconds
[2024-04-04T18:20:13.197+0000] {processor.py:161} INFO - Started process (PID=47039) to work on /home/airflow/.local/lib/python3.8/site-packages/airflow/example_dags/example_time_delta_sensor_async.py
[2024-04-04T18:20:13.203+0000] {processor.py:830} INFO - Processing file /home/airflow/.local/lib/python3.8/site-packages/airflow/example_dags/example_time_delta_sensor_async.py for tasks to queue
[2024-04-04T18:20:13.210+0000] {logging_mixin.py:188} INFO - [2024-04-04T18:20:13.208+0000] {dagbag.py:538} INFO - Filling up the DagBag from /home/airflow/.local/lib/python3.8/site-packages/airflow/example_dags/example_time_delta_sensor_async.py
[2024-04-04T18:20:13.238+0000] {processor.py:840} INFO - DAG(s) 'example_time_delta_sensor_async' retrieved from /home/airflow/.local/lib/python3.8/site-packages/airflow/example_dags/example_time_delta_sensor_async.py
[2024-04-04T18:20:13.428+0000] {logging_mixin.py:188} INFO - [2024-04-04T18:20:13.426+0000] {dag.py:3036} INFO - Sync 1 DAGs
[2024-04-04T18:20:13.533+0000] {logging_mixin.py:188} INFO - [2024-04-04T18:20:13.531+0000] {dag.py:3823} INFO - Setting next_dagrun for example_time_delta_sensor_async to None, run_after=None
[2024-04-04T18:20:13.660+0000] {processor.py:183} INFO - Processing /home/airflow/.local/lib/python3.8/site-packages/airflow/example_dags/example_time_delta_sensor_async.py took 0.485 seconds
[2024-04-04T18:20:44.190+0000] {processor.py:161} INFO - Started process (PID=47099) to work on /home/airflow/.local/lib/python3.8/site-packages/airflow/example_dags/example_time_delta_sensor_async.py
[2024-04-04T18:20:44.197+0000] {processor.py:830} INFO - Processing file /home/airflow/.local/lib/python3.8/site-packages/airflow/example_dags/example_time_delta_sensor_async.py for tasks to queue
[2024-04-04T18:20:44.202+0000] {logging_mixin.py:188} INFO - [2024-04-04T18:20:44.201+0000] {dagbag.py:538} INFO - Filling up the DagBag from /home/airflow/.local/lib/python3.8/site-packages/airflow/example_dags/example_time_delta_sensor_async.py
[2024-04-04T18:20:44.236+0000] {processor.py:840} INFO - DAG(s) 'example_time_delta_sensor_async' retrieved from /home/airflow/.local/lib/python3.8/site-packages/airflow/example_dags/example_time_delta_sensor_async.py
[2024-04-04T18:20:44.332+0000] {logging_mixin.py:188} INFO - [2024-04-04T18:20:44.332+0000] {dag.py:3036} INFO - Sync 1 DAGs
[2024-04-04T18:20:44.394+0000] {logging_mixin.py:188} INFO - [2024-04-04T18:20:44.392+0000] {dag.py:3823} INFO - Setting next_dagrun for example_time_delta_sensor_async to None, run_after=None
[2024-04-04T18:20:44.460+0000] {processor.py:183} INFO - Processing /home/airflow/.local/lib/python3.8/site-packages/airflow/example_dags/example_time_delta_sensor_async.py took 0.293 seconds
[2024-04-04T18:21:14.848+0000] {processor.py:161} INFO - Started process (PID=47159) to work on /home/airflow/.local/lib/python3.8/site-packages/airflow/example_dags/example_time_delta_sensor_async.py
[2024-04-04T18:21:14.851+0000] {processor.py:830} INFO - Processing file /home/airflow/.local/lib/python3.8/site-packages/airflow/example_dags/example_time_delta_sensor_async.py for tasks to queue
[2024-04-04T18:21:14.854+0000] {logging_mixin.py:188} INFO - [2024-04-04T18:21:14.853+0000] {dagbag.py:538} INFO - Filling up the DagBag from /home/airflow/.local/lib/python3.8/site-packages/airflow/example_dags/example_time_delta_sensor_async.py
[2024-04-04T18:21:14.884+0000] {processor.py:840} INFO - DAG(s) 'example_time_delta_sensor_async' retrieved from /home/airflow/.local/lib/python3.8/site-packages/airflow/example_dags/example_time_delta_sensor_async.py
[2024-04-04T18:21:14.946+0000] {logging_mixin.py:188} INFO - [2024-04-04T18:21:14.945+0000] {dag.py:3036} INFO - Sync 1 DAGs
[2024-04-04T18:21:14.985+0000] {logging_mixin.py:188} INFO - [2024-04-04T18:21:14.984+0000] {dag.py:3823} INFO - Setting next_dagrun for example_time_delta_sensor_async to None, run_after=None
[2024-04-04T18:21:15.047+0000] {processor.py:183} INFO - Processing /home/airflow/.local/lib/python3.8/site-packages/airflow/example_dags/example_time_delta_sensor_async.py took 0.211 seconds
[2024-04-04T18:21:46.133+0000] {processor.py:161} INFO - Started process (PID=47219) to work on /home/airflow/.local/lib/python3.8/site-packages/airflow/example_dags/example_time_delta_sensor_async.py
[2024-04-04T18:21:46.140+0000] {processor.py:830} INFO - Processing file /home/airflow/.local/lib/python3.8/site-packages/airflow/example_dags/example_time_delta_sensor_async.py for tasks to queue
[2024-04-04T18:21:46.147+0000] {logging_mixin.py:188} INFO - [2024-04-04T18:21:46.145+0000] {dagbag.py:538} INFO - Filling up the DagBag from /home/airflow/.local/lib/python3.8/site-packages/airflow/example_dags/example_time_delta_sensor_async.py
[2024-04-04T18:21:46.186+0000] {processor.py:840} INFO - DAG(s) 'example_time_delta_sensor_async' retrieved from /home/airflow/.local/lib/python3.8/site-packages/airflow/example_dags/example_time_delta_sensor_async.py
[2024-04-04T18:21:46.341+0000] {logging_mixin.py:188} INFO - [2024-04-04T18:21:46.340+0000] {dag.py:3036} INFO - Sync 1 DAGs
[2024-04-04T18:21:46.438+0000] {logging_mixin.py:188} INFO - [2024-04-04T18:21:46.437+0000] {dag.py:3823} INFO - Setting next_dagrun for example_time_delta_sensor_async to None, run_after=None
[2024-04-04T18:21:46.686+0000] {processor.py:183} INFO - Processing /home/airflow/.local/lib/python3.8/site-packages/airflow/example_dags/example_time_delta_sensor_async.py took 0.578 seconds
[2024-04-04T18:22:17.105+0000] {processor.py:161} INFO - Started process (PID=47279) to work on /home/airflow/.local/lib/python3.8/site-packages/airflow/example_dags/example_time_delta_sensor_async.py
[2024-04-04T18:22:17.111+0000] {processor.py:830} INFO - Processing file /home/airflow/.local/lib/python3.8/site-packages/airflow/example_dags/example_time_delta_sensor_async.py for tasks to queue
[2024-04-04T18:22:17.118+0000] {logging_mixin.py:188} INFO - [2024-04-04T18:22:17.116+0000] {dagbag.py:538} INFO - Filling up the DagBag from /home/airflow/.local/lib/python3.8/site-packages/airflow/example_dags/example_time_delta_sensor_async.py
[2024-04-04T18:22:17.153+0000] {processor.py:840} INFO - DAG(s) 'example_time_delta_sensor_async' retrieved from /home/airflow/.local/lib/python3.8/site-packages/airflow/example_dags/example_time_delta_sensor_async.py
[2024-04-04T18:22:17.265+0000] {logging_mixin.py:188} INFO - [2024-04-04T18:22:17.264+0000] {dag.py:3036} INFO - Sync 1 DAGs
[2024-04-04T18:22:17.343+0000] {logging_mixin.py:188} INFO - [2024-04-04T18:22:17.342+0000] {dag.py:3823} INFO - Setting next_dagrun for example_time_delta_sensor_async to None, run_after=None
[2024-04-04T18:22:17.445+0000] {processor.py:183} INFO - Processing /home/airflow/.local/lib/python3.8/site-packages/airflow/example_dags/example_time_delta_sensor_async.py took 0.364 seconds
[2024-04-04T18:22:48.061+0000] {processor.py:161} INFO - Started process (PID=47339) to work on /home/airflow/.local/lib/python3.8/site-packages/airflow/example_dags/example_time_delta_sensor_async.py
[2024-04-04T18:22:48.065+0000] {processor.py:830} INFO - Processing file /home/airflow/.local/lib/python3.8/site-packages/airflow/example_dags/example_time_delta_sensor_async.py for tasks to queue
[2024-04-04T18:22:48.070+0000] {logging_mixin.py:188} INFO - [2024-04-04T18:22:48.069+0000] {dagbag.py:538} INFO - Filling up the DagBag from /home/airflow/.local/lib/python3.8/site-packages/airflow/example_dags/example_time_delta_sensor_async.py
[2024-04-04T18:22:48.090+0000] {processor.py:840} INFO - DAG(s) 'example_time_delta_sensor_async' retrieved from /home/airflow/.local/lib/python3.8/site-packages/airflow/example_dags/example_time_delta_sensor_async.py
[2024-04-04T18:22:48.174+0000] {logging_mixin.py:188} INFO - [2024-04-04T18:22:48.173+0000] {dag.py:3036} INFO - Sync 1 DAGs
[2024-04-04T18:22:48.233+0000] {logging_mixin.py:188} INFO - [2024-04-04T18:22:48.232+0000] {dag.py:3823} INFO - Setting next_dagrun for example_time_delta_sensor_async to None, run_after=None
[2024-04-04T18:22:48.330+0000] {processor.py:183} INFO - Processing /home/airflow/.local/lib/python3.8/site-packages/airflow/example_dags/example_time_delta_sensor_async.py took 0.287 seconds
[2024-04-04T18:23:18.655+0000] {processor.py:161} INFO - Started process (PID=47399) to work on /home/airflow/.local/lib/python3.8/site-packages/airflow/example_dags/example_time_delta_sensor_async.py
[2024-04-04T18:23:18.657+0000] {processor.py:830} INFO - Processing file /home/airflow/.local/lib/python3.8/site-packages/airflow/example_dags/example_time_delta_sensor_async.py for tasks to queue
[2024-04-04T18:23:18.660+0000] {logging_mixin.py:188} INFO - [2024-04-04T18:23:18.659+0000] {dagbag.py:538} INFO - Filling up the DagBag from /home/airflow/.local/lib/python3.8/site-packages/airflow/example_dags/example_time_delta_sensor_async.py
[2024-04-04T18:23:18.671+0000] {processor.py:840} INFO - DAG(s) 'example_time_delta_sensor_async' retrieved from /home/airflow/.local/lib/python3.8/site-packages/airflow/example_dags/example_time_delta_sensor_async.py
[2024-04-04T18:23:18.716+0000] {logging_mixin.py:188} INFO - [2024-04-04T18:23:18.716+0000] {dag.py:3036} INFO - Sync 1 DAGs
[2024-04-04T18:23:18.743+0000] {logging_mixin.py:188} INFO - [2024-04-04T18:23:18.743+0000] {dag.py:3823} INFO - Setting next_dagrun for example_time_delta_sensor_async to None, run_after=None
[2024-04-04T18:23:18.782+0000] {processor.py:183} INFO - Processing /home/airflow/.local/lib/python3.8/site-packages/airflow/example_dags/example_time_delta_sensor_async.py took 0.135 seconds
[2024-04-04T18:23:49.025+0000] {processor.py:161} INFO - Started process (PID=47459) to work on /home/airflow/.local/lib/python3.8/site-packages/airflow/example_dags/example_time_delta_sensor_async.py
[2024-04-04T18:23:49.028+0000] {processor.py:830} INFO - Processing file /home/airflow/.local/lib/python3.8/site-packages/airflow/example_dags/example_time_delta_sensor_async.py for tasks to queue
[2024-04-04T18:23:49.031+0000] {logging_mixin.py:188} INFO - [2024-04-04T18:23:49.030+0000] {dagbag.py:538} INFO - Filling up the DagBag from /home/airflow/.local/lib/python3.8/site-packages/airflow/example_dags/example_time_delta_sensor_async.py
[2024-04-04T18:23:49.045+0000] {processor.py:840} INFO - DAG(s) 'example_time_delta_sensor_async' retrieved from /home/airflow/.local/lib/python3.8/site-packages/airflow/example_dags/example_time_delta_sensor_async.py
[2024-04-04T18:23:49.103+0000] {logging_mixin.py:188} INFO - [2024-04-04T18:23:49.102+0000] {dag.py:3036} INFO - Sync 1 DAGs
[2024-04-04T18:23:49.139+0000] {logging_mixin.py:188} INFO - [2024-04-04T18:23:49.138+0000] {dag.py:3823} INFO - Setting next_dagrun for example_time_delta_sensor_async to None, run_after=None
[2024-04-04T18:23:49.193+0000] {processor.py:183} INFO - Processing /home/airflow/.local/lib/python3.8/site-packages/airflow/example_dags/example_time_delta_sensor_async.py took 0.179 seconds
[2024-04-04T19:14:46.924+0000] {processor.py:161} INFO - Started process (PID=47507) to work on /home/airflow/.local/lib/python3.8/site-packages/airflow/example_dags/example_time_delta_sensor_async.py
[2024-04-04T19:14:46.930+0000] {processor.py:830} INFO - Processing file /home/airflow/.local/lib/python3.8/site-packages/airflow/example_dags/example_time_delta_sensor_async.py for tasks to queue
[2024-04-04T19:14:46.936+0000] {logging_mixin.py:188} INFO - [2024-04-04T19:14:46.934+0000] {dagbag.py:538} INFO - Filling up the DagBag from /home/airflow/.local/lib/python3.8/site-packages/airflow/example_dags/example_time_delta_sensor_async.py
[2024-04-04T19:14:46.964+0000] {processor.py:840} INFO - DAG(s) 'example_time_delta_sensor_async' retrieved from /home/airflow/.local/lib/python3.8/site-packages/airflow/example_dags/example_time_delta_sensor_async.py
[2024-04-04T19:14:47.104+0000] {logging_mixin.py:188} INFO - [2024-04-04T19:14:47.102+0000] {dag.py:3036} INFO - Sync 1 DAGs
[2024-04-04T19:14:47.191+0000] {logging_mixin.py:188} INFO - [2024-04-04T19:14:47.190+0000] {dag.py:3823} INFO - Setting next_dagrun for example_time_delta_sensor_async to None, run_after=None
[2024-04-04T19:14:47.342+0000] {processor.py:183} INFO - Processing /home/airflow/.local/lib/python3.8/site-packages/airflow/example_dags/example_time_delta_sensor_async.py took 0.438 seconds
[2024-04-04T19:15:17.976+0000] {processor.py:161} INFO - Started process (PID=47566) to work on /home/airflow/.local/lib/python3.8/site-packages/airflow/example_dags/example_time_delta_sensor_async.py
[2024-04-04T19:15:17.980+0000] {processor.py:830} INFO - Processing file /home/airflow/.local/lib/python3.8/site-packages/airflow/example_dags/example_time_delta_sensor_async.py for tasks to queue
[2024-04-04T19:15:17.985+0000] {logging_mixin.py:188} INFO - [2024-04-04T19:15:17.983+0000] {dagbag.py:538} INFO - Filling up the DagBag from /home/airflow/.local/lib/python3.8/site-packages/airflow/example_dags/example_time_delta_sensor_async.py
[2024-04-04T19:15:18.005+0000] {processor.py:840} INFO - DAG(s) 'example_time_delta_sensor_async' retrieved from /home/airflow/.local/lib/python3.8/site-packages/airflow/example_dags/example_time_delta_sensor_async.py
[2024-04-04T19:15:18.080+0000] {logging_mixin.py:188} INFO - [2024-04-04T19:15:18.080+0000] {dag.py:3036} INFO - Sync 1 DAGs
[2024-04-04T19:15:18.127+0000] {logging_mixin.py:188} INFO - [2024-04-04T19:15:18.126+0000] {dag.py:3823} INFO - Setting next_dagrun for example_time_delta_sensor_async to None, run_after=None
[2024-04-04T19:15:18.211+0000] {processor.py:183} INFO - Processing /home/airflow/.local/lib/python3.8/site-packages/airflow/example_dags/example_time_delta_sensor_async.py took 0.249 seconds
[2024-04-04T23:14:58.689+0000] {processor.py:161} INFO - Started process (PID=47665) to work on /home/airflow/.local/lib/python3.8/site-packages/airflow/example_dags/example_time_delta_sensor_async.py
[2024-04-04T23:14:58.706+0000] {processor.py:830} INFO - Processing file /home/airflow/.local/lib/python3.8/site-packages/airflow/example_dags/example_time_delta_sensor_async.py for tasks to queue
[2024-04-04T23:14:58.725+0000] {logging_mixin.py:188} INFO - [2024-04-04T23:14:58.723+0000] {dagbag.py:538} INFO - Filling up the DagBag from /home/airflow/.local/lib/python3.8/site-packages/airflow/example_dags/example_time_delta_sensor_async.py
[2024-04-04T23:14:58.839+0000] {processor.py:840} INFO - DAG(s) 'example_time_delta_sensor_async' retrieved from /home/airflow/.local/lib/python3.8/site-packages/airflow/example_dags/example_time_delta_sensor_async.py
[2024-04-04T23:14:59.312+0000] {logging_mixin.py:188} INFO - [2024-04-04T23:14:59.298+0000] {dag.py:3036} INFO - Sync 1 DAGs
[2024-04-04T23:14:59.613+0000] {logging_mixin.py:188} INFO - [2024-04-04T23:14:59.611+0000] {dag.py:3823} INFO - Setting next_dagrun for example_time_delta_sensor_async to None, run_after=None
[2024-04-04T23:14:59.921+0000] {processor.py:183} INFO - Processing /home/airflow/.local/lib/python3.8/site-packages/airflow/example_dags/example_time_delta_sensor_async.py took 1.312 seconds
[2024-04-04T23:15:41.337+0000] {processor.py:161} INFO - Started process (PID=47731) to work on /home/airflow/.local/lib/python3.8/site-packages/airflow/example_dags/example_time_delta_sensor_async.py
[2024-04-04T23:15:41.343+0000] {processor.py:830} INFO - Processing file /home/airflow/.local/lib/python3.8/site-packages/airflow/example_dags/example_time_delta_sensor_async.py for tasks to queue
[2024-04-04T23:15:41.348+0000] {logging_mixin.py:188} INFO - [2024-04-04T23:15:41.347+0000] {dagbag.py:538} INFO - Filling up the DagBag from /home/airflow/.local/lib/python3.8/site-packages/airflow/example_dags/example_time_delta_sensor_async.py
[2024-04-04T23:15:41.377+0000] {processor.py:840} INFO - DAG(s) 'example_time_delta_sensor_async' retrieved from /home/airflow/.local/lib/python3.8/site-packages/airflow/example_dags/example_time_delta_sensor_async.py
[2024-04-04T23:15:41.526+0000] {logging_mixin.py:188} INFO - [2024-04-04T23:15:41.525+0000] {dag.py:3036} INFO - Sync 1 DAGs
[2024-04-04T23:15:41.625+0000] {logging_mixin.py:188} INFO - [2024-04-04T23:15:41.623+0000] {dag.py:3823} INFO - Setting next_dagrun for example_time_delta_sensor_async to None, run_after=None
[2024-04-04T23:15:41.783+0000] {processor.py:183} INFO - Processing /home/airflow/.local/lib/python3.8/site-packages/airflow/example_dags/example_time_delta_sensor_async.py took 0.467 seconds
[2024-04-04T23:16:12.097+0000] {processor.py:161} INFO - Started process (PID=47790) to work on /home/airflow/.local/lib/python3.8/site-packages/airflow/example_dags/example_time_delta_sensor_async.py
[2024-04-04T23:16:12.105+0000] {processor.py:830} INFO - Processing file /home/airflow/.local/lib/python3.8/site-packages/airflow/example_dags/example_time_delta_sensor_async.py for tasks to queue
[2024-04-04T23:16:12.115+0000] {logging_mixin.py:188} INFO - [2024-04-04T23:16:12.112+0000] {dagbag.py:538} INFO - Filling up the DagBag from /home/airflow/.local/lib/python3.8/site-packages/airflow/example_dags/example_time_delta_sensor_async.py
[2024-04-04T23:16:12.149+0000] {processor.py:840} INFO - DAG(s) 'example_time_delta_sensor_async' retrieved from /home/airflow/.local/lib/python3.8/site-packages/airflow/example_dags/example_time_delta_sensor_async.py
[2024-04-04T23:16:12.287+0000] {logging_mixin.py:188} INFO - [2024-04-04T23:16:12.286+0000] {dag.py:3036} INFO - Sync 1 DAGs
[2024-04-04T23:16:12.376+0000] {logging_mixin.py:188} INFO - [2024-04-04T23:16:12.374+0000] {dag.py:3823} INFO - Setting next_dagrun for example_time_delta_sensor_async to None, run_after=None
[2024-04-04T23:16:12.506+0000] {processor.py:183} INFO - Processing /home/airflow/.local/lib/python3.8/site-packages/airflow/example_dags/example_time_delta_sensor_async.py took 0.437 seconds
[2024-04-04T23:16:44.055+0000] {processor.py:161} INFO - Started process (PID=47850) to work on /home/airflow/.local/lib/python3.8/site-packages/airflow/example_dags/example_time_delta_sensor_async.py
[2024-04-04T23:16:44.059+0000] {processor.py:830} INFO - Processing file /home/airflow/.local/lib/python3.8/site-packages/airflow/example_dags/example_time_delta_sensor_async.py for tasks to queue
[2024-04-04T23:16:44.062+0000] {logging_mixin.py:188} INFO - [2024-04-04T23:16:44.061+0000] {dagbag.py:538} INFO - Filling up the DagBag from /home/airflow/.local/lib/python3.8/site-packages/airflow/example_dags/example_time_delta_sensor_async.py
[2024-04-04T23:16:44.080+0000] {processor.py:840} INFO - DAG(s) 'example_time_delta_sensor_async' retrieved from /home/airflow/.local/lib/python3.8/site-packages/airflow/example_dags/example_time_delta_sensor_async.py
[2024-04-04T23:16:44.145+0000] {logging_mixin.py:188} INFO - [2024-04-04T23:16:44.144+0000] {dag.py:3036} INFO - Sync 1 DAGs
[2024-04-04T23:16:44.186+0000] {logging_mixin.py:188} INFO - [2024-04-04T23:16:44.185+0000] {dag.py:3823} INFO - Setting next_dagrun for example_time_delta_sensor_async to None, run_after=None
[2024-04-04T23:16:44.242+0000] {processor.py:183} INFO - Processing /home/airflow/.local/lib/python3.8/site-packages/airflow/example_dags/example_time_delta_sensor_async.py took 0.198 seconds
[2024-04-04T23:17:14.515+0000] {processor.py:161} INFO - Started process (PID=47910) to work on /home/airflow/.local/lib/python3.8/site-packages/airflow/example_dags/example_time_delta_sensor_async.py
[2024-04-04T23:17:14.518+0000] {processor.py:830} INFO - Processing file /home/airflow/.local/lib/python3.8/site-packages/airflow/example_dags/example_time_delta_sensor_async.py for tasks to queue
[2024-04-04T23:17:14.520+0000] {logging_mixin.py:188} INFO - [2024-04-04T23:17:14.519+0000] {dagbag.py:538} INFO - Filling up the DagBag from /home/airflow/.local/lib/python3.8/site-packages/airflow/example_dags/example_time_delta_sensor_async.py
[2024-04-04T23:17:14.533+0000] {processor.py:840} INFO - DAG(s) 'example_time_delta_sensor_async' retrieved from /home/airflow/.local/lib/python3.8/site-packages/airflow/example_dags/example_time_delta_sensor_async.py
[2024-04-04T23:17:14.587+0000] {logging_mixin.py:188} INFO - [2024-04-04T23:17:14.586+0000] {dag.py:3036} INFO - Sync 1 DAGs
[2024-04-04T23:17:14.622+0000] {logging_mixin.py:188} INFO - [2024-04-04T23:17:14.621+0000] {dag.py:3823} INFO - Setting next_dagrun for example_time_delta_sensor_async to None, run_after=None
[2024-04-04T23:17:14.669+0000] {processor.py:183} INFO - Processing /home/airflow/.local/lib/python3.8/site-packages/airflow/example_dags/example_time_delta_sensor_async.py took 0.167 seconds
[2024-04-04T23:17:45.525+0000] {processor.py:161} INFO - Started process (PID=47970) to work on /home/airflow/.local/lib/python3.8/site-packages/airflow/example_dags/example_time_delta_sensor_async.py
[2024-04-04T23:17:45.531+0000] {processor.py:830} INFO - Processing file /home/airflow/.local/lib/python3.8/site-packages/airflow/example_dags/example_time_delta_sensor_async.py for tasks to queue
[2024-04-04T23:17:45.536+0000] {logging_mixin.py:188} INFO - [2024-04-04T23:17:45.534+0000] {dagbag.py:538} INFO - Filling up the DagBag from /home/airflow/.local/lib/python3.8/site-packages/airflow/example_dags/example_time_delta_sensor_async.py
[2024-04-04T23:17:45.561+0000] {processor.py:840} INFO - DAG(s) 'example_time_delta_sensor_async' retrieved from /home/airflow/.local/lib/python3.8/site-packages/airflow/example_dags/example_time_delta_sensor_async.py
[2024-04-04T23:17:45.668+0000] {logging_mixin.py:188} INFO - [2024-04-04T23:17:45.667+0000] {dag.py:3036} INFO - Sync 1 DAGs
[2024-04-04T23:17:45.735+0000] {logging_mixin.py:188} INFO - [2024-04-04T23:17:45.733+0000] {dag.py:3823} INFO - Setting next_dagrun for example_time_delta_sensor_async to None, run_after=None
[2024-04-04T23:17:45.818+0000] {processor.py:183} INFO - Processing /home/airflow/.local/lib/python3.8/site-packages/airflow/example_dags/example_time_delta_sensor_async.py took 0.311 seconds
[2024-04-04T23:18:16.583+0000] {processor.py:161} INFO - Started process (PID=48030) to work on /home/airflow/.local/lib/python3.8/site-packages/airflow/example_dags/example_time_delta_sensor_async.py
[2024-04-04T23:18:16.592+0000] {processor.py:830} INFO - Processing file /home/airflow/.local/lib/python3.8/site-packages/airflow/example_dags/example_time_delta_sensor_async.py for tasks to queue
[2024-04-04T23:18:16.609+0000] {logging_mixin.py:188} INFO - [2024-04-04T23:18:16.606+0000] {dagbag.py:538} INFO - Filling up the DagBag from /home/airflow/.local/lib/python3.8/site-packages/airflow/example_dags/example_time_delta_sensor_async.py
[2024-04-04T23:18:16.646+0000] {processor.py:840} INFO - DAG(s) 'example_time_delta_sensor_async' retrieved from /home/airflow/.local/lib/python3.8/site-packages/airflow/example_dags/example_time_delta_sensor_async.py
[2024-04-04T23:18:16.773+0000] {logging_mixin.py:188} INFO - [2024-04-04T23:18:16.772+0000] {dag.py:3036} INFO - Sync 1 DAGs
[2024-04-04T23:18:16.867+0000] {logging_mixin.py:188} INFO - [2024-04-04T23:18:16.865+0000] {dag.py:3823} INFO - Setting next_dagrun for example_time_delta_sensor_async to None, run_after=None
[2024-04-04T23:18:16.982+0000] {processor.py:183} INFO - Processing /home/airflow/.local/lib/python3.8/site-packages/airflow/example_dags/example_time_delta_sensor_async.py took 0.434 seconds
[2024-04-04T23:18:47.308+0000] {processor.py:161} INFO - Started process (PID=48091) to work on /home/airflow/.local/lib/python3.8/site-packages/airflow/example_dags/example_time_delta_sensor_async.py
[2024-04-04T23:18:47.311+0000] {processor.py:830} INFO - Processing file /home/airflow/.local/lib/python3.8/site-packages/airflow/example_dags/example_time_delta_sensor_async.py for tasks to queue
[2024-04-04T23:18:47.313+0000] {logging_mixin.py:188} INFO - [2024-04-04T23:18:47.312+0000] {dagbag.py:538} INFO - Filling up the DagBag from /home/airflow/.local/lib/python3.8/site-packages/airflow/example_dags/example_time_delta_sensor_async.py
[2024-04-04T23:18:47.324+0000] {processor.py:840} INFO - DAG(s) 'example_time_delta_sensor_async' retrieved from /home/airflow/.local/lib/python3.8/site-packages/airflow/example_dags/example_time_delta_sensor_async.py
[2024-04-04T23:18:47.372+0000] {logging_mixin.py:188} INFO - [2024-04-04T23:18:47.371+0000] {dag.py:3036} INFO - Sync 1 DAGs
[2024-04-04T23:18:47.400+0000] {logging_mixin.py:188} INFO - [2024-04-04T23:18:47.400+0000] {dag.py:3823} INFO - Setting next_dagrun for example_time_delta_sensor_async to None, run_after=None
[2024-04-04T23:18:47.456+0000] {processor.py:183} INFO - Processing /home/airflow/.local/lib/python3.8/site-packages/airflow/example_dags/example_time_delta_sensor_async.py took 0.156 seconds
[2024-04-04T23:19:17.710+0000] {processor.py:161} INFO - Started process (PID=48151) to work on /home/airflow/.local/lib/python3.8/site-packages/airflow/example_dags/example_time_delta_sensor_async.py
[2024-04-04T23:19:17.712+0000] {processor.py:830} INFO - Processing file /home/airflow/.local/lib/python3.8/site-packages/airflow/example_dags/example_time_delta_sensor_async.py for tasks to queue
[2024-04-04T23:19:17.715+0000] {logging_mixin.py:188} INFO - [2024-04-04T23:19:17.714+0000] {dagbag.py:538} INFO - Filling up the DagBag from /home/airflow/.local/lib/python3.8/site-packages/airflow/example_dags/example_time_delta_sensor_async.py
[2024-04-04T23:19:17.725+0000] {processor.py:840} INFO - DAG(s) 'example_time_delta_sensor_async' retrieved from /home/airflow/.local/lib/python3.8/site-packages/airflow/example_dags/example_time_delta_sensor_async.py
[2024-04-04T23:19:17.771+0000] {logging_mixin.py:188} INFO - [2024-04-04T23:19:17.770+0000] {dag.py:3036} INFO - Sync 1 DAGs
[2024-04-04T23:19:17.801+0000] {logging_mixin.py:188} INFO - [2024-04-04T23:19:17.801+0000] {dag.py:3823} INFO - Setting next_dagrun for example_time_delta_sensor_async to None, run_after=None
[2024-04-04T23:19:17.842+0000] {processor.py:183} INFO - Processing /home/airflow/.local/lib/python3.8/site-packages/airflow/example_dags/example_time_delta_sensor_async.py took 0.140 seconds
[2024-04-04T23:19:48.837+0000] {processor.py:161} INFO - Started process (PID=48211) to work on /home/airflow/.local/lib/python3.8/site-packages/airflow/example_dags/example_time_delta_sensor_async.py
[2024-04-04T23:19:48.843+0000] {processor.py:830} INFO - Processing file /home/airflow/.local/lib/python3.8/site-packages/airflow/example_dags/example_time_delta_sensor_async.py for tasks to queue
[2024-04-04T23:19:48.857+0000] {logging_mixin.py:188} INFO - [2024-04-04T23:19:48.854+0000] {dagbag.py:538} INFO - Filling up the DagBag from /home/airflow/.local/lib/python3.8/site-packages/airflow/example_dags/example_time_delta_sensor_async.py
[2024-04-04T23:19:48.894+0000] {processor.py:840} INFO - DAG(s) 'example_time_delta_sensor_async' retrieved from /home/airflow/.local/lib/python3.8/site-packages/airflow/example_dags/example_time_delta_sensor_async.py
[2024-04-04T23:19:48.990+0000] {logging_mixin.py:188} INFO - [2024-04-04T23:19:48.989+0000] {dag.py:3036} INFO - Sync 1 DAGs
[2024-04-04T23:19:49.045+0000] {logging_mixin.py:188} INFO - [2024-04-04T23:19:49.044+0000] {dag.py:3823} INFO - Setting next_dagrun for example_time_delta_sensor_async to None, run_after=None
[2024-04-04T23:19:49.123+0000] {processor.py:183} INFO - Processing /home/airflow/.local/lib/python3.8/site-packages/airflow/example_dags/example_time_delta_sensor_async.py took 0.323 seconds
[2024-04-04T23:20:20.101+0000] {processor.py:161} INFO - Started process (PID=48271) to work on /home/airflow/.local/lib/python3.8/site-packages/airflow/example_dags/example_time_delta_sensor_async.py
[2024-04-04T23:20:20.109+0000] {processor.py:830} INFO - Processing file /home/airflow/.local/lib/python3.8/site-packages/airflow/example_dags/example_time_delta_sensor_async.py for tasks to queue
[2024-04-04T23:20:20.117+0000] {logging_mixin.py:188} INFO - [2024-04-04T23:20:20.114+0000] {dagbag.py:538} INFO - Filling up the DagBag from /home/airflow/.local/lib/python3.8/site-packages/airflow/example_dags/example_time_delta_sensor_async.py
[2024-04-04T23:20:20.159+0000] {processor.py:840} INFO - DAG(s) 'example_time_delta_sensor_async' retrieved from /home/airflow/.local/lib/python3.8/site-packages/airflow/example_dags/example_time_delta_sensor_async.py
[2024-04-04T23:20:20.307+0000] {logging_mixin.py:188} INFO - [2024-04-04T23:20:20.306+0000] {dag.py:3036} INFO - Sync 1 DAGs
[2024-04-04T23:20:20.405+0000] {logging_mixin.py:188} INFO - [2024-04-04T23:20:20.403+0000] {dag.py:3823} INFO - Setting next_dagrun for example_time_delta_sensor_async to None, run_after=None
[2024-04-04T23:20:20.537+0000] {processor.py:183} INFO - Processing /home/airflow/.local/lib/python3.8/site-packages/airflow/example_dags/example_time_delta_sensor_async.py took 0.460 seconds
[2024-04-04T23:20:50.960+0000] {processor.py:161} INFO - Started process (PID=48331) to work on /home/airflow/.local/lib/python3.8/site-packages/airflow/example_dags/example_time_delta_sensor_async.py
[2024-04-04T23:20:50.963+0000] {processor.py:830} INFO - Processing file /home/airflow/.local/lib/python3.8/site-packages/airflow/example_dags/example_time_delta_sensor_async.py for tasks to queue
[2024-04-04T23:20:50.966+0000] {logging_mixin.py:188} INFO - [2024-04-04T23:20:50.965+0000] {dagbag.py:538} INFO - Filling up the DagBag from /home/airflow/.local/lib/python3.8/site-packages/airflow/example_dags/example_time_delta_sensor_async.py
[2024-04-04T23:20:50.988+0000] {processor.py:840} INFO - DAG(s) 'example_time_delta_sensor_async' retrieved from /home/airflow/.local/lib/python3.8/site-packages/airflow/example_dags/example_time_delta_sensor_async.py
[2024-04-04T23:20:51.052+0000] {logging_mixin.py:188} INFO - [2024-04-04T23:20:51.052+0000] {dag.py:3036} INFO - Sync 1 DAGs
[2024-04-04T23:20:51.090+0000] {logging_mixin.py:188} INFO - [2024-04-04T23:20:51.089+0000] {dag.py:3823} INFO - Setting next_dagrun for example_time_delta_sensor_async to None, run_after=None
[2024-04-04T23:20:51.155+0000] {processor.py:183} INFO - Processing /home/airflow/.local/lib/python3.8/site-packages/airflow/example_dags/example_time_delta_sensor_async.py took 0.206 seconds
[2024-04-04T23:21:21.443+0000] {processor.py:161} INFO - Started process (PID=48391) to work on /home/airflow/.local/lib/python3.8/site-packages/airflow/example_dags/example_time_delta_sensor_async.py
[2024-04-04T23:21:21.447+0000] {processor.py:830} INFO - Processing file /home/airflow/.local/lib/python3.8/site-packages/airflow/example_dags/example_time_delta_sensor_async.py for tasks to queue
[2024-04-04T23:21:21.451+0000] {logging_mixin.py:188} INFO - [2024-04-04T23:21:21.450+0000] {dagbag.py:538} INFO - Filling up the DagBag from /home/airflow/.local/lib/python3.8/site-packages/airflow/example_dags/example_time_delta_sensor_async.py
[2024-04-04T23:21:21.474+0000] {processor.py:840} INFO - DAG(s) 'example_time_delta_sensor_async' retrieved from /home/airflow/.local/lib/python3.8/site-packages/airflow/example_dags/example_time_delta_sensor_async.py
[2024-04-04T23:21:21.543+0000] {logging_mixin.py:188} INFO - [2024-04-04T23:21:21.542+0000] {dag.py:3036} INFO - Sync 1 DAGs
[2024-04-04T23:21:21.582+0000] {logging_mixin.py:188} INFO - [2024-04-04T23:21:21.582+0000] {dag.py:3823} INFO - Setting next_dagrun for example_time_delta_sensor_async to None, run_after=None
[2024-04-04T23:21:21.637+0000] {processor.py:183} INFO - Processing /home/airflow/.local/lib/python3.8/site-packages/airflow/example_dags/example_time_delta_sensor_async.py took 0.210 seconds
[2024-04-04T23:21:52.274+0000] {processor.py:161} INFO - Started process (PID=48451) to work on /home/airflow/.local/lib/python3.8/site-packages/airflow/example_dags/example_time_delta_sensor_async.py
[2024-04-04T23:21:52.277+0000] {processor.py:830} INFO - Processing file /home/airflow/.local/lib/python3.8/site-packages/airflow/example_dags/example_time_delta_sensor_async.py for tasks to queue
[2024-04-04T23:21:52.281+0000] {logging_mixin.py:188} INFO - [2024-04-04T23:21:52.280+0000] {dagbag.py:538} INFO - Filling up the DagBag from /home/airflow/.local/lib/python3.8/site-packages/airflow/example_dags/example_time_delta_sensor_async.py
[2024-04-04T23:21:52.299+0000] {processor.py:840} INFO - DAG(s) 'example_time_delta_sensor_async' retrieved from /home/airflow/.local/lib/python3.8/site-packages/airflow/example_dags/example_time_delta_sensor_async.py
[2024-04-04T23:21:52.369+0000] {logging_mixin.py:188} INFO - [2024-04-04T23:21:52.369+0000] {dag.py:3036} INFO - Sync 1 DAGs
[2024-04-04T23:21:52.413+0000] {logging_mixin.py:188} INFO - [2024-04-04T23:21:52.412+0000] {dag.py:3823} INFO - Setting next_dagrun for example_time_delta_sensor_async to None, run_after=None
[2024-04-04T23:21:52.492+0000] {processor.py:183} INFO - Processing /home/airflow/.local/lib/python3.8/site-packages/airflow/example_dags/example_time_delta_sensor_async.py took 0.232 seconds
[2024-04-04T23:22:24.882+0000] {processor.py:161} INFO - Started process (PID=48511) to work on /home/airflow/.local/lib/python3.8/site-packages/airflow/example_dags/example_time_delta_sensor_async.py
[2024-04-04T23:22:24.888+0000] {processor.py:830} INFO - Processing file /home/airflow/.local/lib/python3.8/site-packages/airflow/example_dags/example_time_delta_sensor_async.py for tasks to queue
[2024-04-04T23:22:24.893+0000] {logging_mixin.py:188} INFO - [2024-04-04T23:22:24.892+0000] {dagbag.py:538} INFO - Filling up the DagBag from /home/airflow/.local/lib/python3.8/site-packages/airflow/example_dags/example_time_delta_sensor_async.py
[2024-04-04T23:22:24.920+0000] {processor.py:840} INFO - DAG(s) 'example_time_delta_sensor_async' retrieved from /home/airflow/.local/lib/python3.8/site-packages/airflow/example_dags/example_time_delta_sensor_async.py
[2024-04-04T23:22:25.065+0000] {logging_mixin.py:188} INFO - [2024-04-04T23:22:25.063+0000] {dag.py:3036} INFO - Sync 1 DAGs
[2024-04-04T23:22:25.169+0000] {logging_mixin.py:188} INFO - [2024-04-04T23:22:25.168+0000] {dag.py:3823} INFO - Setting next_dagrun for example_time_delta_sensor_async to None, run_after=None
[2024-04-04T23:22:25.274+0000] {processor.py:183} INFO - Processing /home/airflow/.local/lib/python3.8/site-packages/airflow/example_dags/example_time_delta_sensor_async.py took 0.414 seconds
[2024-04-04T23:22:56.310+0000] {processor.py:161} INFO - Started process (PID=48571) to work on /home/airflow/.local/lib/python3.8/site-packages/airflow/example_dags/example_time_delta_sensor_async.py
[2024-04-04T23:22:56.315+0000] {processor.py:830} INFO - Processing file /home/airflow/.local/lib/python3.8/site-packages/airflow/example_dags/example_time_delta_sensor_async.py for tasks to queue
[2024-04-04T23:22:56.320+0000] {logging_mixin.py:188} INFO - [2024-04-04T23:22:56.319+0000] {dagbag.py:538} INFO - Filling up the DagBag from /home/airflow/.local/lib/python3.8/site-packages/airflow/example_dags/example_time_delta_sensor_async.py
[2024-04-04T23:22:56.345+0000] {processor.py:840} INFO - DAG(s) 'example_time_delta_sensor_async' retrieved from /home/airflow/.local/lib/python3.8/site-packages/airflow/example_dags/example_time_delta_sensor_async.py
[2024-04-04T23:22:56.454+0000] {logging_mixin.py:188} INFO - [2024-04-04T23:22:56.453+0000] {dag.py:3036} INFO - Sync 1 DAGs
[2024-04-04T23:22:56.529+0000] {logging_mixin.py:188} INFO - [2024-04-04T23:22:56.527+0000] {dag.py:3823} INFO - Setting next_dagrun for example_time_delta_sensor_async to None, run_after=None
[2024-04-04T23:22:56.614+0000] {processor.py:183} INFO - Processing /home/airflow/.local/lib/python3.8/site-packages/airflow/example_dags/example_time_delta_sensor_async.py took 0.320 seconds
[2024-04-04T23:23:26.721+0000] {processor.py:161} INFO - Started process (PID=48631) to work on /home/airflow/.local/lib/python3.8/site-packages/airflow/example_dags/example_time_delta_sensor_async.py
[2024-04-04T23:23:26.723+0000] {processor.py:830} INFO - Processing file /home/airflow/.local/lib/python3.8/site-packages/airflow/example_dags/example_time_delta_sensor_async.py for tasks to queue
[2024-04-04T23:23:26.726+0000] {logging_mixin.py:188} INFO - [2024-04-04T23:23:26.725+0000] {dagbag.py:538} INFO - Filling up the DagBag from /home/airflow/.local/lib/python3.8/site-packages/airflow/example_dags/example_time_delta_sensor_async.py
[2024-04-04T23:23:26.736+0000] {processor.py:840} INFO - DAG(s) 'example_time_delta_sensor_async' retrieved from /home/airflow/.local/lib/python3.8/site-packages/airflow/example_dags/example_time_delta_sensor_async.py
[2024-04-04T23:23:26.782+0000] {logging_mixin.py:188} INFO - [2024-04-04T23:23:26.781+0000] {dag.py:3036} INFO - Sync 1 DAGs
[2024-04-04T23:23:26.810+0000] {logging_mixin.py:188} INFO - [2024-04-04T23:23:26.810+0000] {dag.py:3823} INFO - Setting next_dagrun for example_time_delta_sensor_async to None, run_after=None
[2024-04-04T23:23:26.848+0000] {processor.py:183} INFO - Processing /home/airflow/.local/lib/python3.8/site-packages/airflow/example_dags/example_time_delta_sensor_async.py took 0.135 seconds
[2024-04-04T23:23:57.478+0000] {processor.py:161} INFO - Started process (PID=48691) to work on /home/airflow/.local/lib/python3.8/site-packages/airflow/example_dags/example_time_delta_sensor_async.py
[2024-04-04T23:23:57.481+0000] {processor.py:830} INFO - Processing file /home/airflow/.local/lib/python3.8/site-packages/airflow/example_dags/example_time_delta_sensor_async.py for tasks to queue
[2024-04-04T23:23:57.485+0000] {logging_mixin.py:188} INFO - [2024-04-04T23:23:57.483+0000] {dagbag.py:538} INFO - Filling up the DagBag from /home/airflow/.local/lib/python3.8/site-packages/airflow/example_dags/example_time_delta_sensor_async.py
[2024-04-04T23:23:57.499+0000] {processor.py:840} INFO - DAG(s) 'example_time_delta_sensor_async' retrieved from /home/airflow/.local/lib/python3.8/site-packages/airflow/example_dags/example_time_delta_sensor_async.py
[2024-04-04T23:23:57.553+0000] {logging_mixin.py:188} INFO - [2024-04-04T23:23:57.553+0000] {dag.py:3036} INFO - Sync 1 DAGs
[2024-04-04T23:23:57.586+0000] {logging_mixin.py:188} INFO - [2024-04-04T23:23:57.585+0000] {dag.py:3823} INFO - Setting next_dagrun for example_time_delta_sensor_async to None, run_after=None
[2024-04-04T23:23:57.629+0000] {processor.py:183} INFO - Processing /home/airflow/.local/lib/python3.8/site-packages/airflow/example_dags/example_time_delta_sensor_async.py took 0.167 seconds
[2024-04-04T23:24:28.655+0000] {processor.py:161} INFO - Started process (PID=48751) to work on /home/airflow/.local/lib/python3.8/site-packages/airflow/example_dags/example_time_delta_sensor_async.py
[2024-04-04T23:24:28.661+0000] {processor.py:830} INFO - Processing file /home/airflow/.local/lib/python3.8/site-packages/airflow/example_dags/example_time_delta_sensor_async.py for tasks to queue
[2024-04-04T23:24:28.666+0000] {logging_mixin.py:188} INFO - [2024-04-04T23:24:28.665+0000] {dagbag.py:538} INFO - Filling up the DagBag from /home/airflow/.local/lib/python3.8/site-packages/airflow/example_dags/example_time_delta_sensor_async.py
[2024-04-04T23:24:28.694+0000] {processor.py:840} INFO - DAG(s) 'example_time_delta_sensor_async' retrieved from /home/airflow/.local/lib/python3.8/site-packages/airflow/example_dags/example_time_delta_sensor_async.py
[2024-04-04T23:24:28.822+0000] {logging_mixin.py:188} INFO - [2024-04-04T23:24:28.821+0000] {dag.py:3036} INFO - Sync 1 DAGs
[2024-04-04T23:24:28.939+0000] {logging_mixin.py:188} INFO - [2024-04-04T23:24:28.937+0000] {dag.py:3823} INFO - Setting next_dagrun for example_time_delta_sensor_async to None, run_after=None
[2024-04-04T23:24:29.133+0000] {processor.py:183} INFO - Processing /home/airflow/.local/lib/python3.8/site-packages/airflow/example_dags/example_time_delta_sensor_async.py took 0.496 seconds
[2024-04-04T23:25:00.526+0000] {processor.py:161} INFO - Started process (PID=48811) to work on /home/airflow/.local/lib/python3.8/site-packages/airflow/example_dags/example_time_delta_sensor_async.py
[2024-04-04T23:25:00.534+0000] {processor.py:830} INFO - Processing file /home/airflow/.local/lib/python3.8/site-packages/airflow/example_dags/example_time_delta_sensor_async.py for tasks to queue
[2024-04-04T23:25:00.541+0000] {logging_mixin.py:188} INFO - [2024-04-04T23:25:00.539+0000] {dagbag.py:538} INFO - Filling up the DagBag from /home/airflow/.local/lib/python3.8/site-packages/airflow/example_dags/example_time_delta_sensor_async.py
[2024-04-04T23:25:00.571+0000] {processor.py:840} INFO - DAG(s) 'example_time_delta_sensor_async' retrieved from /home/airflow/.local/lib/python3.8/site-packages/airflow/example_dags/example_time_delta_sensor_async.py
[2024-04-04T23:25:00.701+0000] {logging_mixin.py:188} INFO - [2024-04-04T23:25:00.699+0000] {dag.py:3036} INFO - Sync 1 DAGs
[2024-04-04T23:25:00.813+0000] {logging_mixin.py:188} INFO - [2024-04-04T23:25:00.811+0000] {dag.py:3823} INFO - Setting next_dagrun for example_time_delta_sensor_async to None, run_after=None
[2024-04-04T23:25:00.954+0000] {processor.py:183} INFO - Processing /home/airflow/.local/lib/python3.8/site-packages/airflow/example_dags/example_time_delta_sensor_async.py took 0.455 seconds
[2024-04-04T23:25:31.238+0000] {processor.py:161} INFO - Started process (PID=48871) to work on /home/airflow/.local/lib/python3.8/site-packages/airflow/example_dags/example_time_delta_sensor_async.py
[2024-04-04T23:25:31.241+0000] {processor.py:830} INFO - Processing file /home/airflow/.local/lib/python3.8/site-packages/airflow/example_dags/example_time_delta_sensor_async.py for tasks to queue
[2024-04-04T23:25:31.245+0000] {logging_mixin.py:188} INFO - [2024-04-04T23:25:31.244+0000] {dagbag.py:538} INFO - Filling up the DagBag from /home/airflow/.local/lib/python3.8/site-packages/airflow/example_dags/example_time_delta_sensor_async.py
[2024-04-04T23:25:31.259+0000] {processor.py:840} INFO - DAG(s) 'example_time_delta_sensor_async' retrieved from /home/airflow/.local/lib/python3.8/site-packages/airflow/example_dags/example_time_delta_sensor_async.py
[2024-04-04T23:25:31.332+0000] {logging_mixin.py:188} INFO - [2024-04-04T23:25:31.331+0000] {dag.py:3036} INFO - Sync 1 DAGs
[2024-04-04T23:25:31.371+0000] {logging_mixin.py:188} INFO - [2024-04-04T23:25:31.370+0000] {dag.py:3823} INFO - Setting next_dagrun for example_time_delta_sensor_async to None, run_after=None
[2024-04-04T23:25:31.436+0000] {processor.py:183} INFO - Processing /home/airflow/.local/lib/python3.8/site-packages/airflow/example_dags/example_time_delta_sensor_async.py took 0.209 seconds
[2024-04-04T23:26:01.963+0000] {processor.py:161} INFO - Started process (PID=48931) to work on /home/airflow/.local/lib/python3.8/site-packages/airflow/example_dags/example_time_delta_sensor_async.py
[2024-04-04T23:26:01.966+0000] {processor.py:830} INFO - Processing file /home/airflow/.local/lib/python3.8/site-packages/airflow/example_dags/example_time_delta_sensor_async.py for tasks to queue
[2024-04-04T23:26:01.969+0000] {logging_mixin.py:188} INFO - [2024-04-04T23:26:01.968+0000] {dagbag.py:538} INFO - Filling up the DagBag from /home/airflow/.local/lib/python3.8/site-packages/airflow/example_dags/example_time_delta_sensor_async.py
[2024-04-04T23:26:01.982+0000] {processor.py:840} INFO - DAG(s) 'example_time_delta_sensor_async' retrieved from /home/airflow/.local/lib/python3.8/site-packages/airflow/example_dags/example_time_delta_sensor_async.py
[2024-04-04T23:26:02.040+0000] {logging_mixin.py:188} INFO - [2024-04-04T23:26:02.040+0000] {dag.py:3036} INFO - Sync 1 DAGs
[2024-04-04T23:26:02.079+0000] {logging_mixin.py:188} INFO - [2024-04-04T23:26:02.079+0000] {dag.py:3823} INFO - Setting next_dagrun for example_time_delta_sensor_async to None, run_after=None
[2024-04-04T23:26:02.131+0000] {processor.py:183} INFO - Processing /home/airflow/.local/lib/python3.8/site-packages/airflow/example_dags/example_time_delta_sensor_async.py took 0.177 seconds
[2024-04-04T23:26:33.227+0000] {processor.py:161} INFO - Started process (PID=48989) to work on /home/airflow/.local/lib/python3.8/site-packages/airflow/example_dags/example_time_delta_sensor_async.py
[2024-04-04T23:26:33.231+0000] {processor.py:830} INFO - Processing file /home/airflow/.local/lib/python3.8/site-packages/airflow/example_dags/example_time_delta_sensor_async.py for tasks to queue
[2024-04-04T23:26:33.235+0000] {logging_mixin.py:188} INFO - [2024-04-04T23:26:33.233+0000] {dagbag.py:538} INFO - Filling up the DagBag from /home/airflow/.local/lib/python3.8/site-packages/airflow/example_dags/example_time_delta_sensor_async.py
[2024-04-04T23:26:33.252+0000] {processor.py:840} INFO - DAG(s) 'example_time_delta_sensor_async' retrieved from /home/airflow/.local/lib/python3.8/site-packages/airflow/example_dags/example_time_delta_sensor_async.py
[2024-04-04T23:26:33.325+0000] {logging_mixin.py:188} INFO - [2024-04-04T23:26:33.324+0000] {dag.py:3036} INFO - Sync 1 DAGs
[2024-04-04T23:26:33.371+0000] {logging_mixin.py:188} INFO - [2024-04-04T23:26:33.370+0000] {dag.py:3823} INFO - Setting next_dagrun for example_time_delta_sensor_async to None, run_after=None
[2024-04-04T23:26:33.444+0000] {processor.py:183} INFO - Processing /home/airflow/.local/lib/python3.8/site-packages/airflow/example_dags/example_time_delta_sensor_async.py took 0.231 seconds
[2024-04-04T23:27:05.049+0000] {processor.py:161} INFO - Started process (PID=49049) to work on /home/airflow/.local/lib/python3.8/site-packages/airflow/example_dags/example_time_delta_sensor_async.py
[2024-04-04T23:27:05.055+0000] {processor.py:830} INFO - Processing file /home/airflow/.local/lib/python3.8/site-packages/airflow/example_dags/example_time_delta_sensor_async.py for tasks to queue
[2024-04-04T23:27:05.061+0000] {logging_mixin.py:188} INFO - [2024-04-04T23:27:05.060+0000] {dagbag.py:538} INFO - Filling up the DagBag from /home/airflow/.local/lib/python3.8/site-packages/airflow/example_dags/example_time_delta_sensor_async.py
[2024-04-04T23:27:05.096+0000] {processor.py:840} INFO - DAG(s) 'example_time_delta_sensor_async' retrieved from /home/airflow/.local/lib/python3.8/site-packages/airflow/example_dags/example_time_delta_sensor_async.py
[2024-04-04T23:27:05.242+0000] {logging_mixin.py:188} INFO - [2024-04-04T23:27:05.241+0000] {dag.py:3036} INFO - Sync 1 DAGs
[2024-04-04T23:27:05.342+0000] {logging_mixin.py:188} INFO - [2024-04-04T23:27:05.341+0000] {dag.py:3823} INFO - Setting next_dagrun for example_time_delta_sensor_async to None, run_after=None
[2024-04-04T23:27:05.488+0000] {processor.py:183} INFO - Processing /home/airflow/.local/lib/python3.8/site-packages/airflow/example_dags/example_time_delta_sensor_async.py took 0.467 seconds
[2024-04-04T23:27:35.773+0000] {processor.py:161} INFO - Started process (PID=49110) to work on /home/airflow/.local/lib/python3.8/site-packages/airflow/example_dags/example_time_delta_sensor_async.py
[2024-04-04T23:27:35.776+0000] {processor.py:830} INFO - Processing file /home/airflow/.local/lib/python3.8/site-packages/airflow/example_dags/example_time_delta_sensor_async.py for tasks to queue
[2024-04-04T23:27:35.779+0000] {logging_mixin.py:188} INFO - [2024-04-04T23:27:35.778+0000] {dagbag.py:538} INFO - Filling up the DagBag from /home/airflow/.local/lib/python3.8/site-packages/airflow/example_dags/example_time_delta_sensor_async.py
[2024-04-04T23:27:35.792+0000] {processor.py:840} INFO - DAG(s) 'example_time_delta_sensor_async' retrieved from /home/airflow/.local/lib/python3.8/site-packages/airflow/example_dags/example_time_delta_sensor_async.py
[2024-04-04T23:27:35.840+0000] {logging_mixin.py:188} INFO - [2024-04-04T23:27:35.839+0000] {dag.py:3036} INFO - Sync 1 DAGs
[2024-04-04T23:27:35.885+0000] {logging_mixin.py:188} INFO - [2024-04-04T23:27:35.884+0000] {dag.py:3823} INFO - Setting next_dagrun for example_time_delta_sensor_async to None, run_after=None
[2024-04-04T23:27:35.942+0000] {processor.py:183} INFO - Processing /home/airflow/.local/lib/python3.8/site-packages/airflow/example_dags/example_time_delta_sensor_async.py took 0.180 seconds
[2024-04-04T23:28:06.349+0000] {processor.py:161} INFO - Started process (PID=49170) to work on /home/airflow/.local/lib/python3.8/site-packages/airflow/example_dags/example_time_delta_sensor_async.py
[2024-04-04T23:28:06.351+0000] {processor.py:830} INFO - Processing file /home/airflow/.local/lib/python3.8/site-packages/airflow/example_dags/example_time_delta_sensor_async.py for tasks to queue
[2024-04-04T23:28:06.354+0000] {logging_mixin.py:188} INFO - [2024-04-04T23:28:06.353+0000] {dagbag.py:538} INFO - Filling up the DagBag from /home/airflow/.local/lib/python3.8/site-packages/airflow/example_dags/example_time_delta_sensor_async.py
[2024-04-04T23:28:06.370+0000] {processor.py:840} INFO - DAG(s) 'example_time_delta_sensor_async' retrieved from /home/airflow/.local/lib/python3.8/site-packages/airflow/example_dags/example_time_delta_sensor_async.py
[2024-04-04T23:28:06.427+0000] {logging_mixin.py:188} INFO - [2024-04-04T23:28:06.426+0000] {dag.py:3036} INFO - Sync 1 DAGs
[2024-04-04T23:28:06.477+0000] {logging_mixin.py:188} INFO - [2024-04-04T23:28:06.477+0000] {dag.py:3823} INFO - Setting next_dagrun for example_time_delta_sensor_async to None, run_after=None
[2024-04-04T23:28:06.540+0000] {processor.py:183} INFO - Processing /home/airflow/.local/lib/python3.8/site-packages/airflow/example_dags/example_time_delta_sensor_async.py took 0.203 seconds
[2024-04-04T23:28:36.885+0000] {processor.py:161} INFO - Started process (PID=49230) to work on /home/airflow/.local/lib/python3.8/site-packages/airflow/example_dags/example_time_delta_sensor_async.py
[2024-04-04T23:28:36.889+0000] {processor.py:830} INFO - Processing file /home/airflow/.local/lib/python3.8/site-packages/airflow/example_dags/example_time_delta_sensor_async.py for tasks to queue
[2024-04-04T23:28:36.893+0000] {logging_mixin.py:188} INFO - [2024-04-04T23:28:36.892+0000] {dagbag.py:538} INFO - Filling up the DagBag from /home/airflow/.local/lib/python3.8/site-packages/airflow/example_dags/example_time_delta_sensor_async.py
[2024-04-04T23:28:36.909+0000] {processor.py:840} INFO - DAG(s) 'example_time_delta_sensor_async' retrieved from /home/airflow/.local/lib/python3.8/site-packages/airflow/example_dags/example_time_delta_sensor_async.py
[2024-04-04T23:28:36.972+0000] {logging_mixin.py:188} INFO - [2024-04-04T23:28:36.971+0000] {dag.py:3036} INFO - Sync 1 DAGs
[2024-04-04T23:28:37.012+0000] {logging_mixin.py:188} INFO - [2024-04-04T23:28:37.012+0000] {dag.py:3823} INFO - Setting next_dagrun for example_time_delta_sensor_async to None, run_after=None
[2024-04-04T23:28:37.073+0000] {processor.py:183} INFO - Processing /home/airflow/.local/lib/python3.8/site-packages/airflow/example_dags/example_time_delta_sensor_async.py took 0.199 seconds
[2024-04-04T23:29:09.778+0000] {processor.py:161} INFO - Started process (PID=49290) to work on /home/airflow/.local/lib/python3.8/site-packages/airflow/example_dags/example_time_delta_sensor_async.py
[2024-04-04T23:29:09.788+0000] {processor.py:830} INFO - Processing file /home/airflow/.local/lib/python3.8/site-packages/airflow/example_dags/example_time_delta_sensor_async.py for tasks to queue
[2024-04-04T23:29:09.798+0000] {logging_mixin.py:188} INFO - [2024-04-04T23:29:09.796+0000] {dagbag.py:538} INFO - Filling up the DagBag from /home/airflow/.local/lib/python3.8/site-packages/airflow/example_dags/example_time_delta_sensor_async.py
[2024-04-04T23:29:09.850+0000] {processor.py:840} INFO - DAG(s) 'example_time_delta_sensor_async' retrieved from /home/airflow/.local/lib/python3.8/site-packages/airflow/example_dags/example_time_delta_sensor_async.py
[2024-04-04T23:29:10.014+0000] {logging_mixin.py:188} INFO - [2024-04-04T23:29:10.012+0000] {dag.py:3036} INFO - Sync 1 DAGs
[2024-04-04T23:29:10.119+0000] {logging_mixin.py:188} INFO - [2024-04-04T23:29:10.117+0000] {dag.py:3823} INFO - Setting next_dagrun for example_time_delta_sensor_async to None, run_after=None
[2024-04-04T23:29:10.273+0000] {processor.py:183} INFO - Processing /home/airflow/.local/lib/python3.8/site-packages/airflow/example_dags/example_time_delta_sensor_async.py took 0.534 seconds
[2024-04-04T23:29:40.654+0000] {processor.py:161} INFO - Started process (PID=49350) to work on /home/airflow/.local/lib/python3.8/site-packages/airflow/example_dags/example_time_delta_sensor_async.py
[2024-04-04T23:29:40.658+0000] {processor.py:830} INFO - Processing file /home/airflow/.local/lib/python3.8/site-packages/airflow/example_dags/example_time_delta_sensor_async.py for tasks to queue
[2024-04-04T23:29:40.664+0000] {logging_mixin.py:188} INFO - [2024-04-04T23:29:40.662+0000] {dagbag.py:538} INFO - Filling up the DagBag from /home/airflow/.local/lib/python3.8/site-packages/airflow/example_dags/example_time_delta_sensor_async.py
[2024-04-04T23:29:40.687+0000] {processor.py:840} INFO - DAG(s) 'example_time_delta_sensor_async' retrieved from /home/airflow/.local/lib/python3.8/site-packages/airflow/example_dags/example_time_delta_sensor_async.py
[2024-04-04T23:29:40.804+0000] {logging_mixin.py:188} INFO - [2024-04-04T23:29:40.803+0000] {dag.py:3036} INFO - Sync 1 DAGs
[2024-04-04T23:29:40.904+0000] {logging_mixin.py:188} INFO - [2024-04-04T23:29:40.903+0000] {dag.py:3823} INFO - Setting next_dagrun for example_time_delta_sensor_async to None, run_after=None
[2024-04-04T23:29:41.078+0000] {processor.py:183} INFO - Processing /home/airflow/.local/lib/python3.8/site-packages/airflow/example_dags/example_time_delta_sensor_async.py took 0.445 seconds
[2024-04-04T23:30:11.994+0000] {processor.py:161} INFO - Started process (PID=49410) to work on /home/airflow/.local/lib/python3.8/site-packages/airflow/example_dags/example_time_delta_sensor_async.py
[2024-04-04T23:30:11.996+0000] {processor.py:830} INFO - Processing file /home/airflow/.local/lib/python3.8/site-packages/airflow/example_dags/example_time_delta_sensor_async.py for tasks to queue
[2024-04-04T23:30:11.999+0000] {logging_mixin.py:188} INFO - [2024-04-04T23:30:11.998+0000] {dagbag.py:538} INFO - Filling up the DagBag from /home/airflow/.local/lib/python3.8/site-packages/airflow/example_dags/example_time_delta_sensor_async.py
[2024-04-04T23:30:12.009+0000] {processor.py:840} INFO - DAG(s) 'example_time_delta_sensor_async' retrieved from /home/airflow/.local/lib/python3.8/site-packages/airflow/example_dags/example_time_delta_sensor_async.py
[2024-04-04T23:30:12.063+0000] {logging_mixin.py:188} INFO - [2024-04-04T23:30:12.062+0000] {dag.py:3036} INFO - Sync 1 DAGs
[2024-04-04T23:30:12.094+0000] {logging_mixin.py:188} INFO - [2024-04-04T23:30:12.093+0000] {dag.py:3823} INFO - Setting next_dagrun for example_time_delta_sensor_async to None, run_after=None
[2024-04-04T23:30:12.145+0000] {processor.py:183} INFO - Processing /home/airflow/.local/lib/python3.8/site-packages/airflow/example_dags/example_time_delta_sensor_async.py took 0.159 seconds
[2024-04-04T23:30:43.960+0000] {processor.py:161} INFO - Started process (PID=49477) to work on /home/airflow/.local/lib/python3.8/site-packages/airflow/example_dags/example_time_delta_sensor_async.py
[2024-04-04T23:30:43.964+0000] {processor.py:830} INFO - Processing file /home/airflow/.local/lib/python3.8/site-packages/airflow/example_dags/example_time_delta_sensor_async.py for tasks to queue
[2024-04-04T23:30:43.968+0000] {logging_mixin.py:188} INFO - [2024-04-04T23:30:43.966+0000] {dagbag.py:538} INFO - Filling up the DagBag from /home/airflow/.local/lib/python3.8/site-packages/airflow/example_dags/example_time_delta_sensor_async.py
[2024-04-04T23:30:43.987+0000] {processor.py:840} INFO - DAG(s) 'example_time_delta_sensor_async' retrieved from /home/airflow/.local/lib/python3.8/site-packages/airflow/example_dags/example_time_delta_sensor_async.py
[2024-04-04T23:30:44.078+0000] {logging_mixin.py:188} INFO - [2024-04-04T23:30:44.077+0000] {dag.py:3036} INFO - Sync 1 DAGs
[2024-04-04T23:30:44.136+0000] {logging_mixin.py:188} INFO - [2024-04-04T23:30:44.134+0000] {dag.py:3823} INFO - Setting next_dagrun for example_time_delta_sensor_async to None, run_after=None
[2024-04-04T23:30:44.234+0000] {processor.py:183} INFO - Processing /home/airflow/.local/lib/python3.8/site-packages/airflow/example_dags/example_time_delta_sensor_async.py took 0.291 seconds
[2024-04-04T23:31:15.889+0000] {processor.py:161} INFO - Started process (PID=49537) to work on /home/airflow/.local/lib/python3.8/site-packages/airflow/example_dags/example_time_delta_sensor_async.py
[2024-04-04T23:31:15.894+0000] {processor.py:830} INFO - Processing file /home/airflow/.local/lib/python3.8/site-packages/airflow/example_dags/example_time_delta_sensor_async.py for tasks to queue
[2024-04-04T23:31:15.899+0000] {logging_mixin.py:188} INFO - [2024-04-04T23:31:15.897+0000] {dagbag.py:538} INFO - Filling up the DagBag from /home/airflow/.local/lib/python3.8/site-packages/airflow/example_dags/example_time_delta_sensor_async.py
[2024-04-04T23:31:15.926+0000] {processor.py:840} INFO - DAG(s) 'example_time_delta_sensor_async' retrieved from /home/airflow/.local/lib/python3.8/site-packages/airflow/example_dags/example_time_delta_sensor_async.py
[2024-04-04T23:31:16.022+0000] {logging_mixin.py:188} INFO - [2024-04-04T23:31:16.021+0000] {dag.py:3036} INFO - Sync 1 DAGs
[2024-04-04T23:31:16.084+0000] {logging_mixin.py:188} INFO - [2024-04-04T23:31:16.083+0000] {dag.py:3823} INFO - Setting next_dagrun for example_time_delta_sensor_async to None, run_after=None
[2024-04-04T23:31:16.175+0000] {processor.py:183} INFO - Processing /home/airflow/.local/lib/python3.8/site-packages/airflow/example_dags/example_time_delta_sensor_async.py took 0.302 seconds
[2024-04-04T23:31:49.565+0000] {processor.py:161} INFO - Started process (PID=49597) to work on /home/airflow/.local/lib/python3.8/site-packages/airflow/example_dags/example_time_delta_sensor_async.py
[2024-04-04T23:31:49.591+0000] {processor.py:830} INFO - Processing file /home/airflow/.local/lib/python3.8/site-packages/airflow/example_dags/example_time_delta_sensor_async.py for tasks to queue
[2024-04-04T23:31:49.599+0000] {logging_mixin.py:188} INFO - [2024-04-04T23:31:49.597+0000] {dagbag.py:538} INFO - Filling up the DagBag from /home/airflow/.local/lib/python3.8/site-packages/airflow/example_dags/example_time_delta_sensor_async.py
[2024-04-04T23:31:49.640+0000] {processor.py:840} INFO - DAG(s) 'example_time_delta_sensor_async' retrieved from /home/airflow/.local/lib/python3.8/site-packages/airflow/example_dags/example_time_delta_sensor_async.py
[2024-04-04T23:31:49.875+0000] {logging_mixin.py:188} INFO - [2024-04-04T23:31:49.873+0000] {dag.py:3036} INFO - Sync 1 DAGs
[2024-04-04T23:31:49.992+0000] {logging_mixin.py:188} INFO - [2024-04-04T23:31:49.990+0000] {dag.py:3823} INFO - Setting next_dagrun for example_time_delta_sensor_async to None, run_after=None
[2024-04-05T00:14:01.651+0000] {processor.py:183} INFO - Processing /home/airflow/.local/lib/python3.8/site-packages/airflow/example_dags/example_time_delta_sensor_async.py took 2532.188 seconds
