[2024-04-04T20:01:54.975+0000] {processor.py:161} INFO - Started process (PID=43451) to work on /home/airflow/.local/lib/python3.8/site-packages/airflow/example_dags/example_params_trigger_ui.py
[2024-04-04T20:01:54.997+0000] {processor.py:830} INFO - Processing file /home/airflow/.local/lib/python3.8/site-packages/airflow/example_dags/example_params_trigger_ui.py for tasks to queue
[2024-04-04T20:01:55.002+0000] {logging_mixin.py:188} INFO - [2024-04-04T20:01:55.001+0000] {dagbag.py:538} INFO - Filling up the DagBag from /home/airflow/.local/lib/python3.8/site-packages/airflow/example_dags/example_params_trigger_ui.py
[2024-04-04T20:01:55.074+0000] {processor.py:840} INFO - DAG(s) 'example_params_trigger_ui' retrieved from /home/airflow/.local/lib/python3.8/site-packages/airflow/example_dags/example_params_trigger_ui.py
[2024-04-04T20:01:55.398+0000] {logging_mixin.py:188} INFO - [2024-04-04T20:01:55.398+0000] {dag.py:3036} INFO - Sync 1 DAGs
[2024-04-04T20:01:55.465+0000] {logging_mixin.py:188} INFO - [2024-04-04T20:01:55.464+0000] {dag.py:3823} INFO - Setting next_dagrun for example_params_trigger_ui to None, run_after=None
[2024-04-04T20:01:55.571+0000] {processor.py:183} INFO - Processing /home/airflow/.local/lib/python3.8/site-packages/airflow/example_dags/example_params_trigger_ui.py took 0.603 seconds
[2024-04-04T18:12:24.528+0000] {processor.py:161} INFO - Started process (PID=46128) to work on /home/airflow/.local/lib/python3.8/site-packages/airflow/example_dags/example_params_trigger_ui.py
[2024-04-04T18:12:24.537+0000] {processor.py:830} INFO - Processing file /home/airflow/.local/lib/python3.8/site-packages/airflow/example_dags/example_params_trigger_ui.py for tasks to queue
[2024-04-04T18:12:24.541+0000] {logging_mixin.py:188} INFO - [2024-04-04T18:12:24.540+0000] {dagbag.py:538} INFO - Filling up the DagBag from /home/airflow/.local/lib/python3.8/site-packages/airflow/example_dags/example_params_trigger_ui.py
[2024-04-04T18:12:24.611+0000] {processor.py:840} INFO - DAG(s) 'example_params_trigger_ui' retrieved from /home/airflow/.local/lib/python3.8/site-packages/airflow/example_dags/example_params_trigger_ui.py
[2024-04-04T18:12:25.029+0000] {logging_mixin.py:188} INFO - [2024-04-04T18:12:25.029+0000] {dag.py:3036} INFO - Sync 1 DAGs
[2024-04-04T18:12:25.086+0000] {logging_mixin.py:188} INFO - [2024-04-04T18:12:25.085+0000] {dag.py:3823} INFO - Setting next_dagrun for example_params_trigger_ui to None, run_after=None
[2024-04-04T18:12:25.168+0000] {processor.py:183} INFO - Processing /home/airflow/.local/lib/python3.8/site-packages/airflow/example_dags/example_params_trigger_ui.py took 0.657 seconds
[2024-04-04T18:12:55.577+0000] {processor.py:161} INFO - Started process (PID=46188) to work on /home/airflow/.local/lib/python3.8/site-packages/airflow/example_dags/example_params_trigger_ui.py
[2024-04-04T18:12:55.579+0000] {processor.py:830} INFO - Processing file /home/airflow/.local/lib/python3.8/site-packages/airflow/example_dags/example_params_trigger_ui.py for tasks to queue
[2024-04-04T18:12:55.580+0000] {logging_mixin.py:188} INFO - [2024-04-04T18:12:55.580+0000] {dagbag.py:538} INFO - Filling up the DagBag from /home/airflow/.local/lib/python3.8/site-packages/airflow/example_dags/example_params_trigger_ui.py
[2024-04-04T18:12:55.599+0000] {processor.py:840} INFO - DAG(s) 'example_params_trigger_ui' retrieved from /home/airflow/.local/lib/python3.8/site-packages/airflow/example_dags/example_params_trigger_ui.py
[2024-04-04T18:12:55.675+0000] {logging_mixin.py:188} INFO - [2024-04-04T18:12:55.674+0000] {dag.py:3036} INFO - Sync 1 DAGs
[2024-04-04T18:12:55.690+0000] {logging_mixin.py:188} INFO - [2024-04-04T18:12:55.690+0000] {dag.py:3823} INFO - Setting next_dagrun for example_params_trigger_ui to None, run_after=None
[2024-04-04T18:12:55.714+0000] {processor.py:183} INFO - Processing /home/airflow/.local/lib/python3.8/site-packages/airflow/example_dags/example_params_trigger_ui.py took 0.143 seconds
[2024-04-04T18:13:26.088+0000] {processor.py:161} INFO - Started process (PID=46248) to work on /home/airflow/.local/lib/python3.8/site-packages/airflow/example_dags/example_params_trigger_ui.py
[2024-04-04T18:13:26.089+0000] {processor.py:830} INFO - Processing file /home/airflow/.local/lib/python3.8/site-packages/airflow/example_dags/example_params_trigger_ui.py for tasks to queue
[2024-04-04T18:13:26.090+0000] {logging_mixin.py:188} INFO - [2024-04-04T18:13:26.090+0000] {dagbag.py:538} INFO - Filling up the DagBag from /home/airflow/.local/lib/python3.8/site-packages/airflow/example_dags/example_params_trigger_ui.py
[2024-04-04T18:13:26.108+0000] {processor.py:840} INFO - DAG(s) 'example_params_trigger_ui' retrieved from /home/airflow/.local/lib/python3.8/site-packages/airflow/example_dags/example_params_trigger_ui.py
[2024-04-04T18:13:26.178+0000] {logging_mixin.py:188} INFO - [2024-04-04T18:13:26.177+0000] {dag.py:3036} INFO - Sync 1 DAGs
[2024-04-04T18:13:26.192+0000] {logging_mixin.py:188} INFO - [2024-04-04T18:13:26.191+0000] {dag.py:3823} INFO - Setting next_dagrun for example_params_trigger_ui to None, run_after=None
[2024-04-04T18:13:26.212+0000] {processor.py:183} INFO - Processing /home/airflow/.local/lib/python3.8/site-packages/airflow/example_dags/example_params_trigger_ui.py took 0.128 seconds
[2024-04-04T18:13:56.503+0000] {processor.py:161} INFO - Started process (PID=46308) to work on /home/airflow/.local/lib/python3.8/site-packages/airflow/example_dags/example_params_trigger_ui.py
[2024-04-04T18:13:56.504+0000] {processor.py:830} INFO - Processing file /home/airflow/.local/lib/python3.8/site-packages/airflow/example_dags/example_params_trigger_ui.py for tasks to queue
[2024-04-04T18:13:56.505+0000] {logging_mixin.py:188} INFO - [2024-04-04T18:13:56.505+0000] {dagbag.py:538} INFO - Filling up the DagBag from /home/airflow/.local/lib/python3.8/site-packages/airflow/example_dags/example_params_trigger_ui.py
[2024-04-04T18:13:56.520+0000] {processor.py:840} INFO - DAG(s) 'example_params_trigger_ui' retrieved from /home/airflow/.local/lib/python3.8/site-packages/airflow/example_dags/example_params_trigger_ui.py
[2024-04-04T18:13:56.586+0000] {logging_mixin.py:188} INFO - [2024-04-04T18:13:56.586+0000] {dag.py:3036} INFO - Sync 1 DAGs
[2024-04-04T18:13:56.600+0000] {logging_mixin.py:188} INFO - [2024-04-04T18:13:56.600+0000] {dag.py:3823} INFO - Setting next_dagrun for example_params_trigger_ui to None, run_after=None
[2024-04-04T18:13:56.620+0000] {processor.py:183} INFO - Processing /home/airflow/.local/lib/python3.8/site-packages/airflow/example_dags/example_params_trigger_ui.py took 0.121 seconds
[2024-04-04T18:14:26.950+0000] {processor.py:161} INFO - Started process (PID=46368) to work on /home/airflow/.local/lib/python3.8/site-packages/airflow/example_dags/example_params_trigger_ui.py
[2024-04-04T18:14:26.951+0000] {processor.py:830} INFO - Processing file /home/airflow/.local/lib/python3.8/site-packages/airflow/example_dags/example_params_trigger_ui.py for tasks to queue
[2024-04-04T18:14:26.952+0000] {logging_mixin.py:188} INFO - [2024-04-04T18:14:26.952+0000] {dagbag.py:538} INFO - Filling up the DagBag from /home/airflow/.local/lib/python3.8/site-packages/airflow/example_dags/example_params_trigger_ui.py
[2024-04-04T18:14:26.968+0000] {processor.py:840} INFO - DAG(s) 'example_params_trigger_ui' retrieved from /home/airflow/.local/lib/python3.8/site-packages/airflow/example_dags/example_params_trigger_ui.py
[2024-04-04T18:14:27.053+0000] {logging_mixin.py:188} INFO - [2024-04-04T18:14:27.052+0000] {dag.py:3036} INFO - Sync 1 DAGs
[2024-04-04T18:14:27.069+0000] {logging_mixin.py:188} INFO - [2024-04-04T18:14:27.069+0000] {dag.py:3823} INFO - Setting next_dagrun for example_params_trigger_ui to None, run_after=None
[2024-04-04T18:14:27.094+0000] {processor.py:183} INFO - Processing /home/airflow/.local/lib/python3.8/site-packages/airflow/example_dags/example_params_trigger_ui.py took 0.148 seconds
[2024-04-04T18:14:57.630+0000] {processor.py:161} INFO - Started process (PID=46428) to work on /home/airflow/.local/lib/python3.8/site-packages/airflow/example_dags/example_params_trigger_ui.py
[2024-04-04T18:14:57.634+0000] {processor.py:830} INFO - Processing file /home/airflow/.local/lib/python3.8/site-packages/airflow/example_dags/example_params_trigger_ui.py for tasks to queue
[2024-04-04T18:14:57.640+0000] {logging_mixin.py:188} INFO - [2024-04-04T18:14:57.638+0000] {dagbag.py:538} INFO - Filling up the DagBag from /home/airflow/.local/lib/python3.8/site-packages/airflow/example_dags/example_params_trigger_ui.py
[2024-04-04T18:14:57.718+0000] {processor.py:840} INFO - DAG(s) 'example_params_trigger_ui' retrieved from /home/airflow/.local/lib/python3.8/site-packages/airflow/example_dags/example_params_trigger_ui.py
[2024-04-04T18:14:57.993+0000] {logging_mixin.py:188} INFO - [2024-04-04T18:14:57.992+0000] {dag.py:3036} INFO - Sync 1 DAGs
[2024-04-04T18:14:58.052+0000] {logging_mixin.py:188} INFO - [2024-04-04T18:14:58.051+0000] {dag.py:3823} INFO - Setting next_dagrun for example_params_trigger_ui to None, run_after=None
[2024-04-04T18:14:58.144+0000] {processor.py:183} INFO - Processing /home/airflow/.local/lib/python3.8/site-packages/airflow/example_dags/example_params_trigger_ui.py took 0.529 seconds
[2024-04-04T18:15:28.796+0000] {processor.py:161} INFO - Started process (PID=46488) to work on /home/airflow/.local/lib/python3.8/site-packages/airflow/example_dags/example_params_trigger_ui.py
[2024-04-04T18:15:28.803+0000] {processor.py:830} INFO - Processing file /home/airflow/.local/lib/python3.8/site-packages/airflow/example_dags/example_params_trigger_ui.py for tasks to queue
[2024-04-04T18:15:28.810+0000] {logging_mixin.py:188} INFO - [2024-04-04T18:15:28.808+0000] {dagbag.py:538} INFO - Filling up the DagBag from /home/airflow/.local/lib/python3.8/site-packages/airflow/example_dags/example_params_trigger_ui.py
[2024-04-04T18:15:28.946+0000] {processor.py:840} INFO - DAG(s) 'example_params_trigger_ui' retrieved from /home/airflow/.local/lib/python3.8/site-packages/airflow/example_dags/example_params_trigger_ui.py
[2024-04-04T18:15:29.476+0000] {logging_mixin.py:188} INFO - [2024-04-04T18:15:29.474+0000] {dag.py:3036} INFO - Sync 1 DAGs
[2024-04-04T18:15:29.597+0000] {logging_mixin.py:188} INFO - [2024-04-04T18:15:29.595+0000] {dag.py:3823} INFO - Setting next_dagrun for example_params_trigger_ui to None, run_after=None
[2024-04-04T18:15:29.759+0000] {processor.py:183} INFO - Processing /home/airflow/.local/lib/python3.8/site-packages/airflow/example_dags/example_params_trigger_ui.py took 0.993 seconds
[2024-04-04T18:15:59.965+0000] {processor.py:161} INFO - Started process (PID=46549) to work on /home/airflow/.local/lib/python3.8/site-packages/airflow/example_dags/example_params_trigger_ui.py
[2024-04-04T18:15:59.967+0000] {processor.py:830} INFO - Processing file /home/airflow/.local/lib/python3.8/site-packages/airflow/example_dags/example_params_trigger_ui.py for tasks to queue
[2024-04-04T18:15:59.969+0000] {logging_mixin.py:188} INFO - [2024-04-04T18:15:59.968+0000] {dagbag.py:538} INFO - Filling up the DagBag from /home/airflow/.local/lib/python3.8/site-packages/airflow/example_dags/example_params_trigger_ui.py
[2024-04-04T18:15:59.998+0000] {processor.py:840} INFO - DAG(s) 'example_params_trigger_ui' retrieved from /home/airflow/.local/lib/python3.8/site-packages/airflow/example_dags/example_params_trigger_ui.py
[2024-04-04T18:16:00.127+0000] {logging_mixin.py:188} INFO - [2024-04-04T18:16:00.127+0000] {dag.py:3036} INFO - Sync 1 DAGs
[2024-04-04T18:16:00.153+0000] {logging_mixin.py:188} INFO - [2024-04-04T18:16:00.152+0000] {dag.py:3823} INFO - Setting next_dagrun for example_params_trigger_ui to None, run_after=None
[2024-04-04T18:16:00.192+0000] {processor.py:183} INFO - Processing /home/airflow/.local/lib/python3.8/site-packages/airflow/example_dags/example_params_trigger_ui.py took 0.234 seconds
[2024-04-04T18:16:30.454+0000] {processor.py:161} INFO - Started process (PID=46608) to work on /home/airflow/.local/lib/python3.8/site-packages/airflow/example_dags/example_params_trigger_ui.py
[2024-04-04T18:16:30.456+0000] {processor.py:830} INFO - Processing file /home/airflow/.local/lib/python3.8/site-packages/airflow/example_dags/example_params_trigger_ui.py for tasks to queue
[2024-04-04T18:16:30.458+0000] {logging_mixin.py:188} INFO - [2024-04-04T18:16:30.457+0000] {dagbag.py:538} INFO - Filling up the DagBag from /home/airflow/.local/lib/python3.8/site-packages/airflow/example_dags/example_params_trigger_ui.py
[2024-04-04T18:16:30.483+0000] {processor.py:840} INFO - DAG(s) 'example_params_trigger_ui' retrieved from /home/airflow/.local/lib/python3.8/site-packages/airflow/example_dags/example_params_trigger_ui.py
[2024-04-04T18:16:30.586+0000] {logging_mixin.py:188} INFO - [2024-04-04T18:16:30.585+0000] {dag.py:3036} INFO - Sync 1 DAGs
[2024-04-04T18:16:30.605+0000] {logging_mixin.py:188} INFO - [2024-04-04T18:16:30.605+0000] {dag.py:3823} INFO - Setting next_dagrun for example_params_trigger_ui to None, run_after=None
[2024-04-04T18:16:30.634+0000] {processor.py:183} INFO - Processing /home/airflow/.local/lib/python3.8/site-packages/airflow/example_dags/example_params_trigger_ui.py took 0.186 seconds
[2024-04-04T18:17:01.418+0000] {processor.py:161} INFO - Started process (PID=46669) to work on /home/airflow/.local/lib/python3.8/site-packages/airflow/example_dags/example_params_trigger_ui.py
[2024-04-04T18:17:01.423+0000] {processor.py:830} INFO - Processing file /home/airflow/.local/lib/python3.8/site-packages/airflow/example_dags/example_params_trigger_ui.py for tasks to queue
[2024-04-04T18:17:01.429+0000] {logging_mixin.py:188} INFO - [2024-04-04T18:17:01.427+0000] {dagbag.py:538} INFO - Filling up the DagBag from /home/airflow/.local/lib/python3.8/site-packages/airflow/example_dags/example_params_trigger_ui.py
[2024-04-04T18:17:01.546+0000] {processor.py:840} INFO - DAG(s) 'example_params_trigger_ui' retrieved from /home/airflow/.local/lib/python3.8/site-packages/airflow/example_dags/example_params_trigger_ui.py
[2024-04-04T18:17:02.170+0000] {logging_mixin.py:188} INFO - [2024-04-04T18:17:02.169+0000] {dag.py:3036} INFO - Sync 1 DAGs
[2024-04-04T18:17:02.229+0000] {logging_mixin.py:188} INFO - [2024-04-04T18:17:02.228+0000] {dag.py:3823} INFO - Setting next_dagrun for example_params_trigger_ui to None, run_after=None
[2024-04-04T18:17:02.322+0000] {processor.py:183} INFO - Processing /home/airflow/.local/lib/python3.8/site-packages/airflow/example_dags/example_params_trigger_ui.py took 0.921 seconds
[2024-04-04T18:17:33.006+0000] {processor.py:161} INFO - Started process (PID=46729) to work on /home/airflow/.local/lib/python3.8/site-packages/airflow/example_dags/example_params_trigger_ui.py
[2024-04-04T18:17:33.012+0000] {processor.py:830} INFO - Processing file /home/airflow/.local/lib/python3.8/site-packages/airflow/example_dags/example_params_trigger_ui.py for tasks to queue
[2024-04-04T18:17:33.017+0000] {logging_mixin.py:188} INFO - [2024-04-04T18:17:33.015+0000] {dagbag.py:538} INFO - Filling up the DagBag from /home/airflow/.local/lib/python3.8/site-packages/airflow/example_dags/example_params_trigger_ui.py
[2024-04-04T18:17:33.113+0000] {processor.py:840} INFO - DAG(s) 'example_params_trigger_ui' retrieved from /home/airflow/.local/lib/python3.8/site-packages/airflow/example_dags/example_params_trigger_ui.py
[2024-04-04T18:17:33.591+0000] {logging_mixin.py:188} INFO - [2024-04-04T18:17:33.589+0000] {dag.py:3036} INFO - Sync 1 DAGs
[2024-04-04T18:17:33.659+0000] {logging_mixin.py:188} INFO - [2024-04-04T18:17:33.658+0000] {dag.py:3823} INFO - Setting next_dagrun for example_params_trigger_ui to None, run_after=None
[2024-04-04T18:17:33.767+0000] {processor.py:183} INFO - Processing /home/airflow/.local/lib/python3.8/site-packages/airflow/example_dags/example_params_trigger_ui.py took 0.784 seconds
[2024-04-04T18:18:04.214+0000] {processor.py:161} INFO - Started process (PID=46789) to work on /home/airflow/.local/lib/python3.8/site-packages/airflow/example_dags/example_params_trigger_ui.py
[2024-04-04T18:18:04.218+0000] {processor.py:830} INFO - Processing file /home/airflow/.local/lib/python3.8/site-packages/airflow/example_dags/example_params_trigger_ui.py for tasks to queue
[2024-04-04T18:18:04.222+0000] {logging_mixin.py:188} INFO - [2024-04-04T18:18:04.221+0000] {dagbag.py:538} INFO - Filling up the DagBag from /home/airflow/.local/lib/python3.8/site-packages/airflow/example_dags/example_params_trigger_ui.py
[2024-04-04T18:18:04.280+0000] {processor.py:840} INFO - DAG(s) 'example_params_trigger_ui' retrieved from /home/airflow/.local/lib/python3.8/site-packages/airflow/example_dags/example_params_trigger_ui.py
[2024-04-04T18:18:04.727+0000] {logging_mixin.py:188} INFO - [2024-04-04T18:18:04.725+0000] {dag.py:3036} INFO - Sync 1 DAGs
[2024-04-04T18:18:04.785+0000] {logging_mixin.py:188} INFO - [2024-04-04T18:18:04.784+0000] {dag.py:3823} INFO - Setting next_dagrun for example_params_trigger_ui to None, run_after=None
[2024-04-04T18:18:04.871+0000] {processor.py:183} INFO - Processing /home/airflow/.local/lib/python3.8/site-packages/airflow/example_dags/example_params_trigger_ui.py took 0.668 seconds
[2024-04-04T18:18:35.705+0000] {processor.py:161} INFO - Started process (PID=46849) to work on /home/airflow/.local/lib/python3.8/site-packages/airflow/example_dags/example_params_trigger_ui.py
[2024-04-04T18:18:35.708+0000] {processor.py:830} INFO - Processing file /home/airflow/.local/lib/python3.8/site-packages/airflow/example_dags/example_params_trigger_ui.py for tasks to queue
[2024-04-04T18:18:35.711+0000] {logging_mixin.py:188} INFO - [2024-04-04T18:18:35.710+0000] {dagbag.py:538} INFO - Filling up the DagBag from /home/airflow/.local/lib/python3.8/site-packages/airflow/example_dags/example_params_trigger_ui.py
[2024-04-04T18:18:35.760+0000] {processor.py:840} INFO - DAG(s) 'example_params_trigger_ui' retrieved from /home/airflow/.local/lib/python3.8/site-packages/airflow/example_dags/example_params_trigger_ui.py
[2024-04-04T18:18:35.952+0000] {logging_mixin.py:188} INFO - [2024-04-04T18:18:35.951+0000] {dag.py:3036} INFO - Sync 1 DAGs
[2024-04-04T18:18:35.986+0000] {logging_mixin.py:188} INFO - [2024-04-04T18:18:35.985+0000] {dag.py:3823} INFO - Setting next_dagrun for example_params_trigger_ui to None, run_after=None
[2024-04-04T18:18:36.034+0000] {processor.py:183} INFO - Processing /home/airflow/.local/lib/python3.8/site-packages/airflow/example_dags/example_params_trigger_ui.py took 0.341 seconds
[2024-04-04T18:19:06.588+0000] {processor.py:161} INFO - Started process (PID=46909) to work on /home/airflow/.local/lib/python3.8/site-packages/airflow/example_dags/example_params_trigger_ui.py
[2024-04-04T18:19:06.591+0000] {processor.py:830} INFO - Processing file /home/airflow/.local/lib/python3.8/site-packages/airflow/example_dags/example_params_trigger_ui.py for tasks to queue
[2024-04-04T18:19:06.593+0000] {logging_mixin.py:188} INFO - [2024-04-04T18:19:06.592+0000] {dagbag.py:538} INFO - Filling up the DagBag from /home/airflow/.local/lib/python3.8/site-packages/airflow/example_dags/example_params_trigger_ui.py
[2024-04-04T18:19:06.625+0000] {processor.py:840} INFO - DAG(s) 'example_params_trigger_ui' retrieved from /home/airflow/.local/lib/python3.8/site-packages/airflow/example_dags/example_params_trigger_ui.py
[2024-04-04T18:19:06.766+0000] {logging_mixin.py:188} INFO - [2024-04-04T18:19:06.766+0000] {dag.py:3036} INFO - Sync 1 DAGs
[2024-04-04T18:19:06.795+0000] {logging_mixin.py:188} INFO - [2024-04-04T18:19:06.794+0000] {dag.py:3823} INFO - Setting next_dagrun for example_params_trigger_ui to None, run_after=None
[2024-04-04T18:19:06.836+0000] {processor.py:183} INFO - Processing /home/airflow/.local/lib/python3.8/site-packages/airflow/example_dags/example_params_trigger_ui.py took 0.255 seconds
[2024-04-04T18:19:37.049+0000] {processor.py:161} INFO - Started process (PID=46969) to work on /home/airflow/.local/lib/python3.8/site-packages/airflow/example_dags/example_params_trigger_ui.py
[2024-04-04T18:19:37.054+0000] {processor.py:830} INFO - Processing file /home/airflow/.local/lib/python3.8/site-packages/airflow/example_dags/example_params_trigger_ui.py for tasks to queue
[2024-04-04T18:19:37.059+0000] {logging_mixin.py:188} INFO - [2024-04-04T18:19:37.058+0000] {dagbag.py:538} INFO - Filling up the DagBag from /home/airflow/.local/lib/python3.8/site-packages/airflow/example_dags/example_params_trigger_ui.py
[2024-04-04T18:19:37.151+0000] {processor.py:840} INFO - DAG(s) 'example_params_trigger_ui' retrieved from /home/airflow/.local/lib/python3.8/site-packages/airflow/example_dags/example_params_trigger_ui.py
[2024-04-04T18:19:37.589+0000] {logging_mixin.py:188} INFO - [2024-04-04T18:19:37.588+0000] {dag.py:3036} INFO - Sync 1 DAGs
[2024-04-04T18:19:37.675+0000] {logging_mixin.py:188} INFO - [2024-04-04T18:19:37.674+0000] {dag.py:3823} INFO - Setting next_dagrun for example_params_trigger_ui to None, run_after=None
[2024-04-04T18:19:37.775+0000] {processor.py:183} INFO - Processing /home/airflow/.local/lib/python3.8/site-packages/airflow/example_dags/example_params_trigger_ui.py took 0.742 seconds
[2024-04-04T18:20:08.136+0000] {processor.py:161} INFO - Started process (PID=47029) to work on /home/airflow/.local/lib/python3.8/site-packages/airflow/example_dags/example_params_trigger_ui.py
[2024-04-04T18:20:08.140+0000] {processor.py:830} INFO - Processing file /home/airflow/.local/lib/python3.8/site-packages/airflow/example_dags/example_params_trigger_ui.py for tasks to queue
[2024-04-04T18:20:08.144+0000] {logging_mixin.py:188} INFO - [2024-04-04T18:20:08.143+0000] {dagbag.py:538} INFO - Filling up the DagBag from /home/airflow/.local/lib/python3.8/site-packages/airflow/example_dags/example_params_trigger_ui.py
[2024-04-04T18:20:08.198+0000] {processor.py:840} INFO - DAG(s) 'example_params_trigger_ui' retrieved from /home/airflow/.local/lib/python3.8/site-packages/airflow/example_dags/example_params_trigger_ui.py
[2024-04-04T18:20:08.434+0000] {logging_mixin.py:188} INFO - [2024-04-04T18:20:08.433+0000] {dag.py:3036} INFO - Sync 1 DAGs
[2024-04-04T18:20:08.479+0000] {logging_mixin.py:188} INFO - [2024-04-04T18:20:08.478+0000] {dag.py:3823} INFO - Setting next_dagrun for example_params_trigger_ui to None, run_after=None
[2024-04-04T18:20:08.554+0000] {processor.py:183} INFO - Processing /home/airflow/.local/lib/python3.8/site-packages/airflow/example_dags/example_params_trigger_ui.py took 0.430 seconds
[2024-04-04T18:20:38.953+0000] {processor.py:161} INFO - Started process (PID=47089) to work on /home/airflow/.local/lib/python3.8/site-packages/airflow/example_dags/example_params_trigger_ui.py
[2024-04-04T18:20:38.955+0000] {processor.py:830} INFO - Processing file /home/airflow/.local/lib/python3.8/site-packages/airflow/example_dags/example_params_trigger_ui.py for tasks to queue
[2024-04-04T18:20:38.957+0000] {logging_mixin.py:188} INFO - [2024-04-04T18:20:38.956+0000] {dagbag.py:538} INFO - Filling up the DagBag from /home/airflow/.local/lib/python3.8/site-packages/airflow/example_dags/example_params_trigger_ui.py
[2024-04-04T18:20:38.979+0000] {processor.py:840} INFO - DAG(s) 'example_params_trigger_ui' retrieved from /home/airflow/.local/lib/python3.8/site-packages/airflow/example_dags/example_params_trigger_ui.py
[2024-04-04T18:20:39.085+0000] {logging_mixin.py:188} INFO - [2024-04-04T18:20:39.085+0000] {dag.py:3036} INFO - Sync 1 DAGs
[2024-04-04T18:20:39.105+0000] {logging_mixin.py:188} INFO - [2024-04-04T18:20:39.105+0000] {dag.py:3823} INFO - Setting next_dagrun for example_params_trigger_ui to None, run_after=None
[2024-04-04T18:20:39.138+0000] {processor.py:183} INFO - Processing /home/airflow/.local/lib/python3.8/site-packages/airflow/example_dags/example_params_trigger_ui.py took 0.190 seconds
[2024-04-04T18:21:09.847+0000] {processor.py:161} INFO - Started process (PID=47149) to work on /home/airflow/.local/lib/python3.8/site-packages/airflow/example_dags/example_params_trigger_ui.py
[2024-04-04T18:21:09.849+0000] {processor.py:830} INFO - Processing file /home/airflow/.local/lib/python3.8/site-packages/airflow/example_dags/example_params_trigger_ui.py for tasks to queue
[2024-04-04T18:21:09.851+0000] {logging_mixin.py:188} INFO - [2024-04-04T18:21:09.851+0000] {dagbag.py:538} INFO - Filling up the DagBag from /home/airflow/.local/lib/python3.8/site-packages/airflow/example_dags/example_params_trigger_ui.py
[2024-04-04T18:21:09.876+0000] {processor.py:840} INFO - DAG(s) 'example_params_trigger_ui' retrieved from /home/airflow/.local/lib/python3.8/site-packages/airflow/example_dags/example_params_trigger_ui.py
[2024-04-04T18:21:09.979+0000] {logging_mixin.py:188} INFO - [2024-04-04T18:21:09.978+0000] {dag.py:3036} INFO - Sync 1 DAGs
[2024-04-04T18:21:10.002+0000] {logging_mixin.py:188} INFO - [2024-04-04T18:21:10.002+0000] {dag.py:3823} INFO - Setting next_dagrun for example_params_trigger_ui to None, run_after=None
[2024-04-04T18:21:10.035+0000] {processor.py:183} INFO - Processing /home/airflow/.local/lib/python3.8/site-packages/airflow/example_dags/example_params_trigger_ui.py took 0.193 seconds
[2024-04-04T18:21:40.421+0000] {processor.py:161} INFO - Started process (PID=47209) to work on /home/airflow/.local/lib/python3.8/site-packages/airflow/example_dags/example_params_trigger_ui.py
[2024-04-04T18:21:40.428+0000] {processor.py:830} INFO - Processing file /home/airflow/.local/lib/python3.8/site-packages/airflow/example_dags/example_params_trigger_ui.py for tasks to queue
[2024-04-04T18:21:40.436+0000] {logging_mixin.py:188} INFO - [2024-04-04T18:21:40.434+0000] {dagbag.py:538} INFO - Filling up the DagBag from /home/airflow/.local/lib/python3.8/site-packages/airflow/example_dags/example_params_trigger_ui.py
[2024-04-04T18:21:40.594+0000] {processor.py:840} INFO - DAG(s) 'example_params_trigger_ui' retrieved from /home/airflow/.local/lib/python3.8/site-packages/airflow/example_dags/example_params_trigger_ui.py
[2024-04-04T18:21:41.324+0000] {logging_mixin.py:188} INFO - [2024-04-04T18:21:41.320+0000] {dag.py:3036} INFO - Sync 1 DAGs
[2024-04-04T18:21:41.583+0000] {logging_mixin.py:188} INFO - [2024-04-04T18:21:41.581+0000] {dag.py:3823} INFO - Setting next_dagrun for example_params_trigger_ui to None, run_after=None
[2024-04-04T18:21:41.808+0000] {processor.py:183} INFO - Processing /home/airflow/.local/lib/python3.8/site-packages/airflow/example_dags/example_params_trigger_ui.py took 1.414 seconds
[2024-04-04T18:22:12.110+0000] {processor.py:161} INFO - Started process (PID=47270) to work on /home/airflow/.local/lib/python3.8/site-packages/airflow/example_dags/example_params_trigger_ui.py
[2024-04-04T18:22:12.116+0000] {processor.py:830} INFO - Processing file /home/airflow/.local/lib/python3.8/site-packages/airflow/example_dags/example_params_trigger_ui.py for tasks to queue
[2024-04-04T18:22:12.121+0000] {logging_mixin.py:188} INFO - [2024-04-04T18:22:12.120+0000] {dagbag.py:538} INFO - Filling up the DagBag from /home/airflow/.local/lib/python3.8/site-packages/airflow/example_dags/example_params_trigger_ui.py
[2024-04-04T18:22:12.302+0000] {processor.py:840} INFO - DAG(s) 'example_params_trigger_ui' retrieved from /home/airflow/.local/lib/python3.8/site-packages/airflow/example_dags/example_params_trigger_ui.py
[2024-04-04T18:22:12.867+0000] {logging_mixin.py:188} INFO - [2024-04-04T18:22:12.866+0000] {dag.py:3036} INFO - Sync 1 DAGs
[2024-04-04T18:22:12.953+0000] {logging_mixin.py:188} INFO - [2024-04-04T18:22:12.952+0000] {dag.py:3823} INFO - Setting next_dagrun for example_params_trigger_ui to None, run_after=None
[2024-04-04T18:22:13.083+0000] {processor.py:183} INFO - Processing /home/airflow/.local/lib/python3.8/site-packages/airflow/example_dags/example_params_trigger_ui.py took 1.001 seconds
[2024-04-04T18:22:43.234+0000] {processor.py:161} INFO - Started process (PID=47328) to work on /home/airflow/.local/lib/python3.8/site-packages/airflow/example_dags/example_params_trigger_ui.py
[2024-04-04T18:22:43.237+0000] {processor.py:830} INFO - Processing file /home/airflow/.local/lib/python3.8/site-packages/airflow/example_dags/example_params_trigger_ui.py for tasks to queue
[2024-04-04T18:22:43.239+0000] {logging_mixin.py:188} INFO - [2024-04-04T18:22:43.239+0000] {dagbag.py:538} INFO - Filling up the DagBag from /home/airflow/.local/lib/python3.8/site-packages/airflow/example_dags/example_params_trigger_ui.py
[2024-04-04T18:22:43.270+0000] {processor.py:840} INFO - DAG(s) 'example_params_trigger_ui' retrieved from /home/airflow/.local/lib/python3.8/site-packages/airflow/example_dags/example_params_trigger_ui.py
[2024-04-04T18:22:43.424+0000] {logging_mixin.py:188} INFO - [2024-04-04T18:22:43.423+0000] {dag.py:3036} INFO - Sync 1 DAGs
[2024-04-04T18:22:43.457+0000] {logging_mixin.py:188} INFO - [2024-04-04T18:22:43.456+0000] {dag.py:3823} INFO - Setting next_dagrun for example_params_trigger_ui to None, run_after=None
[2024-04-04T18:22:43.502+0000] {processor.py:183} INFO - Processing /home/airflow/.local/lib/python3.8/site-packages/airflow/example_dags/example_params_trigger_ui.py took 0.276 seconds
[2024-04-04T18:23:14.050+0000] {processor.py:161} INFO - Started process (PID=47388) to work on /home/airflow/.local/lib/python3.8/site-packages/airflow/example_dags/example_params_trigger_ui.py
[2024-04-04T18:23:14.052+0000] {processor.py:830} INFO - Processing file /home/airflow/.local/lib/python3.8/site-packages/airflow/example_dags/example_params_trigger_ui.py for tasks to queue
[2024-04-04T18:23:14.055+0000] {logging_mixin.py:188} INFO - [2024-04-04T18:23:14.054+0000] {dagbag.py:538} INFO - Filling up the DagBag from /home/airflow/.local/lib/python3.8/site-packages/airflow/example_dags/example_params_trigger_ui.py
[2024-04-04T18:23:14.090+0000] {processor.py:840} INFO - DAG(s) 'example_params_trigger_ui' retrieved from /home/airflow/.local/lib/python3.8/site-packages/airflow/example_dags/example_params_trigger_ui.py
[2024-04-04T18:23:14.262+0000] {logging_mixin.py:188} INFO - [2024-04-04T18:23:14.261+0000] {dag.py:3036} INFO - Sync 1 DAGs
[2024-04-04T18:23:14.314+0000] {logging_mixin.py:188} INFO - [2024-04-04T18:23:14.313+0000] {dag.py:3823} INFO - Setting next_dagrun for example_params_trigger_ui to None, run_after=None
[2024-04-04T18:23:14.374+0000] {processor.py:183} INFO - Processing /home/airflow/.local/lib/python3.8/site-packages/airflow/example_dags/example_params_trigger_ui.py took 0.332 seconds
[2024-04-04T18:23:44.744+0000] {processor.py:161} INFO - Started process (PID=47449) to work on /home/airflow/.local/lib/python3.8/site-packages/airflow/example_dags/example_params_trigger_ui.py
[2024-04-04T18:23:44.749+0000] {processor.py:830} INFO - Processing file /home/airflow/.local/lib/python3.8/site-packages/airflow/example_dags/example_params_trigger_ui.py for tasks to queue
[2024-04-04T18:23:44.756+0000] {logging_mixin.py:188} INFO - [2024-04-04T18:23:44.754+0000] {dagbag.py:538} INFO - Filling up the DagBag from /home/airflow/.local/lib/python3.8/site-packages/airflow/example_dags/example_params_trigger_ui.py
[2024-04-04T18:23:44.830+0000] {processor.py:840} INFO - DAG(s) 'example_params_trigger_ui' retrieved from /home/airflow/.local/lib/python3.8/site-packages/airflow/example_dags/example_params_trigger_ui.py
[2024-04-04T18:23:45.170+0000] {logging_mixin.py:188} INFO - [2024-04-04T18:23:45.169+0000] {dag.py:3036} INFO - Sync 1 DAGs
[2024-04-04T18:23:45.234+0000] {logging_mixin.py:188} INFO - [2024-04-04T18:23:45.233+0000] {dag.py:3823} INFO - Setting next_dagrun for example_params_trigger_ui to None, run_after=None
[2024-04-04T18:23:45.305+0000] {processor.py:183} INFO - Processing /home/airflow/.local/lib/python3.8/site-packages/airflow/example_dags/example_params_trigger_ui.py took 0.581 seconds
[2024-04-04T19:14:39.429+0000] {processor.py:161} INFO - Started process (PID=47496) to work on /home/airflow/.local/lib/python3.8/site-packages/airflow/example_dags/example_params_trigger_ui.py
[2024-04-04T19:14:39.437+0000] {processor.py:830} INFO - Processing file /home/airflow/.local/lib/python3.8/site-packages/airflow/example_dags/example_params_trigger_ui.py for tasks to queue
[2024-04-04T19:14:39.446+0000] {logging_mixin.py:188} INFO - [2024-04-04T19:14:39.443+0000] {dagbag.py:538} INFO - Filling up the DagBag from /home/airflow/.local/lib/python3.8/site-packages/airflow/example_dags/example_params_trigger_ui.py
[2024-04-04T19:14:39.598+0000] {processor.py:840} INFO - DAG(s) 'example_params_trigger_ui' retrieved from /home/airflow/.local/lib/python3.8/site-packages/airflow/example_dags/example_params_trigger_ui.py
[2024-04-04T19:14:40.940+0000] {logging_mixin.py:188} INFO - [2024-04-04T19:14:40.937+0000] {dag.py:3036} INFO - Sync 1 DAGs
[2024-04-04T19:14:41.193+0000] {logging_mixin.py:188} INFO - [2024-04-04T19:14:41.191+0000] {dag.py:3823} INFO - Setting next_dagrun for example_params_trigger_ui to None, run_after=None
[2024-04-04T19:14:41.915+0000] {processor.py:183} INFO - Processing /home/airflow/.local/lib/python3.8/site-packages/airflow/example_dags/example_params_trigger_ui.py took 2.516 seconds
[2024-04-04T19:15:12.697+0000] {processor.py:161} INFO - Started process (PID=47556) to work on /home/airflow/.local/lib/python3.8/site-packages/airflow/example_dags/example_params_trigger_ui.py
[2024-04-04T19:15:12.701+0000] {processor.py:830} INFO - Processing file /home/airflow/.local/lib/python3.8/site-packages/airflow/example_dags/example_params_trigger_ui.py for tasks to queue
[2024-04-04T19:15:12.706+0000] {logging_mixin.py:188} INFO - [2024-04-04T19:15:12.705+0000] {dagbag.py:538} INFO - Filling up the DagBag from /home/airflow/.local/lib/python3.8/site-packages/airflow/example_dags/example_params_trigger_ui.py
[2024-04-04T19:15:12.805+0000] {processor.py:840} INFO - DAG(s) 'example_params_trigger_ui' retrieved from /home/airflow/.local/lib/python3.8/site-packages/airflow/example_dags/example_params_trigger_ui.py
[2024-04-04T19:15:13.230+0000] {logging_mixin.py:188} INFO - [2024-04-04T19:15:13.229+0000] {dag.py:3036} INFO - Sync 1 DAGs
[2024-04-04T19:15:13.320+0000] {logging_mixin.py:188} INFO - [2024-04-04T19:15:13.318+0000] {dag.py:3823} INFO - Setting next_dagrun for example_params_trigger_ui to None, run_after=None
[2024-04-04T19:15:13.444+0000] {processor.py:183} INFO - Processing /home/airflow/.local/lib/python3.8/site-packages/airflow/example_dags/example_params_trigger_ui.py took 0.764 seconds
[2024-04-04T23:14:31.723+0000] {processor.py:161} INFO - Started process (PID=47648) to work on /home/airflow/.local/lib/python3.8/site-packages/airflow/example_dags/example_params_trigger_ui.py
[2024-04-04T23:14:31.744+0000] {processor.py:830} INFO - Processing file /home/airflow/.local/lib/python3.8/site-packages/airflow/example_dags/example_params_trigger_ui.py for tasks to queue
[2024-04-04T23:14:31.791+0000] {logging_mixin.py:188} INFO - [2024-04-04T23:14:31.789+0000] {dagbag.py:538} INFO - Filling up the DagBag from /home/airflow/.local/lib/python3.8/site-packages/airflow/example_dags/example_params_trigger_ui.py
[2024-04-04T23:14:32.239+0000] {processor.py:840} INFO - DAG(s) 'example_params_trigger_ui' retrieved from /home/airflow/.local/lib/python3.8/site-packages/airflow/example_dags/example_params_trigger_ui.py
[2024-04-04T23:14:34.015+0000] {logging_mixin.py:188} INFO - [2024-04-04T23:14:34.014+0000] {dag.py:3036} INFO - Sync 1 DAGs
[2024-04-04T23:14:34.262+0000] {logging_mixin.py:188} INFO - [2024-04-04T23:14:34.259+0000] {dag.py:3823} INFO - Setting next_dagrun for example_params_trigger_ui to None, run_after=None
[2024-04-04T23:14:45.834+0000] {processor.py:183} INFO - Processing /home/airflow/.local/lib/python3.8/site-packages/airflow/example_dags/example_params_trigger_ui.py took 14.272 seconds
[2024-04-04T23:15:35.734+0000] {processor.py:161} INFO - Started process (PID=47714) to work on /home/airflow/.local/lib/python3.8/site-packages/airflow/example_dags/example_params_trigger_ui.py
[2024-04-04T23:15:35.741+0000] {processor.py:830} INFO - Processing file /home/airflow/.local/lib/python3.8/site-packages/airflow/example_dags/example_params_trigger_ui.py for tasks to queue
[2024-04-04T23:15:35.749+0000] {logging_mixin.py:188} INFO - [2024-04-04T23:15:35.746+0000] {dagbag.py:538} INFO - Filling up the DagBag from /home/airflow/.local/lib/python3.8/site-packages/airflow/example_dags/example_params_trigger_ui.py
[2024-04-04T23:15:35.873+0000] {processor.py:840} INFO - DAG(s) 'example_params_trigger_ui' retrieved from /home/airflow/.local/lib/python3.8/site-packages/airflow/example_dags/example_params_trigger_ui.py
[2024-04-04T23:15:36.452+0000] {logging_mixin.py:188} INFO - [2024-04-04T23:15:36.450+0000] {dag.py:3036} INFO - Sync 1 DAGs
[2024-04-04T23:15:36.592+0000] {logging_mixin.py:188} INFO - [2024-04-04T23:15:36.590+0000] {dag.py:3823} INFO - Setting next_dagrun for example_params_trigger_ui to None, run_after=None
[2024-04-04T23:15:36.818+0000] {processor.py:183} INFO - Processing /home/airflow/.local/lib/python3.8/site-packages/airflow/example_dags/example_params_trigger_ui.py took 1.111 seconds
[2024-04-04T23:16:07.988+0000] {processor.py:161} INFO - Started process (PID=47774) to work on /home/airflow/.local/lib/python3.8/site-packages/airflow/example_dags/example_params_trigger_ui.py
[2024-04-04T23:16:07.995+0000] {processor.py:830} INFO - Processing file /home/airflow/.local/lib/python3.8/site-packages/airflow/example_dags/example_params_trigger_ui.py for tasks to queue
[2024-04-04T23:16:08.003+0000] {logging_mixin.py:188} INFO - [2024-04-04T23:16:08.001+0000] {dagbag.py:538} INFO - Filling up the DagBag from /home/airflow/.local/lib/python3.8/site-packages/airflow/example_dags/example_params_trigger_ui.py
[2024-04-04T23:16:08.100+0000] {processor.py:840} INFO - DAG(s) 'example_params_trigger_ui' retrieved from /home/airflow/.local/lib/python3.8/site-packages/airflow/example_dags/example_params_trigger_ui.py
[2024-04-04T23:16:08.665+0000] {logging_mixin.py:188} INFO - [2024-04-04T23:16:08.664+0000] {dag.py:3036} INFO - Sync 1 DAGs
[2024-04-04T23:16:08.814+0000] {logging_mixin.py:188} INFO - [2024-04-04T23:16:08.804+0000] {dag.py:3823} INFO - Setting next_dagrun for example_params_trigger_ui to None, run_after=None
[2024-04-04T23:16:08.944+0000] {processor.py:183} INFO - Processing /home/airflow/.local/lib/python3.8/site-packages/airflow/example_dags/example_params_trigger_ui.py took 0.975 seconds
[2024-04-04T23:16:39.391+0000] {processor.py:161} INFO - Started process (PID=47835) to work on /home/airflow/.local/lib/python3.8/site-packages/airflow/example_dags/example_params_trigger_ui.py
[2024-04-04T23:16:39.396+0000] {processor.py:830} INFO - Processing file /home/airflow/.local/lib/python3.8/site-packages/airflow/example_dags/example_params_trigger_ui.py for tasks to queue
[2024-04-04T23:16:39.401+0000] {logging_mixin.py:188} INFO - [2024-04-04T23:16:39.399+0000] {dagbag.py:538} INFO - Filling up the DagBag from /home/airflow/.local/lib/python3.8/site-packages/airflow/example_dags/example_params_trigger_ui.py
[2024-04-04T23:16:40.040+0000] {processor.py:840} INFO - DAG(s) 'example_params_trigger_ui' retrieved from /home/airflow/.local/lib/python3.8/site-packages/airflow/example_dags/example_params_trigger_ui.py
[2024-04-04T23:16:40.368+0000] {logging_mixin.py:188} INFO - [2024-04-04T23:16:40.367+0000] {dag.py:3036} INFO - Sync 1 DAGs
[2024-04-04T23:16:40.421+0000] {logging_mixin.py:188} INFO - [2024-04-04T23:16:40.420+0000] {dag.py:3823} INFO - Setting next_dagrun for example_params_trigger_ui to None, run_after=None
[2024-04-04T23:16:40.564+0000] {processor.py:183} INFO - Processing /home/airflow/.local/lib/python3.8/site-packages/airflow/example_dags/example_params_trigger_ui.py took 1.199 seconds
[2024-04-04T23:17:11.333+0000] {processor.py:161} INFO - Started process (PID=47901) to work on /home/airflow/.local/lib/python3.8/site-packages/airflow/example_dags/example_params_trigger_ui.py
[2024-04-04T23:17:11.336+0000] {processor.py:830} INFO - Processing file /home/airflow/.local/lib/python3.8/site-packages/airflow/example_dags/example_params_trigger_ui.py for tasks to queue
[2024-04-04T23:17:11.339+0000] {logging_mixin.py:188} INFO - [2024-04-04T23:17:11.338+0000] {dagbag.py:538} INFO - Filling up the DagBag from /home/airflow/.local/lib/python3.8/site-packages/airflow/example_dags/example_params_trigger_ui.py
[2024-04-04T23:17:11.377+0000] {processor.py:840} INFO - DAG(s) 'example_params_trigger_ui' retrieved from /home/airflow/.local/lib/python3.8/site-packages/airflow/example_dags/example_params_trigger_ui.py
[2024-04-04T23:17:11.545+0000] {logging_mixin.py:188} INFO - [2024-04-04T23:17:11.545+0000] {dag.py:3036} INFO - Sync 1 DAGs
[2024-04-04T23:17:11.580+0000] {logging_mixin.py:188} INFO - [2024-04-04T23:17:11.579+0000] {dag.py:3823} INFO - Setting next_dagrun for example_params_trigger_ui to None, run_after=None
[2024-04-04T23:17:11.632+0000] {processor.py:183} INFO - Processing /home/airflow/.local/lib/python3.8/site-packages/airflow/example_dags/example_params_trigger_ui.py took 0.309 seconds
[2024-04-04T23:17:42.474+0000] {processor.py:161} INFO - Started process (PID=47962) to work on /home/airflow/.local/lib/python3.8/site-packages/airflow/example_dags/example_params_trigger_ui.py
[2024-04-04T23:17:42.483+0000] {processor.py:830} INFO - Processing file /home/airflow/.local/lib/python3.8/site-packages/airflow/example_dags/example_params_trigger_ui.py for tasks to queue
[2024-04-04T23:17:42.491+0000] {logging_mixin.py:188} INFO - [2024-04-04T23:17:42.489+0000] {dagbag.py:538} INFO - Filling up the DagBag from /home/airflow/.local/lib/python3.8/site-packages/airflow/example_dags/example_params_trigger_ui.py
[2024-04-04T23:17:42.606+0000] {processor.py:840} INFO - DAG(s) 'example_params_trigger_ui' retrieved from /home/airflow/.local/lib/python3.8/site-packages/airflow/example_dags/example_params_trigger_ui.py
[2024-04-04T23:17:43.097+0000] {logging_mixin.py:188} INFO - [2024-04-04T23:17:43.096+0000] {dag.py:3036} INFO - Sync 1 DAGs
[2024-04-04T23:17:43.187+0000] {logging_mixin.py:188} INFO - [2024-04-04T23:17:43.185+0000] {dag.py:3823} INFO - Setting next_dagrun for example_params_trigger_ui to None, run_after=None
[2024-04-04T23:17:43.330+0000] {processor.py:183} INFO - Processing /home/airflow/.local/lib/python3.8/site-packages/airflow/example_dags/example_params_trigger_ui.py took 0.888 seconds
[2024-04-04T23:18:13.665+0000] {processor.py:161} INFO - Started process (PID=48022) to work on /home/airflow/.local/lib/python3.8/site-packages/airflow/example_dags/example_params_trigger_ui.py
[2024-04-04T23:18:13.672+0000] {processor.py:830} INFO - Processing file /home/airflow/.local/lib/python3.8/site-packages/airflow/example_dags/example_params_trigger_ui.py for tasks to queue
[2024-04-04T23:18:13.680+0000] {logging_mixin.py:188} INFO - [2024-04-04T23:18:13.678+0000] {dagbag.py:538} INFO - Filling up the DagBag from /home/airflow/.local/lib/python3.8/site-packages/airflow/example_dags/example_params_trigger_ui.py
[2024-04-04T23:18:13.773+0000] {processor.py:840} INFO - DAG(s) 'example_params_trigger_ui' retrieved from /home/airflow/.local/lib/python3.8/site-packages/airflow/example_dags/example_params_trigger_ui.py
[2024-04-04T23:18:14.285+0000] {logging_mixin.py:188} INFO - [2024-04-04T23:18:14.283+0000] {dag.py:3036} INFO - Sync 1 DAGs
[2024-04-04T23:18:14.362+0000] {logging_mixin.py:188} INFO - [2024-04-04T23:18:14.361+0000] {dag.py:3823} INFO - Setting next_dagrun for example_params_trigger_ui to None, run_after=None
[2024-04-04T23:18:14.469+0000] {processor.py:183} INFO - Processing /home/airflow/.local/lib/python3.8/site-packages/airflow/example_dags/example_params_trigger_ui.py took 0.829 seconds
[2024-04-04T23:18:45.012+0000] {processor.py:161} INFO - Started process (PID=48083) to work on /home/airflow/.local/lib/python3.8/site-packages/airflow/example_dags/example_params_trigger_ui.py
[2024-04-04T23:18:45.015+0000] {processor.py:830} INFO - Processing file /home/airflow/.local/lib/python3.8/site-packages/airflow/example_dags/example_params_trigger_ui.py for tasks to queue
[2024-04-04T23:18:45.017+0000] {logging_mixin.py:188} INFO - [2024-04-04T23:18:45.017+0000] {dagbag.py:538} INFO - Filling up the DagBag from /home/airflow/.local/lib/python3.8/site-packages/airflow/example_dags/example_params_trigger_ui.py
[2024-04-04T23:18:45.055+0000] {processor.py:840} INFO - DAG(s) 'example_params_trigger_ui' retrieved from /home/airflow/.local/lib/python3.8/site-packages/airflow/example_dags/example_params_trigger_ui.py
[2024-04-04T23:18:45.218+0000] {logging_mixin.py:188} INFO - [2024-04-04T23:18:45.218+0000] {dag.py:3036} INFO - Sync 1 DAGs
[2024-04-04T23:18:45.250+0000] {logging_mixin.py:188} INFO - [2024-04-04T23:18:45.250+0000] {dag.py:3823} INFO - Setting next_dagrun for example_params_trigger_ui to None, run_after=None
[2024-04-04T23:18:45.297+0000] {processor.py:183} INFO - Processing /home/airflow/.local/lib/python3.8/site-packages/airflow/example_dags/example_params_trigger_ui.py took 0.293 seconds
[2024-04-04T23:19:15.476+0000] {processor.py:161} INFO - Started process (PID=48143) to work on /home/airflow/.local/lib/python3.8/site-packages/airflow/example_dags/example_params_trigger_ui.py
[2024-04-04T23:19:15.479+0000] {processor.py:830} INFO - Processing file /home/airflow/.local/lib/python3.8/site-packages/airflow/example_dags/example_params_trigger_ui.py for tasks to queue
[2024-04-04T23:19:15.482+0000] {logging_mixin.py:188} INFO - [2024-04-04T23:19:15.481+0000] {dagbag.py:538} INFO - Filling up the DagBag from /home/airflow/.local/lib/python3.8/site-packages/airflow/example_dags/example_params_trigger_ui.py
[2024-04-04T23:19:15.525+0000] {processor.py:840} INFO - DAG(s) 'example_params_trigger_ui' retrieved from /home/airflow/.local/lib/python3.8/site-packages/airflow/example_dags/example_params_trigger_ui.py
[2024-04-04T23:19:15.753+0000] {logging_mixin.py:188} INFO - [2024-04-04T23:19:15.752+0000] {dag.py:3036} INFO - Sync 1 DAGs
[2024-04-04T23:19:15.784+0000] {logging_mixin.py:188} INFO - [2024-04-04T23:19:15.784+0000] {dag.py:3823} INFO - Setting next_dagrun for example_params_trigger_ui to None, run_after=None
[2024-04-04T23:19:15.827+0000] {processor.py:183} INFO - Processing /home/airflow/.local/lib/python3.8/site-packages/airflow/example_dags/example_params_trigger_ui.py took 0.361 seconds
[2024-04-04T23:19:46.347+0000] {processor.py:161} INFO - Started process (PID=48203) to work on /home/airflow/.local/lib/python3.8/site-packages/airflow/example_dags/example_params_trigger_ui.py
[2024-04-04T23:19:46.352+0000] {processor.py:830} INFO - Processing file /home/airflow/.local/lib/python3.8/site-packages/airflow/example_dags/example_params_trigger_ui.py for tasks to queue
[2024-04-04T23:19:46.358+0000] {logging_mixin.py:188} INFO - [2024-04-04T23:19:46.356+0000] {dagbag.py:538} INFO - Filling up the DagBag from /home/airflow/.local/lib/python3.8/site-packages/airflow/example_dags/example_params_trigger_ui.py
[2024-04-04T23:19:46.474+0000] {processor.py:840} INFO - DAG(s) 'example_params_trigger_ui' retrieved from /home/airflow/.local/lib/python3.8/site-packages/airflow/example_dags/example_params_trigger_ui.py
[2024-04-04T23:19:46.835+0000] {logging_mixin.py:188} INFO - [2024-04-04T23:19:46.834+0000] {dag.py:3036} INFO - Sync 1 DAGs
[2024-04-04T23:19:46.895+0000] {logging_mixin.py:188} INFO - [2024-04-04T23:19:46.894+0000] {dag.py:3823} INFO - Setting next_dagrun for example_params_trigger_ui to None, run_after=None
[2024-04-04T23:19:46.981+0000] {processor.py:183} INFO - Processing /home/airflow/.local/lib/python3.8/site-packages/airflow/example_dags/example_params_trigger_ui.py took 0.650 seconds
[2024-04-04T23:20:17.221+0000] {processor.py:161} INFO - Started process (PID=48263) to work on /home/airflow/.local/lib/python3.8/site-packages/airflow/example_dags/example_params_trigger_ui.py
[2024-04-04T23:20:17.226+0000] {processor.py:830} INFO - Processing file /home/airflow/.local/lib/python3.8/site-packages/airflow/example_dags/example_params_trigger_ui.py for tasks to queue
[2024-04-04T23:20:17.231+0000] {logging_mixin.py:188} INFO - [2024-04-04T23:20:17.229+0000] {dagbag.py:538} INFO - Filling up the DagBag from /home/airflow/.local/lib/python3.8/site-packages/airflow/example_dags/example_params_trigger_ui.py
[2024-04-04T23:20:17.297+0000] {processor.py:840} INFO - DAG(s) 'example_params_trigger_ui' retrieved from /home/airflow/.local/lib/python3.8/site-packages/airflow/example_dags/example_params_trigger_ui.py
[2024-04-04T23:20:17.628+0000] {logging_mixin.py:188} INFO - [2024-04-04T23:20:17.627+0000] {dag.py:3036} INFO - Sync 1 DAGs
[2024-04-04T23:20:17.699+0000] {logging_mixin.py:188} INFO - [2024-04-04T23:20:17.698+0000] {dag.py:3823} INFO - Setting next_dagrun for example_params_trigger_ui to None, run_after=None
[2024-04-04T23:20:17.793+0000] {processor.py:183} INFO - Processing /home/airflow/.local/lib/python3.8/site-packages/airflow/example_dags/example_params_trigger_ui.py took 0.591 seconds
[2024-04-04T23:20:48.108+0000] {processor.py:161} INFO - Started process (PID=48324) to work on /home/airflow/.local/lib/python3.8/site-packages/airflow/example_dags/example_params_trigger_ui.py
[2024-04-04T23:20:48.110+0000] {processor.py:830} INFO - Processing file /home/airflow/.local/lib/python3.8/site-packages/airflow/example_dags/example_params_trigger_ui.py for tasks to queue
[2024-04-04T23:20:48.113+0000] {logging_mixin.py:188} INFO - [2024-04-04T23:20:48.112+0000] {dagbag.py:538} INFO - Filling up the DagBag from /home/airflow/.local/lib/python3.8/site-packages/airflow/example_dags/example_params_trigger_ui.py
[2024-04-04T23:20:48.147+0000] {processor.py:840} INFO - DAG(s) 'example_params_trigger_ui' retrieved from /home/airflow/.local/lib/python3.8/site-packages/airflow/example_dags/example_params_trigger_ui.py
[2024-04-04T23:20:48.319+0000] {logging_mixin.py:188} INFO - [2024-04-04T23:20:48.318+0000] {dag.py:3036} INFO - Sync 1 DAGs
[2024-04-04T23:20:48.374+0000] {logging_mixin.py:188} INFO - [2024-04-04T23:20:48.373+0000] {dag.py:3823} INFO - Setting next_dagrun for example_params_trigger_ui to None, run_after=None
[2024-04-04T23:20:48.457+0000] {processor.py:183} INFO - Processing /home/airflow/.local/lib/python3.8/site-packages/airflow/example_dags/example_params_trigger_ui.py took 0.358 seconds
[2024-04-04T23:21:18.743+0000] {processor.py:161} INFO - Started process (PID=48384) to work on /home/airflow/.local/lib/python3.8/site-packages/airflow/example_dags/example_params_trigger_ui.py
[2024-04-04T23:21:18.745+0000] {processor.py:830} INFO - Processing file /home/airflow/.local/lib/python3.8/site-packages/airflow/example_dags/example_params_trigger_ui.py for tasks to queue
[2024-04-04T23:21:18.748+0000] {logging_mixin.py:188} INFO - [2024-04-04T23:21:18.747+0000] {dagbag.py:538} INFO - Filling up the DagBag from /home/airflow/.local/lib/python3.8/site-packages/airflow/example_dags/example_params_trigger_ui.py
[2024-04-04T23:21:18.782+0000] {processor.py:840} INFO - DAG(s) 'example_params_trigger_ui' retrieved from /home/airflow/.local/lib/python3.8/site-packages/airflow/example_dags/example_params_trigger_ui.py
[2024-04-04T23:21:18.933+0000] {logging_mixin.py:188} INFO - [2024-04-04T23:21:18.932+0000] {dag.py:3036} INFO - Sync 1 DAGs
[2024-04-04T23:21:18.961+0000] {logging_mixin.py:188} INFO - [2024-04-04T23:21:18.960+0000] {dag.py:3823} INFO - Setting next_dagrun for example_params_trigger_ui to None, run_after=None
[2024-04-04T23:21:19.001+0000] {processor.py:183} INFO - Processing /home/airflow/.local/lib/python3.8/site-packages/airflow/example_dags/example_params_trigger_ui.py took 0.267 seconds
[2024-04-04T23:21:49.307+0000] {processor.py:161} INFO - Started process (PID=48443) to work on /home/airflow/.local/lib/python3.8/site-packages/airflow/example_dags/example_params_trigger_ui.py
[2024-04-04T23:21:49.311+0000] {processor.py:830} INFO - Processing file /home/airflow/.local/lib/python3.8/site-packages/airflow/example_dags/example_params_trigger_ui.py for tasks to queue
[2024-04-04T23:21:49.317+0000] {logging_mixin.py:188} INFO - [2024-04-04T23:21:49.315+0000] {dagbag.py:538} INFO - Filling up the DagBag from /home/airflow/.local/lib/python3.8/site-packages/airflow/example_dags/example_params_trigger_ui.py
[2024-04-04T23:21:49.397+0000] {processor.py:840} INFO - DAG(s) 'example_params_trigger_ui' retrieved from /home/airflow/.local/lib/python3.8/site-packages/airflow/example_dags/example_params_trigger_ui.py
[2024-04-04T23:21:49.780+0000] {logging_mixin.py:188} INFO - [2024-04-04T23:21:49.777+0000] {dag.py:3036} INFO - Sync 1 DAGs
[2024-04-04T23:21:49.893+0000] {logging_mixin.py:188} INFO - [2024-04-04T23:21:49.892+0000] {dag.py:3823} INFO - Setting next_dagrun for example_params_trigger_ui to None, run_after=None
[2024-04-04T23:21:49.990+0000] {processor.py:183} INFO - Processing /home/airflow/.local/lib/python3.8/site-packages/airflow/example_dags/example_params_trigger_ui.py took 0.697 seconds
[2024-04-04T23:22:20.285+0000] {processor.py:161} INFO - Started process (PID=48502) to work on /home/airflow/.local/lib/python3.8/site-packages/airflow/example_dags/example_params_trigger_ui.py
[2024-04-04T23:22:20.293+0000] {processor.py:830} INFO - Processing file /home/airflow/.local/lib/python3.8/site-packages/airflow/example_dags/example_params_trigger_ui.py for tasks to queue
[2024-04-04T23:22:20.301+0000] {logging_mixin.py:188} INFO - [2024-04-04T23:22:20.299+0000] {dagbag.py:538} INFO - Filling up the DagBag from /home/airflow/.local/lib/python3.8/site-packages/airflow/example_dags/example_params_trigger_ui.py
[2024-04-04T23:22:20.436+0000] {processor.py:840} INFO - DAG(s) 'example_params_trigger_ui' retrieved from /home/airflow/.local/lib/python3.8/site-packages/airflow/example_dags/example_params_trigger_ui.py
[2024-04-04T23:22:20.940+0000] {logging_mixin.py:188} INFO - [2024-04-04T23:22:20.938+0000] {dag.py:3036} INFO - Sync 1 DAGs
[2024-04-04T23:22:21.026+0000] {logging_mixin.py:188} INFO - [2024-04-04T23:22:21.024+0000] {dag.py:3823} INFO - Setting next_dagrun for example_params_trigger_ui to None, run_after=None
[2024-04-04T23:22:21.214+0000] {processor.py:183} INFO - Processing /home/airflow/.local/lib/python3.8/site-packages/airflow/example_dags/example_params_trigger_ui.py took 0.956 seconds
[2024-04-04T23:22:51.666+0000] {processor.py:161} INFO - Started process (PID=48562) to work on /home/airflow/.local/lib/python3.8/site-packages/airflow/example_dags/example_params_trigger_ui.py
[2024-04-04T23:22:51.669+0000] {processor.py:830} INFO - Processing file /home/airflow/.local/lib/python3.8/site-packages/airflow/example_dags/example_params_trigger_ui.py for tasks to queue
[2024-04-04T23:22:51.672+0000] {logging_mixin.py:188} INFO - [2024-04-04T23:22:51.671+0000] {dagbag.py:538} INFO - Filling up the DagBag from /home/airflow/.local/lib/python3.8/site-packages/airflow/example_dags/example_params_trigger_ui.py
[2024-04-04T23:22:51.713+0000] {processor.py:840} INFO - DAG(s) 'example_params_trigger_ui' retrieved from /home/airflow/.local/lib/python3.8/site-packages/airflow/example_dags/example_params_trigger_ui.py
[2024-04-04T23:22:51.897+0000] {logging_mixin.py:188} INFO - [2024-04-04T23:22:51.896+0000] {dag.py:3036} INFO - Sync 1 DAGs
[2024-04-04T23:22:51.931+0000] {logging_mixin.py:188} INFO - [2024-04-04T23:22:51.930+0000] {dag.py:3823} INFO - Setting next_dagrun for example_params_trigger_ui to None, run_after=None
[2024-04-04T23:22:51.976+0000] {processor.py:183} INFO - Processing /home/airflow/.local/lib/python3.8/site-packages/airflow/example_dags/example_params_trigger_ui.py took 0.319 seconds
[2024-04-04T23:23:22.442+0000] {processor.py:161} INFO - Started process (PID=48622) to work on /home/airflow/.local/lib/python3.8/site-packages/airflow/example_dags/example_params_trigger_ui.py
[2024-04-04T23:23:22.445+0000] {processor.py:830} INFO - Processing file /home/airflow/.local/lib/python3.8/site-packages/airflow/example_dags/example_params_trigger_ui.py for tasks to queue
[2024-04-04T23:23:22.447+0000] {logging_mixin.py:188} INFO - [2024-04-04T23:23:22.447+0000] {dagbag.py:538} INFO - Filling up the DagBag from /home/airflow/.local/lib/python3.8/site-packages/airflow/example_dags/example_params_trigger_ui.py
[2024-04-04T23:23:22.488+0000] {processor.py:840} INFO - DAG(s) 'example_params_trigger_ui' retrieved from /home/airflow/.local/lib/python3.8/site-packages/airflow/example_dags/example_params_trigger_ui.py
[2024-04-04T23:23:22.667+0000] {logging_mixin.py:188} INFO - [2024-04-04T23:23:22.666+0000] {dag.py:3036} INFO - Sync 1 DAGs
[2024-04-04T23:23:22.700+0000] {logging_mixin.py:188} INFO - [2024-04-04T23:23:22.700+0000] {dag.py:3823} INFO - Setting next_dagrun for example_params_trigger_ui to None, run_after=None
[2024-04-04T23:23:22.744+0000] {processor.py:183} INFO - Processing /home/airflow/.local/lib/python3.8/site-packages/airflow/example_dags/example_params_trigger_ui.py took 0.310 seconds
[2024-04-04T23:23:53.293+0000] {processor.py:161} INFO - Started process (PID=48682) to work on /home/airflow/.local/lib/python3.8/site-packages/airflow/example_dags/example_params_trigger_ui.py
[2024-04-04T23:23:53.296+0000] {processor.py:830} INFO - Processing file /home/airflow/.local/lib/python3.8/site-packages/airflow/example_dags/example_params_trigger_ui.py for tasks to queue
[2024-04-04T23:23:53.300+0000] {logging_mixin.py:188} INFO - [2024-04-04T23:23:53.299+0000] {dagbag.py:538} INFO - Filling up the DagBag from /home/airflow/.local/lib/python3.8/site-packages/airflow/example_dags/example_params_trigger_ui.py
[2024-04-04T23:23:53.341+0000] {processor.py:840} INFO - DAG(s) 'example_params_trigger_ui' retrieved from /home/airflow/.local/lib/python3.8/site-packages/airflow/example_dags/example_params_trigger_ui.py
[2024-04-04T23:23:53.551+0000] {logging_mixin.py:188} INFO - [2024-04-04T23:23:53.551+0000] {dag.py:3036} INFO - Sync 1 DAGs
[2024-04-04T23:23:53.590+0000] {logging_mixin.py:188} INFO - [2024-04-04T23:23:53.590+0000] {dag.py:3823} INFO - Setting next_dagrun for example_params_trigger_ui to None, run_after=None
[2024-04-04T23:23:53.647+0000] {processor.py:183} INFO - Processing /home/airflow/.local/lib/python3.8/site-packages/airflow/example_dags/example_params_trigger_ui.py took 0.362 seconds
[2024-04-04T23:24:24.016+0000] {processor.py:161} INFO - Started process (PID=48740) to work on /home/airflow/.local/lib/python3.8/site-packages/airflow/example_dags/example_params_trigger_ui.py
[2024-04-04T23:24:24.038+0000] {processor.py:830} INFO - Processing file /home/airflow/.local/lib/python3.8/site-packages/airflow/example_dags/example_params_trigger_ui.py for tasks to queue
[2024-04-04T23:24:24.044+0000] {logging_mixin.py:188} INFO - [2024-04-04T23:24:24.042+0000] {dagbag.py:538} INFO - Filling up the DagBag from /home/airflow/.local/lib/python3.8/site-packages/airflow/example_dags/example_params_trigger_ui.py
[2024-04-04T23:24:24.159+0000] {processor.py:840} INFO - DAG(s) 'example_params_trigger_ui' retrieved from /home/airflow/.local/lib/python3.8/site-packages/airflow/example_dags/example_params_trigger_ui.py
[2024-04-04T23:24:24.743+0000] {logging_mixin.py:188} INFO - [2024-04-04T23:24:24.741+0000] {dag.py:3036} INFO - Sync 1 DAGs
[2024-04-04T23:24:24.800+0000] {logging_mixin.py:188} INFO - [2024-04-04T23:24:24.799+0000] {dag.py:3823} INFO - Setting next_dagrun for example_params_trigger_ui to None, run_after=None
[2024-04-04T23:24:24.890+0000] {processor.py:183} INFO - Processing /home/airflow/.local/lib/python3.8/site-packages/airflow/example_dags/example_params_trigger_ui.py took 0.893 seconds
[2024-04-04T23:24:55.538+0000] {processor.py:161} INFO - Started process (PID=48800) to work on /home/airflow/.local/lib/python3.8/site-packages/airflow/example_dags/example_params_trigger_ui.py
[2024-04-04T23:24:55.542+0000] {processor.py:830} INFO - Processing file /home/airflow/.local/lib/python3.8/site-packages/airflow/example_dags/example_params_trigger_ui.py for tasks to queue
[2024-04-04T23:24:55.547+0000] {logging_mixin.py:188} INFO - [2024-04-04T23:24:55.545+0000] {dagbag.py:538} INFO - Filling up the DagBag from /home/airflow/.local/lib/python3.8/site-packages/airflow/example_dags/example_params_trigger_ui.py
[2024-04-04T23:24:55.603+0000] {processor.py:840} INFO - DAG(s) 'example_params_trigger_ui' retrieved from /home/airflow/.local/lib/python3.8/site-packages/airflow/example_dags/example_params_trigger_ui.py
[2024-04-04T23:24:55.942+0000] {logging_mixin.py:188} INFO - [2024-04-04T23:24:55.940+0000] {dag.py:3036} INFO - Sync 1 DAGs
[2024-04-04T23:24:55.997+0000] {logging_mixin.py:188} INFO - [2024-04-04T23:24:55.997+0000] {dag.py:3823} INFO - Setting next_dagrun for example_params_trigger_ui to None, run_after=None
[2024-04-04T23:24:56.063+0000] {processor.py:183} INFO - Processing /home/airflow/.local/lib/python3.8/site-packages/airflow/example_dags/example_params_trigger_ui.py took 0.539 seconds
[2024-04-04T23:25:26.311+0000] {processor.py:161} INFO - Started process (PID=48860) to work on /home/airflow/.local/lib/python3.8/site-packages/airflow/example_dags/example_params_trigger_ui.py
[2024-04-04T23:25:26.313+0000] {processor.py:830} INFO - Processing file /home/airflow/.local/lib/python3.8/site-packages/airflow/example_dags/example_params_trigger_ui.py for tasks to queue
[2024-04-04T23:25:26.315+0000] {logging_mixin.py:188} INFO - [2024-04-04T23:25:26.315+0000] {dagbag.py:538} INFO - Filling up the DagBag from /home/airflow/.local/lib/python3.8/site-packages/airflow/example_dags/example_params_trigger_ui.py
[2024-04-04T23:25:26.353+0000] {processor.py:840} INFO - DAG(s) 'example_params_trigger_ui' retrieved from /home/airflow/.local/lib/python3.8/site-packages/airflow/example_dags/example_params_trigger_ui.py
[2024-04-04T23:25:26.503+0000] {logging_mixin.py:188} INFO - [2024-04-04T23:25:26.502+0000] {dag.py:3036} INFO - Sync 1 DAGs
[2024-04-04T23:25:26.529+0000] {logging_mixin.py:188} INFO - [2024-04-04T23:25:26.529+0000] {dag.py:3823} INFO - Setting next_dagrun for example_params_trigger_ui to None, run_after=None
[2024-04-04T23:25:26.565+0000] {processor.py:183} INFO - Processing /home/airflow/.local/lib/python3.8/site-packages/airflow/example_dags/example_params_trigger_ui.py took 0.261 seconds
[2024-04-04T23:25:56.894+0000] {processor.py:161} INFO - Started process (PID=48920) to work on /home/airflow/.local/lib/python3.8/site-packages/airflow/example_dags/example_params_trigger_ui.py
[2024-04-04T23:25:56.897+0000] {processor.py:830} INFO - Processing file /home/airflow/.local/lib/python3.8/site-packages/airflow/example_dags/example_params_trigger_ui.py for tasks to queue
[2024-04-04T23:25:56.900+0000] {logging_mixin.py:188} INFO - [2024-04-04T23:25:56.899+0000] {dagbag.py:538} INFO - Filling up the DagBag from /home/airflow/.local/lib/python3.8/site-packages/airflow/example_dags/example_params_trigger_ui.py
[2024-04-04T23:25:56.945+0000] {processor.py:840} INFO - DAG(s) 'example_params_trigger_ui' retrieved from /home/airflow/.local/lib/python3.8/site-packages/airflow/example_dags/example_params_trigger_ui.py
[2024-04-04T23:25:57.140+0000] {logging_mixin.py:188} INFO - [2024-04-04T23:25:57.139+0000] {dag.py:3036} INFO - Sync 1 DAGs
[2024-04-04T23:25:57.177+0000] {logging_mixin.py:188} INFO - [2024-04-04T23:25:57.177+0000] {dag.py:3823} INFO - Setting next_dagrun for example_params_trigger_ui to None, run_after=None
[2024-04-04T23:25:57.230+0000] {processor.py:183} INFO - Processing /home/airflow/.local/lib/python3.8/site-packages/airflow/example_dags/example_params_trigger_ui.py took 0.347 seconds
[2024-04-04T23:26:28.028+0000] {processor.py:161} INFO - Started process (PID=48980) to work on /home/airflow/.local/lib/python3.8/site-packages/airflow/example_dags/example_params_trigger_ui.py
[2024-04-04T23:26:28.033+0000] {processor.py:830} INFO - Processing file /home/airflow/.local/lib/python3.8/site-packages/airflow/example_dags/example_params_trigger_ui.py for tasks to queue
[2024-04-04T23:26:28.040+0000] {logging_mixin.py:188} INFO - [2024-04-04T23:26:28.038+0000] {dagbag.py:538} INFO - Filling up the DagBag from /home/airflow/.local/lib/python3.8/site-packages/airflow/example_dags/example_params_trigger_ui.py
[2024-04-04T23:26:28.118+0000] {processor.py:840} INFO - DAG(s) 'example_params_trigger_ui' retrieved from /home/airflow/.local/lib/python3.8/site-packages/airflow/example_dags/example_params_trigger_ui.py
[2024-04-04T23:26:28.522+0000] {logging_mixin.py:188} INFO - [2024-04-04T23:26:28.520+0000] {dag.py:3036} INFO - Sync 1 DAGs
[2024-04-04T23:26:28.603+0000] {logging_mixin.py:188} INFO - [2024-04-04T23:26:28.602+0000] {dag.py:3823} INFO - Setting next_dagrun for example_params_trigger_ui to None, run_after=None
[2024-04-04T23:26:28.717+0000] {processor.py:183} INFO - Processing /home/airflow/.local/lib/python3.8/site-packages/airflow/example_dags/example_params_trigger_ui.py took 0.706 seconds
[2024-04-04T23:26:59.475+0000] {processor.py:161} INFO - Started process (PID=49040) to work on /home/airflow/.local/lib/python3.8/site-packages/airflow/example_dags/example_params_trigger_ui.py
[2024-04-04T23:26:59.482+0000] {processor.py:830} INFO - Processing file /home/airflow/.local/lib/python3.8/site-packages/airflow/example_dags/example_params_trigger_ui.py for tasks to queue
[2024-04-04T23:26:59.490+0000] {logging_mixin.py:188} INFO - [2024-04-04T23:26:59.488+0000] {dagbag.py:538} INFO - Filling up the DagBag from /home/airflow/.local/lib/python3.8/site-packages/airflow/example_dags/example_params_trigger_ui.py
[2024-04-04T23:26:59.597+0000] {processor.py:840} INFO - DAG(s) 'example_params_trigger_ui' retrieved from /home/airflow/.local/lib/python3.8/site-packages/airflow/example_dags/example_params_trigger_ui.py
[2024-04-04T23:27:00.247+0000] {logging_mixin.py:188} INFO - [2024-04-04T23:27:00.245+0000] {dag.py:3036} INFO - Sync 1 DAGs
[2024-04-04T23:27:00.385+0000] {logging_mixin.py:188} INFO - [2024-04-04T23:27:00.383+0000] {dag.py:3823} INFO - Setting next_dagrun for example_params_trigger_ui to None, run_after=None
[2024-04-04T23:27:00.549+0000] {processor.py:183} INFO - Processing /home/airflow/.local/lib/python3.8/site-packages/airflow/example_dags/example_params_trigger_ui.py took 1.097 seconds
[2024-04-04T23:27:30.789+0000] {processor.py:161} INFO - Started process (PID=49101) to work on /home/airflow/.local/lib/python3.8/site-packages/airflow/example_dags/example_params_trigger_ui.py
[2024-04-04T23:27:30.791+0000] {processor.py:830} INFO - Processing file /home/airflow/.local/lib/python3.8/site-packages/airflow/example_dags/example_params_trigger_ui.py for tasks to queue
[2024-04-04T23:27:30.794+0000] {logging_mixin.py:188} INFO - [2024-04-04T23:27:30.793+0000] {dagbag.py:538} INFO - Filling up the DagBag from /home/airflow/.local/lib/python3.8/site-packages/airflow/example_dags/example_params_trigger_ui.py
[2024-04-04T23:27:30.829+0000] {processor.py:840} INFO - DAG(s) 'example_params_trigger_ui' retrieved from /home/airflow/.local/lib/python3.8/site-packages/airflow/example_dags/example_params_trigger_ui.py
[2024-04-04T23:27:30.984+0000] {logging_mixin.py:188} INFO - [2024-04-04T23:27:30.983+0000] {dag.py:3036} INFO - Sync 1 DAGs
[2024-04-04T23:27:31.013+0000] {logging_mixin.py:188} INFO - [2024-04-04T23:27:31.012+0000] {dag.py:3823} INFO - Setting next_dagrun for example_params_trigger_ui to None, run_after=None
[2024-04-04T23:27:31.054+0000] {processor.py:183} INFO - Processing /home/airflow/.local/lib/python3.8/site-packages/airflow/example_dags/example_params_trigger_ui.py took 0.273 seconds
[2024-04-04T23:28:01.325+0000] {processor.py:161} INFO - Started process (PID=49162) to work on /home/airflow/.local/lib/python3.8/site-packages/airflow/example_dags/example_params_trigger_ui.py
[2024-04-04T23:28:01.327+0000] {processor.py:830} INFO - Processing file /home/airflow/.local/lib/python3.8/site-packages/airflow/example_dags/example_params_trigger_ui.py for tasks to queue
[2024-04-04T23:28:01.330+0000] {logging_mixin.py:188} INFO - [2024-04-04T23:28:01.329+0000] {dagbag.py:538} INFO - Filling up the DagBag from /home/airflow/.local/lib/python3.8/site-packages/airflow/example_dags/example_params_trigger_ui.py
[2024-04-04T23:28:01.363+0000] {processor.py:840} INFO - DAG(s) 'example_params_trigger_ui' retrieved from /home/airflow/.local/lib/python3.8/site-packages/airflow/example_dags/example_params_trigger_ui.py
[2024-04-04T23:28:01.555+0000] {logging_mixin.py:188} INFO - [2024-04-04T23:28:01.554+0000] {dag.py:3036} INFO - Sync 1 DAGs
[2024-04-04T23:28:01.594+0000] {logging_mixin.py:188} INFO - [2024-04-04T23:28:01.594+0000] {dag.py:3823} INFO - Setting next_dagrun for example_params_trigger_ui to None, run_after=None
[2024-04-04T23:28:01.639+0000] {processor.py:183} INFO - Processing /home/airflow/.local/lib/python3.8/site-packages/airflow/example_dags/example_params_trigger_ui.py took 0.322 seconds
[2024-04-04T23:28:31.980+0000] {processor.py:161} INFO - Started process (PID=49222) to work on /home/airflow/.local/lib/python3.8/site-packages/airflow/example_dags/example_params_trigger_ui.py
[2024-04-04T23:28:31.986+0000] {processor.py:830} INFO - Processing file /home/airflow/.local/lib/python3.8/site-packages/airflow/example_dags/example_params_trigger_ui.py for tasks to queue
[2024-04-04T23:28:31.992+0000] {logging_mixin.py:188} INFO - [2024-04-04T23:28:31.990+0000] {dagbag.py:538} INFO - Filling up the DagBag from /home/airflow/.local/lib/python3.8/site-packages/airflow/example_dags/example_params_trigger_ui.py
[2024-04-04T23:28:32.104+0000] {processor.py:840} INFO - DAG(s) 'example_params_trigger_ui' retrieved from /home/airflow/.local/lib/python3.8/site-packages/airflow/example_dags/example_params_trigger_ui.py
[2024-04-04T23:28:32.553+0000] {logging_mixin.py:188} INFO - [2024-04-04T23:28:32.552+0000] {dag.py:3036} INFO - Sync 1 DAGs
[2024-04-04T23:28:32.626+0000] {logging_mixin.py:188} INFO - [2024-04-04T23:28:32.625+0000] {dag.py:3823} INFO - Setting next_dagrun for example_params_trigger_ui to None, run_after=None
[2024-04-04T23:28:32.775+0000] {processor.py:183} INFO - Processing /home/airflow/.local/lib/python3.8/site-packages/airflow/example_dags/example_params_trigger_ui.py took 0.814 seconds
[2024-04-04T23:29:03.129+0000] {processor.py:161} INFO - Started process (PID=49282) to work on /home/airflow/.local/lib/python3.8/site-packages/airflow/example_dags/example_params_trigger_ui.py
[2024-04-04T23:29:03.134+0000] {processor.py:830} INFO - Processing file /home/airflow/.local/lib/python3.8/site-packages/airflow/example_dags/example_params_trigger_ui.py for tasks to queue
[2024-04-04T23:29:03.141+0000] {logging_mixin.py:188} INFO - [2024-04-04T23:29:03.139+0000] {dagbag.py:538} INFO - Filling up the DagBag from /home/airflow/.local/lib/python3.8/site-packages/airflow/example_dags/example_params_trigger_ui.py
[2024-04-04T23:29:03.254+0000] {processor.py:840} INFO - DAG(s) 'example_params_trigger_ui' retrieved from /home/airflow/.local/lib/python3.8/site-packages/airflow/example_dags/example_params_trigger_ui.py
[2024-04-04T23:29:03.756+0000] {logging_mixin.py:188} INFO - [2024-04-04T23:29:03.754+0000] {dag.py:3036} INFO - Sync 1 DAGs
[2024-04-04T23:29:03.857+0000] {logging_mixin.py:188} INFO - [2024-04-04T23:29:03.855+0000] {dag.py:3823} INFO - Setting next_dagrun for example_params_trigger_ui to None, run_after=None
[2024-04-04T23:29:03.977+0000] {processor.py:183} INFO - Processing /home/airflow/.local/lib/python3.8/site-packages/airflow/example_dags/example_params_trigger_ui.py took 0.871 seconds
[2024-04-04T23:29:34.175+0000] {processor.py:161} INFO - Started process (PID=49342) to work on /home/airflow/.local/lib/python3.8/site-packages/airflow/example_dags/example_params_trigger_ui.py
[2024-04-04T23:29:34.178+0000] {processor.py:830} INFO - Processing file /home/airflow/.local/lib/python3.8/site-packages/airflow/example_dags/example_params_trigger_ui.py for tasks to queue
[2024-04-04T23:29:34.181+0000] {logging_mixin.py:188} INFO - [2024-04-04T23:29:34.181+0000] {dagbag.py:538} INFO - Filling up the DagBag from /home/airflow/.local/lib/python3.8/site-packages/airflow/example_dags/example_params_trigger_ui.py
[2024-04-04T23:29:34.227+0000] {processor.py:840} INFO - DAG(s) 'example_params_trigger_ui' retrieved from /home/airflow/.local/lib/python3.8/site-packages/airflow/example_dags/example_params_trigger_ui.py
[2024-04-04T23:29:34.437+0000] {logging_mixin.py:188} INFO - [2024-04-04T23:29:34.436+0000] {dag.py:3036} INFO - Sync 1 DAGs
[2024-04-04T23:29:34.474+0000] {logging_mixin.py:188} INFO - [2024-04-04T23:29:34.473+0000] {dag.py:3823} INFO - Setting next_dagrun for example_params_trigger_ui to None, run_after=None
[2024-04-04T23:29:34.525+0000] {processor.py:183} INFO - Processing /home/airflow/.local/lib/python3.8/site-packages/airflow/example_dags/example_params_trigger_ui.py took 0.364 seconds
[2024-04-04T23:30:04.692+0000] {processor.py:161} INFO - Started process (PID=49402) to work on /home/airflow/.local/lib/python3.8/site-packages/airflow/example_dags/example_params_trigger_ui.py
[2024-04-04T23:30:04.695+0000] {processor.py:830} INFO - Processing file /home/airflow/.local/lib/python3.8/site-packages/airflow/example_dags/example_params_trigger_ui.py for tasks to queue
[2024-04-04T23:30:04.698+0000] {logging_mixin.py:188} INFO - [2024-04-04T23:30:04.698+0000] {dagbag.py:538} INFO - Filling up the DagBag from /home/airflow/.local/lib/python3.8/site-packages/airflow/example_dags/example_params_trigger_ui.py
[2024-04-04T23:30:04.742+0000] {processor.py:840} INFO - DAG(s) 'example_params_trigger_ui' retrieved from /home/airflow/.local/lib/python3.8/site-packages/airflow/example_dags/example_params_trigger_ui.py
[2024-04-04T23:30:04.927+0000] {logging_mixin.py:188} INFO - [2024-04-04T23:30:04.926+0000] {dag.py:3036} INFO - Sync 1 DAGs
[2024-04-04T23:30:04.965+0000] {logging_mixin.py:188} INFO - [2024-04-04T23:30:04.965+0000] {dag.py:3823} INFO - Setting next_dagrun for example_params_trigger_ui to None, run_after=None
[2024-04-04T23:30:05.021+0000] {processor.py:183} INFO - Processing /home/airflow/.local/lib/python3.8/site-packages/airflow/example_dags/example_params_trigger_ui.py took 0.338 seconds
[2024-04-04T23:30:40.101+0000] {processor.py:161} INFO - Started process (PID=49461) to work on /home/airflow/.local/lib/python3.8/site-packages/airflow/example_dags/example_params_trigger_ui.py
[2024-04-04T23:30:40.108+0000] {processor.py:830} INFO - Processing file /home/airflow/.local/lib/python3.8/site-packages/airflow/example_dags/example_params_trigger_ui.py for tasks to queue
[2024-04-04T23:30:40.115+0000] {logging_mixin.py:188} INFO - [2024-04-04T23:30:40.113+0000] {dagbag.py:538} INFO - Filling up the DagBag from /home/airflow/.local/lib/python3.8/site-packages/airflow/example_dags/example_params_trigger_ui.py
[2024-04-04T23:30:40.220+0000] {processor.py:840} INFO - DAG(s) 'example_params_trigger_ui' retrieved from /home/airflow/.local/lib/python3.8/site-packages/airflow/example_dags/example_params_trigger_ui.py
[2024-04-04T23:30:40.748+0000] {logging_mixin.py:188} INFO - [2024-04-04T23:30:40.747+0000] {dag.py:3036} INFO - Sync 1 DAGs
[2024-04-04T23:30:40.842+0000] {logging_mixin.py:188} INFO - [2024-04-04T23:30:40.841+0000] {dag.py:3823} INFO - Setting next_dagrun for example_params_trigger_ui to None, run_after=None
[2024-04-04T23:30:40.973+0000] {processor.py:183} INFO - Processing /home/airflow/.local/lib/python3.8/site-packages/airflow/example_dags/example_params_trigger_ui.py took 0.896 seconds
[2024-04-04T23:31:11.861+0000] {processor.py:161} INFO - Started process (PID=49521) to work on /home/airflow/.local/lib/python3.8/site-packages/airflow/example_dags/example_params_trigger_ui.py
[2024-04-04T23:31:11.867+0000] {processor.py:830} INFO - Processing file /home/airflow/.local/lib/python3.8/site-packages/airflow/example_dags/example_params_trigger_ui.py for tasks to queue
[2024-04-04T23:31:11.873+0000] {logging_mixin.py:188} INFO - [2024-04-04T23:31:11.871+0000] {dagbag.py:538} INFO - Filling up the DagBag from /home/airflow/.local/lib/python3.8/site-packages/airflow/example_dags/example_params_trigger_ui.py
[2024-04-04T23:31:11.959+0000] {processor.py:840} INFO - DAG(s) 'example_params_trigger_ui' retrieved from /home/airflow/.local/lib/python3.8/site-packages/airflow/example_dags/example_params_trigger_ui.py
[2024-04-04T23:31:12.445+0000] {logging_mixin.py:188} INFO - [2024-04-04T23:31:12.444+0000] {dag.py:3036} INFO - Sync 1 DAGs
[2024-04-04T23:31:12.547+0000] {logging_mixin.py:188} INFO - [2024-04-04T23:31:12.545+0000] {dag.py:3823} INFO - Setting next_dagrun for example_params_trigger_ui to None, run_after=None
[2024-04-04T23:31:12.676+0000] {processor.py:183} INFO - Processing /home/airflow/.local/lib/python3.8/site-packages/airflow/example_dags/example_params_trigger_ui.py took 0.837 seconds
[2024-04-04T23:31:43.552+0000] {processor.py:161} INFO - Started process (PID=49581) to work on /home/airflow/.local/lib/python3.8/site-packages/airflow/example_dags/example_params_trigger_ui.py
[2024-04-04T23:31:43.561+0000] {processor.py:830} INFO - Processing file /home/airflow/.local/lib/python3.8/site-packages/airflow/example_dags/example_params_trigger_ui.py for tasks to queue
[2024-04-04T23:31:43.572+0000] {logging_mixin.py:188} INFO - [2024-04-04T23:31:43.569+0000] {dagbag.py:538} INFO - Filling up the DagBag from /home/airflow/.local/lib/python3.8/site-packages/airflow/example_dags/example_params_trigger_ui.py
[2024-04-04T23:31:43.697+0000] {processor.py:840} INFO - DAG(s) 'example_params_trigger_ui' retrieved from /home/airflow/.local/lib/python3.8/site-packages/airflow/example_dags/example_params_trigger_ui.py
[2024-04-04T23:31:44.568+0000] {logging_mixin.py:188} INFO - [2024-04-04T23:31:44.567+0000] {dag.py:3036} INFO - Sync 1 DAGs
[2024-04-04T23:31:44.737+0000] {logging_mixin.py:188} INFO - [2024-04-04T23:31:44.735+0000] {dag.py:3823} INFO - Setting next_dagrun for example_params_trigger_ui to None, run_after=None
[2024-04-04T23:31:44.914+0000] {processor.py:183} INFO - Processing /home/airflow/.local/lib/python3.8/site-packages/airflow/example_dags/example_params_trigger_ui.py took 1.394 seconds
