[2024-04-04T20:01:53.668+0000] {processor.py:161} INFO - Started process (PID=43448) to work on /home/airflow/.local/lib/python3.8/site-packages/airflow/example_dags/example_trigger_controller_dag.py
[2024-04-04T20:01:53.708+0000] {processor.py:830} INFO - Processing file /home/airflow/.local/lib/python3.8/site-packages/airflow/example_dags/example_trigger_controller_dag.py for tasks to queue
[2024-04-04T20:01:53.735+0000] {logging_mixin.py:188} INFO - [2024-04-04T20:01:53.734+0000] {dagbag.py:538} INFO - Filling up the DagBag from /home/airflow/.local/lib/python3.8/site-packages/airflow/example_dags/example_trigger_controller_dag.py
[2024-04-04T20:01:53.785+0000] {processor.py:840} INFO - DAG(s) 'example_trigger_controller_dag' retrieved from /home/airflow/.local/lib/python3.8/site-packages/airflow/example_dags/example_trigger_controller_dag.py
[2024-04-04T20:01:53.923+0000] {logging_mixin.py:188} INFO - [2024-04-04T20:01:53.923+0000] {dag.py:3036} INFO - Sync 1 DAGs
[2024-04-04T20:01:54.059+0000] {logging_mixin.py:188} INFO - [2024-04-04T20:01:54.058+0000] {dag.py:3823} INFO - Setting next_dagrun for example_trigger_controller_dag to 2021-01-01 00:00:00+00:00, run_after=2021-01-01 00:00:00+00:00
[2024-04-04T20:01:54.192+0000] {processor.py:183} INFO - Processing /home/airflow/.local/lib/python3.8/site-packages/airflow/example_dags/example_trigger_controller_dag.py took 0.531 seconds
[2024-04-04T18:12:24.018+0000] {processor.py:161} INFO - Started process (PID=46125) to work on /home/airflow/.local/lib/python3.8/site-packages/airflow/example_dags/example_trigger_controller_dag.py
[2024-04-04T18:12:24.034+0000] {processor.py:830} INFO - Processing file /home/airflow/.local/lib/python3.8/site-packages/airflow/example_dags/example_trigger_controller_dag.py for tasks to queue
[2024-04-04T18:12:24.037+0000] {logging_mixin.py:188} INFO - [2024-04-04T18:12:24.037+0000] {dagbag.py:538} INFO - Filling up the DagBag from /home/airflow/.local/lib/python3.8/site-packages/airflow/example_dags/example_trigger_controller_dag.py
[2024-04-04T18:12:24.057+0000] {processor.py:840} INFO - DAG(s) 'example_trigger_controller_dag' retrieved from /home/airflow/.local/lib/python3.8/site-packages/airflow/example_dags/example_trigger_controller_dag.py
[2024-04-04T18:12:24.133+0000] {logging_mixin.py:188} INFO - [2024-04-04T18:12:24.132+0000] {dag.py:3036} INFO - Sync 1 DAGs
[2024-04-04T18:12:24.226+0000] {logging_mixin.py:188} INFO - [2024-04-04T18:12:24.225+0000] {dag.py:3823} INFO - Setting next_dagrun for example_trigger_controller_dag to 2021-01-01 00:00:00+00:00, run_after=2021-01-01 00:00:00+00:00
[2024-04-04T18:12:24.328+0000] {processor.py:183} INFO - Processing /home/airflow/.local/lib/python3.8/site-packages/airflow/example_dags/example_trigger_controller_dag.py took 0.317 seconds
[2024-04-04T18:12:54.435+0000] {processor.py:161} INFO - Started process (PID=46185) to work on /home/airflow/.local/lib/python3.8/site-packages/airflow/example_dags/example_trigger_controller_dag.py
[2024-04-04T18:12:54.436+0000] {processor.py:830} INFO - Processing file /home/airflow/.local/lib/python3.8/site-packages/airflow/example_dags/example_trigger_controller_dag.py for tasks to queue
[2024-04-04T18:12:54.437+0000] {logging_mixin.py:188} INFO - [2024-04-04T18:12:54.437+0000] {dagbag.py:538} INFO - Filling up the DagBag from /home/airflow/.local/lib/python3.8/site-packages/airflow/example_dags/example_trigger_controller_dag.py
[2024-04-04T18:12:54.442+0000] {processor.py:840} INFO - DAG(s) 'example_trigger_controller_dag' retrieved from /home/airflow/.local/lib/python3.8/site-packages/airflow/example_dags/example_trigger_controller_dag.py
[2024-04-04T18:12:54.466+0000] {logging_mixin.py:188} INFO - [2024-04-04T18:12:54.465+0000] {dag.py:3036} INFO - Sync 1 DAGs
[2024-04-04T18:12:54.490+0000] {logging_mixin.py:188} INFO - [2024-04-04T18:12:54.489+0000] {dag.py:3823} INFO - Setting next_dagrun for example_trigger_controller_dag to 2021-01-01 00:00:00+00:00, run_after=2021-01-01 00:00:00+00:00
[2024-04-04T18:12:54.511+0000] {processor.py:183} INFO - Processing /home/airflow/.local/lib/python3.8/site-packages/airflow/example_dags/example_trigger_controller_dag.py took 0.080 seconds
[2024-04-04T18:13:24.962+0000] {processor.py:161} INFO - Started process (PID=46245) to work on /home/airflow/.local/lib/python3.8/site-packages/airflow/example_dags/example_trigger_controller_dag.py
[2024-04-04T18:13:24.963+0000] {processor.py:830} INFO - Processing file /home/airflow/.local/lib/python3.8/site-packages/airflow/example_dags/example_trigger_controller_dag.py for tasks to queue
[2024-04-04T18:13:24.964+0000] {logging_mixin.py:188} INFO - [2024-04-04T18:13:24.964+0000] {dagbag.py:538} INFO - Filling up the DagBag from /home/airflow/.local/lib/python3.8/site-packages/airflow/example_dags/example_trigger_controller_dag.py
[2024-04-04T18:13:24.969+0000] {processor.py:840} INFO - DAG(s) 'example_trigger_controller_dag' retrieved from /home/airflow/.local/lib/python3.8/site-packages/airflow/example_dags/example_trigger_controller_dag.py
[2024-04-04T18:13:24.990+0000] {logging_mixin.py:188} INFO - [2024-04-04T18:13:24.990+0000] {dag.py:3036} INFO - Sync 1 DAGs
[2024-04-04T18:13:25.009+0000] {logging_mixin.py:188} INFO - [2024-04-04T18:13:25.009+0000] {dag.py:3823} INFO - Setting next_dagrun for example_trigger_controller_dag to 2021-01-01 00:00:00+00:00, run_after=2021-01-01 00:00:00+00:00
[2024-04-04T18:13:25.029+0000] {processor.py:183} INFO - Processing /home/airflow/.local/lib/python3.8/site-packages/airflow/example_dags/example_trigger_controller_dag.py took 0.071 seconds
[2024-04-04T18:13:55.460+0000] {processor.py:161} INFO - Started process (PID=46305) to work on /home/airflow/.local/lib/python3.8/site-packages/airflow/example_dags/example_trigger_controller_dag.py
[2024-04-04T18:13:55.461+0000] {processor.py:830} INFO - Processing file /home/airflow/.local/lib/python3.8/site-packages/airflow/example_dags/example_trigger_controller_dag.py for tasks to queue
[2024-04-04T18:13:55.462+0000] {logging_mixin.py:188} INFO - [2024-04-04T18:13:55.462+0000] {dagbag.py:538} INFO - Filling up the DagBag from /home/airflow/.local/lib/python3.8/site-packages/airflow/example_dags/example_trigger_controller_dag.py
[2024-04-04T18:13:55.467+0000] {processor.py:840} INFO - DAG(s) 'example_trigger_controller_dag' retrieved from /home/airflow/.local/lib/python3.8/site-packages/airflow/example_dags/example_trigger_controller_dag.py
[2024-04-04T18:13:55.490+0000] {logging_mixin.py:188} INFO - [2024-04-04T18:13:55.489+0000] {dag.py:3036} INFO - Sync 1 DAGs
[2024-04-04T18:13:55.510+0000] {logging_mixin.py:188} INFO - [2024-04-04T18:13:55.510+0000] {dag.py:3823} INFO - Setting next_dagrun for example_trigger_controller_dag to 2021-01-01 00:00:00+00:00, run_after=2021-01-01 00:00:00+00:00
[2024-04-04T18:13:55.529+0000] {processor.py:183} INFO - Processing /home/airflow/.local/lib/python3.8/site-packages/airflow/example_dags/example_trigger_controller_dag.py took 0.073 seconds
[2024-04-04T18:14:25.797+0000] {processor.py:161} INFO - Started process (PID=46365) to work on /home/airflow/.local/lib/python3.8/site-packages/airflow/example_dags/example_trigger_controller_dag.py
[2024-04-04T18:14:25.799+0000] {processor.py:830} INFO - Processing file /home/airflow/.local/lib/python3.8/site-packages/airflow/example_dags/example_trigger_controller_dag.py for tasks to queue
[2024-04-04T18:14:25.800+0000] {logging_mixin.py:188} INFO - [2024-04-04T18:14:25.800+0000] {dagbag.py:538} INFO - Filling up the DagBag from /home/airflow/.local/lib/python3.8/site-packages/airflow/example_dags/example_trigger_controller_dag.py
[2024-04-04T18:14:25.805+0000] {processor.py:840} INFO - DAG(s) 'example_trigger_controller_dag' retrieved from /home/airflow/.local/lib/python3.8/site-packages/airflow/example_dags/example_trigger_controller_dag.py
[2024-04-04T18:14:25.830+0000] {logging_mixin.py:188} INFO - [2024-04-04T18:14:25.830+0000] {dag.py:3036} INFO - Sync 1 DAGs
[2024-04-04T18:14:25.855+0000] {logging_mixin.py:188} INFO - [2024-04-04T18:14:25.855+0000] {dag.py:3823} INFO - Setting next_dagrun for example_trigger_controller_dag to 2021-01-01 00:00:00+00:00, run_after=2021-01-01 00:00:00+00:00
[2024-04-04T18:14:25.879+0000] {processor.py:183} INFO - Processing /home/airflow/.local/lib/python3.8/site-packages/airflow/example_dags/example_trigger_controller_dag.py took 0.085 seconds
[2024-04-04T18:14:56.725+0000] {processor.py:161} INFO - Started process (PID=46425) to work on /home/airflow/.local/lib/python3.8/site-packages/airflow/example_dags/example_trigger_controller_dag.py
[2024-04-04T18:14:56.731+0000] {processor.py:830} INFO - Processing file /home/airflow/.local/lib/python3.8/site-packages/airflow/example_dags/example_trigger_controller_dag.py for tasks to queue
[2024-04-04T18:14:56.737+0000] {logging_mixin.py:188} INFO - [2024-04-04T18:14:56.735+0000] {dagbag.py:538} INFO - Filling up the DagBag from /home/airflow/.local/lib/python3.8/site-packages/airflow/example_dags/example_trigger_controller_dag.py
[2024-04-04T18:14:56.762+0000] {processor.py:840} INFO - DAG(s) 'example_trigger_controller_dag' retrieved from /home/airflow/.local/lib/python3.8/site-packages/airflow/example_dags/example_trigger_controller_dag.py
[2024-04-04T18:14:56.895+0000] {logging_mixin.py:188} INFO - [2024-04-04T18:14:56.894+0000] {dag.py:3036} INFO - Sync 1 DAGs
[2024-04-04T18:14:57.024+0000] {logging_mixin.py:188} INFO - [2024-04-04T18:14:57.022+0000] {dag.py:3823} INFO - Setting next_dagrun for example_trigger_controller_dag to 2021-01-01 00:00:00+00:00, run_after=2021-01-01 00:00:00+00:00
[2024-04-04T18:14:57.138+0000] {processor.py:183} INFO - Processing /home/airflow/.local/lib/python3.8/site-packages/airflow/example_dags/example_trigger_controller_dag.py took 0.432 seconds
[2024-04-04T18:15:27.401+0000] {processor.py:161} INFO - Started process (PID=46485) to work on /home/airflow/.local/lib/python3.8/site-packages/airflow/example_dags/example_trigger_controller_dag.py
[2024-04-04T18:15:27.406+0000] {processor.py:830} INFO - Processing file /home/airflow/.local/lib/python3.8/site-packages/airflow/example_dags/example_trigger_controller_dag.py for tasks to queue
[2024-04-04T18:15:27.411+0000] {logging_mixin.py:188} INFO - [2024-04-04T18:15:27.410+0000] {dagbag.py:538} INFO - Filling up the DagBag from /home/airflow/.local/lib/python3.8/site-packages/airflow/example_dags/example_trigger_controller_dag.py
[2024-04-04T18:15:27.434+0000] {processor.py:840} INFO - DAG(s) 'example_trigger_controller_dag' retrieved from /home/airflow/.local/lib/python3.8/site-packages/airflow/example_dags/example_trigger_controller_dag.py
[2024-04-04T18:15:27.531+0000] {logging_mixin.py:188} INFO - [2024-04-04T18:15:27.530+0000] {dag.py:3036} INFO - Sync 1 DAGs
[2024-04-04T18:15:27.639+0000] {logging_mixin.py:188} INFO - [2024-04-04T18:15:27.638+0000] {dag.py:3823} INFO - Setting next_dagrun for example_trigger_controller_dag to 2021-01-01 00:00:00+00:00, run_after=2021-01-01 00:00:00+00:00
[2024-04-04T18:15:27.770+0000] {processor.py:183} INFO - Processing /home/airflow/.local/lib/python3.8/site-packages/airflow/example_dags/example_trigger_controller_dag.py took 0.388 seconds
[2024-04-04T18:15:58.634+0000] {processor.py:161} INFO - Started process (PID=46545) to work on /home/airflow/.local/lib/python3.8/site-packages/airflow/example_dags/example_trigger_controller_dag.py
[2024-04-04T18:15:58.635+0000] {processor.py:830} INFO - Processing file /home/airflow/.local/lib/python3.8/site-packages/airflow/example_dags/example_trigger_controller_dag.py for tasks to queue
[2024-04-04T18:15:58.637+0000] {logging_mixin.py:188} INFO - [2024-04-04T18:15:58.636+0000] {dagbag.py:538} INFO - Filling up the DagBag from /home/airflow/.local/lib/python3.8/site-packages/airflow/example_dags/example_trigger_controller_dag.py
[2024-04-04T18:15:58.643+0000] {processor.py:840} INFO - DAG(s) 'example_trigger_controller_dag' retrieved from /home/airflow/.local/lib/python3.8/site-packages/airflow/example_dags/example_trigger_controller_dag.py
[2024-04-04T18:15:58.672+0000] {logging_mixin.py:188} INFO - [2024-04-04T18:15:58.672+0000] {dag.py:3036} INFO - Sync 1 DAGs
[2024-04-04T18:15:58.699+0000] {logging_mixin.py:188} INFO - [2024-04-04T18:15:58.699+0000] {dag.py:3823} INFO - Setting next_dagrun for example_trigger_controller_dag to 2021-01-01 00:00:00+00:00, run_after=2021-01-01 00:00:00+00:00
[2024-04-04T18:15:58.725+0000] {processor.py:183} INFO - Processing /home/airflow/.local/lib/python3.8/site-packages/airflow/example_dags/example_trigger_controller_dag.py took 0.096 seconds
[2024-04-04T18:16:29.240+0000] {processor.py:161} INFO - Started process (PID=46605) to work on /home/airflow/.local/lib/python3.8/site-packages/airflow/example_dags/example_trigger_controller_dag.py
[2024-04-04T18:16:29.242+0000] {processor.py:830} INFO - Processing file /home/airflow/.local/lib/python3.8/site-packages/airflow/example_dags/example_trigger_controller_dag.py for tasks to queue
[2024-04-04T18:16:29.243+0000] {logging_mixin.py:188} INFO - [2024-04-04T18:16:29.243+0000] {dagbag.py:538} INFO - Filling up the DagBag from /home/airflow/.local/lib/python3.8/site-packages/airflow/example_dags/example_trigger_controller_dag.py
[2024-04-04T18:16:29.251+0000] {processor.py:840} INFO - DAG(s) 'example_trigger_controller_dag' retrieved from /home/airflow/.local/lib/python3.8/site-packages/airflow/example_dags/example_trigger_controller_dag.py
[2024-04-04T18:16:29.288+0000] {logging_mixin.py:188} INFO - [2024-04-04T18:16:29.288+0000] {dag.py:3036} INFO - Sync 1 DAGs
[2024-04-04T18:16:29.325+0000] {logging_mixin.py:188} INFO - [2024-04-04T18:16:29.324+0000] {dag.py:3823} INFO - Setting next_dagrun for example_trigger_controller_dag to 2021-01-01 00:00:00+00:00, run_after=2021-01-01 00:00:00+00:00
[2024-04-04T18:16:29.360+0000] {processor.py:183} INFO - Processing /home/airflow/.local/lib/python3.8/site-packages/airflow/example_dags/example_trigger_controller_dag.py took 0.126 seconds
[2024-04-04T18:16:59.946+0000] {processor.py:161} INFO - Started process (PID=46666) to work on /home/airflow/.local/lib/python3.8/site-packages/airflow/example_dags/example_trigger_controller_dag.py
[2024-04-04T18:16:59.950+0000] {processor.py:830} INFO - Processing file /home/airflow/.local/lib/python3.8/site-packages/airflow/example_dags/example_trigger_controller_dag.py for tasks to queue
[2024-04-04T18:16:59.954+0000] {logging_mixin.py:188} INFO - [2024-04-04T18:16:59.953+0000] {dagbag.py:538} INFO - Filling up the DagBag from /home/airflow/.local/lib/python3.8/site-packages/airflow/example_dags/example_trigger_controller_dag.py
[2024-04-04T18:16:59.972+0000] {processor.py:840} INFO - DAG(s) 'example_trigger_controller_dag' retrieved from /home/airflow/.local/lib/python3.8/site-packages/airflow/example_dags/example_trigger_controller_dag.py
[2024-04-04T18:17:00.056+0000] {logging_mixin.py:188} INFO - [2024-04-04T18:17:00.055+0000] {dag.py:3036} INFO - Sync 1 DAGs
[2024-04-04T18:17:00.134+0000] {logging_mixin.py:188} INFO - [2024-04-04T18:17:00.133+0000] {dag.py:3823} INFO - Setting next_dagrun for example_trigger_controller_dag to 2021-01-01 00:00:00+00:00, run_after=2021-01-01 00:00:00+00:00
[2024-04-04T18:17:00.203+0000] {processor.py:183} INFO - Processing /home/airflow/.local/lib/python3.8/site-packages/airflow/example_dags/example_trigger_controller_dag.py took 0.271 seconds
[2024-04-04T18:17:30.617+0000] {processor.py:161} INFO - Started process (PID=46726) to work on /home/airflow/.local/lib/python3.8/site-packages/airflow/example_dags/example_trigger_controller_dag.py
[2024-04-04T18:17:30.622+0000] {processor.py:830} INFO - Processing file /home/airflow/.local/lib/python3.8/site-packages/airflow/example_dags/example_trigger_controller_dag.py for tasks to queue
[2024-04-04T18:17:30.627+0000] {logging_mixin.py:188} INFO - [2024-04-04T18:17:30.626+0000] {dagbag.py:538} INFO - Filling up the DagBag from /home/airflow/.local/lib/python3.8/site-packages/airflow/example_dags/example_trigger_controller_dag.py
[2024-04-04T18:17:30.649+0000] {processor.py:840} INFO - DAG(s) 'example_trigger_controller_dag' retrieved from /home/airflow/.local/lib/python3.8/site-packages/airflow/example_dags/example_trigger_controller_dag.py
[2024-04-04T18:17:30.738+0000] {logging_mixin.py:188} INFO - [2024-04-04T18:17:30.737+0000] {dag.py:3036} INFO - Sync 1 DAGs
[2024-04-04T18:17:30.832+0000] {logging_mixin.py:188} INFO - [2024-04-04T18:17:30.831+0000] {dag.py:3823} INFO - Setting next_dagrun for example_trigger_controller_dag to 2021-01-01 00:00:00+00:00, run_after=2021-01-01 00:00:00+00:00
[2024-04-04T18:17:30.913+0000] {processor.py:183} INFO - Processing /home/airflow/.local/lib/python3.8/site-packages/airflow/example_dags/example_trigger_controller_dag.py took 0.316 seconds
[2024-04-04T18:18:01.705+0000] {processor.py:161} INFO - Started process (PID=46786) to work on /home/airflow/.local/lib/python3.8/site-packages/airflow/example_dags/example_trigger_controller_dag.py
[2024-04-04T18:18:01.707+0000] {processor.py:830} INFO - Processing file /home/airflow/.local/lib/python3.8/site-packages/airflow/example_dags/example_trigger_controller_dag.py for tasks to queue
[2024-04-04T18:18:01.709+0000] {logging_mixin.py:188} INFO - [2024-04-04T18:18:01.709+0000] {dagbag.py:538} INFO - Filling up the DagBag from /home/airflow/.local/lib/python3.8/site-packages/airflow/example_dags/example_trigger_controller_dag.py
[2024-04-04T18:18:01.719+0000] {processor.py:840} INFO - DAG(s) 'example_trigger_controller_dag' retrieved from /home/airflow/.local/lib/python3.8/site-packages/airflow/example_dags/example_trigger_controller_dag.py
[2024-04-04T18:18:01.758+0000] {logging_mixin.py:188} INFO - [2024-04-04T18:18:01.758+0000] {dag.py:3036} INFO - Sync 1 DAGs
[2024-04-04T18:18:01.797+0000] {logging_mixin.py:188} INFO - [2024-04-04T18:18:01.797+0000] {dag.py:3823} INFO - Setting next_dagrun for example_trigger_controller_dag to 2021-01-01 00:00:00+00:00, run_after=2021-01-01 00:00:00+00:00
[2024-04-04T18:18:01.829+0000] {processor.py:183} INFO - Processing /home/airflow/.local/lib/python3.8/site-packages/airflow/example_dags/example_trigger_controller_dag.py took 0.131 seconds
[2024-04-04T18:18:32.202+0000] {processor.py:161} INFO - Started process (PID=46846) to work on /home/airflow/.local/lib/python3.8/site-packages/airflow/example_dags/example_trigger_controller_dag.py
[2024-04-04T18:18:32.205+0000] {processor.py:830} INFO - Processing file /home/airflow/.local/lib/python3.8/site-packages/airflow/example_dags/example_trigger_controller_dag.py for tasks to queue
[2024-04-04T18:18:32.208+0000] {logging_mixin.py:188} INFO - [2024-04-04T18:18:32.208+0000] {dagbag.py:538} INFO - Filling up the DagBag from /home/airflow/.local/lib/python3.8/site-packages/airflow/example_dags/example_trigger_controller_dag.py
[2024-04-04T18:18:32.223+0000] {processor.py:840} INFO - DAG(s) 'example_trigger_controller_dag' retrieved from /home/airflow/.local/lib/python3.8/site-packages/airflow/example_dags/example_trigger_controller_dag.py
[2024-04-04T18:18:32.277+0000] {logging_mixin.py:188} INFO - [2024-04-04T18:18:32.276+0000] {dag.py:3036} INFO - Sync 1 DAGs
[2024-04-04T18:18:32.340+0000] {logging_mixin.py:188} INFO - [2024-04-04T18:18:32.339+0000] {dag.py:3823} INFO - Setting next_dagrun for example_trigger_controller_dag to 2021-01-01 00:00:00+00:00, run_after=2021-01-01 00:00:00+00:00
[2024-04-04T18:18:32.393+0000] {processor.py:183} INFO - Processing /home/airflow/.local/lib/python3.8/site-packages/airflow/example_dags/example_trigger_controller_dag.py took 0.200 seconds
[2024-04-04T18:19:03.090+0000] {processor.py:161} INFO - Started process (PID=46906) to work on /home/airflow/.local/lib/python3.8/site-packages/airflow/example_dags/example_trigger_controller_dag.py
[2024-04-04T18:19:03.095+0000] {processor.py:830} INFO - Processing file /home/airflow/.local/lib/python3.8/site-packages/airflow/example_dags/example_trigger_controller_dag.py for tasks to queue
[2024-04-04T18:19:03.100+0000] {logging_mixin.py:188} INFO - [2024-04-04T18:19:03.099+0000] {dagbag.py:538} INFO - Filling up the DagBag from /home/airflow/.local/lib/python3.8/site-packages/airflow/example_dags/example_trigger_controller_dag.py
[2024-04-04T18:19:03.124+0000] {processor.py:840} INFO - DAG(s) 'example_trigger_controller_dag' retrieved from /home/airflow/.local/lib/python3.8/site-packages/airflow/example_dags/example_trigger_controller_dag.py
[2024-04-04T18:19:03.209+0000] {logging_mixin.py:188} INFO - [2024-04-04T18:19:03.208+0000] {dag.py:3036} INFO - Sync 1 DAGs
[2024-04-04T18:19:03.303+0000] {logging_mixin.py:188} INFO - [2024-04-04T18:19:03.302+0000] {dag.py:3823} INFO - Setting next_dagrun for example_trigger_controller_dag to 2021-01-01 00:00:00+00:00, run_after=2021-01-01 00:00:00+00:00
[2024-04-04T18:19:03.401+0000] {processor.py:183} INFO - Processing /home/airflow/.local/lib/python3.8/site-packages/airflow/example_dags/example_trigger_controller_dag.py took 0.328 seconds
[2024-04-04T18:19:34.188+0000] {processor.py:161} INFO - Started process (PID=46966) to work on /home/airflow/.local/lib/python3.8/site-packages/airflow/example_dags/example_trigger_controller_dag.py
[2024-04-04T18:19:34.194+0000] {processor.py:830} INFO - Processing file /home/airflow/.local/lib/python3.8/site-packages/airflow/example_dags/example_trigger_controller_dag.py for tasks to queue
[2024-04-04T18:19:34.201+0000] {logging_mixin.py:188} INFO - [2024-04-04T18:19:34.199+0000] {dagbag.py:538} INFO - Filling up the DagBag from /home/airflow/.local/lib/python3.8/site-packages/airflow/example_dags/example_trigger_controller_dag.py
[2024-04-04T18:19:34.233+0000] {processor.py:840} INFO - DAG(s) 'example_trigger_controller_dag' retrieved from /home/airflow/.local/lib/python3.8/site-packages/airflow/example_dags/example_trigger_controller_dag.py
[2024-04-04T18:19:34.468+0000] {logging_mixin.py:188} INFO - [2024-04-04T18:19:34.463+0000] {dag.py:3036} INFO - Sync 1 DAGs
[2024-04-04T18:19:34.648+0000] {logging_mixin.py:188} INFO - [2024-04-04T18:19:34.646+0000] {dag.py:3823} INFO - Setting next_dagrun for example_trigger_controller_dag to 2021-01-01 00:00:00+00:00, run_after=2021-01-01 00:00:00+00:00
[2024-04-04T18:19:34.756+0000] {processor.py:183} INFO - Processing /home/airflow/.local/lib/python3.8/site-packages/airflow/example_dags/example_trigger_controller_dag.py took 0.595 seconds
[2024-04-04T18:20:05.026+0000] {processor.py:161} INFO - Started process (PID=47026) to work on /home/airflow/.local/lib/python3.8/site-packages/airflow/example_dags/example_trigger_controller_dag.py
[2024-04-04T18:20:05.029+0000] {processor.py:830} INFO - Processing file /home/airflow/.local/lib/python3.8/site-packages/airflow/example_dags/example_trigger_controller_dag.py for tasks to queue
[2024-04-04T18:20:05.033+0000] {logging_mixin.py:188} INFO - [2024-04-04T18:20:05.032+0000] {dagbag.py:538} INFO - Filling up the DagBag from /home/airflow/.local/lib/python3.8/site-packages/airflow/example_dags/example_trigger_controller_dag.py
[2024-04-04T18:20:05.049+0000] {processor.py:840} INFO - DAG(s) 'example_trigger_controller_dag' retrieved from /home/airflow/.local/lib/python3.8/site-packages/airflow/example_dags/example_trigger_controller_dag.py
[2024-04-04T18:20:05.134+0000] {logging_mixin.py:188} INFO - [2024-04-04T18:20:05.133+0000] {dag.py:3036} INFO - Sync 1 DAGs
[2024-04-04T18:20:05.218+0000] {logging_mixin.py:188} INFO - [2024-04-04T18:20:05.218+0000] {dag.py:3823} INFO - Setting next_dagrun for example_trigger_controller_dag to 2021-01-01 00:00:00+00:00, run_after=2021-01-01 00:00:00+00:00
[2024-04-04T18:20:05.285+0000] {processor.py:183} INFO - Processing /home/airflow/.local/lib/python3.8/site-packages/airflow/example_dags/example_trigger_controller_dag.py took 0.272 seconds
[2024-04-04T18:20:35.849+0000] {processor.py:161} INFO - Started process (PID=47086) to work on /home/airflow/.local/lib/python3.8/site-packages/airflow/example_dags/example_trigger_controller_dag.py
[2024-04-04T18:20:35.852+0000] {processor.py:830} INFO - Processing file /home/airflow/.local/lib/python3.8/site-packages/airflow/example_dags/example_trigger_controller_dag.py for tasks to queue
[2024-04-04T18:20:35.855+0000] {logging_mixin.py:188} INFO - [2024-04-04T18:20:35.854+0000] {dagbag.py:538} INFO - Filling up the DagBag from /home/airflow/.local/lib/python3.8/site-packages/airflow/example_dags/example_trigger_controller_dag.py
[2024-04-04T18:20:35.866+0000] {processor.py:840} INFO - DAG(s) 'example_trigger_controller_dag' retrieved from /home/airflow/.local/lib/python3.8/site-packages/airflow/example_dags/example_trigger_controller_dag.py
[2024-04-04T18:20:35.917+0000] {logging_mixin.py:188} INFO - [2024-04-04T18:20:35.916+0000] {dag.py:3036} INFO - Sync 1 DAGs
[2024-04-04T18:20:35.972+0000] {logging_mixin.py:188} INFO - [2024-04-04T18:20:35.971+0000] {dag.py:3823} INFO - Setting next_dagrun for example_trigger_controller_dag to 2021-01-01 00:00:00+00:00, run_after=2021-01-01 00:00:00+00:00
[2024-04-04T18:20:36.022+0000] {processor.py:183} INFO - Processing /home/airflow/.local/lib/python3.8/site-packages/airflow/example_dags/example_trigger_controller_dag.py took 0.182 seconds
[2024-04-04T18:21:06.323+0000] {processor.py:161} INFO - Started process (PID=47144) to work on /home/airflow/.local/lib/python3.8/site-packages/airflow/example_dags/example_trigger_controller_dag.py
[2024-04-04T18:21:06.325+0000] {processor.py:830} INFO - Processing file /home/airflow/.local/lib/python3.8/site-packages/airflow/example_dags/example_trigger_controller_dag.py for tasks to queue
[2024-04-04T18:21:06.328+0000] {logging_mixin.py:188} INFO - [2024-04-04T18:21:06.327+0000] {dagbag.py:538} INFO - Filling up the DagBag from /home/airflow/.local/lib/python3.8/site-packages/airflow/example_dags/example_trigger_controller_dag.py
[2024-04-04T18:21:06.338+0000] {processor.py:840} INFO - DAG(s) 'example_trigger_controller_dag' retrieved from /home/airflow/.local/lib/python3.8/site-packages/airflow/example_dags/example_trigger_controller_dag.py
[2024-04-04T18:21:06.385+0000] {logging_mixin.py:188} INFO - [2024-04-04T18:21:06.384+0000] {dag.py:3036} INFO - Sync 1 DAGs
[2024-04-04T18:21:06.432+0000] {logging_mixin.py:188} INFO - [2024-04-04T18:21:06.431+0000] {dag.py:3823} INFO - Setting next_dagrun for example_trigger_controller_dag to 2021-01-01 00:00:00+00:00, run_after=2021-01-01 00:00:00+00:00
[2024-04-04T18:21:06.488+0000] {processor.py:183} INFO - Processing /home/airflow/.local/lib/python3.8/site-packages/airflow/example_dags/example_trigger_controller_dag.py took 0.174 seconds
[2024-04-04T18:21:37.465+0000] {processor.py:161} INFO - Started process (PID=47204) to work on /home/airflow/.local/lib/python3.8/site-packages/airflow/example_dags/example_trigger_controller_dag.py
[2024-04-04T18:21:37.472+0000] {processor.py:830} INFO - Processing file /home/airflow/.local/lib/python3.8/site-packages/airflow/example_dags/example_trigger_controller_dag.py for tasks to queue
[2024-04-04T18:21:37.493+0000] {logging_mixin.py:188} INFO - [2024-04-04T18:21:37.491+0000] {dagbag.py:538} INFO - Filling up the DagBag from /home/airflow/.local/lib/python3.8/site-packages/airflow/example_dags/example_trigger_controller_dag.py
[2024-04-04T18:21:37.548+0000] {processor.py:840} INFO - DAG(s) 'example_trigger_controller_dag' retrieved from /home/airflow/.local/lib/python3.8/site-packages/airflow/example_dags/example_trigger_controller_dag.py
[2024-04-04T18:21:37.677+0000] {logging_mixin.py:188} INFO - [2024-04-04T18:21:37.676+0000] {dag.py:3036} INFO - Sync 1 DAGs
[2024-04-04T18:21:37.893+0000] {logging_mixin.py:188} INFO - [2024-04-04T18:21:37.891+0000] {dag.py:3823} INFO - Setting next_dagrun for example_trigger_controller_dag to 2021-01-01 00:00:00+00:00, run_after=2021-01-01 00:00:00+00:00
[2024-04-04T18:21:38.032+0000] {processor.py:183} INFO - Processing /home/airflow/.local/lib/python3.8/site-packages/airflow/example_dags/example_trigger_controller_dag.py took 0.594 seconds
[2024-04-04T18:22:08.578+0000] {processor.py:161} INFO - Started process (PID=47264) to work on /home/airflow/.local/lib/python3.8/site-packages/airflow/example_dags/example_trigger_controller_dag.py
[2024-04-04T18:22:08.582+0000] {processor.py:830} INFO - Processing file /home/airflow/.local/lib/python3.8/site-packages/airflow/example_dags/example_trigger_controller_dag.py for tasks to queue
[2024-04-04T18:22:08.587+0000] {logging_mixin.py:188} INFO - [2024-04-04T18:22:08.586+0000] {dagbag.py:538} INFO - Filling up the DagBag from /home/airflow/.local/lib/python3.8/site-packages/airflow/example_dags/example_trigger_controller_dag.py
[2024-04-04T18:22:08.603+0000] {processor.py:840} INFO - DAG(s) 'example_trigger_controller_dag' retrieved from /home/airflow/.local/lib/python3.8/site-packages/airflow/example_dags/example_trigger_controller_dag.py
[2024-04-04T18:22:08.679+0000] {logging_mixin.py:188} INFO - [2024-04-04T18:22:08.678+0000] {dag.py:3036} INFO - Sync 1 DAGs
[2024-04-04T18:22:08.764+0000] {logging_mixin.py:188} INFO - [2024-04-04T18:22:08.763+0000] {dag.py:3823} INFO - Setting next_dagrun for example_trigger_controller_dag to 2021-01-01 00:00:00+00:00, run_after=2021-01-01 00:00:00+00:00
[2024-04-04T18:22:08.841+0000] {processor.py:183} INFO - Processing /home/airflow/.local/lib/python3.8/site-packages/airflow/example_dags/example_trigger_controller_dag.py took 0.279 seconds
[2024-04-04T18:22:38.945+0000] {processor.py:161} INFO - Started process (PID=47324) to work on /home/airflow/.local/lib/python3.8/site-packages/airflow/example_dags/example_trigger_controller_dag.py
[2024-04-04T18:22:38.947+0000] {processor.py:830} INFO - Processing file /home/airflow/.local/lib/python3.8/site-packages/airflow/example_dags/example_trigger_controller_dag.py for tasks to queue
[2024-04-04T18:22:38.950+0000] {logging_mixin.py:188} INFO - [2024-04-04T18:22:38.949+0000] {dagbag.py:538} INFO - Filling up the DagBag from /home/airflow/.local/lib/python3.8/site-packages/airflow/example_dags/example_trigger_controller_dag.py
[2024-04-04T18:22:38.958+0000] {processor.py:840} INFO - DAG(s) 'example_trigger_controller_dag' retrieved from /home/airflow/.local/lib/python3.8/site-packages/airflow/example_dags/example_trigger_controller_dag.py
[2024-04-04T18:22:38.995+0000] {logging_mixin.py:188} INFO - [2024-04-04T18:22:38.994+0000] {dag.py:3036} INFO - Sync 1 DAGs
[2024-04-04T18:22:39.030+0000] {logging_mixin.py:188} INFO - [2024-04-04T18:22:39.030+0000] {dag.py:3823} INFO - Setting next_dagrun for example_trigger_controller_dag to 2021-01-01 00:00:00+00:00, run_after=2021-01-01 00:00:00+00:00
[2024-04-04T18:22:39.063+0000] {processor.py:183} INFO - Processing /home/airflow/.local/lib/python3.8/site-packages/airflow/example_dags/example_trigger_controller_dag.py took 0.124 seconds
[2024-04-04T18:23:09.708+0000] {processor.py:161} INFO - Started process (PID=47384) to work on /home/airflow/.local/lib/python3.8/site-packages/airflow/example_dags/example_trigger_controller_dag.py
[2024-04-04T18:23:09.709+0000] {processor.py:830} INFO - Processing file /home/airflow/.local/lib/python3.8/site-packages/airflow/example_dags/example_trigger_controller_dag.py for tasks to queue
[2024-04-04T18:23:09.711+0000] {logging_mixin.py:188} INFO - [2024-04-04T18:23:09.711+0000] {dagbag.py:538} INFO - Filling up the DagBag from /home/airflow/.local/lib/python3.8/site-packages/airflow/example_dags/example_trigger_controller_dag.py
[2024-04-04T18:23:09.719+0000] {processor.py:840} INFO - DAG(s) 'example_trigger_controller_dag' retrieved from /home/airflow/.local/lib/python3.8/site-packages/airflow/example_dags/example_trigger_controller_dag.py
[2024-04-04T18:23:09.753+0000] {logging_mixin.py:188} INFO - [2024-04-04T18:23:09.753+0000] {dag.py:3036} INFO - Sync 1 DAGs
[2024-04-04T18:23:09.789+0000] {logging_mixin.py:188} INFO - [2024-04-04T18:23:09.788+0000] {dag.py:3823} INFO - Setting next_dagrun for example_trigger_controller_dag to 2021-01-01 00:00:00+00:00, run_after=2021-01-01 00:00:00+00:00
[2024-04-04T18:23:09.819+0000] {processor.py:183} INFO - Processing /home/airflow/.local/lib/python3.8/site-packages/airflow/example_dags/example_trigger_controller_dag.py took 0.117 seconds
[2024-04-04T18:23:40.530+0000] {processor.py:161} INFO - Started process (PID=47444) to work on /home/airflow/.local/lib/python3.8/site-packages/airflow/example_dags/example_trigger_controller_dag.py
[2024-04-04T18:23:40.535+0000] {processor.py:830} INFO - Processing file /home/airflow/.local/lib/python3.8/site-packages/airflow/example_dags/example_trigger_controller_dag.py for tasks to queue
[2024-04-04T18:23:40.540+0000] {logging_mixin.py:188} INFO - [2024-04-04T18:23:40.538+0000] {dagbag.py:538} INFO - Filling up the DagBag from /home/airflow/.local/lib/python3.8/site-packages/airflow/example_dags/example_trigger_controller_dag.py
[2024-04-04T18:23:40.559+0000] {processor.py:840} INFO - DAG(s) 'example_trigger_controller_dag' retrieved from /home/airflow/.local/lib/python3.8/site-packages/airflow/example_dags/example_trigger_controller_dag.py
[2024-04-04T18:23:40.642+0000] {logging_mixin.py:188} INFO - [2024-04-04T18:23:40.641+0000] {dag.py:3036} INFO - Sync 1 DAGs
[2024-04-04T18:23:40.733+0000] {logging_mixin.py:188} INFO - [2024-04-04T18:23:40.732+0000] {dag.py:3823} INFO - Setting next_dagrun for example_trigger_controller_dag to 2021-01-01 00:00:00+00:00, run_after=2021-01-01 00:00:00+00:00
[2024-04-04T18:23:40.819+0000] {processor.py:183} INFO - Processing /home/airflow/.local/lib/python3.8/site-packages/airflow/example_dags/example_trigger_controller_dag.py took 0.303 seconds
[2024-04-04T19:14:38.599+0000] {processor.py:161} INFO - Started process (PID=47493) to work on /home/airflow/.local/lib/python3.8/site-packages/airflow/example_dags/example_trigger_controller_dag.py
[2024-04-04T19:14:38.605+0000] {processor.py:830} INFO - Processing file /home/airflow/.local/lib/python3.8/site-packages/airflow/example_dags/example_trigger_controller_dag.py for tasks to queue
[2024-04-04T19:14:38.613+0000] {logging_mixin.py:188} INFO - [2024-04-04T19:14:38.610+0000] {dagbag.py:538} INFO - Filling up the DagBag from /home/airflow/.local/lib/python3.8/site-packages/airflow/example_dags/example_trigger_controller_dag.py
[2024-04-04T19:14:38.642+0000] {processor.py:840} INFO - DAG(s) 'example_trigger_controller_dag' retrieved from /home/airflow/.local/lib/python3.8/site-packages/airflow/example_dags/example_trigger_controller_dag.py
[2024-04-04T19:14:38.764+0000] {logging_mixin.py:188} INFO - [2024-04-04T19:14:38.763+0000] {dag.py:3036} INFO - Sync 1 DAGs
[2024-04-04T19:14:38.895+0000] {logging_mixin.py:188} INFO - [2024-04-04T19:14:38.893+0000] {dag.py:3823} INFO - Setting next_dagrun for example_trigger_controller_dag to 2021-01-01 00:00:00+00:00, run_after=2021-01-01 00:00:00+00:00
[2024-04-04T19:14:39.024+0000] {processor.py:183} INFO - Processing /home/airflow/.local/lib/python3.8/site-packages/airflow/example_dags/example_trigger_controller_dag.py took 0.454 seconds
[2024-04-04T19:15:09.138+0000] {processor.py:161} INFO - Started process (PID=47553) to work on /home/airflow/.local/lib/python3.8/site-packages/airflow/example_dags/example_trigger_controller_dag.py
[2024-04-04T19:15:09.140+0000] {processor.py:830} INFO - Processing file /home/airflow/.local/lib/python3.8/site-packages/airflow/example_dags/example_trigger_controller_dag.py for tasks to queue
[2024-04-04T19:15:09.142+0000] {logging_mixin.py:188} INFO - [2024-04-04T19:15:09.142+0000] {dagbag.py:538} INFO - Filling up the DagBag from /home/airflow/.local/lib/python3.8/site-packages/airflow/example_dags/example_trigger_controller_dag.py
[2024-04-04T19:15:09.151+0000] {processor.py:840} INFO - DAG(s) 'example_trigger_controller_dag' retrieved from /home/airflow/.local/lib/python3.8/site-packages/airflow/example_dags/example_trigger_controller_dag.py
[2024-04-04T19:15:09.189+0000] {logging_mixin.py:188} INFO - [2024-04-04T19:15:09.189+0000] {dag.py:3036} INFO - Sync 1 DAGs
[2024-04-04T19:15:09.229+0000] {logging_mixin.py:188} INFO - [2024-04-04T19:15:09.228+0000] {dag.py:3823} INFO - Setting next_dagrun for example_trigger_controller_dag to 2021-01-01 00:00:00+00:00, run_after=2021-01-01 00:00:00+00:00
[2024-04-04T19:15:09.265+0000] {processor.py:183} INFO - Processing /home/airflow/.local/lib/python3.8/site-packages/airflow/example_dags/example_trigger_controller_dag.py took 0.134 seconds
[2024-04-04T23:14:22.767+0000] {processor.py:161} INFO - Started process (PID=47645) to work on /home/airflow/.local/lib/python3.8/site-packages/airflow/example_dags/example_trigger_controller_dag.py
[2024-04-04T23:14:22.784+0000] {processor.py:830} INFO - Processing file /home/airflow/.local/lib/python3.8/site-packages/airflow/example_dags/example_trigger_controller_dag.py for tasks to queue
[2024-04-04T23:14:23.021+0000] {logging_mixin.py:188} INFO - [2024-04-04T23:14:23.019+0000] {dagbag.py:538} INFO - Filling up the DagBag from /home/airflow/.local/lib/python3.8/site-packages/airflow/example_dags/example_trigger_controller_dag.py
[2024-04-04T23:14:23.259+0000] {processor.py:840} INFO - DAG(s) 'example_trigger_controller_dag' retrieved from /home/airflow/.local/lib/python3.8/site-packages/airflow/example_dags/example_trigger_controller_dag.py
[2024-04-04T23:14:23.923+0000] {logging_mixin.py:188} INFO - [2024-04-04T23:14:23.921+0000] {dag.py:3036} INFO - Sync 1 DAGs
[2024-04-04T23:14:24.581+0000] {logging_mixin.py:188} INFO - [2024-04-04T23:14:24.579+0000] {dag.py:3823} INFO - Setting next_dagrun for example_trigger_controller_dag to 2021-01-01 00:00:00+00:00, run_after=2021-01-01 00:00:00+00:00
[2024-04-04T23:14:27.840+0000] {processor.py:183} INFO - Processing /home/airflow/.local/lib/python3.8/site-packages/airflow/example_dags/example_trigger_controller_dag.py took 5.197 seconds
[2024-04-04T23:15:34.673+0000] {processor.py:161} INFO - Started process (PID=47711) to work on /home/airflow/.local/lib/python3.8/site-packages/airflow/example_dags/example_trigger_controller_dag.py
[2024-04-04T23:15:34.682+0000] {processor.py:830} INFO - Processing file /home/airflow/.local/lib/python3.8/site-packages/airflow/example_dags/example_trigger_controller_dag.py for tasks to queue
[2024-04-04T23:15:34.690+0000] {logging_mixin.py:188} INFO - [2024-04-04T23:15:34.687+0000] {dagbag.py:538} INFO - Filling up the DagBag from /home/airflow/.local/lib/python3.8/site-packages/airflow/example_dags/example_trigger_controller_dag.py
[2024-04-04T23:15:34.730+0000] {processor.py:840} INFO - DAG(s) 'example_trigger_controller_dag' retrieved from /home/airflow/.local/lib/python3.8/site-packages/airflow/example_dags/example_trigger_controller_dag.py
[2024-04-04T23:15:34.877+0000] {logging_mixin.py:188} INFO - [2024-04-04T23:15:34.875+0000] {dag.py:3036} INFO - Sync 1 DAGs
[2024-04-04T23:15:35.045+0000] {logging_mixin.py:188} INFO - [2024-04-04T23:15:35.043+0000] {dag.py:3823} INFO - Setting next_dagrun for example_trigger_controller_dag to 2021-01-01 00:00:00+00:00, run_after=2021-01-01 00:00:00+00:00
[2024-04-04T23:15:35.189+0000] {processor.py:183} INFO - Processing /home/airflow/.local/lib/python3.8/site-packages/airflow/example_dags/example_trigger_controller_dag.py took 0.547 seconds
[2024-04-04T23:16:07.018+0000] {processor.py:161} INFO - Started process (PID=47771) to work on /home/airflow/.local/lib/python3.8/site-packages/airflow/example_dags/example_trigger_controller_dag.py
[2024-04-04T23:16:07.023+0000] {processor.py:830} INFO - Processing file /home/airflow/.local/lib/python3.8/site-packages/airflow/example_dags/example_trigger_controller_dag.py for tasks to queue
[2024-04-04T23:16:07.029+0000] {logging_mixin.py:188} INFO - [2024-04-04T23:16:07.027+0000] {dagbag.py:538} INFO - Filling up the DagBag from /home/airflow/.local/lib/python3.8/site-packages/airflow/example_dags/example_trigger_controller_dag.py
[2024-04-04T23:16:07.053+0000] {processor.py:840} INFO - DAG(s) 'example_trigger_controller_dag' retrieved from /home/airflow/.local/lib/python3.8/site-packages/airflow/example_dags/example_trigger_controller_dag.py
[2024-04-04T23:16:07.172+0000] {logging_mixin.py:188} INFO - [2024-04-04T23:16:07.171+0000] {dag.py:3036} INFO - Sync 1 DAGs
[2024-04-04T23:16:07.257+0000] {logging_mixin.py:188} INFO - [2024-04-04T23:16:07.256+0000] {dag.py:3823} INFO - Setting next_dagrun for example_trigger_controller_dag to 2021-01-01 00:00:00+00:00, run_after=2021-01-01 00:00:00+00:00
[2024-04-04T23:16:07.354+0000] {processor.py:183} INFO - Processing /home/airflow/.local/lib/python3.8/site-packages/airflow/example_dags/example_trigger_controller_dag.py took 0.355 seconds
[2024-04-04T23:16:37.779+0000] {processor.py:161} INFO - Started process (PID=47831) to work on /home/airflow/.local/lib/python3.8/site-packages/airflow/example_dags/example_trigger_controller_dag.py
[2024-04-04T23:16:37.783+0000] {processor.py:830} INFO - Processing file /home/airflow/.local/lib/python3.8/site-packages/airflow/example_dags/example_trigger_controller_dag.py for tasks to queue
[2024-04-04T23:16:37.786+0000] {logging_mixin.py:188} INFO - [2024-04-04T23:16:37.785+0000] {dagbag.py:538} INFO - Filling up the DagBag from /home/airflow/.local/lib/python3.8/site-packages/airflow/example_dags/example_trigger_controller_dag.py
[2024-04-04T23:16:37.802+0000] {processor.py:840} INFO - DAG(s) 'example_trigger_controller_dag' retrieved from /home/airflow/.local/lib/python3.8/site-packages/airflow/example_dags/example_trigger_controller_dag.py
[2024-04-04T23:16:38.287+0000] {logging_mixin.py:188} INFO - [2024-04-04T23:16:38.285+0000] {dag.py:3036} INFO - Sync 1 DAGs
[2024-04-04T23:16:38.411+0000] {logging_mixin.py:188} INFO - [2024-04-04T23:16:38.410+0000] {dag.py:3823} INFO - Setting next_dagrun for example_trigger_controller_dag to 2021-01-01 00:00:00+00:00, run_after=2021-01-01 00:00:00+00:00
[2024-04-04T23:16:38.492+0000] {processor.py:183} INFO - Processing /home/airflow/.local/lib/python3.8/site-packages/airflow/example_dags/example_trigger_controller_dag.py took 0.726 seconds
[2024-04-04T23:17:08.657+0000] {processor.py:161} INFO - Started process (PID=47891) to work on /home/airflow/.local/lib/python3.8/site-packages/airflow/example_dags/example_trigger_controller_dag.py
[2024-04-04T23:17:08.659+0000] {processor.py:830} INFO - Processing file /home/airflow/.local/lib/python3.8/site-packages/airflow/example_dags/example_trigger_controller_dag.py for tasks to queue
[2024-04-04T23:17:08.662+0000] {logging_mixin.py:188} INFO - [2024-04-04T23:17:08.661+0000] {dagbag.py:538} INFO - Filling up the DagBag from /home/airflow/.local/lib/python3.8/site-packages/airflow/example_dags/example_trigger_controller_dag.py
[2024-04-04T23:17:08.672+0000] {processor.py:840} INFO - DAG(s) 'example_trigger_controller_dag' retrieved from /home/airflow/.local/lib/python3.8/site-packages/airflow/example_dags/example_trigger_controller_dag.py
[2024-04-04T23:17:08.718+0000] {logging_mixin.py:188} INFO - [2024-04-04T23:17:08.717+0000] {dag.py:3036} INFO - Sync 1 DAGs
[2024-04-04T23:17:08.764+0000] {logging_mixin.py:188} INFO - [2024-04-04T23:17:08.763+0000] {dag.py:3823} INFO - Setting next_dagrun for example_trigger_controller_dag to 2021-01-01 00:00:00+00:00, run_after=2021-01-01 00:00:00+00:00
[2024-04-04T23:17:08.805+0000] {processor.py:183} INFO - Processing /home/airflow/.local/lib/python3.8/site-packages/airflow/example_dags/example_trigger_controller_dag.py took 0.156 seconds
[2024-04-04T23:17:39.973+0000] {processor.py:161} INFO - Started process (PID=47951) to work on /home/airflow/.local/lib/python3.8/site-packages/airflow/example_dags/example_trigger_controller_dag.py
[2024-04-04T23:17:39.980+0000] {processor.py:830} INFO - Processing file /home/airflow/.local/lib/python3.8/site-packages/airflow/example_dags/example_trigger_controller_dag.py for tasks to queue
[2024-04-04T23:17:39.990+0000] {logging_mixin.py:188} INFO - [2024-04-04T23:17:39.987+0000] {dagbag.py:538} INFO - Filling up the DagBag from /home/airflow/.local/lib/python3.8/site-packages/airflow/example_dags/example_trigger_controller_dag.py
[2024-04-04T23:17:40.037+0000] {processor.py:840} INFO - DAG(s) 'example_trigger_controller_dag' retrieved from /home/airflow/.local/lib/python3.8/site-packages/airflow/example_dags/example_trigger_controller_dag.py
[2024-04-04T23:17:40.243+0000] {logging_mixin.py:188} INFO - [2024-04-04T23:17:40.241+0000] {dag.py:3036} INFO - Sync 1 DAGs
[2024-04-04T23:17:40.452+0000] {logging_mixin.py:188} INFO - [2024-04-04T23:17:40.449+0000] {dag.py:3823} INFO - Setting next_dagrun for example_trigger_controller_dag to 2021-01-01 00:00:00+00:00, run_after=2021-01-01 00:00:00+00:00
[2024-04-04T23:17:40.618+0000] {processor.py:183} INFO - Processing /home/airflow/.local/lib/python3.8/site-packages/airflow/example_dags/example_trigger_controller_dag.py took 0.680 seconds
[2024-04-04T23:18:11.264+0000] {processor.py:161} INFO - Started process (PID=48017) to work on /home/airflow/.local/lib/python3.8/site-packages/airflow/example_dags/example_trigger_controller_dag.py
[2024-04-04T23:18:11.280+0000] {processor.py:830} INFO - Processing file /home/airflow/.local/lib/python3.8/site-packages/airflow/example_dags/example_trigger_controller_dag.py for tasks to queue
[2024-04-04T23:18:11.287+0000] {logging_mixin.py:188} INFO - [2024-04-04T23:18:11.284+0000] {dagbag.py:538} INFO - Filling up the DagBag from /home/airflow/.local/lib/python3.8/site-packages/airflow/example_dags/example_trigger_controller_dag.py
[2024-04-04T23:18:11.313+0000] {processor.py:840} INFO - DAG(s) 'example_trigger_controller_dag' retrieved from /home/airflow/.local/lib/python3.8/site-packages/airflow/example_dags/example_trigger_controller_dag.py
[2024-04-04T23:18:11.391+0000] {logging_mixin.py:188} INFO - [2024-04-04T23:18:11.390+0000] {dag.py:3036} INFO - Sync 1 DAGs
[2024-04-04T23:18:11.503+0000] {logging_mixin.py:188} INFO - [2024-04-04T23:18:11.502+0000] {dag.py:3823} INFO - Setting next_dagrun for example_trigger_controller_dag to 2021-01-01 00:00:00+00:00, run_after=2021-01-01 00:00:00+00:00
[2024-04-04T23:18:11.592+0000] {processor.py:183} INFO - Processing /home/airflow/.local/lib/python3.8/site-packages/airflow/example_dags/example_trigger_controller_dag.py took 0.364 seconds
[2024-04-04T23:18:42.165+0000] {processor.py:161} INFO - Started process (PID=48078) to work on /home/airflow/.local/lib/python3.8/site-packages/airflow/example_dags/example_trigger_controller_dag.py
[2024-04-04T23:18:42.168+0000] {processor.py:830} INFO - Processing file /home/airflow/.local/lib/python3.8/site-packages/airflow/example_dags/example_trigger_controller_dag.py for tasks to queue
[2024-04-04T23:18:42.171+0000] {logging_mixin.py:188} INFO - [2024-04-04T23:18:42.170+0000] {dagbag.py:538} INFO - Filling up the DagBag from /home/airflow/.local/lib/python3.8/site-packages/airflow/example_dags/example_trigger_controller_dag.py
[2024-04-04T23:18:42.182+0000] {processor.py:840} INFO - DAG(s) 'example_trigger_controller_dag' retrieved from /home/airflow/.local/lib/python3.8/site-packages/airflow/example_dags/example_trigger_controller_dag.py
[2024-04-04T23:18:42.232+0000] {logging_mixin.py:188} INFO - [2024-04-04T23:18:42.231+0000] {dag.py:3036} INFO - Sync 1 DAGs
[2024-04-04T23:18:42.295+0000] {logging_mixin.py:188} INFO - [2024-04-04T23:18:42.294+0000] {dag.py:3823} INFO - Setting next_dagrun for example_trigger_controller_dag to 2021-01-01 00:00:00+00:00, run_after=2021-01-01 00:00:00+00:00
[2024-04-04T23:18:42.358+0000] {processor.py:183} INFO - Processing /home/airflow/.local/lib/python3.8/site-packages/airflow/example_dags/example_trigger_controller_dag.py took 0.202 seconds
[2024-04-04T23:19:12.863+0000] {processor.py:161} INFO - Started process (PID=48138) to work on /home/airflow/.local/lib/python3.8/site-packages/airflow/example_dags/example_trigger_controller_dag.py
[2024-04-04T23:19:12.866+0000] {processor.py:830} INFO - Processing file /home/airflow/.local/lib/python3.8/site-packages/airflow/example_dags/example_trigger_controller_dag.py for tasks to queue
[2024-04-04T23:19:12.868+0000] {logging_mixin.py:188} INFO - [2024-04-04T23:19:12.868+0000] {dagbag.py:538} INFO - Filling up the DagBag from /home/airflow/.local/lib/python3.8/site-packages/airflow/example_dags/example_trigger_controller_dag.py
[2024-04-04T23:19:12.883+0000] {processor.py:840} INFO - DAG(s) 'example_trigger_controller_dag' retrieved from /home/airflow/.local/lib/python3.8/site-packages/airflow/example_dags/example_trigger_controller_dag.py
[2024-04-04T23:19:12.939+0000] {logging_mixin.py:188} INFO - [2024-04-04T23:19:12.938+0000] {dag.py:3036} INFO - Sync 1 DAGs
[2024-04-04T23:19:12.989+0000] {logging_mixin.py:188} INFO - [2024-04-04T23:19:12.988+0000] {dag.py:3823} INFO - Setting next_dagrun for example_trigger_controller_dag to 2021-01-01 00:00:00+00:00, run_after=2021-01-01 00:00:00+00:00
[2024-04-04T23:19:13.045+0000] {processor.py:183} INFO - Processing /home/airflow/.local/lib/python3.8/site-packages/airflow/example_dags/example_trigger_controller_dag.py took 0.191 seconds
[2024-04-04T23:19:43.198+0000] {processor.py:161} INFO - Started process (PID=48198) to work on /home/airflow/.local/lib/python3.8/site-packages/airflow/example_dags/example_trigger_controller_dag.py
[2024-04-04T23:19:43.204+0000] {processor.py:830} INFO - Processing file /home/airflow/.local/lib/python3.8/site-packages/airflow/example_dags/example_trigger_controller_dag.py for tasks to queue
[2024-04-04T23:19:43.209+0000] {logging_mixin.py:188} INFO - [2024-04-04T23:19:43.207+0000] {dagbag.py:538} INFO - Filling up the DagBag from /home/airflow/.local/lib/python3.8/site-packages/airflow/example_dags/example_trigger_controller_dag.py
[2024-04-04T23:19:43.243+0000] {processor.py:840} INFO - DAG(s) 'example_trigger_controller_dag' retrieved from /home/airflow/.local/lib/python3.8/site-packages/airflow/example_dags/example_trigger_controller_dag.py
[2024-04-04T23:19:43.432+0000] {logging_mixin.py:188} INFO - [2024-04-04T23:19:43.429+0000] {dag.py:3036} INFO - Sync 1 DAGs
[2024-04-04T23:19:43.668+0000] {logging_mixin.py:188} INFO - [2024-04-04T23:19:43.667+0000] {dag.py:3823} INFO - Setting next_dagrun for example_trigger_controller_dag to 2021-01-01 00:00:00+00:00, run_after=2021-01-01 00:00:00+00:00
[2024-04-04T23:19:43.815+0000] {processor.py:183} INFO - Processing /home/airflow/.local/lib/python3.8/site-packages/airflow/example_dags/example_trigger_controller_dag.py took 0.636 seconds
[2024-04-04T23:20:14.365+0000] {processor.py:161} INFO - Started process (PID=48258) to work on /home/airflow/.local/lib/python3.8/site-packages/airflow/example_dags/example_trigger_controller_dag.py
[2024-04-04T23:20:14.369+0000] {processor.py:830} INFO - Processing file /home/airflow/.local/lib/python3.8/site-packages/airflow/example_dags/example_trigger_controller_dag.py for tasks to queue
[2024-04-04T23:20:14.372+0000] {logging_mixin.py:188} INFO - [2024-04-04T23:20:14.371+0000] {dagbag.py:538} INFO - Filling up the DagBag from /home/airflow/.local/lib/python3.8/site-packages/airflow/example_dags/example_trigger_controller_dag.py
[2024-04-04T23:20:14.386+0000] {processor.py:840} INFO - DAG(s) 'example_trigger_controller_dag' retrieved from /home/airflow/.local/lib/python3.8/site-packages/airflow/example_dags/example_trigger_controller_dag.py
[2024-04-04T23:20:14.450+0000] {logging_mixin.py:188} INFO - [2024-04-04T23:20:14.449+0000] {dag.py:3036} INFO - Sync 1 DAGs
[2024-04-04T23:20:14.526+0000] {logging_mixin.py:188} INFO - [2024-04-04T23:20:14.525+0000] {dag.py:3823} INFO - Setting next_dagrun for example_trigger_controller_dag to 2021-01-01 00:00:00+00:00, run_after=2021-01-01 00:00:00+00:00
[2024-04-04T23:20:14.588+0000] {processor.py:183} INFO - Processing /home/airflow/.local/lib/python3.8/site-packages/airflow/example_dags/example_trigger_controller_dag.py took 0.235 seconds
[2024-04-04T23:20:45.108+0000] {processor.py:161} INFO - Started process (PID=48318) to work on /home/airflow/.local/lib/python3.8/site-packages/airflow/example_dags/example_trigger_controller_dag.py
[2024-04-04T23:20:45.111+0000] {processor.py:830} INFO - Processing file /home/airflow/.local/lib/python3.8/site-packages/airflow/example_dags/example_trigger_controller_dag.py for tasks to queue
[2024-04-04T23:20:45.114+0000] {logging_mixin.py:188} INFO - [2024-04-04T23:20:45.113+0000] {dagbag.py:538} INFO - Filling up the DagBag from /home/airflow/.local/lib/python3.8/site-packages/airflow/example_dags/example_trigger_controller_dag.py
[2024-04-04T23:20:45.127+0000] {processor.py:840} INFO - DAG(s) 'example_trigger_controller_dag' retrieved from /home/airflow/.local/lib/python3.8/site-packages/airflow/example_dags/example_trigger_controller_dag.py
[2024-04-04T23:20:45.186+0000] {logging_mixin.py:188} INFO - [2024-04-04T23:20:45.185+0000] {dag.py:3036} INFO - Sync 1 DAGs
[2024-04-04T23:20:45.244+0000] {logging_mixin.py:188} INFO - [2024-04-04T23:20:45.243+0000] {dag.py:3823} INFO - Setting next_dagrun for example_trigger_controller_dag to 2021-01-01 00:00:00+00:00, run_after=2021-01-01 00:00:00+00:00
[2024-04-04T23:20:45.307+0000] {processor.py:183} INFO - Processing /home/airflow/.local/lib/python3.8/site-packages/airflow/example_dags/example_trigger_controller_dag.py took 0.210 seconds
[2024-04-04T23:21:15.430+0000] {processor.py:161} INFO - Started process (PID=48378) to work on /home/airflow/.local/lib/python3.8/site-packages/airflow/example_dags/example_trigger_controller_dag.py
[2024-04-04T23:21:15.434+0000] {processor.py:830} INFO - Processing file /home/airflow/.local/lib/python3.8/site-packages/airflow/example_dags/example_trigger_controller_dag.py for tasks to queue
[2024-04-04T23:21:15.438+0000] {logging_mixin.py:188} INFO - [2024-04-04T23:21:15.437+0000] {dagbag.py:538} INFO - Filling up the DagBag from /home/airflow/.local/lib/python3.8/site-packages/airflow/example_dags/example_trigger_controller_dag.py
[2024-04-04T23:21:15.454+0000] {processor.py:840} INFO - DAG(s) 'example_trigger_controller_dag' retrieved from /home/airflow/.local/lib/python3.8/site-packages/airflow/example_dags/example_trigger_controller_dag.py
[2024-04-04T23:21:15.561+0000] {logging_mixin.py:188} INFO - [2024-04-04T23:21:15.560+0000] {dag.py:3036} INFO - Sync 1 DAGs
[2024-04-04T23:21:15.648+0000] {logging_mixin.py:188} INFO - [2024-04-04T23:21:15.647+0000] {dag.py:3823} INFO - Setting next_dagrun for example_trigger_controller_dag to 2021-01-01 00:00:00+00:00, run_after=2021-01-01 00:00:00+00:00
[2024-04-04T23:21:15.725+0000] {processor.py:183} INFO - Processing /home/airflow/.local/lib/python3.8/site-packages/airflow/example_dags/example_trigger_controller_dag.py took 0.308 seconds
[2024-04-04T23:21:47.343+0000] {processor.py:161} INFO - Started process (PID=48438) to work on /home/airflow/.local/lib/python3.8/site-packages/airflow/example_dags/example_trigger_controller_dag.py
[2024-04-04T23:21:47.348+0000] {processor.py:830} INFO - Processing file /home/airflow/.local/lib/python3.8/site-packages/airflow/example_dags/example_trigger_controller_dag.py for tasks to queue
[2024-04-04T23:21:47.354+0000] {logging_mixin.py:188} INFO - [2024-04-04T23:21:47.352+0000] {dagbag.py:538} INFO - Filling up the DagBag from /home/airflow/.local/lib/python3.8/site-packages/airflow/example_dags/example_trigger_controller_dag.py
[2024-04-04T23:21:47.380+0000] {processor.py:840} INFO - DAG(s) 'example_trigger_controller_dag' retrieved from /home/airflow/.local/lib/python3.8/site-packages/airflow/example_dags/example_trigger_controller_dag.py
[2024-04-04T23:21:47.497+0000] {logging_mixin.py:188} INFO - [2024-04-04T23:21:47.495+0000] {dag.py:3036} INFO - Sync 1 DAGs
[2024-04-04T23:21:47.615+0000] {logging_mixin.py:188} INFO - [2024-04-04T23:21:47.614+0000] {dag.py:3823} INFO - Setting next_dagrun for example_trigger_controller_dag to 2021-01-01 00:00:00+00:00, run_after=2021-01-01 00:00:00+00:00
[2024-04-04T23:21:47.693+0000] {processor.py:183} INFO - Processing /home/airflow/.local/lib/python3.8/site-packages/airflow/example_dags/example_trigger_controller_dag.py took 0.368 seconds
[2024-04-04T23:22:18.866+0000] {processor.py:161} INFO - Started process (PID=48498) to work on /home/airflow/.local/lib/python3.8/site-packages/airflow/example_dags/example_trigger_controller_dag.py
[2024-04-04T23:22:18.876+0000] {processor.py:830} INFO - Processing file /home/airflow/.local/lib/python3.8/site-packages/airflow/example_dags/example_trigger_controller_dag.py for tasks to queue
[2024-04-04T23:22:18.882+0000] {logging_mixin.py:188} INFO - [2024-04-04T23:22:18.881+0000] {dagbag.py:538} INFO - Filling up the DagBag from /home/airflow/.local/lib/python3.8/site-packages/airflow/example_dags/example_trigger_controller_dag.py
[2024-04-04T23:22:18.947+0000] {processor.py:840} INFO - DAG(s) 'example_trigger_controller_dag' retrieved from /home/airflow/.local/lib/python3.8/site-packages/airflow/example_dags/example_trigger_controller_dag.py
[2024-04-04T23:22:19.118+0000] {logging_mixin.py:188} INFO - [2024-04-04T23:22:19.117+0000] {dag.py:3036} INFO - Sync 1 DAGs
[2024-04-04T23:22:19.250+0000] {logging_mixin.py:188} INFO - [2024-04-04T23:22:19.249+0000] {dag.py:3823} INFO - Setting next_dagrun for example_trigger_controller_dag to 2021-01-01 00:00:00+00:00, run_after=2021-01-01 00:00:00+00:00
[2024-04-04T23:22:19.347+0000] {processor.py:183} INFO - Processing /home/airflow/.local/lib/python3.8/site-packages/airflow/example_dags/example_trigger_controller_dag.py took 0.504 seconds
[2024-04-04T23:22:49.979+0000] {processor.py:161} INFO - Started process (PID=48558) to work on /home/airflow/.local/lib/python3.8/site-packages/airflow/example_dags/example_trigger_controller_dag.py
[2024-04-04T23:22:49.982+0000] {processor.py:830} INFO - Processing file /home/airflow/.local/lib/python3.8/site-packages/airflow/example_dags/example_trigger_controller_dag.py for tasks to queue
[2024-04-04T23:22:49.985+0000] {logging_mixin.py:188} INFO - [2024-04-04T23:22:49.984+0000] {dagbag.py:538} INFO - Filling up the DagBag from /home/airflow/.local/lib/python3.8/site-packages/airflow/example_dags/example_trigger_controller_dag.py
[2024-04-04T23:22:49.997+0000] {processor.py:840} INFO - DAG(s) 'example_trigger_controller_dag' retrieved from /home/airflow/.local/lib/python3.8/site-packages/airflow/example_dags/example_trigger_controller_dag.py
[2024-04-04T23:22:50.054+0000] {logging_mixin.py:188} INFO - [2024-04-04T23:22:50.053+0000] {dag.py:3036} INFO - Sync 1 DAGs
[2024-04-04T23:22:50.117+0000] {logging_mixin.py:188} INFO - [2024-04-04T23:22:50.116+0000] {dag.py:3823} INFO - Setting next_dagrun for example_trigger_controller_dag to 2021-01-01 00:00:00+00:00, run_after=2021-01-01 00:00:00+00:00
[2024-04-04T23:22:50.184+0000] {processor.py:183} INFO - Processing /home/airflow/.local/lib/python3.8/site-packages/airflow/example_dags/example_trigger_controller_dag.py took 0.215 seconds
[2024-04-04T23:23:20.830+0000] {processor.py:161} INFO - Started process (PID=48618) to work on /home/airflow/.local/lib/python3.8/site-packages/airflow/example_dags/example_trigger_controller_dag.py
[2024-04-04T23:23:20.833+0000] {processor.py:830} INFO - Processing file /home/airflow/.local/lib/python3.8/site-packages/airflow/example_dags/example_trigger_controller_dag.py for tasks to queue
[2024-04-04T23:23:20.836+0000] {logging_mixin.py:188} INFO - [2024-04-04T23:23:20.835+0000] {dagbag.py:538} INFO - Filling up the DagBag from /home/airflow/.local/lib/python3.8/site-packages/airflow/example_dags/example_trigger_controller_dag.py
[2024-04-04T23:23:20.847+0000] {processor.py:840} INFO - DAG(s) 'example_trigger_controller_dag' retrieved from /home/airflow/.local/lib/python3.8/site-packages/airflow/example_dags/example_trigger_controller_dag.py
[2024-04-04T23:23:20.898+0000] {logging_mixin.py:188} INFO - [2024-04-04T23:23:20.898+0000] {dag.py:3036} INFO - Sync 1 DAGs
[2024-04-04T23:23:20.953+0000] {logging_mixin.py:188} INFO - [2024-04-04T23:23:20.953+0000] {dag.py:3823} INFO - Setting next_dagrun for example_trigger_controller_dag to 2021-01-01 00:00:00+00:00, run_after=2021-01-01 00:00:00+00:00
[2024-04-04T23:23:21.005+0000] {processor.py:183} INFO - Processing /home/airflow/.local/lib/python3.8/site-packages/airflow/example_dags/example_trigger_controller_dag.py took 0.184 seconds
[2024-04-04T23:23:51.696+0000] {processor.py:161} INFO - Started process (PID=48676) to work on /home/airflow/.local/lib/python3.8/site-packages/airflow/example_dags/example_trigger_controller_dag.py
[2024-04-04T23:23:51.699+0000] {processor.py:830} INFO - Processing file /home/airflow/.local/lib/python3.8/site-packages/airflow/example_dags/example_trigger_controller_dag.py for tasks to queue
[2024-04-04T23:23:51.702+0000] {logging_mixin.py:188} INFO - [2024-04-04T23:23:51.702+0000] {dagbag.py:538} INFO - Filling up the DagBag from /home/airflow/.local/lib/python3.8/site-packages/airflow/example_dags/example_trigger_controller_dag.py
[2024-04-04T23:23:51.715+0000] {processor.py:840} INFO - DAG(s) 'example_trigger_controller_dag' retrieved from /home/airflow/.local/lib/python3.8/site-packages/airflow/example_dags/example_trigger_controller_dag.py
[2024-04-04T23:23:51.770+0000] {logging_mixin.py:188} INFO - [2024-04-04T23:23:51.770+0000] {dag.py:3036} INFO - Sync 1 DAGs
[2024-04-04T23:23:51.825+0000] {logging_mixin.py:188} INFO - [2024-04-04T23:23:51.824+0000] {dag.py:3823} INFO - Setting next_dagrun for example_trigger_controller_dag to 2021-01-01 00:00:00+00:00, run_after=2021-01-01 00:00:00+00:00
[2024-04-04T23:23:51.872+0000] {processor.py:183} INFO - Processing /home/airflow/.local/lib/python3.8/site-packages/airflow/example_dags/example_trigger_controller_dag.py took 0.184 seconds
[2024-04-04T23:24:22.102+0000] {processor.py:161} INFO - Started process (PID=48736) to work on /home/airflow/.local/lib/python3.8/site-packages/airflow/example_dags/example_trigger_controller_dag.py
[2024-04-04T23:24:22.109+0000] {processor.py:830} INFO - Processing file /home/airflow/.local/lib/python3.8/site-packages/airflow/example_dags/example_trigger_controller_dag.py for tasks to queue
[2024-04-04T23:24:22.117+0000] {logging_mixin.py:188} INFO - [2024-04-04T23:24:22.115+0000] {dagbag.py:538} INFO - Filling up the DagBag from /home/airflow/.local/lib/python3.8/site-packages/airflow/example_dags/example_trigger_controller_dag.py
[2024-04-04T23:24:22.150+0000] {processor.py:840} INFO - DAG(s) 'example_trigger_controller_dag' retrieved from /home/airflow/.local/lib/python3.8/site-packages/airflow/example_dags/example_trigger_controller_dag.py
[2024-04-04T23:24:22.300+0000] {logging_mixin.py:188} INFO - [2024-04-04T23:24:22.299+0000] {dag.py:3036} INFO - Sync 1 DAGs
[2024-04-04T23:24:22.562+0000] {logging_mixin.py:188} INFO - [2024-04-04T23:24:22.560+0000] {dag.py:3823} INFO - Setting next_dagrun for example_trigger_controller_dag to 2021-01-01 00:00:00+00:00, run_after=2021-01-01 00:00:00+00:00
[2024-04-04T23:24:22.709+0000] {processor.py:183} INFO - Processing /home/airflow/.local/lib/python3.8/site-packages/airflow/example_dags/example_trigger_controller_dag.py took 0.631 seconds
[2024-04-04T23:24:53.230+0000] {processor.py:161} INFO - Started process (PID=48796) to work on /home/airflow/.local/lib/python3.8/site-packages/airflow/example_dags/example_trigger_controller_dag.py
[2024-04-04T23:24:53.232+0000] {processor.py:830} INFO - Processing file /home/airflow/.local/lib/python3.8/site-packages/airflow/example_dags/example_trigger_controller_dag.py for tasks to queue
[2024-04-04T23:24:53.234+0000] {logging_mixin.py:188} INFO - [2024-04-04T23:24:53.233+0000] {dagbag.py:538} INFO - Filling up the DagBag from /home/airflow/.local/lib/python3.8/site-packages/airflow/example_dags/example_trigger_controller_dag.py
[2024-04-04T23:24:53.242+0000] {processor.py:840} INFO - DAG(s) 'example_trigger_controller_dag' retrieved from /home/airflow/.local/lib/python3.8/site-packages/airflow/example_dags/example_trigger_controller_dag.py
[2024-04-04T23:24:53.278+0000] {logging_mixin.py:188} INFO - [2024-04-04T23:24:53.277+0000] {dag.py:3036} INFO - Sync 1 DAGs
[2024-04-04T23:24:53.314+0000] {logging_mixin.py:188} INFO - [2024-04-04T23:24:53.314+0000] {dag.py:3823} INFO - Setting next_dagrun for example_trigger_controller_dag to 2021-01-01 00:00:00+00:00, run_after=2021-01-01 00:00:00+00:00
[2024-04-04T23:24:53.350+0000] {processor.py:183} INFO - Processing /home/airflow/.local/lib/python3.8/site-packages/airflow/example_dags/example_trigger_controller_dag.py took 0.126 seconds
[2024-04-04T23:25:23.820+0000] {processor.py:161} INFO - Started process (PID=48856) to work on /home/airflow/.local/lib/python3.8/site-packages/airflow/example_dags/example_trigger_controller_dag.py
[2024-04-04T23:25:23.823+0000] {processor.py:830} INFO - Processing file /home/airflow/.local/lib/python3.8/site-packages/airflow/example_dags/example_trigger_controller_dag.py for tasks to queue
[2024-04-04T23:25:23.825+0000] {logging_mixin.py:188} INFO - [2024-04-04T23:25:23.825+0000] {dagbag.py:538} INFO - Filling up the DagBag from /home/airflow/.local/lib/python3.8/site-packages/airflow/example_dags/example_trigger_controller_dag.py
[2024-04-04T23:25:23.835+0000] {processor.py:840} INFO - DAG(s) 'example_trigger_controller_dag' retrieved from /home/airflow/.local/lib/python3.8/site-packages/airflow/example_dags/example_trigger_controller_dag.py
[2024-04-04T23:25:23.878+0000] {logging_mixin.py:188} INFO - [2024-04-04T23:25:23.878+0000] {dag.py:3036} INFO - Sync 1 DAGs
[2024-04-04T23:25:23.925+0000] {logging_mixin.py:188} INFO - [2024-04-04T23:25:23.925+0000] {dag.py:3823} INFO - Setting next_dagrun for example_trigger_controller_dag to 2021-01-01 00:00:00+00:00, run_after=2021-01-01 00:00:00+00:00
[2024-04-04T23:25:23.963+0000] {processor.py:183} INFO - Processing /home/airflow/.local/lib/python3.8/site-packages/airflow/example_dags/example_trigger_controller_dag.py took 0.154 seconds
[2024-04-04T23:25:54.659+0000] {processor.py:161} INFO - Started process (PID=48916) to work on /home/airflow/.local/lib/python3.8/site-packages/airflow/example_dags/example_trigger_controller_dag.py
[2024-04-04T23:25:54.663+0000] {processor.py:830} INFO - Processing file /home/airflow/.local/lib/python3.8/site-packages/airflow/example_dags/example_trigger_controller_dag.py for tasks to queue
[2024-04-04T23:25:54.668+0000] {logging_mixin.py:188} INFO - [2024-04-04T23:25:54.667+0000] {dagbag.py:538} INFO - Filling up the DagBag from /home/airflow/.local/lib/python3.8/site-packages/airflow/example_dags/example_trigger_controller_dag.py
[2024-04-04T23:25:54.688+0000] {processor.py:840} INFO - DAG(s) 'example_trigger_controller_dag' retrieved from /home/airflow/.local/lib/python3.8/site-packages/airflow/example_dags/example_trigger_controller_dag.py
[2024-04-04T23:25:54.773+0000] {logging_mixin.py:188} INFO - [2024-04-04T23:25:54.772+0000] {dag.py:3036} INFO - Sync 1 DAGs
[2024-04-04T23:25:54.853+0000] {logging_mixin.py:188} INFO - [2024-04-04T23:25:54.852+0000] {dag.py:3823} INFO - Setting next_dagrun for example_trigger_controller_dag to 2021-01-01 00:00:00+00:00, run_after=2021-01-01 00:00:00+00:00
[2024-04-04T23:25:54.921+0000] {processor.py:183} INFO - Processing /home/airflow/.local/lib/python3.8/site-packages/airflow/example_dags/example_trigger_controller_dag.py took 0.279 seconds
[2024-04-04T23:26:25.755+0000] {processor.py:161} INFO - Started process (PID=48976) to work on /home/airflow/.local/lib/python3.8/site-packages/airflow/example_dags/example_trigger_controller_dag.py
[2024-04-04T23:26:25.762+0000] {processor.py:830} INFO - Processing file /home/airflow/.local/lib/python3.8/site-packages/airflow/example_dags/example_trigger_controller_dag.py for tasks to queue
[2024-04-04T23:26:25.770+0000] {logging_mixin.py:188} INFO - [2024-04-04T23:26:25.768+0000] {dagbag.py:538} INFO - Filling up the DagBag from /home/airflow/.local/lib/python3.8/site-packages/airflow/example_dags/example_trigger_controller_dag.py
[2024-04-04T23:26:25.805+0000] {processor.py:840} INFO - DAG(s) 'example_trigger_controller_dag' retrieved from /home/airflow/.local/lib/python3.8/site-packages/airflow/example_dags/example_trigger_controller_dag.py
[2024-04-04T23:26:25.965+0000] {logging_mixin.py:188} INFO - [2024-04-04T23:26:25.964+0000] {dag.py:3036} INFO - Sync 1 DAGs
[2024-04-04T23:26:26.106+0000] {logging_mixin.py:188} INFO - [2024-04-04T23:26:26.104+0000] {dag.py:3823} INFO - Setting next_dagrun for example_trigger_controller_dag to 2021-01-01 00:00:00+00:00, run_after=2021-01-01 00:00:00+00:00
[2024-04-04T23:26:26.217+0000] {processor.py:183} INFO - Processing /home/airflow/.local/lib/python3.8/site-packages/airflow/example_dags/example_trigger_controller_dag.py took 0.483 seconds
[2024-04-04T23:26:56.595+0000] {processor.py:161} INFO - Started process (PID=49036) to work on /home/airflow/.local/lib/python3.8/site-packages/airflow/example_dags/example_trigger_controller_dag.py
[2024-04-04T23:26:56.601+0000] {processor.py:830} INFO - Processing file /home/airflow/.local/lib/python3.8/site-packages/airflow/example_dags/example_trigger_controller_dag.py for tasks to queue
[2024-04-04T23:26:56.609+0000] {logging_mixin.py:188} INFO - [2024-04-04T23:26:56.606+0000] {dagbag.py:538} INFO - Filling up the DagBag from /home/airflow/.local/lib/python3.8/site-packages/airflow/example_dags/example_trigger_controller_dag.py
[2024-04-04T23:26:56.648+0000] {processor.py:840} INFO - DAG(s) 'example_trigger_controller_dag' retrieved from /home/airflow/.local/lib/python3.8/site-packages/airflow/example_dags/example_trigger_controller_dag.py
[2024-04-04T23:26:56.802+0000] {logging_mixin.py:188} INFO - [2024-04-04T23:26:56.800+0000] {dag.py:3036} INFO - Sync 1 DAGs
[2024-04-04T23:26:56.948+0000] {logging_mixin.py:188} INFO - [2024-04-04T23:26:56.945+0000] {dag.py:3823} INFO - Setting next_dagrun for example_trigger_controller_dag to 2021-01-01 00:00:00+00:00, run_after=2021-01-01 00:00:00+00:00
[2024-04-04T23:26:57.078+0000] {processor.py:183} INFO - Processing /home/airflow/.local/lib/python3.8/site-packages/airflow/example_dags/example_trigger_controller_dag.py took 0.510 seconds
[2024-04-04T23:27:27.457+0000] {processor.py:161} INFO - Started process (PID=49097) to work on /home/airflow/.local/lib/python3.8/site-packages/airflow/example_dags/example_trigger_controller_dag.py
[2024-04-04T23:27:27.459+0000] {processor.py:830} INFO - Processing file /home/airflow/.local/lib/python3.8/site-packages/airflow/example_dags/example_trigger_controller_dag.py for tasks to queue
[2024-04-04T23:27:27.462+0000] {logging_mixin.py:188} INFO - [2024-04-04T23:27:27.461+0000] {dagbag.py:538} INFO - Filling up the DagBag from /home/airflow/.local/lib/python3.8/site-packages/airflow/example_dags/example_trigger_controller_dag.py
[2024-04-04T23:27:27.473+0000] {processor.py:840} INFO - DAG(s) 'example_trigger_controller_dag' retrieved from /home/airflow/.local/lib/python3.8/site-packages/airflow/example_dags/example_trigger_controller_dag.py
[2024-04-04T23:27:27.525+0000] {logging_mixin.py:188} INFO - [2024-04-04T23:27:27.524+0000] {dag.py:3036} INFO - Sync 1 DAGs
[2024-04-04T23:27:27.571+0000] {logging_mixin.py:188} INFO - [2024-04-04T23:27:27.570+0000] {dag.py:3823} INFO - Setting next_dagrun for example_trigger_controller_dag to 2021-01-01 00:00:00+00:00, run_after=2021-01-01 00:00:00+00:00
[2024-04-04T23:27:27.614+0000] {processor.py:183} INFO - Processing /home/airflow/.local/lib/python3.8/site-packages/airflow/example_dags/example_trigger_controller_dag.py took 0.166 seconds
[2024-04-04T23:27:57.762+0000] {processor.py:161} INFO - Started process (PID=49157) to work on /home/airflow/.local/lib/python3.8/site-packages/airflow/example_dags/example_trigger_controller_dag.py
[2024-04-04T23:27:57.765+0000] {processor.py:830} INFO - Processing file /home/airflow/.local/lib/python3.8/site-packages/airflow/example_dags/example_trigger_controller_dag.py for tasks to queue
[2024-04-04T23:27:57.767+0000] {logging_mixin.py:188} INFO - [2024-04-04T23:27:57.767+0000] {dagbag.py:538} INFO - Filling up the DagBag from /home/airflow/.local/lib/python3.8/site-packages/airflow/example_dags/example_trigger_controller_dag.py
[2024-04-04T23:27:57.778+0000] {processor.py:840} INFO - DAG(s) 'example_trigger_controller_dag' retrieved from /home/airflow/.local/lib/python3.8/site-packages/airflow/example_dags/example_trigger_controller_dag.py
[2024-04-04T23:27:57.827+0000] {logging_mixin.py:188} INFO - [2024-04-04T23:27:57.827+0000] {dag.py:3036} INFO - Sync 1 DAGs
[2024-04-04T23:27:57.877+0000] {logging_mixin.py:188} INFO - [2024-04-04T23:27:57.876+0000] {dag.py:3823} INFO - Setting next_dagrun for example_trigger_controller_dag to 2021-01-01 00:00:00+00:00, run_after=2021-01-01 00:00:00+00:00
[2024-04-04T23:27:57.932+0000] {processor.py:183} INFO - Processing /home/airflow/.local/lib/python3.8/site-packages/airflow/example_dags/example_trigger_controller_dag.py took 0.178 seconds
[2024-04-04T23:28:28.982+0000] {processor.py:161} INFO - Started process (PID=49217) to work on /home/airflow/.local/lib/python3.8/site-packages/airflow/example_dags/example_trigger_controller_dag.py
[2024-04-04T23:28:28.988+0000] {processor.py:830} INFO - Processing file /home/airflow/.local/lib/python3.8/site-packages/airflow/example_dags/example_trigger_controller_dag.py for tasks to queue
[2024-04-04T23:28:28.994+0000] {logging_mixin.py:188} INFO - [2024-04-04T23:28:28.992+0000] {dagbag.py:538} INFO - Filling up the DagBag from /home/airflow/.local/lib/python3.8/site-packages/airflow/example_dags/example_trigger_controller_dag.py
[2024-04-04T23:28:29.025+0000] {processor.py:840} INFO - DAG(s) 'example_trigger_controller_dag' retrieved from /home/airflow/.local/lib/python3.8/site-packages/airflow/example_dags/example_trigger_controller_dag.py
[2024-04-04T23:28:29.164+0000] {logging_mixin.py:188} INFO - [2024-04-04T23:28:29.163+0000] {dag.py:3036} INFO - Sync 1 DAGs
[2024-04-04T23:28:29.416+0000] {logging_mixin.py:188} INFO - [2024-04-04T23:28:29.414+0000] {dag.py:3823} INFO - Setting next_dagrun for example_trigger_controller_dag to 2021-01-01 00:00:00+00:00, run_after=2021-01-01 00:00:00+00:00
[2024-04-04T23:28:29.565+0000] {processor.py:183} INFO - Processing /home/airflow/.local/lib/python3.8/site-packages/airflow/example_dags/example_trigger_controller_dag.py took 0.605 seconds
[2024-04-04T23:29:00.644+0000] {processor.py:161} INFO - Started process (PID=49277) to work on /home/airflow/.local/lib/python3.8/site-packages/airflow/example_dags/example_trigger_controller_dag.py
[2024-04-04T23:29:00.650+0000] {processor.py:830} INFO - Processing file /home/airflow/.local/lib/python3.8/site-packages/airflow/example_dags/example_trigger_controller_dag.py for tasks to queue
[2024-04-04T23:29:00.657+0000] {logging_mixin.py:188} INFO - [2024-04-04T23:29:00.655+0000] {dagbag.py:538} INFO - Filling up the DagBag from /home/airflow/.local/lib/python3.8/site-packages/airflow/example_dags/example_trigger_controller_dag.py
[2024-04-04T23:29:00.689+0000] {processor.py:840} INFO - DAG(s) 'example_trigger_controller_dag' retrieved from /home/airflow/.local/lib/python3.8/site-packages/airflow/example_dags/example_trigger_controller_dag.py
[2024-04-04T23:29:00.817+0000] {logging_mixin.py:188} INFO - [2024-04-04T23:29:00.815+0000] {dag.py:3036} INFO - Sync 1 DAGs
[2024-04-04T23:29:00.962+0000] {logging_mixin.py:188} INFO - [2024-04-04T23:29:00.961+0000] {dag.py:3823} INFO - Setting next_dagrun for example_trigger_controller_dag to 2021-01-01 00:00:00+00:00, run_after=2021-01-01 00:00:00+00:00
[2024-04-04T23:29:01.080+0000] {processor.py:183} INFO - Processing /home/airflow/.local/lib/python3.8/site-packages/airflow/example_dags/example_trigger_controller_dag.py took 0.462 seconds
[2024-04-04T23:29:31.604+0000] {processor.py:161} INFO - Started process (PID=49337) to work on /home/airflow/.local/lib/python3.8/site-packages/airflow/example_dags/example_trigger_controller_dag.py
[2024-04-04T23:29:31.615+0000] {processor.py:830} INFO - Processing file /home/airflow/.local/lib/python3.8/site-packages/airflow/example_dags/example_trigger_controller_dag.py for tasks to queue
[2024-04-04T23:29:31.622+0000] {logging_mixin.py:188} INFO - [2024-04-04T23:29:31.620+0000] {dagbag.py:538} INFO - Filling up the DagBag from /home/airflow/.local/lib/python3.8/site-packages/airflow/example_dags/example_trigger_controller_dag.py
[2024-04-04T23:29:31.640+0000] {processor.py:840} INFO - DAG(s) 'example_trigger_controller_dag' retrieved from /home/airflow/.local/lib/python3.8/site-packages/airflow/example_dags/example_trigger_controller_dag.py
[2024-04-04T23:29:31.714+0000] {logging_mixin.py:188} INFO - [2024-04-04T23:29:31.713+0000] {dag.py:3036} INFO - Sync 1 DAGs
[2024-04-04T23:29:31.847+0000] {logging_mixin.py:188} INFO - [2024-04-04T23:29:31.846+0000] {dag.py:3823} INFO - Setting next_dagrun for example_trigger_controller_dag to 2021-01-01 00:00:00+00:00, run_after=2021-01-01 00:00:00+00:00
[2024-04-04T23:29:31.938+0000] {processor.py:183} INFO - Processing /home/airflow/.local/lib/python3.8/site-packages/airflow/example_dags/example_trigger_controller_dag.py took 0.354 seconds
[2024-04-04T23:30:02.074+0000] {processor.py:161} INFO - Started process (PID=49396) to work on /home/airflow/.local/lib/python3.8/site-packages/airflow/example_dags/example_trigger_controller_dag.py
[2024-04-04T23:30:02.078+0000] {processor.py:830} INFO - Processing file /home/airflow/.local/lib/python3.8/site-packages/airflow/example_dags/example_trigger_controller_dag.py for tasks to queue
[2024-04-04T23:30:02.082+0000] {logging_mixin.py:188} INFO - [2024-04-04T23:30:02.081+0000] {dagbag.py:538} INFO - Filling up the DagBag from /home/airflow/.local/lib/python3.8/site-packages/airflow/example_dags/example_trigger_controller_dag.py
[2024-04-04T23:30:02.096+0000] {processor.py:840} INFO - DAG(s) 'example_trigger_controller_dag' retrieved from /home/airflow/.local/lib/python3.8/site-packages/airflow/example_dags/example_trigger_controller_dag.py
[2024-04-04T23:30:02.157+0000] {logging_mixin.py:188} INFO - [2024-04-04T23:30:02.156+0000] {dag.py:3036} INFO - Sync 1 DAGs
[2024-04-04T23:30:02.219+0000] {logging_mixin.py:188} INFO - [2024-04-04T23:30:02.218+0000] {dag.py:3823} INFO - Setting next_dagrun for example_trigger_controller_dag to 2021-01-01 00:00:00+00:00, run_after=2021-01-01 00:00:00+00:00
[2024-04-04T23:30:02.282+0000] {processor.py:183} INFO - Processing /home/airflow/.local/lib/python3.8/site-packages/airflow/example_dags/example_trigger_controller_dag.py took 0.219 seconds
[2024-04-04T23:30:38.335+0000] {processor.py:161} INFO - Started process (PID=49456) to work on /home/airflow/.local/lib/python3.8/site-packages/airflow/example_dags/example_trigger_controller_dag.py
[2024-04-04T23:30:38.343+0000] {processor.py:830} INFO - Processing file /home/airflow/.local/lib/python3.8/site-packages/airflow/example_dags/example_trigger_controller_dag.py for tasks to queue
[2024-04-04T23:30:38.355+0000] {logging_mixin.py:188} INFO - [2024-04-04T23:30:38.353+0000] {dagbag.py:538} INFO - Filling up the DagBag from /home/airflow/.local/lib/python3.8/site-packages/airflow/example_dags/example_trigger_controller_dag.py
[2024-04-04T23:30:38.383+0000] {processor.py:840} INFO - DAG(s) 'example_trigger_controller_dag' retrieved from /home/airflow/.local/lib/python3.8/site-packages/airflow/example_dags/example_trigger_controller_dag.py
[2024-04-04T23:30:38.503+0000] {logging_mixin.py:188} INFO - [2024-04-04T23:30:38.501+0000] {dag.py:3036} INFO - Sync 1 DAGs
[2024-04-04T23:30:38.655+0000] {logging_mixin.py:188} INFO - [2024-04-04T23:30:38.653+0000] {dag.py:3823} INFO - Setting next_dagrun for example_trigger_controller_dag to 2021-01-01 00:00:00+00:00, run_after=2021-01-01 00:00:00+00:00
[2024-04-04T23:30:38.773+0000] {processor.py:183} INFO - Processing /home/airflow/.local/lib/python3.8/site-packages/airflow/example_dags/example_trigger_controller_dag.py took 0.460 seconds
[2024-04-04T23:31:09.019+0000] {processor.py:161} INFO - Started process (PID=49517) to work on /home/airflow/.local/lib/python3.8/site-packages/airflow/example_dags/example_trigger_controller_dag.py
[2024-04-04T23:31:09.025+0000] {processor.py:830} INFO - Processing file /home/airflow/.local/lib/python3.8/site-packages/airflow/example_dags/example_trigger_controller_dag.py for tasks to queue
[2024-04-04T23:31:09.032+0000] {logging_mixin.py:188} INFO - [2024-04-04T23:31:09.030+0000] {dagbag.py:538} INFO - Filling up the DagBag from /home/airflow/.local/lib/python3.8/site-packages/airflow/example_dags/example_trigger_controller_dag.py
[2024-04-04T23:31:09.065+0000] {processor.py:840} INFO - DAG(s) 'example_trigger_controller_dag' retrieved from /home/airflow/.local/lib/python3.8/site-packages/airflow/example_dags/example_trigger_controller_dag.py
[2024-04-04T23:31:09.204+0000] {logging_mixin.py:188} INFO - [2024-04-04T23:31:09.202+0000] {dag.py:3036} INFO - Sync 1 DAGs
[2024-04-04T23:31:09.392+0000] {logging_mixin.py:188} INFO - [2024-04-04T23:31:09.390+0000] {dag.py:3823} INFO - Setting next_dagrun for example_trigger_controller_dag to 2021-01-01 00:00:00+00:00, run_after=2021-01-01 00:00:00+00:00
[2024-04-04T23:31:09.548+0000] {processor.py:183} INFO - Processing /home/airflow/.local/lib/python3.8/site-packages/airflow/example_dags/example_trigger_controller_dag.py took 0.550 seconds
[2024-04-04T23:31:40.660+0000] {processor.py:161} INFO - Started process (PID=49577) to work on /home/airflow/.local/lib/python3.8/site-packages/airflow/example_dags/example_trigger_controller_dag.py
[2024-04-04T23:31:40.667+0000] {processor.py:830} INFO - Processing file /home/airflow/.local/lib/python3.8/site-packages/airflow/example_dags/example_trigger_controller_dag.py for tasks to queue
[2024-04-04T23:31:40.674+0000] {logging_mixin.py:188} INFO - [2024-04-04T23:31:40.672+0000] {dagbag.py:538} INFO - Filling up the DagBag from /home/airflow/.local/lib/python3.8/site-packages/airflow/example_dags/example_trigger_controller_dag.py
[2024-04-04T23:31:40.704+0000] {processor.py:840} INFO - DAG(s) 'example_trigger_controller_dag' retrieved from /home/airflow/.local/lib/python3.8/site-packages/airflow/example_dags/example_trigger_controller_dag.py
[2024-04-04T23:31:40.849+0000] {logging_mixin.py:188} INFO - [2024-04-04T23:31:40.847+0000] {dag.py:3036} INFO - Sync 1 DAGs
[2024-04-04T23:31:41.033+0000] {logging_mixin.py:188} INFO - [2024-04-04T23:31:41.031+0000] {dag.py:3823} INFO - Setting next_dagrun for example_trigger_controller_dag to 2021-01-01 00:00:00+00:00, run_after=2021-01-01 00:00:00+00:00
[2024-04-04T23:31:41.181+0000] {processor.py:183} INFO - Processing /home/airflow/.local/lib/python3.8/site-packages/airflow/example_dags/example_trigger_controller_dag.py took 0.547 seconds
