[2024-04-04T20:01:55.752+0000] {processor.py:161} INFO - Started process (PID=43453) to work on /home/airflow/.local/lib/python3.8/site-packages/airflow/example_dags/tutorial.py
[2024-04-04T20:01:55.755+0000] {processor.py:830} INFO - Processing file /home/airflow/.local/lib/python3.8/site-packages/airflow/example_dags/tutorial.py for tasks to queue
[2024-04-04T20:01:55.770+0000] {logging_mixin.py:188} INFO - [2024-04-04T20:01:55.769+0000] {dagbag.py:538} INFO - Filling up the DagBag from /home/airflow/.local/lib/python3.8/site-packages/airflow/example_dags/tutorial.py
[2024-04-04T20:01:55.819+0000] {processor.py:840} INFO - DAG(s) 'tutorial' retrieved from /home/airflow/.local/lib/python3.8/site-packages/airflow/example_dags/tutorial.py
[2024-04-04T20:01:55.954+0000] {logging_mixin.py:188} INFO - [2024-04-04T20:01:55.954+0000] {dag.py:3036} INFO - Sync 1 DAGs
[2024-04-04T20:01:56.103+0000] {logging_mixin.py:188} INFO - [2024-04-04T20:01:56.102+0000] {dag.py:3823} INFO - Setting next_dagrun for tutorial to 2024-04-03 00:00:00+00:00, run_after=2024-04-04 00:00:00+00:00
[2024-04-04T20:01:56.214+0000] {processor.py:183} INFO - Processing /home/airflow/.local/lib/python3.8/site-packages/airflow/example_dags/tutorial.py took 0.510 seconds
[2024-04-04T18:12:25.279+0000] {processor.py:161} INFO - Started process (PID=46130) to work on /home/airflow/.local/lib/python3.8/site-packages/airflow/example_dags/tutorial.py
[2024-04-04T18:12:25.293+0000] {processor.py:830} INFO - Processing file /home/airflow/.local/lib/python3.8/site-packages/airflow/example_dags/tutorial.py for tasks to queue
[2024-04-04T18:12:25.296+0000] {logging_mixin.py:188} INFO - [2024-04-04T18:12:25.295+0000] {dagbag.py:538} INFO - Filling up the DagBag from /home/airflow/.local/lib/python3.8/site-packages/airflow/example_dags/tutorial.py
[2024-04-04T18:12:25.328+0000] {processor.py:840} INFO - DAG(s) 'tutorial' retrieved from /home/airflow/.local/lib/python3.8/site-packages/airflow/example_dags/tutorial.py
[2024-04-04T18:12:25.440+0000] {logging_mixin.py:188} INFO - [2024-04-04T18:12:25.439+0000] {dag.py:3036} INFO - Sync 1 DAGs
[2024-04-04T18:12:25.560+0000] {logging_mixin.py:188} INFO - [2024-04-04T18:12:25.559+0000] {dag.py:3823} INFO - Setting next_dagrun for tutorial to 2024-04-03 00:00:00+00:00, run_after=2024-04-04 00:00:00+00:00
[2024-04-04T18:12:25.635+0000] {processor.py:183} INFO - Processing /home/airflow/.local/lib/python3.8/site-packages/airflow/example_dags/tutorial.py took 0.371 seconds
[2024-04-04T18:12:55.884+0000] {processor.py:161} INFO - Started process (PID=46190) to work on /home/airflow/.local/lib/python3.8/site-packages/airflow/example_dags/tutorial.py
[2024-04-04T18:12:55.886+0000] {processor.py:830} INFO - Processing file /home/airflow/.local/lib/python3.8/site-packages/airflow/example_dags/tutorial.py for tasks to queue
[2024-04-04T18:12:55.888+0000] {logging_mixin.py:188} INFO - [2024-04-04T18:12:55.888+0000] {dagbag.py:538} INFO - Filling up the DagBag from /home/airflow/.local/lib/python3.8/site-packages/airflow/example_dags/tutorial.py
[2024-04-04T18:12:55.896+0000] {processor.py:840} INFO - DAG(s) 'tutorial' retrieved from /home/airflow/.local/lib/python3.8/site-packages/airflow/example_dags/tutorial.py
[2024-04-04T18:12:55.924+0000] {logging_mixin.py:188} INFO - [2024-04-04T18:12:55.923+0000] {dag.py:3036} INFO - Sync 1 DAGs
[2024-04-04T18:12:55.947+0000] {logging_mixin.py:188} INFO - [2024-04-04T18:12:55.947+0000] {dag.py:3823} INFO - Setting next_dagrun for tutorial to 2024-04-03 00:00:00+00:00, run_after=2024-04-04 00:00:00+00:00
[2024-04-04T18:12:55.971+0000] {processor.py:183} INFO - Processing /home/airflow/.local/lib/python3.8/site-packages/airflow/example_dags/tutorial.py took 0.094 seconds
[2024-04-04T18:13:26.245+0000] {processor.py:161} INFO - Started process (PID=46250) to work on /home/airflow/.local/lib/python3.8/site-packages/airflow/example_dags/tutorial.py
[2024-04-04T18:13:26.246+0000] {processor.py:830} INFO - Processing file /home/airflow/.local/lib/python3.8/site-packages/airflow/example_dags/tutorial.py for tasks to queue
[2024-04-04T18:13:26.248+0000] {logging_mixin.py:188} INFO - [2024-04-04T18:13:26.248+0000] {dagbag.py:538} INFO - Filling up the DagBag from /home/airflow/.local/lib/python3.8/site-packages/airflow/example_dags/tutorial.py
[2024-04-04T18:13:26.255+0000] {processor.py:840} INFO - DAG(s) 'tutorial' retrieved from /home/airflow/.local/lib/python3.8/site-packages/airflow/example_dags/tutorial.py
[2024-04-04T18:13:26.280+0000] {logging_mixin.py:188} INFO - [2024-04-04T18:13:26.280+0000] {dag.py:3036} INFO - Sync 1 DAGs
[2024-04-04T18:13:26.301+0000] {logging_mixin.py:188} INFO - [2024-04-04T18:13:26.301+0000] {dag.py:3823} INFO - Setting next_dagrun for tutorial to 2024-04-03 00:00:00+00:00, run_after=2024-04-04 00:00:00+00:00
[2024-04-04T18:13:26.320+0000] {processor.py:183} INFO - Processing /home/airflow/.local/lib/python3.8/site-packages/airflow/example_dags/tutorial.py took 0.079 seconds
[2024-04-04T18:13:56.649+0000] {processor.py:161} INFO - Started process (PID=46310) to work on /home/airflow/.local/lib/python3.8/site-packages/airflow/example_dags/tutorial.py
[2024-04-04T18:13:56.651+0000] {processor.py:830} INFO - Processing file /home/airflow/.local/lib/python3.8/site-packages/airflow/example_dags/tutorial.py for tasks to queue
[2024-04-04T18:13:56.652+0000] {logging_mixin.py:188} INFO - [2024-04-04T18:13:56.651+0000] {dagbag.py:538} INFO - Filling up the DagBag from /home/airflow/.local/lib/python3.8/site-packages/airflow/example_dags/tutorial.py
[2024-04-04T18:13:56.658+0000] {processor.py:840} INFO - DAG(s) 'tutorial' retrieved from /home/airflow/.local/lib/python3.8/site-packages/airflow/example_dags/tutorial.py
[2024-04-04T18:13:56.681+0000] {logging_mixin.py:188} INFO - [2024-04-04T18:13:56.680+0000] {dag.py:3036} INFO - Sync 1 DAGs
[2024-04-04T18:13:56.703+0000] {logging_mixin.py:188} INFO - [2024-04-04T18:13:56.703+0000] {dag.py:3823} INFO - Setting next_dagrun for tutorial to 2024-04-03 00:00:00+00:00, run_after=2024-04-04 00:00:00+00:00
[2024-04-04T18:13:56.722+0000] {processor.py:183} INFO - Processing /home/airflow/.local/lib/python3.8/site-packages/airflow/example_dags/tutorial.py took 0.076 seconds
[2024-04-04T18:14:27.129+0000] {processor.py:161} INFO - Started process (PID=46370) to work on /home/airflow/.local/lib/python3.8/site-packages/airflow/example_dags/tutorial.py
[2024-04-04T18:14:27.131+0000] {processor.py:830} INFO - Processing file /home/airflow/.local/lib/python3.8/site-packages/airflow/example_dags/tutorial.py for tasks to queue
[2024-04-04T18:14:27.132+0000] {logging_mixin.py:188} INFO - [2024-04-04T18:14:27.132+0000] {dagbag.py:538} INFO - Filling up the DagBag from /home/airflow/.local/lib/python3.8/site-packages/airflow/example_dags/tutorial.py
[2024-04-04T18:14:27.140+0000] {processor.py:840} INFO - DAG(s) 'tutorial' retrieved from /home/airflow/.local/lib/python3.8/site-packages/airflow/example_dags/tutorial.py
[2024-04-04T18:14:27.167+0000] {logging_mixin.py:188} INFO - [2024-04-04T18:14:27.166+0000] {dag.py:3036} INFO - Sync 1 DAGs
[2024-04-04T18:14:27.196+0000] {logging_mixin.py:188} INFO - [2024-04-04T18:14:27.195+0000] {dag.py:3823} INFO - Setting next_dagrun for tutorial to 2024-04-03 00:00:00+00:00, run_after=2024-04-04 00:00:00+00:00
[2024-04-04T18:14:27.218+0000] {processor.py:183} INFO - Processing /home/airflow/.local/lib/python3.8/site-packages/airflow/example_dags/tutorial.py took 0.093 seconds
[2024-04-04T18:14:58.143+0000] {processor.py:161} INFO - Started process (PID=46430) to work on /home/airflow/.local/lib/python3.8/site-packages/airflow/example_dags/tutorial.py
[2024-04-04T18:14:58.148+0000] {processor.py:830} INFO - Processing file /home/airflow/.local/lib/python3.8/site-packages/airflow/example_dags/tutorial.py for tasks to queue
[2024-04-04T18:14:58.153+0000] {logging_mixin.py:188} INFO - [2024-04-04T18:14:58.152+0000] {dagbag.py:538} INFO - Filling up the DagBag from /home/airflow/.local/lib/python3.8/site-packages/airflow/example_dags/tutorial.py
[2024-04-04T18:14:58.182+0000] {processor.py:840} INFO - DAG(s) 'tutorial' retrieved from /home/airflow/.local/lib/python3.8/site-packages/airflow/example_dags/tutorial.py
[2024-04-04T18:14:58.281+0000] {logging_mixin.py:188} INFO - [2024-04-04T18:14:58.279+0000] {dag.py:3036} INFO - Sync 1 DAGs
[2024-04-04T18:14:58.376+0000] {logging_mixin.py:188} INFO - [2024-04-04T18:14:58.375+0000] {dag.py:3823} INFO - Setting next_dagrun for tutorial to 2024-04-03 00:00:00+00:00, run_after=2024-04-04 00:00:00+00:00
[2024-04-04T18:14:58.460+0000] {processor.py:183} INFO - Processing /home/airflow/.local/lib/python3.8/site-packages/airflow/example_dags/tutorial.py took 0.334 seconds
[2024-04-04T18:15:29.855+0000] {processor.py:161} INFO - Started process (PID=46490) to work on /home/airflow/.local/lib/python3.8/site-packages/airflow/example_dags/tutorial.py
[2024-04-04T18:15:29.861+0000] {processor.py:830} INFO - Processing file /home/airflow/.local/lib/python3.8/site-packages/airflow/example_dags/tutorial.py for tasks to queue
[2024-04-04T18:15:29.867+0000] {logging_mixin.py:188} INFO - [2024-04-04T18:15:29.865+0000] {dagbag.py:538} INFO - Filling up the DagBag from /home/airflow/.local/lib/python3.8/site-packages/airflow/example_dags/tutorial.py
[2024-04-04T18:15:29.909+0000] {processor.py:840} INFO - DAG(s) 'tutorial' retrieved from /home/airflow/.local/lib/python3.8/site-packages/airflow/example_dags/tutorial.py
[2024-04-04T18:15:30.089+0000] {logging_mixin.py:188} INFO - [2024-04-04T18:15:30.088+0000] {dag.py:3036} INFO - Sync 1 DAGs
[2024-04-04T18:15:30.229+0000] {logging_mixin.py:188} INFO - [2024-04-04T18:15:30.227+0000] {dag.py:3823} INFO - Setting next_dagrun for tutorial to 2024-04-03 00:00:00+00:00, run_after=2024-04-04 00:00:00+00:00
[2024-04-04T18:15:30.353+0000] {processor.py:183} INFO - Processing /home/airflow/.local/lib/python3.8/site-packages/airflow/example_dags/tutorial.py took 0.525 seconds
[2024-04-04T18:16:00.984+0000] {processor.py:161} INFO - Started process (PID=46550) to work on /home/airflow/.local/lib/python3.8/site-packages/airflow/example_dags/tutorial.py
[2024-04-04T18:16:00.986+0000] {processor.py:830} INFO - Processing file /home/airflow/.local/lib/python3.8/site-packages/airflow/example_dags/tutorial.py for tasks to queue
[2024-04-04T18:16:00.988+0000] {logging_mixin.py:188} INFO - [2024-04-04T18:16:00.988+0000] {dagbag.py:538} INFO - Filling up the DagBag from /home/airflow/.local/lib/python3.8/site-packages/airflow/example_dags/tutorial.py
[2024-04-04T18:16:01.000+0000] {processor.py:840} INFO - DAG(s) 'tutorial' retrieved from /home/airflow/.local/lib/python3.8/site-packages/airflow/example_dags/tutorial.py
[2024-04-04T18:16:01.039+0000] {logging_mixin.py:188} INFO - [2024-04-04T18:16:01.039+0000] {dag.py:3036} INFO - Sync 1 DAGs
[2024-04-04T18:16:01.083+0000] {logging_mixin.py:188} INFO - [2024-04-04T18:16:01.082+0000] {dag.py:3823} INFO - Setting next_dagrun for tutorial to 2024-04-03 00:00:00+00:00, run_after=2024-04-04 00:00:00+00:00
[2024-04-04T18:16:01.125+0000] {processor.py:183} INFO - Processing /home/airflow/.local/lib/python3.8/site-packages/airflow/example_dags/tutorial.py took 0.147 seconds
[2024-04-04T18:16:31.733+0000] {processor.py:161} INFO - Started process (PID=46610) to work on /home/airflow/.local/lib/python3.8/site-packages/airflow/example_dags/tutorial.py
[2024-04-04T18:16:31.736+0000] {processor.py:830} INFO - Processing file /home/airflow/.local/lib/python3.8/site-packages/airflow/example_dags/tutorial.py for tasks to queue
[2024-04-04T18:16:31.738+0000] {logging_mixin.py:188} INFO - [2024-04-04T18:16:31.738+0000] {dagbag.py:538} INFO - Filling up the DagBag from /home/airflow/.local/lib/python3.8/site-packages/airflow/example_dags/tutorial.py
[2024-04-04T18:16:31.753+0000] {processor.py:840} INFO - DAG(s) 'tutorial' retrieved from /home/airflow/.local/lib/python3.8/site-packages/airflow/example_dags/tutorial.py
[2024-04-04T18:16:31.832+0000] {logging_mixin.py:188} INFO - [2024-04-04T18:16:31.831+0000] {dag.py:3036} INFO - Sync 1 DAGs
[2024-04-04T18:16:32.081+0000] {logging_mixin.py:188} INFO - [2024-04-04T18:16:32.079+0000] {dag.py:3823} INFO - Setting next_dagrun for tutorial to 2024-04-03 00:00:00+00:00, run_after=2024-04-04 00:00:00+00:00
[2024-04-04T18:16:32.205+0000] {processor.py:183} INFO - Processing /home/airflow/.local/lib/python3.8/site-packages/airflow/example_dags/tutorial.py took 0.482 seconds
[2024-04-04T18:17:02.465+0000] {processor.py:161} INFO - Started process (PID=46671) to work on /home/airflow/.local/lib/python3.8/site-packages/airflow/example_dags/tutorial.py
[2024-04-04T18:17:02.471+0000] {processor.py:830} INFO - Processing file /home/airflow/.local/lib/python3.8/site-packages/airflow/example_dags/tutorial.py for tasks to queue
[2024-04-04T18:17:02.478+0000] {logging_mixin.py:188} INFO - [2024-04-04T18:17:02.476+0000] {dagbag.py:538} INFO - Filling up the DagBag from /home/airflow/.local/lib/python3.8/site-packages/airflow/example_dags/tutorial.py
[2024-04-04T18:17:02.509+0000] {processor.py:840} INFO - DAG(s) 'tutorial' retrieved from /home/airflow/.local/lib/python3.8/site-packages/airflow/example_dags/tutorial.py
[2024-04-04T18:17:02.618+0000] {logging_mixin.py:188} INFO - [2024-04-04T18:17:02.617+0000] {dag.py:3036} INFO - Sync 1 DAGs
[2024-04-04T18:17:02.757+0000] {logging_mixin.py:188} INFO - [2024-04-04T18:17:02.756+0000] {dag.py:3823} INFO - Setting next_dagrun for tutorial to 2024-04-03 00:00:00+00:00, run_after=2024-04-04 00:00:00+00:00
[2024-04-04T18:17:02.855+0000] {processor.py:183} INFO - Processing /home/airflow/.local/lib/python3.8/site-packages/airflow/example_dags/tutorial.py took 0.406 seconds
[2024-04-04T18:17:34.054+0000] {processor.py:161} INFO - Started process (PID=46731) to work on /home/airflow/.local/lib/python3.8/site-packages/airflow/example_dags/tutorial.py
[2024-04-04T18:17:34.060+0000] {processor.py:830} INFO - Processing file /home/airflow/.local/lib/python3.8/site-packages/airflow/example_dags/tutorial.py for tasks to queue
[2024-04-04T18:17:34.067+0000] {logging_mixin.py:188} INFO - [2024-04-04T18:17:34.065+0000] {dagbag.py:538} INFO - Filling up the DagBag from /home/airflow/.local/lib/python3.8/site-packages/airflow/example_dags/tutorial.py
[2024-04-04T18:17:34.111+0000] {processor.py:840} INFO - DAG(s) 'tutorial' retrieved from /home/airflow/.local/lib/python3.8/site-packages/airflow/example_dags/tutorial.py
[2024-04-04T18:17:34.292+0000] {logging_mixin.py:188} INFO - [2024-04-04T18:17:34.291+0000] {dag.py:3036} INFO - Sync 1 DAGs
[2024-04-04T18:17:34.683+0000] {logging_mixin.py:188} INFO - [2024-04-04T18:17:34.680+0000] {dag.py:3823} INFO - Setting next_dagrun for tutorial to 2024-04-03 00:00:00+00:00, run_after=2024-04-04 00:00:00+00:00
[2024-04-04T18:17:34.932+0000] {processor.py:183} INFO - Processing /home/airflow/.local/lib/python3.8/site-packages/airflow/example_dags/tutorial.py took 0.903 seconds
[2024-04-04T18:18:05.450+0000] {processor.py:161} INFO - Started process (PID=46791) to work on /home/airflow/.local/lib/python3.8/site-packages/airflow/example_dags/tutorial.py
[2024-04-04T18:18:05.455+0000] {processor.py:830} INFO - Processing file /home/airflow/.local/lib/python3.8/site-packages/airflow/example_dags/tutorial.py for tasks to queue
[2024-04-04T18:18:05.460+0000] {logging_mixin.py:188} INFO - [2024-04-04T18:18:05.458+0000] {dagbag.py:538} INFO - Filling up the DagBag from /home/airflow/.local/lib/python3.8/site-packages/airflow/example_dags/tutorial.py
[2024-04-04T18:18:05.489+0000] {processor.py:840} INFO - DAG(s) 'tutorial' retrieved from /home/airflow/.local/lib/python3.8/site-packages/airflow/example_dags/tutorial.py
[2024-04-04T18:18:05.570+0000] {logging_mixin.py:188} INFO - [2024-04-04T18:18:05.569+0000] {dag.py:3036} INFO - Sync 1 DAGs
[2024-04-04T18:18:05.652+0000] {logging_mixin.py:188} INFO - [2024-04-04T18:18:05.651+0000] {dag.py:3823} INFO - Setting next_dagrun for tutorial to 2024-04-03 00:00:00+00:00, run_after=2024-04-04 00:00:00+00:00
[2024-04-04T18:18:05.728+0000] {processor.py:183} INFO - Processing /home/airflow/.local/lib/python3.8/site-packages/airflow/example_dags/tutorial.py took 0.295 seconds
[2024-04-04T18:18:35.939+0000] {processor.py:161} INFO - Started process (PID=46851) to work on /home/airflow/.local/lib/python3.8/site-packages/airflow/example_dags/tutorial.py
[2024-04-04T18:18:35.941+0000] {processor.py:830} INFO - Processing file /home/airflow/.local/lib/python3.8/site-packages/airflow/example_dags/tutorial.py for tasks to queue
[2024-04-04T18:18:35.944+0000] {logging_mixin.py:188} INFO - [2024-04-04T18:18:35.943+0000] {dagbag.py:538} INFO - Filling up the DagBag from /home/airflow/.local/lib/python3.8/site-packages/airflow/example_dags/tutorial.py
[2024-04-04T18:18:35.963+0000] {processor.py:840} INFO - DAG(s) 'tutorial' retrieved from /home/airflow/.local/lib/python3.8/site-packages/airflow/example_dags/tutorial.py
[2024-04-04T18:18:36.020+0000] {logging_mixin.py:188} INFO - [2024-04-04T18:18:36.019+0000] {dag.py:3036} INFO - Sync 1 DAGs
[2024-04-04T18:18:36.075+0000] {logging_mixin.py:188} INFO - [2024-04-04T18:18:36.075+0000] {dag.py:3823} INFO - Setting next_dagrun for tutorial to 2024-04-03 00:00:00+00:00, run_after=2024-04-04 00:00:00+00:00
[2024-04-04T18:18:36.118+0000] {processor.py:183} INFO - Processing /home/airflow/.local/lib/python3.8/site-packages/airflow/example_dags/tutorial.py took 0.189 seconds
[2024-04-04T18:19:06.775+0000] {processor.py:161} INFO - Started process (PID=46911) to work on /home/airflow/.local/lib/python3.8/site-packages/airflow/example_dags/tutorial.py
[2024-04-04T18:19:06.778+0000] {processor.py:830} INFO - Processing file /home/airflow/.local/lib/python3.8/site-packages/airflow/example_dags/tutorial.py for tasks to queue
[2024-04-04T18:19:06.780+0000] {logging_mixin.py:188} INFO - [2024-04-04T18:19:06.780+0000] {dagbag.py:538} INFO - Filling up the DagBag from /home/airflow/.local/lib/python3.8/site-packages/airflow/example_dags/tutorial.py
[2024-04-04T18:19:06.795+0000] {processor.py:840} INFO - DAG(s) 'tutorial' retrieved from /home/airflow/.local/lib/python3.8/site-packages/airflow/example_dags/tutorial.py
[2024-04-04T18:19:06.845+0000] {logging_mixin.py:188} INFO - [2024-04-04T18:19:06.844+0000] {dag.py:3036} INFO - Sync 1 DAGs
[2024-04-04T18:19:06.896+0000] {logging_mixin.py:188} INFO - [2024-04-04T18:19:06.895+0000] {dag.py:3823} INFO - Setting next_dagrun for tutorial to 2024-04-03 00:00:00+00:00, run_after=2024-04-04 00:00:00+00:00
[2024-04-04T18:19:06.937+0000] {processor.py:183} INFO - Processing /home/airflow/.local/lib/python3.8/site-packages/airflow/example_dags/tutorial.py took 0.170 seconds
[2024-04-04T18:19:37.564+0000] {processor.py:161} INFO - Started process (PID=46971) to work on /home/airflow/.local/lib/python3.8/site-packages/airflow/example_dags/tutorial.py
[2024-04-04T18:19:37.570+0000] {processor.py:830} INFO - Processing file /home/airflow/.local/lib/python3.8/site-packages/airflow/example_dags/tutorial.py for tasks to queue
[2024-04-04T18:19:37.574+0000] {logging_mixin.py:188} INFO - [2024-04-04T18:19:37.573+0000] {dagbag.py:538} INFO - Filling up the DagBag from /home/airflow/.local/lib/python3.8/site-packages/airflow/example_dags/tutorial.py
[2024-04-04T18:19:37.606+0000] {processor.py:840} INFO - DAG(s) 'tutorial' retrieved from /home/airflow/.local/lib/python3.8/site-packages/airflow/example_dags/tutorial.py
[2024-04-04T18:19:37.726+0000] {logging_mixin.py:188} INFO - [2024-04-04T18:19:37.725+0000] {dag.py:3036} INFO - Sync 1 DAGs
[2024-04-04T18:19:37.828+0000] {logging_mixin.py:188} INFO - [2024-04-04T18:19:37.827+0000] {dag.py:3823} INFO - Setting next_dagrun for tutorial to 2024-04-03 00:00:00+00:00, run_after=2024-04-04 00:00:00+00:00
[2024-04-04T18:19:37.928+0000] {processor.py:183} INFO - Processing /home/airflow/.local/lib/python3.8/site-packages/airflow/example_dags/tutorial.py took 0.381 seconds
[2024-04-04T18:20:08.651+0000] {processor.py:161} INFO - Started process (PID=47031) to work on /home/airflow/.local/lib/python3.8/site-packages/airflow/example_dags/tutorial.py
[2024-04-04T18:20:08.654+0000] {processor.py:830} INFO - Processing file /home/airflow/.local/lib/python3.8/site-packages/airflow/example_dags/tutorial.py for tasks to queue
[2024-04-04T18:20:08.658+0000] {logging_mixin.py:188} INFO - [2024-04-04T18:20:08.657+0000] {dagbag.py:538} INFO - Filling up the DagBag from /home/airflow/.local/lib/python3.8/site-packages/airflow/example_dags/tutorial.py
[2024-04-04T18:20:08.678+0000] {processor.py:840} INFO - DAG(s) 'tutorial' retrieved from /home/airflow/.local/lib/python3.8/site-packages/airflow/example_dags/tutorial.py
[2024-04-04T18:20:08.752+0000] {logging_mixin.py:188} INFO - [2024-04-04T18:20:08.751+0000] {dag.py:3036} INFO - Sync 1 DAGs
[2024-04-04T18:20:08.828+0000] {logging_mixin.py:188} INFO - [2024-04-04T18:20:08.827+0000] {dag.py:3823} INFO - Setting next_dagrun for tutorial to 2024-04-03 00:00:00+00:00, run_after=2024-04-04 00:00:00+00:00
[2024-04-04T18:20:08.890+0000] {processor.py:183} INFO - Processing /home/airflow/.local/lib/python3.8/site-packages/airflow/example_dags/tutorial.py took 0.252 seconds
[2024-04-04T18:20:39.117+0000] {processor.py:161} INFO - Started process (PID=47091) to work on /home/airflow/.local/lib/python3.8/site-packages/airflow/example_dags/tutorial.py
[2024-04-04T18:20:39.119+0000] {processor.py:830} INFO - Processing file /home/airflow/.local/lib/python3.8/site-packages/airflow/example_dags/tutorial.py for tasks to queue
[2024-04-04T18:20:39.122+0000] {logging_mixin.py:188} INFO - [2024-04-04T18:20:39.121+0000] {dagbag.py:538} INFO - Filling up the DagBag from /home/airflow/.local/lib/python3.8/site-packages/airflow/example_dags/tutorial.py
[2024-04-04T18:20:39.132+0000] {processor.py:840} INFO - DAG(s) 'tutorial' retrieved from /home/airflow/.local/lib/python3.8/site-packages/airflow/example_dags/tutorial.py
[2024-04-04T18:20:39.172+0000] {logging_mixin.py:188} INFO - [2024-04-04T18:20:39.171+0000] {dag.py:3036} INFO - Sync 1 DAGs
[2024-04-04T18:20:39.205+0000] {logging_mixin.py:188} INFO - [2024-04-04T18:20:39.205+0000] {dag.py:3823} INFO - Setting next_dagrun for tutorial to 2024-04-03 00:00:00+00:00, run_after=2024-04-04 00:00:00+00:00
[2024-04-04T18:20:39.236+0000] {processor.py:183} INFO - Processing /home/airflow/.local/lib/python3.8/site-packages/airflow/example_dags/tutorial.py took 0.124 seconds
[2024-04-04T18:21:09.999+0000] {processor.py:161} INFO - Started process (PID=47151) to work on /home/airflow/.local/lib/python3.8/site-packages/airflow/example_dags/tutorial.py
[2024-04-04T18:21:10.000+0000] {processor.py:830} INFO - Processing file /home/airflow/.local/lib/python3.8/site-packages/airflow/example_dags/tutorial.py for tasks to queue
[2024-04-04T18:21:10.002+0000] {logging_mixin.py:188} INFO - [2024-04-04T18:21:10.002+0000] {dagbag.py:538} INFO - Filling up the DagBag from /home/airflow/.local/lib/python3.8/site-packages/airflow/example_dags/tutorial.py
[2024-04-04T18:21:10.013+0000] {processor.py:840} INFO - DAG(s) 'tutorial' retrieved from /home/airflow/.local/lib/python3.8/site-packages/airflow/example_dags/tutorial.py
[2024-04-04T18:21:10.051+0000] {logging_mixin.py:188} INFO - [2024-04-04T18:21:10.051+0000] {dag.py:3036} INFO - Sync 1 DAGs
[2024-04-04T18:21:10.088+0000] {logging_mixin.py:188} INFO - [2024-04-04T18:21:10.087+0000] {dag.py:3823} INFO - Setting next_dagrun for tutorial to 2024-04-03 00:00:00+00:00, run_after=2024-04-04 00:00:00+00:00
[2024-04-04T18:21:10.120+0000] {processor.py:183} INFO - Processing /home/airflow/.local/lib/python3.8/site-packages/airflow/example_dags/tutorial.py took 0.127 seconds
[2024-04-04T18:21:41.288+0000] {processor.py:161} INFO - Started process (PID=47211) to work on /home/airflow/.local/lib/python3.8/site-packages/airflow/example_dags/tutorial.py
[2024-04-04T18:21:41.296+0000] {processor.py:830} INFO - Processing file /home/airflow/.local/lib/python3.8/site-packages/airflow/example_dags/tutorial.py for tasks to queue
[2024-04-04T18:21:41.303+0000] {logging_mixin.py:188} INFO - [2024-04-04T18:21:41.300+0000] {dagbag.py:538} INFO - Filling up the DagBag from /home/airflow/.local/lib/python3.8/site-packages/airflow/example_dags/tutorial.py
[2024-04-04T18:21:41.371+0000] {processor.py:840} INFO - DAG(s) 'tutorial' retrieved from /home/airflow/.local/lib/python3.8/site-packages/airflow/example_dags/tutorial.py
[2024-04-04T18:21:41.672+0000] {logging_mixin.py:188} INFO - [2024-04-04T18:21:41.669+0000] {dag.py:3036} INFO - Sync 1 DAGs
[2024-04-04T18:21:41.937+0000] {logging_mixin.py:188} INFO - [2024-04-04T18:21:41.930+0000] {dag.py:3823} INFO - Setting next_dagrun for tutorial to 2024-04-03 00:00:00+00:00, run_after=2024-04-04 00:00:00+00:00
[2024-04-04T18:21:42.161+0000] {processor.py:183} INFO - Processing /home/airflow/.local/lib/python3.8/site-packages/airflow/example_dags/tutorial.py took 0.903 seconds
[2024-04-04T18:22:12.582+0000] {processor.py:161} INFO - Started process (PID=47271) to work on /home/airflow/.local/lib/python3.8/site-packages/airflow/example_dags/tutorial.py
[2024-04-04T18:22:12.588+0000] {processor.py:830} INFO - Processing file /home/airflow/.local/lib/python3.8/site-packages/airflow/example_dags/tutorial.py for tasks to queue
[2024-04-04T18:22:12.593+0000] {logging_mixin.py:188} INFO - [2024-04-04T18:22:12.592+0000] {dagbag.py:538} INFO - Filling up the DagBag from /home/airflow/.local/lib/python3.8/site-packages/airflow/example_dags/tutorial.py
[2024-04-04T18:22:12.631+0000] {processor.py:840} INFO - DAG(s) 'tutorial' retrieved from /home/airflow/.local/lib/python3.8/site-packages/airflow/example_dags/tutorial.py
[2024-04-04T18:22:12.742+0000] {logging_mixin.py:188} INFO - [2024-04-04T18:22:12.740+0000] {dag.py:3036} INFO - Sync 1 DAGs
[2024-04-04T18:22:12.876+0000] {logging_mixin.py:188} INFO - [2024-04-04T18:22:12.875+0000] {dag.py:3823} INFO - Setting next_dagrun for tutorial to 2024-04-03 00:00:00+00:00, run_after=2024-04-04 00:00:00+00:00
[2024-04-04T18:22:12.980+0000] {processor.py:183} INFO - Processing /home/airflow/.local/lib/python3.8/site-packages/airflow/example_dags/tutorial.py took 0.422 seconds
[2024-04-04T18:22:43.234+0000] {processor.py:161} INFO - Started process (PID=47329) to work on /home/airflow/.local/lib/python3.8/site-packages/airflow/example_dags/tutorial.py
[2024-04-04T18:22:43.237+0000] {processor.py:830} INFO - Processing file /home/airflow/.local/lib/python3.8/site-packages/airflow/example_dags/tutorial.py for tasks to queue
[2024-04-04T18:22:43.239+0000] {logging_mixin.py:188} INFO - [2024-04-04T18:22:43.239+0000] {dagbag.py:538} INFO - Filling up the DagBag from /home/airflow/.local/lib/python3.8/site-packages/airflow/example_dags/tutorial.py
[2024-04-04T18:22:43.252+0000] {processor.py:840} INFO - DAG(s) 'tutorial' retrieved from /home/airflow/.local/lib/python3.8/site-packages/airflow/example_dags/tutorial.py
[2024-04-04T18:22:43.298+0000] {logging_mixin.py:188} INFO - [2024-04-04T18:22:43.297+0000] {dag.py:3036} INFO - Sync 1 DAGs
[2024-04-04T18:22:43.350+0000] {logging_mixin.py:188} INFO - [2024-04-04T18:22:43.349+0000] {dag.py:3823} INFO - Setting next_dagrun for tutorial to 2024-04-03 00:00:00+00:00, run_after=2024-04-04 00:00:00+00:00
[2024-04-04T18:22:43.403+0000] {processor.py:183} INFO - Processing /home/airflow/.local/lib/python3.8/site-packages/airflow/example_dags/tutorial.py took 0.176 seconds
[2024-04-04T18:23:14.052+0000] {processor.py:161} INFO - Started process (PID=47389) to work on /home/airflow/.local/lib/python3.8/site-packages/airflow/example_dags/tutorial.py
[2024-04-04T18:23:14.055+0000] {processor.py:830} INFO - Processing file /home/airflow/.local/lib/python3.8/site-packages/airflow/example_dags/tutorial.py for tasks to queue
[2024-04-04T18:23:14.057+0000] {logging_mixin.py:188} INFO - [2024-04-04T18:23:14.057+0000] {dagbag.py:538} INFO - Filling up the DagBag from /home/airflow/.local/lib/python3.8/site-packages/airflow/example_dags/tutorial.py
[2024-04-04T18:23:14.074+0000] {processor.py:840} INFO - DAG(s) 'tutorial' retrieved from /home/airflow/.local/lib/python3.8/site-packages/airflow/example_dags/tutorial.py
[2024-04-04T18:23:14.132+0000] {logging_mixin.py:188} INFO - [2024-04-04T18:23:14.132+0000] {dag.py:3036} INFO - Sync 1 DAGs
[2024-04-04T18:23:14.191+0000] {logging_mixin.py:188} INFO - [2024-04-04T18:23:14.191+0000] {dag.py:3823} INFO - Setting next_dagrun for tutorial to 2024-04-03 00:00:00+00:00, run_after=2024-04-04 00:00:00+00:00
[2024-04-04T18:23:14.236+0000] {processor.py:183} INFO - Processing /home/airflow/.local/lib/python3.8/site-packages/airflow/example_dags/tutorial.py took 0.194 seconds
[2024-04-04T18:23:44.413+0000] {processor.py:161} INFO - Started process (PID=47448) to work on /home/airflow/.local/lib/python3.8/site-packages/airflow/example_dags/tutorial.py
[2024-04-04T18:23:44.419+0000] {processor.py:830} INFO - Processing file /home/airflow/.local/lib/python3.8/site-packages/airflow/example_dags/tutorial.py for tasks to queue
[2024-04-04T18:23:44.429+0000] {logging_mixin.py:188} INFO - [2024-04-04T18:23:44.423+0000] {dagbag.py:538} INFO - Filling up the DagBag from /home/airflow/.local/lib/python3.8/site-packages/airflow/example_dags/tutorial.py
[2024-04-04T18:23:44.467+0000] {processor.py:840} INFO - DAG(s) 'tutorial' retrieved from /home/airflow/.local/lib/python3.8/site-packages/airflow/example_dags/tutorial.py
[2024-04-04T18:23:44.582+0000] {logging_mixin.py:188} INFO - [2024-04-04T18:23:44.581+0000] {dag.py:3036} INFO - Sync 1 DAGs
[2024-04-04T18:23:44.677+0000] {logging_mixin.py:188} INFO - [2024-04-04T18:23:44.676+0000] {dag.py:3823} INFO - Setting next_dagrun for tutorial to 2024-04-03 00:00:00+00:00, run_after=2024-04-04 00:00:00+00:00
[2024-04-04T18:23:44.763+0000] {processor.py:183} INFO - Processing /home/airflow/.local/lib/python3.8/site-packages/airflow/example_dags/tutorial.py took 0.375 seconds
[2024-04-04T19:14:42.113+0000] {processor.py:161} INFO - Started process (PID=47498) to work on /home/airflow/.local/lib/python3.8/site-packages/airflow/example_dags/tutorial.py
[2024-04-04T19:14:42.123+0000] {processor.py:830} INFO - Processing file /home/airflow/.local/lib/python3.8/site-packages/airflow/example_dags/tutorial.py for tasks to queue
[2024-04-04T19:14:42.130+0000] {logging_mixin.py:188} INFO - [2024-04-04T19:14:42.128+0000] {dagbag.py:538} INFO - Filling up the DagBag from /home/airflow/.local/lib/python3.8/site-packages/airflow/example_dags/tutorial.py
[2024-04-04T19:14:42.174+0000] {processor.py:840} INFO - DAG(s) 'tutorial' retrieved from /home/airflow/.local/lib/python3.8/site-packages/airflow/example_dags/tutorial.py
[2024-04-04T19:14:42.419+0000] {logging_mixin.py:188} INFO - [2024-04-04T19:14:42.417+0000] {dag.py:3036} INFO - Sync 1 DAGs
[2024-04-04T19:14:42.636+0000] {logging_mixin.py:188} INFO - [2024-04-04T19:14:42.632+0000] {dag.py:3823} INFO - Setting next_dagrun for tutorial to 2024-04-03 00:00:00+00:00, run_after=2024-04-04 00:00:00+00:00
[2024-04-04T19:14:42.756+0000] {processor.py:183} INFO - Processing /home/airflow/.local/lib/python3.8/site-packages/airflow/example_dags/tutorial.py took 0.672 seconds
[2024-04-04T19:15:13.225+0000] {processor.py:161} INFO - Started process (PID=47558) to work on /home/airflow/.local/lib/python3.8/site-packages/airflow/example_dags/tutorial.py
[2024-04-04T19:15:13.231+0000] {processor.py:830} INFO - Processing file /home/airflow/.local/lib/python3.8/site-packages/airflow/example_dags/tutorial.py for tasks to queue
[2024-04-04T19:15:13.237+0000] {logging_mixin.py:188} INFO - [2024-04-04T19:15:13.235+0000] {dagbag.py:538} INFO - Filling up the DagBag from /home/airflow/.local/lib/python3.8/site-packages/airflow/example_dags/tutorial.py
[2024-04-04T19:15:13.274+0000] {processor.py:840} INFO - DAG(s) 'tutorial' retrieved from /home/airflow/.local/lib/python3.8/site-packages/airflow/example_dags/tutorial.py
[2024-04-04T19:15:13.420+0000] {logging_mixin.py:188} INFO - [2024-04-04T19:15:13.419+0000] {dag.py:3036} INFO - Sync 1 DAGs
[2024-04-04T19:15:13.690+0000] {logging_mixin.py:188} INFO - [2024-04-04T19:15:13.688+0000] {dag.py:3823} INFO - Setting next_dagrun for tutorial to 2024-04-03 00:00:00+00:00, run_after=2024-04-04 00:00:00+00:00
[2024-04-04T19:15:13.824+0000] {processor.py:183} INFO - Processing /home/airflow/.local/lib/python3.8/site-packages/airflow/example_dags/tutorial.py took 0.619 seconds
[2024-04-04T23:14:46.380+0000] {processor.py:161} INFO - Started process (PID=47656) to work on /home/airflow/.local/lib/python3.8/site-packages/airflow/example_dags/tutorial.py
[2024-04-04T23:14:46.398+0000] {processor.py:830} INFO - Processing file /home/airflow/.local/lib/python3.8/site-packages/airflow/example_dags/tutorial.py for tasks to queue
[2024-04-04T23:14:46.414+0000] {logging_mixin.py:188} INFO - [2024-04-04T23:14:46.411+0000] {dagbag.py:538} INFO - Filling up the DagBag from /home/airflow/.local/lib/python3.8/site-packages/airflow/example_dags/tutorial.py
[2024-04-04T23:14:46.558+0000] {processor.py:840} INFO - DAG(s) 'tutorial' retrieved from /home/airflow/.local/lib/python3.8/site-packages/airflow/example_dags/tutorial.py
[2024-04-04T23:14:47.067+0000] {logging_mixin.py:188} INFO - [2024-04-04T23:14:47.065+0000] {dag.py:3036} INFO - Sync 1 DAGs
[2024-04-04T23:14:47.784+0000] {logging_mixin.py:188} INFO - [2024-04-04T23:14:47.782+0000] {dag.py:3823} INFO - Setting next_dagrun for tutorial to 2024-04-03 00:00:00+00:00, run_after=2024-04-04 00:00:00+00:00
[2024-04-04T23:14:48.249+0000] {processor.py:183} INFO - Processing /home/airflow/.local/lib/python3.8/site-packages/airflow/example_dags/tutorial.py took 1.950 seconds
[2024-04-04T23:15:36.923+0000] {processor.py:161} INFO - Started process (PID=47716) to work on /home/airflow/.local/lib/python3.8/site-packages/airflow/example_dags/tutorial.py
[2024-04-04T23:15:36.930+0000] {processor.py:830} INFO - Processing file /home/airflow/.local/lib/python3.8/site-packages/airflow/example_dags/tutorial.py for tasks to queue
[2024-04-04T23:15:36.937+0000] {logging_mixin.py:188} INFO - [2024-04-04T23:15:36.934+0000] {dagbag.py:538} INFO - Filling up the DagBag from /home/airflow/.local/lib/python3.8/site-packages/airflow/example_dags/tutorial.py
[2024-04-04T23:15:36.990+0000] {processor.py:840} INFO - DAG(s) 'tutorial' retrieved from /home/airflow/.local/lib/python3.8/site-packages/airflow/example_dags/tutorial.py
[2024-04-04T23:15:37.178+0000] {logging_mixin.py:188} INFO - [2024-04-04T23:15:37.177+0000] {dag.py:3036} INFO - Sync 1 DAGs
[2024-04-04T23:15:37.372+0000] {logging_mixin.py:188} INFO - [2024-04-04T23:15:37.370+0000] {dag.py:3823} INFO - Setting next_dagrun for tutorial to 2024-04-03 00:00:00+00:00, run_after=2024-04-04 00:00:00+00:00
[2024-04-04T23:15:37.562+0000] {processor.py:183} INFO - Processing /home/airflow/.local/lib/python3.8/site-packages/airflow/example_dags/tutorial.py took 0.668 seconds
[2024-04-04T23:16:08.668+0000] {processor.py:161} INFO - Started process (PID=47776) to work on /home/airflow/.local/lib/python3.8/site-packages/airflow/example_dags/tutorial.py
[2024-04-04T23:16:08.673+0000] {processor.py:830} INFO - Processing file /home/airflow/.local/lib/python3.8/site-packages/airflow/example_dags/tutorial.py for tasks to queue
[2024-04-04T23:16:08.684+0000] {logging_mixin.py:188} INFO - [2024-04-04T23:16:08.676+0000] {dagbag.py:538} INFO - Filling up the DagBag from /home/airflow/.local/lib/python3.8/site-packages/airflow/example_dags/tutorial.py
[2024-04-04T23:16:08.727+0000] {processor.py:840} INFO - DAG(s) 'tutorial' retrieved from /home/airflow/.local/lib/python3.8/site-packages/airflow/example_dags/tutorial.py
[2024-04-04T23:16:08.917+0000] {logging_mixin.py:188} INFO - [2024-04-04T23:16:08.915+0000] {dag.py:3036} INFO - Sync 1 DAGs
[2024-04-04T23:16:09.040+0000] {logging_mixin.py:188} INFO - [2024-04-04T23:16:09.039+0000] {dag.py:3823} INFO - Setting next_dagrun for tutorial to 2024-04-03 00:00:00+00:00, run_after=2024-04-04 00:00:00+00:00
[2024-04-04T23:16:09.124+0000] {processor.py:183} INFO - Processing /home/airflow/.local/lib/python3.8/site-packages/airflow/example_dags/tutorial.py took 0.476 seconds
[2024-04-04T23:16:39.804+0000] {processor.py:161} INFO - Started process (PID=47842) to work on /home/airflow/.local/lib/python3.8/site-packages/airflow/example_dags/tutorial.py
[2024-04-04T23:16:39.810+0000] {processor.py:830} INFO - Processing file /home/airflow/.local/lib/python3.8/site-packages/airflow/example_dags/tutorial.py for tasks to queue
[2024-04-04T23:16:39.815+0000] {logging_mixin.py:188} INFO - [2024-04-04T23:16:39.813+0000] {dagbag.py:538} INFO - Filling up the DagBag from /home/airflow/.local/lib/python3.8/site-packages/airflow/example_dags/tutorial.py
[2024-04-04T23:16:39.847+0000] {processor.py:840} INFO - DAG(s) 'tutorial' retrieved from /home/airflow/.local/lib/python3.8/site-packages/airflow/example_dags/tutorial.py
[2024-04-04T23:16:40.572+0000] {logging_mixin.py:188} INFO - [2024-04-04T23:16:40.570+0000] {dag.py:3036} INFO - Sync 1 DAGs
[2024-04-04T23:16:40.665+0000] {logging_mixin.py:188} INFO - [2024-04-04T23:16:40.664+0000] {dag.py:3823} INFO - Setting next_dagrun for tutorial to 2024-04-03 00:00:00+00:00, run_after=2024-04-04 00:00:00+00:00
[2024-04-04T23:16:40.745+0000] {processor.py:183} INFO - Processing /home/airflow/.local/lib/python3.8/site-packages/airflow/example_dags/tutorial.py took 0.962 seconds
[2024-04-04T23:17:11.333+0000] {processor.py:161} INFO - Started process (PID=47902) to work on /home/airflow/.local/lib/python3.8/site-packages/airflow/example_dags/tutorial.py
[2024-04-04T23:17:11.336+0000] {processor.py:830} INFO - Processing file /home/airflow/.local/lib/python3.8/site-packages/airflow/example_dags/tutorial.py for tasks to queue
[2024-04-04T23:17:11.339+0000] {logging_mixin.py:188} INFO - [2024-04-04T23:17:11.338+0000] {dagbag.py:538} INFO - Filling up the DagBag from /home/airflow/.local/lib/python3.8/site-packages/airflow/example_dags/tutorial.py
[2024-04-04T23:17:11.355+0000] {processor.py:840} INFO - DAG(s) 'tutorial' retrieved from /home/airflow/.local/lib/python3.8/site-packages/airflow/example_dags/tutorial.py
[2024-04-04T23:17:11.408+0000] {logging_mixin.py:188} INFO - [2024-04-04T23:17:11.408+0000] {dag.py:3036} INFO - Sync 1 DAGs
[2024-04-04T23:17:11.459+0000] {logging_mixin.py:188} INFO - [2024-04-04T23:17:11.459+0000] {dag.py:3823} INFO - Setting next_dagrun for tutorial to 2024-04-03 00:00:00+00:00, run_after=2024-04-04 00:00:00+00:00
[2024-04-04T23:17:11.511+0000] {processor.py:183} INFO - Processing /home/airflow/.local/lib/python3.8/site-packages/airflow/example_dags/tutorial.py took 0.187 seconds
[2024-04-04T23:17:41.751+0000] {processor.py:161} INFO - Started process (PID=47961) to work on /home/airflow/.local/lib/python3.8/site-packages/airflow/example_dags/tutorial.py
[2024-04-04T23:17:41.759+0000] {processor.py:830} INFO - Processing file /home/airflow/.local/lib/python3.8/site-packages/airflow/example_dags/tutorial.py for tasks to queue
[2024-04-04T23:17:41.767+0000] {logging_mixin.py:188} INFO - [2024-04-04T23:17:41.764+0000] {dagbag.py:538} INFO - Filling up the DagBag from /home/airflow/.local/lib/python3.8/site-packages/airflow/example_dags/tutorial.py
[2024-04-04T23:17:41.817+0000] {processor.py:840} INFO - DAG(s) 'tutorial' retrieved from /home/airflow/.local/lib/python3.8/site-packages/airflow/example_dags/tutorial.py
[2024-04-04T23:17:41.949+0000] {logging_mixin.py:188} INFO - [2024-04-04T23:17:41.948+0000] {dag.py:3036} INFO - Sync 1 DAGs
[2024-04-04T23:17:42.105+0000] {logging_mixin.py:188} INFO - [2024-04-04T23:17:42.104+0000] {dag.py:3823} INFO - Setting next_dagrun for tutorial to 2024-04-03 00:00:00+00:00, run_after=2024-04-04 00:00:00+00:00
[2024-04-04T23:17:42.230+0000] {processor.py:183} INFO - Processing /home/airflow/.local/lib/python3.8/site-packages/airflow/example_dags/tutorial.py took 0.504 seconds
[2024-04-04T23:18:12.588+0000] {processor.py:161} INFO - Started process (PID=48021) to work on /home/airflow/.local/lib/python3.8/site-packages/airflow/example_dags/tutorial.py
[2024-04-04T23:18:12.592+0000] {processor.py:830} INFO - Processing file /home/airflow/.local/lib/python3.8/site-packages/airflow/example_dags/tutorial.py for tasks to queue
[2024-04-04T23:18:12.598+0000] {logging_mixin.py:188} INFO - [2024-04-04T23:18:12.596+0000] {dagbag.py:538} INFO - Filling up the DagBag from /home/airflow/.local/lib/python3.8/site-packages/airflow/example_dags/tutorial.py
[2024-04-04T23:18:12.626+0000] {processor.py:840} INFO - DAG(s) 'tutorial' retrieved from /home/airflow/.local/lib/python3.8/site-packages/airflow/example_dags/tutorial.py
[2024-04-04T23:18:12.717+0000] {logging_mixin.py:188} INFO - [2024-04-04T23:18:12.716+0000] {dag.py:3036} INFO - Sync 1 DAGs
[2024-04-04T23:18:12.803+0000] {logging_mixin.py:188} INFO - [2024-04-04T23:18:12.802+0000] {dag.py:3823} INFO - Setting next_dagrun for tutorial to 2024-04-03 00:00:00+00:00, run_after=2024-04-04 00:00:00+00:00
[2024-04-04T23:18:12.878+0000] {processor.py:183} INFO - Processing /home/airflow/.local/lib/python3.8/site-packages/airflow/example_dags/tutorial.py took 0.304 seconds
[2024-04-04T23:18:43.757+0000] {processor.py:161} INFO - Started process (PID=48082) to work on /home/airflow/.local/lib/python3.8/site-packages/airflow/example_dags/tutorial.py
[2024-04-04T23:18:43.760+0000] {processor.py:830} INFO - Processing file /home/airflow/.local/lib/python3.8/site-packages/airflow/example_dags/tutorial.py for tasks to queue
[2024-04-04T23:18:43.762+0000] {logging_mixin.py:188} INFO - [2024-04-04T23:18:43.762+0000] {dagbag.py:538} INFO - Filling up the DagBag from /home/airflow/.local/lib/python3.8/site-packages/airflow/example_dags/tutorial.py
[2024-04-04T23:18:43.779+0000] {processor.py:840} INFO - DAG(s) 'tutorial' retrieved from /home/airflow/.local/lib/python3.8/site-packages/airflow/example_dags/tutorial.py
[2024-04-04T23:18:43.834+0000] {logging_mixin.py:188} INFO - [2024-04-04T23:18:43.834+0000] {dag.py:3036} INFO - Sync 1 DAGs
[2024-04-04T23:18:43.886+0000] {logging_mixin.py:188} INFO - [2024-04-04T23:18:43.886+0000] {dag.py:3823} INFO - Setting next_dagrun for tutorial to 2024-04-03 00:00:00+00:00, run_after=2024-04-04 00:00:00+00:00
[2024-04-04T23:18:43.931+0000] {processor.py:183} INFO - Processing /home/airflow/.local/lib/python3.8/site-packages/airflow/example_dags/tutorial.py took 0.184 seconds
[2024-04-04T23:19:14.452+0000] {processor.py:161} INFO - Started process (PID=48142) to work on /home/airflow/.local/lib/python3.8/site-packages/airflow/example_dags/tutorial.py
[2024-04-04T23:19:14.455+0000] {processor.py:830} INFO - Processing file /home/airflow/.local/lib/python3.8/site-packages/airflow/example_dags/tutorial.py for tasks to queue
[2024-04-04T23:19:14.458+0000] {logging_mixin.py:188} INFO - [2024-04-04T23:19:14.457+0000] {dagbag.py:538} INFO - Filling up the DagBag from /home/airflow/.local/lib/python3.8/site-packages/airflow/example_dags/tutorial.py
[2024-04-04T23:19:14.473+0000] {processor.py:840} INFO - DAG(s) 'tutorial' retrieved from /home/airflow/.local/lib/python3.8/site-packages/airflow/example_dags/tutorial.py
[2024-04-04T23:19:14.526+0000] {logging_mixin.py:188} INFO - [2024-04-04T23:19:14.525+0000] {dag.py:3036} INFO - Sync 1 DAGs
[2024-04-04T23:19:14.576+0000] {logging_mixin.py:188} INFO - [2024-04-04T23:19:14.576+0000] {dag.py:3823} INFO - Setting next_dagrun for tutorial to 2024-04-03 00:00:00+00:00, run_after=2024-04-04 00:00:00+00:00
[2024-04-04T23:19:14.620+0000] {processor.py:183} INFO - Processing /home/airflow/.local/lib/python3.8/site-packages/airflow/example_dags/tutorial.py took 0.177 seconds
[2024-04-04T23:19:44.929+0000] {processor.py:161} INFO - Started process (PID=48202) to work on /home/airflow/.local/lib/python3.8/site-packages/airflow/example_dags/tutorial.py
[2024-04-04T23:19:44.935+0000] {processor.py:830} INFO - Processing file /home/airflow/.local/lib/python3.8/site-packages/airflow/example_dags/tutorial.py for tasks to queue
[2024-04-04T23:19:44.943+0000] {logging_mixin.py:188} INFO - [2024-04-04T23:19:44.941+0000] {dagbag.py:538} INFO - Filling up the DagBag from /home/airflow/.local/lib/python3.8/site-packages/airflow/example_dags/tutorial.py
[2024-04-04T23:19:45.010+0000] {processor.py:840} INFO - DAG(s) 'tutorial' retrieved from /home/airflow/.local/lib/python3.8/site-packages/airflow/example_dags/tutorial.py
[2024-04-04T23:19:45.196+0000] {logging_mixin.py:188} INFO - [2024-04-04T23:19:45.194+0000] {dag.py:3036} INFO - Sync 1 DAGs
[2024-04-04T23:19:45.330+0000] {logging_mixin.py:188} INFO - [2024-04-04T23:19:45.329+0000] {dag.py:3823} INFO - Setting next_dagrun for tutorial to 2024-04-03 00:00:00+00:00, run_after=2024-04-04 00:00:00+00:00
[2024-04-04T23:19:45.466+0000] {processor.py:183} INFO - Processing /home/airflow/.local/lib/python3.8/site-packages/airflow/example_dags/tutorial.py took 0.563 seconds
[2024-04-04T23:20:15.642+0000] {processor.py:161} INFO - Started process (PID=48262) to work on /home/airflow/.local/lib/python3.8/site-packages/airflow/example_dags/tutorial.py
[2024-04-04T23:20:15.649+0000] {processor.py:830} INFO - Processing file /home/airflow/.local/lib/python3.8/site-packages/airflow/example_dags/tutorial.py for tasks to queue
[2024-04-04T23:20:15.654+0000] {logging_mixin.py:188} INFO - [2024-04-04T23:20:15.653+0000] {dagbag.py:538} INFO - Filling up the DagBag from /home/airflow/.local/lib/python3.8/site-packages/airflow/example_dags/tutorial.py
[2024-04-04T23:20:15.687+0000] {processor.py:840} INFO - DAG(s) 'tutorial' retrieved from /home/airflow/.local/lib/python3.8/site-packages/airflow/example_dags/tutorial.py
[2024-04-04T23:20:15.841+0000] {logging_mixin.py:188} INFO - [2024-04-04T23:20:15.839+0000] {dag.py:3036} INFO - Sync 1 DAGs
[2024-04-04T23:20:15.974+0000] {logging_mixin.py:188} INFO - [2024-04-04T23:20:15.972+0000] {dag.py:3823} INFO - Setting next_dagrun for tutorial to 2024-04-03 00:00:00+00:00, run_after=2024-04-04 00:00:00+00:00
[2024-04-04T23:20:16.086+0000] {processor.py:183} INFO - Processing /home/airflow/.local/lib/python3.8/site-packages/airflow/example_dags/tutorial.py took 0.461 seconds
[2024-04-04T23:20:46.515+0000] {processor.py:161} INFO - Started process (PID=48322) to work on /home/airflow/.local/lib/python3.8/site-packages/airflow/example_dags/tutorial.py
[2024-04-04T23:20:46.518+0000] {processor.py:830} INFO - Processing file /home/airflow/.local/lib/python3.8/site-packages/airflow/example_dags/tutorial.py for tasks to queue
[2024-04-04T23:20:46.522+0000] {logging_mixin.py:188} INFO - [2024-04-04T23:20:46.521+0000] {dagbag.py:538} INFO - Filling up the DagBag from /home/airflow/.local/lib/python3.8/site-packages/airflow/example_dags/tutorial.py
[2024-04-04T23:20:46.543+0000] {processor.py:840} INFO - DAG(s) 'tutorial' retrieved from /home/airflow/.local/lib/python3.8/site-packages/airflow/example_dags/tutorial.py
[2024-04-04T23:20:46.608+0000] {logging_mixin.py:188} INFO - [2024-04-04T23:20:46.608+0000] {dag.py:3036} INFO - Sync 1 DAGs
[2024-04-04T23:20:46.673+0000] {logging_mixin.py:188} INFO - [2024-04-04T23:20:46.672+0000] {dag.py:3823} INFO - Setting next_dagrun for tutorial to 2024-04-03 00:00:00+00:00, run_after=2024-04-04 00:00:00+00:00
[2024-04-04T23:20:46.726+0000] {processor.py:183} INFO - Processing /home/airflow/.local/lib/python3.8/site-packages/airflow/example_dags/tutorial.py took 0.225 seconds
[2024-04-04T23:21:17.077+0000] {processor.py:161} INFO - Started process (PID=48382) to work on /home/airflow/.local/lib/python3.8/site-packages/airflow/example_dags/tutorial.py
[2024-04-04T23:21:17.081+0000] {processor.py:830} INFO - Processing file /home/airflow/.local/lib/python3.8/site-packages/airflow/example_dags/tutorial.py for tasks to queue
[2024-04-04T23:21:17.084+0000] {logging_mixin.py:188} INFO - [2024-04-04T23:21:17.083+0000] {dagbag.py:538} INFO - Filling up the DagBag from /home/airflow/.local/lib/python3.8/site-packages/airflow/example_dags/tutorial.py
[2024-04-04T23:21:17.103+0000] {processor.py:840} INFO - DAG(s) 'tutorial' retrieved from /home/airflow/.local/lib/python3.8/site-packages/airflow/example_dags/tutorial.py
[2024-04-04T23:21:17.169+0000] {logging_mixin.py:188} INFO - [2024-04-04T23:21:17.168+0000] {dag.py:3036} INFO - Sync 1 DAGs
[2024-04-04T23:21:17.234+0000] {logging_mixin.py:188} INFO - [2024-04-04T23:21:17.233+0000] {dag.py:3823} INFO - Setting next_dagrun for tutorial to 2024-04-03 00:00:00+00:00, run_after=2024-04-04 00:00:00+00:00
[2024-04-04T23:21:17.287+0000] {processor.py:183} INFO - Processing /home/airflow/.local/lib/python3.8/site-packages/airflow/example_dags/tutorial.py took 0.221 seconds
[2024-04-04T23:21:48.813+0000] {processor.py:161} INFO - Started process (PID=48442) to work on /home/airflow/.local/lib/python3.8/site-packages/airflow/example_dags/tutorial.py
[2024-04-04T23:21:48.822+0000] {processor.py:830} INFO - Processing file /home/airflow/.local/lib/python3.8/site-packages/airflow/example_dags/tutorial.py for tasks to queue
[2024-04-04T23:21:48.830+0000] {logging_mixin.py:188} INFO - [2024-04-04T23:21:48.826+0000] {dagbag.py:538} INFO - Filling up the DagBag from /home/airflow/.local/lib/python3.8/site-packages/airflow/example_dags/tutorial.py
[2024-04-04T23:21:48.885+0000] {processor.py:840} INFO - DAG(s) 'tutorial' retrieved from /home/airflow/.local/lib/python3.8/site-packages/airflow/example_dags/tutorial.py
[2024-04-04T23:21:48.989+0000] {logging_mixin.py:188} INFO - [2024-04-04T23:21:48.988+0000] {dag.py:3036} INFO - Sync 1 DAGs
[2024-04-04T23:21:49.077+0000] {logging_mixin.py:188} INFO - [2024-04-04T23:21:49.076+0000] {dag.py:3823} INFO - Setting next_dagrun for tutorial to 2024-04-03 00:00:00+00:00, run_after=2024-04-04 00:00:00+00:00
[2024-04-04T23:21:49.164+0000] {processor.py:183} INFO - Processing /home/airflow/.local/lib/python3.8/site-packages/airflow/example_dags/tutorial.py took 0.372 seconds
[2024-04-04T23:22:20.618+0000] {processor.py:161} INFO - Started process (PID=48503) to work on /home/airflow/.local/lib/python3.8/site-packages/airflow/example_dags/tutorial.py
[2024-04-04T23:22:20.625+0000] {processor.py:830} INFO - Processing file /home/airflow/.local/lib/python3.8/site-packages/airflow/example_dags/tutorial.py for tasks to queue
[2024-04-04T23:22:20.632+0000] {logging_mixin.py:188} INFO - [2024-04-04T23:22:20.630+0000] {dagbag.py:538} INFO - Filling up the DagBag from /home/airflow/.local/lib/python3.8/site-packages/airflow/example_dags/tutorial.py
[2024-04-04T23:22:20.676+0000] {processor.py:840} INFO - DAG(s) 'tutorial' retrieved from /home/airflow/.local/lib/python3.8/site-packages/airflow/example_dags/tutorial.py
[2024-04-04T23:22:20.795+0000] {logging_mixin.py:188} INFO - [2024-04-04T23:22:20.793+0000] {dag.py:3036} INFO - Sync 1 DAGs
[2024-04-04T23:22:20.959+0000] {logging_mixin.py:188} INFO - [2024-04-04T23:22:20.957+0000] {dag.py:3823} INFO - Setting next_dagrun for tutorial to 2024-04-03 00:00:00+00:00, run_after=2024-04-04 00:00:00+00:00
[2024-04-04T23:22:21.110+0000] {processor.py:183} INFO - Processing /home/airflow/.local/lib/python3.8/site-packages/airflow/example_dags/tutorial.py took 0.523 seconds
[2024-04-04T23:22:51.667+0000] {processor.py:161} INFO - Started process (PID=48563) to work on /home/airflow/.local/lib/python3.8/site-packages/airflow/example_dags/tutorial.py
[2024-04-04T23:22:51.670+0000] {processor.py:830} INFO - Processing file /home/airflow/.local/lib/python3.8/site-packages/airflow/example_dags/tutorial.py for tasks to queue
[2024-04-04T23:22:51.673+0000] {logging_mixin.py:188} INFO - [2024-04-04T23:22:51.672+0000] {dagbag.py:538} INFO - Filling up the DagBag from /home/airflow/.local/lib/python3.8/site-packages/airflow/example_dags/tutorial.py
[2024-04-04T23:22:51.689+0000] {processor.py:840} INFO - DAG(s) 'tutorial' retrieved from /home/airflow/.local/lib/python3.8/site-packages/airflow/example_dags/tutorial.py
[2024-04-04T23:22:51.750+0000] {logging_mixin.py:188} INFO - [2024-04-04T23:22:51.749+0000] {dag.py:3036} INFO - Sync 1 DAGs
[2024-04-04T23:22:51.806+0000] {logging_mixin.py:188} INFO - [2024-04-04T23:22:51.805+0000] {dag.py:3823} INFO - Setting next_dagrun for tutorial to 2024-04-03 00:00:00+00:00, run_after=2024-04-04 00:00:00+00:00
[2024-04-04T23:22:51.866+0000] {processor.py:183} INFO - Processing /home/airflow/.local/lib/python3.8/site-packages/airflow/example_dags/tutorial.py took 0.208 seconds
[2024-04-04T23:23:22.442+0000] {processor.py:161} INFO - Started process (PID=48623) to work on /home/airflow/.local/lib/python3.8/site-packages/airflow/example_dags/tutorial.py
[2024-04-04T23:23:22.445+0000] {processor.py:830} INFO - Processing file /home/airflow/.local/lib/python3.8/site-packages/airflow/example_dags/tutorial.py for tasks to queue
[2024-04-04T23:23:22.447+0000] {logging_mixin.py:188} INFO - [2024-04-04T23:23:22.447+0000] {dagbag.py:538} INFO - Filling up the DagBag from /home/airflow/.local/lib/python3.8/site-packages/airflow/example_dags/tutorial.py
[2024-04-04T23:23:22.462+0000] {processor.py:840} INFO - DAG(s) 'tutorial' retrieved from /home/airflow/.local/lib/python3.8/site-packages/airflow/example_dags/tutorial.py
[2024-04-04T23:23:22.519+0000] {logging_mixin.py:188} INFO - [2024-04-04T23:23:22.518+0000] {dag.py:3036} INFO - Sync 1 DAGs
[2024-04-04T23:23:22.575+0000] {logging_mixin.py:188} INFO - [2024-04-04T23:23:22.574+0000] {dag.py:3823} INFO - Setting next_dagrun for tutorial to 2024-04-03 00:00:00+00:00, run_after=2024-04-04 00:00:00+00:00
[2024-04-04T23:23:22.623+0000] {processor.py:183} INFO - Processing /home/airflow/.local/lib/python3.8/site-packages/airflow/example_dags/tutorial.py took 0.189 seconds
[2024-04-04T23:23:53.431+0000] {processor.py:161} INFO - Started process (PID=48683) to work on /home/airflow/.local/lib/python3.8/site-packages/airflow/example_dags/tutorial.py
[2024-04-04T23:23:53.434+0000] {processor.py:830} INFO - Processing file /home/airflow/.local/lib/python3.8/site-packages/airflow/example_dags/tutorial.py for tasks to queue
[2024-04-04T23:23:53.437+0000] {logging_mixin.py:188} INFO - [2024-04-04T23:23:53.436+0000] {dagbag.py:538} INFO - Filling up the DagBag from /home/airflow/.local/lib/python3.8/site-packages/airflow/example_dags/tutorial.py
[2024-04-04T23:23:53.453+0000] {processor.py:840} INFO - DAG(s) 'tutorial' retrieved from /home/airflow/.local/lib/python3.8/site-packages/airflow/example_dags/tutorial.py
[2024-04-04T23:23:53.520+0000] {logging_mixin.py:188} INFO - [2024-04-04T23:23:53.518+0000] {dag.py:3036} INFO - Sync 1 DAGs
[2024-04-04T23:23:53.583+0000] {logging_mixin.py:188} INFO - [2024-04-04T23:23:53.582+0000] {dag.py:3823} INFO - Setting next_dagrun for tutorial to 2024-04-03 00:00:00+00:00, run_after=2024-04-04 00:00:00+00:00
[2024-04-04T23:23:53.642+0000] {processor.py:183} INFO - Processing /home/airflow/.local/lib/python3.8/site-packages/airflow/example_dags/tutorial.py took 0.221 seconds
[2024-04-04T23:24:24.940+0000] {processor.py:161} INFO - Started process (PID=48741) to work on /home/airflow/.local/lib/python3.8/site-packages/airflow/example_dags/tutorial.py
[2024-04-04T23:24:24.945+0000] {processor.py:830} INFO - Processing file /home/airflow/.local/lib/python3.8/site-packages/airflow/example_dags/tutorial.py for tasks to queue
[2024-04-04T23:24:24.952+0000] {logging_mixin.py:188} INFO - [2024-04-04T23:24:24.950+0000] {dagbag.py:538} INFO - Filling up the DagBag from /home/airflow/.local/lib/python3.8/site-packages/airflow/example_dags/tutorial.py
[2024-04-04T23:24:24.987+0000] {processor.py:840} INFO - DAG(s) 'tutorial' retrieved from /home/airflow/.local/lib/python3.8/site-packages/airflow/example_dags/tutorial.py
[2024-04-04T23:24:25.111+0000] {logging_mixin.py:188} INFO - [2024-04-04T23:24:25.109+0000] {dag.py:3036} INFO - Sync 1 DAGs
[2024-04-04T23:24:25.218+0000] {logging_mixin.py:188} INFO - [2024-04-04T23:24:25.217+0000] {dag.py:3823} INFO - Setting next_dagrun for tutorial to 2024-04-03 00:00:00+00:00, run_after=2024-04-04 00:00:00+00:00
[2024-04-04T23:24:25.333+0000] {processor.py:183} INFO - Processing /home/airflow/.local/lib/python3.8/site-packages/airflow/example_dags/tutorial.py took 0.413 seconds
[2024-04-04T23:24:55.540+0000] {processor.py:161} INFO - Started process (PID=48801) to work on /home/airflow/.local/lib/python3.8/site-packages/airflow/example_dags/tutorial.py
[2024-04-04T23:24:55.544+0000] {processor.py:830} INFO - Processing file /home/airflow/.local/lib/python3.8/site-packages/airflow/example_dags/tutorial.py for tasks to queue
[2024-04-04T23:24:55.548+0000] {logging_mixin.py:188} INFO - [2024-04-04T23:24:55.547+0000] {dagbag.py:538} INFO - Filling up the DagBag from /home/airflow/.local/lib/python3.8/site-packages/airflow/example_dags/tutorial.py
[2024-04-04T23:24:55.567+0000] {processor.py:840} INFO - DAG(s) 'tutorial' retrieved from /home/airflow/.local/lib/python3.8/site-packages/airflow/example_dags/tutorial.py
[2024-04-04T23:24:55.635+0000] {logging_mixin.py:188} INFO - [2024-04-04T23:24:55.634+0000] {dag.py:3036} INFO - Sync 1 DAGs
[2024-04-04T23:24:55.735+0000] {logging_mixin.py:188} INFO - [2024-04-04T23:24:55.734+0000] {dag.py:3823} INFO - Setting next_dagrun for tutorial to 2024-04-03 00:00:00+00:00, run_after=2024-04-04 00:00:00+00:00
[2024-04-04T23:24:55.800+0000] {processor.py:183} INFO - Processing /home/airflow/.local/lib/python3.8/site-packages/airflow/example_dags/tutorial.py took 0.273 seconds
[2024-04-04T23:25:26.311+0000] {processor.py:161} INFO - Started process (PID=48861) to work on /home/airflow/.local/lib/python3.8/site-packages/airflow/example_dags/tutorial.py
[2024-04-04T23:25:26.313+0000] {processor.py:830} INFO - Processing file /home/airflow/.local/lib/python3.8/site-packages/airflow/example_dags/tutorial.py for tasks to queue
[2024-04-04T23:25:26.315+0000] {logging_mixin.py:188} INFO - [2024-04-04T23:25:26.315+0000] {dagbag.py:538} INFO - Filling up the DagBag from /home/airflow/.local/lib/python3.8/site-packages/airflow/example_dags/tutorial.py
[2024-04-04T23:25:26.330+0000] {processor.py:840} INFO - DAG(s) 'tutorial' retrieved from /home/airflow/.local/lib/python3.8/site-packages/airflow/example_dags/tutorial.py
[2024-04-04T23:25:26.378+0000] {logging_mixin.py:188} INFO - [2024-04-04T23:25:26.378+0000] {dag.py:3036} INFO - Sync 1 DAGs
[2024-04-04T23:25:26.426+0000] {logging_mixin.py:188} INFO - [2024-04-04T23:25:26.426+0000] {dag.py:3823} INFO - Setting next_dagrun for tutorial to 2024-04-03 00:00:00+00:00, run_after=2024-04-04 00:00:00+00:00
[2024-04-04T23:25:26.478+0000] {processor.py:183} INFO - Processing /home/airflow/.local/lib/python3.8/site-packages/airflow/example_dags/tutorial.py took 0.174 seconds
[2024-04-04T23:25:56.895+0000] {processor.py:161} INFO - Started process (PID=48921) to work on /home/airflow/.local/lib/python3.8/site-packages/airflow/example_dags/tutorial.py
[2024-04-04T23:25:56.898+0000] {processor.py:830} INFO - Processing file /home/airflow/.local/lib/python3.8/site-packages/airflow/example_dags/tutorial.py for tasks to queue
[2024-04-04T23:25:56.901+0000] {logging_mixin.py:188} INFO - [2024-04-04T23:25:56.901+0000] {dagbag.py:538} INFO - Filling up the DagBag from /home/airflow/.local/lib/python3.8/site-packages/airflow/example_dags/tutorial.py
[2024-04-04T23:25:56.920+0000] {processor.py:840} INFO - DAG(s) 'tutorial' retrieved from /home/airflow/.local/lib/python3.8/site-packages/airflow/example_dags/tutorial.py
[2024-04-04T23:25:56.983+0000] {logging_mixin.py:188} INFO - [2024-04-04T23:25:56.982+0000] {dag.py:3036} INFO - Sync 1 DAGs
[2024-04-04T23:25:57.042+0000] {logging_mixin.py:188} INFO - [2024-04-04T23:25:57.042+0000] {dag.py:3823} INFO - Setting next_dagrun for tutorial to 2024-04-03 00:00:00+00:00, run_after=2024-04-04 00:00:00+00:00
[2024-04-04T23:25:57.104+0000] {processor.py:183} INFO - Processing /home/airflow/.local/lib/python3.8/site-packages/airflow/example_dags/tutorial.py took 0.220 seconds
[2024-04-04T23:26:28.036+0000] {processor.py:161} INFO - Started process (PID=48981) to work on /home/airflow/.local/lib/python3.8/site-packages/airflow/example_dags/tutorial.py
[2024-04-04T23:26:28.040+0000] {processor.py:830} INFO - Processing file /home/airflow/.local/lib/python3.8/site-packages/airflow/example_dags/tutorial.py for tasks to queue
[2024-04-04T23:26:28.046+0000] {logging_mixin.py:188} INFO - [2024-04-04T23:26:28.044+0000] {dagbag.py:538} INFO - Filling up the DagBag from /home/airflow/.local/lib/python3.8/site-packages/airflow/example_dags/tutorial.py
[2024-04-04T23:26:28.078+0000] {processor.py:840} INFO - DAG(s) 'tutorial' retrieved from /home/airflow/.local/lib/python3.8/site-packages/airflow/example_dags/tutorial.py
[2024-04-04T23:26:28.186+0000] {logging_mixin.py:188} INFO - [2024-04-04T23:26:28.184+0000] {dag.py:3036} INFO - Sync 1 DAGs
[2024-04-04T23:26:28.297+0000] {logging_mixin.py:188} INFO - [2024-04-04T23:26:28.296+0000] {dag.py:3823} INFO - Setting next_dagrun for tutorial to 2024-04-03 00:00:00+00:00, run_after=2024-04-04 00:00:00+00:00
[2024-04-04T23:26:28.400+0000] {processor.py:183} INFO - Processing /home/airflow/.local/lib/python3.8/site-packages/airflow/example_dags/tutorial.py took 0.383 seconds
[2024-04-04T23:26:59.476+0000] {processor.py:161} INFO - Started process (PID=49041) to work on /home/airflow/.local/lib/python3.8/site-packages/airflow/example_dags/tutorial.py
[2024-04-04T23:26:59.484+0000] {processor.py:830} INFO - Processing file /home/airflow/.local/lib/python3.8/site-packages/airflow/example_dags/tutorial.py for tasks to queue
[2024-04-04T23:26:59.490+0000] {logging_mixin.py:188} INFO - [2024-04-04T23:26:59.488+0000] {dagbag.py:538} INFO - Filling up the DagBag from /home/airflow/.local/lib/python3.8/site-packages/airflow/example_dags/tutorial.py
[2024-04-04T23:26:59.531+0000] {processor.py:840} INFO - DAG(s) 'tutorial' retrieved from /home/airflow/.local/lib/python3.8/site-packages/airflow/example_dags/tutorial.py
[2024-04-04T23:26:59.699+0000] {logging_mixin.py:188} INFO - [2024-04-04T23:26:59.697+0000] {dag.py:3036} INFO - Sync 1 DAGs
[2024-04-04T23:26:59.899+0000] {logging_mixin.py:188} INFO - [2024-04-04T23:26:59.898+0000] {dag.py:3823} INFO - Setting next_dagrun for tutorial to 2024-04-03 00:00:00+00:00, run_after=2024-04-04 00:00:00+00:00
[2024-04-04T23:27:00.061+0000] {processor.py:183} INFO - Processing /home/airflow/.local/lib/python3.8/site-packages/airflow/example_dags/tutorial.py took 0.607 seconds
[2024-04-04T23:27:30.789+0000] {processor.py:161} INFO - Started process (PID=49102) to work on /home/airflow/.local/lib/python3.8/site-packages/airflow/example_dags/tutorial.py
[2024-04-04T23:27:30.792+0000] {processor.py:830} INFO - Processing file /home/airflow/.local/lib/python3.8/site-packages/airflow/example_dags/tutorial.py for tasks to queue
[2024-04-04T23:27:30.794+0000] {logging_mixin.py:188} INFO - [2024-04-04T23:27:30.794+0000] {dagbag.py:538} INFO - Filling up the DagBag from /home/airflow/.local/lib/python3.8/site-packages/airflow/example_dags/tutorial.py
[2024-04-04T23:27:30.808+0000] {processor.py:840} INFO - DAG(s) 'tutorial' retrieved from /home/airflow/.local/lib/python3.8/site-packages/airflow/example_dags/tutorial.py
[2024-04-04T23:27:30.855+0000] {logging_mixin.py:188} INFO - [2024-04-04T23:27:30.855+0000] {dag.py:3036} INFO - Sync 1 DAGs
[2024-04-04T23:27:30.903+0000] {logging_mixin.py:188} INFO - [2024-04-04T23:27:30.903+0000] {dag.py:3823} INFO - Setting next_dagrun for tutorial to 2024-04-03 00:00:00+00:00, run_after=2024-04-04 00:00:00+00:00
[2024-04-04T23:27:30.943+0000] {processor.py:183} INFO - Processing /home/airflow/.local/lib/python3.8/site-packages/airflow/example_dags/tutorial.py took 0.161 seconds
[2024-04-04T23:28:01.087+0000] {processor.py:161} INFO - Started process (PID=49161) to work on /home/airflow/.local/lib/python3.8/site-packages/airflow/example_dags/tutorial.py
[2024-04-04T23:28:01.090+0000] {processor.py:830} INFO - Processing file /home/airflow/.local/lib/python3.8/site-packages/airflow/example_dags/tutorial.py for tasks to queue
[2024-04-04T23:28:01.092+0000] {logging_mixin.py:188} INFO - [2024-04-04T23:28:01.091+0000] {dagbag.py:538} INFO - Filling up the DagBag from /home/airflow/.local/lib/python3.8/site-packages/airflow/example_dags/tutorial.py
[2024-04-04T23:28:01.105+0000] {processor.py:840} INFO - DAG(s) 'tutorial' retrieved from /home/airflow/.local/lib/python3.8/site-packages/airflow/example_dags/tutorial.py
[2024-04-04T23:28:01.149+0000] {logging_mixin.py:188} INFO - [2024-04-04T23:28:01.148+0000] {dag.py:3036} INFO - Sync 1 DAGs
[2024-04-04T23:28:01.190+0000] {logging_mixin.py:188} INFO - [2024-04-04T23:28:01.190+0000] {dag.py:3823} INFO - Setting next_dagrun for tutorial to 2024-04-03 00:00:00+00:00, run_after=2024-04-04 00:00:00+00:00
[2024-04-04T23:28:01.237+0000] {processor.py:183} INFO - Processing /home/airflow/.local/lib/python3.8/site-packages/airflow/example_dags/tutorial.py took 0.157 seconds
[2024-04-04T23:28:31.652+0000] {processor.py:161} INFO - Started process (PID=49221) to work on /home/airflow/.local/lib/python3.8/site-packages/airflow/example_dags/tutorial.py
[2024-04-04T23:28:31.658+0000] {processor.py:830} INFO - Processing file /home/airflow/.local/lib/python3.8/site-packages/airflow/example_dags/tutorial.py for tasks to queue
[2024-04-04T23:28:31.664+0000] {logging_mixin.py:188} INFO - [2024-04-04T23:28:31.662+0000] {dagbag.py:538} INFO - Filling up the DagBag from /home/airflow/.local/lib/python3.8/site-packages/airflow/example_dags/tutorial.py
[2024-04-04T23:28:31.698+0000] {processor.py:840} INFO - DAG(s) 'tutorial' retrieved from /home/airflow/.local/lib/python3.8/site-packages/airflow/example_dags/tutorial.py
[2024-04-04T23:28:31.801+0000] {logging_mixin.py:188} INFO - [2024-04-04T23:28:31.800+0000] {dag.py:3036} INFO - Sync 1 DAGs
[2024-04-04T23:28:31.907+0000] {logging_mixin.py:188} INFO - [2024-04-04T23:28:31.906+0000] {dag.py:3823} INFO - Setting next_dagrun for tutorial to 2024-04-03 00:00:00+00:00, run_after=2024-04-04 00:00:00+00:00
[2024-04-04T23:28:32.021+0000] {processor.py:183} INFO - Processing /home/airflow/.local/lib/python3.8/site-packages/airflow/example_dags/tutorial.py took 0.391 seconds
[2024-04-04T23:29:02.384+0000] {processor.py:161} INFO - Started process (PID=49281) to work on /home/airflow/.local/lib/python3.8/site-packages/airflow/example_dags/tutorial.py
[2024-04-04T23:29:02.393+0000] {processor.py:830} INFO - Processing file /home/airflow/.local/lib/python3.8/site-packages/airflow/example_dags/tutorial.py for tasks to queue
[2024-04-04T23:29:02.400+0000] {logging_mixin.py:188} INFO - [2024-04-04T23:29:02.398+0000] {dagbag.py:538} INFO - Filling up the DagBag from /home/airflow/.local/lib/python3.8/site-packages/airflow/example_dags/tutorial.py
[2024-04-04T23:29:02.446+0000] {processor.py:840} INFO - DAG(s) 'tutorial' retrieved from /home/airflow/.local/lib/python3.8/site-packages/airflow/example_dags/tutorial.py
[2024-04-04T23:29:02.593+0000] {logging_mixin.py:188} INFO - [2024-04-04T23:29:02.592+0000] {dag.py:3036} INFO - Sync 1 DAGs
[2024-04-04T23:29:02.767+0000] {logging_mixin.py:188} INFO - [2024-04-04T23:29:02.765+0000] {dag.py:3823} INFO - Setting next_dagrun for tutorial to 2024-04-03 00:00:00+00:00, run_after=2024-04-04 00:00:00+00:00
[2024-04-04T23:29:02.927+0000] {processor.py:183} INFO - Processing /home/airflow/.local/lib/python3.8/site-packages/airflow/example_dags/tutorial.py took 0.570 seconds
[2024-04-04T23:29:33.154+0000] {processor.py:161} INFO - Started process (PID=49341) to work on /home/airflow/.local/lib/python3.8/site-packages/airflow/example_dags/tutorial.py
[2024-04-04T23:29:33.158+0000] {processor.py:830} INFO - Processing file /home/airflow/.local/lib/python3.8/site-packages/airflow/example_dags/tutorial.py for tasks to queue
[2024-04-04T23:29:33.161+0000] {logging_mixin.py:188} INFO - [2024-04-04T23:29:33.160+0000] {dagbag.py:538} INFO - Filling up the DagBag from /home/airflow/.local/lib/python3.8/site-packages/airflow/example_dags/tutorial.py
[2024-04-04T23:29:33.183+0000] {processor.py:840} INFO - DAG(s) 'tutorial' retrieved from /home/airflow/.local/lib/python3.8/site-packages/airflow/example_dags/tutorial.py
[2024-04-04T23:29:33.249+0000] {logging_mixin.py:188} INFO - [2024-04-04T23:29:33.249+0000] {dag.py:3036} INFO - Sync 1 DAGs
[2024-04-04T23:29:33.309+0000] {logging_mixin.py:188} INFO - [2024-04-04T23:29:33.309+0000] {dag.py:3823} INFO - Setting next_dagrun for tutorial to 2024-04-03 00:00:00+00:00, run_after=2024-04-04 00:00:00+00:00
[2024-04-04T23:29:33.359+0000] {processor.py:183} INFO - Processing /home/airflow/.local/lib/python3.8/site-packages/airflow/example_dags/tutorial.py took 0.216 seconds
[2024-04-04T23:30:03.666+0000] {processor.py:161} INFO - Started process (PID=49401) to work on /home/airflow/.local/lib/python3.8/site-packages/airflow/example_dags/tutorial.py
[2024-04-04T23:30:03.669+0000] {processor.py:830} INFO - Processing file /home/airflow/.local/lib/python3.8/site-packages/airflow/example_dags/tutorial.py for tasks to queue
[2024-04-04T23:30:03.672+0000] {logging_mixin.py:188} INFO - [2024-04-04T23:30:03.671+0000] {dagbag.py:538} INFO - Filling up the DagBag from /home/airflow/.local/lib/python3.8/site-packages/airflow/example_dags/tutorial.py
[2024-04-04T23:30:03.691+0000] {processor.py:840} INFO - DAG(s) 'tutorial' retrieved from /home/airflow/.local/lib/python3.8/site-packages/airflow/example_dags/tutorial.py
[2024-04-04T23:30:03.752+0000] {logging_mixin.py:188} INFO - [2024-04-04T23:30:03.751+0000] {dag.py:3036} INFO - Sync 1 DAGs
[2024-04-04T23:30:03.813+0000] {logging_mixin.py:188} INFO - [2024-04-04T23:30:03.812+0000] {dag.py:3823} INFO - Setting next_dagrun for tutorial to 2024-04-03 00:00:00+00:00, run_after=2024-04-04 00:00:00+00:00
[2024-04-04T23:30:03.877+0000] {processor.py:183} INFO - Processing /home/airflow/.local/lib/python3.8/site-packages/airflow/example_dags/tutorial.py took 0.221 seconds
[2024-04-04T23:30:41.144+0000] {processor.py:161} INFO - Started process (PID=49462) to work on /home/airflow/.local/lib/python3.8/site-packages/airflow/example_dags/tutorial.py
[2024-04-04T23:30:41.152+0000] {processor.py:830} INFO - Processing file /home/airflow/.local/lib/python3.8/site-packages/airflow/example_dags/tutorial.py for tasks to queue
[2024-04-04T23:30:41.162+0000] {logging_mixin.py:188} INFO - [2024-04-04T23:30:41.159+0000] {dagbag.py:538} INFO - Filling up the DagBag from /home/airflow/.local/lib/python3.8/site-packages/airflow/example_dags/tutorial.py
[2024-04-04T23:30:41.208+0000] {processor.py:840} INFO - DAG(s) 'tutorial' retrieved from /home/airflow/.local/lib/python3.8/site-packages/airflow/example_dags/tutorial.py
[2024-04-04T23:30:41.348+0000] {logging_mixin.py:188} INFO - [2024-04-04T23:30:41.346+0000] {dag.py:3036} INFO - Sync 1 DAGs
[2024-04-04T23:30:41.515+0000] {logging_mixin.py:188} INFO - [2024-04-04T23:30:41.513+0000] {dag.py:3823} INFO - Setting next_dagrun for tutorial to 2024-04-03 00:00:00+00:00, run_after=2024-04-04 00:00:00+00:00
[2024-04-04T23:30:41.619+0000] {processor.py:183} INFO - Processing /home/airflow/.local/lib/python3.8/site-packages/airflow/example_dags/tutorial.py took 0.505 seconds
[2024-04-04T23:31:11.861+0000] {processor.py:161} INFO - Started process (PID=49522) to work on /home/airflow/.local/lib/python3.8/site-packages/airflow/example_dags/tutorial.py
[2024-04-04T23:31:11.867+0000] {processor.py:830} INFO - Processing file /home/airflow/.local/lib/python3.8/site-packages/airflow/example_dags/tutorial.py for tasks to queue
[2024-04-04T23:31:11.873+0000] {logging_mixin.py:188} INFO - [2024-04-04T23:31:11.871+0000] {dagbag.py:538} INFO - Filling up the DagBag from /home/airflow/.local/lib/python3.8/site-packages/airflow/example_dags/tutorial.py
[2024-04-04T23:31:11.908+0000] {processor.py:840} INFO - DAG(s) 'tutorial' retrieved from /home/airflow/.local/lib/python3.8/site-packages/airflow/example_dags/tutorial.py
[2024-04-04T23:31:12.035+0000] {logging_mixin.py:188} INFO - [2024-04-04T23:31:12.033+0000] {dag.py:3036} INFO - Sync 1 DAGs
[2024-04-04T23:31:12.199+0000] {logging_mixin.py:188} INFO - [2024-04-04T23:31:12.198+0000] {dag.py:3823} INFO - Setting next_dagrun for tutorial to 2024-04-03 00:00:00+00:00, run_after=2024-04-04 00:00:00+00:00
[2024-04-04T23:31:12.303+0000] {processor.py:183} INFO - Processing /home/airflow/.local/lib/python3.8/site-packages/airflow/example_dags/tutorial.py took 0.465 seconds
[2024-04-04T23:31:43.554+0000] {processor.py:161} INFO - Started process (PID=49582) to work on /home/airflow/.local/lib/python3.8/site-packages/airflow/example_dags/tutorial.py
[2024-04-04T23:31:43.565+0000] {processor.py:830} INFO - Processing file /home/airflow/.local/lib/python3.8/site-packages/airflow/example_dags/tutorial.py for tasks to queue
[2024-04-04T23:31:43.573+0000] {logging_mixin.py:188} INFO - [2024-04-04T23:31:43.571+0000] {dagbag.py:538} INFO - Filling up the DagBag from /home/airflow/.local/lib/python3.8/site-packages/airflow/example_dags/tutorial.py
[2024-04-04T23:31:43.627+0000] {processor.py:840} INFO - DAG(s) 'tutorial' retrieved from /home/airflow/.local/lib/python3.8/site-packages/airflow/example_dags/tutorial.py
[2024-04-04T23:31:43.820+0000] {logging_mixin.py:188} INFO - [2024-04-04T23:31:43.817+0000] {dag.py:3036} INFO - Sync 1 DAGs
[2024-04-04T23:31:44.107+0000] {logging_mixin.py:188} INFO - [2024-04-04T23:31:44.105+0000] {dag.py:3823} INFO - Setting next_dagrun for tutorial to 2024-04-03 00:00:00+00:00, run_after=2024-04-04 00:00:00+00:00
[2024-04-04T23:31:44.284+0000] {processor.py:183} INFO - Processing /home/airflow/.local/lib/python3.8/site-packages/airflow/example_dags/tutorial.py took 0.757 seconds
