[2024-04-04T20:01:49.047+0000] {processor.py:161} INFO - Started process (PID=43437) to work on /home/airflow/.local/lib/python3.8/site-packages/airflow/example_dags/tutorial_taskflow_api.py
[2024-04-04T20:01:49.054+0000] {processor.py:830} INFO - Processing file /home/airflow/.local/lib/python3.8/site-packages/airflow/example_dags/tutorial_taskflow_api.py for tasks to queue
[2024-04-04T20:01:49.087+0000] {logging_mixin.py:188} INFO - [2024-04-04T20:01:49.086+0000] {dagbag.py:538} INFO - Filling up the DagBag from /home/airflow/.local/lib/python3.8/site-packages/airflow/example_dags/tutorial_taskflow_api.py
[2024-04-04T20:01:49.130+0000] {processor.py:840} INFO - DAG(s) 'tutorial_taskflow_api' retrieved from /home/airflow/.local/lib/python3.8/site-packages/airflow/example_dags/tutorial_taskflow_api.py
[2024-04-04T20:01:49.259+0000] {logging_mixin.py:188} INFO - [2024-04-04T20:01:49.258+0000] {dag.py:3036} INFO - Sync 1 DAGs
[2024-04-04T20:01:49.340+0000] {logging_mixin.py:188} INFO - [2024-04-04T20:01:49.340+0000] {dag.py:3823} INFO - Setting next_dagrun for tutorial_taskflow_api to None, run_after=None
[2024-04-04T20:01:49.449+0000] {processor.py:183} INFO - Processing /home/airflow/.local/lib/python3.8/site-packages/airflow/example_dags/tutorial_taskflow_api.py took 0.414 seconds
[2024-04-04T15:01:18.799+0000] {processor.py:161} INFO - Started process (PID=46108) to work on /home/airflow/.local/lib/python3.8/site-packages/airflow/example_dags/tutorial_taskflow_api.py
[2024-04-04T15:01:18.803+0000] {processor.py:830} INFO - Processing file /home/airflow/.local/lib/python3.8/site-packages/airflow/example_dags/tutorial_taskflow_api.py for tasks to queue
[2024-04-04T15:01:18.807+0000] {logging_mixin.py:188} INFO - [2024-04-04T15:01:18.805+0000] {dagbag.py:538} INFO - Filling up the DagBag from /home/airflow/.local/lib/python3.8/site-packages/airflow/example_dags/tutorial_taskflow_api.py
[2024-04-04T15:01:18.831+0000] {processor.py:840} INFO - DAG(s) 'tutorial_taskflow_api' retrieved from /home/airflow/.local/lib/python3.8/site-packages/airflow/example_dags/tutorial_taskflow_api.py
[2024-04-04T15:01:18.947+0000] {logging_mixin.py:188} INFO - [2024-04-04T15:01:18.946+0000] {dag.py:3036} INFO - Sync 1 DAGs
[2024-04-04T15:01:19.000+0000] {logging_mixin.py:188} INFO - [2024-04-04T15:01:18.999+0000] {dag.py:3823} INFO - Setting next_dagrun for tutorial_taskflow_api to None, run_after=None
[2024-04-04T15:01:19.070+0000] {processor.py:183} INFO - Processing /home/airflow/.local/lib/python3.8/site-packages/airflow/example_dags/tutorial_taskflow_api.py took 0.283 seconds
[2024-04-04T18:12:32.986+0000] {processor.py:161} INFO - Started process (PID=46168) to work on /home/airflow/.local/lib/python3.8/site-packages/airflow/example_dags/tutorial_taskflow_api.py
[2024-04-04T18:12:32.988+0000] {processor.py:830} INFO - Processing file /home/airflow/.local/lib/python3.8/site-packages/airflow/example_dags/tutorial_taskflow_api.py for tasks to queue
[2024-04-04T18:12:32.990+0000] {logging_mixin.py:188} INFO - [2024-04-04T18:12:32.989+0000] {dagbag.py:538} INFO - Filling up the DagBag from /home/airflow/.local/lib/python3.8/site-packages/airflow/example_dags/tutorial_taskflow_api.py
[2024-04-04T18:12:33.001+0000] {processor.py:840} INFO - DAG(s) 'tutorial_taskflow_api' retrieved from /home/airflow/.local/lib/python3.8/site-packages/airflow/example_dags/tutorial_taskflow_api.py
[2024-04-04T18:12:33.032+0000] {logging_mixin.py:188} INFO - [2024-04-04T18:12:33.032+0000] {dag.py:3036} INFO - Sync 1 DAGs
[2024-04-04T18:12:33.056+0000] {logging_mixin.py:188} INFO - [2024-04-04T18:12:33.056+0000] {dag.py:3823} INFO - Setting next_dagrun for tutorial_taskflow_api to None, run_after=None
[2024-04-04T18:12:33.106+0000] {processor.py:183} INFO - Processing /home/airflow/.local/lib/python3.8/site-packages/airflow/example_dags/tutorial_taskflow_api.py took 0.126 seconds
[2024-04-04T18:13:03.646+0000] {processor.py:161} INFO - Started process (PID=46228) to work on /home/airflow/.local/lib/python3.8/site-packages/airflow/example_dags/tutorial_taskflow_api.py
[2024-04-04T18:13:03.648+0000] {processor.py:830} INFO - Processing file /home/airflow/.local/lib/python3.8/site-packages/airflow/example_dags/tutorial_taskflow_api.py for tasks to queue
[2024-04-04T18:13:03.649+0000] {logging_mixin.py:188} INFO - [2024-04-04T18:13:03.649+0000] {dagbag.py:538} INFO - Filling up the DagBag from /home/airflow/.local/lib/python3.8/site-packages/airflow/example_dags/tutorial_taskflow_api.py
[2024-04-04T18:13:03.661+0000] {processor.py:840} INFO - DAG(s) 'tutorial_taskflow_api' retrieved from /home/airflow/.local/lib/python3.8/site-packages/airflow/example_dags/tutorial_taskflow_api.py
[2024-04-04T18:13:03.699+0000] {logging_mixin.py:188} INFO - [2024-04-04T18:13:03.699+0000] {dag.py:3036} INFO - Sync 1 DAGs
[2024-04-04T18:13:03.734+0000] {logging_mixin.py:188} INFO - [2024-04-04T18:13:03.734+0000] {dag.py:3823} INFO - Setting next_dagrun for tutorial_taskflow_api to None, run_after=None
[2024-04-04T18:13:03.768+0000] {processor.py:183} INFO - Processing /home/airflow/.local/lib/python3.8/site-packages/airflow/example_dags/tutorial_taskflow_api.py took 0.127 seconds
[2024-04-04T18:13:34.620+0000] {processor.py:161} INFO - Started process (PID=46288) to work on /home/airflow/.local/lib/python3.8/site-packages/airflow/example_dags/tutorial_taskflow_api.py
[2024-04-04T18:13:34.621+0000] {processor.py:830} INFO - Processing file /home/airflow/.local/lib/python3.8/site-packages/airflow/example_dags/tutorial_taskflow_api.py for tasks to queue
[2024-04-04T18:13:34.622+0000] {logging_mixin.py:188} INFO - [2024-04-04T18:13:34.622+0000] {dagbag.py:538} INFO - Filling up the DagBag from /home/airflow/.local/lib/python3.8/site-packages/airflow/example_dags/tutorial_taskflow_api.py
[2024-04-04T18:13:34.628+0000] {processor.py:840} INFO - DAG(s) 'tutorial_taskflow_api' retrieved from /home/airflow/.local/lib/python3.8/site-packages/airflow/example_dags/tutorial_taskflow_api.py
[2024-04-04T18:13:34.652+0000] {logging_mixin.py:188} INFO - [2024-04-04T18:13:34.652+0000] {dag.py:3036} INFO - Sync 1 DAGs
[2024-04-04T18:13:34.666+0000] {logging_mixin.py:188} INFO - [2024-04-04T18:13:34.666+0000] {dag.py:3823} INFO - Setting next_dagrun for tutorial_taskflow_api to None, run_after=None
[2024-04-04T18:13:34.689+0000] {processor.py:183} INFO - Processing /home/airflow/.local/lib/python3.8/site-packages/airflow/example_dags/tutorial_taskflow_api.py took 0.073 seconds
[2024-04-04T18:14:05.657+0000] {processor.py:161} INFO - Started process (PID=46348) to work on /home/airflow/.local/lib/python3.8/site-packages/airflow/example_dags/tutorial_taskflow_api.py
[2024-04-04T18:14:05.659+0000] {processor.py:830} INFO - Processing file /home/airflow/.local/lib/python3.8/site-packages/airflow/example_dags/tutorial_taskflow_api.py for tasks to queue
[2024-04-04T18:14:05.661+0000] {logging_mixin.py:188} INFO - [2024-04-04T18:14:05.660+0000] {dagbag.py:538} INFO - Filling up the DagBag from /home/airflow/.local/lib/python3.8/site-packages/airflow/example_dags/tutorial_taskflow_api.py
[2024-04-04T18:14:05.670+0000] {processor.py:840} INFO - DAG(s) 'tutorial_taskflow_api' retrieved from /home/airflow/.local/lib/python3.8/site-packages/airflow/example_dags/tutorial_taskflow_api.py
[2024-04-04T18:14:05.701+0000] {logging_mixin.py:188} INFO - [2024-04-04T18:14:05.701+0000] {dag.py:3036} INFO - Sync 1 DAGs
[2024-04-04T18:14:05.719+0000] {logging_mixin.py:188} INFO - [2024-04-04T18:14:05.719+0000] {dag.py:3823} INFO - Setting next_dagrun for tutorial_taskflow_api to None, run_after=None
[2024-04-04T18:14:05.748+0000] {processor.py:183} INFO - Processing /home/airflow/.local/lib/python3.8/site-packages/airflow/example_dags/tutorial_taskflow_api.py took 0.095 seconds
[2024-04-04T18:14:36.097+0000] {processor.py:161} INFO - Started process (PID=46408) to work on /home/airflow/.local/lib/python3.8/site-packages/airflow/example_dags/tutorial_taskflow_api.py
[2024-04-04T18:14:36.098+0000] {processor.py:830} INFO - Processing file /home/airflow/.local/lib/python3.8/site-packages/airflow/example_dags/tutorial_taskflow_api.py for tasks to queue
[2024-04-04T18:14:36.100+0000] {logging_mixin.py:188} INFO - [2024-04-04T18:14:36.100+0000] {dagbag.py:538} INFO - Filling up the DagBag from /home/airflow/.local/lib/python3.8/site-packages/airflow/example_dags/tutorial_taskflow_api.py
[2024-04-04T18:14:36.108+0000] {processor.py:840} INFO - DAG(s) 'tutorial_taskflow_api' retrieved from /home/airflow/.local/lib/python3.8/site-packages/airflow/example_dags/tutorial_taskflow_api.py
[2024-04-04T18:14:36.136+0000] {logging_mixin.py:188} INFO - [2024-04-04T18:14:36.136+0000] {dag.py:3036} INFO - Sync 1 DAGs
[2024-04-04T18:14:36.152+0000] {logging_mixin.py:188} INFO - [2024-04-04T18:14:36.152+0000] {dag.py:3823} INFO - Setting next_dagrun for tutorial_taskflow_api to None, run_after=None
[2024-04-04T18:14:36.178+0000] {processor.py:183} INFO - Processing /home/airflow/.local/lib/python3.8/site-packages/airflow/example_dags/tutorial_taskflow_api.py took 0.085 seconds
[2024-04-04T18:15:09.885+0000] {processor.py:161} INFO - Started process (PID=46468) to work on /home/airflow/.local/lib/python3.8/site-packages/airflow/example_dags/tutorial_taskflow_api.py
[2024-04-04T18:15:09.889+0000] {processor.py:830} INFO - Processing file /home/airflow/.local/lib/python3.8/site-packages/airflow/example_dags/tutorial_taskflow_api.py for tasks to queue
[2024-04-04T18:15:09.892+0000] {logging_mixin.py:188} INFO - [2024-04-04T18:15:09.891+0000] {dagbag.py:538} INFO - Filling up the DagBag from /home/airflow/.local/lib/python3.8/site-packages/airflow/example_dags/tutorial_taskflow_api.py
[2024-04-04T18:15:09.914+0000] {processor.py:840} INFO - DAG(s) 'tutorial_taskflow_api' retrieved from /home/airflow/.local/lib/python3.8/site-packages/airflow/example_dags/tutorial_taskflow_api.py
[2024-04-04T18:15:09.987+0000] {logging_mixin.py:188} INFO - [2024-04-04T18:15:09.986+0000] {dag.py:3036} INFO - Sync 1 DAGs
[2024-04-04T18:15:10.036+0000] {logging_mixin.py:188} INFO - [2024-04-04T18:15:10.035+0000] {dag.py:3823} INFO - Setting next_dagrun for tutorial_taskflow_api to None, run_after=None
[2024-04-04T18:15:10.093+0000] {processor.py:183} INFO - Processing /home/airflow/.local/lib/python3.8/site-packages/airflow/example_dags/tutorial_taskflow_api.py took 0.221 seconds
[2024-04-04T18:15:45.936+0000] {processor.py:161} INFO - Started process (PID=46524) to work on /home/airflow/.local/lib/python3.8/site-packages/airflow/example_dags/tutorial_taskflow_api.py
[2024-04-04T18:15:45.944+0000] {processor.py:830} INFO - Processing file /home/airflow/.local/lib/python3.8/site-packages/airflow/example_dags/tutorial_taskflow_api.py for tasks to queue
[2024-04-04T18:15:45.952+0000] {logging_mixin.py:188} INFO - [2024-04-04T18:15:45.949+0000] {dagbag.py:538} INFO - Filling up the DagBag from /home/airflow/.local/lib/python3.8/site-packages/airflow/example_dags/tutorial_taskflow_api.py
[2024-04-04T18:15:46.001+0000] {processor.py:840} INFO - DAG(s) 'tutorial_taskflow_api' retrieved from /home/airflow/.local/lib/python3.8/site-packages/airflow/example_dags/tutorial_taskflow_api.py
[2024-04-04T18:15:46.186+0000] {logging_mixin.py:188} INFO - [2024-04-04T18:15:46.184+0000] {dag.py:3036} INFO - Sync 1 DAGs
[2024-04-04T18:15:46.281+0000] {logging_mixin.py:188} INFO - [2024-04-04T18:15:46.279+0000] {dag.py:3823} INFO - Setting next_dagrun for tutorial_taskflow_api to None, run_after=None
[2024-04-04T18:15:46.402+0000] {processor.py:183} INFO - Processing /home/airflow/.local/lib/python3.8/site-packages/airflow/example_dags/tutorial_taskflow_api.py took 0.494 seconds
[2024-04-04T18:16:17.532+0000] {processor.py:161} INFO - Started process (PID=46584) to work on /home/airflow/.local/lib/python3.8/site-packages/airflow/example_dags/tutorial_taskflow_api.py
[2024-04-04T18:16:17.536+0000] {processor.py:830} INFO - Processing file /home/airflow/.local/lib/python3.8/site-packages/airflow/example_dags/tutorial_taskflow_api.py for tasks to queue
[2024-04-04T18:16:17.541+0000] {logging_mixin.py:188} INFO - [2024-04-04T18:16:17.540+0000] {dagbag.py:538} INFO - Filling up the DagBag from /home/airflow/.local/lib/python3.8/site-packages/airflow/example_dags/tutorial_taskflow_api.py
[2024-04-04T18:16:17.578+0000] {processor.py:840} INFO - DAG(s) 'tutorial_taskflow_api' retrieved from /home/airflow/.local/lib/python3.8/site-packages/airflow/example_dags/tutorial_taskflow_api.py
[2024-04-04T18:16:17.705+0000] {logging_mixin.py:188} INFO - [2024-04-04T18:16:17.704+0000] {dag.py:3036} INFO - Sync 1 DAGs
[2024-04-04T18:16:17.779+0000] {logging_mixin.py:188} INFO - [2024-04-04T18:16:17.777+0000] {dag.py:3823} INFO - Setting next_dagrun for tutorial_taskflow_api to None, run_after=None
[2024-04-04T18:16:17.919+0000] {processor.py:183} INFO - Processing /home/airflow/.local/lib/python3.8/site-packages/airflow/example_dags/tutorial_taskflow_api.py took 0.406 seconds
[2024-04-04T18:16:48.481+0000] {processor.py:161} INFO - Started process (PID=46644) to work on /home/airflow/.local/lib/python3.8/site-packages/airflow/example_dags/tutorial_taskflow_api.py
[2024-04-04T18:16:48.486+0000] {processor.py:830} INFO - Processing file /home/airflow/.local/lib/python3.8/site-packages/airflow/example_dags/tutorial_taskflow_api.py for tasks to queue
[2024-04-04T18:16:48.491+0000] {logging_mixin.py:188} INFO - [2024-04-04T18:16:48.490+0000] {dagbag.py:538} INFO - Filling up the DagBag from /home/airflow/.local/lib/python3.8/site-packages/airflow/example_dags/tutorial_taskflow_api.py
[2024-04-04T18:16:48.519+0000] {processor.py:840} INFO - DAG(s) 'tutorial_taskflow_api' retrieved from /home/airflow/.local/lib/python3.8/site-packages/airflow/example_dags/tutorial_taskflow_api.py
[2024-04-04T18:16:48.624+0000] {logging_mixin.py:188} INFO - [2024-04-04T18:16:48.623+0000] {dag.py:3036} INFO - Sync 1 DAGs
[2024-04-04T18:16:48.702+0000] {logging_mixin.py:188} INFO - [2024-04-04T18:16:48.701+0000] {dag.py:3823} INFO - Setting next_dagrun for tutorial_taskflow_api to None, run_after=None
[2024-04-04T18:16:48.818+0000] {processor.py:183} INFO - Processing /home/airflow/.local/lib/python3.8/site-packages/airflow/example_dags/tutorial_taskflow_api.py took 0.353 seconds
[2024-04-04T18:17:19.672+0000] {processor.py:161} INFO - Started process (PID=46705) to work on /home/airflow/.local/lib/python3.8/site-packages/airflow/example_dags/tutorial_taskflow_api.py
[2024-04-04T18:17:19.675+0000] {processor.py:830} INFO - Processing file /home/airflow/.local/lib/python3.8/site-packages/airflow/example_dags/tutorial_taskflow_api.py for tasks to queue
[2024-04-04T18:17:19.677+0000] {logging_mixin.py:188} INFO - [2024-04-04T18:17:19.676+0000] {dagbag.py:538} INFO - Filling up the DagBag from /home/airflow/.local/lib/python3.8/site-packages/airflow/example_dags/tutorial_taskflow_api.py
[2024-04-04T18:17:19.689+0000] {processor.py:840} INFO - DAG(s) 'tutorial_taskflow_api' retrieved from /home/airflow/.local/lib/python3.8/site-packages/airflow/example_dags/tutorial_taskflow_api.py
[2024-04-04T18:17:19.729+0000] {logging_mixin.py:188} INFO - [2024-04-04T18:17:19.729+0000] {dag.py:3036} INFO - Sync 1 DAGs
[2024-04-04T18:17:19.753+0000] {logging_mixin.py:188} INFO - [2024-04-04T18:17:19.753+0000] {dag.py:3823} INFO - Setting next_dagrun for tutorial_taskflow_api to None, run_after=None
[2024-04-04T18:17:19.788+0000] {processor.py:183} INFO - Processing /home/airflow/.local/lib/python3.8/site-packages/airflow/example_dags/tutorial_taskflow_api.py took 0.123 seconds
[2024-04-04T18:17:50.209+0000] {processor.py:161} INFO - Started process (PID=46765) to work on /home/airflow/.local/lib/python3.8/site-packages/airflow/example_dags/tutorial_taskflow_api.py
[2024-04-04T18:17:50.213+0000] {processor.py:830} INFO - Processing file /home/airflow/.local/lib/python3.8/site-packages/airflow/example_dags/tutorial_taskflow_api.py for tasks to queue
[2024-04-04T18:17:50.216+0000] {logging_mixin.py:188} INFO - [2024-04-04T18:17:50.215+0000] {dagbag.py:538} INFO - Filling up the DagBag from /home/airflow/.local/lib/python3.8/site-packages/airflow/example_dags/tutorial_taskflow_api.py
[2024-04-04T18:17:50.236+0000] {processor.py:840} INFO - DAG(s) 'tutorial_taskflow_api' retrieved from /home/airflow/.local/lib/python3.8/site-packages/airflow/example_dags/tutorial_taskflow_api.py
[2024-04-04T18:17:50.300+0000] {logging_mixin.py:188} INFO - [2024-04-04T18:17:50.299+0000] {dag.py:3036} INFO - Sync 1 DAGs
[2024-04-04T18:17:50.340+0000] {logging_mixin.py:188} INFO - [2024-04-04T18:17:50.339+0000] {dag.py:3823} INFO - Setting next_dagrun for tutorial_taskflow_api to None, run_after=None
[2024-04-04T18:17:50.397+0000] {processor.py:183} INFO - Processing /home/airflow/.local/lib/python3.8/site-packages/airflow/example_dags/tutorial_taskflow_api.py took 0.199 seconds
[2024-04-04T18:18:21.603+0000] {processor.py:161} INFO - Started process (PID=46825) to work on /home/airflow/.local/lib/python3.8/site-packages/airflow/example_dags/tutorial_taskflow_api.py
[2024-04-04T18:18:21.612+0000] {processor.py:830} INFO - Processing file /home/airflow/.local/lib/python3.8/site-packages/airflow/example_dags/tutorial_taskflow_api.py for tasks to queue
[2024-04-04T18:18:21.621+0000] {logging_mixin.py:188} INFO - [2024-04-04T18:18:21.618+0000] {dagbag.py:538} INFO - Filling up the DagBag from /home/airflow/.local/lib/python3.8/site-packages/airflow/example_dags/tutorial_taskflow_api.py
[2024-04-04T18:18:21.707+0000] {processor.py:840} INFO - DAG(s) 'tutorial_taskflow_api' retrieved from /home/airflow/.local/lib/python3.8/site-packages/airflow/example_dags/tutorial_taskflow_api.py
[2024-04-04T18:18:21.955+0000] {logging_mixin.py:188} INFO - [2024-04-04T18:18:21.945+0000] {dag.py:3036} INFO - Sync 1 DAGs
[2024-04-04T18:18:22.143+0000] {logging_mixin.py:188} INFO - [2024-04-04T18:18:22.140+0000] {dag.py:3823} INFO - Setting next_dagrun for tutorial_taskflow_api to None, run_after=None
[2024-04-04T18:18:22.609+0000] {processor.py:183} INFO - Processing /home/airflow/.local/lib/python3.8/site-packages/airflow/example_dags/tutorial_taskflow_api.py took 1.029 seconds
[2024-04-04T18:18:53.398+0000] {processor.py:161} INFO - Started process (PID=46885) to work on /home/airflow/.local/lib/python3.8/site-packages/airflow/example_dags/tutorial_taskflow_api.py
[2024-04-04T18:18:53.411+0000] {processor.py:830} INFO - Processing file /home/airflow/.local/lib/python3.8/site-packages/airflow/example_dags/tutorial_taskflow_api.py for tasks to queue
[2024-04-04T18:18:53.419+0000] {logging_mixin.py:188} INFO - [2024-04-04T18:18:53.417+0000] {dagbag.py:538} INFO - Filling up the DagBag from /home/airflow/.local/lib/python3.8/site-packages/airflow/example_dags/tutorial_taskflow_api.py
[2024-04-04T18:18:53.461+0000] {processor.py:840} INFO - DAG(s) 'tutorial_taskflow_api' retrieved from /home/airflow/.local/lib/python3.8/site-packages/airflow/example_dags/tutorial_taskflow_api.py
[2024-04-04T18:18:53.651+0000] {logging_mixin.py:188} INFO - [2024-04-04T18:18:53.649+0000] {dag.py:3036} INFO - Sync 1 DAGs
[2024-04-04T18:18:53.823+0000] {logging_mixin.py:188} INFO - [2024-04-04T18:18:53.820+0000] {dag.py:3823} INFO - Setting next_dagrun for tutorial_taskflow_api to None, run_after=None
[2024-04-04T18:18:53.994+0000] {processor.py:183} INFO - Processing /home/airflow/.local/lib/python3.8/site-packages/airflow/example_dags/tutorial_taskflow_api.py took 0.632 seconds
[2024-04-04T18:19:24.644+0000] {processor.py:161} INFO - Started process (PID=46951) to work on /home/airflow/.local/lib/python3.8/site-packages/airflow/example_dags/tutorial_taskflow_api.py
[2024-04-04T18:19:24.649+0000] {processor.py:830} INFO - Processing file /home/airflow/.local/lib/python3.8/site-packages/airflow/example_dags/tutorial_taskflow_api.py for tasks to queue
[2024-04-04T18:19:24.652+0000] {logging_mixin.py:188} INFO - [2024-04-04T18:19:24.651+0000] {dagbag.py:538} INFO - Filling up the DagBag from /home/airflow/.local/lib/python3.8/site-packages/airflow/example_dags/tutorial_taskflow_api.py
[2024-04-04T18:19:24.683+0000] {processor.py:840} INFO - DAG(s) 'tutorial_taskflow_api' retrieved from /home/airflow/.local/lib/python3.8/site-packages/airflow/example_dags/tutorial_taskflow_api.py
[2024-04-04T18:19:24.805+0000] {logging_mixin.py:188} INFO - [2024-04-04T18:19:24.804+0000] {dag.py:3036} INFO - Sync 1 DAGs
[2024-04-04T18:19:24.856+0000] {logging_mixin.py:188} INFO - [2024-04-04T18:19:24.855+0000] {dag.py:3823} INFO - Setting next_dagrun for tutorial_taskflow_api to None, run_after=None
[2024-04-04T18:19:24.940+0000] {processor.py:183} INFO - Processing /home/airflow/.local/lib/python3.8/site-packages/airflow/example_dags/tutorial_taskflow_api.py took 0.310 seconds
[2024-04-04T18:19:55.228+0000] {processor.py:161} INFO - Started process (PID=47011) to work on /home/airflow/.local/lib/python3.8/site-packages/airflow/example_dags/tutorial_taskflow_api.py
[2024-04-04T18:19:55.232+0000] {processor.py:830} INFO - Processing file /home/airflow/.local/lib/python3.8/site-packages/airflow/example_dags/tutorial_taskflow_api.py for tasks to queue
[2024-04-04T18:19:55.236+0000] {logging_mixin.py:188} INFO - [2024-04-04T18:19:55.235+0000] {dagbag.py:538} INFO - Filling up the DagBag from /home/airflow/.local/lib/python3.8/site-packages/airflow/example_dags/tutorial_taskflow_api.py
[2024-04-04T18:19:55.260+0000] {processor.py:840} INFO - DAG(s) 'tutorial_taskflow_api' retrieved from /home/airflow/.local/lib/python3.8/site-packages/airflow/example_dags/tutorial_taskflow_api.py
[2024-04-04T18:19:55.346+0000] {logging_mixin.py:188} INFO - [2024-04-04T18:19:55.345+0000] {dag.py:3036} INFO - Sync 1 DAGs
[2024-04-04T18:19:55.396+0000] {logging_mixin.py:188} INFO - [2024-04-04T18:19:55.395+0000] {dag.py:3823} INFO - Setting next_dagrun for tutorial_taskflow_api to None, run_after=None
[2024-04-04T18:19:55.465+0000] {processor.py:183} INFO - Processing /home/airflow/.local/lib/python3.8/site-packages/airflow/example_dags/tutorial_taskflow_api.py took 0.251 seconds
[2024-04-04T18:20:26.126+0000] {processor.py:161} INFO - Started process (PID=47071) to work on /home/airflow/.local/lib/python3.8/site-packages/airflow/example_dags/tutorial_taskflow_api.py
[2024-04-04T18:20:26.131+0000] {processor.py:830} INFO - Processing file /home/airflow/.local/lib/python3.8/site-packages/airflow/example_dags/tutorial_taskflow_api.py for tasks to queue
[2024-04-04T18:20:26.135+0000] {logging_mixin.py:188} INFO - [2024-04-04T18:20:26.134+0000] {dagbag.py:538} INFO - Filling up the DagBag from /home/airflow/.local/lib/python3.8/site-packages/airflow/example_dags/tutorial_taskflow_api.py
[2024-04-04T18:20:26.163+0000] {processor.py:840} INFO - DAG(s) 'tutorial_taskflow_api' retrieved from /home/airflow/.local/lib/python3.8/site-packages/airflow/example_dags/tutorial_taskflow_api.py
[2024-04-04T18:20:26.256+0000] {logging_mixin.py:188} INFO - [2024-04-04T18:20:26.255+0000] {dag.py:3036} INFO - Sync 1 DAGs
[2024-04-04T18:20:26.320+0000] {logging_mixin.py:188} INFO - [2024-04-04T18:20:26.319+0000] {dag.py:3823} INFO - Setting next_dagrun for tutorial_taskflow_api to None, run_after=None
[2024-04-04T18:20:26.398+0000] {processor.py:183} INFO - Processing /home/airflow/.local/lib/python3.8/site-packages/airflow/example_dags/tutorial_taskflow_api.py took 0.288 seconds
[2024-04-04T18:20:57.808+0000] {processor.py:161} INFO - Started process (PID=47131) to work on /home/airflow/.local/lib/python3.8/site-packages/airflow/example_dags/tutorial_taskflow_api.py
[2024-04-04T18:20:57.814+0000] {processor.py:830} INFO - Processing file /home/airflow/.local/lib/python3.8/site-packages/airflow/example_dags/tutorial_taskflow_api.py for tasks to queue
[2024-04-04T18:20:57.819+0000] {logging_mixin.py:188} INFO - [2024-04-04T18:20:57.818+0000] {dagbag.py:538} INFO - Filling up the DagBag from /home/airflow/.local/lib/python3.8/site-packages/airflow/example_dags/tutorial_taskflow_api.py
[2024-04-04T18:20:57.853+0000] {processor.py:840} INFO - DAG(s) 'tutorial_taskflow_api' retrieved from /home/airflow/.local/lib/python3.8/site-packages/airflow/example_dags/tutorial_taskflow_api.py
[2024-04-04T18:20:57.987+0000] {logging_mixin.py:188} INFO - [2024-04-04T18:20:57.985+0000] {dag.py:3036} INFO - Sync 1 DAGs
[2024-04-04T18:20:58.073+0000] {logging_mixin.py:188} INFO - [2024-04-04T18:20:58.072+0000] {dag.py:3823} INFO - Setting next_dagrun for tutorial_taskflow_api to None, run_after=None
[2024-04-04T18:20:58.160+0000] {processor.py:183} INFO - Processing /home/airflow/.local/lib/python3.8/site-packages/airflow/example_dags/tutorial_taskflow_api.py took 0.370 seconds
[2024-04-04T18:21:28.603+0000] {processor.py:161} INFO - Started process (PID=47191) to work on /home/airflow/.local/lib/python3.8/site-packages/airflow/example_dags/tutorial_taskflow_api.py
[2024-04-04T18:21:28.616+0000] {processor.py:830} INFO - Processing file /home/airflow/.local/lib/python3.8/site-packages/airflow/example_dags/tutorial_taskflow_api.py for tasks to queue
[2024-04-04T18:21:28.621+0000] {logging_mixin.py:188} INFO - [2024-04-04T18:21:28.620+0000] {dagbag.py:538} INFO - Filling up the DagBag from /home/airflow/.local/lib/python3.8/site-packages/airflow/example_dags/tutorial_taskflow_api.py
[2024-04-04T18:21:28.653+0000] {processor.py:840} INFO - DAG(s) 'tutorial_taskflow_api' retrieved from /home/airflow/.local/lib/python3.8/site-packages/airflow/example_dags/tutorial_taskflow_api.py
[2024-04-04T18:21:28.821+0000] {logging_mixin.py:188} INFO - [2024-04-04T18:21:28.820+0000] {dag.py:3036} INFO - Sync 1 DAGs
[2024-04-04T18:21:28.944+0000] {logging_mixin.py:188} INFO - [2024-04-04T18:21:28.942+0000] {dag.py:3823} INFO - Setting next_dagrun for tutorial_taskflow_api to None, run_after=None
[2024-04-04T18:21:29.075+0000] {processor.py:183} INFO - Processing /home/airflow/.local/lib/python3.8/site-packages/airflow/example_dags/tutorial_taskflow_api.py took 0.494 seconds
[2024-04-04T18:21:59.795+0000] {processor.py:161} INFO - Started process (PID=47251) to work on /home/airflow/.local/lib/python3.8/site-packages/airflow/example_dags/tutorial_taskflow_api.py
[2024-04-04T18:21:59.797+0000] {processor.py:830} INFO - Processing file /home/airflow/.local/lib/python3.8/site-packages/airflow/example_dags/tutorial_taskflow_api.py for tasks to queue
[2024-04-04T18:21:59.799+0000] {logging_mixin.py:188} INFO - [2024-04-04T18:21:59.798+0000] {dagbag.py:538} INFO - Filling up the DagBag from /home/airflow/.local/lib/python3.8/site-packages/airflow/example_dags/tutorial_taskflow_api.py
[2024-04-04T18:21:59.809+0000] {processor.py:840} INFO - DAG(s) 'tutorial_taskflow_api' retrieved from /home/airflow/.local/lib/python3.8/site-packages/airflow/example_dags/tutorial_taskflow_api.py
[2024-04-04T18:21:59.847+0000] {logging_mixin.py:188} INFO - [2024-04-04T18:21:59.847+0000] {dag.py:3036} INFO - Sync 1 DAGs
[2024-04-04T18:21:59.869+0000] {logging_mixin.py:188} INFO - [2024-04-04T18:21:59.869+0000] {dag.py:3823} INFO - Setting next_dagrun for tutorial_taskflow_api to None, run_after=None
[2024-04-04T18:21:59.903+0000] {processor.py:183} INFO - Processing /home/airflow/.local/lib/python3.8/site-packages/airflow/example_dags/tutorial_taskflow_api.py took 0.113 seconds
[2024-04-04T18:22:30.207+0000] {processor.py:161} INFO - Started process (PID=47311) to work on /home/airflow/.local/lib/python3.8/site-packages/airflow/example_dags/tutorial_taskflow_api.py
[2024-04-04T18:22:30.209+0000] {processor.py:830} INFO - Processing file /home/airflow/.local/lib/python3.8/site-packages/airflow/example_dags/tutorial_taskflow_api.py for tasks to queue
[2024-04-04T18:22:30.211+0000] {logging_mixin.py:188} INFO - [2024-04-04T18:22:30.211+0000] {dagbag.py:538} INFO - Filling up the DagBag from /home/airflow/.local/lib/python3.8/site-packages/airflow/example_dags/tutorial_taskflow_api.py
[2024-04-04T18:22:30.223+0000] {processor.py:840} INFO - DAG(s) 'tutorial_taskflow_api' retrieved from /home/airflow/.local/lib/python3.8/site-packages/airflow/example_dags/tutorial_taskflow_api.py
[2024-04-04T18:22:30.269+0000] {logging_mixin.py:188} INFO - [2024-04-04T18:22:30.268+0000] {dag.py:3036} INFO - Sync 1 DAGs
[2024-04-04T18:22:30.294+0000] {logging_mixin.py:188} INFO - [2024-04-04T18:22:30.293+0000] {dag.py:3823} INFO - Setting next_dagrun for tutorial_taskflow_api to None, run_after=None
[2024-04-04T18:22:30.341+0000] {processor.py:183} INFO - Processing /home/airflow/.local/lib/python3.8/site-packages/airflow/example_dags/tutorial_taskflow_api.py took 0.140 seconds
[2024-04-04T18:23:00.665+0000] {processor.py:161} INFO - Started process (PID=47371) to work on /home/airflow/.local/lib/python3.8/site-packages/airflow/example_dags/tutorial_taskflow_api.py
[2024-04-04T18:23:00.671+0000] {processor.py:830} INFO - Processing file /home/airflow/.local/lib/python3.8/site-packages/airflow/example_dags/tutorial_taskflow_api.py for tasks to queue
[2024-04-04T18:23:00.677+0000] {logging_mixin.py:188} INFO - [2024-04-04T18:23:00.676+0000] {dagbag.py:538} INFO - Filling up the DagBag from /home/airflow/.local/lib/python3.8/site-packages/airflow/example_dags/tutorial_taskflow_api.py
[2024-04-04T18:23:00.719+0000] {processor.py:840} INFO - DAG(s) 'tutorial_taskflow_api' retrieved from /home/airflow/.local/lib/python3.8/site-packages/airflow/example_dags/tutorial_taskflow_api.py
[2024-04-04T18:23:00.824+0000] {logging_mixin.py:188} INFO - [2024-04-04T18:23:00.822+0000] {dag.py:3036} INFO - Sync 1 DAGs
[2024-04-04T18:23:00.890+0000] {logging_mixin.py:188} INFO - [2024-04-04T18:23:00.889+0000] {dag.py:3823} INFO - Setting next_dagrun for tutorial_taskflow_api to None, run_after=None
[2024-04-04T18:23:00.986+0000] {processor.py:183} INFO - Processing /home/airflow/.local/lib/python3.8/site-packages/airflow/example_dags/tutorial_taskflow_api.py took 0.343 seconds
[2024-04-04T18:23:32.071+0000] {processor.py:161} INFO - Started process (PID=47431) to work on /home/airflow/.local/lib/python3.8/site-packages/airflow/example_dags/tutorial_taskflow_api.py
[2024-04-04T18:23:32.077+0000] {processor.py:830} INFO - Processing file /home/airflow/.local/lib/python3.8/site-packages/airflow/example_dags/tutorial_taskflow_api.py for tasks to queue
[2024-04-04T18:23:32.085+0000] {logging_mixin.py:188} INFO - [2024-04-04T18:23:32.083+0000] {dagbag.py:538} INFO - Filling up the DagBag from /home/airflow/.local/lib/python3.8/site-packages/airflow/example_dags/tutorial_taskflow_api.py
[2024-04-04T18:23:32.137+0000] {processor.py:840} INFO - DAG(s) 'tutorial_taskflow_api' retrieved from /home/airflow/.local/lib/python3.8/site-packages/airflow/example_dags/tutorial_taskflow_api.py
[2024-04-04T18:23:32.366+0000] {logging_mixin.py:188} INFO - [2024-04-04T18:23:32.364+0000] {dag.py:3036} INFO - Sync 1 DAGs
[2024-04-04T18:23:32.594+0000] {logging_mixin.py:188} INFO - [2024-04-04T18:23:32.591+0000] {dag.py:3823} INFO - Setting next_dagrun for tutorial_taskflow_api to None, run_after=None
[2024-04-04T18:23:32.855+0000] {processor.py:183} INFO - Processing /home/airflow/.local/lib/python3.8/site-packages/airflow/example_dags/tutorial_taskflow_api.py took 0.811 seconds
[2024-04-04T19:14:32.702+0000] {processor.py:161} INFO - Started process (PID=47482) to work on /home/airflow/.local/lib/python3.8/site-packages/airflow/example_dags/tutorial_taskflow_api.py
[2024-04-04T19:14:32.705+0000] {processor.py:830} INFO - Processing file /home/airflow/.local/lib/python3.8/site-packages/airflow/example_dags/tutorial_taskflow_api.py for tasks to queue
[2024-04-04T19:14:32.707+0000] {logging_mixin.py:188} INFO - [2024-04-04T19:14:32.707+0000] {dagbag.py:538} INFO - Filling up the DagBag from /home/airflow/.local/lib/python3.8/site-packages/airflow/example_dags/tutorial_taskflow_api.py
[2024-04-04T19:14:32.728+0000] {processor.py:840} INFO - DAG(s) 'tutorial_taskflow_api' retrieved from /home/airflow/.local/lib/python3.8/site-packages/airflow/example_dags/tutorial_taskflow_api.py
[2024-04-04T19:14:32.800+0000] {logging_mixin.py:188} INFO - [2024-04-04T19:14:32.800+0000] {dag.py:3036} INFO - Sync 1 DAGs
[2024-04-04T19:14:32.837+0000] {logging_mixin.py:188} INFO - [2024-04-04T19:14:32.836+0000] {dag.py:3823} INFO - Setting next_dagrun for tutorial_taskflow_api to None, run_after=None
[2024-04-04T19:14:32.903+0000] {processor.py:183} INFO - Processing /home/airflow/.local/lib/python3.8/site-packages/airflow/example_dags/tutorial_taskflow_api.py took 0.211 seconds
[2024-04-04T19:15:04.187+0000] {processor.py:161} INFO - Started process (PID=47541) to work on /home/airflow/.local/lib/python3.8/site-packages/airflow/example_dags/tutorial_taskflow_api.py
[2024-04-04T19:15:04.191+0000] {processor.py:830} INFO - Processing file /home/airflow/.local/lib/python3.8/site-packages/airflow/example_dags/tutorial_taskflow_api.py for tasks to queue
[2024-04-04T19:15:04.196+0000] {logging_mixin.py:188} INFO - [2024-04-04T19:15:04.195+0000] {dagbag.py:538} INFO - Filling up the DagBag from /home/airflow/.local/lib/python3.8/site-packages/airflow/example_dags/tutorial_taskflow_api.py
[2024-04-04T19:15:04.224+0000] {processor.py:840} INFO - DAG(s) 'tutorial_taskflow_api' retrieved from /home/airflow/.local/lib/python3.8/site-packages/airflow/example_dags/tutorial_taskflow_api.py
[2024-04-04T19:15:04.302+0000] {logging_mixin.py:188} INFO - [2024-04-04T19:15:04.301+0000] {dag.py:3036} INFO - Sync 1 DAGs
[2024-04-04T19:15:04.350+0000] {logging_mixin.py:188} INFO - [2024-04-04T19:15:04.349+0000] {dag.py:3823} INFO - Setting next_dagrun for tutorial_taskflow_api to None, run_after=None
[2024-04-04T19:15:04.425+0000] {processor.py:183} INFO - Processing /home/airflow/.local/lib/python3.8/site-packages/airflow/example_dags/tutorial_taskflow_api.py took 0.251 seconds
[2024-04-04T22:14:51.868+0000] {processor.py:161} INFO - Started process (PID=47628) to work on /home/airflow/.local/lib/python3.8/site-packages/airflow/example_dags/tutorial_taskflow_api.py
[2024-04-04T22:14:51.880+0000] {processor.py:830} INFO - Processing file /home/airflow/.local/lib/python3.8/site-packages/airflow/example_dags/tutorial_taskflow_api.py for tasks to queue
[2024-04-04T22:14:51.882+0000] {logging_mixin.py:188} INFO - [2024-04-04T22:14:51.882+0000] {dagbag.py:538} INFO - Filling up the DagBag from /home/airflow/.local/lib/python3.8/site-packages/airflow/example_dags/tutorial_taskflow_api.py
[2024-04-04T22:14:51.915+0000] {processor.py:840} INFO - DAG(s) 'tutorial_taskflow_api' retrieved from /home/airflow/.local/lib/python3.8/site-packages/airflow/example_dags/tutorial_taskflow_api.py
[2024-04-04T23:14:07.578+0000] {logging_mixin.py:188} INFO - [2024-04-04T23:14:07.578+0000] {dag.py:3036} INFO - Sync 1 DAGs
[2024-04-04T23:14:07.711+0000] {logging_mixin.py:188} INFO - [2024-04-04T23:14:07.702+0000] {dag.py:3823} INFO - Setting next_dagrun for tutorial_taskflow_api to None, run_after=None
[2024-04-04T23:14:07.991+0000] {processor.py:183} INFO - Processing /home/airflow/.local/lib/python3.8/site-packages/airflow/example_dags/tutorial_taskflow_api.py took 3555.938 seconds
[2024-04-04T23:15:27.209+0000] {processor.py:161} INFO - Started process (PID=47700) to work on /home/airflow/.local/lib/python3.8/site-packages/airflow/example_dags/tutorial_taskflow_api.py
[2024-04-04T23:15:27.217+0000] {processor.py:830} INFO - Processing file /home/airflow/.local/lib/python3.8/site-packages/airflow/example_dags/tutorial_taskflow_api.py for tasks to queue
[2024-04-04T23:15:27.226+0000] {logging_mixin.py:188} INFO - [2024-04-04T23:15:27.223+0000] {dagbag.py:538} INFO - Filling up the DagBag from /home/airflow/.local/lib/python3.8/site-packages/airflow/example_dags/tutorial_taskflow_api.py
[2024-04-04T23:15:27.282+0000] {processor.py:840} INFO - DAG(s) 'tutorial_taskflow_api' retrieved from /home/airflow/.local/lib/python3.8/site-packages/airflow/example_dags/tutorial_taskflow_api.py
[2024-04-04T23:15:27.450+0000] {logging_mixin.py:188} INFO - [2024-04-04T23:15:27.449+0000] {dag.py:3036} INFO - Sync 1 DAGs
[2024-04-04T23:15:27.580+0000] {logging_mixin.py:188} INFO - [2024-04-04T23:15:27.578+0000] {dag.py:3823} INFO - Setting next_dagrun for tutorial_taskflow_api to None, run_after=None
[2024-04-04T23:15:27.718+0000] {processor.py:183} INFO - Processing /home/airflow/.local/lib/python3.8/site-packages/airflow/example_dags/tutorial_taskflow_api.py took 0.543 seconds
[2024-04-04T23:16:01.684+0000] {processor.py:161} INFO - Started process (PID=47760) to work on /home/airflow/.local/lib/python3.8/site-packages/airflow/example_dags/tutorial_taskflow_api.py
[2024-04-04T23:16:01.690+0000] {processor.py:830} INFO - Processing file /home/airflow/.local/lib/python3.8/site-packages/airflow/example_dags/tutorial_taskflow_api.py for tasks to queue
[2024-04-04T23:16:01.698+0000] {logging_mixin.py:188} INFO - [2024-04-04T23:16:01.696+0000] {dagbag.py:538} INFO - Filling up the DagBag from /home/airflow/.local/lib/python3.8/site-packages/airflow/example_dags/tutorial_taskflow_api.py
[2024-04-04T23:16:01.729+0000] {processor.py:840} INFO - DAG(s) 'tutorial_taskflow_api' retrieved from /home/airflow/.local/lib/python3.8/site-packages/airflow/example_dags/tutorial_taskflow_api.py
[2024-04-04T23:16:01.853+0000] {logging_mixin.py:188} INFO - [2024-04-04T23:16:01.851+0000] {dag.py:3036} INFO - Sync 1 DAGs
[2024-04-04T23:16:02.722+0000] {logging_mixin.py:188} INFO - [2024-04-04T23:16:02.721+0000] {dag.py:3823} INFO - Setting next_dagrun for tutorial_taskflow_api to None, run_after=None
[2024-04-04T23:16:02.810+0000] {processor.py:183} INFO - Processing /home/airflow/.local/lib/python3.8/site-packages/airflow/example_dags/tutorial_taskflow_api.py took 1.150 seconds
[2024-04-04T23:16:32.970+0000] {processor.py:161} INFO - Started process (PID=47820) to work on /home/airflow/.local/lib/python3.8/site-packages/airflow/example_dags/tutorial_taskflow_api.py
[2024-04-04T23:16:32.973+0000] {processor.py:830} INFO - Processing file /home/airflow/.local/lib/python3.8/site-packages/airflow/example_dags/tutorial_taskflow_api.py for tasks to queue
[2024-04-04T23:16:32.976+0000] {logging_mixin.py:188} INFO - [2024-04-04T23:16:32.975+0000] {dagbag.py:538} INFO - Filling up the DagBag from /home/airflow/.local/lib/python3.8/site-packages/airflow/example_dags/tutorial_taskflow_api.py
[2024-04-04T23:16:32.996+0000] {processor.py:840} INFO - DAG(s) 'tutorial_taskflow_api' retrieved from /home/airflow/.local/lib/python3.8/site-packages/airflow/example_dags/tutorial_taskflow_api.py
[2024-04-04T23:16:33.043+0000] {logging_mixin.py:188} INFO - [2024-04-04T23:16:33.043+0000] {dag.py:3036} INFO - Sync 1 DAGs
[2024-04-04T23:16:33.074+0000] {logging_mixin.py:188} INFO - [2024-04-04T23:16:33.073+0000] {dag.py:3823} INFO - Setting next_dagrun for tutorial_taskflow_api to None, run_after=None
[2024-04-04T23:16:33.442+0000] {processor.py:183} INFO - Processing /home/airflow/.local/lib/python3.8/site-packages/airflow/example_dags/tutorial_taskflow_api.py took 0.481 seconds
[2024-04-04T23:17:03.866+0000] {processor.py:161} INFO - Started process (PID=47880) to work on /home/airflow/.local/lib/python3.8/site-packages/airflow/example_dags/tutorial_taskflow_api.py
[2024-04-04T23:17:03.870+0000] {processor.py:830} INFO - Processing file /home/airflow/.local/lib/python3.8/site-packages/airflow/example_dags/tutorial_taskflow_api.py for tasks to queue
[2024-04-04T23:17:03.874+0000] {logging_mixin.py:188} INFO - [2024-04-04T23:17:03.873+0000] {dagbag.py:538} INFO - Filling up the DagBag from /home/airflow/.local/lib/python3.8/site-packages/airflow/example_dags/tutorial_taskflow_api.py
[2024-04-04T23:17:03.899+0000] {processor.py:840} INFO - DAG(s) 'tutorial_taskflow_api' retrieved from /home/airflow/.local/lib/python3.8/site-packages/airflow/example_dags/tutorial_taskflow_api.py
[2024-04-04T23:17:03.983+0000] {logging_mixin.py:188} INFO - [2024-04-04T23:17:03.982+0000] {dag.py:3036} INFO - Sync 1 DAGs
[2024-04-04T23:17:04.031+0000] {logging_mixin.py:188} INFO - [2024-04-04T23:17:04.031+0000] {dag.py:3823} INFO - Setting next_dagrun for tutorial_taskflow_api to None, run_after=None
[2024-04-04T23:17:04.101+0000] {processor.py:183} INFO - Processing /home/airflow/.local/lib/python3.8/site-packages/airflow/example_dags/tutorial_taskflow_api.py took 0.258 seconds
[2024-04-04T23:17:34.766+0000] {processor.py:161} INFO - Started process (PID=47940) to work on /home/airflow/.local/lib/python3.8/site-packages/airflow/example_dags/tutorial_taskflow_api.py
[2024-04-04T23:17:34.771+0000] {processor.py:830} INFO - Processing file /home/airflow/.local/lib/python3.8/site-packages/airflow/example_dags/tutorial_taskflow_api.py for tasks to queue
[2024-04-04T23:17:34.778+0000] {logging_mixin.py:188} INFO - [2024-04-04T23:17:34.776+0000] {dagbag.py:538} INFO - Filling up the DagBag from /home/airflow/.local/lib/python3.8/site-packages/airflow/example_dags/tutorial_taskflow_api.py
[2024-04-04T23:17:34.809+0000] {processor.py:840} INFO - DAG(s) 'tutorial_taskflow_api' retrieved from /home/airflow/.local/lib/python3.8/site-packages/airflow/example_dags/tutorial_taskflow_api.py
[2024-04-04T23:17:34.910+0000] {logging_mixin.py:188} INFO - [2024-04-04T23:17:34.909+0000] {dag.py:3036} INFO - Sync 1 DAGs
[2024-04-04T23:17:34.987+0000] {logging_mixin.py:188} INFO - [2024-04-04T23:17:34.986+0000] {dag.py:3823} INFO - Setting next_dagrun for tutorial_taskflow_api to None, run_after=None
[2024-04-04T23:17:35.109+0000] {processor.py:183} INFO - Processing /home/airflow/.local/lib/python3.8/site-packages/airflow/example_dags/tutorial_taskflow_api.py took 0.364 seconds
[2024-04-04T23:18:05.319+0000] {processor.py:161} INFO - Started process (PID=48000) to work on /home/airflow/.local/lib/python3.8/site-packages/airflow/example_dags/tutorial_taskflow_api.py
[2024-04-04T23:18:05.322+0000] {processor.py:830} INFO - Processing file /home/airflow/.local/lib/python3.8/site-packages/airflow/example_dags/tutorial_taskflow_api.py for tasks to queue
[2024-04-04T23:18:05.325+0000] {logging_mixin.py:188} INFO - [2024-04-04T23:18:05.324+0000] {dagbag.py:538} INFO - Filling up the DagBag from /home/airflow/.local/lib/python3.8/site-packages/airflow/example_dags/tutorial_taskflow_api.py
[2024-04-04T23:18:05.340+0000] {processor.py:840} INFO - DAG(s) 'tutorial_taskflow_api' retrieved from /home/airflow/.local/lib/python3.8/site-packages/airflow/example_dags/tutorial_taskflow_api.py
[2024-04-04T23:18:05.396+0000] {logging_mixin.py:188} INFO - [2024-04-04T23:18:05.395+0000] {dag.py:3036} INFO - Sync 1 DAGs
[2024-04-04T23:18:05.430+0000] {logging_mixin.py:188} INFO - [2024-04-04T23:18:05.429+0000] {dag.py:3823} INFO - Setting next_dagrun for tutorial_taskflow_api to None, run_after=None
[2024-04-04T23:18:05.477+0000] {processor.py:183} INFO - Processing /home/airflow/.local/lib/python3.8/site-packages/airflow/example_dags/tutorial_taskflow_api.py took 0.168 seconds
[2024-04-04T23:18:35.696+0000] {processor.py:161} INFO - Started process (PID=48060) to work on /home/airflow/.local/lib/python3.8/site-packages/airflow/example_dags/tutorial_taskflow_api.py
[2024-04-04T23:18:35.698+0000] {processor.py:830} INFO - Processing file /home/airflow/.local/lib/python3.8/site-packages/airflow/example_dags/tutorial_taskflow_api.py for tasks to queue
[2024-04-04T23:18:35.702+0000] {logging_mixin.py:188} INFO - [2024-04-04T23:18:35.701+0000] {dagbag.py:538} INFO - Filling up the DagBag from /home/airflow/.local/lib/python3.8/site-packages/airflow/example_dags/tutorial_taskflow_api.py
[2024-04-04T23:18:35.719+0000] {processor.py:840} INFO - DAG(s) 'tutorial_taskflow_api' retrieved from /home/airflow/.local/lib/python3.8/site-packages/airflow/example_dags/tutorial_taskflow_api.py
[2024-04-04T23:18:35.769+0000] {logging_mixin.py:188} INFO - [2024-04-04T23:18:35.768+0000] {dag.py:3036} INFO - Sync 1 DAGs
[2024-04-04T23:18:35.799+0000] {logging_mixin.py:188} INFO - [2024-04-04T23:18:35.799+0000] {dag.py:3823} INFO - Setting next_dagrun for tutorial_taskflow_api to None, run_after=None
[2024-04-04T23:18:35.842+0000] {processor.py:183} INFO - Processing /home/airflow/.local/lib/python3.8/site-packages/airflow/example_dags/tutorial_taskflow_api.py took 0.156 seconds
[2024-04-04T23:19:06.882+0000] {processor.py:161} INFO - Started process (PID=48121) to work on /home/airflow/.local/lib/python3.8/site-packages/airflow/example_dags/tutorial_taskflow_api.py
[2024-04-04T23:19:06.886+0000] {processor.py:830} INFO - Processing file /home/airflow/.local/lib/python3.8/site-packages/airflow/example_dags/tutorial_taskflow_api.py for tasks to queue
[2024-04-04T23:19:06.892+0000] {logging_mixin.py:188} INFO - [2024-04-04T23:19:06.891+0000] {dagbag.py:538} INFO - Filling up the DagBag from /home/airflow/.local/lib/python3.8/site-packages/airflow/example_dags/tutorial_taskflow_api.py
[2024-04-04T23:19:06.928+0000] {processor.py:840} INFO - DAG(s) 'tutorial_taskflow_api' retrieved from /home/airflow/.local/lib/python3.8/site-packages/airflow/example_dags/tutorial_taskflow_api.py
[2024-04-04T23:19:07.035+0000] {logging_mixin.py:188} INFO - [2024-04-04T23:19:07.034+0000] {dag.py:3036} INFO - Sync 1 DAGs
[2024-04-04T23:19:07.085+0000] {logging_mixin.py:188} INFO - [2024-04-04T23:19:07.084+0000] {dag.py:3823} INFO - Setting next_dagrun for tutorial_taskflow_api to None, run_after=None
[2024-04-04T23:19:07.168+0000] {processor.py:183} INFO - Processing /home/airflow/.local/lib/python3.8/site-packages/airflow/example_dags/tutorial_taskflow_api.py took 0.303 seconds
[2024-04-04T23:19:38.619+0000] {processor.py:161} INFO - Started process (PID=48181) to work on /home/airflow/.local/lib/python3.8/site-packages/airflow/example_dags/tutorial_taskflow_api.py
[2024-04-04T23:19:38.628+0000] {processor.py:830} INFO - Processing file /home/airflow/.local/lib/python3.8/site-packages/airflow/example_dags/tutorial_taskflow_api.py for tasks to queue
[2024-04-04T23:19:38.636+0000] {logging_mixin.py:188} INFO - [2024-04-04T23:19:38.634+0000] {dagbag.py:538} INFO - Filling up the DagBag from /home/airflow/.local/lib/python3.8/site-packages/airflow/example_dags/tutorial_taskflow_api.py
[2024-04-04T23:19:38.684+0000] {processor.py:840} INFO - DAG(s) 'tutorial_taskflow_api' retrieved from /home/airflow/.local/lib/python3.8/site-packages/airflow/example_dags/tutorial_taskflow_api.py
[2024-04-04T23:19:38.862+0000] {logging_mixin.py:188} INFO - [2024-04-04T23:19:38.860+0000] {dag.py:3036} INFO - Sync 1 DAGs
[2024-04-04T23:19:39.020+0000] {logging_mixin.py:188} INFO - [2024-04-04T23:19:39.018+0000] {dag.py:3823} INFO - Setting next_dagrun for tutorial_taskflow_api to None, run_after=None
[2024-04-04T23:19:39.130+0000] {processor.py:183} INFO - Processing /home/airflow/.local/lib/python3.8/site-packages/airflow/example_dags/tutorial_taskflow_api.py took 0.536 seconds
[2024-04-04T23:20:09.650+0000] {processor.py:161} INFO - Started process (PID=48239) to work on /home/airflow/.local/lib/python3.8/site-packages/airflow/example_dags/tutorial_taskflow_api.py
[2024-04-04T23:20:09.652+0000] {processor.py:830} INFO - Processing file /home/airflow/.local/lib/python3.8/site-packages/airflow/example_dags/tutorial_taskflow_api.py for tasks to queue
[2024-04-04T23:20:09.655+0000] {logging_mixin.py:188} INFO - [2024-04-04T23:20:09.654+0000] {dagbag.py:538} INFO - Filling up the DagBag from /home/airflow/.local/lib/python3.8/site-packages/airflow/example_dags/tutorial_taskflow_api.py
[2024-04-04T23:20:09.671+0000] {processor.py:840} INFO - DAG(s) 'tutorial_taskflow_api' retrieved from /home/airflow/.local/lib/python3.8/site-packages/airflow/example_dags/tutorial_taskflow_api.py
[2024-04-04T23:20:09.723+0000] {logging_mixin.py:188} INFO - [2024-04-04T23:20:09.722+0000] {dag.py:3036} INFO - Sync 1 DAGs
[2024-04-04T23:20:09.754+0000] {logging_mixin.py:188} INFO - [2024-04-04T23:20:09.754+0000] {dag.py:3823} INFO - Setting next_dagrun for tutorial_taskflow_api to None, run_after=None
[2024-04-04T23:20:09.800+0000] {processor.py:183} INFO - Processing /home/airflow/.local/lib/python3.8/site-packages/airflow/example_dags/tutorial_taskflow_api.py took 0.160 seconds
[2024-04-04T23:20:40.691+0000] {processor.py:161} INFO - Started process (PID=48299) to work on /home/airflow/.local/lib/python3.8/site-packages/airflow/example_dags/tutorial_taskflow_api.py
[2024-04-04T23:20:40.694+0000] {processor.py:830} INFO - Processing file /home/airflow/.local/lib/python3.8/site-packages/airflow/example_dags/tutorial_taskflow_api.py for tasks to queue
[2024-04-04T23:20:40.699+0000] {logging_mixin.py:188} INFO - [2024-04-04T23:20:40.698+0000] {dagbag.py:538} INFO - Filling up the DagBag from /home/airflow/.local/lib/python3.8/site-packages/airflow/example_dags/tutorial_taskflow_api.py
[2024-04-04T23:20:40.717+0000] {processor.py:840} INFO - DAG(s) 'tutorial_taskflow_api' retrieved from /home/airflow/.local/lib/python3.8/site-packages/airflow/example_dags/tutorial_taskflow_api.py
[2024-04-04T23:20:40.767+0000] {logging_mixin.py:188} INFO - [2024-04-04T23:20:40.767+0000] {dag.py:3036} INFO - Sync 1 DAGs
[2024-04-04T23:20:40.803+0000] {logging_mixin.py:188} INFO - [2024-04-04T23:20:40.802+0000] {dag.py:3823} INFO - Setting next_dagrun for tutorial_taskflow_api to None, run_after=None
[2024-04-04T23:20:40.846+0000] {processor.py:183} INFO - Processing /home/airflow/.local/lib/python3.8/site-packages/airflow/example_dags/tutorial_taskflow_api.py took 0.162 seconds
[2024-04-04T23:21:10.954+0000] {processor.py:161} INFO - Started process (PID=48365) to work on /home/airflow/.local/lib/python3.8/site-packages/airflow/example_dags/tutorial_taskflow_api.py
[2024-04-04T23:21:10.957+0000] {processor.py:830} INFO - Processing file /home/airflow/.local/lib/python3.8/site-packages/airflow/example_dags/tutorial_taskflow_api.py for tasks to queue
[2024-04-04T23:21:10.961+0000] {logging_mixin.py:188} INFO - [2024-04-04T23:21:10.960+0000] {dagbag.py:538} INFO - Filling up the DagBag from /home/airflow/.local/lib/python3.8/site-packages/airflow/example_dags/tutorial_taskflow_api.py
[2024-04-04T23:21:10.988+0000] {processor.py:840} INFO - DAG(s) 'tutorial_taskflow_api' retrieved from /home/airflow/.local/lib/python3.8/site-packages/airflow/example_dags/tutorial_taskflow_api.py
[2024-04-04T23:21:11.058+0000] {logging_mixin.py:188} INFO - [2024-04-04T23:21:11.057+0000] {dag.py:3036} INFO - Sync 1 DAGs
[2024-04-04T23:21:11.104+0000] {logging_mixin.py:188} INFO - [2024-04-04T23:21:11.103+0000] {dag.py:3823} INFO - Setting next_dagrun for tutorial_taskflow_api to None, run_after=None
[2024-04-04T23:21:11.162+0000] {processor.py:183} INFO - Processing /home/airflow/.local/lib/python3.8/site-packages/airflow/example_dags/tutorial_taskflow_api.py took 0.221 seconds
[2024-04-04T23:21:42.238+0000] {processor.py:161} INFO - Started process (PID=48425) to work on /home/airflow/.local/lib/python3.8/site-packages/airflow/example_dags/tutorial_taskflow_api.py
[2024-04-04T23:21:42.255+0000] {processor.py:830} INFO - Processing file /home/airflow/.local/lib/python3.8/site-packages/airflow/example_dags/tutorial_taskflow_api.py for tasks to queue
[2024-04-04T23:21:42.263+0000] {logging_mixin.py:188} INFO - [2024-04-04T23:21:42.261+0000] {dagbag.py:538} INFO - Filling up the DagBag from /home/airflow/.local/lib/python3.8/site-packages/airflow/example_dags/tutorial_taskflow_api.py
[2024-04-04T23:21:42.310+0000] {processor.py:840} INFO - DAG(s) 'tutorial_taskflow_api' retrieved from /home/airflow/.local/lib/python3.8/site-packages/airflow/example_dags/tutorial_taskflow_api.py
[2024-04-04T23:21:42.500+0000] {logging_mixin.py:188} INFO - [2024-04-04T23:21:42.498+0000] {dag.py:3036} INFO - Sync 1 DAGs
[2024-04-04T23:21:42.600+0000] {logging_mixin.py:188} INFO - [2024-04-04T23:21:42.598+0000] {dag.py:3823} INFO - Setting next_dagrun for tutorial_taskflow_api to None, run_after=None
[2024-04-04T23:21:42.703+0000] {processor.py:183} INFO - Processing /home/airflow/.local/lib/python3.8/site-packages/airflow/example_dags/tutorial_taskflow_api.py took 0.527 seconds
[2024-04-04T23:22:12.853+0000] {processor.py:161} INFO - Started process (PID=48485) to work on /home/airflow/.local/lib/python3.8/site-packages/airflow/example_dags/tutorial_taskflow_api.py
[2024-04-04T23:22:12.856+0000] {processor.py:830} INFO - Processing file /home/airflow/.local/lib/python3.8/site-packages/airflow/example_dags/tutorial_taskflow_api.py for tasks to queue
[2024-04-04T23:22:12.858+0000] {logging_mixin.py:188} INFO - [2024-04-04T23:22:12.858+0000] {dagbag.py:538} INFO - Filling up the DagBag from /home/airflow/.local/lib/python3.8/site-packages/airflow/example_dags/tutorial_taskflow_api.py
[2024-04-04T23:22:12.875+0000] {processor.py:840} INFO - DAG(s) 'tutorial_taskflow_api' retrieved from /home/airflow/.local/lib/python3.8/site-packages/airflow/example_dags/tutorial_taskflow_api.py
[2024-04-04T23:22:12.926+0000] {logging_mixin.py:188} INFO - [2024-04-04T23:22:12.926+0000] {dag.py:3036} INFO - Sync 1 DAGs
[2024-04-04T23:22:12.957+0000] {logging_mixin.py:188} INFO - [2024-04-04T23:22:12.957+0000] {dag.py:3823} INFO - Setting next_dagrun for tutorial_taskflow_api to None, run_after=None
[2024-04-04T23:22:13.015+0000] {processor.py:183} INFO - Processing /home/airflow/.local/lib/python3.8/site-packages/airflow/example_dags/tutorial_taskflow_api.py took 0.171 seconds
[2024-04-04T23:22:43.168+0000] {processor.py:161} INFO - Started process (PID=48545) to work on /home/airflow/.local/lib/python3.8/site-packages/airflow/example_dags/tutorial_taskflow_api.py
[2024-04-04T23:22:43.170+0000] {processor.py:830} INFO - Processing file /home/airflow/.local/lib/python3.8/site-packages/airflow/example_dags/tutorial_taskflow_api.py for tasks to queue
[2024-04-04T23:22:43.172+0000] {logging_mixin.py:188} INFO - [2024-04-04T23:22:43.172+0000] {dagbag.py:538} INFO - Filling up the DagBag from /home/airflow/.local/lib/python3.8/site-packages/airflow/example_dags/tutorial_taskflow_api.py
[2024-04-04T23:22:43.185+0000] {processor.py:840} INFO - DAG(s) 'tutorial_taskflow_api' retrieved from /home/airflow/.local/lib/python3.8/site-packages/airflow/example_dags/tutorial_taskflow_api.py
[2024-04-04T23:22:43.227+0000] {logging_mixin.py:188} INFO - [2024-04-04T23:22:43.226+0000] {dag.py:3036} INFO - Sync 1 DAGs
[2024-04-04T23:22:43.251+0000] {logging_mixin.py:188} INFO - [2024-04-04T23:22:43.250+0000] {dag.py:3823} INFO - Setting next_dagrun for tutorial_taskflow_api to None, run_after=None
[2024-04-04T23:22:43.285+0000] {processor.py:183} INFO - Processing /home/airflow/.local/lib/python3.8/site-packages/airflow/example_dags/tutorial_taskflow_api.py took 0.125 seconds
[2024-04-04T23:23:13.512+0000] {processor.py:161} INFO - Started process (PID=48605) to work on /home/airflow/.local/lib/python3.8/site-packages/airflow/example_dags/tutorial_taskflow_api.py
[2024-04-04T23:23:13.516+0000] {processor.py:830} INFO - Processing file /home/airflow/.local/lib/python3.8/site-packages/airflow/example_dags/tutorial_taskflow_api.py for tasks to queue
[2024-04-04T23:23:13.520+0000] {logging_mixin.py:188} INFO - [2024-04-04T23:23:13.519+0000] {dagbag.py:538} INFO - Filling up the DagBag from /home/airflow/.local/lib/python3.8/site-packages/airflow/example_dags/tutorial_taskflow_api.py
[2024-04-04T23:23:13.546+0000] {processor.py:840} INFO - DAG(s) 'tutorial_taskflow_api' retrieved from /home/airflow/.local/lib/python3.8/site-packages/airflow/example_dags/tutorial_taskflow_api.py
[2024-04-04T23:23:13.611+0000] {logging_mixin.py:188} INFO - [2024-04-04T23:23:13.610+0000] {dag.py:3036} INFO - Sync 1 DAGs
[2024-04-04T23:23:13.652+0000] {logging_mixin.py:188} INFO - [2024-04-04T23:23:13.651+0000] {dag.py:3823} INFO - Setting next_dagrun for tutorial_taskflow_api to None, run_after=None
[2024-04-04T23:23:13.718+0000] {processor.py:183} INFO - Processing /home/airflow/.local/lib/python3.8/site-packages/airflow/example_dags/tutorial_taskflow_api.py took 0.220 seconds
[2024-04-04T23:23:44.416+0000] {processor.py:161} INFO - Started process (PID=48664) to work on /home/airflow/.local/lib/python3.8/site-packages/airflow/example_dags/tutorial_taskflow_api.py
[2024-04-04T23:23:44.425+0000] {processor.py:830} INFO - Processing file /home/airflow/.local/lib/python3.8/site-packages/airflow/example_dags/tutorial_taskflow_api.py for tasks to queue
[2024-04-04T23:23:44.440+0000] {logging_mixin.py:188} INFO - [2024-04-04T23:23:44.436+0000] {dagbag.py:538} INFO - Filling up the DagBag from /home/airflow/.local/lib/python3.8/site-packages/airflow/example_dags/tutorial_taskflow_api.py
[2024-04-04T23:23:44.495+0000] {processor.py:840} INFO - DAG(s) 'tutorial_taskflow_api' retrieved from /home/airflow/.local/lib/python3.8/site-packages/airflow/example_dags/tutorial_taskflow_api.py
[2024-04-04T23:23:44.638+0000] {logging_mixin.py:188} INFO - [2024-04-04T23:23:44.637+0000] {dag.py:3036} INFO - Sync 1 DAGs
[2024-04-04T23:23:44.716+0000] {logging_mixin.py:188} INFO - [2024-04-04T23:23:44.715+0000] {dag.py:3823} INFO - Setting next_dagrun for tutorial_taskflow_api to None, run_after=None
[2024-04-04T23:23:44.808+0000] {processor.py:183} INFO - Processing /home/airflow/.local/lib/python3.8/site-packages/airflow/example_dags/tutorial_taskflow_api.py took 0.428 seconds
[2024-04-04T23:24:15.467+0000] {processor.py:161} INFO - Started process (PID=48724) to work on /home/airflow/.local/lib/python3.8/site-packages/airflow/example_dags/tutorial_taskflow_api.py
[2024-04-04T23:24:15.471+0000] {processor.py:830} INFO - Processing file /home/airflow/.local/lib/python3.8/site-packages/airflow/example_dags/tutorial_taskflow_api.py for tasks to queue
[2024-04-04T23:24:15.475+0000] {logging_mixin.py:188} INFO - [2024-04-04T23:24:15.473+0000] {dagbag.py:538} INFO - Filling up the DagBag from /home/airflow/.local/lib/python3.8/site-packages/airflow/example_dags/tutorial_taskflow_api.py
[2024-04-04T23:24:15.499+0000] {processor.py:840} INFO - DAG(s) 'tutorial_taskflow_api' retrieved from /home/airflow/.local/lib/python3.8/site-packages/airflow/example_dags/tutorial_taskflow_api.py
[2024-04-04T23:24:15.581+0000] {logging_mixin.py:188} INFO - [2024-04-04T23:24:15.580+0000] {dag.py:3036} INFO - Sync 1 DAGs
[2024-04-04T23:24:15.638+0000] {logging_mixin.py:188} INFO - [2024-04-04T23:24:15.637+0000] {dag.py:3823} INFO - Setting next_dagrun for tutorial_taskflow_api to None, run_after=None
[2024-04-04T23:24:15.705+0000] {processor.py:183} INFO - Processing /home/airflow/.local/lib/python3.8/site-packages/airflow/example_dags/tutorial_taskflow_api.py took 0.252 seconds
[2024-04-04T23:24:46.076+0000] {processor.py:161} INFO - Started process (PID=48784) to work on /home/airflow/.local/lib/python3.8/site-packages/airflow/example_dags/tutorial_taskflow_api.py
[2024-04-04T23:24:46.079+0000] {processor.py:830} INFO - Processing file /home/airflow/.local/lib/python3.8/site-packages/airflow/example_dags/tutorial_taskflow_api.py for tasks to queue
[2024-04-04T23:24:46.081+0000] {logging_mixin.py:188} INFO - [2024-04-04T23:24:46.081+0000] {dagbag.py:538} INFO - Filling up the DagBag from /home/airflow/.local/lib/python3.8/site-packages/airflow/example_dags/tutorial_taskflow_api.py
[2024-04-04T23:24:46.097+0000] {processor.py:840} INFO - DAG(s) 'tutorial_taskflow_api' retrieved from /home/airflow/.local/lib/python3.8/site-packages/airflow/example_dags/tutorial_taskflow_api.py
[2024-04-04T23:24:46.152+0000] {logging_mixin.py:188} INFO - [2024-04-04T23:24:46.151+0000] {dag.py:3036} INFO - Sync 1 DAGs
[2024-04-04T23:24:46.186+0000] {logging_mixin.py:188} INFO - [2024-04-04T23:24:46.186+0000] {dag.py:3823} INFO - Setting next_dagrun for tutorial_taskflow_api to None, run_after=None
[2024-04-04T23:24:46.233+0000] {processor.py:183} INFO - Processing /home/airflow/.local/lib/python3.8/site-packages/airflow/example_dags/tutorial_taskflow_api.py took 0.166 seconds
[2024-04-04T23:25:16.659+0000] {processor.py:161} INFO - Started process (PID=48844) to work on /home/airflow/.local/lib/python3.8/site-packages/airflow/example_dags/tutorial_taskflow_api.py
[2024-04-04T23:25:16.662+0000] {processor.py:830} INFO - Processing file /home/airflow/.local/lib/python3.8/site-packages/airflow/example_dags/tutorial_taskflow_api.py for tasks to queue
[2024-04-04T23:25:16.664+0000] {logging_mixin.py:188} INFO - [2024-04-04T23:25:16.664+0000] {dagbag.py:538} INFO - Filling up the DagBag from /home/airflow/.local/lib/python3.8/site-packages/airflow/example_dags/tutorial_taskflow_api.py
[2024-04-04T23:25:16.679+0000] {processor.py:840} INFO - DAG(s) 'tutorial_taskflow_api' retrieved from /home/airflow/.local/lib/python3.8/site-packages/airflow/example_dags/tutorial_taskflow_api.py
[2024-04-04T23:25:16.728+0000] {logging_mixin.py:188} INFO - [2024-04-04T23:25:16.727+0000] {dag.py:3036} INFO - Sync 1 DAGs
[2024-04-04T23:25:16.757+0000] {logging_mixin.py:188} INFO - [2024-04-04T23:25:16.757+0000] {dag.py:3823} INFO - Setting next_dagrun for tutorial_taskflow_api to None, run_after=None
[2024-04-04T23:25:16.800+0000] {processor.py:183} INFO - Processing /home/airflow/.local/lib/python3.8/site-packages/airflow/example_dags/tutorial_taskflow_api.py took 0.150 seconds
[2024-04-04T23:25:47.761+0000] {processor.py:161} INFO - Started process (PID=48904) to work on /home/airflow/.local/lib/python3.8/site-packages/airflow/example_dags/tutorial_taskflow_api.py
[2024-04-04T23:25:47.771+0000] {processor.py:830} INFO - Processing file /home/airflow/.local/lib/python3.8/site-packages/airflow/example_dags/tutorial_taskflow_api.py for tasks to queue
[2024-04-04T23:25:47.781+0000] {logging_mixin.py:188} INFO - [2024-04-04T23:25:47.778+0000] {dagbag.py:538} INFO - Filling up the DagBag from /home/airflow/.local/lib/python3.8/site-packages/airflow/example_dags/tutorial_taskflow_api.py
[2024-04-04T23:25:47.839+0000] {processor.py:840} INFO - DAG(s) 'tutorial_taskflow_api' retrieved from /home/airflow/.local/lib/python3.8/site-packages/airflow/example_dags/tutorial_taskflow_api.py
[2024-04-04T23:25:48.023+0000] {logging_mixin.py:188} INFO - [2024-04-04T23:25:48.021+0000] {dag.py:3036} INFO - Sync 1 DAGs
[2024-04-04T23:25:48.130+0000] {logging_mixin.py:188} INFO - [2024-04-04T23:25:48.128+0000] {dag.py:3823} INFO - Setting next_dagrun for tutorial_taskflow_api to None, run_after=None
[2024-04-04T23:25:48.242+0000] {processor.py:183} INFO - Processing /home/airflow/.local/lib/python3.8/site-packages/airflow/example_dags/tutorial_taskflow_api.py took 0.515 seconds
[2024-04-04T23:26:18.657+0000] {processor.py:161} INFO - Started process (PID=48964) to work on /home/airflow/.local/lib/python3.8/site-packages/airflow/example_dags/tutorial_taskflow_api.py
[2024-04-04T23:26:18.665+0000] {processor.py:830} INFO - Processing file /home/airflow/.local/lib/python3.8/site-packages/airflow/example_dags/tutorial_taskflow_api.py for tasks to queue
[2024-04-04T23:26:18.670+0000] {logging_mixin.py:188} INFO - [2024-04-04T23:26:18.669+0000] {dagbag.py:538} INFO - Filling up the DagBag from /home/airflow/.local/lib/python3.8/site-packages/airflow/example_dags/tutorial_taskflow_api.py
[2024-04-04T23:26:18.698+0000] {processor.py:840} INFO - DAG(s) 'tutorial_taskflow_api' retrieved from /home/airflow/.local/lib/python3.8/site-packages/airflow/example_dags/tutorial_taskflow_api.py
[2024-04-04T23:26:18.813+0000] {logging_mixin.py:188} INFO - [2024-04-04T23:26:18.811+0000] {dag.py:3036} INFO - Sync 1 DAGs
[2024-04-04T23:26:18.907+0000] {logging_mixin.py:188} INFO - [2024-04-04T23:26:18.906+0000] {dag.py:3823} INFO - Setting next_dagrun for tutorial_taskflow_api to None, run_after=None
[2024-04-04T23:26:19.088+0000] {processor.py:183} INFO - Processing /home/airflow/.local/lib/python3.8/site-packages/airflow/example_dags/tutorial_taskflow_api.py took 0.447 seconds
[2024-04-04T23:26:49.738+0000] {processor.py:161} INFO - Started process (PID=49024) to work on /home/airflow/.local/lib/python3.8/site-packages/airflow/example_dags/tutorial_taskflow_api.py
[2024-04-04T23:26:49.741+0000] {processor.py:830} INFO - Processing file /home/airflow/.local/lib/python3.8/site-packages/airflow/example_dags/tutorial_taskflow_api.py for tasks to queue
[2024-04-04T23:26:49.743+0000] {logging_mixin.py:188} INFO - [2024-04-04T23:26:49.742+0000] {dagbag.py:538} INFO - Filling up the DagBag from /home/airflow/.local/lib/python3.8/site-packages/airflow/example_dags/tutorial_taskflow_api.py
[2024-04-04T23:26:49.756+0000] {processor.py:840} INFO - DAG(s) 'tutorial_taskflow_api' retrieved from /home/airflow/.local/lib/python3.8/site-packages/airflow/example_dags/tutorial_taskflow_api.py
[2024-04-04T23:26:49.801+0000] {logging_mixin.py:188} INFO - [2024-04-04T23:26:49.801+0000] {dag.py:3036} INFO - Sync 1 DAGs
[2024-04-04T23:26:49.829+0000] {logging_mixin.py:188} INFO - [2024-04-04T23:26:49.829+0000] {dag.py:3823} INFO - Setting next_dagrun for tutorial_taskflow_api to None, run_after=None
[2024-04-04T23:26:49.869+0000] {processor.py:183} INFO - Processing /home/airflow/.local/lib/python3.8/site-packages/airflow/example_dags/tutorial_taskflow_api.py took 0.138 seconds
[2024-04-04T23:27:21.312+0000] {processor.py:161} INFO - Started process (PID=49085) to work on /home/airflow/.local/lib/python3.8/site-packages/airflow/example_dags/tutorial_taskflow_api.py
[2024-04-04T23:27:21.319+0000] {processor.py:830} INFO - Processing file /home/airflow/.local/lib/python3.8/site-packages/airflow/example_dags/tutorial_taskflow_api.py for tasks to queue
[2024-04-04T23:27:21.343+0000] {logging_mixin.py:188} INFO - [2024-04-04T23:27:21.339+0000] {dagbag.py:538} INFO - Filling up the DagBag from /home/airflow/.local/lib/python3.8/site-packages/airflow/example_dags/tutorial_taskflow_api.py
[2024-04-04T23:27:21.402+0000] {processor.py:840} INFO - DAG(s) 'tutorial_taskflow_api' retrieved from /home/airflow/.local/lib/python3.8/site-packages/airflow/example_dags/tutorial_taskflow_api.py
[2024-04-04T23:27:21.525+0000] {logging_mixin.py:188} INFO - [2024-04-04T23:27:21.524+0000] {dag.py:3036} INFO - Sync 1 DAGs
[2024-04-04T23:27:21.587+0000] {logging_mixin.py:188} INFO - [2024-04-04T23:27:21.586+0000] {dag.py:3823} INFO - Setting next_dagrun for tutorial_taskflow_api to None, run_after=None
[2024-04-04T23:27:21.668+0000] {processor.py:183} INFO - Processing /home/airflow/.local/lib/python3.8/site-packages/airflow/example_dags/tutorial_taskflow_api.py took 0.376 seconds
[2024-04-04T23:27:52.515+0000] {processor.py:161} INFO - Started process (PID=49145) to work on /home/airflow/.local/lib/python3.8/site-packages/airflow/example_dags/tutorial_taskflow_api.py
[2024-04-04T23:27:52.519+0000] {processor.py:830} INFO - Processing file /home/airflow/.local/lib/python3.8/site-packages/airflow/example_dags/tutorial_taskflow_api.py for tasks to queue
[2024-04-04T23:27:52.525+0000] {logging_mixin.py:188} INFO - [2024-04-04T23:27:52.523+0000] {dagbag.py:538} INFO - Filling up the DagBag from /home/airflow/.local/lib/python3.8/site-packages/airflow/example_dags/tutorial_taskflow_api.py
[2024-04-04T23:27:52.554+0000] {processor.py:840} INFO - DAG(s) 'tutorial_taskflow_api' retrieved from /home/airflow/.local/lib/python3.8/site-packages/airflow/example_dags/tutorial_taskflow_api.py
[2024-04-04T23:27:52.656+0000] {logging_mixin.py:188} INFO - [2024-04-04T23:27:52.655+0000] {dag.py:3036} INFO - Sync 1 DAGs
[2024-04-04T23:27:52.717+0000] {logging_mixin.py:188} INFO - [2024-04-04T23:27:52.716+0000] {dag.py:3823} INFO - Setting next_dagrun for tutorial_taskflow_api to None, run_after=None
[2024-04-04T23:27:52.797+0000] {processor.py:183} INFO - Processing /home/airflow/.local/lib/python3.8/site-packages/airflow/example_dags/tutorial_taskflow_api.py took 0.298 seconds
[2024-04-04T23:28:23.665+0000] {processor.py:161} INFO - Started process (PID=49204) to work on /home/airflow/.local/lib/python3.8/site-packages/airflow/example_dags/tutorial_taskflow_api.py
[2024-04-04T23:28:23.670+0000] {processor.py:830} INFO - Processing file /home/airflow/.local/lib/python3.8/site-packages/airflow/example_dags/tutorial_taskflow_api.py for tasks to queue
[2024-04-04T23:28:23.676+0000] {logging_mixin.py:188} INFO - [2024-04-04T23:28:23.675+0000] {dagbag.py:538} INFO - Filling up the DagBag from /home/airflow/.local/lib/python3.8/site-packages/airflow/example_dags/tutorial_taskflow_api.py
[2024-04-04T23:28:23.711+0000] {processor.py:840} INFO - DAG(s) 'tutorial_taskflow_api' retrieved from /home/airflow/.local/lib/python3.8/site-packages/airflow/example_dags/tutorial_taskflow_api.py
[2024-04-04T23:28:23.837+0000] {logging_mixin.py:188} INFO - [2024-04-04T23:28:23.836+0000] {dag.py:3036} INFO - Sync 1 DAGs
[2024-04-04T23:28:23.944+0000] {logging_mixin.py:188} INFO - [2024-04-04T23:28:23.943+0000] {dag.py:3823} INFO - Setting next_dagrun for tutorial_taskflow_api to None, run_after=None
[2024-04-04T23:28:24.082+0000] {processor.py:183} INFO - Processing /home/airflow/.local/lib/python3.8/site-packages/airflow/example_dags/tutorial_taskflow_api.py took 0.439 seconds
[2024-04-04T23:28:54.583+0000] {processor.py:161} INFO - Started process (PID=49264) to work on /home/airflow/.local/lib/python3.8/site-packages/airflow/example_dags/tutorial_taskflow_api.py
[2024-04-04T23:28:54.586+0000] {processor.py:830} INFO - Processing file /home/airflow/.local/lib/python3.8/site-packages/airflow/example_dags/tutorial_taskflow_api.py for tasks to queue
[2024-04-04T23:28:54.589+0000] {logging_mixin.py:188} INFO - [2024-04-04T23:28:54.588+0000] {dagbag.py:538} INFO - Filling up the DagBag from /home/airflow/.local/lib/python3.8/site-packages/airflow/example_dags/tutorial_taskflow_api.py
[2024-04-04T23:28:54.605+0000] {processor.py:840} INFO - DAG(s) 'tutorial_taskflow_api' retrieved from /home/airflow/.local/lib/python3.8/site-packages/airflow/example_dags/tutorial_taskflow_api.py
[2024-04-04T23:28:54.657+0000] {logging_mixin.py:188} INFO - [2024-04-04T23:28:54.657+0000] {dag.py:3036} INFO - Sync 1 DAGs
[2024-04-04T23:28:54.690+0000] {logging_mixin.py:188} INFO - [2024-04-04T23:28:54.690+0000] {dag.py:3823} INFO - Setting next_dagrun for tutorial_taskflow_api to None, run_after=None
[2024-04-04T23:28:54.742+0000] {processor.py:183} INFO - Processing /home/airflow/.local/lib/python3.8/site-packages/airflow/example_dags/tutorial_taskflow_api.py took 0.168 seconds
[2024-04-04T23:29:25.260+0000] {processor.py:161} INFO - Started process (PID=49324) to work on /home/airflow/.local/lib/python3.8/site-packages/airflow/example_dags/tutorial_taskflow_api.py
[2024-04-04T23:29:25.263+0000] {processor.py:830} INFO - Processing file /home/airflow/.local/lib/python3.8/site-packages/airflow/example_dags/tutorial_taskflow_api.py for tasks to queue
[2024-04-04T23:29:25.267+0000] {logging_mixin.py:188} INFO - [2024-04-04T23:29:25.266+0000] {dagbag.py:538} INFO - Filling up the DagBag from /home/airflow/.local/lib/python3.8/site-packages/airflow/example_dags/tutorial_taskflow_api.py
[2024-04-04T23:29:25.294+0000] {processor.py:840} INFO - DAG(s) 'tutorial_taskflow_api' retrieved from /home/airflow/.local/lib/python3.8/site-packages/airflow/example_dags/tutorial_taskflow_api.py
[2024-04-04T23:29:25.371+0000] {logging_mixin.py:188} INFO - [2024-04-04T23:29:25.370+0000] {dag.py:3036} INFO - Sync 1 DAGs
[2024-04-04T23:29:25.420+0000] {logging_mixin.py:188} INFO - [2024-04-04T23:29:25.419+0000] {dag.py:3823} INFO - Setting next_dagrun for tutorial_taskflow_api to None, run_after=None
[2024-04-04T23:29:25.488+0000] {processor.py:183} INFO - Processing /home/airflow/.local/lib/python3.8/site-packages/airflow/example_dags/tutorial_taskflow_api.py took 0.242 seconds
[2024-04-04T23:29:56.551+0000] {processor.py:161} INFO - Started process (PID=49384) to work on /home/airflow/.local/lib/python3.8/site-packages/airflow/example_dags/tutorial_taskflow_api.py
[2024-04-04T23:29:56.555+0000] {processor.py:830} INFO - Processing file /home/airflow/.local/lib/python3.8/site-packages/airflow/example_dags/tutorial_taskflow_api.py for tasks to queue
[2024-04-04T23:29:56.559+0000] {logging_mixin.py:188} INFO - [2024-04-04T23:29:56.558+0000] {dagbag.py:538} INFO - Filling up the DagBag from /home/airflow/.local/lib/python3.8/site-packages/airflow/example_dags/tutorial_taskflow_api.py
[2024-04-04T23:29:56.588+0000] {processor.py:840} INFO - DAG(s) 'tutorial_taskflow_api' retrieved from /home/airflow/.local/lib/python3.8/site-packages/airflow/example_dags/tutorial_taskflow_api.py
[2024-04-04T23:29:56.668+0000] {logging_mixin.py:188} INFO - [2024-04-04T23:29:56.667+0000] {dag.py:3036} INFO - Sync 1 DAGs
[2024-04-04T23:29:56.718+0000] {logging_mixin.py:188} INFO - [2024-04-04T23:29:56.717+0000] {dag.py:3823} INFO - Setting next_dagrun for tutorial_taskflow_api to None, run_after=None
[2024-04-04T23:29:56.790+0000] {processor.py:183} INFO - Processing /home/airflow/.local/lib/python3.8/site-packages/airflow/example_dags/tutorial_taskflow_api.py took 0.255 seconds
[2024-04-04T23:30:32.564+0000] {processor.py:161} INFO - Started process (PID=49445) to work on /home/airflow/.local/lib/python3.8/site-packages/airflow/example_dags/tutorial_taskflow_api.py
[2024-04-04T23:30:32.571+0000] {processor.py:830} INFO - Processing file /home/airflow/.local/lib/python3.8/site-packages/airflow/example_dags/tutorial_taskflow_api.py for tasks to queue
[2024-04-04T23:30:32.579+0000] {logging_mixin.py:188} INFO - [2024-04-04T23:30:32.577+0000] {dagbag.py:538} INFO - Filling up the DagBag from /home/airflow/.local/lib/python3.8/site-packages/airflow/example_dags/tutorial_taskflow_api.py
[2024-04-04T23:30:32.637+0000] {processor.py:840} INFO - DAG(s) 'tutorial_taskflow_api' retrieved from /home/airflow/.local/lib/python3.8/site-packages/airflow/example_dags/tutorial_taskflow_api.py
[2024-04-04T23:30:32.792+0000] {logging_mixin.py:188} INFO - [2024-04-04T23:30:32.791+0000] {dag.py:3036} INFO - Sync 1 DAGs
[2024-04-04T23:30:32.893+0000] {logging_mixin.py:188} INFO - [2024-04-04T23:30:32.892+0000] {dag.py:3823} INFO - Setting next_dagrun for tutorial_taskflow_api to None, run_after=None
[2024-04-04T23:30:33.022+0000] {processor.py:183} INFO - Processing /home/airflow/.local/lib/python3.8/site-packages/airflow/example_dags/tutorial_taskflow_api.py took 0.484 seconds
[2024-04-04T23:31:03.630+0000] {processor.py:161} INFO - Started process (PID=49506) to work on /home/airflow/.local/lib/python3.8/site-packages/airflow/example_dags/tutorial_taskflow_api.py
[2024-04-04T23:31:03.635+0000] {processor.py:830} INFO - Processing file /home/airflow/.local/lib/python3.8/site-packages/airflow/example_dags/tutorial_taskflow_api.py for tasks to queue
[2024-04-04T23:31:03.640+0000] {logging_mixin.py:188} INFO - [2024-04-04T23:31:03.638+0000] {dagbag.py:538} INFO - Filling up the DagBag from /home/airflow/.local/lib/python3.8/site-packages/airflow/example_dags/tutorial_taskflow_api.py
[2024-04-04T23:31:03.672+0000] {processor.py:840} INFO - DAG(s) 'tutorial_taskflow_api' retrieved from /home/airflow/.local/lib/python3.8/site-packages/airflow/example_dags/tutorial_taskflow_api.py
[2024-04-04T23:31:03.813+0000] {logging_mixin.py:188} INFO - [2024-04-04T23:31:03.811+0000] {dag.py:3036} INFO - Sync 1 DAGs
[2024-04-04T23:31:03.903+0000] {logging_mixin.py:188} INFO - [2024-04-04T23:31:03.902+0000] {dag.py:3823} INFO - Setting next_dagrun for tutorial_taskflow_api to None, run_after=None
[2024-04-04T23:31:04.034+0000] {processor.py:183} INFO - Processing /home/airflow/.local/lib/python3.8/site-packages/airflow/example_dags/tutorial_taskflow_api.py took 0.420 seconds
[2024-04-04T23:31:34.361+0000] {processor.py:161} INFO - Started process (PID=49566) to work on /home/airflow/.local/lib/python3.8/site-packages/airflow/example_dags/tutorial_taskflow_api.py
[2024-04-04T23:31:34.364+0000] {processor.py:830} INFO - Processing file /home/airflow/.local/lib/python3.8/site-packages/airflow/example_dags/tutorial_taskflow_api.py for tasks to queue
[2024-04-04T23:31:34.367+0000] {logging_mixin.py:188} INFO - [2024-04-04T23:31:34.366+0000] {dagbag.py:538} INFO - Filling up the DagBag from /home/airflow/.local/lib/python3.8/site-packages/airflow/example_dags/tutorial_taskflow_api.py
[2024-04-04T23:31:34.386+0000] {processor.py:840} INFO - DAG(s) 'tutorial_taskflow_api' retrieved from /home/airflow/.local/lib/python3.8/site-packages/airflow/example_dags/tutorial_taskflow_api.py
[2024-04-04T23:31:34.448+0000] {logging_mixin.py:188} INFO - [2024-04-04T23:31:34.447+0000] {dag.py:3036} INFO - Sync 1 DAGs
[2024-04-04T23:31:34.494+0000] {logging_mixin.py:188} INFO - [2024-04-04T23:31:34.494+0000] {dag.py:3823} INFO - Setting next_dagrun for tutorial_taskflow_api to None, run_after=None
[2024-04-04T23:31:34.558+0000] {processor.py:183} INFO - Processing /home/airflow/.local/lib/python3.8/site-packages/airflow/example_dags/tutorial_taskflow_api.py took 0.210 seconds
