[2024-04-04T20:01:57.935+0000] {processor.py:161} INFO - Started process (PID=43461) to work on /home/airflow/.local/lib/python3.8/site-packages/airflow/example_dags/tutorial_taskflow_api_virtualenv.py
[2024-04-04T20:01:57.937+0000] {processor.py:830} INFO - Processing file /home/airflow/.local/lib/python3.8/site-packages/airflow/example_dags/tutorial_taskflow_api_virtualenv.py for tasks to queue
[2024-04-04T20:01:57.939+0000] {logging_mixin.py:188} INFO - [2024-04-04T20:01:57.939+0000] {dagbag.py:538} INFO - Filling up the DagBag from /home/airflow/.local/lib/python3.8/site-packages/airflow/example_dags/tutorial_taskflow_api_virtualenv.py
[2024-04-04T20:01:57.997+0000] {processor.py:840} INFO - DAG(s) 'tutorial_taskflow_api_virtualenv' retrieved from /home/airflow/.local/lib/python3.8/site-packages/airflow/example_dags/tutorial_taskflow_api_virtualenv.py
[2024-04-04T20:01:58.126+0000] {logging_mixin.py:188} INFO - [2024-04-04T20:01:58.126+0000] {dag.py:3036} INFO - Sync 1 DAGs
[2024-04-04T20:01:58.182+0000] {logging_mixin.py:188} INFO - [2024-04-04T20:01:58.181+0000] {dag.py:3823} INFO - Setting next_dagrun for tutorial_taskflow_api_virtualenv to None, run_after=None
[2024-04-04T20:01:58.279+0000] {processor.py:183} INFO - Processing /home/airflow/.local/lib/python3.8/site-packages/airflow/example_dags/tutorial_taskflow_api_virtualenv.py took 0.365 seconds
[2024-04-04T18:12:28.193+0000] {processor.py:161} INFO - Started process (PID=46141) to work on /home/airflow/.local/lib/python3.8/site-packages/airflow/example_dags/tutorial_taskflow_api_virtualenv.py
[2024-04-04T18:12:28.196+0000] {processor.py:830} INFO - Processing file /home/airflow/.local/lib/python3.8/site-packages/airflow/example_dags/tutorial_taskflow_api_virtualenv.py for tasks to queue
[2024-04-04T18:12:28.198+0000] {logging_mixin.py:188} INFO - [2024-04-04T18:12:28.197+0000] {dagbag.py:538} INFO - Filling up the DagBag from /home/airflow/.local/lib/python3.8/site-packages/airflow/example_dags/tutorial_taskflow_api_virtualenv.py
[2024-04-04T18:12:28.220+0000] {processor.py:840} INFO - DAG(s) 'tutorial_taskflow_api_virtualenv' retrieved from /home/airflow/.local/lib/python3.8/site-packages/airflow/example_dags/tutorial_taskflow_api_virtualenv.py
[2024-04-04T18:12:28.262+0000] {logging_mixin.py:188} INFO - [2024-04-04T18:12:28.261+0000] {dag.py:3036} INFO - Sync 1 DAGs
[2024-04-04T18:12:28.286+0000] {logging_mixin.py:188} INFO - [2024-04-04T18:12:28.285+0000] {dag.py:3823} INFO - Setting next_dagrun for tutorial_taskflow_api_virtualenv to None, run_after=None
[2024-04-04T18:12:28.328+0000] {processor.py:183} INFO - Processing /home/airflow/.local/lib/python3.8/site-packages/airflow/example_dags/tutorial_taskflow_api_virtualenv.py took 0.145 seconds
[2024-04-04T18:12:58.566+0000] {processor.py:161} INFO - Started process (PID=46201) to work on /home/airflow/.local/lib/python3.8/site-packages/airflow/example_dags/tutorial_taskflow_api_virtualenv.py
[2024-04-04T18:12:58.568+0000] {processor.py:830} INFO - Processing file /home/airflow/.local/lib/python3.8/site-packages/airflow/example_dags/tutorial_taskflow_api_virtualenv.py for tasks to queue
[2024-04-04T18:12:58.569+0000] {logging_mixin.py:188} INFO - [2024-04-04T18:12:58.569+0000] {dagbag.py:538} INFO - Filling up the DagBag from /home/airflow/.local/lib/python3.8/site-packages/airflow/example_dags/tutorial_taskflow_api_virtualenv.py
[2024-04-04T18:12:58.581+0000] {processor.py:840} INFO - DAG(s) 'tutorial_taskflow_api_virtualenv' retrieved from /home/airflow/.local/lib/python3.8/site-packages/airflow/example_dags/tutorial_taskflow_api_virtualenv.py
[2024-04-04T18:12:58.604+0000] {logging_mixin.py:188} INFO - [2024-04-04T18:12:58.603+0000] {dag.py:3036} INFO - Sync 1 DAGs
[2024-04-04T18:12:58.619+0000] {logging_mixin.py:188} INFO - [2024-04-04T18:12:58.618+0000] {dag.py:3823} INFO - Setting next_dagrun for tutorial_taskflow_api_virtualenv to None, run_after=None
[2024-04-04T18:12:58.641+0000] {processor.py:183} INFO - Processing /home/airflow/.local/lib/python3.8/site-packages/airflow/example_dags/tutorial_taskflow_api_virtualenv.py took 0.078 seconds
[2024-04-04T18:13:28.947+0000] {processor.py:161} INFO - Started process (PID=46261) to work on /home/airflow/.local/lib/python3.8/site-packages/airflow/example_dags/tutorial_taskflow_api_virtualenv.py
[2024-04-04T18:13:28.948+0000] {processor.py:830} INFO - Processing file /home/airflow/.local/lib/python3.8/site-packages/airflow/example_dags/tutorial_taskflow_api_virtualenv.py for tasks to queue
[2024-04-04T18:13:28.950+0000] {logging_mixin.py:188} INFO - [2024-04-04T18:13:28.949+0000] {dagbag.py:538} INFO - Filling up the DagBag from /home/airflow/.local/lib/python3.8/site-packages/airflow/example_dags/tutorial_taskflow_api_virtualenv.py
[2024-04-04T18:13:28.961+0000] {processor.py:840} INFO - DAG(s) 'tutorial_taskflow_api_virtualenv' retrieved from /home/airflow/.local/lib/python3.8/site-packages/airflow/example_dags/tutorial_taskflow_api_virtualenv.py
[2024-04-04T18:13:28.985+0000] {logging_mixin.py:188} INFO - [2024-04-04T18:13:28.985+0000] {dag.py:3036} INFO - Sync 1 DAGs
[2024-04-04T18:13:28.998+0000] {logging_mixin.py:188} INFO - [2024-04-04T18:13:28.998+0000] {dag.py:3823} INFO - Setting next_dagrun for tutorial_taskflow_api_virtualenv to None, run_after=None
[2024-04-04T18:13:29.020+0000] {processor.py:183} INFO - Processing /home/airflow/.local/lib/python3.8/site-packages/airflow/example_dags/tutorial_taskflow_api_virtualenv.py took 0.076 seconds
[2024-04-04T18:13:59.516+0000] {processor.py:161} INFO - Started process (PID=46321) to work on /home/airflow/.local/lib/python3.8/site-packages/airflow/example_dags/tutorial_taskflow_api_virtualenv.py
[2024-04-04T18:13:59.517+0000] {processor.py:830} INFO - Processing file /home/airflow/.local/lib/python3.8/site-packages/airflow/example_dags/tutorial_taskflow_api_virtualenv.py for tasks to queue
[2024-04-04T18:13:59.518+0000] {logging_mixin.py:188} INFO - [2024-04-04T18:13:59.518+0000] {dagbag.py:538} INFO - Filling up the DagBag from /home/airflow/.local/lib/python3.8/site-packages/airflow/example_dags/tutorial_taskflow_api_virtualenv.py
[2024-04-04T18:13:59.530+0000] {processor.py:840} INFO - DAG(s) 'tutorial_taskflow_api_virtualenv' retrieved from /home/airflow/.local/lib/python3.8/site-packages/airflow/example_dags/tutorial_taskflow_api_virtualenv.py
[2024-04-04T18:13:59.554+0000] {logging_mixin.py:188} INFO - [2024-04-04T18:13:59.553+0000] {dag.py:3036} INFO - Sync 1 DAGs
[2024-04-04T18:13:59.567+0000] {logging_mixin.py:188} INFO - [2024-04-04T18:13:59.566+0000] {dag.py:3823} INFO - Setting next_dagrun for tutorial_taskflow_api_virtualenv to None, run_after=None
[2024-04-04T18:13:59.590+0000] {processor.py:183} INFO - Processing /home/airflow/.local/lib/python3.8/site-packages/airflow/example_dags/tutorial_taskflow_api_virtualenv.py took 0.078 seconds
[2024-04-04T18:14:29.949+0000] {processor.py:161} INFO - Started process (PID=46381) to work on /home/airflow/.local/lib/python3.8/site-packages/airflow/example_dags/tutorial_taskflow_api_virtualenv.py
[2024-04-04T18:14:29.950+0000] {processor.py:830} INFO - Processing file /home/airflow/.local/lib/python3.8/site-packages/airflow/example_dags/tutorial_taskflow_api_virtualenv.py for tasks to queue
[2024-04-04T18:14:29.952+0000] {logging_mixin.py:188} INFO - [2024-04-04T18:14:29.952+0000] {dagbag.py:538} INFO - Filling up the DagBag from /home/airflow/.local/lib/python3.8/site-packages/airflow/example_dags/tutorial_taskflow_api_virtualenv.py
[2024-04-04T18:14:29.967+0000] {processor.py:840} INFO - DAG(s) 'tutorial_taskflow_api_virtualenv' retrieved from /home/airflow/.local/lib/python3.8/site-packages/airflow/example_dags/tutorial_taskflow_api_virtualenv.py
[2024-04-04T18:14:29.997+0000] {logging_mixin.py:188} INFO - [2024-04-04T18:14:29.997+0000] {dag.py:3036} INFO - Sync 1 DAGs
[2024-04-04T18:14:30.013+0000] {logging_mixin.py:188} INFO - [2024-04-04T18:14:30.013+0000] {dag.py:3823} INFO - Setting next_dagrun for tutorial_taskflow_api_virtualenv to None, run_after=None
[2024-04-04T18:14:30.038+0000] {processor.py:183} INFO - Processing /home/airflow/.local/lib/python3.8/site-packages/airflow/example_dags/tutorial_taskflow_api_virtualenv.py took 0.093 seconds
[2024-04-04T18:15:00.984+0000] {processor.py:161} INFO - Started process (PID=46441) to work on /home/airflow/.local/lib/python3.8/site-packages/airflow/example_dags/tutorial_taskflow_api_virtualenv.py
[2024-04-04T18:15:00.988+0000] {processor.py:830} INFO - Processing file /home/airflow/.local/lib/python3.8/site-packages/airflow/example_dags/tutorial_taskflow_api_virtualenv.py for tasks to queue
[2024-04-04T18:15:00.992+0000] {logging_mixin.py:188} INFO - [2024-04-04T18:15:00.991+0000] {dagbag.py:538} INFO - Filling up the DagBag from /home/airflow/.local/lib/python3.8/site-packages/airflow/example_dags/tutorial_taskflow_api_virtualenv.py
[2024-04-04T18:15:01.030+0000] {processor.py:840} INFO - DAG(s) 'tutorial_taskflow_api_virtualenv' retrieved from /home/airflow/.local/lib/python3.8/site-packages/airflow/example_dags/tutorial_taskflow_api_virtualenv.py
[2024-04-04T18:15:01.119+0000] {logging_mixin.py:188} INFO - [2024-04-04T18:15:01.117+0000] {dag.py:3036} INFO - Sync 1 DAGs
[2024-04-04T18:15:01.181+0000] {logging_mixin.py:188} INFO - [2024-04-04T18:15:01.179+0000] {dag.py:3823} INFO - Setting next_dagrun for tutorial_taskflow_api_virtualenv to None, run_after=None
[2024-04-04T18:15:01.277+0000] {processor.py:183} INFO - Processing /home/airflow/.local/lib/python3.8/site-packages/airflow/example_dags/tutorial_taskflow_api_virtualenv.py took 0.305 seconds
[2024-04-04T18:15:35.745+0000] {processor.py:161} INFO - Started process (PID=46501) to work on /home/airflow/.local/lib/python3.8/site-packages/airflow/example_dags/tutorial_taskflow_api_virtualenv.py
[2024-04-04T18:15:35.755+0000] {processor.py:830} INFO - Processing file /home/airflow/.local/lib/python3.8/site-packages/airflow/example_dags/tutorial_taskflow_api_virtualenv.py for tasks to queue
[2024-04-04T18:15:35.767+0000] {logging_mixin.py:188} INFO - [2024-04-04T18:15:35.764+0000] {dagbag.py:538} INFO - Filling up the DagBag from /home/airflow/.local/lib/python3.8/site-packages/airflow/example_dags/tutorial_taskflow_api_virtualenv.py
[2024-04-04T18:15:35.877+0000] {processor.py:840} INFO - DAG(s) 'tutorial_taskflow_api_virtualenv' retrieved from /home/airflow/.local/lib/python3.8/site-packages/airflow/example_dags/tutorial_taskflow_api_virtualenv.py
[2024-04-04T18:15:36.077+0000] {logging_mixin.py:188} INFO - [2024-04-04T18:15:36.075+0000] {dag.py:3036} INFO - Sync 1 DAGs
[2024-04-04T18:15:36.207+0000] {logging_mixin.py:188} INFO - [2024-04-04T18:15:36.206+0000] {dag.py:3823} INFO - Setting next_dagrun for tutorial_taskflow_api_virtualenv to None, run_after=None
[2024-04-04T18:15:36.376+0000] {processor.py:183} INFO - Processing /home/airflow/.local/lib/python3.8/site-packages/airflow/example_dags/tutorial_taskflow_api_virtualenv.py took 0.662 seconds
[2024-04-04T18:16:07.030+0000] {processor.py:161} INFO - Started process (PID=46561) to work on /home/airflow/.local/lib/python3.8/site-packages/airflow/example_dags/tutorial_taskflow_api_virtualenv.py
[2024-04-04T18:16:07.034+0000] {processor.py:830} INFO - Processing file /home/airflow/.local/lib/python3.8/site-packages/airflow/example_dags/tutorial_taskflow_api_virtualenv.py for tasks to queue
[2024-04-04T18:16:07.038+0000] {logging_mixin.py:188} INFO - [2024-04-04T18:16:07.037+0000] {dagbag.py:538} INFO - Filling up the DagBag from /home/airflow/.local/lib/python3.8/site-packages/airflow/example_dags/tutorial_taskflow_api_virtualenv.py
[2024-04-04T18:16:07.089+0000] {processor.py:840} INFO - DAG(s) 'tutorial_taskflow_api_virtualenv' retrieved from /home/airflow/.local/lib/python3.8/site-packages/airflow/example_dags/tutorial_taskflow_api_virtualenv.py
[2024-04-04T18:16:07.200+0000] {logging_mixin.py:188} INFO - [2024-04-04T18:16:07.199+0000] {dag.py:3036} INFO - Sync 1 DAGs
[2024-04-04T18:16:07.276+0000] {logging_mixin.py:188} INFO - [2024-04-04T18:16:07.275+0000] {dag.py:3823} INFO - Setting next_dagrun for tutorial_taskflow_api_virtualenv to None, run_after=None
[2024-04-04T18:16:07.361+0000] {processor.py:183} INFO - Processing /home/airflow/.local/lib/python3.8/site-packages/airflow/example_dags/tutorial_taskflow_api_virtualenv.py took 0.348 seconds
[2024-04-04T18:16:37.612+0000] {processor.py:161} INFO - Started process (PID=46621) to work on /home/airflow/.local/lib/python3.8/site-packages/airflow/example_dags/tutorial_taskflow_api_virtualenv.py
[2024-04-04T18:16:37.615+0000] {processor.py:830} INFO - Processing file /home/airflow/.local/lib/python3.8/site-packages/airflow/example_dags/tutorial_taskflow_api_virtualenv.py for tasks to queue
[2024-04-04T18:16:37.618+0000] {logging_mixin.py:188} INFO - [2024-04-04T18:16:37.617+0000] {dagbag.py:538} INFO - Filling up the DagBag from /home/airflow/.local/lib/python3.8/site-packages/airflow/example_dags/tutorial_taskflow_api_virtualenv.py
[2024-04-04T18:16:37.645+0000] {processor.py:840} INFO - DAG(s) 'tutorial_taskflow_api_virtualenv' retrieved from /home/airflow/.local/lib/python3.8/site-packages/airflow/example_dags/tutorial_taskflow_api_virtualenv.py
[2024-04-04T18:16:37.699+0000] {logging_mixin.py:188} INFO - [2024-04-04T18:16:37.699+0000] {dag.py:3036} INFO - Sync 1 DAGs
[2024-04-04T18:16:37.732+0000] {logging_mixin.py:188} INFO - [2024-04-04T18:16:37.731+0000] {dag.py:3823} INFO - Setting next_dagrun for tutorial_taskflow_api_virtualenv to None, run_after=None
[2024-04-04T18:16:37.779+0000] {processor.py:183} INFO - Processing /home/airflow/.local/lib/python3.8/site-packages/airflow/example_dags/tutorial_taskflow_api_virtualenv.py took 0.176 seconds
[2024-04-04T18:17:08.217+0000] {processor.py:161} INFO - Started process (PID=46682) to work on /home/airflow/.local/lib/python3.8/site-packages/airflow/example_dags/tutorial_taskflow_api_virtualenv.py
[2024-04-04T18:17:08.220+0000] {processor.py:830} INFO - Processing file /home/airflow/.local/lib/python3.8/site-packages/airflow/example_dags/tutorial_taskflow_api_virtualenv.py for tasks to queue
[2024-04-04T18:17:08.222+0000] {logging_mixin.py:188} INFO - [2024-04-04T18:17:08.221+0000] {dagbag.py:538} INFO - Filling up the DagBag from /home/airflow/.local/lib/python3.8/site-packages/airflow/example_dags/tutorial_taskflow_api_virtualenv.py
[2024-04-04T18:17:08.244+0000] {processor.py:840} INFO - DAG(s) 'tutorial_taskflow_api_virtualenv' retrieved from /home/airflow/.local/lib/python3.8/site-packages/airflow/example_dags/tutorial_taskflow_api_virtualenv.py
[2024-04-04T18:17:08.289+0000] {logging_mixin.py:188} INFO - [2024-04-04T18:17:08.289+0000] {dag.py:3036} INFO - Sync 1 DAGs
[2024-04-04T18:17:08.316+0000] {logging_mixin.py:188} INFO - [2024-04-04T18:17:08.315+0000] {dag.py:3823} INFO - Setting next_dagrun for tutorial_taskflow_api_virtualenv to None, run_after=None
[2024-04-04T18:17:08.355+0000] {processor.py:183} INFO - Processing /home/airflow/.local/lib/python3.8/site-packages/airflow/example_dags/tutorial_taskflow_api_virtualenv.py took 0.146 seconds
[2024-04-04T18:17:40.329+0000] {processor.py:161} INFO - Started process (PID=46742) to work on /home/airflow/.local/lib/python3.8/site-packages/airflow/example_dags/tutorial_taskflow_api_virtualenv.py
[2024-04-04T18:17:40.335+0000] {processor.py:830} INFO - Processing file /home/airflow/.local/lib/python3.8/site-packages/airflow/example_dags/tutorial_taskflow_api_virtualenv.py for tasks to queue
[2024-04-04T18:17:40.343+0000] {logging_mixin.py:188} INFO - [2024-04-04T18:17:40.341+0000] {dagbag.py:538} INFO - Filling up the DagBag from /home/airflow/.local/lib/python3.8/site-packages/airflow/example_dags/tutorial_taskflow_api_virtualenv.py
[2024-04-04T18:17:40.409+0000] {processor.py:840} INFO - DAG(s) 'tutorial_taskflow_api_virtualenv' retrieved from /home/airflow/.local/lib/python3.8/site-packages/airflow/example_dags/tutorial_taskflow_api_virtualenv.py
[2024-04-04T18:17:40.568+0000] {logging_mixin.py:188} INFO - [2024-04-04T18:17:40.566+0000] {dag.py:3036} INFO - Sync 1 DAGs
[2024-04-04T18:17:40.724+0000] {logging_mixin.py:188} INFO - [2024-04-04T18:17:40.722+0000] {dag.py:3823} INFO - Setting next_dagrun for tutorial_taskflow_api_virtualenv to None, run_after=None
[2024-04-04T18:17:40.984+0000] {processor.py:183} INFO - Processing /home/airflow/.local/lib/python3.8/site-packages/airflow/example_dags/tutorial_taskflow_api_virtualenv.py took 0.675 seconds
[2024-04-04T18:18:11.459+0000] {processor.py:161} INFO - Started process (PID=46802) to work on /home/airflow/.local/lib/python3.8/site-packages/airflow/example_dags/tutorial_taskflow_api_virtualenv.py
[2024-04-04T18:18:11.490+0000] {processor.py:830} INFO - Processing file /home/airflow/.local/lib/python3.8/site-packages/airflow/example_dags/tutorial_taskflow_api_virtualenv.py for tasks to queue
[2024-04-04T18:18:11.504+0000] {logging_mixin.py:188} INFO - [2024-04-04T18:18:11.500+0000] {dagbag.py:538} INFO - Filling up the DagBag from /home/airflow/.local/lib/python3.8/site-packages/airflow/example_dags/tutorial_taskflow_api_virtualenv.py
[2024-04-04T18:18:11.629+0000] {processor.py:840} INFO - DAG(s) 'tutorial_taskflow_api_virtualenv' retrieved from /home/airflow/.local/lib/python3.8/site-packages/airflow/example_dags/tutorial_taskflow_api_virtualenv.py
[2024-04-04T18:18:11.869+0000] {logging_mixin.py:188} INFO - [2024-04-04T18:18:11.866+0000] {dag.py:3036} INFO - Sync 1 DAGs
[2024-04-04T18:18:12.071+0000] {logging_mixin.py:188} INFO - [2024-04-04T18:18:12.069+0000] {dag.py:3823} INFO - Setting next_dagrun for tutorial_taskflow_api_virtualenv to None, run_after=None
[2024-04-04T18:18:12.286+0000] {processor.py:183} INFO - Processing /home/airflow/.local/lib/python3.8/site-packages/airflow/example_dags/tutorial_taskflow_api_virtualenv.py took 0.909 seconds
[2024-04-04T18:18:42.526+0000] {processor.py:161} INFO - Started process (PID=46862) to work on /home/airflow/.local/lib/python3.8/site-packages/airflow/example_dags/tutorial_taskflow_api_virtualenv.py
[2024-04-04T18:18:42.530+0000] {processor.py:830} INFO - Processing file /home/airflow/.local/lib/python3.8/site-packages/airflow/example_dags/tutorial_taskflow_api_virtualenv.py for tasks to queue
[2024-04-04T18:18:42.533+0000] {logging_mixin.py:188} INFO - [2024-04-04T18:18:42.532+0000] {dagbag.py:538} INFO - Filling up the DagBag from /home/airflow/.local/lib/python3.8/site-packages/airflow/example_dags/tutorial_taskflow_api_virtualenv.py
[2024-04-04T18:18:42.574+0000] {processor.py:840} INFO - DAG(s) 'tutorial_taskflow_api_virtualenv' retrieved from /home/airflow/.local/lib/python3.8/site-packages/airflow/example_dags/tutorial_taskflow_api_virtualenv.py
[2024-04-04T18:18:42.673+0000] {logging_mixin.py:188} INFO - [2024-04-04T18:18:42.672+0000] {dag.py:3036} INFO - Sync 1 DAGs
[2024-04-04T18:18:42.713+0000] {logging_mixin.py:188} INFO - [2024-04-04T18:18:42.712+0000] {dag.py:3823} INFO - Setting next_dagrun for tutorial_taskflow_api_virtualenv to None, run_after=None
[2024-04-04T18:18:42.779+0000] {processor.py:183} INFO - Processing /home/airflow/.local/lib/python3.8/site-packages/airflow/example_dags/tutorial_taskflow_api_virtualenv.py took 0.266 seconds
[2024-04-04T18:19:12.982+0000] {processor.py:161} INFO - Started process (PID=46921) to work on /home/airflow/.local/lib/python3.8/site-packages/airflow/example_dags/tutorial_taskflow_api_virtualenv.py
[2024-04-04T18:19:12.985+0000] {processor.py:830} INFO - Processing file /home/airflow/.local/lib/python3.8/site-packages/airflow/example_dags/tutorial_taskflow_api_virtualenv.py for tasks to queue
[2024-04-04T18:19:12.988+0000] {logging_mixin.py:188} INFO - [2024-04-04T18:19:12.987+0000] {dagbag.py:538} INFO - Filling up the DagBag from /home/airflow/.local/lib/python3.8/site-packages/airflow/example_dags/tutorial_taskflow_api_virtualenv.py
[2024-04-04T18:19:13.018+0000] {processor.py:840} INFO - DAG(s) 'tutorial_taskflow_api_virtualenv' retrieved from /home/airflow/.local/lib/python3.8/site-packages/airflow/example_dags/tutorial_taskflow_api_virtualenv.py
[2024-04-04T18:19:13.072+0000] {logging_mixin.py:188} INFO - [2024-04-04T18:19:13.071+0000] {dag.py:3036} INFO - Sync 1 DAGs
[2024-04-04T18:19:13.105+0000] {logging_mixin.py:188} INFO - [2024-04-04T18:19:13.104+0000] {dag.py:3823} INFO - Setting next_dagrun for tutorial_taskflow_api_virtualenv to None, run_after=None
[2024-04-04T18:19:13.165+0000] {processor.py:183} INFO - Processing /home/airflow/.local/lib/python3.8/site-packages/airflow/example_dags/tutorial_taskflow_api_virtualenv.py took 0.192 seconds
[2024-04-04T18:19:43.572+0000] {processor.py:161} INFO - Started process (PID=46981) to work on /home/airflow/.local/lib/python3.8/site-packages/airflow/example_dags/tutorial_taskflow_api_virtualenv.py
[2024-04-04T18:19:43.577+0000] {processor.py:830} INFO - Processing file /home/airflow/.local/lib/python3.8/site-packages/airflow/example_dags/tutorial_taskflow_api_virtualenv.py for tasks to queue
[2024-04-04T18:19:43.582+0000] {logging_mixin.py:188} INFO - [2024-04-04T18:19:43.580+0000] {dagbag.py:538} INFO - Filling up the DagBag from /home/airflow/.local/lib/python3.8/site-packages/airflow/example_dags/tutorial_taskflow_api_virtualenv.py
[2024-04-04T18:19:43.635+0000] {processor.py:840} INFO - DAG(s) 'tutorial_taskflow_api_virtualenv' retrieved from /home/airflow/.local/lib/python3.8/site-packages/airflow/example_dags/tutorial_taskflow_api_virtualenv.py
[2024-04-04T18:19:43.723+0000] {logging_mixin.py:188} INFO - [2024-04-04T18:19:43.722+0000] {dag.py:3036} INFO - Sync 1 DAGs
[2024-04-04T18:19:43.778+0000] {logging_mixin.py:188} INFO - [2024-04-04T18:19:43.777+0000] {dag.py:3823} INFO - Setting next_dagrun for tutorial_taskflow_api_virtualenv to None, run_after=None
[2024-04-04T18:19:43.864+0000] {processor.py:183} INFO - Processing /home/airflow/.local/lib/python3.8/site-packages/airflow/example_dags/tutorial_taskflow_api_virtualenv.py took 0.310 seconds
[2024-04-04T18:20:14.300+0000] {processor.py:161} INFO - Started process (PID=47041) to work on /home/airflow/.local/lib/python3.8/site-packages/airflow/example_dags/tutorial_taskflow_api_virtualenv.py
[2024-04-04T18:20:14.305+0000] {processor.py:830} INFO - Processing file /home/airflow/.local/lib/python3.8/site-packages/airflow/example_dags/tutorial_taskflow_api_virtualenv.py for tasks to queue
[2024-04-04T18:20:14.311+0000] {logging_mixin.py:188} INFO - [2024-04-04T18:20:14.309+0000] {dagbag.py:538} INFO - Filling up the DagBag from /home/airflow/.local/lib/python3.8/site-packages/airflow/example_dags/tutorial_taskflow_api_virtualenv.py
[2024-04-04T18:20:14.387+0000] {processor.py:840} INFO - DAG(s) 'tutorial_taskflow_api_virtualenv' retrieved from /home/airflow/.local/lib/python3.8/site-packages/airflow/example_dags/tutorial_taskflow_api_virtualenv.py
[2024-04-04T18:20:14.597+0000] {logging_mixin.py:188} INFO - [2024-04-04T18:20:14.595+0000] {dag.py:3036} INFO - Sync 1 DAGs
[2024-04-04T18:20:14.682+0000] {logging_mixin.py:188} INFO - [2024-04-04T18:20:14.680+0000] {dag.py:3823} INFO - Setting next_dagrun for tutorial_taskflow_api_virtualenv to None, run_after=None
[2024-04-04T18:20:14.817+0000] {processor.py:183} INFO - Processing /home/airflow/.local/lib/python3.8/site-packages/airflow/example_dags/tutorial_taskflow_api_virtualenv.py took 0.546 seconds
[2024-04-04T18:20:45.361+0000] {processor.py:161} INFO - Started process (PID=47101) to work on /home/airflow/.local/lib/python3.8/site-packages/airflow/example_dags/tutorial_taskflow_api_virtualenv.py
[2024-04-04T18:20:45.366+0000] {processor.py:830} INFO - Processing file /home/airflow/.local/lib/python3.8/site-packages/airflow/example_dags/tutorial_taskflow_api_virtualenv.py for tasks to queue
[2024-04-04T18:20:45.372+0000] {logging_mixin.py:188} INFO - [2024-04-04T18:20:45.370+0000] {dagbag.py:538} INFO - Filling up the DagBag from /home/airflow/.local/lib/python3.8/site-packages/airflow/example_dags/tutorial_taskflow_api_virtualenv.py
[2024-04-04T18:20:45.422+0000] {processor.py:840} INFO - DAG(s) 'tutorial_taskflow_api_virtualenv' retrieved from /home/airflow/.local/lib/python3.8/site-packages/airflow/example_dags/tutorial_taskflow_api_virtualenv.py
[2024-04-04T18:20:45.519+0000] {logging_mixin.py:188} INFO - [2024-04-04T18:20:45.518+0000] {dag.py:3036} INFO - Sync 1 DAGs
[2024-04-04T18:20:45.591+0000] {logging_mixin.py:188} INFO - [2024-04-04T18:20:45.590+0000] {dag.py:3823} INFO - Setting next_dagrun for tutorial_taskflow_api_virtualenv to None, run_after=None
[2024-04-04T18:20:45.672+0000] {processor.py:183} INFO - Processing /home/airflow/.local/lib/python3.8/site-packages/airflow/example_dags/tutorial_taskflow_api_virtualenv.py took 0.326 seconds
[2024-04-04T18:21:15.958+0000] {processor.py:161} INFO - Started process (PID=47161) to work on /home/airflow/.local/lib/python3.8/site-packages/airflow/example_dags/tutorial_taskflow_api_virtualenv.py
[2024-04-04T18:21:15.961+0000] {processor.py:830} INFO - Processing file /home/airflow/.local/lib/python3.8/site-packages/airflow/example_dags/tutorial_taskflow_api_virtualenv.py for tasks to queue
[2024-04-04T18:21:15.963+0000] {logging_mixin.py:188} INFO - [2024-04-04T18:21:15.963+0000] {dagbag.py:538} INFO - Filling up the DagBag from /home/airflow/.local/lib/python3.8/site-packages/airflow/example_dags/tutorial_taskflow_api_virtualenv.py
[2024-04-04T18:21:15.990+0000] {processor.py:840} INFO - DAG(s) 'tutorial_taskflow_api_virtualenv' retrieved from /home/airflow/.local/lib/python3.8/site-packages/airflow/example_dags/tutorial_taskflow_api_virtualenv.py
[2024-04-04T18:21:16.042+0000] {logging_mixin.py:188} INFO - [2024-04-04T18:21:16.042+0000] {dag.py:3036} INFO - Sync 1 DAGs
[2024-04-04T18:21:16.075+0000] {logging_mixin.py:188} INFO - [2024-04-04T18:21:16.074+0000] {dag.py:3823} INFO - Setting next_dagrun for tutorial_taskflow_api_virtualenv to None, run_after=None
[2024-04-04T18:21:16.132+0000] {processor.py:183} INFO - Processing /home/airflow/.local/lib/python3.8/site-packages/airflow/example_dags/tutorial_taskflow_api_virtualenv.py took 0.183 seconds
[2024-04-04T18:21:46.857+0000] {processor.py:161} INFO - Started process (PID=47221) to work on /home/airflow/.local/lib/python3.8/site-packages/airflow/example_dags/tutorial_taskflow_api_virtualenv.py
[2024-04-04T18:21:46.864+0000] {processor.py:830} INFO - Processing file /home/airflow/.local/lib/python3.8/site-packages/airflow/example_dags/tutorial_taskflow_api_virtualenv.py for tasks to queue
[2024-04-04T18:21:46.872+0000] {logging_mixin.py:188} INFO - [2024-04-04T18:21:46.869+0000] {dagbag.py:538} INFO - Filling up the DagBag from /home/airflow/.local/lib/python3.8/site-packages/airflow/example_dags/tutorial_taskflow_api_virtualenv.py
[2024-04-04T18:21:46.935+0000] {processor.py:840} INFO - DAG(s) 'tutorial_taskflow_api_virtualenv' retrieved from /home/airflow/.local/lib/python3.8/site-packages/airflow/example_dags/tutorial_taskflow_api_virtualenv.py
[2024-04-04T18:21:47.049+0000] {logging_mixin.py:188} INFO - [2024-04-04T18:21:47.047+0000] {dag.py:3036} INFO - Sync 1 DAGs
[2024-04-04T18:21:47.133+0000] {logging_mixin.py:188} INFO - [2024-04-04T18:21:47.131+0000] {dag.py:3823} INFO - Setting next_dagrun for tutorial_taskflow_api_virtualenv to None, run_after=None
[2024-04-04T18:21:47.222+0000] {processor.py:183} INFO - Processing /home/airflow/.local/lib/python3.8/site-packages/airflow/example_dags/tutorial_taskflow_api_virtualenv.py took 0.387 seconds
[2024-04-04T18:22:18.164+0000] {processor.py:161} INFO - Started process (PID=47281) to work on /home/airflow/.local/lib/python3.8/site-packages/airflow/example_dags/tutorial_taskflow_api_virtualenv.py
[2024-04-04T18:22:18.173+0000] {processor.py:830} INFO - Processing file /home/airflow/.local/lib/python3.8/site-packages/airflow/example_dags/tutorial_taskflow_api_virtualenv.py for tasks to queue
[2024-04-04T18:22:18.178+0000] {logging_mixin.py:188} INFO - [2024-04-04T18:22:18.177+0000] {dagbag.py:538} INFO - Filling up the DagBag from /home/airflow/.local/lib/python3.8/site-packages/airflow/example_dags/tutorial_taskflow_api_virtualenv.py
[2024-04-04T18:22:18.226+0000] {processor.py:840} INFO - DAG(s) 'tutorial_taskflow_api_virtualenv' retrieved from /home/airflow/.local/lib/python3.8/site-packages/airflow/example_dags/tutorial_taskflow_api_virtualenv.py
[2024-04-04T18:22:18.314+0000] {logging_mixin.py:188} INFO - [2024-04-04T18:22:18.313+0000] {dag.py:3036} INFO - Sync 1 DAGs
[2024-04-04T18:22:18.370+0000] {logging_mixin.py:188} INFO - [2024-04-04T18:22:18.369+0000] {dag.py:3823} INFO - Setting next_dagrun for tutorial_taskflow_api_virtualenv to None, run_after=None
[2024-04-04T18:22:18.444+0000] {processor.py:183} INFO - Processing /home/airflow/.local/lib/python3.8/site-packages/airflow/example_dags/tutorial_taskflow_api_virtualenv.py took 0.300 seconds
[2024-04-04T18:22:48.947+0000] {processor.py:161} INFO - Started process (PID=47341) to work on /home/airflow/.local/lib/python3.8/site-packages/airflow/example_dags/tutorial_taskflow_api_virtualenv.py
[2024-04-04T18:22:48.951+0000] {processor.py:830} INFO - Processing file /home/airflow/.local/lib/python3.8/site-packages/airflow/example_dags/tutorial_taskflow_api_virtualenv.py for tasks to queue
[2024-04-04T18:22:48.955+0000] {logging_mixin.py:188} INFO - [2024-04-04T18:22:48.954+0000] {dagbag.py:538} INFO - Filling up the DagBag from /home/airflow/.local/lib/python3.8/site-packages/airflow/example_dags/tutorial_taskflow_api_virtualenv.py
[2024-04-04T18:22:49.001+0000] {processor.py:840} INFO - DAG(s) 'tutorial_taskflow_api_virtualenv' retrieved from /home/airflow/.local/lib/python3.8/site-packages/airflow/example_dags/tutorial_taskflow_api_virtualenv.py
[2024-04-04T18:22:49.082+0000] {logging_mixin.py:188} INFO - [2024-04-04T18:22:49.081+0000] {dag.py:3036} INFO - Sync 1 DAGs
[2024-04-04T18:22:49.136+0000] {logging_mixin.py:188} INFO - [2024-04-04T18:22:49.135+0000] {dag.py:3823} INFO - Setting next_dagrun for tutorial_taskflow_api_virtualenv to None, run_after=None
[2024-04-04T18:22:49.214+0000] {processor.py:183} INFO - Processing /home/airflow/.local/lib/python3.8/site-packages/airflow/example_dags/tutorial_taskflow_api_virtualenv.py took 0.281 seconds
[2024-04-04T18:23:19.672+0000] {processor.py:161} INFO - Started process (PID=47401) to work on /home/airflow/.local/lib/python3.8/site-packages/airflow/example_dags/tutorial_taskflow_api_virtualenv.py
[2024-04-04T18:23:19.675+0000] {processor.py:830} INFO - Processing file /home/airflow/.local/lib/python3.8/site-packages/airflow/example_dags/tutorial_taskflow_api_virtualenv.py for tasks to queue
[2024-04-04T18:23:19.677+0000] {logging_mixin.py:188} INFO - [2024-04-04T18:23:19.676+0000] {dagbag.py:538} INFO - Filling up the DagBag from /home/airflow/.local/lib/python3.8/site-packages/airflow/example_dags/tutorial_taskflow_api_virtualenv.py
[2024-04-04T18:23:19.699+0000] {processor.py:840} INFO - DAG(s) 'tutorial_taskflow_api_virtualenv' retrieved from /home/airflow/.local/lib/python3.8/site-packages/airflow/example_dags/tutorial_taskflow_api_virtualenv.py
[2024-04-04T18:23:19.742+0000] {logging_mixin.py:188} INFO - [2024-04-04T18:23:19.741+0000] {dag.py:3036} INFO - Sync 1 DAGs
[2024-04-04T18:23:19.769+0000] {logging_mixin.py:188} INFO - [2024-04-04T18:23:19.769+0000] {dag.py:3823} INFO - Setting next_dagrun for tutorial_taskflow_api_virtualenv to None, run_after=None
[2024-04-04T18:23:19.820+0000] {processor.py:183} INFO - Processing /home/airflow/.local/lib/python3.8/site-packages/airflow/example_dags/tutorial_taskflow_api_virtualenv.py took 0.155 seconds
[2024-04-04T18:23:50.077+0000] {processor.py:161} INFO - Started process (PID=47461) to work on /home/airflow/.local/lib/python3.8/site-packages/airflow/example_dags/tutorial_taskflow_api_virtualenv.py
[2024-04-04T18:23:50.080+0000] {processor.py:830} INFO - Processing file /home/airflow/.local/lib/python3.8/site-packages/airflow/example_dags/tutorial_taskflow_api_virtualenv.py for tasks to queue
[2024-04-04T18:23:50.082+0000] {logging_mixin.py:188} INFO - [2024-04-04T18:23:50.082+0000] {dagbag.py:538} INFO - Filling up the DagBag from /home/airflow/.local/lib/python3.8/site-packages/airflow/example_dags/tutorial_taskflow_api_virtualenv.py
[2024-04-04T18:23:50.112+0000] {processor.py:840} INFO - DAG(s) 'tutorial_taskflow_api_virtualenv' retrieved from /home/airflow/.local/lib/python3.8/site-packages/airflow/example_dags/tutorial_taskflow_api_virtualenv.py
[2024-04-04T18:23:50.166+0000] {logging_mixin.py:188} INFO - [2024-04-04T18:23:50.166+0000] {dag.py:3036} INFO - Sync 1 DAGs
[2024-04-04T18:23:50.200+0000] {logging_mixin.py:188} INFO - [2024-04-04T18:23:50.200+0000] {dag.py:3823} INFO - Setting next_dagrun for tutorial_taskflow_api_virtualenv to None, run_after=None
[2024-04-04T18:23:50.251+0000] {processor.py:183} INFO - Processing /home/airflow/.local/lib/python3.8/site-packages/airflow/example_dags/tutorial_taskflow_api_virtualenv.py took 0.184 seconds
[2024-04-04T19:14:48.135+0000] {processor.py:161} INFO - Started process (PID=47509) to work on /home/airflow/.local/lib/python3.8/site-packages/airflow/example_dags/tutorial_taskflow_api_virtualenv.py
[2024-04-04T19:14:48.140+0000] {processor.py:830} INFO - Processing file /home/airflow/.local/lib/python3.8/site-packages/airflow/example_dags/tutorial_taskflow_api_virtualenv.py for tasks to queue
[2024-04-04T19:14:48.147+0000] {logging_mixin.py:188} INFO - [2024-04-04T19:14:48.145+0000] {dagbag.py:538} INFO - Filling up the DagBag from /home/airflow/.local/lib/python3.8/site-packages/airflow/example_dags/tutorial_taskflow_api_virtualenv.py
[2024-04-04T19:14:48.214+0000] {processor.py:840} INFO - DAG(s) 'tutorial_taskflow_api_virtualenv' retrieved from /home/airflow/.local/lib/python3.8/site-packages/airflow/example_dags/tutorial_taskflow_api_virtualenv.py
[2024-04-04T19:14:48.389+0000] {logging_mixin.py:188} INFO - [2024-04-04T19:14:48.388+0000] {dag.py:3036} INFO - Sync 1 DAGs
[2024-04-04T19:14:48.465+0000] {logging_mixin.py:188} INFO - [2024-04-04T19:14:48.464+0000] {dag.py:3823} INFO - Setting next_dagrun for tutorial_taskflow_api_virtualenv to None, run_after=None
[2024-04-04T19:14:48.573+0000] {processor.py:183} INFO - Processing /home/airflow/.local/lib/python3.8/site-packages/airflow/example_dags/tutorial_taskflow_api_virtualenv.py took 0.459 seconds
[2024-04-04T19:15:18.799+0000] {processor.py:161} INFO - Started process (PID=47569) to work on /home/airflow/.local/lib/python3.8/site-packages/airflow/example_dags/tutorial_taskflow_api_virtualenv.py
[2024-04-04T19:15:18.803+0000] {processor.py:830} INFO - Processing file /home/airflow/.local/lib/python3.8/site-packages/airflow/example_dags/tutorial_taskflow_api_virtualenv.py for tasks to queue
[2024-04-04T19:15:18.806+0000] {logging_mixin.py:188} INFO - [2024-04-04T19:15:18.805+0000] {dagbag.py:538} INFO - Filling up the DagBag from /home/airflow/.local/lib/python3.8/site-packages/airflow/example_dags/tutorial_taskflow_api_virtualenv.py
[2024-04-04T19:15:18.854+0000] {processor.py:840} INFO - DAG(s) 'tutorial_taskflow_api_virtualenv' retrieved from /home/airflow/.local/lib/python3.8/site-packages/airflow/example_dags/tutorial_taskflow_api_virtualenv.py
[2024-04-04T19:15:18.945+0000] {logging_mixin.py:188} INFO - [2024-04-04T19:15:18.944+0000] {dag.py:3036} INFO - Sync 1 DAGs
[2024-04-04T19:15:19.003+0000] {logging_mixin.py:188} INFO - [2024-04-04T19:15:19.002+0000] {dag.py:3823} INFO - Setting next_dagrun for tutorial_taskflow_api_virtualenv to None, run_after=None
[2024-04-04T19:15:19.082+0000] {processor.py:183} INFO - Processing /home/airflow/.local/lib/python3.8/site-packages/airflow/example_dags/tutorial_taskflow_api_virtualenv.py took 0.298 seconds
[2024-04-04T23:15:02.956+0000] {processor.py:161} INFO - Started process (PID=47667) to work on /home/airflow/.local/lib/python3.8/site-packages/airflow/example_dags/tutorial_taskflow_api_virtualenv.py
[2024-04-04T23:15:02.974+0000] {processor.py:830} INFO - Processing file /home/airflow/.local/lib/python3.8/site-packages/airflow/example_dags/tutorial_taskflow_api_virtualenv.py for tasks to queue
[2024-04-04T23:15:02.992+0000] {logging_mixin.py:188} INFO - [2024-04-04T23:15:02.991+0000] {dagbag.py:538} INFO - Filling up the DagBag from /home/airflow/.local/lib/python3.8/site-packages/airflow/example_dags/tutorial_taskflow_api_virtualenv.py
[2024-04-04T23:15:03.233+0000] {processor.py:840} INFO - DAG(s) 'tutorial_taskflow_api_virtualenv' retrieved from /home/airflow/.local/lib/python3.8/site-packages/airflow/example_dags/tutorial_taskflow_api_virtualenv.py
[2024-04-04T23:15:03.770+0000] {logging_mixin.py:188} INFO - [2024-04-04T23:15:03.769+0000] {dag.py:3036} INFO - Sync 1 DAGs
[2024-04-04T23:15:03.941+0000] {logging_mixin.py:188} INFO - [2024-04-04T23:15:03.940+0000] {dag.py:3823} INFO - Setting next_dagrun for tutorial_taskflow_api_virtualenv to None, run_after=None
[2024-04-04T23:15:04.705+0000] {processor.py:183} INFO - Processing /home/airflow/.local/lib/python3.8/site-packages/airflow/example_dags/tutorial_taskflow_api_virtualenv.py took 1.854 seconds
[2024-04-04T23:15:43.569+0000] {processor.py:161} INFO - Started process (PID=47733) to work on /home/airflow/.local/lib/python3.8/site-packages/airflow/example_dags/tutorial_taskflow_api_virtualenv.py
[2024-04-04T23:15:43.579+0000] {processor.py:830} INFO - Processing file /home/airflow/.local/lib/python3.8/site-packages/airflow/example_dags/tutorial_taskflow_api_virtualenv.py for tasks to queue
[2024-04-04T23:15:43.589+0000] {logging_mixin.py:188} INFO - [2024-04-04T23:15:43.586+0000] {dagbag.py:538} INFO - Filling up the DagBag from /home/airflow/.local/lib/python3.8/site-packages/airflow/example_dags/tutorial_taskflow_api_virtualenv.py
[2024-04-04T23:15:43.708+0000] {processor.py:840} INFO - DAG(s) 'tutorial_taskflow_api_virtualenv' retrieved from /home/airflow/.local/lib/python3.8/site-packages/airflow/example_dags/tutorial_taskflow_api_virtualenv.py
[2024-04-04T23:15:43.938+0000] {logging_mixin.py:188} INFO - [2024-04-04T23:15:43.935+0000] {dag.py:3036} INFO - Sync 1 DAGs
[2024-04-04T23:15:44.063+0000] {logging_mixin.py:188} INFO - [2024-04-04T23:15:44.061+0000] {dag.py:3823} INFO - Setting next_dagrun for tutorial_taskflow_api_virtualenv to None, run_after=None
[2024-04-04T23:15:44.280+0000] {processor.py:183} INFO - Processing /home/airflow/.local/lib/python3.8/site-packages/airflow/example_dags/tutorial_taskflow_api_virtualenv.py took 0.745 seconds
[2024-04-04T23:16:15.157+0000] {processor.py:161} INFO - Started process (PID=47792) to work on /home/airflow/.local/lib/python3.8/site-packages/airflow/example_dags/tutorial_taskflow_api_virtualenv.py
[2024-04-04T23:16:15.161+0000] {processor.py:830} INFO - Processing file /home/airflow/.local/lib/python3.8/site-packages/airflow/example_dags/tutorial_taskflow_api_virtualenv.py for tasks to queue
[2024-04-04T23:16:15.165+0000] {logging_mixin.py:188} INFO - [2024-04-04T23:16:15.164+0000] {dagbag.py:538} INFO - Filling up the DagBag from /home/airflow/.local/lib/python3.8/site-packages/airflow/example_dags/tutorial_taskflow_api_virtualenv.py
[2024-04-04T23:16:15.204+0000] {processor.py:840} INFO - DAG(s) 'tutorial_taskflow_api_virtualenv' retrieved from /home/airflow/.local/lib/python3.8/site-packages/airflow/example_dags/tutorial_taskflow_api_virtualenv.py
[2024-04-04T23:16:15.297+0000] {logging_mixin.py:188} INFO - [2024-04-04T23:16:15.296+0000] {dag.py:3036} INFO - Sync 1 DAGs
[2024-04-04T23:16:15.361+0000] {logging_mixin.py:188} INFO - [2024-04-04T23:16:15.360+0000] {dag.py:3823} INFO - Setting next_dagrun for tutorial_taskflow_api_virtualenv to None, run_after=None
[2024-04-04T23:16:15.446+0000] {processor.py:183} INFO - Processing /home/airflow/.local/lib/python3.8/site-packages/airflow/example_dags/tutorial_taskflow_api_virtualenv.py took 0.304 seconds
[2024-04-04T23:16:45.786+0000] {processor.py:161} INFO - Started process (PID=47852) to work on /home/airflow/.local/lib/python3.8/site-packages/airflow/example_dags/tutorial_taskflow_api_virtualenv.py
[2024-04-04T23:16:45.789+0000] {processor.py:830} INFO - Processing file /home/airflow/.local/lib/python3.8/site-packages/airflow/example_dags/tutorial_taskflow_api_virtualenv.py for tasks to queue
[2024-04-04T23:16:45.792+0000] {logging_mixin.py:188} INFO - [2024-04-04T23:16:45.791+0000] {dagbag.py:538} INFO - Filling up the DagBag from /home/airflow/.local/lib/python3.8/site-packages/airflow/example_dags/tutorial_taskflow_api_virtualenv.py
[2024-04-04T23:16:45.820+0000] {processor.py:840} INFO - DAG(s) 'tutorial_taskflow_api_virtualenv' retrieved from /home/airflow/.local/lib/python3.8/site-packages/airflow/example_dags/tutorial_taskflow_api_virtualenv.py
[2024-04-04T23:16:45.875+0000] {logging_mixin.py:188} INFO - [2024-04-04T23:16:45.874+0000] {dag.py:3036} INFO - Sync 1 DAGs
[2024-04-04T23:16:45.908+0000] {logging_mixin.py:188} INFO - [2024-04-04T23:16:45.907+0000] {dag.py:3823} INFO - Setting next_dagrun for tutorial_taskflow_api_virtualenv to None, run_after=None
[2024-04-04T23:16:45.956+0000] {processor.py:183} INFO - Processing /home/airflow/.local/lib/python3.8/site-packages/airflow/example_dags/tutorial_taskflow_api_virtualenv.py took 0.179 seconds
[2024-04-04T23:17:16.073+0000] {processor.py:161} INFO - Started process (PID=47912) to work on /home/airflow/.local/lib/python3.8/site-packages/airflow/example_dags/tutorial_taskflow_api_virtualenv.py
[2024-04-04T23:17:16.075+0000] {processor.py:830} INFO - Processing file /home/airflow/.local/lib/python3.8/site-packages/airflow/example_dags/tutorial_taskflow_api_virtualenv.py for tasks to queue
[2024-04-04T23:17:16.078+0000] {logging_mixin.py:188} INFO - [2024-04-04T23:17:16.077+0000] {dagbag.py:538} INFO - Filling up the DagBag from /home/airflow/.local/lib/python3.8/site-packages/airflow/example_dags/tutorial_taskflow_api_virtualenv.py
[2024-04-04T23:17:16.107+0000] {processor.py:840} INFO - DAG(s) 'tutorial_taskflow_api_virtualenv' retrieved from /home/airflow/.local/lib/python3.8/site-packages/airflow/example_dags/tutorial_taskflow_api_virtualenv.py
[2024-04-04T23:17:16.153+0000] {logging_mixin.py:188} INFO - [2024-04-04T23:17:16.153+0000] {dag.py:3036} INFO - Sync 1 DAGs
[2024-04-04T23:17:16.181+0000] {logging_mixin.py:188} INFO - [2024-04-04T23:17:16.180+0000] {dag.py:3823} INFO - Setting next_dagrun for tutorial_taskflow_api_virtualenv to None, run_after=None
[2024-04-04T23:17:16.222+0000] {processor.py:183} INFO - Processing /home/airflow/.local/lib/python3.8/site-packages/airflow/example_dags/tutorial_taskflow_api_virtualenv.py took 0.159 seconds
[2024-04-04T23:17:46.377+0000] {processor.py:161} INFO - Started process (PID=47972) to work on /home/airflow/.local/lib/python3.8/site-packages/airflow/example_dags/tutorial_taskflow_api_virtualenv.py
[2024-04-04T23:17:46.382+0000] {processor.py:830} INFO - Processing file /home/airflow/.local/lib/python3.8/site-packages/airflow/example_dags/tutorial_taskflow_api_virtualenv.py for tasks to queue
[2024-04-04T23:17:46.387+0000] {logging_mixin.py:188} INFO - [2024-04-04T23:17:46.385+0000] {dagbag.py:538} INFO - Filling up the DagBag from /home/airflow/.local/lib/python3.8/site-packages/airflow/example_dags/tutorial_taskflow_api_virtualenv.py
[2024-04-04T23:17:46.436+0000] {processor.py:840} INFO - DAG(s) 'tutorial_taskflow_api_virtualenv' retrieved from /home/airflow/.local/lib/python3.8/site-packages/airflow/example_dags/tutorial_taskflow_api_virtualenv.py
[2024-04-04T23:17:46.539+0000] {logging_mixin.py:188} INFO - [2024-04-04T23:17:46.538+0000] {dag.py:3036} INFO - Sync 1 DAGs
[2024-04-04T23:17:46.592+0000] {logging_mixin.py:188} INFO - [2024-04-04T23:17:46.591+0000] {dag.py:3823} INFO - Setting next_dagrun for tutorial_taskflow_api_virtualenv to None, run_after=None
[2024-04-04T23:17:46.677+0000] {processor.py:183} INFO - Processing /home/airflow/.local/lib/python3.8/site-packages/airflow/example_dags/tutorial_taskflow_api_virtualenv.py took 0.319 seconds
[2024-04-04T23:18:17.178+0000] {processor.py:161} INFO - Started process (PID=48032) to work on /home/airflow/.local/lib/python3.8/site-packages/airflow/example_dags/tutorial_taskflow_api_virtualenv.py
[2024-04-04T23:18:17.184+0000] {processor.py:830} INFO - Processing file /home/airflow/.local/lib/python3.8/site-packages/airflow/example_dags/tutorial_taskflow_api_virtualenv.py for tasks to queue
[2024-04-04T23:18:17.192+0000] {logging_mixin.py:188} INFO - [2024-04-04T23:18:17.189+0000] {dagbag.py:538} INFO - Filling up the DagBag from /home/airflow/.local/lib/python3.8/site-packages/airflow/example_dags/tutorial_taskflow_api_virtualenv.py
[2024-04-04T23:18:17.258+0000] {processor.py:840} INFO - DAG(s) 'tutorial_taskflow_api_virtualenv' retrieved from /home/airflow/.local/lib/python3.8/site-packages/airflow/example_dags/tutorial_taskflow_api_virtualenv.py
[2024-04-04T23:18:17.364+0000] {logging_mixin.py:188} INFO - [2024-04-04T23:18:17.363+0000] {dag.py:3036} INFO - Sync 1 DAGs
[2024-04-04T23:18:17.434+0000] {logging_mixin.py:188} INFO - [2024-04-04T23:18:17.433+0000] {dag.py:3823} INFO - Setting next_dagrun for tutorial_taskflow_api_virtualenv to None, run_after=None
[2024-04-04T23:18:17.547+0000] {processor.py:183} INFO - Processing /home/airflow/.local/lib/python3.8/site-packages/airflow/example_dags/tutorial_taskflow_api_virtualenv.py took 0.392 seconds
[2024-04-04T23:18:47.841+0000] {processor.py:161} INFO - Started process (PID=48093) to work on /home/airflow/.local/lib/python3.8/site-packages/airflow/example_dags/tutorial_taskflow_api_virtualenv.py
[2024-04-04T23:18:47.843+0000] {processor.py:830} INFO - Processing file /home/airflow/.local/lib/python3.8/site-packages/airflow/example_dags/tutorial_taskflow_api_virtualenv.py for tasks to queue
[2024-04-04T23:18:47.846+0000] {logging_mixin.py:188} INFO - [2024-04-04T23:18:47.845+0000] {dagbag.py:538} INFO - Filling up the DagBag from /home/airflow/.local/lib/python3.8/site-packages/airflow/example_dags/tutorial_taskflow_api_virtualenv.py
[2024-04-04T23:18:47.873+0000] {processor.py:840} INFO - DAG(s) 'tutorial_taskflow_api_virtualenv' retrieved from /home/airflow/.local/lib/python3.8/site-packages/airflow/example_dags/tutorial_taskflow_api_virtualenv.py
[2024-04-04T23:18:47.923+0000] {logging_mixin.py:188} INFO - [2024-04-04T23:18:47.922+0000] {dag.py:3036} INFO - Sync 1 DAGs
[2024-04-04T23:18:47.962+0000] {logging_mixin.py:188} INFO - [2024-04-04T23:18:47.962+0000] {dag.py:3823} INFO - Setting next_dagrun for tutorial_taskflow_api_virtualenv to None, run_after=None
[2024-04-04T23:18:48.010+0000] {processor.py:183} INFO - Processing /home/airflow/.local/lib/python3.8/site-packages/airflow/example_dags/tutorial_taskflow_api_virtualenv.py took 0.179 seconds
[2024-04-04T23:19:18.259+0000] {processor.py:161} INFO - Started process (PID=48153) to work on /home/airflow/.local/lib/python3.8/site-packages/airflow/example_dags/tutorial_taskflow_api_virtualenv.py
[2024-04-04T23:19:18.262+0000] {processor.py:830} INFO - Processing file /home/airflow/.local/lib/python3.8/site-packages/airflow/example_dags/tutorial_taskflow_api_virtualenv.py for tasks to queue
[2024-04-04T23:19:18.264+0000] {logging_mixin.py:188} INFO - [2024-04-04T23:19:18.264+0000] {dagbag.py:538} INFO - Filling up the DagBag from /home/airflow/.local/lib/python3.8/site-packages/airflow/example_dags/tutorial_taskflow_api_virtualenv.py
[2024-04-04T23:19:18.315+0000] {processor.py:840} INFO - DAG(s) 'tutorial_taskflow_api_virtualenv' retrieved from /home/airflow/.local/lib/python3.8/site-packages/airflow/example_dags/tutorial_taskflow_api_virtualenv.py
[2024-04-04T23:19:18.398+0000] {logging_mixin.py:188} INFO - [2024-04-04T23:19:18.397+0000] {dag.py:3036} INFO - Sync 1 DAGs
[2024-04-04T23:19:18.434+0000] {logging_mixin.py:188} INFO - [2024-04-04T23:19:18.433+0000] {dag.py:3823} INFO - Setting next_dagrun for tutorial_taskflow_api_virtualenv to None, run_after=None
[2024-04-04T23:19:18.476+0000] {processor.py:183} INFO - Processing /home/airflow/.local/lib/python3.8/site-packages/airflow/example_dags/tutorial_taskflow_api_virtualenv.py took 0.227 seconds
[2024-04-04T23:19:49.286+0000] {processor.py:161} INFO - Started process (PID=48213) to work on /home/airflow/.local/lib/python3.8/site-packages/airflow/example_dags/tutorial_taskflow_api_virtualenv.py
[2024-04-04T23:19:49.292+0000] {processor.py:830} INFO - Processing file /home/airflow/.local/lib/python3.8/site-packages/airflow/example_dags/tutorial_taskflow_api_virtualenv.py for tasks to queue
[2024-04-04T23:19:49.297+0000] {logging_mixin.py:188} INFO - [2024-04-04T23:19:49.296+0000] {dagbag.py:538} INFO - Filling up the DagBag from /home/airflow/.local/lib/python3.8/site-packages/airflow/example_dags/tutorial_taskflow_api_virtualenv.py
[2024-04-04T23:19:49.356+0000] {processor.py:840} INFO - DAG(s) 'tutorial_taskflow_api_virtualenv' retrieved from /home/airflow/.local/lib/python3.8/site-packages/airflow/example_dags/tutorial_taskflow_api_virtualenv.py
[2024-04-04T23:19:49.454+0000] {logging_mixin.py:188} INFO - [2024-04-04T23:19:49.452+0000] {dag.py:3036} INFO - Sync 1 DAGs
[2024-04-04T23:19:49.531+0000] {logging_mixin.py:188} INFO - [2024-04-04T23:19:49.530+0000] {dag.py:3823} INFO - Setting next_dagrun for tutorial_taskflow_api_virtualenv to None, run_after=None
[2024-04-04T23:19:49.628+0000] {processor.py:183} INFO - Processing /home/airflow/.local/lib/python3.8/site-packages/airflow/example_dags/tutorial_taskflow_api_virtualenv.py took 0.359 seconds
[2024-04-04T23:20:20.684+0000] {processor.py:161} INFO - Started process (PID=48273) to work on /home/airflow/.local/lib/python3.8/site-packages/airflow/example_dags/tutorial_taskflow_api_virtualenv.py
[2024-04-04T23:20:20.690+0000] {processor.py:830} INFO - Processing file /home/airflow/.local/lib/python3.8/site-packages/airflow/example_dags/tutorial_taskflow_api_virtualenv.py for tasks to queue
[2024-04-04T23:20:20.697+0000] {logging_mixin.py:188} INFO - [2024-04-04T23:20:20.695+0000] {dagbag.py:538} INFO - Filling up the DagBag from /home/airflow/.local/lib/python3.8/site-packages/airflow/example_dags/tutorial_taskflow_api_virtualenv.py
[2024-04-04T23:20:20.768+0000] {processor.py:840} INFO - DAG(s) 'tutorial_taskflow_api_virtualenv' retrieved from /home/airflow/.local/lib/python3.8/site-packages/airflow/example_dags/tutorial_taskflow_api_virtualenv.py
[2024-04-04T23:20:20.900+0000] {logging_mixin.py:188} INFO - [2024-04-04T23:20:20.899+0000] {dag.py:3036} INFO - Sync 1 DAGs
[2024-04-04T23:20:21.007+0000] {logging_mixin.py:188} INFO - [2024-04-04T23:20:21.005+0000] {dag.py:3823} INFO - Setting next_dagrun for tutorial_taskflow_api_virtualenv to None, run_after=None
[2024-04-04T23:20:21.178+0000] {processor.py:183} INFO - Processing /home/airflow/.local/lib/python3.8/site-packages/airflow/example_dags/tutorial_taskflow_api_virtualenv.py took 0.517 seconds
[2024-04-04T23:20:51.696+0000] {processor.py:161} INFO - Started process (PID=48333) to work on /home/airflow/.local/lib/python3.8/site-packages/airflow/example_dags/tutorial_taskflow_api_virtualenv.py
[2024-04-04T23:20:51.699+0000] {processor.py:830} INFO - Processing file /home/airflow/.local/lib/python3.8/site-packages/airflow/example_dags/tutorial_taskflow_api_virtualenv.py for tasks to queue
[2024-04-04T23:20:51.703+0000] {logging_mixin.py:188} INFO - [2024-04-04T23:20:51.702+0000] {dagbag.py:538} INFO - Filling up the DagBag from /home/airflow/.local/lib/python3.8/site-packages/airflow/example_dags/tutorial_taskflow_api_virtualenv.py
[2024-04-04T23:20:51.737+0000] {processor.py:840} INFO - DAG(s) 'tutorial_taskflow_api_virtualenv' retrieved from /home/airflow/.local/lib/python3.8/site-packages/airflow/example_dags/tutorial_taskflow_api_virtualenv.py
[2024-04-04T23:20:51.800+0000] {logging_mixin.py:188} INFO - [2024-04-04T23:20:51.799+0000] {dag.py:3036} INFO - Sync 1 DAGs
[2024-04-04T23:20:51.840+0000] {logging_mixin.py:188} INFO - [2024-04-04T23:20:51.839+0000] {dag.py:3823} INFO - Setting next_dagrun for tutorial_taskflow_api_virtualenv to None, run_after=None
[2024-04-04T23:20:51.895+0000] {processor.py:183} INFO - Processing /home/airflow/.local/lib/python3.8/site-packages/airflow/example_dags/tutorial_taskflow_api_virtualenv.py took 0.211 seconds
[2024-04-04T23:21:22.101+0000] {processor.py:161} INFO - Started process (PID=48393) to work on /home/airflow/.local/lib/python3.8/site-packages/airflow/example_dags/tutorial_taskflow_api_virtualenv.py
[2024-04-04T23:21:22.104+0000] {processor.py:830} INFO - Processing file /home/airflow/.local/lib/python3.8/site-packages/airflow/example_dags/tutorial_taskflow_api_virtualenv.py for tasks to queue
[2024-04-04T23:21:22.108+0000] {logging_mixin.py:188} INFO - [2024-04-04T23:21:22.107+0000] {dagbag.py:538} INFO - Filling up the DagBag from /home/airflow/.local/lib/python3.8/site-packages/airflow/example_dags/tutorial_taskflow_api_virtualenv.py
[2024-04-04T23:21:22.139+0000] {processor.py:840} INFO - DAG(s) 'tutorial_taskflow_api_virtualenv' retrieved from /home/airflow/.local/lib/python3.8/site-packages/airflow/example_dags/tutorial_taskflow_api_virtualenv.py
[2024-04-04T23:21:22.199+0000] {logging_mixin.py:188} INFO - [2024-04-04T23:21:22.198+0000] {dag.py:3036} INFO - Sync 1 DAGs
[2024-04-04T23:21:22.235+0000] {logging_mixin.py:188} INFO - [2024-04-04T23:21:22.234+0000] {dag.py:3823} INFO - Setting next_dagrun for tutorial_taskflow_api_virtualenv to None, run_after=None
[2024-04-04T23:21:22.284+0000] {processor.py:183} INFO - Processing /home/airflow/.local/lib/python3.8/site-packages/airflow/example_dags/tutorial_taskflow_api_virtualenv.py took 0.193 seconds
[2024-04-04T23:21:52.622+0000] {processor.py:161} INFO - Started process (PID=48453) to work on /home/airflow/.local/lib/python3.8/site-packages/airflow/example_dags/tutorial_taskflow_api_virtualenv.py
[2024-04-04T23:21:52.626+0000] {processor.py:830} INFO - Processing file /home/airflow/.local/lib/python3.8/site-packages/airflow/example_dags/tutorial_taskflow_api_virtualenv.py for tasks to queue
[2024-04-04T23:21:52.630+0000] {logging_mixin.py:188} INFO - [2024-04-04T23:21:52.629+0000] {dagbag.py:538} INFO - Filling up the DagBag from /home/airflow/.local/lib/python3.8/site-packages/airflow/example_dags/tutorial_taskflow_api_virtualenv.py
[2024-04-04T23:21:52.668+0000] {processor.py:840} INFO - DAG(s) 'tutorial_taskflow_api_virtualenv' retrieved from /home/airflow/.local/lib/python3.8/site-packages/airflow/example_dags/tutorial_taskflow_api_virtualenv.py
[2024-04-04T23:21:52.749+0000] {logging_mixin.py:188} INFO - [2024-04-04T23:21:52.748+0000] {dag.py:3036} INFO - Sync 1 DAGs
[2024-04-04T23:21:52.793+0000] {logging_mixin.py:188} INFO - [2024-04-04T23:21:52.792+0000] {dag.py:3823} INFO - Setting next_dagrun for tutorial_taskflow_api_virtualenv to None, run_after=None
[2024-04-04T23:21:52.856+0000] {processor.py:183} INFO - Processing /home/airflow/.local/lib/python3.8/site-packages/airflow/example_dags/tutorial_taskflow_api_virtualenv.py took 0.246 seconds
[2024-04-04T23:22:25.424+0000] {processor.py:161} INFO - Started process (PID=48513) to work on /home/airflow/.local/lib/python3.8/site-packages/airflow/example_dags/tutorial_taskflow_api_virtualenv.py
[2024-04-04T23:22:25.430+0000] {processor.py:830} INFO - Processing file /home/airflow/.local/lib/python3.8/site-packages/airflow/example_dags/tutorial_taskflow_api_virtualenv.py for tasks to queue
[2024-04-04T23:22:25.438+0000] {logging_mixin.py:188} INFO - [2024-04-04T23:22:25.435+0000] {dagbag.py:538} INFO - Filling up the DagBag from /home/airflow/.local/lib/python3.8/site-packages/airflow/example_dags/tutorial_taskflow_api_virtualenv.py
[2024-04-04T23:22:25.517+0000] {processor.py:840} INFO - DAG(s) 'tutorial_taskflow_api_virtualenv' retrieved from /home/airflow/.local/lib/python3.8/site-packages/airflow/example_dags/tutorial_taskflow_api_virtualenv.py
[2024-04-04T23:22:25.625+0000] {logging_mixin.py:188} INFO - [2024-04-04T23:22:25.624+0000] {dag.py:3036} INFO - Sync 1 DAGs
[2024-04-04T23:22:25.706+0000] {logging_mixin.py:188} INFO - [2024-04-04T23:22:25.704+0000] {dag.py:3823} INFO - Setting next_dagrun for tutorial_taskflow_api_virtualenv to None, run_after=None
[2024-04-04T23:22:25.817+0000] {processor.py:183} INFO - Processing /home/airflow/.local/lib/python3.8/site-packages/airflow/example_dags/tutorial_taskflow_api_virtualenv.py took 0.419 seconds
[2024-04-04T23:22:57.274+0000] {processor.py:161} INFO - Started process (PID=48573) to work on /home/airflow/.local/lib/python3.8/site-packages/airflow/example_dags/tutorial_taskflow_api_virtualenv.py
[2024-04-04T23:22:57.279+0000] {processor.py:830} INFO - Processing file /home/airflow/.local/lib/python3.8/site-packages/airflow/example_dags/tutorial_taskflow_api_virtualenv.py for tasks to queue
[2024-04-04T23:22:57.285+0000] {logging_mixin.py:188} INFO - [2024-04-04T23:22:57.283+0000] {dagbag.py:538} INFO - Filling up the DagBag from /home/airflow/.local/lib/python3.8/site-packages/airflow/example_dags/tutorial_taskflow_api_virtualenv.py
[2024-04-04T23:22:57.338+0000] {processor.py:840} INFO - DAG(s) 'tutorial_taskflow_api_virtualenv' retrieved from /home/airflow/.local/lib/python3.8/site-packages/airflow/example_dags/tutorial_taskflow_api_virtualenv.py
[2024-04-04T23:22:57.427+0000] {logging_mixin.py:188} INFO - [2024-04-04T23:22:57.426+0000] {dag.py:3036} INFO - Sync 1 DAGs
[2024-04-04T23:22:57.508+0000] {logging_mixin.py:188} INFO - [2024-04-04T23:22:57.506+0000] {dag.py:3823} INFO - Setting next_dagrun for tutorial_taskflow_api_virtualenv to None, run_after=None
[2024-04-04T23:22:57.616+0000] {processor.py:183} INFO - Processing /home/airflow/.local/lib/python3.8/site-packages/airflow/example_dags/tutorial_taskflow_api_virtualenv.py took 0.362 seconds
[2024-04-04T23:23:27.762+0000] {processor.py:161} INFO - Started process (PID=48633) to work on /home/airflow/.local/lib/python3.8/site-packages/airflow/example_dags/tutorial_taskflow_api_virtualenv.py
[2024-04-04T23:23:27.764+0000] {processor.py:830} INFO - Processing file /home/airflow/.local/lib/python3.8/site-packages/airflow/example_dags/tutorial_taskflow_api_virtualenv.py for tasks to queue
[2024-04-04T23:23:27.766+0000] {logging_mixin.py:188} INFO - [2024-04-04T23:23:27.766+0000] {dagbag.py:538} INFO - Filling up the DagBag from /home/airflow/.local/lib/python3.8/site-packages/airflow/example_dags/tutorial_taskflow_api_virtualenv.py
[2024-04-04T23:23:27.788+0000] {processor.py:840} INFO - DAG(s) 'tutorial_taskflow_api_virtualenv' retrieved from /home/airflow/.local/lib/python3.8/site-packages/airflow/example_dags/tutorial_taskflow_api_virtualenv.py
[2024-04-04T23:23:27.829+0000] {logging_mixin.py:188} INFO - [2024-04-04T23:23:27.828+0000] {dag.py:3036} INFO - Sync 1 DAGs
[2024-04-04T23:23:27.855+0000] {logging_mixin.py:188} INFO - [2024-04-04T23:23:27.855+0000] {dag.py:3823} INFO - Setting next_dagrun for tutorial_taskflow_api_virtualenv to None, run_after=None
[2024-04-04T23:23:27.904+0000] {processor.py:183} INFO - Processing /home/airflow/.local/lib/python3.8/site-packages/airflow/example_dags/tutorial_taskflow_api_virtualenv.py took 0.149 seconds
[2024-04-04T23:23:58.520+0000] {processor.py:161} INFO - Started process (PID=48693) to work on /home/airflow/.local/lib/python3.8/site-packages/airflow/example_dags/tutorial_taskflow_api_virtualenv.py
[2024-04-04T23:23:58.529+0000] {processor.py:830} INFO - Processing file /home/airflow/.local/lib/python3.8/site-packages/airflow/example_dags/tutorial_taskflow_api_virtualenv.py for tasks to queue
[2024-04-04T23:23:58.537+0000] {logging_mixin.py:188} INFO - [2024-04-04T23:23:58.535+0000] {dagbag.py:538} INFO - Filling up the DagBag from /home/airflow/.local/lib/python3.8/site-packages/airflow/example_dags/tutorial_taskflow_api_virtualenv.py
[2024-04-04T23:23:58.575+0000] {processor.py:840} INFO - DAG(s) 'tutorial_taskflow_api_virtualenv' retrieved from /home/airflow/.local/lib/python3.8/site-packages/airflow/example_dags/tutorial_taskflow_api_virtualenv.py
[2024-04-04T23:23:58.621+0000] {logging_mixin.py:188} INFO - [2024-04-04T23:23:58.621+0000] {dag.py:3036} INFO - Sync 1 DAGs
[2024-04-04T23:23:58.650+0000] {logging_mixin.py:188} INFO - [2024-04-04T23:23:58.649+0000] {dag.py:3823} INFO - Setting next_dagrun for tutorial_taskflow_api_virtualenv to None, run_after=None
[2024-04-04T23:23:58.705+0000] {processor.py:183} INFO - Processing /home/airflow/.local/lib/python3.8/site-packages/airflow/example_dags/tutorial_taskflow_api_virtualenv.py took 0.206 seconds
[2024-04-04T23:24:29.255+0000] {processor.py:161} INFO - Started process (PID=48753) to work on /home/airflow/.local/lib/python3.8/site-packages/airflow/example_dags/tutorial_taskflow_api_virtualenv.py
[2024-04-04T23:24:29.260+0000] {processor.py:830} INFO - Processing file /home/airflow/.local/lib/python3.8/site-packages/airflow/example_dags/tutorial_taskflow_api_virtualenv.py for tasks to queue
[2024-04-04T23:24:29.265+0000] {logging_mixin.py:188} INFO - [2024-04-04T23:24:29.263+0000] {dagbag.py:538} INFO - Filling up the DagBag from /home/airflow/.local/lib/python3.8/site-packages/airflow/example_dags/tutorial_taskflow_api_virtualenv.py
[2024-04-04T23:24:29.320+0000] {processor.py:840} INFO - DAG(s) 'tutorial_taskflow_api_virtualenv' retrieved from /home/airflow/.local/lib/python3.8/site-packages/airflow/example_dags/tutorial_taskflow_api_virtualenv.py
[2024-04-04T23:24:29.412+0000] {logging_mixin.py:188} INFO - [2024-04-04T23:24:29.411+0000] {dag.py:3036} INFO - Sync 1 DAGs
[2024-04-04T23:24:29.472+0000] {logging_mixin.py:188} INFO - [2024-04-04T23:24:29.471+0000] {dag.py:3823} INFO - Setting next_dagrun for tutorial_taskflow_api_virtualenv to None, run_after=None
[2024-04-04T23:24:29.574+0000] {processor.py:183} INFO - Processing /home/airflow/.local/lib/python3.8/site-packages/airflow/example_dags/tutorial_taskflow_api_virtualenv.py took 0.335 seconds
[2024-04-04T23:25:01.176+0000] {processor.py:161} INFO - Started process (PID=48813) to work on /home/airflow/.local/lib/python3.8/site-packages/airflow/example_dags/tutorial_taskflow_api_virtualenv.py
[2024-04-04T23:25:01.185+0000] {processor.py:830} INFO - Processing file /home/airflow/.local/lib/python3.8/site-packages/airflow/example_dags/tutorial_taskflow_api_virtualenv.py for tasks to queue
[2024-04-04T23:25:01.194+0000] {logging_mixin.py:188} INFO - [2024-04-04T23:25:01.192+0000] {dagbag.py:538} INFO - Filling up the DagBag from /home/airflow/.local/lib/python3.8/site-packages/airflow/example_dags/tutorial_taskflow_api_virtualenv.py
[2024-04-04T23:25:01.327+0000] {processor.py:840} INFO - DAG(s) 'tutorial_taskflow_api_virtualenv' retrieved from /home/airflow/.local/lib/python3.8/site-packages/airflow/example_dags/tutorial_taskflow_api_virtualenv.py
[2024-04-04T23:25:01.458+0000] {logging_mixin.py:188} INFO - [2024-04-04T23:25:01.455+0000] {dag.py:3036} INFO - Sync 1 DAGs
[2024-04-04T23:25:01.547+0000] {logging_mixin.py:188} INFO - [2024-04-04T23:25:01.545+0000] {dag.py:3823} INFO - Setting next_dagrun for tutorial_taskflow_api_virtualenv to None, run_after=None
[2024-04-04T23:25:01.688+0000] {processor.py:183} INFO - Processing /home/airflow/.local/lib/python3.8/site-packages/airflow/example_dags/tutorial_taskflow_api_virtualenv.py took 0.561 seconds
[2024-04-04T23:25:32.277+0000] {processor.py:161} INFO - Started process (PID=48873) to work on /home/airflow/.local/lib/python3.8/site-packages/airflow/example_dags/tutorial_taskflow_api_virtualenv.py
[2024-04-04T23:25:32.280+0000] {processor.py:830} INFO - Processing file /home/airflow/.local/lib/python3.8/site-packages/airflow/example_dags/tutorial_taskflow_api_virtualenv.py for tasks to queue
[2024-04-04T23:25:32.284+0000] {logging_mixin.py:188} INFO - [2024-04-04T23:25:32.283+0000] {dagbag.py:538} INFO - Filling up the DagBag from /home/airflow/.local/lib/python3.8/site-packages/airflow/example_dags/tutorial_taskflow_api_virtualenv.py
[2024-04-04T23:25:32.314+0000] {processor.py:840} INFO - DAG(s) 'tutorial_taskflow_api_virtualenv' retrieved from /home/airflow/.local/lib/python3.8/site-packages/airflow/example_dags/tutorial_taskflow_api_virtualenv.py
[2024-04-04T23:25:32.374+0000] {logging_mixin.py:188} INFO - [2024-04-04T23:25:32.373+0000] {dag.py:3036} INFO - Sync 1 DAGs
[2024-04-04T23:25:32.410+0000] {logging_mixin.py:188} INFO - [2024-04-04T23:25:32.409+0000] {dag.py:3823} INFO - Setting next_dagrun for tutorial_taskflow_api_virtualenv to None, run_after=None
[2024-04-04T23:25:32.461+0000] {processor.py:183} INFO - Processing /home/airflow/.local/lib/python3.8/site-packages/airflow/example_dags/tutorial_taskflow_api_virtualenv.py took 0.194 seconds
[2024-04-04T23:26:03.080+0000] {processor.py:161} INFO - Started process (PID=48933) to work on /home/airflow/.local/lib/python3.8/site-packages/airflow/example_dags/tutorial_taskflow_api_virtualenv.py
[2024-04-04T23:26:03.082+0000] {processor.py:830} INFO - Processing file /home/airflow/.local/lib/python3.8/site-packages/airflow/example_dags/tutorial_taskflow_api_virtualenv.py for tasks to queue
[2024-04-04T23:26:03.085+0000] {logging_mixin.py:188} INFO - [2024-04-04T23:26:03.084+0000] {dagbag.py:538} INFO - Filling up the DagBag from /home/airflow/.local/lib/python3.8/site-packages/airflow/example_dags/tutorial_taskflow_api_virtualenv.py
[2024-04-04T23:26:03.109+0000] {processor.py:840} INFO - DAG(s) 'tutorial_taskflow_api_virtualenv' retrieved from /home/airflow/.local/lib/python3.8/site-packages/airflow/example_dags/tutorial_taskflow_api_virtualenv.py
[2024-04-04T23:26:03.157+0000] {logging_mixin.py:188} INFO - [2024-04-04T23:26:03.157+0000] {dag.py:3036} INFO - Sync 1 DAGs
[2024-04-04T23:26:03.187+0000] {logging_mixin.py:188} INFO - [2024-04-04T23:26:03.187+0000] {dag.py:3823} INFO - Setting next_dagrun for tutorial_taskflow_api_virtualenv to None, run_after=None
[2024-04-04T23:26:03.233+0000] {processor.py:183} INFO - Processing /home/airflow/.local/lib/python3.8/site-packages/airflow/example_dags/tutorial_taskflow_api_virtualenv.py took 0.162 seconds
[2024-04-04T23:26:34.042+0000] {processor.py:161} INFO - Started process (PID=48993) to work on /home/airflow/.local/lib/python3.8/site-packages/airflow/example_dags/tutorial_taskflow_api_virtualenv.py
[2024-04-04T23:26:34.046+0000] {processor.py:830} INFO - Processing file /home/airflow/.local/lib/python3.8/site-packages/airflow/example_dags/tutorial_taskflow_api_virtualenv.py for tasks to queue
[2024-04-04T23:26:34.051+0000] {logging_mixin.py:188} INFO - [2024-04-04T23:26:34.049+0000] {dagbag.py:538} INFO - Filling up the DagBag from /home/airflow/.local/lib/python3.8/site-packages/airflow/example_dags/tutorial_taskflow_api_virtualenv.py
[2024-04-04T23:26:34.101+0000] {processor.py:840} INFO - DAG(s) 'tutorial_taskflow_api_virtualenv' retrieved from /home/airflow/.local/lib/python3.8/site-packages/airflow/example_dags/tutorial_taskflow_api_virtualenv.py
[2024-04-04T23:26:34.259+0000] {logging_mixin.py:188} INFO - [2024-04-04T23:26:34.258+0000] {dag.py:3036} INFO - Sync 1 DAGs
[2024-04-04T23:26:34.323+0000] {logging_mixin.py:188} INFO - [2024-04-04T23:26:34.323+0000] {dag.py:3823} INFO - Setting next_dagrun for tutorial_taskflow_api_virtualenv to None, run_after=None
[2024-04-04T23:26:34.399+0000] {processor.py:183} INFO - Processing /home/airflow/.local/lib/python3.8/site-packages/airflow/example_dags/tutorial_taskflow_api_virtualenv.py took 0.370 seconds
[2024-04-04T23:27:05.725+0000] {processor.py:161} INFO - Started process (PID=49051) to work on /home/airflow/.local/lib/python3.8/site-packages/airflow/example_dags/tutorial_taskflow_api_virtualenv.py
[2024-04-04T23:27:05.736+0000] {processor.py:830} INFO - Processing file /home/airflow/.local/lib/python3.8/site-packages/airflow/example_dags/tutorial_taskflow_api_virtualenv.py for tasks to queue
[2024-04-04T23:27:05.752+0000] {logging_mixin.py:188} INFO - [2024-04-04T23:27:05.746+0000] {dagbag.py:538} INFO - Filling up the DagBag from /home/airflow/.local/lib/python3.8/site-packages/airflow/example_dags/tutorial_taskflow_api_virtualenv.py
[2024-04-04T23:27:05.905+0000] {processor.py:840} INFO - DAG(s) 'tutorial_taskflow_api_virtualenv' retrieved from /home/airflow/.local/lib/python3.8/site-packages/airflow/example_dags/tutorial_taskflow_api_virtualenv.py
[2024-04-04T23:27:06.105+0000] {logging_mixin.py:188} INFO - [2024-04-04T23:27:06.103+0000] {dag.py:3036} INFO - Sync 1 DAGs
[2024-04-04T23:27:06.265+0000] {logging_mixin.py:188} INFO - [2024-04-04T23:27:06.263+0000] {dag.py:3823} INFO - Setting next_dagrun for tutorial_taskflow_api_virtualenv to None, run_after=None
[2024-04-04T23:27:06.484+0000] {processor.py:183} INFO - Processing /home/airflow/.local/lib/python3.8/site-packages/airflow/example_dags/tutorial_taskflow_api_virtualenv.py took 0.798 seconds
[2024-04-04T23:27:37.073+0000] {processor.py:161} INFO - Started process (PID=49112) to work on /home/airflow/.local/lib/python3.8/site-packages/airflow/example_dags/tutorial_taskflow_api_virtualenv.py
[2024-04-04T23:27:37.077+0000] {processor.py:830} INFO - Processing file /home/airflow/.local/lib/python3.8/site-packages/airflow/example_dags/tutorial_taskflow_api_virtualenv.py for tasks to queue
[2024-04-04T23:27:37.081+0000] {logging_mixin.py:188} INFO - [2024-04-04T23:27:37.080+0000] {dagbag.py:538} INFO - Filling up the DagBag from /home/airflow/.local/lib/python3.8/site-packages/airflow/example_dags/tutorial_taskflow_api_virtualenv.py
[2024-04-04T23:27:37.116+0000] {processor.py:840} INFO - DAG(s) 'tutorial_taskflow_api_virtualenv' retrieved from /home/airflow/.local/lib/python3.8/site-packages/airflow/example_dags/tutorial_taskflow_api_virtualenv.py
[2024-04-04T23:27:37.182+0000] {logging_mixin.py:188} INFO - [2024-04-04T23:27:37.181+0000] {dag.py:3036} INFO - Sync 1 DAGs
[2024-04-04T23:27:37.224+0000] {logging_mixin.py:188} INFO - [2024-04-04T23:27:37.224+0000] {dag.py:3823} INFO - Setting next_dagrun for tutorial_taskflow_api_virtualenv to None, run_after=None
[2024-04-04T23:27:37.310+0000] {processor.py:183} INFO - Processing /home/airflow/.local/lib/python3.8/site-packages/airflow/example_dags/tutorial_taskflow_api_virtualenv.py took 0.253 seconds
[2024-04-04T23:28:07.682+0000] {processor.py:161} INFO - Started process (PID=49172) to work on /home/airflow/.local/lib/python3.8/site-packages/airflow/example_dags/tutorial_taskflow_api_virtualenv.py
[2024-04-04T23:28:07.684+0000] {processor.py:830} INFO - Processing file /home/airflow/.local/lib/python3.8/site-packages/airflow/example_dags/tutorial_taskflow_api_virtualenv.py for tasks to queue
[2024-04-04T23:28:07.687+0000] {logging_mixin.py:188} INFO - [2024-04-04T23:28:07.687+0000] {dagbag.py:538} INFO - Filling up the DagBag from /home/airflow/.local/lib/python3.8/site-packages/airflow/example_dags/tutorial_taskflow_api_virtualenv.py
[2024-04-04T23:28:07.716+0000] {processor.py:840} INFO - DAG(s) 'tutorial_taskflow_api_virtualenv' retrieved from /home/airflow/.local/lib/python3.8/site-packages/airflow/example_dags/tutorial_taskflow_api_virtualenv.py
[2024-04-04T23:28:07.768+0000] {logging_mixin.py:188} INFO - [2024-04-04T23:28:07.767+0000] {dag.py:3036} INFO - Sync 1 DAGs
[2024-04-04T23:28:07.800+0000] {logging_mixin.py:188} INFO - [2024-04-04T23:28:07.800+0000] {dag.py:3823} INFO - Setting next_dagrun for tutorial_taskflow_api_virtualenv to None, run_after=None
[2024-04-04T23:28:07.845+0000] {processor.py:183} INFO - Processing /home/airflow/.local/lib/python3.8/site-packages/airflow/example_dags/tutorial_taskflow_api_virtualenv.py took 0.172 seconds
[2024-04-04T23:28:38.211+0000] {processor.py:161} INFO - Started process (PID=49232) to work on /home/airflow/.local/lib/python3.8/site-packages/airflow/example_dags/tutorial_taskflow_api_virtualenv.py
[2024-04-04T23:28:38.214+0000] {processor.py:830} INFO - Processing file /home/airflow/.local/lib/python3.8/site-packages/airflow/example_dags/tutorial_taskflow_api_virtualenv.py for tasks to queue
[2024-04-04T23:28:38.217+0000] {logging_mixin.py:188} INFO - [2024-04-04T23:28:38.216+0000] {dagbag.py:538} INFO - Filling up the DagBag from /home/airflow/.local/lib/python3.8/site-packages/airflow/example_dags/tutorial_taskflow_api_virtualenv.py
[2024-04-04T23:28:38.245+0000] {processor.py:840} INFO - DAG(s) 'tutorial_taskflow_api_virtualenv' retrieved from /home/airflow/.local/lib/python3.8/site-packages/airflow/example_dags/tutorial_taskflow_api_virtualenv.py
[2024-04-04T23:28:38.291+0000] {logging_mixin.py:188} INFO - [2024-04-04T23:28:38.290+0000] {dag.py:3036} INFO - Sync 1 DAGs
[2024-04-04T23:28:38.318+0000] {logging_mixin.py:188} INFO - [2024-04-04T23:28:38.318+0000] {dag.py:3823} INFO - Setting next_dagrun for tutorial_taskflow_api_virtualenv to None, run_after=None
[2024-04-04T23:28:38.357+0000] {processor.py:183} INFO - Processing /home/airflow/.local/lib/python3.8/site-packages/airflow/example_dags/tutorial_taskflow_api_virtualenv.py took 0.155 seconds
[2024-04-04T23:29:10.538+0000] {processor.py:161} INFO - Started process (PID=49292) to work on /home/airflow/.local/lib/python3.8/site-packages/airflow/example_dags/tutorial_taskflow_api_virtualenv.py
[2024-04-04T23:29:10.547+0000] {processor.py:830} INFO - Processing file /home/airflow/.local/lib/python3.8/site-packages/airflow/example_dags/tutorial_taskflow_api_virtualenv.py for tasks to queue
[2024-04-04T23:29:10.557+0000] {logging_mixin.py:188} INFO - [2024-04-04T23:29:10.554+0000] {dagbag.py:538} INFO - Filling up the DagBag from /home/airflow/.local/lib/python3.8/site-packages/airflow/example_dags/tutorial_taskflow_api_virtualenv.py
[2024-04-04T23:29:10.683+0000] {processor.py:840} INFO - DAG(s) 'tutorial_taskflow_api_virtualenv' retrieved from /home/airflow/.local/lib/python3.8/site-packages/airflow/example_dags/tutorial_taskflow_api_virtualenv.py
[2024-04-04T23:29:10.822+0000] {logging_mixin.py:188} INFO - [2024-04-04T23:29:10.820+0000] {dag.py:3036} INFO - Sync 1 DAGs
[2024-04-04T23:29:10.913+0000] {logging_mixin.py:188} INFO - [2024-04-04T23:29:10.912+0000] {dag.py:3823} INFO - Setting next_dagrun for tutorial_taskflow_api_virtualenv to None, run_after=None
[2024-04-04T23:29:11.039+0000] {processor.py:183} INFO - Processing /home/airflow/.local/lib/python3.8/site-packages/airflow/example_dags/tutorial_taskflow_api_virtualenv.py took 0.531 seconds
[2024-04-04T23:29:41.261+0000] {processor.py:161} INFO - Started process (PID=49351) to work on /home/airflow/.local/lib/python3.8/site-packages/airflow/example_dags/tutorial_taskflow_api_virtualenv.py
[2024-04-04T23:29:41.266+0000] {processor.py:830} INFO - Processing file /home/airflow/.local/lib/python3.8/site-packages/airflow/example_dags/tutorial_taskflow_api_virtualenv.py for tasks to queue
[2024-04-04T23:29:41.273+0000] {logging_mixin.py:188} INFO - [2024-04-04T23:29:41.271+0000] {dagbag.py:538} INFO - Filling up the DagBag from /home/airflow/.local/lib/python3.8/site-packages/airflow/example_dags/tutorial_taskflow_api_virtualenv.py
[2024-04-04T23:29:41.347+0000] {processor.py:840} INFO - DAG(s) 'tutorial_taskflow_api_virtualenv' retrieved from /home/airflow/.local/lib/python3.8/site-packages/airflow/example_dags/tutorial_taskflow_api_virtualenv.py
[2024-04-04T23:29:41.464+0000] {logging_mixin.py:188} INFO - [2024-04-04T23:29:41.463+0000] {dag.py:3036} INFO - Sync 1 DAGs
[2024-04-04T23:29:41.571+0000] {logging_mixin.py:188} INFO - [2024-04-04T23:29:41.569+0000] {dag.py:3823} INFO - Setting next_dagrun for tutorial_taskflow_api_virtualenv to None, run_after=None
[2024-04-04T23:29:41.763+0000] {processor.py:183} INFO - Processing /home/airflow/.local/lib/python3.8/site-packages/airflow/example_dags/tutorial_taskflow_api_virtualenv.py took 0.525 seconds
[2024-04-04T23:30:11.994+0000] {processor.py:161} INFO - Started process (PID=49411) to work on /home/airflow/.local/lib/python3.8/site-packages/airflow/example_dags/tutorial_taskflow_api_virtualenv.py
[2024-04-04T23:30:11.996+0000] {processor.py:830} INFO - Processing file /home/airflow/.local/lib/python3.8/site-packages/airflow/example_dags/tutorial_taskflow_api_virtualenv.py for tasks to queue
[2024-04-04T23:30:11.999+0000] {logging_mixin.py:188} INFO - [2024-04-04T23:30:11.998+0000] {dagbag.py:538} INFO - Filling up the DagBag from /home/airflow/.local/lib/python3.8/site-packages/airflow/example_dags/tutorial_taskflow_api_virtualenv.py
[2024-04-04T23:30:12.023+0000] {processor.py:840} INFO - DAG(s) 'tutorial_taskflow_api_virtualenv' retrieved from /home/airflow/.local/lib/python3.8/site-packages/airflow/example_dags/tutorial_taskflow_api_virtualenv.py
[2024-04-04T23:30:12.077+0000] {logging_mixin.py:188} INFO - [2024-04-04T23:30:12.076+0000] {dag.py:3036} INFO - Sync 1 DAGs
[2024-04-04T23:30:12.116+0000] {logging_mixin.py:188} INFO - [2024-04-04T23:30:12.115+0000] {dag.py:3823} INFO - Setting next_dagrun for tutorial_taskflow_api_virtualenv to None, run_after=None
[2024-04-04T23:30:12.162+0000] {processor.py:183} INFO - Processing /home/airflow/.local/lib/python3.8/site-packages/airflow/example_dags/tutorial_taskflow_api_virtualenv.py took 0.176 seconds
[2024-04-04T23:30:44.438+0000] {processor.py:161} INFO - Started process (PID=49478) to work on /home/airflow/.local/lib/python3.8/site-packages/airflow/example_dags/tutorial_taskflow_api_virtualenv.py
[2024-04-04T23:30:44.442+0000] {processor.py:830} INFO - Processing file /home/airflow/.local/lib/python3.8/site-packages/airflow/example_dags/tutorial_taskflow_api_virtualenv.py for tasks to queue
[2024-04-04T23:30:44.447+0000] {logging_mixin.py:188} INFO - [2024-04-04T23:30:44.446+0000] {dagbag.py:538} INFO - Filling up the DagBag from /home/airflow/.local/lib/python3.8/site-packages/airflow/example_dags/tutorial_taskflow_api_virtualenv.py
[2024-04-04T23:30:44.514+0000] {processor.py:840} INFO - DAG(s) 'tutorial_taskflow_api_virtualenv' retrieved from /home/airflow/.local/lib/python3.8/site-packages/airflow/example_dags/tutorial_taskflow_api_virtualenv.py
[2024-04-04T23:30:44.622+0000] {logging_mixin.py:188} INFO - [2024-04-04T23:30:44.621+0000] {dag.py:3036} INFO - Sync 1 DAGs
[2024-04-04T23:30:44.680+0000] {logging_mixin.py:188} INFO - [2024-04-04T23:30:44.679+0000] {dag.py:3823} INFO - Setting next_dagrun for tutorial_taskflow_api_virtualenv to None, run_after=None
[2024-04-04T23:30:44.761+0000] {processor.py:183} INFO - Processing /home/airflow/.local/lib/python3.8/site-packages/airflow/example_dags/tutorial_taskflow_api_virtualenv.py took 0.340 seconds
[2024-04-04T23:31:16.190+0000] {processor.py:161} INFO - Started process (PID=49538) to work on /home/airflow/.local/lib/python3.8/site-packages/airflow/example_dags/tutorial_taskflow_api_virtualenv.py
[2024-04-04T23:31:16.195+0000] {processor.py:830} INFO - Processing file /home/airflow/.local/lib/python3.8/site-packages/airflow/example_dags/tutorial_taskflow_api_virtualenv.py for tasks to queue
[2024-04-04T23:31:16.200+0000] {logging_mixin.py:188} INFO - [2024-04-04T23:31:16.198+0000] {dagbag.py:538} INFO - Filling up the DagBag from /home/airflow/.local/lib/python3.8/site-packages/airflow/example_dags/tutorial_taskflow_api_virtualenv.py
[2024-04-04T23:31:16.258+0000] {processor.py:840} INFO - DAG(s) 'tutorial_taskflow_api_virtualenv' retrieved from /home/airflow/.local/lib/python3.8/site-packages/airflow/example_dags/tutorial_taskflow_api_virtualenv.py
[2024-04-04T23:31:16.347+0000] {logging_mixin.py:188} INFO - [2024-04-04T23:31:16.346+0000] {dag.py:3036} INFO - Sync 1 DAGs
[2024-04-04T23:31:16.406+0000] {logging_mixin.py:188} INFO - [2024-04-04T23:31:16.405+0000] {dag.py:3823} INFO - Setting next_dagrun for tutorial_taskflow_api_virtualenv to None, run_after=None
[2024-04-04T23:31:16.495+0000] {processor.py:183} INFO - Processing /home/airflow/.local/lib/python3.8/site-packages/airflow/example_dags/tutorial_taskflow_api_virtualenv.py took 0.322 seconds
