[2024-04-01T10:30:50.865+0000] {taskinstance.py:1956} INFO - Dependencies all met for dep_context=non-requeueable deps ti=<TaskInstance: dag___dbt.dbt_data_quality_checks manual__2024-04-01T10:25:58.667610+00:00 [queued]>
[2024-04-01T10:30:50.877+0000] {taskinstance.py:1956} INFO - Dependencies all met for dep_context=requeueable deps ti=<TaskInstance: dag___dbt.dbt_data_quality_checks manual__2024-04-01T10:25:58.667610+00:00 [queued]>
[2024-04-01T10:30:50.878+0000] {taskinstance.py:2170} INFO - Starting attempt 1 of 2
[2024-04-01T10:30:50.900+0000] {taskinstance.py:2191} INFO - Executing <Task(BashOperator): dbt_data_quality_checks> on 2024-04-01 10:25:58.667610+00:00
[2024-04-01T10:30:50.908+0000] {standard_task_runner.py:60} INFO - Started process 251 to run task
[2024-04-01T10:30:50.912+0000] {standard_task_runner.py:87} INFO - Running: ['***', 'tasks', 'run', 'dag___dbt', 'dbt_data_quality_checks', 'manual__2024-04-01T10:25:58.667610+00:00', '--job-id', '236', '--raw', '--subdir', 'DAGS_FOLDER/dbt_dag.py', '--cfg-path', '/tmp/tmp4ul_r0yo']
[2024-04-01T10:30:50.916+0000] {standard_task_runner.py:88} INFO - Job 236: Subtask dbt_data_quality_checks
[2024-04-01T10:30:50.983+0000] {task_command.py:423} INFO - Running <TaskInstance: dag___dbt.dbt_data_quality_checks manual__2024-04-01T10:25:58.667610+00:00 [running]> on host 62dc842f1ceb
[2024-04-01T10:30:51.098+0000] {taskinstance.py:2480} INFO - Exporting env vars: AIRFLOW_CTX_DAG_OWNER='***' AIRFLOW_CTX_DAG_ID='dag___dbt' AIRFLOW_CTX_TASK_ID='dbt_data_quality_checks' AIRFLOW_CTX_EXECUTION_DATE='2024-04-01T10:25:58.667610+00:00' AIRFLOW_CTX_TRY_NUMBER='1' AIRFLOW_CTX_DAG_RUN_ID='manual__2024-04-01T10:25:58.667610+00:00'
[2024-04-01T10:30:51.101+0000] {subprocess.py:63} INFO - Tmp dir root location: /tmp
[2024-04-01T10:30:51.102+0000] {subprocess.py:75} INFO - Running command: ['/usr/bin/bash', '-c', '/home/***/.local/bin/dbt test --profiles-dir /home/***/.dbt --project-dir /opt/***/proj']
[2024-04-01T10:30:51.118+0000] {subprocess.py:86} INFO - Output:
[2024-04-01T10:30:56.685+0000] {subprocess.py:93} INFO - [0m10:30:56  Running with dbt=1.7.10
[2024-04-01T10:30:57.315+0000] {subprocess.py:93} INFO - [0m10:30:57  Registered adapter: postgres=1.7.10
[2024-04-01T10:31:10.228+0000] {subprocess.py:93} INFO - [0m10:31:10  Found 34 models, 2 operations, 5 tests, 1 source, 0 exposures, 0 metrics, 1407 macros, 0 groups, 0 semantic models
[2024-04-01T10:31:10.236+0000] {subprocess.py:93} INFO - [0m10:31:10
[2024-04-01T10:31:10.858+0000] {subprocess.py:93} INFO - [0m10:31:10
[2024-04-01T10:31:10.859+0000] {subprocess.py:93} INFO - [0m10:31:10  Running 1 on-run-start hook
[2024-04-01T10:31:11.063+0000] {subprocess.py:93} INFO - [0m10:31:11  1 of 1 START hook: elementary.on-run-start.0 ................................... [RUN]
[2024-04-01T10:31:11.066+0000] {subprocess.py:93} INFO - [0m10:31:11  1 of 1 OK hook: elementary.on-run-start.0 ...................................... [[32mOK[0m in 0.00s]
[2024-04-01T10:31:11.068+0000] {subprocess.py:93} INFO - [0m10:31:11
[2024-04-01T10:31:11.075+0000] {subprocess.py:93} INFO - [0m10:31:11  Concurrency: 1 threads (target='dev')
[2024-04-01T10:31:11.078+0000] {subprocess.py:93} INFO - [0m10:31:11
[2024-04-01T10:31:11.098+0000] {subprocess.py:93} INFO - [0m10:31:11  1 of 5 START test elementary_freshness_anomalies_raw_orders_creation_date ...... [RUN]
[2024-04-01T10:31:12.032+0000] {subprocess.py:93} INFO - [0m10:31:12  Elementary: Started running data monitors on: POSTGRES.PUBLIC.RAW_ORDERS
[2024-04-01T10:31:12.825+0000] {subprocess.py:93} INFO - [0m10:31:12  Elementary: Finished running data monitors on: POSTGRES.PUBLIC.RAW_ORDERS
[2024-04-01T10:31:13.692+0000] {subprocess.py:93} INFO - [0m10:31:13  1 of 5 PASS elementary_freshness_anomalies_raw_orders_creation_date ............ [[32mPASS[0m in 2.59s]
[2024-04-01T10:31:13.699+0000] {subprocess.py:93} INFO - [0m10:31:13  2 of 5 START test not_null_my_second_dbt_model_id .............................. [RUN]
[2024-04-01T10:31:13.904+0000] {subprocess.py:93} INFO - [0m10:31:13  2 of 5 PASS not_null_my_second_dbt_model_id .................................... [[32mPASS[0m in 0.20s]
[2024-04-01T10:31:13.911+0000] {subprocess.py:93} INFO - [0m10:31:13  3 of 5 START test not_null_raw_orders_creation_date ............................ [RUN]
[2024-04-01T10:31:14.104+0000] {subprocess.py:93} INFO - [0m10:31:14  3 of 5 PASS not_null_raw_orders_creation_date .................................. [[32mPASS[0m in 0.19s]
[2024-04-01T10:31:14.110+0000] {subprocess.py:93} INFO - [0m10:31:14  4 of 5 START test unique_my_first_dbt_model_id ................................. [RUN]
[2024-04-01T10:31:14.311+0000] {subprocess.py:93} INFO - [0m10:31:14  4 of 5 PASS unique_my_first_dbt_model_id ....................................... [[32mPASS[0m in 0.20s]
[2024-04-01T10:31:14.318+0000] {subprocess.py:93} INFO - [0m10:31:14  5 of 5 START test unique_my_second_dbt_model_id ................................ [RUN]
[2024-04-01T10:31:14.513+0000] {subprocess.py:93} INFO - [0m10:31:14  5 of 5 PASS unique_my_second_dbt_model_id ...................................... [[32mPASS[0m in 0.19s]
[2024-04-01T10:31:14.595+0000] {subprocess.py:93} INFO - [0m10:31:14
[2024-04-01T10:31:14.597+0000] {subprocess.py:93} INFO - [0m10:31:14  Running 1 on-run-end hook
[2024-04-01T10:31:18.701+0000] {subprocess.py:93} INFO - [0m10:31:18  1 of 1 START hook: elementary.on-run-end.0 ..................................... [RUN]
[2024-04-01T10:31:18.703+0000] {subprocess.py:93} INFO - [0m10:31:18  1 of 1 OK hook: elementary.on-run-end.0 ........................................ [[32mOK[0m in 0.00s]
[2024-04-01T10:31:18.705+0000] {subprocess.py:93} INFO - [0m10:31:18
[2024-04-01T10:31:18.715+0000] {subprocess.py:93} INFO - [0m10:31:18
[2024-04-01T10:31:18.717+0000] {subprocess.py:93} INFO - [0m10:31:18  Finished running 5 tests, 2 hooks in 0 hours 0 minutes and 8.48 seconds (8.48s).
[2024-04-01T10:31:18.813+0000] {subprocess.py:93} INFO - [0m10:31:18
[2024-04-01T10:31:18.816+0000] {subprocess.py:93} INFO - [0m10:31:18  [32mCompleted successfully[0m
[2024-04-01T10:31:18.817+0000] {subprocess.py:93} INFO - [0m10:31:18
[2024-04-01T10:31:18.819+0000] {subprocess.py:93} INFO - [0m10:31:18  Done. PASS=5 WARN=0 ERROR=0 SKIP=0 TOTAL=5
[2024-04-01T10:31:19.797+0000] {subprocess.py:97} INFO - Command exited with return code 0
[2024-04-01T10:31:19.842+0000] {taskinstance.py:1138} INFO - Marking task as SUCCESS. dag_id=dag___dbt, task_id=dbt_data_quality_checks, execution_date=20240401T102558, start_date=20240401T103050, end_date=20240401T103119
[2024-04-01T10:31:19.898+0000] {local_task_job_runner.py:234} INFO - Task exited with return code 0
[2024-04-01T10:31:19.934+0000] {taskinstance.py:3280} INFO - 1 downstream tasks scheduled from follow-on schedule check
