[2024-04-08T10:31:50.119+0000] {taskinstance.py:1956} INFO - Dependencies all met for dep_context=non-requeueable deps ti=<TaskInstance: dag___fresh.dbt_data_quality_checks scheduled__2024-04-05T00:00:00+00:00 [queued]>
[2024-04-08T10:31:50.177+0000] {taskinstance.py:1956} INFO - Dependencies all met for dep_context=requeueable deps ti=<TaskInstance: dag___fresh.dbt_data_quality_checks scheduled__2024-04-05T00:00:00+00:00 [queued]>
[2024-04-08T10:31:50.182+0000] {taskinstance.py:2170} INFO - Starting attempt 1 of 2
[2024-04-08T10:31:50.348+0000] {taskinstance.py:2191} INFO - Executing <Task(CustomBashOperator): dbt_data_quality_checks> on 2024-04-05 00:00:00+00:00
[2024-04-08T10:31:50.385+0000] {standard_task_runner.py:60} INFO - Started process 106 to run task
[2024-04-08T10:31:50.417+0000] {standard_task_runner.py:87} INFO - Running: ['***', 'tasks', 'run', 'dag___fresh', 'dbt_data_quality_checks', 'scheduled__2024-04-05T00:00:00+00:00', '--job-id', '429', '--raw', '--subdir', 'DAGS_FOLDER/dbt_dag.py', '--cfg-path', '/tmp/tmph6jlc4lu']
[2024-04-08T10:31:50.435+0000] {standard_task_runner.py:88} INFO - Job 429: Subtask dbt_data_quality_checks
[2024-04-08T10:31:50.866+0000] {task_command.py:423} INFO - Running <TaskInstance: dag___fresh.dbt_data_quality_checks scheduled__2024-04-05T00:00:00+00:00 [running]> on host 62dc842f1ceb
[2024-04-08T10:31:51.705+0000] {taskinstance.py:2480} INFO - Exporting env vars: AIRFLOW_CTX_DAG_OWNER='***' AIRFLOW_CTX_DAG_ID='dag___fresh' AIRFLOW_CTX_TASK_ID='dbt_data_quality_checks' AIRFLOW_CTX_EXECUTION_DATE='2024-04-05T00:00:00+00:00' AIRFLOW_CTX_TRY_NUMBER='1' AIRFLOW_CTX_DAG_RUN_ID='scheduled__2024-04-05T00:00:00+00:00'
[2024-04-08T10:33:42.427+0000] {logging_mixin.py:188} INFO - 10:32:27  Running with dbt=1.7.10
10:32:29  Registered adapter: postgres=1.7.10
10:33:09  Found 34 models, 2 operations, 6 tests, 1 source, 0 exposures, 0 metrics, 1407 macros, 0 groups, 0 semantic models
10:33:09  
10:33:11  
10:33:11  Running 1 on-run-start hook
10:33:12  1 of 1 START hook: elementary.on-run-start.0 ................................... [RUN]
10:33:12  1 of 1 OK hook: elementary.on-run-start.0 ...................................... [OK in 0.00s]
10:33:12  
10:33:12  Concurrency: 1 threads (target='dev')
10:33:12  
10:33:12  1 of 6 START test elementary_freshness_anomalies_raw_orders_creation_date ...... [RUN]
10:33:14  Elementary: Started running data monitors on: POSTGRES.PUBLIC.RAW_ORDERS
10:33:16  Elementary: Finished running data monitors on: POSTGRES.PUBLIC.RAW_ORDERS
10:33:18  1 of 6 PASS elementary_freshness_anomalies_raw_orders_creation_date ............ [PASS in 6.46s]
10:33:18  2 of 6 START test not_null_my_first_dbt_model_id ............................... [RUN]
10:33:19  2 of 6 FAIL 1 not_null_my_first_dbt_model_id ................................... [FAIL 1 in 0.41s]
10:33:19  3 of 6 START test not_null_my_second_dbt_model_id .............................. [RUN]
10:33:19  3 of 6 PASS not_null_my_second_dbt_model_id .................................... [PASS in 0.63s]
10:33:19  4 of 6 START test not_null_raw_orders_creation_date ............................ [RUN]
10:33:20  4 of 6 PASS not_null_raw_orders_creation_date .................................. [PASS in 0.69s]
10:33:20  5 of 6 START test unique_my_first_dbt_model_id ................................. [RUN]
10:33:21  5 of 6 PASS unique_my_first_dbt_model_id ....................................... [PASS in 0.80s]
10:33:21  6 of 6 START test unique_my_second_dbt_model_id ................................ [RUN]
10:33:22  6 of 6 PASS unique_my_second_dbt_model_id ...................................... [PASS in 0.87s]
10:33:22  
10:33:22  Running 1 on-run-end hook
10:33:39  1 of 1 START hook: elementary.on-run-end.0 ..................................... [RUN]
10:33:39  1 of 1 OK hook: elementary.on-run-end.0 ........................................ [OK in 0.00s]
10:33:39  
10:33:39  
10:33:39  Finished running 6 tests, 2 hooks in 0 hours 0 minutes and 30.31 seconds (30.31s).
10:33:40  
10:33:40  Completed with 1 error and 0 warnings:
10:33:40  
10:33:40  Failure in test not_null_my_first_dbt_model_id (models/example/schema.yml)
10:33:40    Got 1 result, configured to fail if != 0
10:33:40  
10:33:40    compiled Code at target/compiled/proj/models/example/schema.yml/not_null_my_first_dbt_model_id.sql
10:33:40  
10:33:40  Done. PASS=5 WARN=0 ERROR=1 SKIP=0 TOTAL=6
[2024-04-08T10:33:42.434+0000] {logging_mixin.py:188} INFO - elementary_freshness_anomalies_raw_orders_creation_date
[2024-04-08T10:33:42.435+0000] {logging_mixin.py:188} INFO - not_null_my_first_dbt_model_id
[2024-04-08T10:33:42.438+0000] {logging_mixin.py:188} INFO - not_null_my_second_dbt_model_id
[2024-04-08T10:33:42.440+0000] {logging_mixin.py:188} INFO - not_null_raw_orders_creation_date
[2024-04-08T10:33:42.441+0000] {logging_mixin.py:188} INFO - unique_my_first_dbt_model_id
[2024-04-08T10:33:42.443+0000] {logging_mixin.py:188} INFO - unique_my_second_dbt_model_id
[2024-04-08T10:33:42.535+0000] {taskinstance.py:1138} INFO - Marking task as SUCCESS. dag_id=dag___fresh, task_id=dbt_data_quality_checks, execution_date=20240405T000000, start_date=20240408T103150, end_date=20240408T103342
[2024-04-08T10:33:42.605+0000] {local_task_job_runner.py:234} INFO - Task exited with return code 0
[2024-04-08T10:33:42.672+0000] {taskinstance.py:3280} INFO - 1 downstream tasks scheduled from follow-on schedule check
