[2024-04-01T12:25:01.927+0000] {taskinstance.py:1956} INFO - Dependencies all met for dep_context=non-requeueable deps ti=<TaskInstance: dag___fresh.extract_dbt_result_task manual__2024-04-01T12:24:33.843788+00:00 [queued]>
[2024-04-01T12:25:01.941+0000] {taskinstance.py:1956} INFO - Dependencies all met for dep_context=requeueable deps ti=<TaskInstance: dag___fresh.extract_dbt_result_task manual__2024-04-01T12:24:33.843788+00:00 [queued]>
[2024-04-01T12:25:01.942+0000] {taskinstance.py:2170} INFO - Starting attempt 1 of 2
[2024-04-01T12:25:01.962+0000] {taskinstance.py:2191} INFO - Executing <Task(PythonOperator): extract_dbt_result_task> on 2024-04-01 12:24:33.843788+00:00
[2024-04-01T12:25:01.971+0000] {standard_task_runner.py:60} INFO - Started process 2827 to run task
[2024-04-01T12:25:01.975+0000] {standard_task_runner.py:87} INFO - Running: ['***', 'tasks', 'run', 'dag___fresh', 'extract_dbt_result_task', 'manual__2024-04-01T12:24:33.843788+00:00', '--job-id', '326', '--raw', '--subdir', 'DAGS_FOLDER/dbt_dag.py', '--cfg-path', '/tmp/tmpgxmeds4h']
[2024-04-01T12:25:01.979+0000] {standard_task_runner.py:88} INFO - Job 326: Subtask extract_dbt_result_task
[2024-04-01T12:25:02.045+0000] {task_command.py:423} INFO - Running <TaskInstance: dag___fresh.extract_dbt_result_task manual__2024-04-01T12:24:33.843788+00:00 [running]> on host 62dc842f1ceb
[2024-04-01T12:25:02.180+0000] {taskinstance.py:2480} INFO - Exporting env vars: AIRFLOW_CTX_DAG_OWNER='***' AIRFLOW_CTX_DAG_ID='dag___fresh' AIRFLOW_CTX_TASK_ID='extract_dbt_result_task' AIRFLOW_CTX_EXECUTION_DATE='2024-04-01T12:24:33.843788+00:00' AIRFLOW_CTX_TRY_NUMBER='1' AIRFLOW_CTX_DAG_RUN_ID='manual__2024-04-01T12:24:33.843788+00:00'
[2024-04-01T12:25:02.183+0000] {taskinstance.py:2698} ERROR - Task failed with exception
Traceback (most recent call last):
  File "/home/airflow/.local/lib/python3.8/site-packages/airflow/models/taskinstance.py", line 433, in _execute_task
    result = execute_callable(context=context, **execute_callable_kwargs)
  File "/home/airflow/.local/lib/python3.8/site-packages/airflow/operators/python.py", line 199, in execute
    return_value = self.execute_callable()
  File "/home/airflow/.local/lib/python3.8/site-packages/airflow/operators/python.py", line 216, in execute_callable
    return self.python_callable(*self.op_args, **self.op_kwargs)
  File "/opt/airflow/dags/dbt_dag.py", line 28, in extract_and_set_dbt_result
    logs = ti.log_entries
AttributeError: 'TaskInstance' object has no attribute 'log_entries'
[2024-04-01T12:25:02.201+0000] {taskinstance.py:1138} INFO - Marking task as UP_FOR_RETRY. dag_id=dag___fresh, task_id=extract_dbt_result_task, execution_date=20240401T122433, start_date=20240401T122501, end_date=20240401T122502
[2024-04-01T12:25:02.221+0000] {standard_task_runner.py:107} ERROR - Failed to execute job 326 for task extract_dbt_result_task ('TaskInstance' object has no attribute 'log_entries'; 2827)
[2024-04-01T12:25:02.268+0000] {local_task_job_runner.py:234} INFO - Task exited with return code 1
[2024-04-01T12:25:02.302+0000] {taskinstance.py:3280} INFO - 0 downstream tasks scheduled from follow-on schedule check
