[2024-04-01T10:44:10.965+0000] {taskinstance.py:1956} INFO - Dependencies all met for dep_context=non-requeueable deps ti=<TaskInstance: dag___fresh.dbt_data_quality_checks manual__2024-04-01T10:43:38.812735+00:00 [queued]>
[2024-04-01T10:44:10.976+0000] {taskinstance.py:1956} INFO - Dependencies all met for dep_context=requeueable deps ti=<TaskInstance: dag___fresh.dbt_data_quality_checks manual__2024-04-01T10:43:38.812735+00:00 [queued]>
[2024-04-01T10:44:10.977+0000] {taskinstance.py:2170} INFO - Starting attempt 1 of 2
[2024-04-01T10:44:10.995+0000] {taskinstance.py:2191} INFO - Executing <Task(BashOperator): dbt_data_quality_checks> on 2024-04-01 10:43:38.812735+00:00
[2024-04-01T10:44:11.002+0000] {standard_task_runner.py:60} INFO - Started process 801 to run task
[2024-04-01T10:44:11.006+0000] {standard_task_runner.py:87} INFO - Running: ['***', 'tasks', 'run', 'dag___fresh', 'dbt_data_quality_checks', 'manual__2024-04-01T10:43:38.812735+00:00', '--job-id', '266', '--raw', '--subdir', 'DAGS_FOLDER/dbt_dag.py', '--cfg-path', '/tmp/tmp_dkytuxv']
[2024-04-01T10:44:11.009+0000] {standard_task_runner.py:88} INFO - Job 266: Subtask dbt_data_quality_checks
[2024-04-01T10:44:11.068+0000] {task_command.py:423} INFO - Running <TaskInstance: dag___fresh.dbt_data_quality_checks manual__2024-04-01T10:43:38.812735+00:00 [running]> on host 62dc842f1ceb
[2024-04-01T10:44:11.174+0000] {taskinstance.py:2480} INFO - Exporting env vars: AIRFLOW_CTX_DAG_OWNER='***' AIRFLOW_CTX_DAG_ID='dag___fresh' AIRFLOW_CTX_TASK_ID='dbt_data_quality_checks' AIRFLOW_CTX_EXECUTION_DATE='2024-04-01T10:43:38.812735+00:00' AIRFLOW_CTX_TRY_NUMBER='1' AIRFLOW_CTX_DAG_RUN_ID='manual__2024-04-01T10:43:38.812735+00:00'
[2024-04-01T10:44:11.176+0000] {subprocess.py:63} INFO - Tmp dir root location: /tmp
[2024-04-01T10:44:11.177+0000] {subprocess.py:75} INFO - Running command: ['/usr/bin/bash', '-c', '/home/***/.local/bin/dbt test --profiles-dir /home/***/.dbt --project-dir /opt/***/proj']
[2024-04-01T10:44:11.192+0000] {subprocess.py:86} INFO - Output:
[2024-04-01T10:44:16.279+0000] {subprocess.py:93} INFO - [0m10:44:16  Running with dbt=1.7.10
[2024-04-01T10:44:16.954+0000] {subprocess.py:93} INFO - [0m10:44:16  Registered adapter: postgres=1.7.10
[2024-04-01T10:44:28.956+0000] {subprocess.py:93} INFO - [0m10:44:28  Found 34 models, 2 operations, 5 tests, 1 source, 0 exposures, 0 metrics, 1407 macros, 0 groups, 0 semantic models
[2024-04-01T10:44:28.966+0000] {subprocess.py:93} INFO - [0m10:44:28
[2024-04-01T10:44:29.754+0000] {subprocess.py:93} INFO - [0m10:44:29
[2024-04-01T10:44:29.756+0000] {subprocess.py:93} INFO - [0m10:44:29  Running 1 on-run-start hook
[2024-04-01T10:44:30.026+0000] {subprocess.py:93} INFO - [0m10:44:30  1 of 1 START hook: elementary.on-run-start.0 ................................... [RUN]
[2024-04-01T10:44:30.028+0000] {subprocess.py:93} INFO - [0m10:44:30  1 of 1 OK hook: elementary.on-run-start.0 ...................................... [[32mOK[0m in 0.00s]
[2024-04-01T10:44:30.031+0000] {subprocess.py:93} INFO - [0m10:44:30
[2024-04-01T10:44:30.037+0000] {subprocess.py:93} INFO - [0m10:44:30  Concurrency: 1 threads (target='dev')
[2024-04-01T10:44:30.040+0000] {subprocess.py:93} INFO - [0m10:44:30
[2024-04-01T10:44:30.062+0000] {subprocess.py:93} INFO - [0m10:44:30  1 of 5 START test elementary_freshness_anomalies_raw_orders_creation_date ...... [RUN]
[2024-04-01T10:44:31.171+0000] {subprocess.py:93} INFO - [0m10:44:31  Elementary: Started running data monitors on: POSTGRES.PUBLIC.RAW_ORDERS
[2024-04-01T10:44:31.995+0000] {subprocess.py:93} INFO - [0m10:44:31  Elementary: Finished running data monitors on: POSTGRES.PUBLIC.RAW_ORDERS
[2024-04-01T10:44:33.303+0000] {subprocess.py:93} INFO - [0m10:44:33  1 of 5 PASS elementary_freshness_anomalies_raw_orders_creation_date ............ [[32mPASS[0m in 3.24s]
[2024-04-01T10:44:33.314+0000] {subprocess.py:93} INFO - [0m10:44:33  2 of 5 START test not_null_my_second_dbt_model_id .............................. [RUN]
[2024-04-01T10:44:33.590+0000] {subprocess.py:93} INFO - [0m10:44:33  2 of 5 PASS not_null_my_second_dbt_model_id .................................... [[32mPASS[0m in 0.27s]
[2024-04-01T10:44:33.602+0000] {subprocess.py:93} INFO - [0m10:44:33  3 of 5 START test not_null_raw_orders_creation_date ............................ [RUN]
[2024-04-01T10:44:33.873+0000] {subprocess.py:93} INFO - [0m10:44:33  3 of 5 PASS not_null_raw_orders_creation_date .................................. [[32mPASS[0m in 0.27s]
[2024-04-01T10:44:33.882+0000] {subprocess.py:93} INFO - [0m10:44:33  4 of 5 START test unique_my_first_dbt_model_id ................................. [RUN]
[2024-04-01T10:44:34.152+0000] {subprocess.py:93} INFO - [0m10:44:34  4 of 5 PASS unique_my_first_dbt_model_id ....................................... [[32mPASS[0m in 0.27s]
[2024-04-01T10:44:34.162+0000] {subprocess.py:93} INFO - [0m10:44:34  5 of 5 START test unique_my_second_dbt_model_id ................................ [RUN]
[2024-04-01T10:44:34.425+0000] {subprocess.py:93} INFO - [0m10:44:34  5 of 5 PASS unique_my_second_dbt_model_id ...................................... [[32mPASS[0m in 0.26s]
[2024-04-01T10:44:34.546+0000] {subprocess.py:93} INFO - [0m10:44:34
[2024-04-01T10:44:34.548+0000] {subprocess.py:93} INFO - [0m10:44:34  Running 1 on-run-end hook
[2024-04-01T10:44:38.387+0000] {subprocess.py:93} INFO - [0m10:44:38  1 of 1 START hook: elementary.on-run-end.0 ..................................... [RUN]
[2024-04-01T10:44:38.389+0000] {subprocess.py:93} INFO - [0m10:44:38  1 of 1 OK hook: elementary.on-run-end.0 ........................................ [[32mOK[0m in 0.00s]
[2024-04-01T10:44:38.391+0000] {subprocess.py:93} INFO - [0m10:44:38
[2024-04-01T10:44:38.399+0000] {subprocess.py:93} INFO - [0m10:44:38
[2024-04-01T10:44:38.402+0000] {subprocess.py:93} INFO - [0m10:44:38  Finished running 5 tests, 2 hooks in 0 hours 0 minutes and 9.43 seconds (9.43s).
[2024-04-01T10:44:38.491+0000] {subprocess.py:93} INFO - [0m10:44:38
[2024-04-01T10:44:38.492+0000] {subprocess.py:93} INFO - [0m10:44:38  [32mCompleted successfully[0m
[2024-04-01T10:44:38.494+0000] {subprocess.py:93} INFO - [0m10:44:38
[2024-04-01T10:44:38.496+0000] {subprocess.py:93} INFO - [0m10:44:38  Done. PASS=5 WARN=0 ERROR=0 SKIP=0 TOTAL=5
[2024-04-01T10:44:39.277+0000] {subprocess.py:97} INFO - Command exited with return code 0
[2024-04-01T10:44:39.310+0000] {taskinstance.py:1138} INFO - Marking task as SUCCESS. dag_id=dag___fresh, task_id=dbt_data_quality_checks, execution_date=20240401T104338, start_date=20240401T104410, end_date=20240401T104439
[2024-04-01T10:44:39.342+0000] {local_task_job_runner.py:234} INFO - Task exited with return code 0
[2024-04-01T10:44:39.363+0000] {taskinstance.py:3280} INFO - 0 downstream tasks scheduled from follow-on schedule check
