[2024-04-05T01:44:26.755+0000] {taskinstance.py:1946} INFO - Dependencies not met for <TaskInstance: dag___fresh.dbt_data_quality_checks scheduled__2024-04-04T00:00:00+00:00 [up_for_retry]>, dependency 'Not In Retry Period' FAILED: Task is not ready for retry yet but will be retried automatically. Current date is 2024-04-05T01:44:26.754990+00:00 and task will be retried at 2024-04-05T01:49:03.445749+00:00.
[2024-04-05T01:44:26.773+0000] {local_task_job_runner.py:160} INFO - Task is not able to be run
[2024-04-08T10:31:21.551+0000] {taskinstance.py:1956} INFO - Dependencies all met for dep_context=non-requeueable deps ti=<TaskInstance: dag___fresh.dbt_data_quality_checks scheduled__2024-04-04T00:00:00+00:00 [queued]>
[2024-04-08T10:31:21.705+0000] {taskinstance.py:1956} INFO - Dependencies all met for dep_context=requeueable deps ti=<TaskInstance: dag___fresh.dbt_data_quality_checks scheduled__2024-04-04T00:00:00+00:00 [queued]>
[2024-04-08T10:31:21.724+0000] {taskinstance.py:2170} INFO - Starting attempt 2 of 2
[2024-04-08T10:31:21.872+0000] {taskinstance.py:2191} INFO - Executing <Task(CustomBashOperator): dbt_data_quality_checks> on 2024-04-04 00:00:00+00:00
[2024-04-08T10:31:21.908+0000] {standard_task_runner.py:60} INFO - Started process 76 to run task
[2024-04-08T10:31:21.930+0000] {standard_task_runner.py:87} INFO - Running: ['***', 'tasks', 'run', 'dag___fresh', 'dbt_data_quality_checks', 'scheduled__2024-04-04T00:00:00+00:00', '--job-id', '422', '--raw', '--subdir', 'DAGS_FOLDER/dbt_dag.py', '--cfg-path', '/tmp/tmp8arviipj']
[2024-04-08T10:31:21.951+0000] {standard_task_runner.py:88} INFO - Job 422: Subtask dbt_data_quality_checks
[2024-04-08T10:31:22.541+0000] {task_command.py:423} INFO - Running <TaskInstance: dag___fresh.dbt_data_quality_checks scheduled__2024-04-04T00:00:00+00:00 [running]> on host 62dc842f1ceb
[2024-04-08T10:31:23.861+0000] {taskinstance.py:2480} INFO - Exporting env vars: AIRFLOW_CTX_DAG_OWNER='***' AIRFLOW_CTX_DAG_ID='dag___fresh' AIRFLOW_CTX_TASK_ID='dbt_data_quality_checks' AIRFLOW_CTX_EXECUTION_DATE='2024-04-04T00:00:00+00:00' AIRFLOW_CTX_TRY_NUMBER='2' AIRFLOW_CTX_DAG_RUN_ID='scheduled__2024-04-04T00:00:00+00:00'
[2024-04-08T10:33:25.013+0000] {logging_mixin.py:188} INFO - 10:32:16  Running with dbt=1.7.10
10:32:21  Registered adapter: postgres=1.7.10
10:32:41  Found 34 models, 2 operations, 6 tests, 1 source, 0 exposures, 0 metrics, 1407 macros, 0 groups, 0 semantic models
10:32:41  
10:32:44  
10:32:44  Running 1 on-run-start hook
10:32:45  1 of 1 START hook: elementary.on-run-start.0 ................................... [RUN]
10:32:46  1 of 1 OK hook: elementary.on-run-start.0 ...................................... [OK in 0.00s]
10:32:46  
10:32:46  Concurrency: 1 threads (target='dev')
10:32:46  
10:32:46  1 of 6 START test elementary_freshness_anomalies_raw_orders_creation_date ...... [RUN]
10:32:54  Elementary: Started running data monitors on: POSTGRES.PUBLIC.RAW_ORDERS
10:32:59  Elementary: Finished running data monitors on: POSTGRES.PUBLIC.RAW_ORDERS
10:33:03  1 of 6 PASS elementary_freshness_anomalies_raw_orders_creation_date ............ [PASS in 16.68s]
10:33:03  2 of 6 START test not_null_my_first_dbt_model_id ............................... [RUN]
10:33:04  2 of 6 FAIL 1 not_null_my_first_dbt_model_id ................................... [FAIL 1 in 1.00s]
10:33:04  3 of 6 START test not_null_my_second_dbt_model_id .............................. [RUN]
10:33:04  3 of 6 PASS not_null_my_second_dbt_model_id .................................... [PASS in 0.71s]
10:33:04  4 of 6 START test not_null_raw_orders_creation_date ............................ [RUN]
10:33:05  4 of 6 PASS not_null_raw_orders_creation_date .................................. [PASS in 0.69s]
10:33:05  5 of 6 START test unique_my_first_dbt_model_id ................................. [RUN]
10:33:06  5 of 6 PASS unique_my_first_dbt_model_id ....................................... [PASS in 0.79s]
10:33:06  6 of 6 START test unique_my_second_dbt_model_id ................................ [RUN]
10:33:07  6 of 6 PASS unique_my_second_dbt_model_id ...................................... [PASS in 0.87s]
10:33:07  
10:33:07  Running 1 on-run-end hook
10:33:22  1 of 1 START hook: elementary.on-run-end.0 ..................................... [RUN]
10:33:22  1 of 1 OK hook: elementary.on-run-end.0 ........................................ [OK in 0.00s]
10:33:22  
10:33:22  
10:33:22  Finished running 6 tests, 2 hooks in 0 hours 0 minutes and 40.70 seconds (40.70s).
10:33:23  
10:33:23  Completed with 1 error and 0 warnings:
10:33:23  
10:33:23  Failure in test not_null_my_first_dbt_model_id (models/example/schema.yml)
10:33:23    Got 1 result, configured to fail if != 0
10:33:23  
10:33:23    compiled Code at target/compiled/proj/models/example/schema.yml/not_null_my_first_dbt_model_id.sql
10:33:23  
10:33:23  Done. PASS=5 WARN=0 ERROR=1 SKIP=0 TOTAL=6
[2024-04-08T10:33:25.021+0000] {logging_mixin.py:188} INFO - elementary_freshness_anomalies_raw_orders_creation_date
[2024-04-08T10:33:25.023+0000] {logging_mixin.py:188} INFO - not_null_my_first_dbt_model_id
[2024-04-08T10:33:25.024+0000] {logging_mixin.py:188} INFO - not_null_my_second_dbt_model_id
[2024-04-08T10:33:25.026+0000] {logging_mixin.py:188} INFO - not_null_raw_orders_creation_date
[2024-04-08T10:33:25.039+0000] {logging_mixin.py:188} INFO - unique_my_first_dbt_model_id
[2024-04-08T10:33:25.046+0000] {logging_mixin.py:188} INFO - unique_my_second_dbt_model_id
[2024-04-08T10:33:25.175+0000] {taskinstance.py:1138} INFO - Marking task as SUCCESS. dag_id=dag___fresh, task_id=dbt_data_quality_checks, execution_date=20240404T000000, start_date=20240408T103121, end_date=20240408T103325
[2024-04-08T10:33:25.366+0000] {local_task_job_runner.py:234} INFO - Task exited with return code 0
[2024-04-08T10:33:25.533+0000] {taskinstance.py:3280} INFO - 1 downstream tasks scheduled from follow-on schedule check
