[2024-03-25T12:21:43.256+0000] {taskinstance.py:1956} INFO - Dependencies all met for dep_context=non-requeueable deps ti=<TaskInstance: dag___dbt.run_model1 manual__2024-03-25T12:21:39.606748+00:00 [queued]>
[2024-03-25T12:21:43.272+0000] {taskinstance.py:1956} INFO - Dependencies all met for dep_context=requeueable deps ti=<TaskInstance: dag___dbt.run_model1 manual__2024-03-25T12:21:39.606748+00:00 [queued]>
[2024-03-25T12:21:43.273+0000] {taskinstance.py:2170} INFO - Starting attempt 1 of 2
[2024-03-25T12:21:43.301+0000] {taskinstance.py:2191} INFO - Executing <Task(BashOperator): run_model1> on 2024-03-25 12:21:39.606748+00:00
[2024-03-25T12:21:43.310+0000] {standard_task_runner.py:60} INFO - Started process 581 to run task
[2024-03-25T12:21:43.318+0000] {standard_task_runner.py:87} INFO - Running: ['***', 'tasks', 'run', 'dag___dbt', 'run_model1', 'manual__2024-03-25T12:21:39.606748+00:00', '--job-id', '32', '--raw', '--subdir', 'DAGS_FOLDER/dbt_dag.py', '--cfg-path', '/tmp/tmpaiidy1s0']
[2024-03-25T12:21:43.324+0000] {standard_task_runner.py:88} INFO - Job 32: Subtask run_model1
[2024-03-25T12:21:43.421+0000] {task_command.py:423} INFO - Running <TaskInstance: dag___dbt.run_model1 manual__2024-03-25T12:21:39.606748+00:00 [running]> on host 62dc842f1ceb
[2024-03-25T12:21:43.560+0000] {taskinstance.py:2480} INFO - Exporting env vars: AIRFLOW_CTX_DAG_OWNER='***' AIRFLOW_CTX_DAG_ID='dag___dbt' AIRFLOW_CTX_TASK_ID='run_model1' AIRFLOW_CTX_EXECUTION_DATE='2024-03-25T12:21:39.606748+00:00' AIRFLOW_CTX_TRY_NUMBER='1' AIRFLOW_CTX_DAG_RUN_ID='manual__2024-03-25T12:21:39.606748+00:00'
[2024-03-25T12:21:43.564+0000] {subprocess.py:63} INFO - Tmp dir root location: /tmp
[2024-03-25T12:21:43.565+0000] {subprocess.py:75} INFO - Running command: ['/usr/bin/bash', '-c', '/home/***/.local/bin/dbt run --models my_first_dbt_model  --profiles-dir /home/***/.dbt --project-dir /opt/***/proj']
[2024-03-25T12:21:43.586+0000] {subprocess.py:86} INFO - Output:
[2024-03-25T12:21:50.355+0000] {subprocess.py:93} INFO - [0m12:21:50  Running with dbt=1.7.10
[2024-03-25T12:21:51.823+0000] {subprocess.py:93} INFO - [0m12:21:51  Registered adapter: postgres=1.7.10
[2024-03-25T12:21:52.243+0000] {subprocess.py:93} INFO - [0m12:21:52  Unable to do partial parsing because profile has changed
[2024-03-25T12:22:21.765+0000] {subprocess.py:93} INFO - [0m12:22:21  Found 32 models, 2 operations, 4 tests, 0 sources, 0 exposures, 0 metrics, 1407 macros, 0 groups, 0 semantic models
[2024-03-25T12:22:21.770+0000] {subprocess.py:93} INFO - [0m12:22:21
[2024-03-25T12:22:22.687+0000] {subprocess.py:93} INFO - [0m12:22:22
[2024-03-25T12:22:22.689+0000] {subprocess.py:93} INFO - [0m12:22:22  Running 1 on-run-start hook
[2024-03-25T12:22:22.764+0000] {subprocess.py:93} INFO - [0m12:22:22  1 of 1 START hook: elementary.on-run-start.0 ................................... [RUN]
[2024-03-25T12:22:22.766+0000] {subprocess.py:93} INFO - [0m12:22:22  1 of 1 OK hook: elementary.on-run-start.0 ...................................... [[32mOK[0m in 0.00s]
[2024-03-25T12:22:22.767+0000] {subprocess.py:93} INFO - [0m12:22:22
[2024-03-25T12:22:22.773+0000] {subprocess.py:93} INFO - [0m12:22:22  Concurrency: 1 threads (target='dev')
[2024-03-25T12:22:22.776+0000] {subprocess.py:93} INFO - [0m12:22:22
[2024-03-25T12:22:22.790+0000] {subprocess.py:93} INFO - [0m12:22:22  1 of 1 START sql table model public.my_first_dbt_model ......................... [RUN]
[2024-03-25T12:22:23.258+0000] {subprocess.py:93} INFO - [0m12:22:23  1 of 1 OK created sql table model public.my_first_dbt_model .................... [[32mSELECT 2[0m in 0.46s]
[2024-03-25T12:22:23.357+0000] {subprocess.py:93} INFO - [0m12:22:23
[2024-03-25T12:22:23.359+0000] {subprocess.py:93} INFO - [0m12:22:23  Running 1 on-run-end hook
[2024-03-25T12:22:32.796+0000] {subprocess.py:93} INFO - [0m12:22:32  1 of 1 START hook: elementary.on-run-end.0 ..................................... [RUN]
[2024-03-25T12:22:32.798+0000] {subprocess.py:93} INFO - [0m12:22:32  1 of 1 OK hook: elementary.on-run-end.0 ........................................ [[32mOK[0m in 0.00s]
[2024-03-25T12:22:32.800+0000] {subprocess.py:93} INFO - [0m12:22:32
[2024-03-25T12:22:32.812+0000] {subprocess.py:93} INFO - [0m12:22:32
[2024-03-25T12:22:32.816+0000] {subprocess.py:93} INFO - [0m12:22:32  Finished running 1 table model, 2 hooks in 0 hours 0 minutes and 11.04 seconds (11.04s).
[2024-03-25T12:22:32.925+0000] {subprocess.py:93} INFO - [0m12:22:32
[2024-03-25T12:22:32.927+0000] {subprocess.py:93} INFO - [0m12:22:32  [32mCompleted successfully[0m
[2024-03-25T12:22:32.928+0000] {subprocess.py:93} INFO - [0m12:22:32
[2024-03-25T12:22:32.930+0000] {subprocess.py:93} INFO - [0m12:22:32  Done. PASS=1 WARN=0 ERROR=0 SKIP=0 TOTAL=1
[2024-03-25T12:22:34.050+0000] {subprocess.py:97} INFO - Command exited with return code 0
[2024-03-25T12:22:34.096+0000] {taskinstance.py:1138} INFO - Marking task as SUCCESS. dag_id=dag___dbt, task_id=run_model1, execution_date=20240325T122139, start_date=20240325T122143, end_date=20240325T122234
[2024-03-25T12:22:34.140+0000] {local_task_job_runner.py:234} INFO - Task exited with return code 0
[2024-03-25T12:22:34.179+0000] {taskinstance.py:3280} INFO - 1 downstream tasks scheduled from follow-on schedule check
