[2024-03-25T12:17:07.311+0000] {taskinstance.py:1956} INFO - Dependencies all met for dep_context=non-requeueable deps ti=<TaskInstance: dag___dbt.run_model1 manual__2024-03-25T12:17:02.080631+00:00 [queued]>
[2024-03-25T12:17:07.328+0000] {taskinstance.py:1956} INFO - Dependencies all met for dep_context=requeueable deps ti=<TaskInstance: dag___dbt.run_model1 manual__2024-03-25T12:17:02.080631+00:00 [queued]>
[2024-03-25T12:17:07.329+0000] {taskinstance.py:2170} INFO - Starting attempt 1 of 2
[2024-03-25T12:17:07.360+0000] {taskinstance.py:2191} INFO - Executing <Task(BashOperator): run_model1> on 2024-03-25 12:17:02.080631+00:00
[2024-03-25T12:17:07.370+0000] {standard_task_runner.py:60} INFO - Started process 486 to run task
[2024-03-25T12:17:07.375+0000] {standard_task_runner.py:87} INFO - Running: ['***', 'tasks', 'run', 'dag___dbt', 'run_model1', 'manual__2024-03-25T12:17:02.080631+00:00', '--job-id', '29', '--raw', '--subdir', 'DAGS_FOLDER/dbt_dag.py', '--cfg-path', '/tmp/tmph1hxu61s']
[2024-03-25T12:17:07.381+0000] {standard_task_runner.py:88} INFO - Job 29: Subtask run_model1
[2024-03-25T12:17:07.470+0000] {task_command.py:423} INFO - Running <TaskInstance: dag___dbt.run_model1 manual__2024-03-25T12:17:02.080631+00:00 [running]> on host 62dc842f1ceb
[2024-03-25T12:17:07.607+0000] {taskinstance.py:2480} INFO - Exporting env vars: AIRFLOW_CTX_DAG_OWNER='***' AIRFLOW_CTX_DAG_ID='dag___dbt' AIRFLOW_CTX_TASK_ID='run_model1' AIRFLOW_CTX_EXECUTION_DATE='2024-03-25T12:17:02.080631+00:00' AIRFLOW_CTX_TRY_NUMBER='1' AIRFLOW_CTX_DAG_RUN_ID='manual__2024-03-25T12:17:02.080631+00:00'
[2024-03-25T12:17:07.611+0000] {subprocess.py:63} INFO - Tmp dir root location: /tmp
[2024-03-25T12:17:07.612+0000] {subprocess.py:75} INFO - Running command: ['/usr/bin/bash', '-c', '/home/***/.local/bin/dbt run --models my_first_dbt_model  --profiles-dir /home/***/.dbt --project-dir /opt/***/proj']
[2024-03-25T12:17:07.637+0000] {subprocess.py:86} INFO - Output:
[2024-03-25T12:17:16.404+0000] {subprocess.py:93} INFO - [0m12:17:16  Running with dbt=1.7.10
[2024-03-25T12:17:17.419+0000] {subprocess.py:93} INFO - [0m12:17:17  Registered adapter: postgres=1.7.10
[2024-03-25T12:17:17.811+0000] {subprocess.py:93} INFO - [0m12:17:17  Unable to do partial parsing because of a version mismatch
[2024-03-25T12:17:55.900+0000] {subprocess.py:93} INFO - [0m12:17:55  Found 32 models, 2 operations, 4 tests, 0 sources, 0 exposures, 0 metrics, 1407 macros, 0 groups, 0 semantic models
[2024-03-25T12:17:55.907+0000] {subprocess.py:93} INFO - [0m12:17:55
[2024-03-25T12:17:55.972+0000] {subprocess.py:93} INFO - [0m12:17:55
[2024-03-25T12:17:55.974+0000] {subprocess.py:93} INFO - [0m12:17:55  Finished running  in 0 hours 0 minutes and 0.06 seconds (0.06s).
[2024-03-25T12:17:55.976+0000] {subprocess.py:93} INFO - [0m12:17:55  Encountered an error:
[2024-03-25T12:17:55.977+0000] {subprocess.py:93} INFO - Database Error
[2024-03-25T12:17:55.977+0000] {subprocess.py:93} INFO -   connection to server at "localhost" (127.0.0.1), port 5433 failed: Connection refused
[2024-03-25T12:17:55.978+0000] {subprocess.py:93} INFO -   	Is the server running on that host and accepting TCP/IP connections?
[2024-03-25T12:17:55.978+0000] {subprocess.py:93} INFO -   connection to server at "localhost" (::1), port 5433 failed: Cannot assign requested address
[2024-03-25T12:17:55.979+0000] {subprocess.py:93} INFO -   	Is the server running on that host and accepting TCP/IP connections?
[2024-03-25T12:17:55.979+0000] {subprocess.py:93} INFO - 
[2024-03-25T12:17:56.895+0000] {subprocess.py:97} INFO - Command exited with return code 2
[2024-03-25T12:17:56.909+0000] {taskinstance.py:2698} ERROR - Task failed with exception
Traceback (most recent call last):
  File "/home/airflow/.local/lib/python3.8/site-packages/airflow/models/taskinstance.py", line 433, in _execute_task
    result = execute_callable(context=context, **execute_callable_kwargs)
  File "/home/airflow/.local/lib/python3.8/site-packages/airflow/operators/bash.py", line 212, in execute
    raise AirflowException(
airflow.exceptions.AirflowException: Bash command failed. The command returned a non-zero exit code 2.
[2024-03-25T12:17:56.913+0000] {taskinstance.py:1138} INFO - Marking task as UP_FOR_RETRY. dag_id=dag___dbt, task_id=run_model1, execution_date=20240325T121702, start_date=20240325T121707, end_date=20240325T121756
[2024-03-25T12:17:56.929+0000] {standard_task_runner.py:107} ERROR - Failed to execute job 29 for task run_model1 (Bash command failed. The command returned a non-zero exit code 2.; 486)
[2024-03-25T12:17:56.981+0000] {local_task_job_runner.py:234} INFO - Task exited with return code 1
[2024-03-25T12:17:57.006+0000] {taskinstance.py:3280} INFO - 0 downstream tasks scheduled from follow-on schedule check
