[2024-03-25T12:23:01.640+0000] {taskinstance.py:1956} INFO - Dependencies all met for dep_context=non-requeueable deps ti=<TaskInstance: dag___dbt.run_model1 manual__2024-03-25T12:17:02.080631+00:00 [queued]>
[2024-03-25T12:23:01.668+0000] {taskinstance.py:1956} INFO - Dependencies all met for dep_context=requeueable deps ti=<TaskInstance: dag___dbt.run_model1 manual__2024-03-25T12:17:02.080631+00:00 [queued]>
[2024-03-25T12:23:01.669+0000] {taskinstance.py:2170} INFO - Starting attempt 2 of 2
[2024-03-25T12:23:01.718+0000] {taskinstance.py:2191} INFO - Executing <Task(BashOperator): run_model1> on 2024-03-25 12:17:02.080631+00:00
[2024-03-25T12:23:01.734+0000] {standard_task_runner.py:60} INFO - Started process 621 to run task
[2024-03-25T12:23:01.748+0000] {standard_task_runner.py:87} INFO - Running: ['***', 'tasks', 'run', 'dag___dbt', 'run_model1', 'manual__2024-03-25T12:17:02.080631+00:00', '--job-id', '34', '--raw', '--subdir', 'DAGS_FOLDER/dbt_dag.py', '--cfg-path', '/tmp/tmpy_mfcp_6']
[2024-03-25T12:23:01.756+0000] {standard_task_runner.py:88} INFO - Job 34: Subtask run_model1
[2024-03-25T12:23:01.935+0000] {task_command.py:423} INFO - Running <TaskInstance: dag___dbt.run_model1 manual__2024-03-25T12:17:02.080631+00:00 [running]> on host 62dc842f1ceb
[2024-03-25T12:23:02.131+0000] {taskinstance.py:2480} INFO - Exporting env vars: AIRFLOW_CTX_DAG_OWNER='***' AIRFLOW_CTX_DAG_ID='dag___dbt' AIRFLOW_CTX_TASK_ID='run_model1' AIRFLOW_CTX_EXECUTION_DATE='2024-03-25T12:17:02.080631+00:00' AIRFLOW_CTX_TRY_NUMBER='2' AIRFLOW_CTX_DAG_RUN_ID='manual__2024-03-25T12:17:02.080631+00:00'
[2024-03-25T12:23:02.137+0000] {subprocess.py:63} INFO - Tmp dir root location: /tmp
[2024-03-25T12:23:02.140+0000] {subprocess.py:75} INFO - Running command: ['/usr/bin/bash', '-c', '/home/***/.local/bin/dbt run --models my_first_dbt_model  --profiles-dir /home/***/.dbt --project-dir /opt/***/proj']
[2024-03-25T12:23:02.169+0000] {subprocess.py:86} INFO - Output:
[2024-03-25T12:23:14.265+0000] {subprocess.py:93} INFO - [0m12:23:14  Running with dbt=1.7.10
[2024-03-25T12:23:15.623+0000] {subprocess.py:93} INFO - [0m12:23:15  Registered adapter: postgres=1.7.10
[2024-03-25T12:23:33.805+0000] {subprocess.py:93} INFO - [0m12:23:33  Found 32 models, 2 operations, 4 tests, 0 sources, 0 exposures, 0 metrics, 1407 macros, 0 groups, 0 semantic models
[2024-03-25T12:23:33.813+0000] {subprocess.py:93} INFO - [0m12:23:33
[2024-03-25T12:23:34.584+0000] {subprocess.py:93} INFO - [0m12:23:34
[2024-03-25T12:23:34.586+0000] {subprocess.py:93} INFO - [0m12:23:34  Running 1 on-run-start hook
[2024-03-25T12:23:34.714+0000] {subprocess.py:93} INFO - [0m12:23:34  1 of 1 START hook: elementary.on-run-start.0 ................................... [RUN]
[2024-03-25T12:23:34.716+0000] {subprocess.py:93} INFO - [0m12:23:34  1 of 1 OK hook: elementary.on-run-start.0 ...................................... [[32mOK[0m in 0.00s]
[2024-03-25T12:23:34.718+0000] {subprocess.py:93} INFO - [0m12:23:34
[2024-03-25T12:23:34.723+0000] {subprocess.py:93} INFO - [0m12:23:34  Concurrency: 1 threads (target='dev')
[2024-03-25T12:23:34.725+0000] {subprocess.py:93} INFO - [0m12:23:34
[2024-03-25T12:23:34.744+0000] {subprocess.py:93} INFO - [0m12:23:34  1 of 1 START sql table model public.my_first_dbt_model ......................... [RUN]
[2024-03-25T12:23:35.257+0000] {subprocess.py:93} INFO - [0m12:23:35  1 of 1 OK created sql table model public.my_first_dbt_model .................... [[32mSELECT 2[0m in 0.50s]
[2024-03-25T12:23:35.406+0000] {subprocess.py:93} INFO - [0m12:23:35
[2024-03-25T12:23:35.408+0000] {subprocess.py:93} INFO - [0m12:23:35  Running 1 on-run-end hook
[2024-03-25T12:23:38.348+0000] {subprocess.py:93} INFO - [0m12:23:38  1 of 1 START hook: elementary.on-run-end.0 ..................................... [RUN]
[2024-03-25T12:23:38.350+0000] {subprocess.py:93} INFO - [0m12:23:38  1 of 1 OK hook: elementary.on-run-end.0 ........................................ [[32mOK[0m in 0.00s]
[2024-03-25T12:23:38.352+0000] {subprocess.py:93} INFO - [0m12:23:38
[2024-03-25T12:23:38.360+0000] {subprocess.py:93} INFO - [0m12:23:38
[2024-03-25T12:23:38.362+0000] {subprocess.py:93} INFO - [0m12:23:38  Finished running 1 table model, 2 hooks in 0 hours 0 minutes and 4.54 seconds (4.54s).
[2024-03-25T12:23:38.466+0000] {subprocess.py:93} INFO - [0m12:23:38
[2024-03-25T12:23:38.468+0000] {subprocess.py:93} INFO - [0m12:23:38  [32mCompleted successfully[0m
[2024-03-25T12:23:38.470+0000] {subprocess.py:93} INFO - [0m12:23:38
[2024-03-25T12:23:38.473+0000] {subprocess.py:93} INFO - [0m12:23:38  Done. PASS=1 WARN=0 ERROR=0 SKIP=0 TOTAL=1
[2024-03-25T12:23:39.464+0000] {subprocess.py:97} INFO - Command exited with return code 0
[2024-03-25T12:23:39.504+0000] {taskinstance.py:1138} INFO - Marking task as SUCCESS. dag_id=dag___dbt, task_id=run_model1, execution_date=20240325T121702, start_date=20240325T122301, end_date=20240325T122339
[2024-03-25T12:23:39.541+0000] {local_task_job_runner.py:234} INFO - Task exited with return code 0
[2024-03-25T12:23:39.583+0000] {taskinstance.py:3280} INFO - 1 downstream tasks scheduled from follow-on schedule check
