[2024-04-01T09:56:47.902+0000] {taskinstance.py:1956} INFO - Dependencies all met for dep_context=non-requeueable deps ti=<TaskInstance: dag___dbt.dbt_freshness_check scheduled__2024-04-01T08:00:00+00:00 [queued]>
[2024-04-01T09:56:47.930+0000] {taskinstance.py:1956} INFO - Dependencies all met for dep_context=requeueable deps ti=<TaskInstance: dag___dbt.dbt_freshness_check scheduled__2024-04-01T08:00:00+00:00 [queued]>
[2024-04-01T09:56:47.932+0000] {taskinstance.py:2170} INFO - Starting attempt 1 of 2
[2024-04-01T09:56:47.972+0000] {taskinstance.py:2191} INFO - Executing <Task(BashOperator): dbt_freshness_check> on 2024-04-01 08:00:00+00:00
[2024-04-01T09:56:47.984+0000] {standard_task_runner.py:60} INFO - Started process 660 to run task
[2024-04-01T09:56:47.994+0000] {standard_task_runner.py:87} INFO - Running: ['***', 'tasks', 'run', 'dag___dbt', 'dbt_freshness_check', 'scheduled__2024-04-01T08:00:00+00:00', '--job-id', '122', '--raw', '--subdir', 'DAGS_FOLDER/freshness_test_dag.py', '--cfg-path', '/tmp/tmpff5he3rb']
[2024-04-01T09:56:47.999+0000] {standard_task_runner.py:88} INFO - Job 122: Subtask dbt_freshness_check
[2024-04-01T09:56:48.118+0000] {task_command.py:423} INFO - Running <TaskInstance: dag___dbt.dbt_freshness_check scheduled__2024-04-01T08:00:00+00:00 [running]> on host 62dc842f1ceb
[2024-04-01T09:56:48.351+0000] {taskinstance.py:2480} INFO - Exporting env vars: AIRFLOW_CTX_DAG_OWNER='***' AIRFLOW_CTX_DAG_ID='dag___dbt' AIRFLOW_CTX_TASK_ID='dbt_freshness_check' AIRFLOW_CTX_EXECUTION_DATE='2024-04-01T08:00:00+00:00' AIRFLOW_CTX_TRY_NUMBER='1' AIRFLOW_CTX_DAG_RUN_ID='scheduled__2024-04-01T08:00:00+00:00'
[2024-04-01T09:56:48.355+0000] {subprocess.py:63} INFO - Tmp dir root location: /tmp
[2024-04-01T09:56:48.357+0000] {subprocess.py:75} INFO - Running command: ['/usr/bin/bash', '-c', '/home/***/.local/bin/dbt test --profiles-dir /home/***/.dbt --project-dir /opt/***/proj']
[2024-04-01T09:56:48.378+0000] {subprocess.py:86} INFO - Output:
[2024-04-01T09:57:03.833+0000] {subprocess.py:93} INFO - [0m09:57:03  Running with dbt=1.7.10
[2024-04-01T09:57:07.634+0000] {subprocess.py:93} INFO - [0m09:57:07  Registered adapter: postgres=1.7.10
[2024-04-01T09:57:19.033+0000] {local_task_job_runner.py:302} WARNING - State of this instance has been externally set to removed. Terminating instance.
[2024-04-01T09:57:19.067+0000] {process_utils.py:131} INFO - Sending 15 to group 660. PIDs of all processes in the group: [667, 660]
[2024-04-01T09:57:19.075+0000] {process_utils.py:86} INFO - Sending the signal 15 to group 660
[2024-04-01T09:57:19.095+0000] {taskinstance.py:2450} ERROR - Received SIGTERM. Terminating subprocesses.
[2024-04-01T09:57:19.103+0000] {subprocess.py:104} INFO - Sending SIGTERM signal to process group
[2024-04-01T09:57:19.288+0000] {process_utils.py:79} INFO - Process psutil.Process(pid=667, status='terminated', started='09:56:47') (667) terminated with exit code None
[2024-04-01T09:57:19.290+0000] {process_utils.py:79} INFO - Process psutil.Process(pid=660, status='terminated', exitcode=0, started='09:56:47') (660) terminated with exit code 0
