[2024-04-01T09:58:18.315+0000] {taskinstance.py:1956} INFO - Dependencies all met for dep_context=non-requeueable deps ti=<TaskInstance: dag___dbt.dbt_freshness_check scheduled__2024-04-01T08:00:00+00:00 [queued]>
[2024-04-01T09:58:18.367+0000] {taskinstance.py:1956} INFO - Dependencies all met for dep_context=requeueable deps ti=<TaskInstance: dag___dbt.dbt_freshness_check scheduled__2024-04-01T08:00:00+00:00 [queued]>
[2024-04-01T09:58:18.386+0000] {taskinstance.py:2170} INFO - Starting attempt 2 of 2
[2024-04-01T09:58:18.506+0000] {taskinstance.py:2191} INFO - Executing <Task(BashOperator): dbt_freshness_check> on 2024-04-01 08:00:00+00:00
[2024-04-01T09:58:18.548+0000] {standard_task_runner.py:60} INFO - Started process 768 to run task
[2024-04-01T09:58:18.576+0000] {standard_task_runner.py:87} INFO - Running: ['***', 'tasks', 'run', 'dag___dbt', 'dbt_freshness_check', 'scheduled__2024-04-01T08:00:00+00:00', '--job-id', '135', '--raw', '--subdir', 'DAGS_FOLDER/freshness_test_dag.py', '--cfg-path', '/tmp/tmp9cs20fxz']
[2024-04-01T09:58:18.592+0000] {standard_task_runner.py:88} INFO - Job 135: Subtask dbt_freshness_check
[2024-04-01T09:58:18.992+0000] {task_command.py:423} INFO - Running <TaskInstance: dag___dbt.dbt_freshness_check scheduled__2024-04-01T08:00:00+00:00 [running]> on host 62dc842f1ceb
[2024-04-01T09:58:19.445+0000] {taskinstance.py:2480} INFO - Exporting env vars: AIRFLOW_CTX_DAG_OWNER='***' AIRFLOW_CTX_DAG_ID='dag___dbt' AIRFLOW_CTX_TASK_ID='dbt_freshness_check' AIRFLOW_CTX_EXECUTION_DATE='2024-04-01T08:00:00+00:00' AIRFLOW_CTX_TRY_NUMBER='2' AIRFLOW_CTX_DAG_RUN_ID='scheduled__2024-04-01T08:00:00+00:00'
[2024-04-01T09:58:19.450+0000] {subprocess.py:63} INFO - Tmp dir root location: /tmp
[2024-04-01T09:58:19.452+0000] {subprocess.py:75} INFO - Running command: ['/usr/bin/bash', '-c', '/home/***/.local/bin/dbt source freshness --profiles-dir /home/***/.dbt --project-dir /opt/***/proj']
[2024-04-01T09:58:19.513+0000] {subprocess.py:86} INFO - Output:
[2024-04-01T09:58:43.025+0000] {subprocess.py:93} INFO - [0m09:58:43  Running with dbt=1.7.10
[2024-04-01T09:58:45.256+0000] {subprocess.py:93} INFO - [0m09:58:45  Registered adapter: postgres=1.7.10
[2024-04-01T09:59:22.275+0000] {subprocess.py:93} INFO - [0m09:59:22  Found 34 models, 2 operations, 5 tests, 1 source, 0 exposures, 0 metrics, 1407 macros, 0 groups, 0 semantic models
[2024-04-01T09:59:22.411+0000] {subprocess.py:93} INFO - [0m09:59:22
[2024-04-01T09:59:25.048+0000] {subprocess.py:93} INFO - [0m09:59:25  Concurrency: 1 threads (target='dev')
[2024-04-01T09:59:25.063+0000] {subprocess.py:93} INFO - [0m09:59:25
[2024-04-01T09:59:25.361+0000] {subprocess.py:93} INFO - [0m09:59:25  1 of 1 START freshness of public.freshnes_test ................................. [RUN]
[2024-04-01T09:59:25.895+0000] {subprocess.py:93} INFO - [0m09:59:25  1 of 1 PASS freshness of public.freshnes_test .................................. [[32mPASS[0m in 0.52s]
[2024-04-01T09:59:25.910+0000] {local_task_job_runner.py:302} WARNING - State of this instance has been externally set to removed. Terminating instance.
[2024-04-01T09:59:25.943+0000] {process_utils.py:131} INFO - Sending 15 to group 768. PIDs of all processes in the group: [778, 768]
[2024-04-01T09:59:25.945+0000] {process_utils.py:86} INFO - Sending the signal 15 to group 768
[2024-04-01T09:59:25.946+0000] {taskinstance.py:2450} ERROR - Received SIGTERM. Terminating subprocesses.
[2024-04-01T09:59:25.947+0000] {subprocess.py:104} INFO - Sending SIGTERM signal to process group
[2024-04-01T09:59:26.180+0000] {process_utils.py:79} INFO - Process psutil.Process(pid=778, status='terminated', started='09:58:18') (778) terminated with exit code None
[2024-04-01T09:59:26.181+0000] {process_utils.py:79} INFO - Process psutil.Process(pid=768, status='terminated', exitcode=0, started='09:58:17') (768) terminated with exit code 0
