[2024-04-01T10:09:30.408+0000] {taskinstance.py:1956} INFO - Dependencies all met for dep_context=non-requeueable deps ti=<TaskInstance: freshness___dbt.run_model1 scheduled__2024-03-16T00:00:00+00:00 [queued]>
[2024-04-01T10:09:30.431+0000] {taskinstance.py:1956} INFO - Dependencies all met for dep_context=requeueable deps ti=<TaskInstance: freshness___dbt.run_model1 scheduled__2024-03-16T00:00:00+00:00 [queued]>
[2024-04-01T10:09:30.439+0000] {taskinstance.py:2170} INFO - Starting attempt 1 of 2
[2024-04-01T10:09:30.547+0000] {taskinstance.py:2191} INFO - Executing <Task(BashOperator): run_model1> on 2024-03-16 00:00:00+00:00
[2024-04-01T10:09:30.589+0000] {standard_task_runner.py:60} INFO - Started process 1461 to run task
[2024-04-01T10:09:30.601+0000] {standard_task_runner.py:87} INFO - Running: ['***', 'tasks', 'run', 'freshness___dbt', 'run_model1', 'scheduled__2024-03-16T00:00:00+00:00', '--job-id', '208', '--raw', '--subdir', 'DAGS_FOLDER/freshness_dag.py', '--cfg-path', '/tmp/tmpy4ibw3_5']
[2024-04-01T10:09:30.616+0000] {standard_task_runner.py:88} INFO - Job 208: Subtask run_model1
[2024-04-01T10:09:30.838+0000] {task_command.py:423} INFO - Running <TaskInstance: freshness___dbt.run_model1 scheduled__2024-03-16T00:00:00+00:00 [running]> on host 62dc842f1ceb
[2024-04-01T10:09:32.212+0000] {taskinstance.py:2480} INFO - Exporting env vars: AIRFLOW_CTX_DAG_OWNER='***' AIRFLOW_CTX_DAG_ID='freshness___dbt' AIRFLOW_CTX_TASK_ID='run_model1' AIRFLOW_CTX_EXECUTION_DATE='2024-03-16T00:00:00+00:00' AIRFLOW_CTX_TRY_NUMBER='1' AIRFLOW_CTX_DAG_RUN_ID='scheduled__2024-03-16T00:00:00+00:00'
[2024-04-01T10:09:32.271+0000] {subprocess.py:63} INFO - Tmp dir root location: /tmp
[2024-04-01T10:09:32.284+0000] {subprocess.py:75} INFO - Running command: ['/usr/bin/bash', '-c', '/home/***/.local/bin/dbt run --models  --profiles-dir /home/***/.dbt --project-dir /opt/***/proj']
[2024-04-01T10:09:32.340+0000] {subprocess.py:86} INFO - Output:
[2024-04-01T10:09:55.598+0000] {subprocess.py:93} INFO - [0m10:09:55  Running with dbt=1.7.10
[2024-04-01T10:09:59.043+0000] {subprocess.py:93} INFO - [0m10:09:59  Registered adapter: postgres=1.7.10
[2024-04-01T10:10:02.413+0000] {subprocess.py:93} INFO - [0m10:10:02  Encountered an error:
[2024-04-01T10:10:02.426+0000] {subprocess.py:93} INFO - [Errno 5] Input/output error: '/opt/***/proj/dbt_packages/dbt_date/macros/calendar_date/day_name.sql'
[2024-04-01T10:10:02.443+0000] {subprocess.py:93} INFO - [0m10:10:02  Traceback (most recent call last):
[2024-04-01T10:10:02.445+0000] {subprocess.py:93} INFO -   File "/home/***/.local/lib/python3.8/site-packages/dbt/cli/requires.py", line 91, in wrapper
[2024-04-01T10:10:02.459+0000] {subprocess.py:93} INFO -     result, success = func(*args, **kwargs)
[2024-04-01T10:10:02.476+0000] {subprocess.py:93} INFO -   File "/home/***/.local/lib/python3.8/site-packages/dbt/cli/requires.py", line 76, in wrapper
[2024-04-01T10:10:02.490+0000] {subprocess.py:93} INFO -     return func(*args, **kwargs)
[2024-04-01T10:10:02.493+0000] {subprocess.py:93} INFO -   File "/home/***/.local/lib/python3.8/site-packages/dbt/cli/requires.py", line 169, in wrapper
[2024-04-01T10:10:02.494+0000] {subprocess.py:93} INFO -     return func(*args, **kwargs)
[2024-04-01T10:10:02.506+0000] {subprocess.py:93} INFO -   File "/home/***/.local/lib/python3.8/site-packages/dbt/cli/requires.py", line 198, in wrapper
[2024-04-01T10:10:02.508+0000] {subprocess.py:93} INFO -     return func(*args, **kwargs)
[2024-04-01T10:10:02.509+0000] {subprocess.py:93} INFO -   File "/home/***/.local/lib/python3.8/site-packages/dbt/cli/requires.py", line 245, in wrapper
[2024-04-01T10:10:02.509+0000] {subprocess.py:93} INFO -     return func(*args, **kwargs)
[2024-04-01T10:10:02.510+0000] {subprocess.py:93} INFO -   File "/home/***/.local/lib/python3.8/site-packages/dbt/cli/requires.py", line 271, in wrapper
[2024-04-01T10:10:02.524+0000] {subprocess.py:93} INFO -     ctx.obj["manifest"] = parse_manifest(
[2024-04-01T10:10:02.526+0000] {subprocess.py:93} INFO -   File "/home/***/.local/lib/python3.8/site-packages/dbt/parser/manifest.py", line 1798, in parse_manifest
[2024-04-01T10:10:02.537+0000] {subprocess.py:93} INFO -     manifest = ManifestLoader.get_full_manifest(
[2024-04-01T10:10:02.994+0000] {subprocess.py:93} INFO -   File "/home/***/.local/lib/python3.8/site-packages/dbt/parser/manifest.py", line 318, in get_full_manifest
[2024-04-01T10:10:03.005+0000] {subprocess.py:93} INFO -     manifest = loader.load()
[2024-04-01T10:10:03.010+0000] {subprocess.py:93} INFO -   File "/home/***/.local/lib/python3.8/site-packages/dbt/parser/manifest.py", line 365, in load
[2024-04-01T10:10:03.026+0000] {subprocess.py:93} INFO -     file_reader.read_files()
[2024-04-01T10:10:03.042+0000] {subprocess.py:93} INFO -   File "/home/***/.local/lib/python3.8/site-packages/dbt/parser/read_files.py", line 203, in read_files
[2024-04-01T10:10:03.059+0000] {subprocess.py:93} INFO -     self.read_files_for_project(project, file_types)
[2024-04-01T10:10:03.075+0000] {subprocess.py:93} INFO -   File "/home/***/.local/lib/python3.8/site-packages/dbt/parser/read_files.py", line 210, in read_files_for_project
[2024-04-01T10:10:03.090+0000] {subprocess.py:93} INFO -     project_files[file_type_info["parser"]] = read_files_for_parser(
[2024-04-01T10:10:03.187+0000] {subprocess.py:93} INFO -   File "/home/***/.local/lib/python3.8/site-packages/dbt/parser/read_files.py", line 158, in read_files_for_parser
[2024-04-01T10:10:03.243+0000] {subprocess.py:93} INFO -     source_files = get_source_files(
[2024-04-01T10:10:03.251+0000] {subprocess.py:93} INFO -   File "/home/***/.local/lib/python3.8/site-packages/dbt/parser/read_files.py", line 134, in get_source_files
[2024-04-01T10:10:03.266+0000] {subprocess.py:93} INFO -     fp_list = filesystem_search(project, paths, extension, ignore_spec)
[2024-04-01T10:10:03.282+0000] {subprocess.py:93} INFO -   File "/home/***/.local/lib/python3.8/site-packages/dbt/parser/search.py", line 74, in filesystem_search
[2024-04-01T10:10:03.284+0000] {subprocess.py:93} INFO -     for result in find_matching(root, relative_dirs, ext, ignore_spec):
[2024-04-01T10:10:03.298+0000] {subprocess.py:93} INFO -   File "/home/***/.local/lib/python3.8/site-packages/dbt/clients/system.py", line 79, in find_matching
[2024-04-01T10:10:03.302+0000] {subprocess.py:93} INFO -     modification_time = os.path.getmtime(absolute_path)
[2024-04-01T10:10:03.315+0000] {subprocess.py:93} INFO -   File "/usr/local/lib/python3.8/genericpath.py", line 55, in getmtime
[2024-04-01T10:10:03.316+0000] {subprocess.py:93} INFO -     return os.stat(filename).st_mtime
[2024-04-01T10:10:03.318+0000] {subprocess.py:93} INFO - OSError: [Errno 5] Input/output error: '/opt/***/proj/dbt_packages/dbt_date/macros/calendar_date/day_name.sql'
[2024-04-01T10:10:03.319+0000] {subprocess.py:93} INFO - 
[2024-04-01T10:10:05.906+0000] {subprocess.py:97} INFO - Command exited with return code 2
[2024-04-01T10:10:05.939+0000] {taskinstance.py:2698} ERROR - Task failed with exception
Traceback (most recent call last):
  File "/home/airflow/.local/lib/python3.8/site-packages/airflow/models/taskinstance.py", line 433, in _execute_task
    result = execute_callable(context=context, **execute_callable_kwargs)
  File "/home/airflow/.local/lib/python3.8/site-packages/airflow/operators/bash.py", line 212, in execute
    raise AirflowException(
airflow.exceptions.AirflowException: Bash command failed. The command returned a non-zero exit code 2.
[2024-04-01T10:10:05.967+0000] {taskinstance.py:1138} INFO - Marking task as UP_FOR_RETRY. dag_id=freshness___dbt, task_id=run_model1, execution_date=20240316T000000, start_date=20240401T100930, end_date=20240401T101005
[2024-04-01T10:10:06.080+0000] {standard_task_runner.py:107} ERROR - Failed to execute job 208 for task run_model1 (Bash command failed. The command returned a non-zero exit code 2.; 1461)
[2024-04-01T10:10:06.118+0000] {local_task_job_runner.py:234} INFO - Task exited with return code 1
[2024-04-01T10:10:06.182+0000] {taskinstance.py:3280} INFO - 0 downstream tasks scheduled from follow-on schedule check
