[2024-03-25T12:27:20.236+0000] {taskinstance.py:1956} INFO - Dependencies all met for dep_context=non-requeueable deps ti=<TaskInstance: dag___dbt.run_model1 manual__2024-03-25T12:27:16.493203+00:00 [queued]>
[2024-03-25T12:27:20.261+0000] {taskinstance.py:1956} INFO - Dependencies all met for dep_context=requeueable deps ti=<TaskInstance: dag___dbt.run_model1 manual__2024-03-25T12:27:16.493203+00:00 [queued]>
[2024-03-25T12:27:20.263+0000] {taskinstance.py:2170} INFO - Starting attempt 1 of 2
[2024-03-25T12:27:20.404+0000] {taskinstance.py:2191} INFO - Executing <Task(BashOperator): run_model1> on 2024-03-25 12:27:16.493203+00:00
[2024-03-25T12:27:20.427+0000] {standard_task_runner.py:60} INFO - Started process 744 to run task
[2024-03-25T12:27:20.439+0000] {standard_task_runner.py:87} INFO - Running: ['***', 'tasks', 'run', 'dag___dbt', 'run_model1', 'manual__2024-03-25T12:27:16.493203+00:00', '--job-id', '40', '--raw', '--subdir', 'DAGS_FOLDER/dbt_dag.py', '--cfg-path', '/tmp/tmpyx9pw1wz']
[2024-03-25T12:27:20.446+0000] {standard_task_runner.py:88} INFO - Job 40: Subtask run_model1
[2024-03-25T12:27:20.572+0000] {task_command.py:423} INFO - Running <TaskInstance: dag___dbt.run_model1 manual__2024-03-25T12:27:16.493203+00:00 [running]> on host 62dc842f1ceb
[2024-03-25T12:27:20.921+0000] {taskinstance.py:2480} INFO - Exporting env vars: AIRFLOW_CTX_DAG_OWNER='***' AIRFLOW_CTX_DAG_ID='dag___dbt' AIRFLOW_CTX_TASK_ID='run_model1' AIRFLOW_CTX_EXECUTION_DATE='2024-03-25T12:27:16.493203+00:00' AIRFLOW_CTX_TRY_NUMBER='1' AIRFLOW_CTX_DAG_RUN_ID='manual__2024-03-25T12:27:16.493203+00:00'
[2024-03-25T12:27:20.946+0000] {subprocess.py:63} INFO - Tmp dir root location: /tmp
[2024-03-25T12:27:20.952+0000] {subprocess.py:75} INFO - Running command: ['/usr/bin/bash', '-c', '/home/***/.local/bin/dbt run --models my_first_dbt_model my_second_dbt_model  --profiles-dir /home/***/.dbt --project-dir /opt/***/proj']
[2024-03-25T12:27:20.993+0000] {subprocess.py:86} INFO - Output:
[2024-03-25T12:27:27.243+0000] {subprocess.py:93} INFO - [0m12:27:27  Running with dbt=1.7.10
[2024-03-25T12:27:27.974+0000] {subprocess.py:93} INFO - [0m12:27:27  Registered adapter: postgres=1.7.10
[2024-03-25T12:27:45.214+0000] {subprocess.py:93} INFO - [0m12:27:45  Found 32 models, 2 operations, 3 tests, 0 sources, 0 exposures, 0 metrics, 1407 macros, 0 groups, 0 semantic models
[2024-03-25T12:27:45.223+0000] {subprocess.py:93} INFO - [0m12:27:45
[2024-03-25T12:27:46.587+0000] {subprocess.py:93} INFO - [0m12:27:46
[2024-03-25T12:27:46.592+0000] {subprocess.py:93} INFO - [0m12:27:46  Running 1 on-run-start hook
[2024-03-25T12:27:46.753+0000] {subprocess.py:93} INFO - [0m12:27:46  1 of 1 START hook: elementary.on-run-start.0 ................................... [RUN]
[2024-03-25T12:27:46.755+0000] {subprocess.py:93} INFO - [0m12:27:46  1 of 1 OK hook: elementary.on-run-start.0 ...................................... [[32mOK[0m in 0.00s]
[2024-03-25T12:27:46.758+0000] {subprocess.py:93} INFO - [0m12:27:46
[2024-03-25T12:27:46.765+0000] {subprocess.py:93} INFO - [0m12:27:46  Concurrency: 1 threads (target='dev')
[2024-03-25T12:27:46.767+0000] {subprocess.py:93} INFO - [0m12:27:46
[2024-03-25T12:27:46.787+0000] {subprocess.py:93} INFO - [0m12:27:46  1 of 2 START sql table model public.my_first_dbt_model ......................... [RUN]
[2024-03-25T12:27:47.447+0000] {subprocess.py:93} INFO - [0m12:27:47  1 of 2 OK created sql table model public.my_first_dbt_model .................... [[32mSELECT 2[0m in 0.65s]
[2024-03-25T12:27:47.459+0000] {subprocess.py:93} INFO - [0m12:27:47  2 of 2 START sql view model public.my_second_dbt_model ......................... [RUN]
[2024-03-25T12:27:47.797+0000] {subprocess.py:93} INFO - [0m12:27:47  2 of 2 OK created sql view model public.my_second_dbt_model .................... [[32mCREATE VIEW[0m in 0.33s]
[2024-03-25T12:27:47.902+0000] {subprocess.py:93} INFO - [0m12:27:47
[2024-03-25T12:27:47.903+0000] {subprocess.py:93} INFO - [0m12:27:47  Running 1 on-run-end hook
[2024-03-25T12:27:51.504+0000] {subprocess.py:93} INFO - [0m12:27:51  1 of 1 START hook: elementary.on-run-end.0 ..................................... [RUN]
[2024-03-25T12:27:51.506+0000] {subprocess.py:93} INFO - [0m12:27:51  1 of 1 OK hook: elementary.on-run-end.0 ........................................ [[32mOK[0m in 0.00s]
[2024-03-25T12:27:51.509+0000] {subprocess.py:93} INFO - [0m12:27:51
[2024-03-25T12:27:51.520+0000] {subprocess.py:93} INFO - [0m12:27:51
[2024-03-25T12:27:51.523+0000] {subprocess.py:93} INFO - [0m12:27:51  Finished running 1 table model, 1 view model, 2 hooks in 0 hours 0 minutes and 6.29 seconds (6.29s).
[2024-03-25T12:27:51.613+0000] {subprocess.py:93} INFO - [0m12:27:51
[2024-03-25T12:27:51.615+0000] {subprocess.py:93} INFO - [0m12:27:51  [32mCompleted successfully[0m
[2024-03-25T12:27:51.617+0000] {subprocess.py:93} INFO - [0m12:27:51
[2024-03-25T12:27:51.619+0000] {subprocess.py:93} INFO - [0m12:27:51  Done. PASS=2 WARN=0 ERROR=0 SKIP=0 TOTAL=2
[2024-03-25T12:27:54.085+0000] {subprocess.py:97} INFO - Command exited with return code 0
[2024-03-25T12:27:54.126+0000] {taskinstance.py:1138} INFO - Marking task as SUCCESS. dag_id=dag___dbt, task_id=run_model1, execution_date=20240325T122716, start_date=20240325T122720, end_date=20240325T122754
[2024-03-25T12:27:54.173+0000] {local_task_job_runner.py:234} INFO - Task exited with return code 0
[2024-03-25T12:27:54.265+0000] {taskinstance.py:3280} INFO - 1 downstream tasks scheduled from follow-on schedule check
