[2024-04-01T09:58:18.890+0000] {taskinstance.py:1956} INFO - Dependencies all met for dep_context=non-requeueable deps ti=<TaskInstance: dag___dbt.dbt_freshness_check scheduled__2024-03-30T00:00:00+00:00 [queued]>
[2024-04-01T09:58:18.948+0000] {taskinstance.py:1956} INFO - Dependencies all met for dep_context=requeueable deps ti=<TaskInstance: dag___dbt.dbt_freshness_check scheduled__2024-03-30T00:00:00+00:00 [queued]>
[2024-04-01T09:58:18.954+0000] {taskinstance.py:2170} INFO - Starting attempt 2 of 2
[2024-04-01T09:58:19.004+0000] {taskinstance.py:2191} INFO - Executing <Task(BashOperator): dbt_freshness_check> on 2024-03-30 00:00:00+00:00
[2024-04-01T09:58:19.021+0000] {standard_task_runner.py:60} INFO - Started process 772 to run task
[2024-04-01T09:58:19.034+0000] {standard_task_runner.py:87} INFO - Running: ['***', 'tasks', 'run', 'dag___dbt', 'dbt_freshness_check', 'scheduled__2024-03-30T00:00:00+00:00', '--job-id', '138', '--raw', '--subdir', 'DAGS_FOLDER/freshness_test_dag.py', '--cfg-path', '/tmp/tmp5iovbvf6']
[2024-04-01T09:58:19.041+0000] {standard_task_runner.py:88} INFO - Job 138: Subtask dbt_freshness_check
[2024-04-01T09:58:19.211+0000] {task_command.py:423} INFO - Running <TaskInstance: dag___dbt.dbt_freshness_check scheduled__2024-03-30T00:00:00+00:00 [running]> on host 62dc842f1ceb
[2024-04-01T09:58:19.642+0000] {taskinstance.py:2480} INFO - Exporting env vars: AIRFLOW_CTX_DAG_OWNER='***' AIRFLOW_CTX_DAG_ID='dag___dbt' AIRFLOW_CTX_TASK_ID='dbt_freshness_check' AIRFLOW_CTX_EXECUTION_DATE='2024-03-30T00:00:00+00:00' AIRFLOW_CTX_TRY_NUMBER='2' AIRFLOW_CTX_DAG_RUN_ID='scheduled__2024-03-30T00:00:00+00:00'
[2024-04-01T09:58:19.646+0000] {subprocess.py:63} INFO - Tmp dir root location: /tmp
[2024-04-01T09:58:19.654+0000] {subprocess.py:75} INFO - Running command: ['/usr/bin/bash', '-c', '/home/***/.local/bin/dbt source freshness --profiles-dir /home/***/.dbt --project-dir /opt/***/proj']
[2024-04-01T09:58:19.686+0000] {subprocess.py:86} INFO - Output:
[2024-04-01T09:58:42.465+0000] {subprocess.py:93} INFO - [0m09:58:42  Running with dbt=1.7.10
[2024-04-01T09:58:44.954+0000] {subprocess.py:93} INFO - [0m09:58:44  Registered adapter: postgres=1.7.10
[2024-04-01T09:59:17.068+0000] {subprocess.py:93} INFO - [0m09:59:17  Found 34 models, 2 operations, 5 tests, 1 source, 0 exposures, 0 metrics, 1407 macros, 0 groups, 0 semantic models
[2024-04-01T09:59:17.098+0000] {subprocess.py:93} INFO - [0m09:59:17
[2024-04-01T09:59:19.017+0000] {subprocess.py:93} INFO - [0m09:59:19  Concurrency: 1 threads (target='dev')
[2024-04-01T09:59:19.034+0000] {subprocess.py:93} INFO - [0m09:59:19
[2024-04-01T09:59:19.201+0000] {subprocess.py:93} INFO - [0m09:59:19  1 of 1 START freshness of public.freshnes_test ................................. [RUN]
[2024-04-01T09:59:19.862+0000] {subprocess.py:93} INFO - [0m09:59:19  1 of 1 PASS freshness of public.freshnes_test .................................. [[32mPASS[0m in 0.64s]
[2024-04-01T09:59:22.037+0000] {subprocess.py:93} INFO - [0m09:59:22  Done.
[2024-04-01T09:59:24.803+0000] {subprocess.py:97} INFO - Command exited with return code 0
[2024-04-01T09:59:24.929+0000] {taskinstance.py:1138} INFO - Marking task as SUCCESS. dag_id=dag___dbt, task_id=dbt_freshness_check, execution_date=20240330T000000, start_date=20240401T095818, end_date=20240401T095924
[2024-04-01T09:59:25.711+0000] {local_task_job_runner.py:234} INFO - Task exited with return code 0
[2024-04-01T09:59:25.787+0000] {taskinstance.py:3280} INFO - 0 downstream tasks scheduled from follow-on schedule check
