[2024-04-04T10:39:51.631+0000] {taskinstance.py:1956} INFO - Dependencies all met for dep_context=non-requeueable deps ti=<TaskInstance: dag___dbt.dbt_data_quality_checks scheduled__2024-04-03T10:00:00+00:00 [queued]>
[2024-04-04T10:39:51.645+0000] {taskinstance.py:1956} INFO - Dependencies all met for dep_context=requeueable deps ti=<TaskInstance: dag___dbt.dbt_data_quality_checks scheduled__2024-04-03T10:00:00+00:00 [queued]>
[2024-04-04T10:39:51.647+0000] {taskinstance.py:2170} INFO - Starting attempt 1 of 2
[2024-04-04T10:39:51.675+0000] {taskinstance.py:2191} INFO - Executing <Task(BashOperator): dbt_data_quality_checks> on 2024-04-03 10:00:00+00:00
[2024-04-04T10:39:51.685+0000] {standard_task_runner.py:60} INFO - Started process 5918 to run task
[2024-04-04T10:39:51.691+0000] {standard_task_runner.py:87} INFO - Running: ['***', 'tasks', 'run', 'dag___dbt', 'dbt_data_quality_checks', 'scheduled__2024-04-03T10:00:00+00:00', '--job-id', '394', '--raw', '--subdir', 'DAGS_FOLDER/freshness_test_dag.py', '--cfg-path', '/tmp/tmpppefjggo']
[2024-04-04T10:39:51.696+0000] {standard_task_runner.py:88} INFO - Job 394: Subtask dbt_data_quality_checks
[2024-04-04T10:39:51.789+0000] {task_command.py:423} INFO - Running <TaskInstance: dag___dbt.dbt_data_quality_checks scheduled__2024-04-03T10:00:00+00:00 [running]> on host 62dc842f1ceb
[2024-04-04T10:39:51.965+0000] {taskinstance.py:2480} INFO - Exporting env vars: AIRFLOW_CTX_DAG_OWNER='***' AIRFLOW_CTX_DAG_ID='dag___dbt' AIRFLOW_CTX_TASK_ID='dbt_data_quality_checks' AIRFLOW_CTX_EXECUTION_DATE='2024-04-03T10:00:00+00:00' AIRFLOW_CTX_TRY_NUMBER='1' AIRFLOW_CTX_DAG_RUN_ID='scheduled__2024-04-03T10:00:00+00:00'
[2024-04-04T10:39:51.970+0000] {subprocess.py:63} INFO - Tmp dir root location: /tmp
[2024-04-04T10:39:51.971+0000] {subprocess.py:75} INFO - Running command: ['/usr/bin/bash', '-c', <function run_dbt_command at 0x7fed6eed0700>]
[2024-04-04T10:39:51.974+0000] {taskinstance.py:2698} ERROR - Task failed with exception
Traceback (most recent call last):
  File "/home/airflow/.local/lib/python3.8/site-packages/airflow/models/taskinstance.py", line 433, in _execute_task
    result = execute_callable(context=context, **execute_callable_kwargs)
  File "/home/airflow/.local/lib/python3.8/site-packages/airflow/operators/bash.py", line 203, in execute
    result = self.subprocess_hook.run_command(
  File "/home/airflow/.local/lib/python3.8/site-packages/airflow/hooks/subprocess.py", line 77, in run_command
    self.sub_process = Popen(
  File "/usr/local/lib/python3.8/subprocess.py", line 858, in __init__
    self._execute_child(args, executable, preexec_fn, close_fds,
  File "/usr/local/lib/python3.8/subprocess.py", line 1655, in _execute_child
    self.pid = _posixsubprocess.fork_exec(
TypeError: expected str, bytes or os.PathLike object, not function
[2024-04-04T10:39:51.990+0000] {taskinstance.py:1138} INFO - Marking task as UP_FOR_RETRY. dag_id=dag___dbt, task_id=dbt_data_quality_checks, execution_date=20240403T100000, start_date=20240404T103951, end_date=20240404T103951
[2024-04-04T10:39:52.010+0000] {standard_task_runner.py:107} ERROR - Failed to execute job 394 for task dbt_data_quality_checks (expected str, bytes or os.PathLike object, not function; 5918)
[2024-04-04T10:39:52.065+0000] {local_task_job_runner.py:234} INFO - Task exited with return code 1
[2024-04-04T10:39:52.133+0000] {taskinstance.py:3280} INFO - 0 downstream tasks scheduled from follow-on schedule check
