[2024-03-27T09:26:30.732+0000] {taskinstance.py:1956} INFO - Dependencies all met for dep_context=non-requeueable deps ti=<TaskInstance: dag___dbt.dbt_data_quality_checks scheduled__2024-03-26T00:00:00+00:00 [queued]>
[2024-03-27T09:26:30.744+0000] {taskinstance.py:1956} INFO - Dependencies all met for dep_context=requeueable deps ti=<TaskInstance: dag___dbt.dbt_data_quality_checks scheduled__2024-03-26T00:00:00+00:00 [queued]>
[2024-03-27T09:26:30.746+0000] {taskinstance.py:2170} INFO - Starting attempt 1 of 2
[2024-03-27T09:26:30.769+0000] {taskinstance.py:2191} INFO - Executing <Task(BashOperator): dbt_data_quality_checks> on 2024-03-26 00:00:00+00:00
[2024-03-27T09:26:30.778+0000] {standard_task_runner.py:60} INFO - Started process 5299 to run task
[2024-03-27T09:26:30.783+0000] {standard_task_runner.py:87} INFO - Running: ['***', 'tasks', 'run', 'dag___dbt', 'dbt_data_quality_checks', 'scheduled__2024-03-26T00:00:00+00:00', '--job-id', '62', '--raw', '--subdir', 'DAGS_FOLDER/dbt_dag.py', '--cfg-path', '/tmp/tmp0gwomcy6']
[2024-03-27T09:26:30.788+0000] {standard_task_runner.py:88} INFO - Job 62: Subtask dbt_data_quality_checks
[2024-03-27T09:26:30.862+0000] {task_command.py:423} INFO - Running <TaskInstance: dag___dbt.dbt_data_quality_checks scheduled__2024-03-26T00:00:00+00:00 [running]> on host 62dc842f1ceb
[2024-03-27T09:26:30.990+0000] {taskinstance.py:2480} INFO - Exporting env vars: AIRFLOW_CTX_DAG_OWNER='***' AIRFLOW_CTX_DAG_ID='dag___dbt' AIRFLOW_CTX_TASK_ID='dbt_data_quality_checks' AIRFLOW_CTX_EXECUTION_DATE='2024-03-26T00:00:00+00:00' AIRFLOW_CTX_TRY_NUMBER='1' AIRFLOW_CTX_DAG_RUN_ID='scheduled__2024-03-26T00:00:00+00:00'
[2024-03-27T09:26:30.993+0000] {subprocess.py:63} INFO - Tmp dir root location: /tmp
[2024-03-27T09:26:30.995+0000] {subprocess.py:75} INFO - Running command: ['/usr/bin/bash', '-c', '/home/***/.local/bin/dbt test --profiles-dir /home/***/.dbt --project-dir /opt/***/proj']
[2024-03-27T09:26:31.016+0000] {subprocess.py:86} INFO - Output:
[2024-03-27T09:26:43.937+0000] {subprocess.py:93} INFO - [0m09:26:43  Running with dbt=1.7.10
[2024-03-27T09:26:47.060+0000] {subprocess.py:93} INFO - [0m09:26:47  Registered adapter: postgres=1.7.10
[2024-03-27T09:27:05.674+0000] {subprocess.py:93} INFO - [0m09:27:05  Found 32 models, 2 operations, 3 tests, 0 sources, 0 exposures, 0 metrics, 1407 macros, 0 groups, 0 semantic models
[2024-03-27T09:27:05.684+0000] {subprocess.py:93} INFO - [0m09:27:05
[2024-03-27T09:27:06.430+0000] {subprocess.py:93} INFO - [0m09:27:06
[2024-03-27T09:27:06.432+0000] {subprocess.py:93} INFO - [0m09:27:06  Running 1 on-run-start hook
[2024-03-27T09:27:06.656+0000] {subprocess.py:93} INFO - [0m09:27:06  1 of 1 START hook: elementary.on-run-start.0 ................................... [RUN]
[2024-03-27T09:27:06.658+0000] {subprocess.py:93} INFO - [0m09:27:06  1 of 1 OK hook: elementary.on-run-start.0 ...................................... [[32mOK[0m in 0.00s]
[2024-03-27T09:27:06.660+0000] {subprocess.py:93} INFO - [0m09:27:06
[2024-03-27T09:27:06.665+0000] {subprocess.py:93} INFO - [0m09:27:06  Concurrency: 1 threads (target='dev')
[2024-03-27T09:27:06.669+0000] {subprocess.py:93} INFO - [0m09:27:06
[2024-03-27T09:27:06.691+0000] {subprocess.py:93} INFO - [0m09:27:06  1 of 3 START test not_null_my_second_dbt_model_id .............................. [RUN]
[2024-03-27T09:27:07.417+0000] {subprocess.py:93} INFO - [0m09:27:07  1 of 3 PASS not_null_my_second_dbt_model_id .................................... [[32mPASS[0m in 0.72s]
[2024-03-27T09:27:07.423+0000] {subprocess.py:93} INFO - [0m09:27:07  2 of 3 START test unique_my_first_dbt_model_id ................................. [RUN]
[2024-03-27T09:27:07.674+0000] {subprocess.py:93} INFO - [0m09:27:07  2 of 3 PASS unique_my_first_dbt_model_id ....................................... [[32mPASS[0m in 0.25s]
[2024-03-27T09:27:07.684+0000] {subprocess.py:93} INFO - [0m09:27:07  3 of 3 START test unique_my_second_dbt_model_id ................................ [RUN]
[2024-03-27T09:27:07.908+0000] {subprocess.py:93} INFO - [0m09:27:07  3 of 3 PASS unique_my_second_dbt_model_id ...................................... [[32mPASS[0m in 0.22s]
[2024-03-27T09:27:07.994+0000] {subprocess.py:93} INFO - [0m09:27:07
[2024-03-27T09:27:07.995+0000] {subprocess.py:93} INFO - [0m09:27:07  Running 1 on-run-end hook
[2024-03-27T09:27:10.540+0000] {subprocess.py:93} INFO - [0m09:27:10  1 of 1 START hook: elementary.on-run-end.0 ..................................... [RUN]
[2024-03-27T09:27:10.542+0000] {subprocess.py:93} INFO - [0m09:27:10  1 of 1 OK hook: elementary.on-run-end.0 ........................................ [[32mOK[0m in 0.00s]
[2024-03-27T09:27:10.544+0000] {subprocess.py:93} INFO - [0m09:27:10
[2024-03-27T09:27:10.554+0000] {subprocess.py:93} INFO - [0m09:27:10
[2024-03-27T09:27:10.556+0000] {subprocess.py:93} INFO - [0m09:27:10  Finished running 3 tests, 2 hooks in 0 hours 0 minutes and 4.87 seconds (4.87s).
[2024-03-27T09:27:10.638+0000] {subprocess.py:93} INFO - [0m09:27:10
[2024-03-27T09:27:10.639+0000] {subprocess.py:93} INFO - [0m09:27:10  [32mCompleted successfully[0m
[2024-03-27T09:27:10.641+0000] {subprocess.py:93} INFO - [0m09:27:10
[2024-03-27T09:27:10.642+0000] {subprocess.py:93} INFO - [0m09:27:10  Done. PASS=3 WARN=0 ERROR=0 SKIP=0 TOTAL=3
[2024-03-27T09:27:12.016+0000] {subprocess.py:97} INFO - Command exited with return code 0
[2024-03-27T09:27:12.058+0000] {taskinstance.py:1138} INFO - Marking task as SUCCESS. dag_id=dag___dbt, task_id=dbt_data_quality_checks, execution_date=20240326T000000, start_date=20240327T092630, end_date=20240327T092712
[2024-03-27T09:27:12.091+0000] {local_task_job_runner.py:234} INFO - Task exited with return code 0
[2024-03-27T09:27:12.123+0000] {taskinstance.py:3280} INFO - 1 downstream tasks scheduled from follow-on schedule check
