[2024-04-01T10:01:41.767+0000] {taskinstance.py:1956} INFO - Dependencies all met for dep_context=non-requeueable deps ti=<TaskInstance: dag___freshness.dbt_freshness_check scheduled__2024-03-15T05:00:00+00:00 [queued]>
[2024-04-01T10:01:41.894+0000] {taskinstance.py:1956} INFO - Dependencies all met for dep_context=requeueable deps ti=<TaskInstance: dag___freshness.dbt_freshness_check scheduled__2024-03-15T05:00:00+00:00 [queued]>
[2024-04-01T10:01:41.915+0000] {taskinstance.py:2170} INFO - Starting attempt 1 of 2
[2024-04-01T10:01:42.084+0000] {taskinstance.py:2191} INFO - Executing <Task(BashOperator): dbt_freshness_check> on 2024-03-15 05:00:00+00:00
[2024-04-01T10:01:42.111+0000] {standard_task_runner.py:87} INFO - Running: ['***', 'tasks', 'run', 'dag___freshness', 'dbt_freshness_check', 'scheduled__2024-03-15T05:00:00+00:00', '--job-id', '158', '--raw', '--subdir', 'DAGS_FOLDER/freshness_test_dag.py', '--cfg-path', '/tmp/tmpwgh4f9g5']
[2024-04-01T10:01:42.141+0000] {standard_task_runner.py:88} INFO - Job 158: Subtask dbt_freshness_check
[2024-04-01T10:01:42.104+0000] {standard_task_runner.py:60} INFO - Started process 982 to run task
[2024-04-01T10:01:42.675+0000] {task_command.py:423} INFO - Running <TaskInstance: dag___freshness.dbt_freshness_check scheduled__2024-03-15T05:00:00+00:00 [running]> on host 62dc842f1ceb
[2024-04-01T10:01:43.484+0000] {taskinstance.py:2480} INFO - Exporting env vars: AIRFLOW_CTX_DAG_OWNER='***' AIRFLOW_CTX_DAG_ID='dag___freshness' AIRFLOW_CTX_TASK_ID='dbt_freshness_check' AIRFLOW_CTX_EXECUTION_DATE='2024-03-15T05:00:00+00:00' AIRFLOW_CTX_TRY_NUMBER='1' AIRFLOW_CTX_DAG_RUN_ID='scheduled__2024-03-15T05:00:00+00:00'
[2024-04-01T10:01:43.493+0000] {subprocess.py:63} INFO - Tmp dir root location: /tmp
[2024-04-01T10:01:43.520+0000] {subprocess.py:75} INFO - Running command: ['/usr/bin/bash', '-c', '/home/***/.local/bin/dbt source freshness --profiles-dir /home/***/.dbt --project-dir /opt/***/proj']
[2024-04-01T10:01:43.754+0000] {subprocess.py:86} INFO - Output:
[2024-04-01T10:02:45.304+0000] {subprocess.py:93} INFO - [0m10:02:45  Running with dbt=1.7.10
[2024-04-01T10:02:53.418+0000] {subprocess.py:93} INFO - [0m10:02:53  Registered adapter: postgres=1.7.10
[2024-04-01T10:02:57.007+0000] {subprocess.py:93} INFO - [0m10:02:57  Encountered an error:
[2024-04-01T10:02:57.009+0000] {subprocess.py:93} INFO - [Errno 5] Input/output error: '/opt/***/proj/models/example/schema.yml'
[2024-04-01T10:02:57.022+0000] {subprocess.py:93} INFO - [0m10:02:57  Traceback (most recent call last):
[2024-04-01T10:02:57.028+0000] {subprocess.py:93} INFO -   File "/home/***/.local/lib/python3.8/site-packages/dbt/cli/requires.py", line 91, in wrapper
[2024-04-01T10:02:57.029+0000] {subprocess.py:93} INFO -     result, success = func(*args, **kwargs)
[2024-04-01T10:02:57.030+0000] {subprocess.py:93} INFO -   File "/home/***/.local/lib/python3.8/site-packages/dbt/cli/requires.py", line 76, in wrapper
[2024-04-01T10:02:57.034+0000] {subprocess.py:93} INFO -     return func(*args, **kwargs)
[2024-04-01T10:02:57.036+0000] {subprocess.py:93} INFO -   File "/home/***/.local/lib/python3.8/site-packages/dbt/cli/requires.py", line 169, in wrapper
[2024-04-01T10:02:57.042+0000] {subprocess.py:93} INFO -     return func(*args, **kwargs)
[2024-04-01T10:02:57.046+0000] {subprocess.py:93} INFO -   File "/home/***/.local/lib/python3.8/site-packages/dbt/cli/requires.py", line 198, in wrapper
[2024-04-01T10:02:57.047+0000] {subprocess.py:93} INFO -     return func(*args, **kwargs)
[2024-04-01T10:02:57.052+0000] {subprocess.py:93} INFO -   File "/home/***/.local/lib/python3.8/site-packages/dbt/cli/requires.py", line 245, in wrapper
[2024-04-01T10:02:57.055+0000] {subprocess.py:93} INFO -     return func(*args, **kwargs)
[2024-04-01T10:02:57.057+0000] {subprocess.py:93} INFO -   File "/home/***/.local/lib/python3.8/site-packages/dbt/cli/requires.py", line 271, in wrapper
[2024-04-01T10:02:57.061+0000] {subprocess.py:93} INFO -     ctx.obj["manifest"] = parse_manifest(
[2024-04-01T10:02:57.074+0000] {subprocess.py:93} INFO -   File "/home/***/.local/lib/python3.8/site-packages/dbt/parser/manifest.py", line 1798, in parse_manifest
[2024-04-01T10:02:57.085+0000] {subprocess.py:93} INFO -     manifest = ManifestLoader.get_full_manifest(
[2024-04-01T10:02:57.087+0000] {subprocess.py:93} INFO -   File "/home/***/.local/lib/python3.8/site-packages/dbt/parser/manifest.py", line 318, in get_full_manifest
[2024-04-01T10:02:57.093+0000] {subprocess.py:93} INFO -     manifest = loader.load()
[2024-04-01T10:02:57.103+0000] {subprocess.py:93} INFO -   File "/home/***/.local/lib/python3.8/site-packages/dbt/parser/manifest.py", line 365, in load
[2024-04-01T10:02:57.127+0000] {subprocess.py:93} INFO -     file_reader.read_files()
[2024-04-01T10:02:57.137+0000] {subprocess.py:93} INFO -   File "/home/***/.local/lib/python3.8/site-packages/dbt/parser/read_files.py", line 203, in read_files
[2024-04-01T10:02:57.145+0000] {subprocess.py:93} INFO -     self.read_files_for_project(project, file_types)
[2024-04-01T10:02:57.154+0000] {subprocess.py:93} INFO -   File "/home/***/.local/lib/python3.8/site-packages/dbt/parser/read_files.py", line 210, in read_files_for_project
[2024-04-01T10:02:57.164+0000] {subprocess.py:93} INFO -     project_files[file_type_info["parser"]] = read_files_for_parser(
[2024-04-01T10:02:57.167+0000] {subprocess.py:93} INFO -   File "/home/***/.local/lib/python3.8/site-packages/dbt/parser/read_files.py", line 158, in read_files_for_parser
[2024-04-01T10:02:57.174+0000] {subprocess.py:93} INFO -     source_files = get_source_files(
[2024-04-01T10:02:57.184+0000] {subprocess.py:93} INFO -   File "/home/***/.local/lib/python3.8/site-packages/dbt/parser/read_files.py", line 134, in get_source_files
[2024-04-01T10:02:57.195+0000] {subprocess.py:93} INFO -     fp_list = filesystem_search(project, paths, extension, ignore_spec)
[2024-04-01T10:02:57.200+0000] {subprocess.py:93} INFO -   File "/home/***/.local/lib/python3.8/site-packages/dbt/parser/search.py", line 74, in filesystem_search
[2024-04-01T10:02:57.210+0000] {subprocess.py:93} INFO -     for result in find_matching(root, relative_dirs, ext, ignore_spec):
[2024-04-01T10:02:57.236+0000] {subprocess.py:93} INFO -   File "/home/***/.local/lib/python3.8/site-packages/dbt/clients/system.py", line 79, in find_matching
[2024-04-01T10:02:57.244+0000] {subprocess.py:93} INFO -     modification_time = os.path.getmtime(absolute_path)
[2024-04-01T10:02:57.246+0000] {subprocess.py:93} INFO -   File "/usr/local/lib/python3.8/genericpath.py", line 55, in getmtime
[2024-04-01T10:02:57.247+0000] {subprocess.py:93} INFO -     return os.stat(filename).st_mtime
[2024-04-01T10:02:57.248+0000] {subprocess.py:93} INFO - OSError: [Errno 5] Input/output error: '/opt/***/proj/models/example/schema.yml'
[2024-04-01T10:02:57.249+0000] {subprocess.py:93} INFO - 
[2024-04-01T10:02:59.907+0000] {subprocess.py:97} INFO - Command exited with return code 2
[2024-04-01T10:03:00.001+0000] {taskinstance.py:2698} ERROR - Task failed with exception
Traceback (most recent call last):
  File "/home/airflow/.local/lib/python3.8/site-packages/airflow/models/taskinstance.py", line 433, in _execute_task
    result = execute_callable(context=context, **execute_callable_kwargs)
  File "/home/airflow/.local/lib/python3.8/site-packages/airflow/operators/bash.py", line 212, in execute
    raise AirflowException(
airflow.exceptions.AirflowException: Bash command failed. The command returned a non-zero exit code 2.
[2024-04-01T10:03:00.047+0000] {taskinstance.py:1138} INFO - Marking task as UP_FOR_RETRY. dag_id=dag___freshness, task_id=dbt_freshness_check, execution_date=20240315T050000, start_date=20240401T100141, end_date=20240401T100300
[2024-04-01T10:03:00.232+0000] {standard_task_runner.py:107} ERROR - Failed to execute job 158 for task dbt_freshness_check (Bash command failed. The command returned a non-zero exit code 2.; 982)
[2024-04-01T10:03:00.372+0000] {local_task_job_runner.py:234} INFO - Task exited with return code 1
[2024-04-01T10:03:00.469+0000] {taskinstance.py:3280} INFO - 0 downstream tasks scheduled from follow-on schedule check
