[2024-04-01T10:04:57.632+0000] {taskinstance.py:1956} INFO - Dependencies all met for dep_context=non-requeueable deps ti=<TaskInstance: dag___freshness.run_model1 scheduled__2024-03-20T10:00:00+00:00 [queued]>
[2024-04-01T10:04:57.691+0000] {taskinstance.py:1956} INFO - Dependencies all met for dep_context=requeueable deps ti=<TaskInstance: dag___freshness.run_model1 scheduled__2024-03-20T10:00:00+00:00 [queued]>
[2024-04-01T10:04:57.693+0000] {taskinstance.py:2170} INFO - Starting attempt 1 of 2
[2024-04-01T10:04:57.821+0000] {taskinstance.py:2191} INFO - Executing <Task(BashOperator): run_model1> on 2024-03-20 10:00:00+00:00
[2024-04-01T10:04:57.838+0000] {standard_task_runner.py:60} INFO - Started process 1224 to run task
[2024-04-01T10:04:57.858+0000] {standard_task_runner.py:87} INFO - Running: ['***', 'tasks', 'run', 'dag___freshness', 'run_model1', 'scheduled__2024-03-20T10:00:00+00:00', '--job-id', '188', '--raw', '--subdir', 'DAGS_FOLDER/freshness_test_dag.py', '--cfg-path', '/tmp/tmpyobbvdin']
[2024-04-01T10:04:57.891+0000] {standard_task_runner.py:88} INFO - Job 188: Subtask run_model1
[2024-04-01T10:04:58.269+0000] {task_command.py:423} INFO - Running <TaskInstance: dag___freshness.run_model1 scheduled__2024-03-20T10:00:00+00:00 [running]> on host 62dc842f1ceb
[2024-04-01T10:04:58.862+0000] {taskinstance.py:2480} INFO - Exporting env vars: AIRFLOW_CTX_DAG_OWNER='***' AIRFLOW_CTX_DAG_ID='dag___freshness' AIRFLOW_CTX_TASK_ID='run_model1' AIRFLOW_CTX_EXECUTION_DATE='2024-03-20T10:00:00+00:00' AIRFLOW_CTX_TRY_NUMBER='1' AIRFLOW_CTX_DAG_RUN_ID='scheduled__2024-03-20T10:00:00+00:00'
[2024-04-01T10:04:58.870+0000] {subprocess.py:63} INFO - Tmp dir root location: /tmp
[2024-04-01T10:04:58.875+0000] {subprocess.py:75} INFO - Running command: ['/usr/bin/bash', '-c', '/home/***/.local/bin/dbt run --models my_first_dbt_model my_second_dbt_model  --profiles-dir /home/***/.dbt --project-dir /opt/***/proj']
[2024-04-01T10:04:58.959+0000] {subprocess.py:86} INFO - Output:
[2024-04-01T10:05:49.096+0000] {subprocess.py:93} INFO - [0m10:05:49  Running with dbt=1.7.10
[2024-04-01T10:05:52.539+0000] {subprocess.py:93} INFO - [0m10:05:52  Registered adapter: postgres=1.7.10
[2024-04-01T10:06:12.348+0000] {subprocess.py:93} INFO - [0m10:06:12  Found 34 models, 2 operations, 5 tests, 1 source, 0 exposures, 0 metrics, 1407 macros, 0 groups, 0 semantic models
[2024-04-01T10:06:12.364+0000] {subprocess.py:93} INFO - [0m10:06:12
[2024-04-01T10:06:13.751+0000] {subprocess.py:93} INFO - [0m10:06:13
[2024-04-01T10:06:13.754+0000] {subprocess.py:93} INFO - [0m10:06:13  Running 1 on-run-start hook
[2024-04-01T10:06:14.011+0000] {subprocess.py:93} INFO - [0m10:06:14  1 of 1 START hook: elementary.on-run-start.0 ................................... [RUN]
[2024-04-01T10:06:14.016+0000] {subprocess.py:93} INFO - [0m10:06:14  1 of 1 OK hook: elementary.on-run-start.0 ...................................... [[32mOK[0m in 0.00s]
[2024-04-01T10:06:14.020+0000] {subprocess.py:93} INFO - [0m10:06:14
[2024-04-01T10:06:14.032+0000] {subprocess.py:93} INFO - [0m10:06:14  Concurrency: 1 threads (target='dev')
[2024-04-01T10:06:14.038+0000] {subprocess.py:93} INFO - [0m10:06:14
[2024-04-01T10:06:14.076+0000] {subprocess.py:93} INFO - [0m10:06:14  1 of 2 START sql table model public.my_first_dbt_model ......................... [RUN]
[2024-04-01T10:06:15.242+0000] {subprocess.py:93} INFO - [0m10:06:15  1 of 2 OK created sql table model public.my_first_dbt_model .................... [[32mSELECT 2[0m in 1.15s]
[2024-04-01T10:06:15.265+0000] {subprocess.py:93} INFO - [0m10:06:15  2 of 2 START sql view model public.my_second_dbt_model ......................... [RUN]
[2024-04-01T10:06:15.892+0000] {subprocess.py:93} INFO - [0m10:06:15  2 of 2 ERROR creating sql view model public.my_second_dbt_model ................ [[31mERROR[0m in 0.61s]
[2024-04-01T10:06:16.087+0000] {subprocess.py:93} INFO - [0m10:06:16
[2024-04-01T10:06:16.096+0000] {subprocess.py:93} INFO - [0m10:06:16  Running 1 on-run-end hook
[2024-04-01T10:06:24.903+0000] {subprocess.py:93} INFO - [0m10:06:24  1 of 1 START hook: elementary.on-run-end.0 ..................................... [RUN]
[2024-04-01T10:06:24.920+0000] {subprocess.py:93} INFO - [0m10:06:24  1 of 1 OK hook: elementary.on-run-end.0 ........................................ [[32mOK[0m in 0.00s]
[2024-04-01T10:06:24.945+0000] {subprocess.py:93} INFO - [0m10:06:24
[2024-04-01T10:06:24.967+0000] {subprocess.py:93} INFO - [0m10:06:24
[2024-04-01T10:06:24.971+0000] {subprocess.py:93} INFO - [0m10:06:24  Finished running 1 table model, 1 view model, 2 hooks in 0 hours 0 minutes and 12.60 seconds (12.60s).
[2024-04-01T10:06:25.225+0000] {subprocess.py:93} INFO - [0m10:06:25
[2024-04-01T10:06:25.233+0000] {subprocess.py:93} INFO - [0m10:06:25  [31mCompleted with 1 error and 0 warnings:[0m
[2024-04-01T10:06:25.247+0000] {subprocess.py:93} INFO - [0m10:06:25
[2024-04-01T10:06:25.250+0000] {subprocess.py:93} INFO - [0m10:06:25    Database Error in model my_second_dbt_model (models/example/my_second_dbt_model.sql)
[2024-04-01T10:06:25.252+0000] {subprocess.py:93} INFO -   ERREUR:  la relation « my_second_dbt_model » existe déjà
[2024-04-01T10:06:25.254+0000] {subprocess.py:93} INFO -   compiled Code at target/run/proj/models/example/my_second_dbt_model.sql
[2024-04-01T10:06:25.264+0000] {subprocess.py:93} INFO - [0m10:06:25
[2024-04-01T10:06:25.267+0000] {subprocess.py:93} INFO - [0m10:06:25  Done. PASS=1 WARN=0 ERROR=1 SKIP=0 TOTAL=2
[2024-04-01T10:06:26.887+0000] {subprocess.py:97} INFO - Command exited with return code 1
[2024-04-01T10:06:26.924+0000] {taskinstance.py:2698} ERROR - Task failed with exception
Traceback (most recent call last):
  File "/home/airflow/.local/lib/python3.8/site-packages/airflow/models/taskinstance.py", line 433, in _execute_task
    result = execute_callable(context=context, **execute_callable_kwargs)
  File "/home/airflow/.local/lib/python3.8/site-packages/airflow/operators/bash.py", line 212, in execute
    raise AirflowException(
airflow.exceptions.AirflowException: Bash command failed. The command returned a non-zero exit code 1.
[2024-04-01T10:06:26.934+0000] {taskinstance.py:1138} INFO - Marking task as UP_FOR_RETRY. dag_id=dag___freshness, task_id=run_model1, execution_date=20240320T100000, start_date=20240401T100457, end_date=20240401T100626
[2024-04-01T10:06:26.979+0000] {standard_task_runner.py:107} ERROR - Failed to execute job 188 for task run_model1 (Bash command failed. The command returned a non-zero exit code 1.; 1224)
[2024-04-01T10:06:27.037+0000] {local_task_job_runner.py:234} INFO - Task exited with return code 1
[2024-04-01T10:06:27.075+0000] {taskinstance.py:3280} INFO - 0 downstream tasks scheduled from follow-on schedule check
