[2024-03-25T12:28:58.409+0000] {taskinstance.py:1956} INFO - Dependencies all met for dep_context=non-requeueable deps ti=<TaskInstance: dag___dbt.elementary_reports_generation manual__2024-03-25T12:21:39.606748+00:00 [queued]>
[2024-03-25T12:28:58.420+0000] {taskinstance.py:1956} INFO - Dependencies all met for dep_context=requeueable deps ti=<TaskInstance: dag___dbt.elementary_reports_generation manual__2024-03-25T12:21:39.606748+00:00 [queued]>
[2024-03-25T12:28:58.421+0000] {taskinstance.py:2170} INFO - Starting attempt 1 of 2
[2024-03-25T12:28:58.439+0000] {taskinstance.py:2191} INFO - Executing <Task(BashOperator): elementary_reports_generation> on 2024-03-25 12:21:39.606748+00:00
[2024-03-25T12:28:58.446+0000] {standard_task_runner.py:60} INFO - Started process 811 to run task
[2024-03-25T12:28:58.450+0000] {standard_task_runner.py:87} INFO - Running: ['***', 'tasks', 'run', 'dag___dbt', 'elementary_reports_generation', 'manual__2024-03-25T12:21:39.606748+00:00', '--job-id', '44', '--raw', '--subdir', 'DAGS_FOLDER/dbt_dag.py', '--cfg-path', '/tmp/tmpngwa0q7f']
[2024-03-25T12:28:58.454+0000] {standard_task_runner.py:88} INFO - Job 44: Subtask elementary_reports_generation
[2024-03-25T12:28:58.515+0000] {task_command.py:423} INFO - Running <TaskInstance: dag___dbt.elementary_reports_generation manual__2024-03-25T12:21:39.606748+00:00 [running]> on host 62dc842f1ceb
[2024-03-25T12:28:58.619+0000] {taskinstance.py:2480} INFO - Exporting env vars: AIRFLOW_CTX_DAG_OWNER='***' AIRFLOW_CTX_DAG_ID='dag___dbt' AIRFLOW_CTX_TASK_ID='elementary_reports_generation' AIRFLOW_CTX_EXECUTION_DATE='2024-03-25T12:21:39.606748+00:00' AIRFLOW_CTX_TRY_NUMBER='1' AIRFLOW_CTX_DAG_RUN_ID='manual__2024-03-25T12:21:39.606748+00:00'
[2024-03-25T12:28:58.623+0000] {subprocess.py:63} INFO - Tmp dir root location: /tmp
[2024-03-25T12:28:58.624+0000] {subprocess.py:75} INFO - Running command: ['/usr/bin/bash', '-c', '/home/***/.local/bin/edr report']
[2024-03-25T12:28:58.641+0000] {subprocess.py:86} INFO - Output:
[2024-03-25T12:28:58.643+0000] {subprocess.py:93} INFO - /usr/bin/bash: line 1: /home/***/.local/bin/edr: No such file or directory
[2024-03-25T12:28:58.644+0000] {subprocess.py:97} INFO - Command exited with return code 127
[2024-03-25T12:28:58.658+0000] {taskinstance.py:2698} ERROR - Task failed with exception
Traceback (most recent call last):
  File "/home/airflow/.local/lib/python3.8/site-packages/airflow/models/taskinstance.py", line 433, in _execute_task
    result = execute_callable(context=context, **execute_callable_kwargs)
  File "/home/airflow/.local/lib/python3.8/site-packages/airflow/operators/bash.py", line 212, in execute
    raise AirflowException(
airflow.exceptions.AirflowException: Bash command failed. The command returned a non-zero exit code 127.
[2024-03-25T12:28:58.664+0000] {taskinstance.py:1138} INFO - Marking task as UP_FOR_RETRY. dag_id=dag___dbt, task_id=elementary_reports_generation, execution_date=20240325T122139, start_date=20240325T122858, end_date=20240325T122858
[2024-03-25T12:28:58.681+0000] {standard_task_runner.py:107} ERROR - Failed to execute job 44 for task elementary_reports_generation (Bash command failed. The command returned a non-zero exit code 127.; 811)
[2024-03-25T12:28:58.703+0000] {local_task_job_runner.py:234} INFO - Task exited with return code 1
[2024-03-25T12:28:58.727+0000] {taskinstance.py:3280} INFO - 0 downstream tasks scheduled from follow-on schedule check
