[2024-04-01T10:01:30.183+0000] {taskinstance.py:1956} INFO - Dependencies all met for dep_context=non-requeueable deps ti=<TaskInstance: dag___freshness.dbt_freshness_check manual__2024-04-01T10:00:33.691349+00:00 [queued]>
[2024-04-01T10:01:30.301+0000] {taskinstance.py:1956} INFO - Dependencies all met for dep_context=requeueable deps ti=<TaskInstance: dag___freshness.dbt_freshness_check manual__2024-04-01T10:00:33.691349+00:00 [queued]>
[2024-04-01T10:01:30.307+0000] {taskinstance.py:2170} INFO - Starting attempt 1 of 2
[2024-04-01T10:01:30.482+0000] {taskinstance.py:2191} INFO - Executing <Task(BashOperator): dbt_freshness_check> on 2024-04-01 10:00:33.691349+00:00
[2024-04-01T10:01:30.498+0000] {standard_task_runner.py:60} INFO - Started process 961 to run task
[2024-04-01T10:01:30.526+0000] {standard_task_runner.py:87} INFO - Running: ['***', 'tasks', 'run', 'dag___freshness', 'dbt_freshness_check', 'manual__2024-04-01T10:00:33.691349+00:00', '--job-id', '155', '--raw', '--subdir', 'DAGS_FOLDER/freshness_test_dag.py', '--cfg-path', '/tmp/tmpx4m6ogca']
[2024-04-01T10:01:30.539+0000] {standard_task_runner.py:88} INFO - Job 155: Subtask dbt_freshness_check
[2024-04-01T10:01:31.030+0000] {task_command.py:423} INFO - Running <TaskInstance: dag___freshness.dbt_freshness_check manual__2024-04-01T10:00:33.691349+00:00 [running]> on host 62dc842f1ceb
[2024-04-01T10:01:32.039+0000] {taskinstance.py:2480} INFO - Exporting env vars: AIRFLOW_CTX_DAG_OWNER='***' AIRFLOW_CTX_DAG_ID='dag___freshness' AIRFLOW_CTX_TASK_ID='dbt_freshness_check' AIRFLOW_CTX_EXECUTION_DATE='2024-04-01T10:00:33.691349+00:00' AIRFLOW_CTX_TRY_NUMBER='1' AIRFLOW_CTX_DAG_RUN_ID='manual__2024-04-01T10:00:33.691349+00:00'
[2024-04-01T10:01:32.129+0000] {subprocess.py:63} INFO - Tmp dir root location: /tmp
[2024-04-01T10:01:32.146+0000] {subprocess.py:75} INFO - Running command: ['/usr/bin/bash', '-c', '/home/***/.local/bin/dbt source freshness --profiles-dir /home/***/.dbt --project-dir /opt/***/proj']
[2024-04-01T10:01:32.322+0000] {subprocess.py:86} INFO - Output:
[2024-04-01T10:02:44.823+0000] {subprocess.py:93} INFO - [0m10:02:44  Running with dbt=1.7.10
[2024-04-01T10:02:52.817+0000] {subprocess.py:93} INFO - [0m10:02:52  Registered adapter: postgres=1.7.10
[2024-04-01T10:02:56.912+0000] {subprocess.py:93} INFO - [0m10:02:56  Encountered an error:
[2024-04-01T10:02:56.914+0000] {subprocess.py:93} INFO - [Errno 5] Input/output error: '/opt/***/proj/dbt_packages/dbt_date/macros/_utils/modules_datetime.sql'
[2024-04-01T10:02:56.971+0000] {subprocess.py:93} INFO - [0m10:02:56  Traceback (most recent call last):
[2024-04-01T10:02:56.972+0000] {subprocess.py:93} INFO -   File "/home/***/.local/lib/python3.8/site-packages/dbt/cli/requires.py", line 91, in wrapper
[2024-04-01T10:02:56.973+0000] {subprocess.py:93} INFO -     result, success = func(*args, **kwargs)
[2024-04-01T10:02:56.975+0000] {subprocess.py:93} INFO -   File "/home/***/.local/lib/python3.8/site-packages/dbt/cli/requires.py", line 76, in wrapper
[2024-04-01T10:02:56.976+0000] {subprocess.py:93} INFO -     return func(*args, **kwargs)
[2024-04-01T10:02:56.978+0000] {subprocess.py:93} INFO -   File "/home/***/.local/lib/python3.8/site-packages/dbt/cli/requires.py", line 169, in wrapper
[2024-04-01T10:02:56.980+0000] {subprocess.py:93} INFO -     return func(*args, **kwargs)
[2024-04-01T10:02:56.984+0000] {subprocess.py:93} INFO -   File "/home/***/.local/lib/python3.8/site-packages/dbt/cli/requires.py", line 198, in wrapper
[2024-04-01T10:02:56.990+0000] {subprocess.py:93} INFO -     return func(*args, **kwargs)
[2024-04-01T10:02:56.992+0000] {subprocess.py:93} INFO -   File "/home/***/.local/lib/python3.8/site-packages/dbt/cli/requires.py", line 245, in wrapper
[2024-04-01T10:02:56.995+0000] {subprocess.py:93} INFO -     return func(*args, **kwargs)
[2024-04-01T10:02:57.006+0000] {subprocess.py:93} INFO -   File "/home/***/.local/lib/python3.8/site-packages/dbt/cli/requires.py", line 271, in wrapper
[2024-04-01T10:02:57.012+0000] {subprocess.py:93} INFO -     ctx.obj["manifest"] = parse_manifest(
[2024-04-01T10:02:57.038+0000] {subprocess.py:93} INFO -   File "/home/***/.local/lib/python3.8/site-packages/dbt/parser/manifest.py", line 1798, in parse_manifest
[2024-04-01T10:02:57.053+0000] {subprocess.py:93} INFO -     manifest = ManifestLoader.get_full_manifest(
[2024-04-01T10:02:57.058+0000] {subprocess.py:93} INFO -   File "/home/***/.local/lib/python3.8/site-packages/dbt/parser/manifest.py", line 318, in get_full_manifest
[2024-04-01T10:02:57.060+0000] {subprocess.py:93} INFO -     manifest = loader.load()
[2024-04-01T10:02:57.062+0000] {subprocess.py:93} INFO -   File "/home/***/.local/lib/python3.8/site-packages/dbt/parser/manifest.py", line 365, in load
[2024-04-01T10:02:57.078+0000] {subprocess.py:93} INFO -     file_reader.read_files()
[2024-04-01T10:02:57.080+0000] {subprocess.py:93} INFO -   File "/home/***/.local/lib/python3.8/site-packages/dbt/parser/read_files.py", line 203, in read_files
[2024-04-01T10:02:57.115+0000] {subprocess.py:93} INFO -     self.read_files_for_project(project, file_types)
[2024-04-01T10:02:57.129+0000] {subprocess.py:93} INFO -   File "/home/***/.local/lib/python3.8/site-packages/dbt/parser/read_files.py", line 210, in read_files_for_project
[2024-04-01T10:02:57.131+0000] {subprocess.py:93} INFO -     project_files[file_type_info["parser"]] = read_files_for_parser(
[2024-04-01T10:02:57.133+0000] {subprocess.py:93} INFO -   File "/home/***/.local/lib/python3.8/site-packages/dbt/parser/read_files.py", line 158, in read_files_for_parser
[2024-04-01T10:02:57.138+0000] {subprocess.py:93} INFO -     source_files = get_source_files(
[2024-04-01T10:02:57.143+0000] {subprocess.py:93} INFO -   File "/home/***/.local/lib/python3.8/site-packages/dbt/parser/read_files.py", line 134, in get_source_files
[2024-04-01T10:02:57.150+0000] {subprocess.py:93} INFO -     fp_list = filesystem_search(project, paths, extension, ignore_spec)
[2024-04-01T10:02:57.152+0000] {subprocess.py:93} INFO -   File "/home/***/.local/lib/python3.8/site-packages/dbt/parser/search.py", line 74, in filesystem_search
[2024-04-01T10:02:57.157+0000] {subprocess.py:93} INFO -     for result in find_matching(root, relative_dirs, ext, ignore_spec):
[2024-04-01T10:02:57.161+0000] {subprocess.py:93} INFO -   File "/home/***/.local/lib/python3.8/site-packages/dbt/clients/system.py", line 79, in find_matching
[2024-04-01T10:02:57.174+0000] {subprocess.py:93} INFO -     modification_time = os.path.getmtime(absolute_path)
[2024-04-01T10:02:57.178+0000] {subprocess.py:93} INFO -   File "/usr/local/lib/python3.8/genericpath.py", line 55, in getmtime
[2024-04-01T10:02:57.193+0000] {subprocess.py:93} INFO -     return os.stat(filename).st_mtime
[2024-04-01T10:02:57.204+0000] {subprocess.py:93} INFO - OSError: [Errno 5] Input/output error: '/opt/***/proj/dbt_packages/dbt_date/macros/_utils/modules_datetime.sql'
[2024-04-01T10:02:57.210+0000] {subprocess.py:93} INFO - 
[2024-04-01T10:02:58.957+0000] {subprocess.py:97} INFO - Command exited with return code 2
[2024-04-01T10:02:59.040+0000] {taskinstance.py:2698} ERROR - Task failed with exception
Traceback (most recent call last):
  File "/home/airflow/.local/lib/python3.8/site-packages/airflow/models/taskinstance.py", line 433, in _execute_task
    result = execute_callable(context=context, **execute_callable_kwargs)
  File "/home/airflow/.local/lib/python3.8/site-packages/airflow/operators/bash.py", line 212, in execute
    raise AirflowException(
airflow.exceptions.AirflowException: Bash command failed. The command returned a non-zero exit code 2.
[2024-04-01T10:02:59.098+0000] {taskinstance.py:1138} INFO - Marking task as UP_FOR_RETRY. dag_id=dag___freshness, task_id=dbt_freshness_check, execution_date=20240401T100033, start_date=20240401T100130, end_date=20240401T100259
[2024-04-01T10:02:59.216+0000] {standard_task_runner.py:107} ERROR - Failed to execute job 155 for task dbt_freshness_check (Bash command failed. The command returned a non-zero exit code 2.; 961)
[2024-04-01T10:02:59.260+0000] {local_task_job_runner.py:234} INFO - Task exited with return code 1
[2024-04-01T10:02:59.365+0000] {taskinstance.py:3280} INFO - 0 downstream tasks scheduled from follow-on schedule check
