[2024-03-25T12:25:20.897+0000] {taskinstance.py:1956} INFO - Dependencies all met for dep_context=non-requeueable deps ti=<TaskInstance: dag___dbt.run_model1 manual__2024-03-25T12:20:07.071014+00:00 [queued]>
[2024-03-25T12:25:20.911+0000] {taskinstance.py:1956} INFO - Dependencies all met for dep_context=requeueable deps ti=<TaskInstance: dag___dbt.run_model1 manual__2024-03-25T12:20:07.071014+00:00 [queued]>
[2024-03-25T12:25:20.912+0000] {taskinstance.py:2170} INFO - Starting attempt 2 of 2
[2024-03-25T12:25:20.940+0000] {taskinstance.py:2191} INFO - Executing <Task(BashOperator): run_model1> on 2024-03-25 12:20:07.071014+00:00
[2024-03-25T12:25:20.948+0000] {standard_task_runner.py:60} INFO - Started process 691 to run task
[2024-03-25T12:25:20.953+0000] {standard_task_runner.py:87} INFO - Running: ['***', 'tasks', 'run', 'dag___dbt', 'run_model1', 'manual__2024-03-25T12:20:07.071014+00:00', '--job-id', '37', '--raw', '--subdir', 'DAGS_FOLDER/dbt_dag.py', '--cfg-path', '/tmp/tmpkqjp4_2l']
[2024-03-25T12:25:20.958+0000] {standard_task_runner.py:88} INFO - Job 37: Subtask run_model1
[2024-03-25T12:25:21.043+0000] {task_command.py:423} INFO - Running <TaskInstance: dag___dbt.run_model1 manual__2024-03-25T12:20:07.071014+00:00 [running]> on host 62dc842f1ceb
[2024-03-25T12:25:21.158+0000] {taskinstance.py:2480} INFO - Exporting env vars: AIRFLOW_CTX_DAG_OWNER='***' AIRFLOW_CTX_DAG_ID='dag___dbt' AIRFLOW_CTX_TASK_ID='run_model1' AIRFLOW_CTX_EXECUTION_DATE='2024-03-25T12:20:07.071014+00:00' AIRFLOW_CTX_TRY_NUMBER='2' AIRFLOW_CTX_DAG_RUN_ID='manual__2024-03-25T12:20:07.071014+00:00'
[2024-03-25T12:25:21.161+0000] {subprocess.py:63} INFO - Tmp dir root location: /tmp
[2024-03-25T12:25:21.163+0000] {subprocess.py:75} INFO - Running command: ['/usr/bin/bash', '-c', '/home/***/.local/bin/dbt run --models my_first_dbt_model my_second_dbt_model  --profiles-dir /home/***/.dbt --project-dir /opt/***/proj']
[2024-03-25T12:25:21.183+0000] {subprocess.py:86} INFO - Output:
[2024-03-25T12:25:27.262+0000] {subprocess.py:93} INFO - [0m12:25:27  Running with dbt=1.7.10
[2024-03-25T12:25:27.917+0000] {subprocess.py:93} INFO - [0m12:25:27  Registered adapter: postgres=1.7.10
[2024-03-25T12:25:40.246+0000] {subprocess.py:93} INFO - [0m12:25:40  Found 32 models, 2 operations, 4 tests, 0 sources, 0 exposures, 0 metrics, 1407 macros, 0 groups, 0 semantic models
[2024-03-25T12:25:40.253+0000] {subprocess.py:93} INFO - [0m12:25:40
[2024-03-25T12:25:41.064+0000] {subprocess.py:93} INFO - [0m12:25:41
[2024-03-25T12:25:41.067+0000] {subprocess.py:93} INFO - [0m12:25:41  Running 1 on-run-start hook
[2024-03-25T12:25:41.197+0000] {subprocess.py:93} INFO - [0m12:25:41  1 of 1 START hook: elementary.on-run-start.0 ................................... [RUN]
[2024-03-25T12:25:41.200+0000] {subprocess.py:93} INFO - [0m12:25:41  1 of 1 OK hook: elementary.on-run-start.0 ...................................... [[32mOK[0m in 0.00s]
[2024-03-25T12:25:41.202+0000] {subprocess.py:93} INFO - [0m12:25:41
[2024-03-25T12:25:41.208+0000] {subprocess.py:93} INFO - [0m12:25:41  Concurrency: 1 threads (target='dev')
[2024-03-25T12:25:41.211+0000] {subprocess.py:93} INFO - [0m12:25:41
[2024-03-25T12:25:41.227+0000] {subprocess.py:93} INFO - [0m12:25:41  1 of 2 START sql table model public.my_first_dbt_model ......................... [RUN]
[2024-03-25T12:25:41.755+0000] {subprocess.py:93} INFO - [0m12:25:41  1 of 2 OK created sql table model public.my_first_dbt_model .................... [[32mSELECT 2[0m in 0.52s]
[2024-03-25T12:25:41.766+0000] {subprocess.py:93} INFO - [0m12:25:41  2 of 2 START sql view model public.my_second_dbt_model ......................... [RUN]
[2024-03-25T12:25:42.140+0000] {subprocess.py:93} INFO - [0m12:25:42  2 of 2 OK created sql view model public.my_second_dbt_model .................... [[32mCREATE VIEW[0m in 0.36s]
[2024-03-25T12:25:42.593+0000] {subprocess.py:93} INFO - [0m12:25:42
[2024-03-25T12:25:42.600+0000] {subprocess.py:93} INFO - [0m12:25:42  Running 1 on-run-end hook
[2024-03-25T12:25:48.408+0000] {subprocess.py:93} INFO - [0m12:25:48  1 of 1 START hook: elementary.on-run-end.0 ..................................... [RUN]
[2024-03-25T12:25:48.414+0000] {subprocess.py:93} INFO - [0m12:25:48  1 of 1 OK hook: elementary.on-run-end.0 ........................................ [[32mOK[0m in 0.00s]
[2024-03-25T12:25:48.418+0000] {subprocess.py:93} INFO - [0m12:25:48
[2024-03-25T12:25:48.434+0000] {subprocess.py:93} INFO - [0m12:25:48
[2024-03-25T12:25:48.436+0000] {subprocess.py:93} INFO - [0m12:25:48  Finished running 1 table model, 1 view model, 2 hooks in 0 hours 0 minutes and 8.18 seconds (8.18s).
[2024-03-25T12:25:48.574+0000] {subprocess.py:93} INFO - [0m12:25:48
[2024-03-25T12:25:48.577+0000] {subprocess.py:93} INFO - [0m12:25:48  [32mCompleted successfully[0m
[2024-03-25T12:25:48.582+0000] {subprocess.py:93} INFO - [0m12:25:48
[2024-03-25T12:25:48.584+0000] {subprocess.py:93} INFO - [0m12:25:48  Done. PASS=2 WARN=0 ERROR=0 SKIP=0 TOTAL=2
[2024-03-25T12:25:49.862+0000] {subprocess.py:97} INFO - Command exited with return code 0
[2024-03-25T12:25:49.943+0000] {taskinstance.py:1138} INFO - Marking task as SUCCESS. dag_id=dag___dbt, task_id=run_model1, execution_date=20240325T122007, start_date=20240325T122520, end_date=20240325T122549
[2024-03-25T12:25:50.091+0000] {local_task_job_runner.py:234} INFO - Task exited with return code 0
[2024-03-25T12:25:50.162+0000] {taskinstance.py:3280} INFO - 1 downstream tasks scheduled from follow-on schedule check
