[2024-04-01T09:51:49.509+0000] {taskinstance.py:1956} INFO - Dependencies all met for dep_context=non-requeueable deps ti=<TaskInstance: dag___dbt.run_model1 scheduled__2024-04-01T06:00:00+00:00 [queued]>
[2024-04-01T09:51:49.527+0000] {taskinstance.py:1956} INFO - Dependencies all met for dep_context=requeueable deps ti=<TaskInstance: dag___dbt.run_model1 scheduled__2024-04-01T06:00:00+00:00 [queued]>
[2024-04-01T09:51:49.529+0000] {taskinstance.py:2170} INFO - Starting attempt 2 of 2
[2024-04-01T09:51:49.580+0000] {taskinstance.py:2191} INFO - Executing <Task(BashOperator): run_model1> on 2024-04-01 06:00:00+00:00
[2024-04-01T09:51:49.592+0000] {standard_task_runner.py:60} INFO - Started process 382 to run task
[2024-04-01T09:51:49.600+0000] {standard_task_runner.py:87} INFO - Running: ['***', 'tasks', 'run', 'dag___dbt', 'run_model1', 'scheduled__2024-04-01T06:00:00+00:00', '--job-id', '94', '--raw', '--subdir', 'DAGS_FOLDER/dbt_dag.py', '--cfg-path', '/tmp/tmp9v03mzec']
[2024-04-01T09:51:49.606+0000] {standard_task_runner.py:88} INFO - Job 94: Subtask run_model1
[2024-04-01T09:51:49.766+0000] {task_command.py:423} INFO - Running <TaskInstance: dag___dbt.run_model1 scheduled__2024-04-01T06:00:00+00:00 [running]> on host 62dc842f1ceb
[2024-04-01T09:51:50.110+0000] {taskinstance.py:2480} INFO - Exporting env vars: AIRFLOW_CTX_DAG_OWNER='***' AIRFLOW_CTX_DAG_ID='dag___dbt' AIRFLOW_CTX_TASK_ID='run_model1' AIRFLOW_CTX_EXECUTION_DATE='2024-04-01T06:00:00+00:00' AIRFLOW_CTX_TRY_NUMBER='2' AIRFLOW_CTX_DAG_RUN_ID='scheduled__2024-04-01T06:00:00+00:00'
[2024-04-01T09:51:50.114+0000] {subprocess.py:63} INFO - Tmp dir root location: /tmp
[2024-04-01T09:51:50.120+0000] {subprocess.py:75} INFO - Running command: ['/usr/bin/bash', '-c', '/home/***/.local/bin/dbt run --models  --profiles-dir /home/***/.dbt --project-dir /opt/***/proj']
[2024-04-01T09:51:50.157+0000] {subprocess.py:86} INFO - Output:
[2024-04-01T09:52:21.539+0000] {subprocess.py:93} INFO - [0m09:52:21  Running with dbt=1.7.10
[2024-04-01T09:52:30.045+0000] {subprocess.py:93} INFO - [0m09:52:30  Registered adapter: postgres=1.7.10
[2024-04-01T09:52:34.450+0000] {subprocess.py:93} INFO - [0m09:52:34  Encountered an error:
[2024-04-01T09:52:34.451+0000] {subprocess.py:93} INFO - [Errno 5] Input/output error: '/opt/***/proj/dbt_packages/dbt_date/macros/fiscal_date/get_fiscal_year_dates.sql'
[2024-04-01T09:52:34.482+0000] {subprocess.py:93} INFO - [0m09:52:34  Traceback (most recent call last):
[2024-04-01T09:52:34.486+0000] {subprocess.py:93} INFO -   File "/home/***/.local/lib/python3.8/site-packages/dbt/cli/requires.py", line 91, in wrapper
[2024-04-01T09:52:34.491+0000] {subprocess.py:93} INFO -     result, success = func(*args, **kwargs)
[2024-04-01T09:52:34.493+0000] {subprocess.py:93} INFO -   File "/home/***/.local/lib/python3.8/site-packages/dbt/cli/requires.py", line 76, in wrapper
[2024-04-01T09:52:34.495+0000] {subprocess.py:93} INFO -     return func(*args, **kwargs)
[2024-04-01T09:52:34.496+0000] {subprocess.py:93} INFO -   File "/home/***/.local/lib/python3.8/site-packages/dbt/cli/requires.py", line 169, in wrapper
[2024-04-01T09:52:34.498+0000] {subprocess.py:93} INFO -     return func(*args, **kwargs)
[2024-04-01T09:52:34.500+0000] {subprocess.py:93} INFO -   File "/home/***/.local/lib/python3.8/site-packages/dbt/cli/requires.py", line 198, in wrapper
[2024-04-01T09:52:34.501+0000] {subprocess.py:93} INFO -     return func(*args, **kwargs)
[2024-04-01T09:52:34.503+0000] {subprocess.py:93} INFO -   File "/home/***/.local/lib/python3.8/site-packages/dbt/cli/requires.py", line 245, in wrapper
[2024-04-01T09:52:34.506+0000] {subprocess.py:93} INFO -     return func(*args, **kwargs)
[2024-04-01T09:52:34.508+0000] {subprocess.py:93} INFO -   File "/home/***/.local/lib/python3.8/site-packages/dbt/cli/requires.py", line 271, in wrapper
[2024-04-01T09:52:34.516+0000] {subprocess.py:93} INFO -     ctx.obj["manifest"] = parse_manifest(
[2024-04-01T09:52:34.521+0000] {subprocess.py:93} INFO -   File "/home/***/.local/lib/python3.8/site-packages/dbt/parser/manifest.py", line 1798, in parse_manifest
[2024-04-01T09:52:34.536+0000] {subprocess.py:93} INFO -     manifest = ManifestLoader.get_full_manifest(
[2024-04-01T09:52:34.543+0000] {subprocess.py:93} INFO -   File "/home/***/.local/lib/python3.8/site-packages/dbt/parser/manifest.py", line 318, in get_full_manifest
[2024-04-01T09:52:34.562+0000] {subprocess.py:93} INFO -     manifest = loader.load()
[2024-04-01T09:52:34.565+0000] {subprocess.py:93} INFO -   File "/home/***/.local/lib/python3.8/site-packages/dbt/parser/manifest.py", line 365, in load
[2024-04-01T09:52:34.574+0000] {subprocess.py:93} INFO -     file_reader.read_files()
[2024-04-01T09:52:34.583+0000] {subprocess.py:93} INFO -   File "/home/***/.local/lib/python3.8/site-packages/dbt/parser/read_files.py", line 203, in read_files
[2024-04-01T09:52:34.598+0000] {subprocess.py:93} INFO -     self.read_files_for_project(project, file_types)
[2024-04-01T09:52:34.600+0000] {subprocess.py:93} INFO -   File "/home/***/.local/lib/python3.8/site-packages/dbt/parser/read_files.py", line 210, in read_files_for_project
[2024-04-01T09:52:34.604+0000] {subprocess.py:93} INFO -     project_files[file_type_info["parser"]] = read_files_for_parser(
[2024-04-01T09:52:34.609+0000] {subprocess.py:93} INFO -   File "/home/***/.local/lib/python3.8/site-packages/dbt/parser/read_files.py", line 158, in read_files_for_parser
[2024-04-01T09:52:34.618+0000] {subprocess.py:93} INFO -     source_files = get_source_files(
[2024-04-01T09:52:34.621+0000] {subprocess.py:93} INFO -   File "/home/***/.local/lib/python3.8/site-packages/dbt/parser/read_files.py", line 134, in get_source_files
[2024-04-01T09:52:34.622+0000] {subprocess.py:93} INFO -     fp_list = filesystem_search(project, paths, extension, ignore_spec)
[2024-04-01T09:52:34.627+0000] {subprocess.py:93} INFO -   File "/home/***/.local/lib/python3.8/site-packages/dbt/parser/search.py", line 74, in filesystem_search
[2024-04-01T09:52:34.628+0000] {subprocess.py:93} INFO -     for result in find_matching(root, relative_dirs, ext, ignore_spec):
[2024-04-01T09:52:34.630+0000] {subprocess.py:93} INFO -   File "/home/***/.local/lib/python3.8/site-packages/dbt/clients/system.py", line 79, in find_matching
[2024-04-01T09:52:34.632+0000] {subprocess.py:93} INFO -     modification_time = os.path.getmtime(absolute_path)
[2024-04-01T09:52:34.634+0000] {subprocess.py:93} INFO -   File "/usr/local/lib/python3.8/genericpath.py", line 55, in getmtime
[2024-04-01T09:52:34.635+0000] {subprocess.py:93} INFO -     return os.stat(filename).st_mtime
[2024-04-01T09:52:34.636+0000] {subprocess.py:93} INFO - OSError: [Errno 5] Input/output error: '/opt/***/proj/dbt_packages/dbt_date/macros/fiscal_date/get_fiscal_year_dates.sql'
[2024-04-01T09:52:34.637+0000] {subprocess.py:93} INFO - 
[2024-04-01T09:52:38.449+0000] {subprocess.py:97} INFO - Command exited with return code 2
[2024-04-01T09:52:38.498+0000] {taskinstance.py:2698} ERROR - Task failed with exception
Traceback (most recent call last):
  File "/home/airflow/.local/lib/python3.8/site-packages/airflow/models/taskinstance.py", line 433, in _execute_task
    result = execute_callable(context=context, **execute_callable_kwargs)
  File "/home/airflow/.local/lib/python3.8/site-packages/airflow/operators/bash.py", line 212, in execute
    raise AirflowException(
airflow.exceptions.AirflowException: Bash command failed. The command returned a non-zero exit code 2.
[2024-04-01T09:52:38.548+0000] {taskinstance.py:1138} INFO - Marking task as FAILED. dag_id=dag___dbt, task_id=run_model1, execution_date=20240401T060000, start_date=20240401T095149, end_date=20240401T095238
[2024-04-01T09:52:38.997+0000] {standard_task_runner.py:107} ERROR - Failed to execute job 94 for task run_model1 (Bash command failed. The command returned a non-zero exit code 2.; 382)
[2024-04-01T09:52:39.039+0000] {local_task_job_runner.py:234} INFO - Task exited with return code 1
[2024-04-01T09:52:39.281+0000] {taskinstance.py:3280} INFO - 0 downstream tasks scheduled from follow-on schedule check
