[2024-04-01T11:11:46.278+0000] {taskinstance.py:1956} INFO - Dependencies all met for dep_context=non-requeueable deps ti=<TaskInstance: dag___fresh.dbt_data_quality_checks manual__2024-04-01T11:11:42.994696+00:00 [queued]>
[2024-04-01T11:11:46.292+0000] {taskinstance.py:1956} INFO - Dependencies all met for dep_context=requeueable deps ti=<TaskInstance: dag___fresh.dbt_data_quality_checks manual__2024-04-01T11:11:42.994696+00:00 [queued]>
[2024-04-01T11:11:46.293+0000] {taskinstance.py:2170} INFO - Starting attempt 1 of 2
[2024-04-01T11:11:46.314+0000] {taskinstance.py:2191} INFO - Executing <Task(BashOperator): dbt_data_quality_checks> on 2024-04-01 11:11:42.994696+00:00
[2024-04-01T11:11:46.321+0000] {standard_task_runner.py:60} INFO - Started process 1234 to run task
[2024-04-01T11:11:46.327+0000] {standard_task_runner.py:87} INFO - Running: ['***', 'tasks', 'run', 'dag___fresh', 'dbt_data_quality_checks', 'manual__2024-04-01T11:11:42.994696+00:00', '--job-id', '270', '--raw', '--subdir', 'DAGS_FOLDER/dbt_dag.py', '--cfg-path', '/tmp/tmpuxndzphk']
[2024-04-01T11:11:46.331+0000] {standard_task_runner.py:88} INFO - Job 270: Subtask dbt_data_quality_checks
[2024-04-01T11:11:46.402+0000] {task_command.py:423} INFO - Running <TaskInstance: dag___fresh.dbt_data_quality_checks manual__2024-04-01T11:11:42.994696+00:00 [running]> on host 62dc842f1ceb
[2024-04-01T11:11:46.525+0000] {taskinstance.py:2480} INFO - Exporting env vars: AIRFLOW_CTX_DAG_OWNER='***' AIRFLOW_CTX_DAG_ID='dag___fresh' AIRFLOW_CTX_TASK_ID='dbt_data_quality_checks' AIRFLOW_CTX_EXECUTION_DATE='2024-04-01T11:11:42.994696+00:00' AIRFLOW_CTX_TRY_NUMBER='1' AIRFLOW_CTX_DAG_RUN_ID='manual__2024-04-01T11:11:42.994696+00:00'
[2024-04-01T11:11:46.528+0000] {subprocess.py:63} INFO - Tmp dir root location: /tmp
[2024-04-01T11:11:46.530+0000] {subprocess.py:75} INFO - Running command: ['/usr/bin/bash', '-c', '/home/***/.local/bin/dbt source freshness --select "source:public.freshnes_test" --profiles-dir /home/***/.dbt --project-dir /opt/***/proj']
[2024-04-01T11:11:46.547+0000] {subprocess.py:86} INFO - Output:
[2024-04-01T11:11:52.943+0000] {subprocess.py:93} INFO - [0m11:11:52  Running with dbt=1.7.10
[2024-04-01T11:11:53.800+0000] {subprocess.py:93} INFO - [0m11:11:53  Registered adapter: postgres=1.7.10
[2024-04-01T11:11:54.407+0000] {subprocess.py:93} INFO - [0m11:11:54  Unable to do partial parsing because of a version mismatch
[2024-04-01T11:12:27.172+0000] {subprocess.py:93} INFO - [0m11:12:27  Found 34 models, 2 operations, 5 tests, 1 source, 0 exposures, 0 metrics, 1407 macros, 0 groups, 0 semantic models
[2024-04-01T11:12:27.181+0000] {subprocess.py:93} INFO - [0m11:12:27
[2024-04-01T11:12:27.838+0000] {subprocess.py:93} INFO - [0m11:12:27  Concurrency: 1 threads (target='dev')
[2024-04-01T11:12:27.841+0000] {subprocess.py:93} INFO - [0m11:12:27
[2024-04-01T11:12:27.858+0000] {subprocess.py:93} INFO - [0m11:12:27  1 of 1 START freshness of public.freshnes_test ................................. [RUN]
[2024-04-01T11:12:28.088+0000] {subprocess.py:93} INFO - [0m11:12:28  1 of 1 PASS freshness of public.freshnes_test .................................. [[32mPASS[0m in 0.23s]
[2024-04-01T11:12:28.301+0000] {subprocess.py:93} INFO - [0m11:12:28  Done.
[2024-04-01T11:12:29.367+0000] {subprocess.py:97} INFO - Command exited with return code 0
[2024-04-01T11:12:29.403+0000] {taskinstance.py:1138} INFO - Marking task as SUCCESS. dag_id=dag___fresh, task_id=dbt_data_quality_checks, execution_date=20240401T111142, start_date=20240401T111146, end_date=20240401T111229
[2024-04-01T11:12:29.465+0000] {local_task_job_runner.py:234} INFO - Task exited with return code 0
[2024-04-01T11:12:29.485+0000] {taskinstance.py:3280} INFO - 0 downstream tasks scheduled from follow-on schedule check
