[2024-03-25T12:32:31.038+0000] {taskinstance.py:1956} INFO - Dependencies all met for dep_context=non-requeueable deps ti=<TaskInstance: dag___dbt.dbt_data_quality_checks manual__2024-03-25T12:31:32.094031+00:00 [queued]>
[2024-03-25T12:32:31.058+0000] {taskinstance.py:1956} INFO - Dependencies all met for dep_context=requeueable deps ti=<TaskInstance: dag___dbt.dbt_data_quality_checks manual__2024-03-25T12:31:32.094031+00:00 [queued]>
[2024-03-25T12:32:31.060+0000] {taskinstance.py:2170} INFO - Starting attempt 1 of 2
[2024-03-25T12:32:31.089+0000] {taskinstance.py:2191} INFO - Executing <Task(BashOperator): dbt_data_quality_checks> on 2024-03-25 12:31:32.094031+00:00
[2024-03-25T12:32:31.102+0000] {standard_task_runner.py:60} INFO - Started process 987 to run task
[2024-03-25T12:32:31.111+0000] {standard_task_runner.py:87} INFO - Running: ['***', 'tasks', 'run', 'dag___dbt', 'dbt_data_quality_checks', 'manual__2024-03-25T12:31:32.094031+00:00', '--job-id', '52', '--raw', '--subdir', 'DAGS_FOLDER/dbt_dag.py', '--cfg-path', '/tmp/tmp51ev0tie']
[2024-03-25T12:32:31.118+0000] {standard_task_runner.py:88} INFO - Job 52: Subtask dbt_data_quality_checks
[2024-03-25T12:32:31.234+0000] {task_command.py:423} INFO - Running <TaskInstance: dag___dbt.dbt_data_quality_checks manual__2024-03-25T12:31:32.094031+00:00 [running]> on host 62dc842f1ceb
[2024-03-25T12:32:31.419+0000] {taskinstance.py:2480} INFO - Exporting env vars: AIRFLOW_CTX_DAG_OWNER='***' AIRFLOW_CTX_DAG_ID='dag___dbt' AIRFLOW_CTX_TASK_ID='dbt_data_quality_checks' AIRFLOW_CTX_EXECUTION_DATE='2024-03-25T12:31:32.094031+00:00' AIRFLOW_CTX_TRY_NUMBER='1' AIRFLOW_CTX_DAG_RUN_ID='manual__2024-03-25T12:31:32.094031+00:00'
[2024-03-25T12:32:31.425+0000] {subprocess.py:63} INFO - Tmp dir root location: /tmp
[2024-03-25T12:32:31.427+0000] {subprocess.py:75} INFO - Running command: ['/usr/bin/bash', '-c', '/home/***/.local/bin/dbt test --profiles-dir /home/***/.dbt --project-dir /opt/***/proj']
[2024-03-25T12:32:31.455+0000] {subprocess.py:86} INFO - Output:
[2024-03-25T12:32:41.375+0000] {subprocess.py:93} INFO - [0m12:32:41  Running with dbt=1.7.10
[2024-03-25T12:32:42.557+0000] {subprocess.py:93} INFO - [0m12:32:42  Registered adapter: postgres=1.7.10
[2024-03-25T12:33:03.538+0000] {subprocess.py:93} INFO - [0m12:33:03  Found 32 models, 2 operations, 3 tests, 0 sources, 0 exposures, 0 metrics, 1407 macros, 0 groups, 0 semantic models
[2024-03-25T12:33:03.547+0000] {subprocess.py:93} INFO - [0m12:33:03
[2024-03-25T12:33:04.455+0000] {subprocess.py:93} INFO - [0m12:33:04
[2024-03-25T12:33:04.458+0000] {subprocess.py:93} INFO - [0m12:33:04  Running 1 on-run-start hook
[2024-03-25T12:33:04.890+0000] {subprocess.py:93} INFO - [0m12:33:04  1 of 1 START hook: elementary.on-run-start.0 ................................... [RUN]
[2024-03-25T12:33:04.899+0000] {subprocess.py:93} INFO - [0m12:33:04  1 of 1 OK hook: elementary.on-run-start.0 ...................................... [[32mOK[0m in 0.00s]
[2024-03-25T12:33:04.903+0000] {subprocess.py:93} INFO - [0m12:33:04
[2024-03-25T12:33:04.912+0000] {subprocess.py:93} INFO - [0m12:33:04  Concurrency: 1 threads (target='dev')
[2024-03-25T12:33:04.917+0000] {subprocess.py:93} INFO - [0m12:33:04
[2024-03-25T12:33:04.941+0000] {subprocess.py:93} INFO - [0m12:33:04  1 of 3 START test not_null_my_second_dbt_model_id .............................. [RUN]
[2024-03-25T12:33:06.306+0000] {subprocess.py:93} INFO - [0m12:33:06  1 of 3 PASS not_null_my_second_dbt_model_id .................................... [[32mPASS[0m in 1.36s]
[2024-03-25T12:33:06.314+0000] {subprocess.py:93} INFO - [0m12:33:06  2 of 3 START test unique_my_first_dbt_model_id ................................. [RUN]
[2024-03-25T12:33:06.622+0000] {subprocess.py:93} INFO - [0m12:33:06  2 of 3 PASS unique_my_first_dbt_model_id ....................................... [[32mPASS[0m in 0.30s]
[2024-03-25T12:33:06.634+0000] {subprocess.py:93} INFO - [0m12:33:06  3 of 3 START test unique_my_second_dbt_model_id ................................ [RUN]
[2024-03-25T12:33:07.020+0000] {subprocess.py:93} INFO - [0m12:33:07  3 of 3 PASS unique_my_second_dbt_model_id ...................................... [[32mPASS[0m in 0.38s]
[2024-03-25T12:33:07.196+0000] {subprocess.py:93} INFO - [0m12:33:07
[2024-03-25T12:33:07.199+0000] {subprocess.py:93} INFO - [0m12:33:07  Running 1 on-run-end hook
[2024-03-25T12:33:12.404+0000] {subprocess.py:93} INFO - [0m12:33:12  1 of 1 START hook: elementary.on-run-end.0 ..................................... [RUN]
[2024-03-25T12:33:12.406+0000] {subprocess.py:93} INFO - [0m12:33:12  1 of 1 OK hook: elementary.on-run-end.0 ........................................ [[32mOK[0m in 0.00s]
[2024-03-25T12:33:12.408+0000] {subprocess.py:93} INFO - [0m12:33:12
[2024-03-25T12:33:12.418+0000] {subprocess.py:93} INFO - [0m12:33:12
[2024-03-25T12:33:12.419+0000] {subprocess.py:93} INFO - [0m12:33:12  Finished running 3 tests, 2 hooks in 0 hours 0 minutes and 8.87 seconds (8.87s).
[2024-03-25T12:33:12.524+0000] {subprocess.py:93} INFO - [0m12:33:12
[2024-03-25T12:33:12.527+0000] {subprocess.py:93} INFO - [0m12:33:12  [32mCompleted successfully[0m
[2024-03-25T12:33:12.529+0000] {subprocess.py:93} INFO - [0m12:33:12
[2024-03-25T12:33:12.531+0000] {subprocess.py:93} INFO - [0m12:33:12  Done. PASS=3 WARN=0 ERROR=0 SKIP=0 TOTAL=3
[2024-03-25T12:33:13.517+0000] {subprocess.py:97} INFO - Command exited with return code 0
[2024-03-25T12:33:13.556+0000] {taskinstance.py:1138} INFO - Marking task as SUCCESS. dag_id=dag___dbt, task_id=dbt_data_quality_checks, execution_date=20240325T123132, start_date=20240325T123231, end_date=20240325T123313
[2024-03-25T12:33:13.617+0000] {local_task_job_runner.py:234} INFO - Task exited with return code 0
[2024-03-25T12:33:13.645+0000] {taskinstance.py:3280} INFO - 1 downstream tasks scheduled from follow-on schedule check
