[2024-04-01T09:57:19.201+0000] {taskinstance.py:1956} INFO - Dependencies all met for dep_context=non-requeueable deps ti=<TaskInstance: dag___dbt.dbt_data_quality_checks scheduled__2024-03-30T10:00:00+00:00 [queued]>
[2024-04-01T09:57:19.231+0000] {taskinstance.py:1956} INFO - Dependencies all met for dep_context=requeueable deps ti=<TaskInstance: dag___dbt.dbt_data_quality_checks scheduled__2024-03-30T10:00:00+00:00 [queued]>
[2024-04-01T09:57:19.232+0000] {taskinstance.py:2170} INFO - Starting attempt 2 of 2
[2024-04-01T09:57:19.294+0000] {taskinstance.py:2191} INFO - Executing <Task(BashOperator): dbt_data_quality_checks> on 2024-03-30 10:00:00+00:00
[2024-04-01T09:57:19.306+0000] {standard_task_runner.py:60} INFO - Started process 694 to run task
[2024-04-01T09:57:19.314+0000] {standard_task_runner.py:87} INFO - Running: ['***', 'tasks', 'run', 'dag___dbt', 'dbt_data_quality_checks', 'scheduled__2024-03-30T10:00:00+00:00', '--job-id', '126', '--raw', '--subdir', 'DAGS_FOLDER/dbt_dag.py', '--cfg-path', '/tmp/tmpwqzi0_8b']
[2024-04-01T09:57:19.324+0000] {standard_task_runner.py:88} INFO - Job 126: Subtask dbt_data_quality_checks
[2024-04-01T09:57:19.495+0000] {task_command.py:423} INFO - Running <TaskInstance: dag___dbt.dbt_data_quality_checks scheduled__2024-03-30T10:00:00+00:00 [running]> on host 62dc842f1ceb
[2024-04-01T09:57:19.776+0000] {taskinstance.py:2480} INFO - Exporting env vars: AIRFLOW_CTX_DAG_OWNER='***' AIRFLOW_CTX_DAG_ID='dag___dbt' AIRFLOW_CTX_TASK_ID='dbt_data_quality_checks' AIRFLOW_CTX_EXECUTION_DATE='2024-03-30T10:00:00+00:00' AIRFLOW_CTX_TRY_NUMBER='2' AIRFLOW_CTX_DAG_RUN_ID='scheduled__2024-03-30T10:00:00+00:00'
[2024-04-01T09:57:19.786+0000] {subprocess.py:63} INFO - Tmp dir root location: /tmp
[2024-04-01T09:57:19.791+0000] {subprocess.py:75} INFO - Running command: ['/usr/bin/bash', '-c', '/home/***/.local/bin/dbt test --profiles-dir /home/***/.dbt --project-dir /opt/***/proj']
[2024-04-01T09:57:19.829+0000] {subprocess.py:86} INFO - Output:
[2024-04-01T09:57:34.568+0000] {subprocess.py:93} INFO - [0m09:57:34  Running with dbt=1.7.10
[2024-04-01T09:57:36.518+0000] {subprocess.py:93} INFO - [0m09:57:36  Registered adapter: postgres=1.7.10
[2024-04-01T09:58:01.218+0000] {subprocess.py:93} INFO - [0m09:58:01  Found 34 models, 2 operations, 5 tests, 1 source, 0 exposures, 0 metrics, 1407 macros, 0 groups, 0 semantic models
[2024-04-01T09:58:01.235+0000] {subprocess.py:93} INFO - [0m09:58:01
[2024-04-01T09:58:02.465+0000] {subprocess.py:93} INFO - [0m09:58:02
[2024-04-01T09:58:02.468+0000] {subprocess.py:93} INFO - [0m09:58:02  Running 1 on-run-start hook
[2024-04-01T09:58:02.957+0000] {subprocess.py:93} INFO - [0m09:58:02  1 of 1 START hook: elementary.on-run-start.0 ................................... [RUN]
[2024-04-01T09:58:02.962+0000] {subprocess.py:93} INFO - [0m09:58:02  1 of 1 OK hook: elementary.on-run-start.0 ...................................... [[32mOK[0m in 0.00s]
[2024-04-01T09:58:02.968+0000] {subprocess.py:93} INFO - [0m09:58:02
[2024-04-01T09:58:02.983+0000] {subprocess.py:93} INFO - [0m09:58:02  Concurrency: 1 threads (target='dev')
[2024-04-01T09:58:02.987+0000] {subprocess.py:93} INFO - [0m09:58:02
[2024-04-01T09:58:03.027+0000] {subprocess.py:93} INFO - [0m09:58:03  1 of 5 START test elementary_freshness_anomalies_raw_orders_creation_date ...... [RUN]
[2024-04-01T09:58:04.967+0000] {subprocess.py:93} INFO - [0m09:58:04  Elementary: Started running data monitors on: POSTGRES.PUBLIC.RAW_ORDERS
[2024-04-01T09:58:07.315+0000] {subprocess.py:93} INFO - [0m09:58:07  Elementary: Finished running data monitors on: POSTGRES.PUBLIC.RAW_ORDERS
[2024-04-01T09:58:12.045+0000] {subprocess.py:93} INFO - [0m09:58:12  1 of 5 PASS elementary_freshness_anomalies_raw_orders_creation_date ............ [[32mPASS[0m in 9.00s]
[2024-04-01T09:58:12.079+0000] {subprocess.py:93} INFO - [0m09:58:12  2 of 5 START test not_null_my_second_dbt_model_id .............................. [RUN]
[2024-04-01T09:58:13.085+0000] {subprocess.py:93} INFO - [0m09:58:13  2 of 5 ERROR not_null_my_second_dbt_model_id ................................... [[31mERROR[0m in 0.97s]
[2024-04-01T09:58:13.113+0000] {subprocess.py:93} INFO - [0m09:58:13  3 of 5 START test not_null_raw_orders_creation_date ............................ [RUN]
[2024-04-01T09:58:13.850+0000] {subprocess.py:93} INFO - [0m09:58:13  3 of 5 PASS not_null_raw_orders_creation_date .................................. [[32mPASS[0m in 0.70s]
[2024-04-01T09:58:13.908+0000] {subprocess.py:93} INFO - [0m09:58:13  4 of 5 START test unique_my_first_dbt_model_id ................................. [RUN]
[2024-04-01T09:58:14.998+0000] {subprocess.py:93} INFO - [0m09:58:14  4 of 5 PASS unique_my_first_dbt_model_id ....................................... [[32mPASS[0m in 1.03s]
[2024-04-01T09:58:15.086+0000] {subprocess.py:93} INFO - [0m09:58:15  5 of 5 START test unique_my_second_dbt_model_id ................................ [RUN]
[2024-04-01T09:58:15.876+0000] {local_task_job_runner.py:302} WARNING - State of this instance has been externally set to removed. Terminating instance.
[2024-04-01T09:58:15.895+0000] {process_utils.py:131} INFO - Sending 15 to group 694. PIDs of all processes in the group: [698, 694]
[2024-04-01T09:58:15.898+0000] {process_utils.py:86} INFO - Sending the signal 15 to group 694
[2024-04-01T09:58:15.899+0000] {taskinstance.py:2450} ERROR - Received SIGTERM. Terminating subprocesses.
[2024-04-01T09:58:15.900+0000] {subprocess.py:104} INFO - Sending SIGTERM signal to process group
[2024-04-01T09:58:16.218+0000] {process_utils.py:79} INFO - Process psutil.Process(pid=694, status='terminated', exitcode=0, started='09:57:18') (694) terminated with exit code 0
[2024-04-01T09:58:16.225+0000] {process_utils.py:79} INFO - Process psutil.Process(pid=698, status='terminated', started='09:57:19') (698) terminated with exit code None
