[2024-04-04T11:44:46.793+0000] {taskinstance.py:1956} INFO - Dependencies all met for dep_context=non-requeueable deps ti=<TaskInstance: dag___dbt.run_model1 manual__2024-04-04T11:44:44.417528+00:00 [queued]>
[2024-04-04T11:44:46.805+0000] {taskinstance.py:1956} INFO - Dependencies all met for dep_context=requeueable deps ti=<TaskInstance: dag___dbt.run_model1 manual__2024-04-04T11:44:44.417528+00:00 [queued]>
[2024-04-04T11:44:46.806+0000] {taskinstance.py:2170} INFO - Starting attempt 1 of 2
[2024-04-04T11:44:46.828+0000] {taskinstance.py:2191} INFO - Executing <Task(BashOperator): run_model1> on 2024-04-04 11:44:44.417528+00:00
[2024-04-04T11:44:46.835+0000] {standard_task_runner.py:60} INFO - Started process 6978 to run task
[2024-04-04T11:44:46.840+0000] {standard_task_runner.py:87} INFO - Running: ['***', 'tasks', 'run', 'dag___dbt', 'run_model1', 'manual__2024-04-04T11:44:44.417528+00:00', '--job-id', '408', '--raw', '--subdir', 'DAGS_FOLDER/freshness_test_dag.py', '--cfg-path', '/tmp/tmpyx795xgx']
[2024-04-04T11:44:46.845+0000] {standard_task_runner.py:88} INFO - Job 408: Subtask run_model1
[2024-04-04T11:44:46.912+0000] {task_command.py:423} INFO - Running <TaskInstance: dag___dbt.run_model1 manual__2024-04-04T11:44:44.417528+00:00 [running]> on host 62dc842f1ceb
[2024-04-04T11:44:47.044+0000] {taskinstance.py:2480} INFO - Exporting env vars: AIRFLOW_CTX_DAG_OWNER='***' AIRFLOW_CTX_DAG_ID='dag___dbt' AIRFLOW_CTX_TASK_ID='run_model1' AIRFLOW_CTX_EXECUTION_DATE='2024-04-04T11:44:44.417528+00:00' AIRFLOW_CTX_TRY_NUMBER='1' AIRFLOW_CTX_DAG_RUN_ID='manual__2024-04-04T11:44:44.417528+00:00'
[2024-04-04T11:44:47.048+0000] {subprocess.py:63} INFO - Tmp dir root location: /tmp
[2024-04-04T11:44:47.049+0000] {subprocess.py:75} INFO - Running command: ['/usr/bin/bash', '-c', '/home/***/.local/bin/dbt run --models my_first_dbt_model my_second_dbt_model  --profiles-dir /home/***/.dbt --project-dir /opt/***/proj']
[2024-04-04T11:44:47.065+0000] {subprocess.py:86} INFO - Output:
[2024-04-04T11:44:53.466+0000] {subprocess.py:93} INFO - [0m11:44:53  Running with dbt=1.7.10
[2024-04-04T11:44:54.050+0000] {subprocess.py:93} INFO - [0m11:44:54  Registered adapter: postgres=1.7.10
[2024-04-04T11:45:05.494+0000] {subprocess.py:93} INFO - [0m11:45:05  Found 34 models, 2 operations, 6 tests, 1 source, 0 exposures, 0 metrics, 1407 macros, 0 groups, 0 semantic models
[2024-04-04T11:45:05.500+0000] {subprocess.py:93} INFO - [0m11:45:05
[2024-04-04T11:45:06.103+0000] {subprocess.py:93} INFO - [0m11:45:06
[2024-04-04T11:45:06.104+0000] {subprocess.py:93} INFO - [0m11:45:06  Running 1 on-run-start hook
[2024-04-04T11:45:06.200+0000] {subprocess.py:93} INFO - [0m11:45:06  1 of 1 START hook: elementary.on-run-start.0 ................................... [RUN]
[2024-04-04T11:45:06.202+0000] {subprocess.py:93} INFO - [0m11:45:06  1 of 1 OK hook: elementary.on-run-start.0 ...................................... [[32mOK[0m in 0.00s]
[2024-04-04T11:45:06.203+0000] {subprocess.py:93} INFO - [0m11:45:06
[2024-04-04T11:45:06.207+0000] {subprocess.py:93} INFO - [0m11:45:06  Concurrency: 1 threads (target='dev')
[2024-04-04T11:45:06.209+0000] {subprocess.py:93} INFO - [0m11:45:06
[2024-04-04T11:45:06.223+0000] {subprocess.py:93} INFO - [0m11:45:06  1 of 2 START sql table model public.my_first_dbt_model ......................... [RUN]
[2024-04-04T11:45:06.625+0000] {subprocess.py:93} INFO - [0m11:45:06  1 of 2 OK created sql table model public.my_first_dbt_model .................... [[32mSELECT 2[0m in 0.40s]
[2024-04-04T11:45:06.632+0000] {subprocess.py:93} INFO - [0m11:45:06  2 of 2 START sql view model public.my_second_dbt_model ......................... [RUN]
[2024-04-04T11:45:06.875+0000] {subprocess.py:93} INFO - [0m11:45:06  2 of 2 OK created sql view model public.my_second_dbt_model .................... [[32mCREATE VIEW[0m in 0.24s]
[2024-04-04T11:45:06.956+0000] {subprocess.py:93} INFO - [0m11:45:06
[2024-04-04T11:45:06.958+0000] {subprocess.py:93} INFO - [0m11:45:06  Running 1 on-run-end hook
[2024-04-04T11:45:10.040+0000] {subprocess.py:93} INFO - [0m11:45:10  1 of 1 START hook: elementary.on-run-end.0 ..................................... [RUN]
[2024-04-04T11:45:10.042+0000] {subprocess.py:93} INFO - [0m11:45:10  1 of 1 OK hook: elementary.on-run-end.0 ........................................ [[32mOK[0m in 0.00s]
[2024-04-04T11:45:10.044+0000] {subprocess.py:93} INFO - [0m11:45:10
[2024-04-04T11:45:10.056+0000] {subprocess.py:93} INFO - [0m11:45:10
[2024-04-04T11:45:10.058+0000] {subprocess.py:93} INFO - [0m11:45:10  Finished running 1 table model, 1 view model, 2 hooks in 0 hours 0 minutes and 4.55 seconds (4.55s).
[2024-04-04T11:45:10.186+0000] {subprocess.py:93} INFO - [0m11:45:10
[2024-04-04T11:45:10.188+0000] {subprocess.py:93} INFO - [0m11:45:10  [32mCompleted successfully[0m
[2024-04-04T11:45:10.190+0000] {subprocess.py:93} INFO - [0m11:45:10
[2024-04-04T11:45:10.192+0000] {subprocess.py:93} INFO - [0m11:45:10  Done. PASS=2 WARN=0 ERROR=0 SKIP=0 TOTAL=2
[2024-04-04T11:45:11.174+0000] {subprocess.py:97} INFO - Command exited with return code 0
[2024-04-04T11:45:11.218+0000] {taskinstance.py:1138} INFO - Marking task as SUCCESS. dag_id=dag___dbt, task_id=run_model1, execution_date=20240404T114444, start_date=20240404T114446, end_date=20240404T114511
[2024-04-04T11:45:11.279+0000] {local_task_job_runner.py:234} INFO - Task exited with return code 0
[2024-04-04T11:45:11.327+0000] {taskinstance.py:3280} INFO - 1 downstream tasks scheduled from follow-on schedule check
