[2024-04-01T10:05:15.571+0000] {taskinstance.py:1956} INFO - Dependencies all met for dep_context=non-requeueable deps ti=<TaskInstance: dag___freshness.run_model1 scheduled__2024-03-18T10:00:00+00:00 [queued]>
[2024-04-01T10:05:15.840+0000] {taskinstance.py:1956} INFO - Dependencies all met for dep_context=requeueable deps ti=<TaskInstance: dag___freshness.run_model1 scheduled__2024-03-18T10:00:00+00:00 [queued]>
[2024-04-01T10:05:15.841+0000] {taskinstance.py:2170} INFO - Starting attempt 1 of 2
[2024-04-01T10:05:15.997+0000] {taskinstance.py:2191} INFO - Executing <Task(BashOperator): run_model1> on 2024-03-18 10:00:00+00:00
[2024-04-01T10:05:16.033+0000] {standard_task_runner.py:60} INFO - Started process 1250 to run task
[2024-04-01T10:05:16.056+0000] {standard_task_runner.py:87} INFO - Running: ['***', 'tasks', 'run', 'dag___freshness', 'run_model1', 'scheduled__2024-03-18T10:00:00+00:00', '--job-id', '192', '--raw', '--subdir', 'DAGS_FOLDER/freshness_test_dag.py', '--cfg-path', '/tmp/tmp2q4rny0l']
[2024-04-01T10:05:16.076+0000] {standard_task_runner.py:88} INFO - Job 192: Subtask run_model1
[2024-04-01T10:05:16.948+0000] {task_command.py:423} INFO - Running <TaskInstance: dag___freshness.run_model1 scheduled__2024-03-18T10:00:00+00:00 [running]> on host 62dc842f1ceb
[2024-04-01T10:05:18.081+0000] {taskinstance.py:2480} INFO - Exporting env vars: AIRFLOW_CTX_DAG_OWNER='***' AIRFLOW_CTX_DAG_ID='dag___freshness' AIRFLOW_CTX_TASK_ID='run_model1' AIRFLOW_CTX_EXECUTION_DATE='2024-03-18T10:00:00+00:00' AIRFLOW_CTX_TRY_NUMBER='1' AIRFLOW_CTX_DAG_RUN_ID='scheduled__2024-03-18T10:00:00+00:00'
[2024-04-01T10:05:18.091+0000] {subprocess.py:63} INFO - Tmp dir root location: /tmp
[2024-04-01T10:05:18.101+0000] {subprocess.py:75} INFO - Running command: ['/usr/bin/bash', '-c', '/home/***/.local/bin/dbt run --models my_first_dbt_model my_second_dbt_model  --profiles-dir /home/***/.dbt --project-dir /opt/***/proj']
[2024-04-01T10:05:18.196+0000] {subprocess.py:86} INFO - Output:
[2024-04-01T10:05:52.156+0000] {subprocess.py:93} INFO - [0m10:05:52  Running with dbt=1.7.10
[2024-04-01T10:05:55.417+0000] {subprocess.py:93} INFO - [0m10:05:55  Registered adapter: postgres=1.7.10
[2024-04-01T10:06:12.933+0000] {subprocess.py:93} INFO - [0m10:06:12  Found 34 models, 2 operations, 5 tests, 1 source, 0 exposures, 0 metrics, 1407 macros, 0 groups, 0 semantic models
[2024-04-01T10:06:12.944+0000] {subprocess.py:93} INFO - [0m10:06:12
[2024-04-01T10:06:14.369+0000] {subprocess.py:93} INFO - [0m10:06:14
[2024-04-01T10:06:14.377+0000] {subprocess.py:93} INFO - [0m10:06:14  Running 1 on-run-start hook
[2024-04-01T10:06:14.693+0000] {subprocess.py:93} INFO - [0m10:06:14  1 of 1 START hook: elementary.on-run-start.0 ................................... [RUN]
[2024-04-01T10:06:14.698+0000] {subprocess.py:93} INFO - [0m10:06:14  1 of 1 OK hook: elementary.on-run-start.0 ...................................... [[32mOK[0m in 0.00s]
[2024-04-01T10:06:14.700+0000] {subprocess.py:93} INFO - [0m10:06:14
[2024-04-01T10:06:14.719+0000] {subprocess.py:93} INFO - [0m10:06:14  Concurrency: 1 threads (target='dev')
[2024-04-01T10:06:14.730+0000] {subprocess.py:93} INFO - [0m10:06:14
[2024-04-01T10:06:14.784+0000] {subprocess.py:93} INFO - [0m10:06:14  1 of 2 START sql table model public.my_first_dbt_model ......................... [RUN]
[2024-04-01T10:06:16.328+0000] {subprocess.py:93} INFO - [0m10:06:16  1 of 2 OK created sql table model public.my_first_dbt_model .................... [[32mSELECT 2[0m in 1.54s]
[2024-04-01T10:06:16.360+0000] {subprocess.py:93} INFO - [0m10:06:16  2 of 2 START sql view model public.my_second_dbt_model ......................... [RUN]
[2024-04-01T10:06:17.244+0000] {subprocess.py:93} INFO - [0m10:06:17  2 of 2 OK created sql view model public.my_second_dbt_model .................... [[32mCREATE VIEW[0m in 0.87s]
[2024-04-01T10:06:17.423+0000] {subprocess.py:93} INFO - [0m10:06:17
[2024-04-01T10:06:17.427+0000] {subprocess.py:93} INFO - [0m10:06:17  Running 1 on-run-end hook
[2024-04-01T10:06:26.537+0000] {subprocess.py:93} INFO - [0m10:06:26  1 of 1 START hook: elementary.on-run-end.0 ..................................... [RUN]
[2024-04-01T10:06:26.540+0000] {subprocess.py:93} INFO - [0m10:06:26  1 of 1 OK hook: elementary.on-run-end.0 ........................................ [[32mOK[0m in 0.00s]
[2024-04-01T10:06:26.546+0000] {subprocess.py:93} INFO - [0m10:06:26
[2024-04-01T10:06:26.569+0000] {subprocess.py:93} INFO - [0m10:06:26
[2024-04-01T10:06:26.573+0000] {subprocess.py:93} INFO - [0m10:06:26  Finished running 1 table model, 1 view model, 2 hooks in 0 hours 0 minutes and 13.62 seconds (13.62s).
[2024-04-01T10:06:26.824+0000] {subprocess.py:93} INFO - [0m10:06:26
[2024-04-01T10:06:26.839+0000] {subprocess.py:93} INFO - [0m10:06:26  [32mCompleted successfully[0m
[2024-04-01T10:06:26.841+0000] {subprocess.py:93} INFO - [0m10:06:26
[2024-04-01T10:06:26.848+0000] {subprocess.py:93} INFO - [0m10:06:26  Done. PASS=2 WARN=0 ERROR=0 SKIP=0 TOTAL=2
[2024-04-01T10:06:28.053+0000] {subprocess.py:97} INFO - Command exited with return code 0
[2024-04-01T10:06:28.132+0000] {taskinstance.py:1138} INFO - Marking task as SUCCESS. dag_id=dag___freshness, task_id=run_model1, execution_date=20240318T100000, start_date=20240401T100515, end_date=20240401T100628
[2024-04-01T10:06:28.217+0000] {local_task_job_runner.py:234} INFO - Task exited with return code 0
[2024-04-01T10:06:28.284+0000] {taskinstance.py:3280} INFO - 1 downstream tasks scheduled from follow-on schedule check
