[2024-04-01T09:56:26.009+0000] {taskinstance.py:1956} INFO - Dependencies all met for dep_context=non-requeueable deps ti=<TaskInstance: dag___dbt.dbt_data_quality_checks scheduled__2024-03-30T11:00:00+00:00 [queued]>
[2024-04-01T09:56:26.035+0000] {taskinstance.py:1956} INFO - Dependencies all met for dep_context=requeueable deps ti=<TaskInstance: dag___dbt.dbt_data_quality_checks scheduled__2024-03-30T11:00:00+00:00 [queued]>
[2024-04-01T09:56:26.036+0000] {taskinstance.py:2170} INFO - Starting attempt 1 of 2
[2024-04-01T09:56:26.086+0000] {taskinstance.py:2191} INFO - Executing <Task(BashOperator): dbt_data_quality_checks> on 2024-03-30 11:00:00+00:00
[2024-04-01T09:56:26.098+0000] {standard_task_runner.py:60} INFO - Started process 629 to run task
[2024-04-01T09:56:26.117+0000] {standard_task_runner.py:87} INFO - Running: ['***', 'tasks', 'run', 'dag___dbt', 'dbt_data_quality_checks', 'scheduled__2024-03-30T11:00:00+00:00', '--job-id', '115', '--raw', '--subdir', 'DAGS_FOLDER/dbt_dag.py', '--cfg-path', '/tmp/tmpu1xj4ngq']
[2024-04-01T09:56:26.124+0000] {standard_task_runner.py:88} INFO - Job 115: Subtask dbt_data_quality_checks
[2024-04-01T09:56:26.288+0000] {task_command.py:423} INFO - Running <TaskInstance: dag___dbt.dbt_data_quality_checks scheduled__2024-03-30T11:00:00+00:00 [running]> on host 62dc842f1ceb
[2024-04-01T09:56:26.625+0000] {taskinstance.py:2480} INFO - Exporting env vars: AIRFLOW_CTX_DAG_OWNER='***' AIRFLOW_CTX_DAG_ID='dag___dbt' AIRFLOW_CTX_TASK_ID='dbt_data_quality_checks' AIRFLOW_CTX_EXECUTION_DATE='2024-03-30T11:00:00+00:00' AIRFLOW_CTX_TRY_NUMBER='1' AIRFLOW_CTX_DAG_RUN_ID='scheduled__2024-03-30T11:00:00+00:00'
[2024-04-01T09:56:26.632+0000] {subprocess.py:63} INFO - Tmp dir root location: /tmp
[2024-04-01T09:56:26.638+0000] {subprocess.py:75} INFO - Running command: ['/usr/bin/bash', '-c', '/home/***/.local/bin/dbt test --profiles-dir /home/***/.dbt --project-dir /opt/***/proj']
[2024-04-01T09:56:26.672+0000] {subprocess.py:86} INFO - Output:
[2024-04-01T09:56:39.882+0000] {subprocess.py:93} INFO - [0m09:56:39  Running with dbt=1.7.10
[2024-04-01T09:56:41.373+0000] {local_task_job_runner.py:302} WARNING - State of this instance has been externally set to removed. Terminating instance.
[2024-04-01T09:56:41.382+0000] {process_utils.py:131} INFO - Sending 15 to group 629. PIDs of all processes in the group: [630, 629]
[2024-04-01T09:56:41.385+0000] {process_utils.py:86} INFO - Sending the signal 15 to group 629
[2024-04-01T09:56:41.395+0000] {taskinstance.py:2450} ERROR - Received SIGTERM. Terminating subprocesses.
[2024-04-01T09:56:41.396+0000] {subprocess.py:104} INFO - Sending SIGTERM signal to process group
[2024-04-01T09:56:41.499+0000] {process_utils.py:79} INFO - Process psutil.Process(pid=629, status='terminated', exitcode=0, started='09:56:25') (629) terminated with exit code 0
[2024-04-01T09:56:41.502+0000] {process_utils.py:79} INFO - Process psutil.Process(pid=630, status='terminated', started='09:56:25') (630) terminated with exit code None
