[2024-04-01T10:04:55.036+0000] {taskinstance.py:1956} INFO - Dependencies all met for dep_context=non-requeueable deps ti=<TaskInstance: dag___freshness.run_model1 scheduled__2024-03-15T03:00:00+00:00 [queued]>
[2024-04-01T10:04:55.070+0000] {taskinstance.py:1956} INFO - Dependencies all met for dep_context=requeueable deps ti=<TaskInstance: dag___freshness.run_model1 scheduled__2024-03-15T03:00:00+00:00 [queued]>
[2024-04-01T10:04:55.072+0000] {taskinstance.py:2170} INFO - Starting attempt 1 of 2
[2024-04-01T10:04:55.150+0000] {taskinstance.py:2191} INFO - Executing <Task(BashOperator): run_model1> on 2024-03-15 03:00:00+00:00
[2024-04-01T10:04:55.161+0000] {standard_task_runner.py:60} INFO - Started process 1214 to run task
[2024-04-01T10:04:55.177+0000] {standard_task_runner.py:87} INFO - Running: ['***', 'tasks', 'run', 'dag___freshness', 'run_model1', 'scheduled__2024-03-15T03:00:00+00:00', '--job-id', '183', '--raw', '--subdir', 'DAGS_FOLDER/freshness_test_dag.py', '--cfg-path', '/tmp/tmprxd2aro3']
[2024-04-01T10:04:55.192+0000] {standard_task_runner.py:88} INFO - Job 183: Subtask run_model1
[2024-04-01T10:04:55.330+0000] {task_command.py:423} INFO - Running <TaskInstance: dag___freshness.run_model1 scheduled__2024-03-15T03:00:00+00:00 [running]> on host 62dc842f1ceb
[2024-04-01T10:04:55.700+0000] {taskinstance.py:2480} INFO - Exporting env vars: AIRFLOW_CTX_DAG_OWNER='***' AIRFLOW_CTX_DAG_ID='dag___freshness' AIRFLOW_CTX_TASK_ID='run_model1' AIRFLOW_CTX_EXECUTION_DATE='2024-03-15T03:00:00+00:00' AIRFLOW_CTX_TRY_NUMBER='1' AIRFLOW_CTX_DAG_RUN_ID='scheduled__2024-03-15T03:00:00+00:00'
[2024-04-01T10:04:55.705+0000] {subprocess.py:63} INFO - Tmp dir root location: /tmp
[2024-04-01T10:04:55.707+0000] {subprocess.py:75} INFO - Running command: ['/usr/bin/bash', '-c', '/home/***/.local/bin/dbt run --models my_first_dbt_model my_second_dbt_model  --profiles-dir /home/***/.dbt --project-dir /opt/***/proj']
[2024-04-01T10:04:55.863+0000] {subprocess.py:86} INFO - Output:
[2024-04-01T10:05:42.250+0000] {subprocess.py:93} INFO - [0m10:05:42  Running with dbt=1.7.10
[2024-04-01T10:05:45.782+0000] {subprocess.py:93} INFO - [0m10:05:45  Registered adapter: postgres=1.7.10
[2024-04-01T10:06:05.561+0000] {subprocess.py:93} INFO - [0m10:06:05  Found 34 models, 2 operations, 5 tests, 1 source, 0 exposures, 0 metrics, 1407 macros, 0 groups, 0 semantic models
[2024-04-01T10:06:05.578+0000] {subprocess.py:93} INFO - [0m10:06:05
[2024-04-01T10:06:06.777+0000] {subprocess.py:93} INFO - [0m10:06:06
[2024-04-01T10:06:06.781+0000] {subprocess.py:93} INFO - [0m10:06:06  Running 1 on-run-start hook
[2024-04-01T10:06:07.080+0000] {subprocess.py:93} INFO - [0m10:06:07  1 of 1 START hook: elementary.on-run-start.0 ................................... [RUN]
[2024-04-01T10:06:07.086+0000] {subprocess.py:93} INFO - [0m10:06:07  1 of 1 OK hook: elementary.on-run-start.0 ...................................... [[32mOK[0m in 0.00s]
[2024-04-01T10:06:07.090+0000] {subprocess.py:93} INFO - [0m10:06:07
[2024-04-01T10:06:07.099+0000] {subprocess.py:93} INFO - [0m10:06:07  Concurrency: 1 threads (target='dev')
[2024-04-01T10:06:07.105+0000] {subprocess.py:93} INFO - [0m10:06:07
[2024-04-01T10:06:07.136+0000] {subprocess.py:93} INFO - [0m10:06:07  1 of 2 START sql table model public.my_first_dbt_model ......................... [RUN]
[2024-04-01T10:06:08.273+0000] {subprocess.py:93} INFO - [0m10:06:08  1 of 2 OK created sql table model public.my_first_dbt_model .................... [[32mSELECT 2[0m in 1.13s]
[2024-04-01T10:06:08.289+0000] {subprocess.py:93} INFO - [0m10:06:08  2 of 2 START sql view model public.my_second_dbt_model ......................... [RUN]
[2024-04-01T10:06:08.862+0000] {subprocess.py:93} INFO - [0m10:06:08  2 of 2 OK created sql view model public.my_second_dbt_model .................... [[32mCREATE VIEW[0m in 0.56s]
[2024-04-01T10:06:09.026+0000] {subprocess.py:93} INFO - [0m10:06:09
[2024-04-01T10:06:09.032+0000] {subprocess.py:93} INFO - [0m10:06:09  Running 1 on-run-end hook
[2024-04-01T10:06:16.579+0000] {subprocess.py:93} INFO - [0m10:06:16  1 of 1 START hook: elementary.on-run-end.0 ..................................... [RUN]
[2024-04-01T10:06:16.598+0000] {subprocess.py:93} INFO - [0m10:06:16  1 of 1 OK hook: elementary.on-run-end.0 ........................................ [[32mOK[0m in 0.00s]
[2024-04-01T10:06:16.605+0000] {subprocess.py:93} INFO - [0m10:06:16
[2024-04-01T10:06:16.643+0000] {subprocess.py:93} INFO - [0m10:06:16
[2024-04-01T10:06:16.653+0000] {subprocess.py:93} INFO - [0m10:06:16  Finished running 1 table model, 1 view model, 2 hooks in 0 hours 0 minutes and 11.05 seconds (11.05s).
[2024-04-01T10:06:17.004+0000] {subprocess.py:93} INFO - [0m10:06:17
[2024-04-01T10:06:17.010+0000] {subprocess.py:93} INFO - [0m10:06:17  [32mCompleted successfully[0m
[2024-04-01T10:06:17.011+0000] {subprocess.py:93} INFO - [0m10:06:17
[2024-04-01T10:06:17.025+0000] {subprocess.py:93} INFO - [0m10:06:17  Done. PASS=2 WARN=0 ERROR=0 SKIP=0 TOTAL=2
[2024-04-01T10:06:18.386+0000] {subprocess.py:97} INFO - Command exited with return code 0
[2024-04-01T10:06:18.470+0000] {taskinstance.py:1138} INFO - Marking task as SUCCESS. dag_id=dag___freshness, task_id=run_model1, execution_date=20240315T030000, start_date=20240401T100455, end_date=20240401T100618
[2024-04-01T10:06:18.550+0000] {local_task_job_runner.py:234} INFO - Task exited with return code 0
[2024-04-01T10:06:18.628+0000] {taskinstance.py:3280} INFO - 1 downstream tasks scheduled from follow-on schedule check
