[2024-04-01T10:45:33.981+0000] {taskinstance.py:1956} INFO - Dependencies all met for dep_context=non-requeueable deps ti=<TaskInstance: dag___fresh.run_model1 manual__2024-04-01T10:45:30.805414+00:00 [queued]>
[2024-04-01T10:45:34.006+0000] {taskinstance.py:1956} INFO - Dependencies all met for dep_context=requeueable deps ti=<TaskInstance: dag___fresh.run_model1 manual__2024-04-01T10:45:30.805414+00:00 [queued]>
[2024-04-01T10:45:34.007+0000] {taskinstance.py:2170} INFO - Starting attempt 1 of 2
[2024-04-01T10:45:34.034+0000] {taskinstance.py:2191} INFO - Executing <Task(BashOperator): run_model1> on 2024-04-01 10:45:30.805414+00:00
[2024-04-01T10:45:34.043+0000] {standard_task_runner.py:60} INFO - Started process 836 to run task
[2024-04-01T10:45:34.050+0000] {standard_task_runner.py:87} INFO - Running: ['***', 'tasks', 'run', 'dag___fresh', 'run_model1', 'manual__2024-04-01T10:45:30.805414+00:00', '--job-id', '267', '--raw', '--subdir', 'DAGS_FOLDER/dbt_dag.py', '--cfg-path', '/tmp/tmpmmuqi75r']
[2024-04-01T10:45:34.055+0000] {standard_task_runner.py:88} INFO - Job 267: Subtask run_model1
[2024-04-01T10:45:34.145+0000] {task_command.py:423} INFO - Running <TaskInstance: dag___fresh.run_model1 manual__2024-04-01T10:45:30.805414+00:00 [running]> on host 62dc842f1ceb
[2024-04-01T10:45:34.273+0000] {taskinstance.py:2480} INFO - Exporting env vars: AIRFLOW_CTX_DAG_OWNER='***' AIRFLOW_CTX_DAG_ID='dag___fresh' AIRFLOW_CTX_TASK_ID='run_model1' AIRFLOW_CTX_EXECUTION_DATE='2024-04-01T10:45:30.805414+00:00' AIRFLOW_CTX_TRY_NUMBER='1' AIRFLOW_CTX_DAG_RUN_ID='manual__2024-04-01T10:45:30.805414+00:00'
[2024-04-01T10:45:34.276+0000] {subprocess.py:63} INFO - Tmp dir root location: /tmp
[2024-04-01T10:45:34.278+0000] {subprocess.py:75} INFO - Running command: ['/usr/bin/bash', '-c', '/home/***/.local/bin/dbt run --models my_first_dbt_model my_second_dbt_model  --profiles-dir /home/***/.dbt --project-dir /opt/***/proj']
[2024-04-01T10:45:34.296+0000] {subprocess.py:86} INFO - Output:
[2024-04-01T10:45:40.484+0000] {subprocess.py:93} INFO - [0m10:45:40  Running with dbt=1.7.10
[2024-04-01T10:45:41.427+0000] {subprocess.py:93} INFO - [0m10:45:41  Registered adapter: postgres=1.7.10
[2024-04-01T10:45:52.907+0000] {subprocess.py:93} INFO - [0m10:45:52  Found 34 models, 2 operations, 5 tests, 1 source, 0 exposures, 0 metrics, 1407 macros, 0 groups, 0 semantic models
[2024-04-01T10:45:52.914+0000] {subprocess.py:93} INFO - [0m10:45:52
[2024-04-01T10:45:53.533+0000] {subprocess.py:93} INFO - [0m10:45:53
[2024-04-01T10:45:53.534+0000] {subprocess.py:93} INFO - [0m10:45:53  Running 1 on-run-start hook
[2024-04-01T10:45:53.639+0000] {subprocess.py:93} INFO - [0m10:45:53  1 of 1 START hook: elementary.on-run-start.0 ................................... [RUN]
[2024-04-01T10:45:53.641+0000] {subprocess.py:93} INFO - [0m10:45:53  1 of 1 OK hook: elementary.on-run-start.0 ...................................... [[32mOK[0m in 0.00s]
[2024-04-01T10:45:53.643+0000] {subprocess.py:93} INFO - [0m10:45:53
[2024-04-01T10:45:53.647+0000] {subprocess.py:93} INFO - [0m10:45:53  Concurrency: 1 threads (target='dev')
[2024-04-01T10:45:53.650+0000] {subprocess.py:93} INFO - [0m10:45:53
[2024-04-01T10:45:53.667+0000] {subprocess.py:93} INFO - [0m10:45:53  1 of 2 START sql table model public.my_first_dbt_model ......................... [RUN]
[2024-04-01T10:45:54.115+0000] {subprocess.py:93} INFO - [0m10:45:54  1 of 2 OK created sql table model public.my_first_dbt_model .................... [[32mSELECT 2[0m in 0.44s]
[2024-04-01T10:45:54.123+0000] {subprocess.py:93} INFO - [0m10:45:54  2 of 2 START sql view model public.my_second_dbt_model ......................... [RUN]
[2024-04-01T10:45:54.487+0000] {subprocess.py:93} INFO - [0m10:45:54  2 of 2 OK created sql view model public.my_second_dbt_model .................... [[32mCREATE VIEW[0m in 0.36s]
[2024-04-01T10:45:54.581+0000] {subprocess.py:93} INFO - [0m10:45:54
[2024-04-01T10:45:54.583+0000] {subprocess.py:93} INFO - [0m10:45:54  Running 1 on-run-end hook
[2024-04-01T10:45:57.603+0000] {subprocess.py:93} INFO - [0m10:45:57  1 of 1 START hook: elementary.on-run-end.0 ..................................... [RUN]
[2024-04-01T10:45:57.605+0000] {subprocess.py:93} INFO - [0m10:45:57  1 of 1 OK hook: elementary.on-run-end.0 ........................................ [[32mOK[0m in 0.00s]
[2024-04-01T10:45:57.606+0000] {subprocess.py:93} INFO - [0m10:45:57
[2024-04-01T10:45:57.618+0000] {subprocess.py:93} INFO - [0m10:45:57
[2024-04-01T10:45:57.620+0000] {subprocess.py:93} INFO - [0m10:45:57  Finished running 1 table model, 1 view model, 2 hooks in 0 hours 0 minutes and 4.70 seconds (4.70s).
[2024-04-01T10:45:57.702+0000] {subprocess.py:93} INFO - [0m10:45:57
[2024-04-01T10:45:57.703+0000] {subprocess.py:93} INFO - [0m10:45:57  [32mCompleted successfully[0m
[2024-04-01T10:45:57.705+0000] {subprocess.py:93} INFO - [0m10:45:57
[2024-04-01T10:45:57.706+0000] {subprocess.py:93} INFO - [0m10:45:57  Done. PASS=2 WARN=0 ERROR=0 SKIP=0 TOTAL=2
[2024-04-01T10:45:58.565+0000] {subprocess.py:97} INFO - Command exited with return code 0
[2024-04-01T10:45:58.608+0000] {taskinstance.py:1138} INFO - Marking task as SUCCESS. dag_id=dag___fresh, task_id=run_model1, execution_date=20240401T104530, start_date=20240401T104533, end_date=20240401T104558
[2024-04-01T10:45:58.662+0000] {local_task_job_runner.py:234} INFO - Task exited with return code 0
[2024-04-01T10:45:58.686+0000] {taskinstance.py:3280} INFO - 1 downstream tasks scheduled from follow-on schedule check
