[2024-04-01T10:03:51.334+0000] {taskinstance.py:1956} INFO - Dependencies all met for dep_context=non-requeueable deps ti=<TaskInstance: dag___freshness.dbt_freshness_check scheduled__2024-03-16T12:00:00+00:00 [queued]>
[2024-04-01T10:03:51.353+0000] {taskinstance.py:1956} INFO - Dependencies all met for dep_context=requeueable deps ti=<TaskInstance: dag___freshness.dbt_freshness_check scheduled__2024-03-16T12:00:00+00:00 [queued]>
[2024-04-01T10:03:51.354+0000] {taskinstance.py:2170} INFO - Starting attempt 1 of 2
[2024-04-01T10:03:51.403+0000] {taskinstance.py:2191} INFO - Executing <Task(BashOperator): dbt_freshness_check> on 2024-03-16 12:00:00+00:00
[2024-04-01T10:03:51.418+0000] {standard_task_runner.py:60} INFO - Started process 1124 to run task
[2024-04-01T10:03:51.434+0000] {standard_task_runner.py:87} INFO - Running: ['***', 'tasks', 'run', 'dag___freshness', 'dbt_freshness_check', 'scheduled__2024-03-16T12:00:00+00:00', '--job-id', '176', '--raw', '--subdir', 'DAGS_FOLDER/freshness_test_dag.py', '--cfg-path', '/tmp/tmpd13ve5v_']
[2024-04-01T10:03:51.440+0000] {standard_task_runner.py:88} INFO - Job 176: Subtask dbt_freshness_check
[2024-04-01T10:03:51.595+0000] {task_command.py:423} INFO - Running <TaskInstance: dag___freshness.dbt_freshness_check scheduled__2024-03-16T12:00:00+00:00 [running]> on host 62dc842f1ceb
[2024-04-01T10:03:51.877+0000] {taskinstance.py:2480} INFO - Exporting env vars: AIRFLOW_CTX_DAG_OWNER='***' AIRFLOW_CTX_DAG_ID='dag___freshness' AIRFLOW_CTX_TASK_ID='dbt_freshness_check' AIRFLOW_CTX_EXECUTION_DATE='2024-03-16T12:00:00+00:00' AIRFLOW_CTX_TRY_NUMBER='1' AIRFLOW_CTX_DAG_RUN_ID='scheduled__2024-03-16T12:00:00+00:00'
[2024-04-01T10:03:51.881+0000] {subprocess.py:63} INFO - Tmp dir root location: /tmp
[2024-04-01T10:03:51.883+0000] {subprocess.py:75} INFO - Running command: ['/usr/bin/bash', '-c', '/home/***/.local/bin/dbt source freshness --profiles-dir /home/***/.dbt --project-dir /opt/***/proj']
[2024-04-01T10:03:51.935+0000] {subprocess.py:86} INFO - Output:
[2024-04-01T10:04:17.434+0000] {subprocess.py:93} INFO - [0m10:04:17  Running with dbt=1.7.10
[2024-04-01T10:04:19.588+0000] {subprocess.py:93} INFO - [0m10:04:19  Registered adapter: postgres=1.7.10
[2024-04-01T10:04:47.782+0000] {local_task_job_runner.py:302} WARNING - State of this instance has been externally set to removed. Terminating instance.
[2024-04-01T10:04:47.806+0000] {process_utils.py:131} INFO - Sending 15 to group 1124. PIDs of all processes in the group: [1127, 1124]
[2024-04-01T10:04:47.834+0000] {process_utils.py:86} INFO - Sending the signal 15 to group 1124
[2024-04-01T10:04:47.838+0000] {taskinstance.py:2450} ERROR - Received SIGTERM. Terminating subprocesses.
[2024-04-01T10:04:47.841+0000] {subprocess.py:104} INFO - Sending SIGTERM signal to process group
[2024-04-01T10:04:48.360+0000] {process_utils.py:79} INFO - Process psutil.Process(pid=1124, status='terminated', exitcode=0, started='10:03:50') (1124) terminated with exit code 0
[2024-04-01T10:04:48.372+0000] {process_utils.py:79} INFO - Process psutil.Process(pid=1127, status='terminated', started='10:03:51') (1127) terminated with exit code None
