[2024-04-05T01:44:26.871+0000] {processor.py:161} INFO - Started process (PID=49632) to work on /home/airflow/.local/lib/python3.8/site-packages/airflow/example_dags/example_subdag_operator.py
[2024-04-05T01:44:26.872+0000] {processor.py:830} INFO - Processing file /home/airflow/.local/lib/python3.8/site-packages/airflow/example_dags/example_subdag_operator.py for tasks to queue
[2024-04-05T01:44:26.874+0000] {logging_mixin.py:188} INFO - [2024-04-05T01:44:26.874+0000] {dagbag.py:538} INFO - Filling up the DagBag from /home/airflow/.local/lib/python3.8/site-packages/airflow/example_dags/example_subdag_operator.py
[2024-04-05T01:44:26.924+0000] {processor.py:840} INFO - DAG(s) 'example_subdag_operator.section-1', 'example_subdag_operator.section-2', 'example_subdag_operator' retrieved from /home/airflow/.local/lib/python3.8/site-packages/airflow/example_dags/example_subdag_operator.py
[2024-04-05T01:44:26.959+0000] {logging_mixin.py:188} INFO - [2024-04-05T01:44:26.958+0000] {dag.py:3036} INFO - Sync 3 DAGs
[2024-04-05T01:44:27.001+0000] {logging_mixin.py:188} INFO - [2024-04-05T01:44:27.001+0000] {dag.py:3823} INFO - Setting next_dagrun for example_subdag_operator to 2022-01-01 00:00:00+00:00, run_after=2022-01-01 00:00:00+00:00
[2024-04-05T01:44:27.009+0000] {logging_mixin.py:188} INFO - [2024-04-05T01:44:27.008+0000] {dag.py:3823} INFO - Setting next_dagrun for example_subdag_operator.section-1 to None, run_after=None
[2024-04-05T01:44:27.011+0000] {logging_mixin.py:188} INFO - [2024-04-05T01:44:27.011+0000] {dag.py:3823} INFO - Setting next_dagrun for example_subdag_operator.section-2 to None, run_after=None
[2024-04-05T01:44:27.025+0000] {logging_mixin.py:188} INFO - [2024-04-05T01:44:27.024+0000] {dag.py:3036} INFO - Sync 2 DAGs
[2024-04-05T01:44:27.045+0000] {logging_mixin.py:188} INFO - [2024-04-05T01:44:27.044+0000] {dag.py:3823} INFO - Setting next_dagrun for example_subdag_operator.section-1 to None, run_after=None
[2024-04-05T01:44:27.047+0000] {logging_mixin.py:188} INFO - [2024-04-05T01:44:27.047+0000] {dag.py:3823} INFO - Setting next_dagrun for example_subdag_operator.section-2 to None, run_after=None
[2024-04-05T01:44:27.071+0000] {processor.py:183} INFO - Processing /home/airflow/.local/lib/python3.8/site-packages/airflow/example_dags/example_subdag_operator.py took 0.207 seconds
[2024-04-05T01:44:57.494+0000] {processor.py:161} INFO - Started process (PID=49691) to work on /home/airflow/.local/lib/python3.8/site-packages/airflow/example_dags/example_subdag_operator.py
[2024-04-05T01:44:57.496+0000] {processor.py:830} INFO - Processing file /home/airflow/.local/lib/python3.8/site-packages/airflow/example_dags/example_subdag_operator.py for tasks to queue
[2024-04-05T01:44:57.497+0000] {logging_mixin.py:188} INFO - [2024-04-05T01:44:57.497+0000] {dagbag.py:538} INFO - Filling up the DagBag from /home/airflow/.local/lib/python3.8/site-packages/airflow/example_dags/example_subdag_operator.py
[2024-04-05T01:44:57.539+0000] {processor.py:840} INFO - DAG(s) 'example_subdag_operator.section-1', 'example_subdag_operator.section-2', 'example_subdag_operator' retrieved from /home/airflow/.local/lib/python3.8/site-packages/airflow/example_dags/example_subdag_operator.py
[2024-04-05T01:44:57.569+0000] {logging_mixin.py:188} INFO - [2024-04-05T01:44:57.569+0000] {dag.py:3036} INFO - Sync 3 DAGs
[2024-04-05T01:44:57.606+0000] {logging_mixin.py:188} INFO - [2024-04-05T01:44:57.606+0000] {dag.py:3823} INFO - Setting next_dagrun for example_subdag_operator to 2022-01-01 00:00:00+00:00, run_after=2022-01-01 00:00:00+00:00
[2024-04-05T01:44:57.612+0000] {logging_mixin.py:188} INFO - [2024-04-05T01:44:57.612+0000] {dag.py:3823} INFO - Setting next_dagrun for example_subdag_operator.section-1 to None, run_after=None
[2024-04-05T01:44:57.615+0000] {logging_mixin.py:188} INFO - [2024-04-05T01:44:57.615+0000] {dag.py:3823} INFO - Setting next_dagrun for example_subdag_operator.section-2 to None, run_after=None
[2024-04-05T01:44:57.626+0000] {logging_mixin.py:188} INFO - [2024-04-05T01:44:57.626+0000] {dag.py:3036} INFO - Sync 2 DAGs
[2024-04-05T01:44:57.638+0000] {logging_mixin.py:188} INFO - [2024-04-05T01:44:57.638+0000] {dag.py:3823} INFO - Setting next_dagrun for example_subdag_operator.section-1 to None, run_after=None
[2024-04-05T01:44:57.639+0000] {logging_mixin.py:188} INFO - [2024-04-05T01:44:57.639+0000] {dag.py:3823} INFO - Setting next_dagrun for example_subdag_operator.section-2 to None, run_after=None
[2024-04-05T01:44:57.659+0000] {processor.py:183} INFO - Processing /home/airflow/.local/lib/python3.8/site-packages/airflow/example_dags/example_subdag_operator.py took 0.170 seconds
