[2024-04-05T01:44:02.708+0000] {processor.py:161} INFO - Started process (PID=49621) to work on /home/airflow/.local/lib/python3.8/site-packages/airflow/example_dags/example_branch_datetime_operator.py
[2024-04-05T01:44:02.717+0000] {processor.py:830} INFO - Processing file /home/airflow/.local/lib/python3.8/site-packages/airflow/example_dags/example_branch_datetime_operator.py for tasks to queue
[2024-04-05T01:44:02.719+0000] {logging_mixin.py:188} INFO - [2024-04-05T01:44:02.718+0000] {dagbag.py:538} INFO - Filling up the DagBag from /home/airflow/.local/lib/python3.8/site-packages/airflow/example_dags/example_branch_datetime_operator.py
[2024-04-05T01:44:02.786+0000] {processor.py:840} INFO - DAG(s) 'example_branch_datetime_operator_2', 'example_branch_datetime_operator', 'example_branch_datetime_operator_3' retrieved from /home/airflow/.local/lib/python3.8/site-packages/airflow/example_dags/example_branch_datetime_operator.py
[2024-04-05T01:44:02.954+0000] {logging_mixin.py:188} INFO - [2024-04-05T01:44:02.954+0000] {dag.py:3036} INFO - Sync 3 DAGs
[2024-04-05T01:44:03.092+0000] {logging_mixin.py:188} INFO - [2024-04-05T01:44:03.091+0000] {dag.py:3823} INFO - Setting next_dagrun for example_branch_datetime_operator to 2024-04-04 00:00:00+00:00, run_after=2024-04-05 00:00:00+00:00
[2024-04-05T01:44:03.111+0000] {logging_mixin.py:188} INFO - [2024-04-05T01:44:03.111+0000] {dag.py:3823} INFO - Setting next_dagrun for example_branch_datetime_operator_2 to 2024-04-04 00:00:00+00:00, run_after=2024-04-05 00:00:00+00:00
[2024-04-05T01:44:03.134+0000] {logging_mixin.py:188} INFO - [2024-04-05T01:44:03.133+0000] {dag.py:3823} INFO - Setting next_dagrun for example_branch_datetime_operator_3 to 2024-04-04 00:00:00+00:00, run_after=2024-04-05 00:00:00+00:00
[2024-04-05T01:44:03.221+0000] {processor.py:183} INFO - Processing /home/airflow/.local/lib/python3.8/site-packages/airflow/example_dags/example_branch_datetime_operator.py took 0.523 seconds
[2024-04-05T01:44:34.208+0000] {processor.py:161} INFO - Started process (PID=49680) to work on /home/airflow/.local/lib/python3.8/site-packages/airflow/example_dags/example_branch_datetime_operator.py
[2024-04-05T01:44:34.210+0000] {processor.py:830} INFO - Processing file /home/airflow/.local/lib/python3.8/site-packages/airflow/example_dags/example_branch_datetime_operator.py for tasks to queue
[2024-04-05T01:44:34.212+0000] {logging_mixin.py:188} INFO - [2024-04-05T01:44:34.211+0000] {dagbag.py:538} INFO - Filling up the DagBag from /home/airflow/.local/lib/python3.8/site-packages/airflow/example_dags/example_branch_datetime_operator.py
[2024-04-05T01:44:34.235+0000] {processor.py:840} INFO - DAG(s) 'example_branch_datetime_operator_3', 'example_branch_datetime_operator', 'example_branch_datetime_operator_2' retrieved from /home/airflow/.local/lib/python3.8/site-packages/airflow/example_dags/example_branch_datetime_operator.py
[2024-04-05T01:44:34.288+0000] {logging_mixin.py:188} INFO - [2024-04-05T01:44:34.288+0000] {dag.py:3036} INFO - Sync 3 DAGs
[2024-04-05T01:44:34.330+0000] {logging_mixin.py:188} INFO - [2024-04-05T01:44:34.330+0000] {dag.py:3823} INFO - Setting next_dagrun for example_branch_datetime_operator to 2024-04-04 00:00:00+00:00, run_after=2024-04-05 00:00:00+00:00
[2024-04-05T01:44:34.340+0000] {logging_mixin.py:188} INFO - [2024-04-05T01:44:34.339+0000] {dag.py:3823} INFO - Setting next_dagrun for example_branch_datetime_operator_2 to 2024-04-04 00:00:00+00:00, run_after=2024-04-05 00:00:00+00:00
[2024-04-05T01:44:34.346+0000] {logging_mixin.py:188} INFO - [2024-04-05T01:44:34.345+0000] {dag.py:3823} INFO - Setting next_dagrun for example_branch_datetime_operator_3 to 2024-04-04 00:00:00+00:00, run_after=2024-04-05 00:00:00+00:00
[2024-04-05T01:44:34.370+0000] {processor.py:183} INFO - Processing /home/airflow/.local/lib/python3.8/site-packages/airflow/example_dags/example_branch_datetime_operator.py took 0.168 seconds
[2024-04-05T01:45:04.701+0000] {processor.py:161} INFO - Started process (PID=49740) to work on /home/airflow/.local/lib/python3.8/site-packages/airflow/example_dags/example_branch_datetime_operator.py
[2024-04-05T01:45:04.702+0000] {processor.py:830} INFO - Processing file /home/airflow/.local/lib/python3.8/site-packages/airflow/example_dags/example_branch_datetime_operator.py for tasks to queue
[2024-04-05T01:45:04.704+0000] {logging_mixin.py:188} INFO - [2024-04-05T01:45:04.703+0000] {dagbag.py:538} INFO - Filling up the DagBag from /home/airflow/.local/lib/python3.8/site-packages/airflow/example_dags/example_branch_datetime_operator.py
[2024-04-05T01:45:04.718+0000] {processor.py:840} INFO - DAG(s) 'example_branch_datetime_operator_2', 'example_branch_datetime_operator_3', 'example_branch_datetime_operator' retrieved from /home/airflow/.local/lib/python3.8/site-packages/airflow/example_dags/example_branch_datetime_operator.py
[2024-04-05T01:45:04.762+0000] {logging_mixin.py:188} INFO - [2024-04-05T01:45:04.761+0000] {dag.py:3036} INFO - Sync 3 DAGs
[2024-04-05T01:45:04.795+0000] {logging_mixin.py:188} INFO - [2024-04-05T01:45:04.795+0000] {dag.py:3823} INFO - Setting next_dagrun for example_branch_datetime_operator to 2024-04-04 00:00:00+00:00, run_after=2024-04-05 00:00:00+00:00
[2024-04-05T01:45:04.808+0000] {logging_mixin.py:188} INFO - [2024-04-05T01:45:04.807+0000] {dag.py:3823} INFO - Setting next_dagrun for example_branch_datetime_operator_2 to 2024-04-04 00:00:00+00:00, run_after=2024-04-05 00:00:00+00:00
[2024-04-05T01:45:04.814+0000] {logging_mixin.py:188} INFO - [2024-04-05T01:45:04.814+0000] {dag.py:3823} INFO - Setting next_dagrun for example_branch_datetime_operator_3 to 2024-04-04 00:00:00+00:00, run_after=2024-04-05 00:00:00+00:00
[2024-04-05T01:45:04.900+0000] {processor.py:183} INFO - Processing /home/airflow/.local/lib/python3.8/site-packages/airflow/example_dags/example_branch_datetime_operator.py took 0.204 seconds
