[2024-04-05T01:44:01.979+0000] {processor.py:161} INFO - Started process (PID=49619) to work on /home/airflow/.local/lib/python3.8/site-packages/airflow/example_dags/example_branch_operator.py
[2024-04-05T01:44:02.023+0000] {processor.py:830} INFO - Processing file /home/airflow/.local/lib/python3.8/site-packages/airflow/example_dags/example_branch_operator.py for tasks to queue
[2024-04-05T01:44:02.026+0000] {logging_mixin.py:188} INFO - [2024-04-05T01:44:02.025+0000] {dagbag.py:538} INFO - Filling up the DagBag from /home/airflow/.local/lib/python3.8/site-packages/airflow/example_dags/example_branch_operator.py
[2024-04-05T01:44:02.139+0000] {processor.py:840} INFO - DAG(s) 'example_branch_operator' retrieved from /home/airflow/.local/lib/python3.8/site-packages/airflow/example_dags/example_branch_operator.py
[2024-04-05T01:44:02.339+0000] {logging_mixin.py:188} INFO - [2024-04-05T01:44:02.338+0000] {dag.py:3036} INFO - Sync 1 DAGs
[2024-04-05T01:44:02.497+0000] {logging_mixin.py:188} INFO - [2024-04-05T01:44:02.496+0000] {dag.py:3823} INFO - Setting next_dagrun for example_branch_operator to 2024-04-04 00:00:00+00:00, run_after=2024-04-05 00:00:00+00:00
[2024-04-05T01:44:02.585+0000] {processor.py:183} INFO - Processing /home/airflow/.local/lib/python3.8/site-packages/airflow/example_dags/example_branch_operator.py took 0.641 seconds
[2024-04-05T01:44:33.921+0000] {processor.py:161} INFO - Started process (PID=49678) to work on /home/airflow/.local/lib/python3.8/site-packages/airflow/example_dags/example_branch_operator.py
[2024-04-05T01:44:33.923+0000] {processor.py:830} INFO - Processing file /home/airflow/.local/lib/python3.8/site-packages/airflow/example_dags/example_branch_operator.py for tasks to queue
[2024-04-05T01:44:33.925+0000] {logging_mixin.py:188} INFO - [2024-04-05T01:44:33.925+0000] {dagbag.py:538} INFO - Filling up the DagBag from /home/airflow/.local/lib/python3.8/site-packages/airflow/example_dags/example_branch_operator.py
[2024-04-05T01:44:33.976+0000] {processor.py:840} INFO - DAG(s) 'example_branch_operator' retrieved from /home/airflow/.local/lib/python3.8/site-packages/airflow/example_dags/example_branch_operator.py
[2024-04-05T01:44:34.052+0000] {logging_mixin.py:188} INFO - [2024-04-05T01:44:34.051+0000] {dag.py:3036} INFO - Sync 1 DAGs
[2024-04-05T01:44:34.108+0000] {logging_mixin.py:188} INFO - [2024-04-05T01:44:34.107+0000] {dag.py:3823} INFO - Setting next_dagrun for example_branch_operator to 2024-04-04 00:00:00+00:00, run_after=2024-04-05 00:00:00+00:00
[2024-04-05T01:44:34.156+0000] {processor.py:183} INFO - Processing /home/airflow/.local/lib/python3.8/site-packages/airflow/example_dags/example_branch_operator.py took 0.243 seconds
[2024-04-05T01:45:04.354+0000] {processor.py:161} INFO - Started process (PID=49736) to work on /home/airflow/.local/lib/python3.8/site-packages/airflow/example_dags/example_branch_operator.py
[2024-04-05T01:45:04.355+0000] {processor.py:830} INFO - Processing file /home/airflow/.local/lib/python3.8/site-packages/airflow/example_dags/example_branch_operator.py for tasks to queue
[2024-04-05T01:45:04.357+0000] {logging_mixin.py:188} INFO - [2024-04-05T01:45:04.357+0000] {dagbag.py:538} INFO - Filling up the DagBag from /home/airflow/.local/lib/python3.8/site-packages/airflow/example_dags/example_branch_operator.py
[2024-04-05T01:45:04.383+0000] {processor.py:840} INFO - DAG(s) 'example_branch_operator' retrieved from /home/airflow/.local/lib/python3.8/site-packages/airflow/example_dags/example_branch_operator.py
[2024-04-05T01:45:04.423+0000] {logging_mixin.py:188} INFO - [2024-04-05T01:45:04.422+0000] {dag.py:3036} INFO - Sync 1 DAGs
[2024-04-05T01:45:04.452+0000] {logging_mixin.py:188} INFO - [2024-04-05T01:45:04.452+0000] {dag.py:3823} INFO - Setting next_dagrun for example_branch_operator to 2024-04-04 00:00:00+00:00, run_after=2024-04-05 00:00:00+00:00
[2024-04-05T01:45:04.480+0000] {processor.py:183} INFO - Processing /home/airflow/.local/lib/python3.8/site-packages/airflow/example_dags/example_branch_operator.py took 0.132 seconds
