[2024-04-05T01:44:02.006+0000] {processor.py:161} INFO - Started process (PID=49620) to work on /home/airflow/.local/lib/python3.8/site-packages/airflow/example_dags/example_task_group.py
[2024-04-05T01:44:02.024+0000] {processor.py:830} INFO - Processing file /home/airflow/.local/lib/python3.8/site-packages/airflow/example_dags/example_task_group.py for tasks to queue
[2024-04-05T01:44:02.057+0000] {logging_mixin.py:188} INFO - [2024-04-05T01:44:02.056+0000] {dagbag.py:538} INFO - Filling up the DagBag from /home/airflow/.local/lib/python3.8/site-packages/airflow/example_dags/example_task_group.py
[2024-04-05T01:44:02.105+0000] {processor.py:840} INFO - DAG(s) 'example_task_group' retrieved from /home/airflow/.local/lib/python3.8/site-packages/airflow/example_dags/example_task_group.py
[2024-04-05T01:44:02.213+0000] {logging_mixin.py:188} INFO - [2024-04-05T01:44:02.212+0000] {dag.py:3036} INFO - Sync 1 DAGs
[2024-04-05T01:44:02.387+0000] {logging_mixin.py:188} INFO - [2024-04-05T01:44:02.387+0000] {dag.py:3823} INFO - Setting next_dagrun for example_task_group to 2024-04-04 00:00:00+00:00, run_after=2024-04-05 00:00:00+00:00
[2024-04-05T01:44:02.534+0000] {processor.py:183} INFO - Processing /home/airflow/.local/lib/python3.8/site-packages/airflow/example_dags/example_task_group.py took 0.576 seconds
[2024-04-05T01:44:34.060+0000] {processor.py:161} INFO - Started process (PID=49679) to work on /home/airflow/.local/lib/python3.8/site-packages/airflow/example_dags/example_task_group.py
[2024-04-05T01:44:34.062+0000] {processor.py:830} INFO - Processing file /home/airflow/.local/lib/python3.8/site-packages/airflow/example_dags/example_task_group.py for tasks to queue
[2024-04-05T01:44:34.065+0000] {logging_mixin.py:188} INFO - [2024-04-05T01:44:34.064+0000] {dagbag.py:538} INFO - Filling up the DagBag from /home/airflow/.local/lib/python3.8/site-packages/airflow/example_dags/example_task_group.py
[2024-04-05T01:44:34.079+0000] {processor.py:840} INFO - DAG(s) 'example_task_group' retrieved from /home/airflow/.local/lib/python3.8/site-packages/airflow/example_dags/example_task_group.py
[2024-04-05T01:44:34.134+0000] {logging_mixin.py:188} INFO - [2024-04-05T01:44:34.133+0000] {dag.py:3036} INFO - Sync 1 DAGs
[2024-04-05T01:44:34.189+0000] {logging_mixin.py:188} INFO - [2024-04-05T01:44:34.189+0000] {dag.py:3823} INFO - Setting next_dagrun for example_task_group to 2024-04-04 00:00:00+00:00, run_after=2024-04-05 00:00:00+00:00
[2024-04-05T01:44:34.231+0000] {processor.py:183} INFO - Processing /home/airflow/.local/lib/python3.8/site-packages/airflow/example_dags/example_task_group.py took 0.179 seconds
[2024-04-05T01:45:04.502+0000] {processor.py:161} INFO - Started process (PID=49737) to work on /home/airflow/.local/lib/python3.8/site-packages/airflow/example_dags/example_task_group.py
[2024-04-05T01:45:04.503+0000] {processor.py:830} INFO - Processing file /home/airflow/.local/lib/python3.8/site-packages/airflow/example_dags/example_task_group.py for tasks to queue
[2024-04-05T01:45:04.505+0000] {logging_mixin.py:188} INFO - [2024-04-05T01:45:04.505+0000] {dagbag.py:538} INFO - Filling up the DagBag from /home/airflow/.local/lib/python3.8/site-packages/airflow/example_dags/example_task_group.py
[2024-04-05T01:45:04.515+0000] {processor.py:840} INFO - DAG(s) 'example_task_group' retrieved from /home/airflow/.local/lib/python3.8/site-packages/airflow/example_dags/example_task_group.py
[2024-04-05T01:45:04.547+0000] {logging_mixin.py:188} INFO - [2024-04-05T01:45:04.547+0000] {dag.py:3036} INFO - Sync 1 DAGs
[2024-04-05T01:45:04.574+0000] {logging_mixin.py:188} INFO - [2024-04-05T01:45:04.574+0000] {dag.py:3823} INFO - Setting next_dagrun for example_task_group to 2024-04-04 00:00:00+00:00, run_after=2024-04-05 00:00:00+00:00
[2024-04-05T01:45:04.659+0000] {processor.py:183} INFO - Processing /home/airflow/.local/lib/python3.8/site-packages/airflow/example_dags/example_task_group.py took 0.161 seconds
