[2024-04-05T01:44:25.884+0000] {processor.py:161} INFO - Started process (PID=49628) to work on /home/airflow/.local/lib/python3.8/site-packages/airflow/example_dags/example_datasets.py
[2024-04-05T01:44:25.887+0000] {processor.py:830} INFO - Processing file /home/airflow/.local/lib/python3.8/site-packages/airflow/example_dags/example_datasets.py for tasks to queue
[2024-04-05T01:44:25.896+0000] {logging_mixin.py:188} INFO - [2024-04-05T01:44:25.895+0000] {dagbag.py:538} INFO - Filling up the DagBag from /home/airflow/.local/lib/python3.8/site-packages/airflow/example_dags/example_datasets.py
[2024-04-05T01:44:25.981+0000] {processor.py:840} INFO - DAG(s) 'dataset_consumes_1_never_scheduled', 'dataset_consumes_1_and_2', 'dataset_consumes_1', 'dataset_consumes_unknown_never_scheduled', 'dataset_produces_1', 'dataset_produces_2' retrieved from /home/airflow/.local/lib/python3.8/site-packages/airflow/example_dags/example_datasets.py
[2024-04-05T01:44:26.176+0000] {logging_mixin.py:188} INFO - [2024-04-05T01:44:26.176+0000] {dag.py:3036} INFO - Sync 6 DAGs
[2024-04-05T01:44:26.274+0000] {logging_mixin.py:188} INFO - [2024-04-05T01:44:26.269+0000] {dag.py:3823} INFO - Setting next_dagrun for dataset_consumes_1 to None, run_after=None
[2024-04-05T01:44:26.283+0000] {logging_mixin.py:188} INFO - [2024-04-05T01:44:26.283+0000] {dag.py:3823} INFO - Setting next_dagrun for dataset_consumes_1_and_2 to None, run_after=None
[2024-04-05T01:44:26.288+0000] {logging_mixin.py:188} INFO - [2024-04-05T01:44:26.288+0000] {dag.py:3823} INFO - Setting next_dagrun for dataset_consumes_1_never_scheduled to None, run_after=None
[2024-04-05T01:44:26.294+0000] {logging_mixin.py:188} INFO - [2024-04-05T01:44:26.294+0000] {dag.py:3823} INFO - Setting next_dagrun for dataset_consumes_unknown_never_scheduled to None, run_after=None
[2024-04-05T01:44:26.302+0000] {logging_mixin.py:188} INFO - [2024-04-05T01:44:26.302+0000] {dag.py:3823} INFO - Setting next_dagrun for dataset_produces_1 to 2024-04-04 00:00:00+00:00, run_after=2024-04-05 00:00:00+00:00
[2024-04-05T01:44:26.311+0000] {logging_mixin.py:188} INFO - [2024-04-05T01:44:26.307+0000] {dag.py:3823} INFO - Setting next_dagrun for dataset_produces_2 to None, run_after=None
[2024-04-05T01:44:26.417+0000] {processor.py:183} INFO - Processing /home/airflow/.local/lib/python3.8/site-packages/airflow/example_dags/example_datasets.py took 0.550 seconds
[2024-04-05T01:44:56.695+0000] {processor.py:161} INFO - Started process (PID=49687) to work on /home/airflow/.local/lib/python3.8/site-packages/airflow/example_dags/example_datasets.py
[2024-04-05T01:44:56.699+0000] {processor.py:830} INFO - Processing file /home/airflow/.local/lib/python3.8/site-packages/airflow/example_dags/example_datasets.py for tasks to queue
[2024-04-05T01:44:56.706+0000] {logging_mixin.py:188} INFO - [2024-04-05T01:44:56.705+0000] {dagbag.py:538} INFO - Filling up the DagBag from /home/airflow/.local/lib/python3.8/site-packages/airflow/example_dags/example_datasets.py
[2024-04-05T01:44:56.740+0000] {processor.py:840} INFO - DAG(s) 'dataset_consumes_unknown_never_scheduled', 'dataset_produces_2', 'dataset_consumes_1_never_scheduled', 'dataset_produces_1', 'dataset_consumes_1', 'dataset_consumes_1_and_2' retrieved from /home/airflow/.local/lib/python3.8/site-packages/airflow/example_dags/example_datasets.py
[2024-04-05T01:44:56.823+0000] {logging_mixin.py:188} INFO - [2024-04-05T01:44:56.822+0000] {dag.py:3036} INFO - Sync 6 DAGs
[2024-04-05T01:44:56.859+0000] {logging_mixin.py:188} INFO - [2024-04-05T01:44:56.859+0000] {dag.py:3823} INFO - Setting next_dagrun for dataset_consumes_1 to None, run_after=None
[2024-04-05T01:44:56.865+0000] {logging_mixin.py:188} INFO - [2024-04-05T01:44:56.865+0000] {dag.py:3823} INFO - Setting next_dagrun for dataset_consumes_1_and_2 to None, run_after=None
[2024-04-05T01:44:56.868+0000] {logging_mixin.py:188} INFO - [2024-04-05T01:44:56.868+0000] {dag.py:3823} INFO - Setting next_dagrun for dataset_consumes_1_never_scheduled to None, run_after=None
[2024-04-05T01:44:56.871+0000] {logging_mixin.py:188} INFO - [2024-04-05T01:44:56.871+0000] {dag.py:3823} INFO - Setting next_dagrun for dataset_consumes_unknown_never_scheduled to None, run_after=None
[2024-04-05T01:44:56.880+0000] {logging_mixin.py:188} INFO - [2024-04-05T01:44:56.879+0000] {dag.py:3823} INFO - Setting next_dagrun for dataset_produces_1 to 2024-04-04 00:00:00+00:00, run_after=2024-04-05 00:00:00+00:00
[2024-04-05T01:44:56.883+0000] {logging_mixin.py:188} INFO - [2024-04-05T01:44:56.883+0000] {dag.py:3823} INFO - Setting next_dagrun for dataset_produces_2 to None, run_after=None
[2024-04-05T01:44:57.036+0000] {processor.py:183} INFO - Processing /home/airflow/.local/lib/python3.8/site-packages/airflow/example_dags/example_datasets.py took 0.350 seconds
