[2024-04-05T01:14:18.611+0000] {processor.py:161} INFO - Started process (PID=49611) to work on /home/airflow/.local/lib/python3.8/site-packages/airflow/example_dags/tutorial_taskflow_api_virtualenv.py
[2024-04-05T01:14:18.625+0000] {processor.py:830} INFO - Processing file /home/airflow/.local/lib/python3.8/site-packages/airflow/example_dags/tutorial_taskflow_api_virtualenv.py for tasks to queue
[2024-04-05T01:14:18.627+0000] {logging_mixin.py:188} INFO - [2024-04-05T01:14:18.627+0000] {dagbag.py:538} INFO - Filling up the DagBag from /home/airflow/.local/lib/python3.8/site-packages/airflow/example_dags/tutorial_taskflow_api_virtualenv.py
[2024-04-05T01:14:18.690+0000] {processor.py:840} INFO - DAG(s) 'tutorial_taskflow_api_virtualenv' retrieved from /home/airflow/.local/lib/python3.8/site-packages/airflow/example_dags/tutorial_taskflow_api_virtualenv.py
[2024-04-05T01:44:00.193+0000] {logging_mixin.py:188} INFO - [2024-04-05T01:44:00.188+0000] {dag.py:3036} INFO - Sync 1 DAGs
[2024-04-05T01:44:01.064+0000] {logging_mixin.py:188} INFO - [2024-04-05T01:44:01.064+0000] {dag.py:3823} INFO - Setting next_dagrun for tutorial_taskflow_api_virtualenv to None, run_after=None
[2024-04-05T01:44:01.275+0000] {processor.py:183} INFO - Processing /home/airflow/.local/lib/python3.8/site-packages/airflow/example_dags/tutorial_taskflow_api_virtualenv.py took 1782.583 seconds
[2024-04-05T01:44:33.583+0000] {processor.py:161} INFO - Started process (PID=49676) to work on /home/airflow/.local/lib/python3.8/site-packages/airflow/example_dags/tutorial_taskflow_api_virtualenv.py
[2024-04-05T01:44:33.585+0000] {processor.py:830} INFO - Processing file /home/airflow/.local/lib/python3.8/site-packages/airflow/example_dags/tutorial_taskflow_api_virtualenv.py for tasks to queue
[2024-04-05T01:44:33.589+0000] {logging_mixin.py:188} INFO - [2024-04-05T01:44:33.587+0000] {dagbag.py:538} INFO - Filling up the DagBag from /home/airflow/.local/lib/python3.8/site-packages/airflow/example_dags/tutorial_taskflow_api_virtualenv.py
[2024-04-05T01:44:33.615+0000] {processor.py:840} INFO - DAG(s) 'tutorial_taskflow_api_virtualenv' retrieved from /home/airflow/.local/lib/python3.8/site-packages/airflow/example_dags/tutorial_taskflow_api_virtualenv.py
[2024-04-05T01:44:33.649+0000] {logging_mixin.py:188} INFO - [2024-04-05T01:44:33.648+0000] {dag.py:3036} INFO - Sync 1 DAGs
[2024-04-05T01:44:33.674+0000] {logging_mixin.py:188} INFO - [2024-04-05T01:44:33.673+0000] {dag.py:3823} INFO - Setting next_dagrun for tutorial_taskflow_api_virtualenv to None, run_after=None
[2024-04-05T01:44:33.712+0000] {processor.py:183} INFO - Processing /home/airflow/.local/lib/python3.8/site-packages/airflow/example_dags/tutorial_taskflow_api_virtualenv.py took 0.136 seconds
[2024-04-05T01:45:03.838+0000] {processor.py:161} INFO - Started process (PID=49729) to work on /home/airflow/.local/lib/python3.8/site-packages/airflow/example_dags/tutorial_taskflow_api_virtualenv.py
[2024-04-05T01:45:03.841+0000] {processor.py:830} INFO - Processing file /home/airflow/.local/lib/python3.8/site-packages/airflow/example_dags/tutorial_taskflow_api_virtualenv.py for tasks to queue
[2024-04-05T01:45:03.844+0000] {logging_mixin.py:188} INFO - [2024-04-05T01:45:03.843+0000] {dagbag.py:538} INFO - Filling up the DagBag from /home/airflow/.local/lib/python3.8/site-packages/airflow/example_dags/tutorial_taskflow_api_virtualenv.py
[2024-04-05T01:45:03.873+0000] {processor.py:840} INFO - DAG(s) 'tutorial_taskflow_api_virtualenv' retrieved from /home/airflow/.local/lib/python3.8/site-packages/airflow/example_dags/tutorial_taskflow_api_virtualenv.py
[2024-04-05T01:45:03.909+0000] {logging_mixin.py:188} INFO - [2024-04-05T01:45:03.909+0000] {dag.py:3036} INFO - Sync 1 DAGs
[2024-04-05T01:45:03.935+0000] {logging_mixin.py:188} INFO - [2024-04-05T01:45:03.935+0000] {dag.py:3823} INFO - Setting next_dagrun for tutorial_taskflow_api_virtualenv to None, run_after=None
[2024-04-05T01:45:04.037+0000] {processor.py:183} INFO - Processing /home/airflow/.local/lib/python3.8/site-packages/airflow/example_dags/tutorial_taskflow_api_virtualenv.py took 0.210 seconds
