2024-03-25 10:53:51 — INFO — Running with edr=0.14.1
2024-03-25 10:53:51 — INFO — Installing packages for edr internal dbt package...
2024-03-25 10:53:51 — INFO — Running dbt --log-format json deps --project-dir C:\Users\NEMO\PycharmProjects\dbt5\.venv\Lib\site-packages\elementary\monitor\dbt_project
2024-03-25 10:54:01 — DEBUG — Result bytes size for command '['dbt', '--log-format', 'json', 'deps', '--project-dir', 'C:\\Users\\NEMO\\PycharmProjects\\dbt5\\.venv\\Lib\\site-packages\\elementary\\monitor\\dbt_project']' is 2884
2024-03-25 10:54:01 — INFO — Running with dbt=1.6.6
2024-03-25 10:54:01 — INFO — Installing dbt-labs/dbt_utils
2024-03-25 10:54:01 — INFO — Installed from version 0.8.6
2024-03-25 10:54:01 — INFO — Updated version available: 1.1.1
2024-03-25 10:54:01 — INFO — Installing elementary-data/elementary
2024-03-25 10:54:01 — INFO — Installed from version 0.14.1
2024-03-25 10:54:01 — INFO — Up to date!
2024-03-25 10:54:01 — INFO — 
2024-03-25 10:54:01 — INFO — Updates available for packages: ['dbt-labs/dbt_utils']                 
Update your versions in packages.yml, then run dbt deps
2024-03-25 10:54:01 — DEBUG — Running dbt --log-format json run-operation elementary.log_macro_results --args {"macro_name": "elementary_cli.get_latest_invocation", "macro_args": {}} --project-dir C:\Users\NEMO\PycharmProjects\dbt5\.venv\Lib\site-packages\elementary\monitor\dbt_project
2024-03-25 10:54:13 — DEBUG — Result bytes size for command '['dbt', '--log-format', 'json', 'run-operation', 'elementary.log_macro_results', '--args', '{"macro_name": "elementary_cli.get_latest_invocation", "macro_args": {}}', '--project-dir', 'C:\\Users\\NEMO\\PycharmProjects\\dbt5\\.venv\\Lib\\site-packages\\elementary\\monitor\\dbt_project']' is 4272
2024-03-25 10:54:13 — DEBUG — Running dbt --log-format json run-operation elementary.log_macro_results --args {"macro_name": "elementary_cli.get_adapter_type_and_unique_id", "macro_args": {}} --project-dir C:\Users\NEMO\PycharmProjects\dbt5\.venv\Lib\site-packages\elementary\monitor\dbt_project
2024-03-25 10:54:17 — DEBUG — Result bytes size for command '['dbt', '--log-format', 'json', 'run-operation', 'elementary.log_macro_results', '--args', '{"macro_name": "elementary_cli.get_adapter_type_and_unique_id", "macro_args": {}}', '--project-dir', 'C:\\Users\\NEMO\\PycharmProjects\\dbt5\\.venv\\Lib\\site-packages\\elementary\\monitor\\dbt_project']' is 1874
2024-03-25 10:54:17 — INFO — edr (0.14.1) and Elementary's dbt package (0.14.1) are compatible.
2024-03-25 10:54:17 — DEBUG — Running dbt --log-format json run-operation elementary.log_macro_results --args {"macro_name": "elementary_cli.get_elementary_database_and_schema", "macro_args": {}} --project-dir C:\Users\NEMO\PycharmProjects\dbt5\.venv\Lib\site-packages\elementary\monitor\dbt_project
2024-03-25 10:54:22 — DEBUG — Result bytes size for command '['dbt', '--log-format', 'json', 'run-operation', 'elementary.log_macro_results', '--args', '{"macro_name": "elementary_cli.get_elementary_database_and_schema", "macro_args": {}}', '--project-dir', 'C:\\Users\\NEMO\\PycharmProjects\\dbt5\\.venv\\Lib\\site-packages\\elementary\\monitor\\dbt_project']' is 1871
2024-03-25 10:54:22 — INFO — Elementary's database and schema: '"postgres.public_elementary"'
2024-03-25 10:54:22 — INFO — Running dbt --log-format json run-operation elementary.log_macro_results --args {"macro_name": "elementary_cli.get_test_results", "macro_args": {"days_back": 7, "invocations_per_test": 720, "disable_passed_test_metrics": false}} --project-dir C:\Users\NEMO\PycharmProjects\dbt5\.venv\Lib\site-packages\elementary\monitor\dbt_project
2024-03-25 10:54:27 — DEBUG — Result bytes size for command '['dbt', '--log-format', 'json', 'run-operation', 'elementary.log_macro_results', '--args', '{"macro_name": "elementary_cli.get_test_results", "macro_args": {"days_back": 7, "invocations_per_test": 720, "disable_passed_test_metrics": false}}', '--project-dir', 'C:\\Users\\NEMO\\PycharmProjects\\dbt5\\.venv\\Lib\\site-packages\\elementary\\monitor\\dbt_project']' is 1820
2024-03-25 10:54:27 — INFO — Running dbt --log-format json run-operation elementary.log_macro_results --args {"macro_name": "elementary_cli.get_source_freshness_results", "macro_args": {"days_back": 7, "invocations_per_test": 720}} --project-dir C:\Users\NEMO\PycharmProjects\dbt5\.venv\Lib\site-packages\elementary\monitor\dbt_project
2024-03-25 10:54:32 — DEBUG — Result bytes size for command '['dbt', '--log-format', 'json', 'run-operation', 'elementary.log_macro_results', '--args', '{"macro_name": "elementary_cli.get_source_freshness_results", "macro_args": {"days_back": 7, "invocations_per_test": 720}}', '--project-dir', 'C:\\Users\\NEMO\\PycharmProjects\\dbt5\\.venv\\Lib\\site-packages\\elementary\\monitor\\dbt_project']' is 1820
2024-03-25 10:54:32 — INFO — Running dbt --log-format json run-operation elementary.log_macro_results --args {"macro_name": "elementary_cli.get_models", "macro_args": {"exclude_elementary": true}} --project-dir C:\Users\NEMO\PycharmProjects\dbt5\.venv\Lib\site-packages\elementary\monitor\dbt_project
2024-03-25 10:54:38 — DEBUG — Result bytes size for command '['dbt', '--log-format', 'json', 'run-operation', 'elementary.log_macro_results', '--args', '{"macro_name": "elementary_cli.get_models", "macro_args": {"exclude_elementary": true}}', '--project-dir', 'C:\\Users\\NEMO\\PycharmProjects\\dbt5\\.venv\\Lib\\site-packages\\elementary\\monitor\\dbt_project']' is 3738
2024-03-25 10:54:38 — INFO — Running dbt --log-format json run-operation elementary.log_macro_results --args {"macro_name": "elementary_cli.get_sources", "macro_args": {}} --project-dir C:\Users\NEMO\PycharmProjects\dbt5\.venv\Lib\site-packages\elementary\monitor\dbt_project
2024-03-25 10:54:43 — DEBUG — Result bytes size for command '['dbt', '--log-format', 'json', 'run-operation', 'elementary.log_macro_results', '--args', '{"macro_name": "elementary_cli.get_sources", "macro_args": {}}', '--project-dir', 'C:\\Users\\NEMO\\PycharmProjects\\dbt5\\.venv\\Lib\\site-packages\\elementary\\monitor\\dbt_project']' is 1820
2024-03-25 10:54:43 — INFO — Running dbt --log-format json run-operation elementary.log_macro_results --args {"macro_name": "elementary_cli.get_exposures", "macro_args": {}} --project-dir C:\Users\NEMO\PycharmProjects\dbt5\.venv\Lib\site-packages\elementary\monitor\dbt_project
2024-03-25 10:54:48 — DEBUG — Result bytes size for command '['dbt', '--log-format', 'json', 'run-operation', 'elementary.log_macro_results', '--args', '{"macro_name": "elementary_cli.get_exposures", "macro_args": {}}', '--project-dir', 'C:\\Users\\NEMO\\PycharmProjects\\dbt5\\.venv\\Lib\\site-packages\\elementary\\monitor\\dbt_project']' is 1820
2024-03-25 10:54:48 — INFO — Running dbt --log-format json run-operation elementary.log_macro_results --args {"macro_name": "elementary_cli.get_models_runs", "macro_args": {"days_back": 7, "exclude_elementary": true}} --project-dir C:\Users\NEMO\PycharmProjects\dbt5\.venv\Lib\site-packages\elementary\monitor\dbt_project
2024-03-25 10:54:53 — DEBUG — Result bytes size for command '['dbt', '--log-format', 'json', 'run-operation', 'elementary.log_macro_results', '--args', '{"macro_name": "elementary_cli.get_models_runs", "macro_args": {"days_back": 7, "exclude_elementary": true}}', '--project-dir', 'C:\\Users\\NEMO\\PycharmProjects\\dbt5\\.venv\\Lib\\site-packages\\elementary\\monitor\\dbt_project']' is 1820
2024-03-25 10:54:53 — INFO — Running dbt --log-format json run-operation elementary.log_macro_results --args {"macro_name": "elementary_cli.get_dbt_models_test_coverage", "macro_args": {}} --project-dir C:\Users\NEMO\PycharmProjects\dbt5\.venv\Lib\site-packages\elementary\monitor\dbt_project
2024-03-25 10:54:58 — DEBUG — Result bytes size for command '['dbt', '--log-format', 'json', 'run-operation', 'elementary.log_macro_results', '--args', '{"macro_name": "elementary_cli.get_dbt_models_test_coverage", "macro_args": {}}', '--project-dir', 'C:\\Users\\NEMO\\PycharmProjects\\dbt5\\.venv\\Lib\\site-packages\\elementary\\monitor\\dbt_project']' is 2245
2024-03-25 10:54:58 — INFO — Running dbt --log-format json run-operation elementary.log_macro_results --args {"macro_name": "elementary_cli.get_nodes_depends_on_nodes", "macro_args": {"exclude_elementary": true}} --project-dir C:\Users\NEMO\PycharmProjects\dbt5\.venv\Lib\site-packages\elementary\monitor\dbt_project
2024-03-25 10:55:03 — DEBUG — Result bytes size for command '['dbt', '--log-format', 'json', 'run-operation', 'elementary.log_macro_results', '--args', '{"macro_name": "elementary_cli.get_nodes_depends_on_nodes", "macro_args": {"exclude_elementary": true}}', '--project-dir', 'C:\\Users\\NEMO\\PycharmProjects\\dbt5\\.venv\\Lib\\site-packages\\elementary\\monitor\\dbt_project']' is 2479
2024-03-25 10:55:03 — INFO — Running dbt --log-format json run-operation elementary.log_macro_results --args {"macro_name": "elementary_cli.get_models_latest_invocation", "macro_args": {}} --project-dir C:\Users\NEMO\PycharmProjects\dbt5\.venv\Lib\site-packages\elementary\monitor\dbt_project
2024-03-25 10:55:07 — DEBUG — Result bytes size for command '['dbt', '--log-format', 'json', 'run-operation', 'elementary.log_macro_results', '--args', '{"macro_name": "elementary_cli.get_models_latest_invocation", "macro_args": {}}', '--project-dir', 'C:\\Users\\NEMO\\PycharmProjects\\dbt5\\.venv\\Lib\\site-packages\\elementary\\monitor\\dbt_project']' is 8916
2024-03-25 10:55:07 — INFO — Running dbt --log-format json run-operation elementary.log_macro_results --args {"macro_name": "elementary_cli.get_models_latest_invocations_data", "macro_args": {}} --project-dir C:\Users\NEMO\PycharmProjects\dbt5\.venv\Lib\site-packages\elementary\monitor\dbt_project
2024-03-25 10:55:12 — DEBUG — Result bytes size for command '['dbt', '--log-format', 'json', 'run-operation', 'elementary.log_macro_results', '--args', '{"macro_name": "elementary_cli.get_models_latest_invocations_data", "macro_args": {}}', '--project-dir', 'C:\\Users\\NEMO\\PycharmProjects\\dbt5\\.venv\\Lib\\site-packages\\elementary\\monitor\\dbt_project']' is 2273
2024-03-25 10:56:07 — INFO — Running with edr=0.14.1
2024-03-25 10:56:07 — DEBUG — Running dbt --log-format json run-operation elementary.log_macro_results --args {"macro_name": "elementary_cli.get_latest_invocation", "macro_args": {}} --project-dir C:\Users\NEMO\PycharmProjects\dbt5\.venv\Lib\site-packages\elementary\monitor\dbt_project
2024-03-25 10:56:12 — DEBUG — Result bytes size for command '['dbt', '--log-format', 'json', 'run-operation', 'elementary.log_macro_results', '--args', '{"macro_name": "elementary_cli.get_latest_invocation", "macro_args": {}}', '--project-dir', 'C:\\Users\\NEMO\\PycharmProjects\\dbt5\\.venv\\Lib\\site-packages\\elementary\\monitor\\dbt_project']' is 3829
2024-03-25 10:56:12 — DEBUG — Running dbt --log-format json run-operation elementary.log_macro_results --args {"macro_name": "elementary_cli.get_adapter_type_and_unique_id", "macro_args": {}} --project-dir C:\Users\NEMO\PycharmProjects\dbt5\.venv\Lib\site-packages\elementary\monitor\dbt_project
2024-03-25 10:56:17 — DEBUG — Result bytes size for command '['dbt', '--log-format', 'json', 'run-operation', 'elementary.log_macro_results', '--args', '{"macro_name": "elementary_cli.get_adapter_type_and_unique_id", "macro_args": {}}', '--project-dir', 'C:\\Users\\NEMO\\PycharmProjects\\dbt5\\.venv\\Lib\\site-packages\\elementary\\monitor\\dbt_project']' is 1874
2024-03-25 10:56:17 — INFO — edr (0.14.1) and Elementary's dbt package (0.14.1) are compatible.
2024-03-25 10:56:17 — DEBUG — Running dbt --log-format json run-operation elementary.log_macro_results --args {"macro_name": "elementary_cli.get_elementary_database_and_schema", "macro_args": {}} --project-dir C:\Users\NEMO\PycharmProjects\dbt5\.venv\Lib\site-packages\elementary\monitor\dbt_project
2024-03-25 10:56:22 — DEBUG — Result bytes size for command '['dbt', '--log-format', 'json', 'run-operation', 'elementary.log_macro_results', '--args', '{"macro_name": "elementary_cli.get_elementary_database_and_schema", "macro_args": {}}', '--project-dir', 'C:\\Users\\NEMO\\PycharmProjects\\dbt5\\.venv\\Lib\\site-packages\\elementary\\monitor\\dbt_project']' is 1871
2024-03-25 10:56:22 — INFO — Elementary's database and schema: '"postgres.public_elementary"'
2024-03-25 10:56:22 — INFO — Running dbt --log-format json run-operation elementary.log_macro_results --args {"macro_name": "elementary_cli.get_test_results", "macro_args": {"days_back": 7, "invocations_per_test": 720, "disable_passed_test_metrics": false}} --project-dir C:\Users\NEMO\PycharmProjects\dbt5\.venv\Lib\site-packages\elementary\monitor\dbt_project
2024-03-25 10:56:27 — DEBUG — Result bytes size for command '['dbt', '--log-format', 'json', 'run-operation', 'elementary.log_macro_results', '--args', '{"macro_name": "elementary_cli.get_test_results", "macro_args": {"days_back": 7, "invocations_per_test": 720, "disable_passed_test_metrics": false}}', '--project-dir', 'C:\\Users\\NEMO\\PycharmProjects\\dbt5\\.venv\\Lib\\site-packages\\elementary\\monitor\\dbt_project']' is 14464
2024-03-25 10:56:27 — INFO — Running dbt --log-format json run-operation elementary.log_macro_results --args {"macro_name": "elementary_cli.get_source_freshness_results", "macro_args": {"days_back": 7, "invocations_per_test": 720}} --project-dir C:\Users\NEMO\PycharmProjects\dbt5\.venv\Lib\site-packages\elementary\monitor\dbt_project
2024-03-25 10:56:32 — DEBUG — Result bytes size for command '['dbt', '--log-format', 'json', 'run-operation', 'elementary.log_macro_results', '--args', '{"macro_name": "elementary_cli.get_source_freshness_results", "macro_args": {"days_back": 7, "invocations_per_test": 720}}', '--project-dir', 'C:\\Users\\NEMO\\PycharmProjects\\dbt5\\.venv\\Lib\\site-packages\\elementary\\monitor\\dbt_project']' is 1815
2024-03-25 10:56:32 — INFO — Running dbt --log-format json run-operation elementary.log_macro_results --args {"macro_name": "elementary_cli.get_models", "macro_args": {"exclude_elementary": true}} --project-dir C:\Users\NEMO\PycharmProjects\dbt5\.venv\Lib\site-packages\elementary\monitor\dbt_project
2024-03-25 10:56:37 — DEBUG — Result bytes size for command '['dbt', '--log-format', 'json', 'run-operation', 'elementary.log_macro_results', '--args', '{"macro_name": "elementary_cli.get_models", "macro_args": {"exclude_elementary": true}}', '--project-dir', 'C:\\Users\\NEMO\\PycharmProjects\\dbt5\\.venv\\Lib\\site-packages\\elementary\\monitor\\dbt_project']' is 3625
2024-03-25 10:56:37 — INFO — Running dbt --log-format json run-operation elementary.log_macro_results --args {"macro_name": "elementary_cli.get_sources", "macro_args": {}} --project-dir C:\Users\NEMO\PycharmProjects\dbt5\.venv\Lib\site-packages\elementary\monitor\dbt_project
2024-03-25 10:56:42 — DEBUG — Result bytes size for command '['dbt', '--log-format', 'json', 'run-operation', 'elementary.log_macro_results', '--args', '{"macro_name": "elementary_cli.get_sources", "macro_args": {}}', '--project-dir', 'C:\\Users\\NEMO\\PycharmProjects\\dbt5\\.venv\\Lib\\site-packages\\elementary\\monitor\\dbt_project']' is 1815
2024-03-25 10:56:42 — INFO — Running dbt --log-format json run-operation elementary.log_macro_results --args {"macro_name": "elementary_cli.get_exposures", "macro_args": {}} --project-dir C:\Users\NEMO\PycharmProjects\dbt5\.venv\Lib\site-packages\elementary\monitor\dbt_project
2024-03-25 10:56:46 — DEBUG — Result bytes size for command '['dbt', '--log-format', 'json', 'run-operation', 'elementary.log_macro_results', '--args', '{"macro_name": "elementary_cli.get_exposures", "macro_args": {}}', '--project-dir', 'C:\\Users\\NEMO\\PycharmProjects\\dbt5\\.venv\\Lib\\site-packages\\elementary\\monitor\\dbt_project']' is 1820
2024-03-25 10:56:46 — INFO — Running dbt --log-format json run-operation elementary.log_macro_results --args {"macro_name": "elementary_cli.get_models_runs", "macro_args": {"days_back": 7, "exclude_elementary": true}} --project-dir C:\Users\NEMO\PycharmProjects\dbt5\.venv\Lib\site-packages\elementary\monitor\dbt_project
2024-03-25 10:56:51 — DEBUG — Result bytes size for command '['dbt', '--log-format', 'json', 'run-operation', 'elementary.log_macro_results', '--args', '{"macro_name": "elementary_cli.get_models_runs", "macro_args": {"days_back": 7, "exclude_elementary": true}}', '--project-dir', 'C:\\Users\\NEMO\\PycharmProjects\\dbt5\\.venv\\Lib\\site-packages\\elementary\\monitor\\dbt_project']' is 1820
2024-03-25 10:56:51 — INFO — Running dbt --log-format json run-operation elementary.log_macro_results --args {"macro_name": "elementary_cli.get_dbt_models_test_coverage", "macro_args": {}} --project-dir C:\Users\NEMO\PycharmProjects\dbt5\.venv\Lib\site-packages\elementary\monitor\dbt_project
2024-03-25 10:56:56 — DEBUG — Result bytes size for command '['dbt', '--log-format', 'json', 'run-operation', 'elementary.log_macro_results', '--args', '{"macro_name": "elementary_cli.get_dbt_models_test_coverage", "macro_args": {}}', '--project-dir', 'C:\\Users\\NEMO\\PycharmProjects\\dbt5\\.venv\\Lib\\site-packages\\elementary\\monitor\\dbt_project']' is 2209
2024-03-25 10:56:56 — INFO — Running dbt --log-format json run-operation elementary.log_macro_results --args {"macro_name": "elementary_cli.get_nodes_depends_on_nodes", "macro_args": {"exclude_elementary": true}} --project-dir C:\Users\NEMO\PycharmProjects\dbt5\.venv\Lib\site-packages\elementary\monitor\dbt_project
2024-03-25 10:57:02 — DEBUG — Result bytes size for command '['dbt', '--log-format', 'json', 'run-operation', 'elementary.log_macro_results', '--args', '{"macro_name": "elementary_cli.get_nodes_depends_on_nodes", "macro_args": {"exclude_elementary": true}}', '--project-dir', 'C:\\Users\\NEMO\\PycharmProjects\\dbt5\\.venv\\Lib\\site-packages\\elementary\\monitor\\dbt_project']' is 2425
2024-03-25 10:57:02 — INFO — Running dbt --log-format json run-operation elementary.log_macro_results --args {"macro_name": "elementary_cli.get_models_latest_invocation", "macro_args": {}} --project-dir C:\Users\NEMO\PycharmProjects\dbt5\.venv\Lib\site-packages\elementary\monitor\dbt_project
2024-03-25 10:57:06 — DEBUG — Result bytes size for command '['dbt', '--log-format', 'json', 'run-operation', 'elementary.log_macro_results', '--args', '{"macro_name": "elementary_cli.get_models_latest_invocation", "macro_args": {}}', '--project-dir', 'C:\\Users\\NEMO\\PycharmProjects\\dbt5\\.venv\\Lib\\site-packages\\elementary\\monitor\\dbt_project']' is 8913
2024-03-25 10:57:06 — INFO — Running dbt --log-format json run-operation elementary.log_macro_results --args {"macro_name": "elementary_cli.get_models_latest_invocations_data", "macro_args": {}} --project-dir C:\Users\NEMO\PycharmProjects\dbt5\.venv\Lib\site-packages\elementary\monitor\dbt_project
2024-03-25 10:57:11 — DEBUG — Result bytes size for command '['dbt', '--log-format', 'json', 'run-operation', 'elementary.log_macro_results', '--args', '{"macro_name": "elementary_cli.get_models_latest_invocations_data", "macro_args": {}}', '--project-dir', 'C:\\Users\\NEMO\\PycharmProjects\\dbt5\\.venv\\Lib\\site-packages\\elementary\\monitor\\dbt_project']' is 2278
2024-03-28 11:02:58 — INFO — Running with edr=0.14.1
2024-03-28 11:02:58 — DEBUG — Running dbt --log-format json run-operation elementary.log_macro_results --args {"macro_name": "elementary_cli.get_latest_invocation", "macro_args": {}} --project-dir C:\Users\NEMO\PycharmProjects\dbt5\.venv\Lib\site-packages\elementary\monitor\dbt_project
2024-03-28 11:03:09 — DEBUG — Result bytes size for command '['dbt', '--log-format', 'json', 'run-operation', 'elementary.log_macro_results', '--args', '{"macro_name": "elementary_cli.get_latest_invocation", "macro_args": {}}', '--project-dir', 'C:\\Users\\NEMO\\PycharmProjects\\dbt5\\.venv\\Lib\\site-packages\\elementary\\monitor\\dbt_project']' is 3834
2024-03-28 11:03:09 — DEBUG — Running dbt --log-format json run-operation elementary.log_macro_results --args {"macro_name": "elementary_cli.get_adapter_type_and_unique_id", "macro_args": {}} --project-dir C:\Users\NEMO\PycharmProjects\dbt5\.venv\Lib\site-packages\elementary\monitor\dbt_project
2024-03-28 11:03:16 — DEBUG — Result bytes size for command '['dbt', '--log-format', 'json', 'run-operation', 'elementary.log_macro_results', '--args', '{"macro_name": "elementary_cli.get_adapter_type_and_unique_id", "macro_args": {}}', '--project-dir', 'C:\\Users\\NEMO\\PycharmProjects\\dbt5\\.venv\\Lib\\site-packages\\elementary\\monitor\\dbt_project']' is 1869
2024-03-28 11:03:16 — INFO — edr (0.14.1) and Elementary's dbt package (0.14.1) are compatible.
2024-03-28 11:03:16 — DEBUG — Running dbt --log-format json run-operation elementary.log_macro_results --args {"macro_name": "elementary_cli.get_elementary_database_and_schema", "macro_args": {}} --project-dir C:\Users\NEMO\PycharmProjects\dbt5\.venv\Lib\site-packages\elementary\monitor\dbt_project
2024-03-28 11:03:24 — DEBUG — Result bytes size for command '['dbt', '--log-format', 'json', 'run-operation', 'elementary.log_macro_results', '--args', '{"macro_name": "elementary_cli.get_elementary_database_and_schema", "macro_args": {}}', '--project-dir', 'C:\\Users\\NEMO\\PycharmProjects\\dbt5\\.venv\\Lib\\site-packages\\elementary\\monitor\\dbt_project']' is 1871
2024-03-28 11:03:24 — INFO — Elementary's database and schema: '"postgres.public_elementary"'
2024-03-28 11:03:24 — INFO — Running dbt --log-format json run-operation elementary.log_macro_results --args {"macro_name": "elementary_cli.get_test_results", "macro_args": {"days_back": 7, "invocations_per_test": 720, "disable_passed_test_metrics": false}} --project-dir C:\Users\NEMO\PycharmProjects\dbt5\.venv\Lib\site-packages\elementary\monitor\dbt_project
2024-03-28 11:03:31 — DEBUG — Result bytes size for command '['dbt', '--log-format', 'json', 'run-operation', 'elementary.log_macro_results', '--args', '{"macro_name": "elementary_cli.get_test_results", "macro_args": {"days_back": 7, "invocations_per_test": 720, "disable_passed_test_metrics": false}}', '--project-dir', 'C:\\Users\\NEMO\\PycharmProjects\\dbt5\\.venv\\Lib\\site-packages\\elementary\\monitor\\dbt_project']' is 82352
2024-03-28 11:03:31 — INFO — Running dbt --log-format json run-operation elementary.log_macro_results --args {"macro_name": "elementary_cli.get_source_freshness_results", "macro_args": {"days_back": 7, "invocations_per_test": 720}} --project-dir C:\Users\NEMO\PycharmProjects\dbt5\.venv\Lib\site-packages\elementary\monitor\dbt_project
2024-03-28 11:03:40 — DEBUG — Result bytes size for command '['dbt', '--log-format', 'json', 'run-operation', 'elementary.log_macro_results', '--args', '{"macro_name": "elementary_cli.get_source_freshness_results", "macro_args": {"days_back": 7, "invocations_per_test": 720}}', '--project-dir', 'C:\\Users\\NEMO\\PycharmProjects\\dbt5\\.venv\\Lib\\site-packages\\elementary\\monitor\\dbt_project']' is 1820
2024-03-28 11:03:40 — INFO — Running dbt --log-format json run-operation elementary.log_macro_results --args {"macro_name": "elementary_cli.get_models", "macro_args": {"exclude_elementary": true}} --project-dir C:\Users\NEMO\PycharmProjects\dbt5\.venv\Lib\site-packages\elementary\monitor\dbt_project
2024-03-28 11:03:47 — DEBUG — Result bytes size for command '['dbt', '--log-format', 'json', 'run-operation', 'elementary.log_macro_results', '--args', '{"macro_name": "elementary_cli.get_models", "macro_args": {"exclude_elementary": true}}', '--project-dir', 'C:\\Users\\NEMO\\PycharmProjects\\dbt5\\.venv\\Lib\\site-packages\\elementary\\monitor\\dbt_project']' is 5186
2024-03-28 11:03:47 — INFO — Running dbt --log-format json run-operation elementary.log_macro_results --args {"macro_name": "elementary_cli.get_sources", "macro_args": {}} --project-dir C:\Users\NEMO\PycharmProjects\dbt5\.venv\Lib\site-packages\elementary\monitor\dbt_project
2024-03-28 11:03:53 — DEBUG — Result bytes size for command '['dbt', '--log-format', 'json', 'run-operation', 'elementary.log_macro_results', '--args', '{"macro_name": "elementary_cli.get_sources", "macro_args": {}}', '--project-dir', 'C:\\Users\\NEMO\\PycharmProjects\\dbt5\\.venv\\Lib\\site-packages\\elementary\\monitor\\dbt_project']' is 2515
2024-03-28 11:03:53 — INFO — Running dbt --log-format json run-operation elementary.log_macro_results --args {"macro_name": "elementary_cli.get_exposures", "macro_args": {}} --project-dir C:\Users\NEMO\PycharmProjects\dbt5\.venv\Lib\site-packages\elementary\monitor\dbt_project
2024-03-28 11:04:00 — DEBUG — Result bytes size for command '['dbt', '--log-format', 'json', 'run-operation', 'elementary.log_macro_results', '--args', '{"macro_name": "elementary_cli.get_exposures", "macro_args": {}}', '--project-dir', 'C:\\Users\\NEMO\\PycharmProjects\\dbt5\\.venv\\Lib\\site-packages\\elementary\\monitor\\dbt_project']' is 1820
2024-03-28 11:04:00 — INFO — Running dbt --log-format json run-operation elementary.log_macro_results --args {"macro_name": "elementary_cli.get_models_runs", "macro_args": {"days_back": 7, "exclude_elementary": true}} --project-dir C:\Users\NEMO\PycharmProjects\dbt5\.venv\Lib\site-packages\elementary\monitor\dbt_project
2024-03-28 11:04:09 — DEBUG — Result bytes size for command '['dbt', '--log-format', 'json', 'run-operation', 'elementary.log_macro_results', '--args', '{"macro_name": "elementary_cli.get_models_runs", "macro_args": {"days_back": 7, "exclude_elementary": true}}', '--project-dir', 'C:\\Users\\NEMO\\PycharmProjects\\dbt5\\.venv\\Lib\\site-packages\\elementary\\monitor\\dbt_project']' is 9062
2024-03-28 11:04:09 — INFO — Running dbt --log-format json run-operation elementary.log_macro_results --args {"macro_name": "elementary_cli.get_dbt_models_test_coverage", "macro_args": {}} --project-dir C:\Users\NEMO\PycharmProjects\dbt5\.venv\Lib\site-packages\elementary\monitor\dbt_project
2024-03-28 11:04:17 — DEBUG — Result bytes size for command '['dbt', '--log-format', 'json', 'run-operation', 'elementary.log_macro_results', '--args', '{"macro_name": "elementary_cli.get_dbt_models_test_coverage", "macro_args": {}}', '--project-dir', 'C:\\Users\\NEMO\\PycharmProjects\\dbt5\\.venv\\Lib\\site-packages\\elementary\\monitor\\dbt_project']' is 2396
2024-03-28 11:04:17 — INFO — Running dbt --log-format json run-operation elementary.log_macro_results --args {"macro_name": "elementary_cli.get_nodes_depends_on_nodes", "macro_args": {"exclude_elementary": true}} --project-dir C:\Users\NEMO\PycharmProjects\dbt5\.venv\Lib\site-packages\elementary\monitor\dbt_project
2024-03-28 11:04:23 — DEBUG — Result bytes size for command '['dbt', '--log-format', 'json', 'run-operation', 'elementary.log_macro_results', '--args', '{"macro_name": "elementary_cli.get_nodes_depends_on_nodes", "macro_args": {"exclude_elementary": true}}', '--project-dir', 'C:\\Users\\NEMO\\PycharmProjects\\dbt5\\.venv\\Lib\\site-packages\\elementary\\monitor\\dbt_project']' is 3272
2024-03-28 11:04:23 — INFO — Running dbt --log-format json run-operation elementary.log_macro_results --args {"macro_name": "elementary_cli.get_models_latest_invocation", "macro_args": {}} --project-dir C:\Users\NEMO\PycharmProjects\dbt5\.venv\Lib\site-packages\elementary\monitor\dbt_project
2024-03-28 11:04:31 — DEBUG — Result bytes size for command '['dbt', '--log-format', 'json', 'run-operation', 'elementary.log_macro_results', '--args', '{"macro_name": "elementary_cli.get_models_latest_invocation", "macro_args": {}}', '--project-dir', 'C:\\Users\\NEMO\\PycharmProjects\\dbt5\\.venv\\Lib\\site-packages\\elementary\\monitor\\dbt_project']' is 9798
2024-03-28 11:04:31 — INFO — Running dbt --log-format json run-operation elementary.log_macro_results --args {"macro_name": "elementary_cli.get_models_latest_invocations_data", "macro_args": {}} --project-dir C:\Users\NEMO\PycharmProjects\dbt5\.venv\Lib\site-packages\elementary\monitor\dbt_project
2024-03-28 11:04:37 — DEBUG — Result bytes size for command '['dbt', '--log-format', 'json', 'run-operation', 'elementary.log_macro_results', '--args', '{"macro_name": "elementary_cli.get_models_latest_invocations_data", "macro_args": {}}', '--project-dir', 'C:\\Users\\NEMO\\PycharmProjects\\dbt5\\.venv\\Lib\\site-packages\\elementary\\monitor\\dbt_project']' is 2825
