[2024-04-04T10:47:43.754+0000] {taskinstance.py:1956} INFO - Dependencies all met for dep_context=non-requeueable deps ti=<TaskInstance: dag___dbt.run_model1 manual__2024-04-04T10:47:40.889165+00:00 [queued]>
[2024-04-04T10:47:43.765+0000] {taskinstance.py:1956} INFO - Dependencies all met for dep_context=requeueable deps ti=<TaskInstance: dag___dbt.run_model1 manual__2024-04-04T10:47:40.889165+00:00 [queued]>
[2024-04-04T10:47:43.766+0000] {taskinstance.py:2170} INFO - Starting attempt 1 of 2
[2024-04-04T10:47:43.788+0000] {taskinstance.py:2191} INFO - Executing <Task(BashOperator): run_model1> on 2024-04-04 10:47:40.889165+00:00
[2024-04-04T10:47:43.796+0000] {standard_task_runner.py:60} INFO - Started process 6054 to run task
[2024-04-04T10:47:43.800+0000] {standard_task_runner.py:87} INFO - Running: ['***', 'tasks', 'run', 'dag___dbt', 'run_model1', 'manual__2024-04-04T10:47:40.889165+00:00', '--job-id', '399', '--raw', '--subdir', 'DAGS_FOLDER/freshness_test_dag.py', '--cfg-path', '/tmp/tmpar8ij1d8']
[2024-04-04T10:47:43.804+0000] {standard_task_runner.py:88} INFO - Job 399: Subtask run_model1
[2024-04-04T10:47:43.868+0000] {task_command.py:423} INFO - Running <TaskInstance: dag___dbt.run_model1 manual__2024-04-04T10:47:40.889165+00:00 [running]> on host 62dc842f1ceb
[2024-04-04T10:47:43.986+0000] {taskinstance.py:2480} INFO - Exporting env vars: AIRFLOW_CTX_DAG_OWNER='***' AIRFLOW_CTX_DAG_ID='dag___dbt' AIRFLOW_CTX_TASK_ID='run_model1' AIRFLOW_CTX_EXECUTION_DATE='2024-04-04T10:47:40.889165+00:00' AIRFLOW_CTX_TRY_NUMBER='1' AIRFLOW_CTX_DAG_RUN_ID='manual__2024-04-04T10:47:40.889165+00:00'
[2024-04-04T10:47:43.990+0000] {subprocess.py:63} INFO - Tmp dir root location: /tmp
[2024-04-04T10:47:43.991+0000] {subprocess.py:75} INFO - Running command: ['/usr/bin/bash', '-c', '/home/***/.local/bin/dbt run --models my_first_dbt_model my_second_dbt_model  --profiles-dir /home/***/.dbt --project-dir /opt/***/proj']
[2024-04-04T10:47:44.008+0000] {subprocess.py:86} INFO - Output:
[2024-04-04T10:47:49.190+0000] {subprocess.py:93} INFO - [0m10:47:49  Running with dbt=1.7.10
[2024-04-04T10:47:49.790+0000] {subprocess.py:93} INFO - [0m10:47:49  Registered adapter: postgres=1.7.10
[2024-04-04T10:48:08.808+0000] {subprocess.py:93} INFO - [0m10:48:08  Found 34 models, 2 operations, 5 tests, 1 source, 0 exposures, 0 metrics, 1407 macros, 0 groups, 0 semantic models
[2024-04-04T10:48:08.828+0000] {subprocess.py:93} INFO - [0m10:48:08
[2024-04-04T10:48:10.212+0000] {subprocess.py:93} INFO - [0m10:48:10
[2024-04-04T10:48:10.214+0000] {subprocess.py:93} INFO - [0m10:48:10  Running 1 on-run-start hook
[2024-04-04T10:48:10.337+0000] {subprocess.py:93} INFO - [0m10:48:10  1 of 1 START hook: elementary.on-run-start.0 ................................... [RUN]
[2024-04-04T10:48:10.340+0000] {subprocess.py:93} INFO - [0m10:48:10  1 of 1 OK hook: elementary.on-run-start.0 ...................................... [[32mOK[0m in 0.00s]
[2024-04-04T10:48:10.342+0000] {subprocess.py:93} INFO - [0m10:48:10
[2024-04-04T10:48:10.346+0000] {subprocess.py:93} INFO - [0m10:48:10  Concurrency: 1 threads (target='dev')
[2024-04-04T10:48:10.352+0000] {subprocess.py:93} INFO - [0m10:48:10
[2024-04-04T10:48:10.370+0000] {subprocess.py:93} INFO - [0m10:48:10  1 of 2 START sql table model public.my_first_dbt_model ......................... [RUN]
[2024-04-04T10:48:10.912+0000] {subprocess.py:93} INFO - [0m10:48:10  1 of 2 OK created sql table model public.my_first_dbt_model .................... [[32mSELECT 2[0m in 0.54s]
[2024-04-04T10:48:10.922+0000] {subprocess.py:93} INFO - [0m10:48:10  2 of 2 START sql view model public.my_second_dbt_model ......................... [RUN]
[2024-04-04T10:48:11.336+0000] {subprocess.py:93} INFO - [0m10:48:11  2 of 2 OK created sql view model public.my_second_dbt_model .................... [[32mCREATE VIEW[0m in 0.40s]
[2024-04-04T10:48:11.474+0000] {subprocess.py:93} INFO - [0m10:48:11
[2024-04-04T10:48:11.477+0000] {subprocess.py:93} INFO - [0m10:48:11  Running 1 on-run-end hook
[2024-04-04T10:48:14.452+0000] {subprocess.py:93} INFO - [0m10:48:14  1 of 1 START hook: elementary.on-run-end.0 ..................................... [RUN]
[2024-04-04T10:48:14.455+0000] {subprocess.py:93} INFO - [0m10:48:14  1 of 1 OK hook: elementary.on-run-end.0 ........................................ [[32mOK[0m in 0.00s]
[2024-04-04T10:48:14.457+0000] {subprocess.py:93} INFO - [0m10:48:14
[2024-04-04T10:48:14.471+0000] {subprocess.py:93} INFO - [0m10:48:14
[2024-04-04T10:48:14.473+0000] {subprocess.py:93} INFO - [0m10:48:14  Finished running 1 table model, 1 view model, 2 hooks in 0 hours 0 minutes and 5.64 seconds (5.64s).
[2024-04-04T10:48:14.574+0000] {subprocess.py:93} INFO - [0m10:48:14
[2024-04-04T10:48:14.576+0000] {subprocess.py:93} INFO - [0m10:48:14  [32mCompleted successfully[0m
[2024-04-04T10:48:14.578+0000] {subprocess.py:93} INFO - [0m10:48:14
[2024-04-04T10:48:14.580+0000] {subprocess.py:93} INFO - [0m10:48:14  Done. PASS=2 WARN=0 ERROR=0 SKIP=0 TOTAL=2
[2024-04-04T10:48:16.138+0000] {subprocess.py:97} INFO - Command exited with return code 0
[2024-04-04T10:48:16.188+0000] {taskinstance.py:1138} INFO - Marking task as SUCCESS. dag_id=dag___dbt, task_id=run_model1, execution_date=20240404T104740, start_date=20240404T104743, end_date=20240404T104816
[2024-04-04T10:48:16.235+0000] {local_task_job_runner.py:234} INFO - Task exited with return code 0
[2024-04-04T10:48:16.280+0000] {taskinstance.py:3280} INFO - 1 downstream tasks scheduled from follow-on schedule check
