[2024-04-01T09:57:25.607+0000] {taskinstance.py:1956} INFO - Dependencies all met for dep_context=non-requeueable deps ti=<TaskInstance: dag___dbt.dbt_data_quality_checks scheduled__2024-03-30T09:00:00+00:00 [queued]>
[2024-04-01T09:57:25.633+0000] {taskinstance.py:1956} INFO - Dependencies all met for dep_context=requeueable deps ti=<TaskInstance: dag___dbt.dbt_data_quality_checks scheduled__2024-03-30T09:00:00+00:00 [queued]>
[2024-04-01T09:57:25.635+0000] {taskinstance.py:2170} INFO - Starting attempt 2 of 2
[2024-04-01T09:57:25.698+0000] {taskinstance.py:2191} INFO - Executing <Task(BashOperator): dbt_data_quality_checks> on 2024-03-30 09:00:00+00:00
[2024-04-01T09:57:25.709+0000] {standard_task_runner.py:60} INFO - Started process 709 to run task
[2024-04-01T09:57:25.717+0000] {standard_task_runner.py:87} INFO - Running: ['***', 'tasks', 'run', 'dag___dbt', 'dbt_data_quality_checks', 'scheduled__2024-03-30T09:00:00+00:00', '--job-id', '129', '--raw', '--subdir', 'DAGS_FOLDER/dbt_dag.py', '--cfg-path', '/tmp/tmpucd1twp1']
[2024-04-01T09:57:25.725+0000] {standard_task_runner.py:88} INFO - Job 129: Subtask dbt_data_quality_checks
[2024-04-01T09:57:25.864+0000] {task_command.py:423} INFO - Running <TaskInstance: dag___dbt.dbt_data_quality_checks scheduled__2024-03-30T09:00:00+00:00 [running]> on host 62dc842f1ceb
[2024-04-01T09:57:26.120+0000] {taskinstance.py:2480} INFO - Exporting env vars: AIRFLOW_CTX_DAG_OWNER='***' AIRFLOW_CTX_DAG_ID='dag___dbt' AIRFLOW_CTX_TASK_ID='dbt_data_quality_checks' AIRFLOW_CTX_EXECUTION_DATE='2024-03-30T09:00:00+00:00' AIRFLOW_CTX_TRY_NUMBER='2' AIRFLOW_CTX_DAG_RUN_ID='scheduled__2024-03-30T09:00:00+00:00'
[2024-04-01T09:57:26.128+0000] {subprocess.py:63} INFO - Tmp dir root location: /tmp
[2024-04-01T09:57:26.131+0000] {subprocess.py:75} INFO - Running command: ['/usr/bin/bash', '-c', '/home/***/.local/bin/dbt test --profiles-dir /home/***/.dbt --project-dir /opt/***/proj']
[2024-04-01T09:57:26.159+0000] {subprocess.py:86} INFO - Output:
[2024-04-01T09:57:43.745+0000] {subprocess.py:93} INFO - [0m09:57:43  Running with dbt=1.7.10
[2024-04-01T09:57:48.779+0000] {subprocess.py:93} INFO - [0m09:57:48  Registered adapter: postgres=1.7.10
[2024-04-01T09:58:16.911+0000] {local_task_job_runner.py:302} WARNING - State of this instance has been externally set to removed. Terminating instance.
[2024-04-01T09:58:16.939+0000] {process_utils.py:131} INFO - Sending 15 to group 709. PIDs of all processes in the group: [710, 709]
[2024-04-01T09:58:16.948+0000] {process_utils.py:86} INFO - Sending the signal 15 to group 709
[2024-04-01T09:58:16.950+0000] {taskinstance.py:2450} ERROR - Received SIGTERM. Terminating subprocesses.
[2024-04-01T09:58:16.952+0000] {subprocess.py:104} INFO - Sending SIGTERM signal to process group
[2024-04-01T09:58:17.150+0000] {process_utils.py:79} INFO - Process psutil.Process(pid=710, status='terminated', started='09:57:25') (710) terminated with exit code None
[2024-04-01T09:58:17.151+0000] {process_utils.py:79} INFO - Process psutil.Process(pid=709, status='terminated', exitcode=0, started='09:57:24') (709) terminated with exit code 0
