[2024-04-02T11:51:51.952+0000] {taskinstance.py:1956} INFO - Dependencies all met for dep_context=non-requeueable deps ti=<TaskInstance: dag___dbt.run_model1 scheduled__2024-04-01T10:00:00+00:00 [queued]>
[2024-04-02T11:51:51.997+0000] {taskinstance.py:1956} INFO - Dependencies all met for dep_context=requeueable deps ti=<TaskInstance: dag___dbt.run_model1 scheduled__2024-04-01T10:00:00+00:00 [queued]>
[2024-04-02T11:51:51.998+0000] {taskinstance.py:2170} INFO - Starting attempt 1 of 2
[2024-04-02T11:51:52.098+0000] {taskinstance.py:2191} INFO - Executing <Task(BashOperator): run_model1> on 2024-04-01 10:00:00+00:00
[2024-04-02T11:51:52.116+0000] {standard_task_runner.py:60} INFO - Started process 65 to run task
[2024-04-02T11:51:52.132+0000] {standard_task_runner.py:87} INFO - Running: ['***', 'tasks', 'run', 'dag___dbt', 'run_model1', 'scheduled__2024-04-01T10:00:00+00:00', '--job-id', '338', '--raw', '--subdir', 'DAGS_FOLDER/freshness_test_dag.py', '--cfg-path', '/tmp/tmp7hid3hpu']
[2024-04-02T11:51:52.148+0000] {standard_task_runner.py:88} INFO - Job 338: Subtask run_model1
[2024-04-02T11:51:52.387+0000] {task_command.py:423} INFO - Running <TaskInstance: dag___dbt.run_model1 scheduled__2024-04-01T10:00:00+00:00 [running]> on host 62dc842f1ceb
[2024-04-02T11:51:52.948+0000] {taskinstance.py:2480} INFO - Exporting env vars: AIRFLOW_CTX_DAG_OWNER='***' AIRFLOW_CTX_DAG_ID='dag___dbt' AIRFLOW_CTX_TASK_ID='run_model1' AIRFLOW_CTX_EXECUTION_DATE='2024-04-01T10:00:00+00:00' AIRFLOW_CTX_TRY_NUMBER='1' AIRFLOW_CTX_DAG_RUN_ID='scheduled__2024-04-01T10:00:00+00:00'
[2024-04-02T11:51:52.957+0000] {subprocess.py:63} INFO - Tmp dir root location: /tmp
[2024-04-02T11:51:52.971+0000] {subprocess.py:75} INFO - Running command: ['/usr/bin/bash', '-c', '/home/***/.local/bin/dbt run --models my_first_dbt_model my_second_dbt_model  --profiles-dir /home/***/.dbt --project-dir /opt/***/proj']
[2024-04-02T11:51:53.000+0000] {subprocess.py:86} INFO - Output:
[2024-04-02T11:52:20.505+0000] {subprocess.py:93} INFO - [0m11:52:20  Running with dbt=1.7.10
[2024-04-02T11:52:21.451+0000] {subprocess.py:93} INFO - [0m11:52:21  Registered adapter: postgres=1.7.10
[2024-04-02T11:52:25.391+0000] {subprocess.py:93} INFO - [0m11:52:25  Found 34 models, 2 operations, 5 tests, 1 source, 0 exposures, 0 metrics, 1407 macros, 0 groups, 0 semantic models
[2024-04-02T11:52:25.400+0000] {subprocess.py:93} INFO - [0m11:52:25
[2024-04-02T11:52:26.178+0000] {subprocess.py:93} INFO - [0m11:52:26
[2024-04-02T11:52:26.179+0000] {subprocess.py:93} INFO - [0m11:52:26  Running 1 on-run-start hook
[2024-04-02T11:52:26.312+0000] {subprocess.py:93} INFO - [0m11:52:26  1 of 1 START hook: elementary.on-run-start.0 ................................... [RUN]
[2024-04-02T11:52:26.315+0000] {subprocess.py:93} INFO - [0m11:52:26  1 of 1 OK hook: elementary.on-run-start.0 ...................................... [[32mOK[0m in 0.00s]
[2024-04-02T11:52:26.317+0000] {subprocess.py:93} INFO - [0m11:52:26
[2024-04-02T11:52:26.324+0000] {subprocess.py:93} INFO - [0m11:52:26  Concurrency: 1 threads (target='dev')
[2024-04-02T11:52:26.326+0000] {subprocess.py:93} INFO - [0m11:52:26
[2024-04-02T11:52:26.342+0000] {subprocess.py:93} INFO - [0m11:52:26  1 of 2 START sql table model public.my_first_dbt_model ......................... [RUN]
[2024-04-02T11:52:26.849+0000] {subprocess.py:93} INFO - [0m11:52:26  1 of 2 OK created sql table model public.my_first_dbt_model .................... [[32mSELECT 2[0m in 0.50s]
[2024-04-02T11:52:26.857+0000] {subprocess.py:93} INFO - [0m11:52:26  2 of 2 START sql view model public.my_second_dbt_model ......................... [RUN]
[2024-04-02T11:52:27.144+0000] {subprocess.py:93} INFO - [0m11:52:27  2 of 2 OK created sql view model public.my_second_dbt_model .................... [[32mCREATE VIEW[0m in 0.28s]
[2024-04-02T11:52:27.234+0000] {subprocess.py:93} INFO - [0m11:52:27
[2024-04-02T11:52:27.236+0000] {subprocess.py:93} INFO - [0m11:52:27  Running 1 on-run-end hook
[2024-04-02T11:52:30.263+0000] {subprocess.py:93} INFO - [0m11:52:30  1 of 1 START hook: elementary.on-run-end.0 ..................................... [RUN]
[2024-04-02T11:52:30.264+0000] {subprocess.py:93} INFO - [0m11:52:30  1 of 1 OK hook: elementary.on-run-end.0 ........................................ [[32mOK[0m in 0.00s]
[2024-04-02T11:52:30.266+0000] {subprocess.py:93} INFO - [0m11:52:30
[2024-04-02T11:52:30.273+0000] {subprocess.py:93} INFO - [0m11:52:30
[2024-04-02T11:52:30.275+0000] {subprocess.py:93} INFO - [0m11:52:30  Finished running 1 table model, 1 view model, 2 hooks in 0 hours 0 minutes and 4.87 seconds (4.87s).
[2024-04-02T11:52:30.359+0000] {subprocess.py:93} INFO - [0m11:52:30
[2024-04-02T11:52:30.361+0000] {subprocess.py:93} INFO - [0m11:52:30  [32mCompleted successfully[0m
[2024-04-02T11:52:30.362+0000] {subprocess.py:93} INFO - [0m11:52:30
[2024-04-02T11:52:30.364+0000] {subprocess.py:93} INFO - [0m11:52:30  Done. PASS=2 WARN=0 ERROR=0 SKIP=0 TOTAL=2
[2024-04-02T11:52:31.191+0000] {subprocess.py:97} INFO - Command exited with return code 0
[2024-04-02T11:52:31.224+0000] {taskinstance.py:1138} INFO - Marking task as SUCCESS. dag_id=dag___dbt, task_id=run_model1, execution_date=20240401T100000, start_date=20240402T115151, end_date=20240402T115231
[2024-04-02T11:52:31.283+0000] {local_task_job_runner.py:234} INFO - Task exited with return code 0
[2024-04-02T11:52:31.314+0000] {taskinstance.py:3280} INFO - 1 downstream tasks scheduled from follow-on schedule check
