[2024-04-01T10:03:40.279+0000] {taskinstance.py:1956} INFO - Dependencies all met for dep_context=non-requeueable deps ti=<TaskInstance: dag___freshness.dbt_freshness_check scheduled__2024-03-15T15:00:00+00:00 [queued]>
[2024-04-01T10:03:40.303+0000] {taskinstance.py:1956} INFO - Dependencies all met for dep_context=requeueable deps ti=<TaskInstance: dag___freshness.dbt_freshness_check scheduled__2024-03-15T15:00:00+00:00 [queued]>
[2024-04-01T10:03:40.305+0000] {taskinstance.py:2170} INFO - Starting attempt 1 of 2
[2024-04-01T10:03:40.357+0000] {taskinstance.py:2191} INFO - Executing <Task(BashOperator): dbt_freshness_check> on 2024-03-15 15:00:00+00:00
[2024-04-01T10:03:40.371+0000] {standard_task_runner.py:60} INFO - Started process 1091 to run task
[2024-04-01T10:03:40.379+0000] {standard_task_runner.py:87} INFO - Running: ['***', 'tasks', 'run', 'dag___freshness', 'dbt_freshness_check', 'scheduled__2024-03-15T15:00:00+00:00', '--job-id', '169', '--raw', '--subdir', 'DAGS_FOLDER/freshness_test_dag.py', '--cfg-path', '/tmp/tmpchyqagu0']
[2024-04-01T10:03:40.385+0000] {standard_task_runner.py:88} INFO - Job 169: Subtask dbt_freshness_check
[2024-04-01T10:03:40.568+0000] {task_command.py:423} INFO - Running <TaskInstance: dag___freshness.dbt_freshness_check scheduled__2024-03-15T15:00:00+00:00 [running]> on host 62dc842f1ceb
[2024-04-01T10:03:40.905+0000] {taskinstance.py:2480} INFO - Exporting env vars: AIRFLOW_CTX_DAG_OWNER='***' AIRFLOW_CTX_DAG_ID='dag___freshness' AIRFLOW_CTX_TASK_ID='dbt_freshness_check' AIRFLOW_CTX_EXECUTION_DATE='2024-03-15T15:00:00+00:00' AIRFLOW_CTX_TRY_NUMBER='1' AIRFLOW_CTX_DAG_RUN_ID='scheduled__2024-03-15T15:00:00+00:00'
[2024-04-01T10:03:40.917+0000] {subprocess.py:63} INFO - Tmp dir root location: /tmp
[2024-04-01T10:03:40.934+0000] {subprocess.py:75} INFO - Running command: ['/usr/bin/bash', '-c', '/home/***/.local/bin/dbt source freshness --profiles-dir /home/***/.dbt --project-dir /opt/***/proj']
[2024-04-01T10:03:41.001+0000] {subprocess.py:86} INFO - Output:
[2024-04-01T10:03:58.586+0000] {subprocess.py:93} INFO - [0m10:03:58  Running with dbt=1.7.10
[2024-04-01T10:04:02.612+0000] {subprocess.py:93} INFO - [0m10:04:02  Registered adapter: postgres=1.7.10
[2024-04-01T10:04:28.800+0000] {subprocess.py:93} INFO - [0m10:04:28  Found 34 models, 2 operations, 5 tests, 1 source, 0 exposures, 0 metrics, 1407 macros, 0 groups, 0 semantic models
[2024-04-01T10:04:28.819+0000] {subprocess.py:93} INFO - [0m10:04:28
[2024-04-01T10:04:30.666+0000] {subprocess.py:93} INFO - [0m10:04:30  Concurrency: 1 threads (target='dev')
[2024-04-01T10:04:30.686+0000] {subprocess.py:93} INFO - [0m10:04:30
[2024-04-01T10:04:30.752+0000] {subprocess.py:93} INFO - [0m10:04:30  1 of 1 START freshness of public.freshnes_test ................................. [RUN]
[2024-04-01T10:04:31.225+0000] {subprocess.py:93} INFO - [0m10:04:31  1 of 1 PASS freshness of public.freshnes_test .................................. [[32mPASS[0m in 0.46s]
[2024-04-01T10:04:31.785+0000] {subprocess.py:93} INFO - [0m10:04:31  Done.
[2024-04-01T10:04:33.749+0000] {subprocess.py:97} INFO - Command exited with return code 0
[2024-04-01T10:04:33.923+0000] {taskinstance.py:1138} INFO - Marking task as SUCCESS. dag_id=dag___freshness, task_id=dbt_freshness_check, execution_date=20240315T150000, start_date=20240401T100340, end_date=20240401T100433
[2024-04-01T10:04:34.169+0000] {local_task_job_runner.py:234} INFO - Task exited with return code 0
[2024-04-01T10:04:34.268+0000] {taskinstance.py:3280} INFO - 0 downstream tasks scheduled from follow-on schedule check
