[2024-04-03T11:12:02.438+0000] {taskinstance.py:1956} INFO - Dependencies all met for dep_context=non-requeueable deps ti=<TaskInstance: dag___fresh.dbt_data_quality_checks manual__2024-04-03T11:11:59.607612+00:00 [queued]>
[2024-04-03T11:12:02.455+0000] {taskinstance.py:1956} INFO - Dependencies all met for dep_context=requeueable deps ti=<TaskInstance: dag___fresh.dbt_data_quality_checks manual__2024-04-03T11:11:59.607612+00:00 [queued]>
[2024-04-03T11:12:02.455+0000] {taskinstance.py:2170} INFO - Starting attempt 1 of 2
[2024-04-03T11:12:02.478+0000] {taskinstance.py:2191} INFO - Executing <Task(BashOperator): dbt_data_quality_checks> on 2024-04-03 11:11:59.607612+00:00
[2024-04-03T11:12:02.487+0000] {standard_task_runner.py:60} INFO - Started process 2361 to run task
[2024-04-03T11:12:02.492+0000] {standard_task_runner.py:87} INFO - Running: ['***', 'tasks', 'run', 'dag___fresh', 'dbt_data_quality_checks', 'manual__2024-04-03T11:11:59.607612+00:00', '--job-id', '361', '--raw', '--subdir', 'DAGS_FOLDER/dbt_dag.py', '--cfg-path', '/tmp/tmpc77vt8gq']
[2024-04-03T11:12:02.495+0000] {standard_task_runner.py:88} INFO - Job 361: Subtask dbt_data_quality_checks
[2024-04-03T11:12:02.562+0000] {task_command.py:423} INFO - Running <TaskInstance: dag___fresh.dbt_data_quality_checks manual__2024-04-03T11:11:59.607612+00:00 [running]> on host 62dc842f1ceb
[2024-04-03T11:12:02.686+0000] {taskinstance.py:2480} INFO - Exporting env vars: AIRFLOW_CTX_DAG_OWNER='***' AIRFLOW_CTX_DAG_ID='dag___fresh' AIRFLOW_CTX_TASK_ID='dbt_data_quality_checks' AIRFLOW_CTX_EXECUTION_DATE='2024-04-03T11:11:59.607612+00:00' AIRFLOW_CTX_TRY_NUMBER='1' AIRFLOW_CTX_DAG_RUN_ID='manual__2024-04-03T11:11:59.607612+00:00'
[2024-04-03T11:12:02.689+0000] {subprocess.py:63} INFO - Tmp dir root location: /tmp
[2024-04-03T11:12:02.691+0000] {subprocess.py:75} INFO - Running command: ['/usr/bin/bash', '-c', '/home/***/.local/bin/dbt test --profiles-dir /home/***/.dbt --project-dir /opt/***/proj']
[2024-04-03T11:12:02.706+0000] {subprocess.py:86} INFO - Output:
[2024-04-03T11:12:08.097+0000] {subprocess.py:93} INFO - [0m11:12:08  Running with dbt=1.7.10
[2024-04-03T11:12:08.689+0000] {subprocess.py:93} INFO - [0m11:12:08  Registered adapter: postgres=1.7.10
[2024-04-03T11:12:19.685+0000] {subprocess.py:93} INFO - [0m11:12:19  Found 34 models, 2 operations, 5 tests, 1 source, 0 exposures, 0 metrics, 1407 macros, 0 groups, 0 semantic models
[2024-04-03T11:12:19.690+0000] {subprocess.py:93} INFO - [0m11:12:19
[2024-04-03T11:12:20.121+0000] {subprocess.py:93} INFO - [0m11:12:20
[2024-04-03T11:12:20.122+0000] {subprocess.py:93} INFO - [0m11:12:20  Running 1 on-run-start hook
[2024-04-03T11:12:20.257+0000] {subprocess.py:93} INFO - [0m11:12:20  1 of 1 START hook: elementary.on-run-start.0 ................................... [RUN]
[2024-04-03T11:12:20.259+0000] {subprocess.py:93} INFO - [0m11:12:20  1 of 1 OK hook: elementary.on-run-start.0 ...................................... [[32mOK[0m in 0.00s]
[2024-04-03T11:12:20.260+0000] {subprocess.py:93} INFO - [0m11:12:20
[2024-04-03T11:12:20.263+0000] {subprocess.py:93} INFO - [0m11:12:20  Concurrency: 1 threads (target='dev')
[2024-04-03T11:12:20.265+0000] {subprocess.py:93} INFO - [0m11:12:20
[2024-04-03T11:12:20.277+0000] {subprocess.py:93} INFO - [0m11:12:20  1 of 5 START test elementary_freshness_anomalies_raw_orders_creation_date ...... [RUN]
[2024-04-03T11:12:20.860+0000] {subprocess.py:93} INFO - [0m11:12:20  Elementary: Started running data monitors on: POSTGRES.PUBLIC.RAW_ORDERS
[2024-04-03T11:12:21.359+0000] {subprocess.py:93} INFO - [0m11:12:21  Elementary: Finished running data monitors on: POSTGRES.PUBLIC.RAW_ORDERS
[2024-04-03T11:12:22.269+0000] {subprocess.py:93} INFO - [0m11:12:22  1 of 5 PASS elementary_freshness_anomalies_raw_orders_creation_date ............ [[32mPASS[0m in 1.99s]
[2024-04-03T11:12:22.275+0000] {subprocess.py:93} INFO - [0m11:12:22  2 of 5 START test not_null_my_second_dbt_model_id .............................. [RUN]
[2024-04-03T11:12:22.471+0000] {subprocess.py:93} INFO - [0m11:12:22  2 of 5 PASS not_null_my_second_dbt_model_id .................................... [[32mPASS[0m in 0.19s]
[2024-04-03T11:12:22.480+0000] {subprocess.py:93} INFO - [0m11:12:22  3 of 5 START test not_null_raw_orders_creation_date ............................ [RUN]
[2024-04-03T11:12:22.765+0000] {subprocess.py:93} INFO - [0m11:12:22  3 of 5 PASS not_null_raw_orders_creation_date .................................. [[32mPASS[0m in 0.28s]
[2024-04-03T11:12:22.772+0000] {subprocess.py:93} INFO - [0m11:12:22  4 of 5 START test unique_my_first_dbt_model_id ................................. [RUN]
[2024-04-03T11:12:22.948+0000] {subprocess.py:93} INFO - [0m11:12:22  4 of 5 PASS unique_my_first_dbt_model_id ....................................... [[32mPASS[0m in 0.17s]
[2024-04-03T11:12:22.954+0000] {subprocess.py:93} INFO - [0m11:12:22  5 of 5 START test unique_my_second_dbt_model_id ................................ [RUN]
[2024-04-03T11:12:23.152+0000] {subprocess.py:93} INFO - [0m11:12:23  5 of 5 PASS unique_my_second_dbt_model_id ...................................... [[32mPASS[0m in 0.19s]
[2024-04-03T11:12:23.244+0000] {subprocess.py:93} INFO - [0m11:12:23
[2024-04-03T11:12:23.245+0000] {subprocess.py:93} INFO - [0m11:12:23  Running 1 on-run-end hook
[2024-04-03T11:12:27.083+0000] {subprocess.py:93} INFO - [0m11:12:27  1 of 1 START hook: elementary.on-run-end.0 ..................................... [RUN]
[2024-04-03T11:12:27.085+0000] {subprocess.py:93} INFO - [0m11:12:27  1 of 1 OK hook: elementary.on-run-end.0 ........................................ [[32mOK[0m in 0.00s]
[2024-04-03T11:12:27.086+0000] {subprocess.py:93} INFO - [0m11:12:27
[2024-04-03T11:12:27.096+0000] {subprocess.py:93} INFO - [0m11:12:27
[2024-04-03T11:12:27.098+0000] {subprocess.py:93} INFO - [0m11:12:27  Finished running 5 tests, 2 hooks in 0 hours 0 minutes and 7.40 seconds (7.40s).
[2024-04-03T11:12:27.171+0000] {subprocess.py:93} INFO - [0m11:12:27
[2024-04-03T11:12:27.172+0000] {subprocess.py:93} INFO - [0m11:12:27  [32mCompleted successfully[0m
[2024-04-03T11:12:27.174+0000] {subprocess.py:93} INFO - [0m11:12:27
[2024-04-03T11:12:27.175+0000] {subprocess.py:93} INFO - [0m11:12:27  Done. PASS=5 WARN=0 ERROR=0 SKIP=0 TOTAL=5
[2024-04-03T11:12:28.215+0000] {subprocess.py:97} INFO - Command exited with return code 0
[2024-04-03T11:12:28.245+0000] {taskinstance.py:1138} INFO - Marking task as SUCCESS. dag_id=dag___fresh, task_id=dbt_data_quality_checks, execution_date=20240403T111159, start_date=20240403T111202, end_date=20240403T111228
[2024-04-03T11:12:28.267+0000] {local_task_job_runner.py:234} INFO - Task exited with return code 0
[2024-04-03T11:12:28.288+0000] {taskinstance.py:3280} INFO - 1 downstream tasks scheduled from follow-on schedule check
