[2024-04-01T10:09:31.264+0000] {taskinstance.py:1956} INFO - Dependencies all met for dep_context=non-requeueable deps ti=<TaskInstance: freshness___dbt.run_model1 scheduled__2024-03-18T00:00:00+00:00 [queued]>
[2024-04-01T10:09:31.286+0000] {taskinstance.py:1956} INFO - Dependencies all met for dep_context=requeueable deps ti=<TaskInstance: freshness___dbt.run_model1 scheduled__2024-03-18T00:00:00+00:00 [queued]>
[2024-04-01T10:09:31.287+0000] {taskinstance.py:2170} INFO - Starting attempt 1 of 2
[2024-04-01T10:09:32.151+0000] {taskinstance.py:2191} INFO - Executing <Task(BashOperator): run_model1> on 2024-03-18 00:00:00+00:00
[2024-04-01T10:09:32.169+0000] {standard_task_runner.py:60} INFO - Started process 1468 to run task
[2024-04-01T10:09:32.184+0000] {standard_task_runner.py:87} INFO - Running: ['***', 'tasks', 'run', 'freshness___dbt', 'run_model1', 'scheduled__2024-03-18T00:00:00+00:00', '--job-id', '210', '--raw', '--subdir', 'DAGS_FOLDER/freshness_dag.py', '--cfg-path', '/tmp/tmpnfc2sqx3']
[2024-04-01T10:09:32.232+0000] {standard_task_runner.py:88} INFO - Job 210: Subtask run_model1
[2024-04-01T10:09:32.479+0000] {task_command.py:423} INFO - Running <TaskInstance: freshness___dbt.run_model1 scheduled__2024-03-18T00:00:00+00:00 [running]> on host 62dc842f1ceb
[2024-04-01T10:09:32.863+0000] {taskinstance.py:2480} INFO - Exporting env vars: AIRFLOW_CTX_DAG_OWNER='***' AIRFLOW_CTX_DAG_ID='freshness___dbt' AIRFLOW_CTX_TASK_ID='run_model1' AIRFLOW_CTX_EXECUTION_DATE='2024-03-18T00:00:00+00:00' AIRFLOW_CTX_TRY_NUMBER='1' AIRFLOW_CTX_DAG_RUN_ID='scheduled__2024-03-18T00:00:00+00:00'
[2024-04-01T10:09:32.869+0000] {subprocess.py:63} INFO - Tmp dir root location: /tmp
[2024-04-01T10:09:32.873+0000] {subprocess.py:75} INFO - Running command: ['/usr/bin/bash', '-c', '/home/***/.local/bin/dbt run --models  --profiles-dir /home/***/.dbt --project-dir /opt/***/proj']
[2024-04-01T10:09:32.910+0000] {subprocess.py:86} INFO - Output:
[2024-04-01T10:09:57.828+0000] {subprocess.py:93} INFO - [0m10:09:57  Running with dbt=1.7.10
[2024-04-01T10:10:00.909+0000] {subprocess.py:93} INFO - [0m10:10:00  Registered adapter: postgres=1.7.10
[2024-04-01T10:10:01.127+0000] {subprocess.py:93} INFO - [0m10:10:01  Encountered an error:
[2024-04-01T10:10:01.128+0000] {subprocess.py:93} INFO - [Errno 5] Input/output error: '/opt/***/proj/dbt_packages/dbt_date/dbt_project.yml'
[2024-04-01T10:10:01.158+0000] {subprocess.py:93} INFO - [0m10:10:01  Traceback (most recent call last):
[2024-04-01T10:10:01.166+0000] {subprocess.py:93} INFO -   File "/home/***/.local/lib/python3.8/site-packages/dbt/cli/requires.py", line 91, in wrapper
[2024-04-01T10:10:01.188+0000] {subprocess.py:93} INFO -     result, success = func(*args, **kwargs)
[2024-04-01T10:10:01.200+0000] {subprocess.py:93} INFO -   File "/home/***/.local/lib/python3.8/site-packages/dbt/cli/requires.py", line 76, in wrapper
[2024-04-01T10:10:01.202+0000] {subprocess.py:93} INFO -     return func(*args, **kwargs)
[2024-04-01T10:10:01.203+0000] {subprocess.py:93} INFO -   File "/home/***/.local/lib/python3.8/site-packages/dbt/cli/requires.py", line 169, in wrapper
[2024-04-01T10:10:01.230+0000] {subprocess.py:93} INFO -     return func(*args, **kwargs)
[2024-04-01T10:10:01.235+0000] {subprocess.py:93} INFO -   File "/home/***/.local/lib/python3.8/site-packages/dbt/cli/requires.py", line 198, in wrapper
[2024-04-01T10:10:01.237+0000] {subprocess.py:93} INFO -     return func(*args, **kwargs)
[2024-04-01T10:10:01.238+0000] {subprocess.py:93} INFO -   File "/home/***/.local/lib/python3.8/site-packages/dbt/cli/requires.py", line 245, in wrapper
[2024-04-01T10:10:01.257+0000] {subprocess.py:93} INFO -     return func(*args, **kwargs)
[2024-04-01T10:10:01.259+0000] {subprocess.py:93} INFO -   File "/home/***/.local/lib/python3.8/site-packages/dbt/cli/requires.py", line 271, in wrapper
[2024-04-01T10:10:01.260+0000] {subprocess.py:93} INFO -     ctx.obj["manifest"] = parse_manifest(
[2024-04-01T10:10:01.262+0000] {subprocess.py:93} INFO -   File "/home/***/.local/lib/python3.8/site-packages/dbt/parser/manifest.py", line 1798, in parse_manifest
[2024-04-01T10:10:01.265+0000] {subprocess.py:93} INFO -     manifest = ManifestLoader.get_full_manifest(
[2024-04-01T10:10:01.266+0000] {subprocess.py:93} INFO -   File "/home/***/.local/lib/python3.8/site-packages/dbt/parser/manifest.py", line 310, in get_full_manifest
[2024-04-01T10:10:01.267+0000] {subprocess.py:93} INFO -     projects = config.load_dependencies()
[2024-04-01T10:10:01.269+0000] {subprocess.py:93} INFO -   File "/home/***/.local/lib/python3.8/site-packages/dbt/config/runtime.py", line 378, in load_dependencies
[2024-04-01T10:10:01.271+0000] {subprocess.py:93} INFO -     for project_name, project in self.load_projects(project_paths):
[2024-04-01T10:10:01.272+0000] {subprocess.py:93} INFO -   File "/home/***/.local/lib/python3.8/site-packages/dbt/config/runtime.py", line 392, in load_projects
[2024-04-01T10:10:01.273+0000] {subprocess.py:93} INFO -     project = self.new_project(str(path))
[2024-04-01T10:10:01.274+0000] {subprocess.py:93} INFO -   File "/home/***/.local/lib/python3.8/site-packages/dbt/config/runtime.py", line 206, in new_project
[2024-04-01T10:10:01.278+0000] {subprocess.py:93} INFO -     project = Project.from_project_root(
[2024-04-01T10:10:01.280+0000] {subprocess.py:93} INFO -   File "/home/***/.local/lib/python3.8/site-packages/dbt/config/project.py", line 742, in from_project_root
[2024-04-01T10:10:01.282+0000] {subprocess.py:93} INFO -     partial = PartialProject.from_project_root(project_root, verify_version=verify_version)
[2024-04-01T10:10:01.287+0000] {subprocess.py:93} INFO -   File "/home/***/.local/lib/python3.8/site-packages/dbt/config/project.py", line 565, in from_project_root
[2024-04-01T10:10:01.288+0000] {subprocess.py:93} INFO -     project_dict = load_raw_project(project_root)
[2024-04-01T10:10:01.290+0000] {subprocess.py:93} INFO -   File "/home/***/.local/lib/python3.8/site-packages/dbt/config/project.py", line 208, in load_raw_project
[2024-04-01T10:10:01.290+0000] {subprocess.py:93} INFO -     project_dict = _load_yaml(project_yaml_filepath)
[2024-04-01T10:10:01.291+0000] {subprocess.py:93} INFO -   File "/home/***/.local/lib/python3.8/site-packages/dbt/config/project.py", line 97, in _load_yaml
[2024-04-01T10:10:01.292+0000] {subprocess.py:93} INFO -     contents = load_file_contents(path)
[2024-04-01T10:10:01.294+0000] {subprocess.py:93} INFO -   File "/home/***/.local/lib/python3.8/site-packages/dbt/clients/system.py", line 97, in load_file_contents
[2024-04-01T10:10:01.298+0000] {subprocess.py:93} INFO -     with open(path, "rb") as handle:
[2024-04-01T10:10:01.306+0000] {subprocess.py:93} INFO - OSError: [Errno 5] Input/output error: '/opt/***/proj/dbt_packages/dbt_date/dbt_project.yml'
[2024-04-01T10:10:01.309+0000] {subprocess.py:93} INFO - 
[2024-04-01T10:10:03.626+0000] {subprocess.py:97} INFO - Command exited with return code 2
[2024-04-01T10:10:03.716+0000] {taskinstance.py:2698} ERROR - Task failed with exception
Traceback (most recent call last):
  File "/home/airflow/.local/lib/python3.8/site-packages/airflow/models/taskinstance.py", line 433, in _execute_task
    result = execute_callable(context=context, **execute_callable_kwargs)
  File "/home/airflow/.local/lib/python3.8/site-packages/airflow/operators/bash.py", line 212, in execute
    raise AirflowException(
airflow.exceptions.AirflowException: Bash command failed. The command returned a non-zero exit code 2.
[2024-04-01T10:10:03.820+0000] {taskinstance.py:1138} INFO - Marking task as UP_FOR_RETRY. dag_id=freshness___dbt, task_id=run_model1, execution_date=20240318T000000, start_date=20240401T100931, end_date=20240401T101003
[2024-04-01T10:10:04.087+0000] {standard_task_runner.py:107} ERROR - Failed to execute job 210 for task run_model1 (Bash command failed. The command returned a non-zero exit code 2.; 1468)
[2024-04-01T10:10:04.168+0000] {local_task_job_runner.py:234} INFO - Task exited with return code 1
[2024-04-01T10:10:04.305+0000] {taskinstance.py:3280} INFO - 0 downstream tasks scheduled from follow-on schedule check
