[2024-04-03T11:41:27.538+0000] {taskinstance.py:1956} INFO - Dependencies all met for dep_context=non-requeueable deps ti=<TaskInstance: dag___fresh.handle_dbt_result manual__2024-04-03T11:40:56.693089+00:00 [queued]>
[2024-04-03T11:41:27.548+0000] {taskinstance.py:1956} INFO - Dependencies all met for dep_context=requeueable deps ti=<TaskInstance: dag___fresh.handle_dbt_result manual__2024-04-03T11:40:56.693089+00:00 [queued]>
[2024-04-03T11:41:27.549+0000] {taskinstance.py:2170} INFO - Starting attempt 1 of 2
[2024-04-03T11:41:27.566+0000] {taskinstance.py:2191} INFO - Executing <Task(PythonOperator): handle_dbt_result> on 2024-04-03 11:40:56.693089+00:00
[2024-04-03T11:41:27.573+0000] {standard_task_runner.py:60} INFO - Started process 2839 to run task
[2024-04-03T11:41:27.576+0000] {standard_task_runner.py:87} INFO - Running: ['***', 'tasks', 'run', 'dag___fresh', 'handle_dbt_result', 'manual__2024-04-03T11:40:56.693089+00:00', '--job-id', '368', '--raw', '--subdir', 'DAGS_FOLDER/dbt_dag.py', '--cfg-path', '/tmp/tmprpzg6n7l']
[2024-04-03T11:41:27.580+0000] {standard_task_runner.py:88} INFO - Job 368: Subtask handle_dbt_result
[2024-04-03T11:41:27.641+0000] {task_command.py:423} INFO - Running <TaskInstance: dag___fresh.handle_dbt_result manual__2024-04-03T11:40:56.693089+00:00 [running]> on host 62dc842f1ceb
[2024-04-03T11:41:27.743+0000] {taskinstance.py:2480} INFO - Exporting env vars: AIRFLOW_CTX_DAG_OWNER='***' AIRFLOW_CTX_DAG_ID='dag___fresh' AIRFLOW_CTX_TASK_ID='handle_dbt_result' AIRFLOW_CTX_EXECUTION_DATE='2024-04-03T11:40:56.693089+00:00' AIRFLOW_CTX_TRY_NUMBER='1' AIRFLOW_CTX_DAG_RUN_ID='manual__2024-04-03T11:40:56.693089+00:00'
[2024-04-03T11:41:27.759+0000] {logging_mixin.py:188} INFO - Result of dbt command:
[2024-04-03T11:41:27.760+0000] {logging_mixin.py:188} INFO - 
[
0
m
1
1
:
4
1
:
0
7
 
 
R
u
n
n
i
n
g
 
w
i
t
h
 
d
b
t
=
1
.
7
.
1
0



[
0
m
1
1
:
4
1
:
0
7
 
 
R
e
g
i
s
t
e
r
e
d
 
a
d
a
p
t
e
r
:
 
p
o
s
t
g
r
e
s
=
1
.
7
.
1
0



[
0
m
1
1
:
4
1
:
1
8
 
 
F
o
u
n
d
 
3
4
 
m
o
d
e
l
s
,
 
2
 
o
p
e
r
a
t
i
o
n
s
,
 
5
 
t
e
s
t
s
,
 
1
 
s
o
u
r
c
e
,
 
0
 
e
x
p
o
s
u
r
e
s
,
 
0
 
m
e
t
r
i
c
s
,
 
1
4
0
7
 
m
a
c
r
o
s
,
 
0
 
g
r
o
u
p
s
,
 
0
 
s
e
m
a
n
t
i
c
 
m
o
d
e
l
s



[
0
m
1
1
:
4
1
:
1
8
 
 



[
0
m
1
1
:
4
1
:
1
8
 
 



[
0
m
1
1
:
4
1
:
1
8
 
 
R
u
n
n
i
n
g
 
1
 
o
n
-
r
u
n
-
s
t
a
r
t
 
h
o
o
k



[
0
m
1
1
:
4
1
:
1
8
 
 
1
 
o
f
 
1
 
S
T
A
R
T
 
h
o
o
k
:
 
e
l
e
m
e
n
t
a
r
y
.
o
n
-
r
u
n
-
s
t
a
r
t
.
0
 
.
.
.
.
.
.
.
.
.
.
.
.
.
.
.
.
.
.
.
.
.
.
.
.
.
.
.
.
.
.
.
.
.
.
.
 
[
R
U
N
]



[
0
m
1
1
:
4
1
:
1
8
 
 
1
 
o
f
 
1
 
O
K
 
h
o
o
k
:
 
e
l
e
m
e
n
t
a
r
y
.
o
n
-
r
u
n
-
s
t
a
r
t
.
0
 
.
.
.
.
.
.
.
.
.
.
.
.
.
.
.
.
.
.
.
.
.
.
.
.
.
.
.
.
.
.
.
.
.
.
.
.
.
.
 
[

[
3
2
m
O
K

[
0
m
 
i
n
 
0
.
0
0
s
]



[
0
m
1
1
:
4
1
:
1
8
 
 



[
0
m
1
1
:
4
1
:
1
8
 
 
C
o
n
c
u
r
r
e
n
c
y
:
 
1
 
t
h
r
e
a
d
s
 
(
t
a
r
g
e
t
=
'
d
e
v
'
)



[
0
m
1
1
:
4
1
:
1
8
 
 



[
0
m
1
1
:
4
1
:
1
8
 
 
1
 
o
f
 
5
 
S
T
A
R
T
 
t
e
s
t
 
e
l
e
m
e
n
t
a
r
y
_
f
r
e
s
h
n
e
s
s
_
a
n
o
m
a
l
i
e
s
_
r
a
w
_
o
r
d
e
r
s
_
c
r
e
a
t
i
o
n
_
d
a
t
e
 
.
.
.
.
.
.
 
[
R
U
N
]



[
0
m
1
1
:
4
1
:
1
9
 
 
E
l
e
m
e
n
t
a
r
y
:
 
S
t
a
r
t
e
d
 
r
u
n
n
i
n
g
 
d
a
t
a
 
m
o
n
i
t
o
r
s
 
o
n
:
 
P
O
S
T
G
R
E
S
.
P
U
B
L
I
C
.
R
A
W
_
O
R
D
E
R
S



[
0
m
1
1
:
4
1
:
2
0
 
 
E
l
e
m
e
n
t
a
r
y
:
 
F
i
n
i
s
h
e
d
 
r
u
n
n
i
n
g
 
d
a
t
a
 
m
o
n
i
t
o
r
s
 
o
n
:
 
P
O
S
T
G
R
E
S
.
P
U
B
L
I
C
.
R
A
W
_
O
R
D
E
R
S



[
0
m
1
1
:
4
1
:
2
0
 
 
1
 
o
f
 
5
 
P
A
S
S
 
e
l
e
m
e
n
t
a
r
y
_
f
r
e
s
h
n
e
s
s
_
a
n
o
m
a
l
i
e
s
_
r
a
w
_
o
r
d
e
r
s
_
c
r
e
a
t
i
o
n
_
d
a
t
e
 
.
.
.
.
.
.
.
.
.
.
.
.
 
[

[
3
2
m
P
A
S
S

[
0
m
 
i
n
 
1
.
8
5
s
]



[
0
m
1
1
:
4
1
:
2
0
 
 
2
 
o
f
 
5
 
S
T
A
R
T
 
t
e
s
t
 
n
o
t
_
n
u
l
l
_
m
y
_
s
e
c
o
n
d
_
d
b
t
_
m
o
d
e
l
_
i
d
 
.
.
.
.
.
.
.
.
.
.
.
.
.
.
.
.
.
.
.
.
.
.
.
.
.
.
.
.
.
.
 
[
R
U
N
]



[
0
m
1
1
:
4
1
:
2
1
 
 
2
 
o
f
 
5
 
P
A
S
S
 
n
o
t
_
n
u
l
l
_
m
y
_
s
e
c
o
n
d
_
d
b
t
_
m
o
d
e
l
_
i
d
 
.
.
.
.
.
.
.
.
.
.
.
.
.
.
.
.
.
.
.
.
.
.
.
.
.
.
.
.
.
.
.
.
.
.
.
.
 
[

[
3
2
m
P
A
S
S

[
0
m
 
i
n
 
0
.
1
7
s
]



[
0
m
1
1
:
4
1
:
2
1
 
 
3
 
o
f
 
5
 
S
T
A
R
T
 
t
e
s
t
 
n
o
t
_
n
u
l
l
_
r
a
w
_
o
r
d
e
r
s
_
c
r
e
a
t
i
o
n
_
d
a
t
e
 
.
.
.
.
.
.
.
.
.
.
.
.
.
.
.
.
.
.
.
.
.
.
.
.
.
.
.
.
 
[
R
U
N
]



[
0
m
1
1
:
4
1
:
2
1
 
 
3
 
o
f
 
5
 
P
A
S
S
 
n
o
t
_
n
u
l
l
_
r
a
w
_
o
r
d
e
r
s
_
c
r
e
a
t
i
o
n
_
d
a
t
e
 
.
.
.
.
.
.
.
.
.
.
.
.
.
.
.
.
.
.
.
.
.
.
.
.
.
.
.
.
.
.
.
.
.
.
 
[

[
3
2
m
P
A
S
S

[
0
m
 
i
n
 
0
.
1
6
s
]



[
0
m
1
1
:
4
1
:
2
1
 
 
4
 
o
f
 
5
 
S
T
A
R
T
 
t
e
s
t
 
u
n
i
q
u
e
_
m
y
_
f
i
r
s
t
_
d
b
t
_
m
o
d
e
l
_
i
d
 
.
.
.
.
.
.
.
.
.
.
.
.
.
.
.
.
.
.
.
.
.
.
.
.
.
.
.
.
.
.
.
.
.
 
[
R
U
N
]



[
0
m
1
1
:
4
1
:
2
1
 
 
4
 
o
f
 
5
 
P
A
S
S
 
u
n
i
q
u
e
_
m
y
_
f
i
r
s
t
_
d
b
t
_
m
o
d
e
l
_
i
d
 
.
.
.
.
.
.
.
.
.
.
.
.
.
.
.
.
.
.
.
.
.
.
.
.
.
.
.
.
.
.
.
.
.
.
.
.
.
.
.
 
[

[
3
2
m
P
A
S
S

[
0
m
 
i
n
 
0
.
1
6
s
]



[
0
m
1
1
:
4
1
:
2
1
 
 
5
 
o
f
 
5
 
S
T
A
R
T
 
t
e
s
t
 
u
n
i
q
u
e
_
m
y
_
s
e
c
o
n
d
_
d
b
t
_
m
o
d
e
l
_
i
d
 
.
.
.
.
.
.
.
.
.
.
.
.
.
.
.
.
.
.
.
.
.
.
.
.
.
.
.
.
.
.
.
.
 
[
R
U
N
]



[
0
m
1
1
:
4
1
:
2
1
 
 
5
 
o
f
 
5
 
P
A
S
S
 
u
n
i
q
u
e
_
m
y
_
s
e
c
o
n
d
_
d
b
t
_
m
o
d
e
l
_
i
d
 
.
.
.
.
.
.
.
.
.
.
.
.
.
.
.
.
.
.
.
.
.
.
.
.
.
.
.
.
.
.
.
.
.
.
.
.
.
.
 
[

[
3
2
m
P
A
S
S

[
0
m
 
i
n
 
0
.
1
6
s
]



[
0
m
1
1
:
4
1
:
2
1
 
 



[
0
m
1
1
:
4
1
:
2
1
 
 
R
u
n
n
i
n
g
 
1
 
o
n
-
r
u
n
-
e
n
d
 
h
o
o
k



[
0
m
1
1
:
4
1
:
2
4
 
 
1
 
o
f
 
1
 
S
T
A
R
T
 
h
o
o
k
:
 
e
l
e
m
e
n
t
a
r
y
.
o
n
-
r
u
n
-
e
n
d
.
0
 
.
.
.
.
.
.
.
.
.
.
.
.
.
.
.
.
.
.
.
.
.
.
.
.
.
.
.
.
.
.
.
.
.
.
.
.
.
 
[
R
U
N
]



[
0
m
1
1
:
4
1
:
2
4
 
 
1
 
o
f
 
1
 
O
K
 
h
o
o
k
:
 
e
l
e
m
e
n
t
a
r
y
.
o
n
-
r
u
n
-
e
n
d
.
0
 
.
.
.
.
.
.
.
.
.
.
.
.
.
.
.
.
.
.
.
.
.
.
.
.
.
.
.
.
.
.
.
.
.
.
.
.
.
.
.
.
 
[

[
3
2
m
O
K

[
0
m
 
i
n
 
0
.
0
0
s
]



[
0
m
1
1
:
4
1
:
2
4
 
 



[
0
m
1
1
:
4
1
:
2
4
 
 



[
0
m
1
1
:
4
1
:
2
4
 
 
F
i
n
i
s
h
e
d
 
r
u
n
n
i
n
g
 
5
 
t
e
s
t
s
,
 
2
 
h
o
o
k
s
 
i
n
 
0
 
h
o
u
r
s
 
0
 
m
i
n
u
t
e
s
 
a
n
d
 
6
.
1
6
 
s
e
c
o
n
d
s
 
(
6
.
1
6
s
)
.



[
0
m
1
1
:
4
1
:
2
4
 
 



[
0
m
1
1
:
4
1
:
2
4
 
 

[
3
2
m
C
o
m
p
l
e
t
e
d
 
s
u
c
c
e
s
s
f
u
l
l
y

[
0
m



[
0
m
1
1
:
4
1
:
2
4
 
 



[
0
m
1
1
:
4
1
:
2
4
 
 
D
o
n
e
.
 
P
A
S
S
=
5
 
W
A
R
N
=
0
 
E
R
R
O
R
=
0
 
S
K
I
P
=
0
 
T
O
T
A
L
=
5
[2024-04-03T11:41:27.761+0000] {logging_mixin.py:188} INFO - -----------
[2024-04-03T11:41:27.762+0000] {python.py:201} INFO - Done. Returned value was: None
[2024-04-03T11:41:27.776+0000] {taskinstance.py:1138} INFO - Marking task as SUCCESS. dag_id=dag___fresh, task_id=handle_dbt_result, execution_date=20240403T114056, start_date=20240403T114127, end_date=20240403T114127
[2024-04-03T11:41:27.829+0000] {local_task_job_runner.py:234} INFO - Task exited with return code 0
[2024-04-03T11:41:27.854+0000] {taskinstance.py:3280} INFO - 0 downstream tasks scheduled from follow-on schedule check
