[2024-04-01T10:01:43.245+0000] {taskinstance.py:1956} INFO - Dependencies all met for dep_context=non-requeueable deps ti=<TaskInstance: dag___freshness.dbt_freshness_check scheduled__2024-03-15T01:00:00+00:00 [queued]>
[2024-04-01T10:01:43.541+0000] {taskinstance.py:1956} INFO - Dependencies all met for dep_context=requeueable deps ti=<TaskInstance: dag___freshness.dbt_freshness_check scheduled__2024-03-15T01:00:00+00:00 [queued]>
[2024-04-01T10:01:43.559+0000] {taskinstance.py:2170} INFO - Starting attempt 1 of 2
[2024-04-01T10:01:44.017+0000] {taskinstance.py:2191} INFO - Executing <Task(BashOperator): dbt_freshness_check> on 2024-03-15 01:00:00+00:00
[2024-04-01T10:01:44.052+0000] {standard_task_runner.py:60} INFO - Started process 987 to run task
[2024-04-01T10:01:44.240+0000] {standard_task_runner.py:87} INFO - Running: ['***', 'tasks', 'run', 'dag___freshness', 'dbt_freshness_check', 'scheduled__2024-03-15T01:00:00+00:00', '--job-id', '159', '--raw', '--subdir', 'DAGS_FOLDER/freshness_test_dag.py', '--cfg-path', '/tmp/tmpqrfej0jk']
[2024-04-01T10:01:44.432+0000] {standard_task_runner.py:88} INFO - Job 159: Subtask dbt_freshness_check
[2024-04-01T10:01:45.160+0000] {task_command.py:423} INFO - Running <TaskInstance: dag___freshness.dbt_freshness_check scheduled__2024-03-15T01:00:00+00:00 [running]> on host 62dc842f1ceb
[2024-04-01T10:01:46.018+0000] {taskinstance.py:2480} INFO - Exporting env vars: AIRFLOW_CTX_DAG_OWNER='***' AIRFLOW_CTX_DAG_ID='dag___freshness' AIRFLOW_CTX_TASK_ID='dbt_freshness_check' AIRFLOW_CTX_EXECUTION_DATE='2024-03-15T01:00:00+00:00' AIRFLOW_CTX_TRY_NUMBER='1' AIRFLOW_CTX_DAG_RUN_ID='scheduled__2024-03-15T01:00:00+00:00'
[2024-04-01T10:01:46.026+0000] {subprocess.py:63} INFO - Tmp dir root location: /tmp
[2024-04-01T10:01:46.031+0000] {subprocess.py:75} INFO - Running command: ['/usr/bin/bash', '-c', '/home/***/.local/bin/dbt source freshness --profiles-dir /home/***/.dbt --project-dir /opt/***/proj']
[2024-04-01T10:01:46.214+0000] {subprocess.py:86} INFO - Output:
[2024-04-01T10:02:54.329+0000] {subprocess.py:93} INFO - [0m10:02:54  Running with dbt=1.7.10
[2024-04-01T10:03:00.490+0000] {subprocess.py:93} INFO - [0m10:03:00  Registered adapter: postgres=1.7.10
[2024-04-01T10:03:26.500+0000] {subprocess.py:93} INFO - [0m10:03:26  Found 34 models, 2 operations, 5 tests, 1 source, 0 exposures, 0 metrics, 1407 macros, 0 groups, 0 semantic models
[2024-04-01T10:03:26.569+0000] {subprocess.py:93} INFO - [0m10:03:26
[2024-04-01T10:03:27.814+0000] {subprocess.py:93} INFO - [0m10:03:27  Concurrency: 1 threads (target='dev')
[2024-04-01T10:03:27.817+0000] {subprocess.py:93} INFO - [0m10:03:27
[2024-04-01T10:03:27.872+0000] {subprocess.py:93} INFO - [0m10:03:27  1 of 1 START freshness of public.freshnes_test ................................. [RUN]
[2024-04-01T10:03:28.176+0000] {subprocess.py:93} INFO - [0m10:03:28  1 of 1 PASS freshness of public.freshnes_test .................................. [[32mPASS[0m in 0.30s]
[2024-04-01T10:03:28.408+0000] {subprocess.py:93} INFO - [0m10:03:28  Done.
[2024-04-01T10:03:29.674+0000] {subprocess.py:97} INFO - Command exited with return code 0
[2024-04-01T10:03:29.760+0000] {taskinstance.py:1138} INFO - Marking task as SUCCESS. dag_id=dag___freshness, task_id=dbt_freshness_check, execution_date=20240315T010000, start_date=20240401T100143, end_date=20240401T100329
[2024-04-01T10:03:29.854+0000] {local_task_job_runner.py:234} INFO - Task exited with return code 0
[2024-04-01T10:03:29.925+0000] {taskinstance.py:3280} INFO - 0 downstream tasks scheduled from follow-on schedule check
