[2024-03-29T00:00:05.563+0000] {taskinstance.py:1956} INFO - Dependencies all met for dep_context=non-requeueable deps ti=<TaskInstance: dag___dbt.run_model1 scheduled__2024-03-28T00:00:00+00:00 [queued]>
[2024-03-29T00:00:05.577+0000] {taskinstance.py:1956} INFO - Dependencies all met for dep_context=requeueable deps ti=<TaskInstance: dag___dbt.run_model1 scheduled__2024-03-28T00:00:00+00:00 [queued]>
[2024-03-29T00:00:05.579+0000] {taskinstance.py:2170} INFO - Starting attempt 1 of 2
[2024-03-29T00:00:05.604+0000] {taskinstance.py:2191} INFO - Executing <Task(BashOperator): run_model1> on 2024-03-28 00:00:00+00:00
[2024-03-29T00:00:05.614+0000] {standard_task_runner.py:60} INFO - Started process 16839 to run task
[2024-03-29T00:00:05.619+0000] {standard_task_runner.py:87} INFO - Running: ['***', 'tasks', 'run', 'dag___dbt', 'run_model1', 'scheduled__2024-03-28T00:00:00+00:00', '--job-id', '67', '--raw', '--subdir', 'DAGS_FOLDER/dbt_dag.py', '--cfg-path', '/tmp/tmp9467c0_9']
[2024-03-29T00:00:05.624+0000] {standard_task_runner.py:88} INFO - Job 67: Subtask run_model1
[2024-03-29T00:00:05.697+0000] {task_command.py:423} INFO - Running <TaskInstance: dag___dbt.run_model1 scheduled__2024-03-28T00:00:00+00:00 [running]> on host 62dc842f1ceb
[2024-03-29T00:00:05.822+0000] {taskinstance.py:2480} INFO - Exporting env vars: AIRFLOW_CTX_DAG_OWNER='***' AIRFLOW_CTX_DAG_ID='dag___dbt' AIRFLOW_CTX_TASK_ID='run_model1' AIRFLOW_CTX_EXECUTION_DATE='2024-03-28T00:00:00+00:00' AIRFLOW_CTX_TRY_NUMBER='1' AIRFLOW_CTX_DAG_RUN_ID='scheduled__2024-03-28T00:00:00+00:00'
[2024-03-29T00:00:05.826+0000] {subprocess.py:63} INFO - Tmp dir root location: /tmp
[2024-03-29T00:00:05.828+0000] {subprocess.py:75} INFO - Running command: ['/usr/bin/bash', '-c', '/home/***/.local/bin/dbt run --models my_first_dbt_model my_second_dbt_model  --profiles-dir /home/***/.dbt --project-dir /opt/***/proj']
[2024-03-29T00:00:05.857+0000] {subprocess.py:86} INFO - Output:
[2024-03-29T00:00:12.060+0000] {subprocess.py:93} INFO - [0m00:00:12  Running with dbt=1.7.10
[2024-03-29T00:00:12.972+0000] {subprocess.py:93} INFO - [0m00:00:12  Registered adapter: postgres=1.7.10
[2024-03-29T00:00:13.776+0000] {subprocess.py:93} INFO - [0m00:00:13  Unable to do partial parsing because of a version mismatch
[2024-03-29T00:00:52.469+0000] {subprocess.py:93} INFO - [0m00:00:52  Found 34 models, 2 operations, 5 tests, 1 source, 0 exposures, 0 metrics, 1407 macros, 0 groups, 0 semantic models
[2024-03-29T00:00:52.486+0000] {subprocess.py:93} INFO - [0m00:00:52
[2024-03-29T00:00:53.147+0000] {subprocess.py:93} INFO - [0m00:00:53
[2024-03-29T00:00:53.148+0000] {subprocess.py:93} INFO - [0m00:00:53  Running 1 on-run-start hook
[2024-03-29T00:00:53.287+0000] {subprocess.py:93} INFO - [0m00:00:53  1 of 1 START hook: elementary.on-run-start.0 ................................... [RUN]
[2024-03-29T00:00:53.290+0000] {subprocess.py:93} INFO - [0m00:00:53  1 of 1 OK hook: elementary.on-run-start.0 ...................................... [[32mOK[0m in 0.00s]
[2024-03-29T00:00:53.292+0000] {subprocess.py:93} INFO - [0m00:00:53
[2024-03-29T00:00:53.298+0000] {subprocess.py:93} INFO - [0m00:00:53  Concurrency: 1 threads (target='dev')
[2024-03-29T00:00:53.300+0000] {subprocess.py:93} INFO - [0m00:00:53
[2024-03-29T00:00:53.315+0000] {subprocess.py:93} INFO - [0m00:00:53  1 of 2 START sql table model public.my_first_dbt_model ......................... [RUN]
[2024-03-29T00:00:53.873+0000] {subprocess.py:93} INFO - [0m00:00:53  1 of 2 OK created sql table model public.my_first_dbt_model .................... [[32mSELECT 2[0m in 0.55s]
[2024-03-29T00:00:53.881+0000] {subprocess.py:93} INFO - [0m00:00:53  2 of 2 START sql view model public.my_second_dbt_model ......................... [RUN]
[2024-03-29T00:00:54.179+0000] {subprocess.py:93} INFO - [0m00:00:54  2 of 2 OK created sql view model public.my_second_dbt_model .................... [[32mCREATE VIEW[0m in 0.29s]
[2024-03-29T00:00:54.279+0000] {subprocess.py:93} INFO - [0m00:00:54
[2024-03-29T00:00:54.281+0000] {subprocess.py:93} INFO - [0m00:00:54  Running 1 on-run-end hook
[2024-03-29T00:01:00.852+0000] {subprocess.py:93} INFO - [0m00:01:00  1 of 1 START hook: elementary.on-run-end.0 ..................................... [RUN]
[2024-03-29T00:01:00.855+0000] {subprocess.py:93} INFO - [0m00:01:00  1 of 1 OK hook: elementary.on-run-end.0 ........................................ [[32mOK[0m in 0.00s]
[2024-03-29T00:01:00.857+0000] {subprocess.py:93} INFO - [0m00:01:00
[2024-03-29T00:01:00.870+0000] {subprocess.py:93} INFO - [0m00:01:00
[2024-03-29T00:01:00.872+0000] {subprocess.py:93} INFO - [0m00:01:00  Finished running 1 table model, 1 view model, 2 hooks in 0 hours 0 minutes and 8.38 seconds (8.38s).
[2024-03-29T00:01:00.970+0000] {subprocess.py:93} INFO - [0m00:01:00
[2024-03-29T00:01:00.973+0000] {subprocess.py:93} INFO - [0m00:01:00  [32mCompleted successfully[0m
[2024-03-29T00:01:00.975+0000] {subprocess.py:93} INFO - [0m00:01:00
[2024-03-29T00:01:00.977+0000] {subprocess.py:93} INFO - [0m00:01:00  Done. PASS=2 WARN=0 ERROR=0 SKIP=0 TOTAL=2
[2024-03-29T00:01:02.888+0000] {subprocess.py:97} INFO - Command exited with return code 0
[2024-03-29T00:01:02.929+0000] {taskinstance.py:1138} INFO - Marking task as SUCCESS. dag_id=dag___dbt, task_id=run_model1, execution_date=20240328T000000, start_date=20240329T000005, end_date=20240329T000102
[2024-03-29T00:01:02.992+0000] {local_task_job_runner.py:234} INFO - Task exited with return code 0
[2024-03-29T00:01:03.060+0000] {taskinstance.py:3280} INFO - 1 downstream tasks scheduled from follow-on schedule check
