[2024-04-01T10:03:54.191+0000] {taskinstance.py:1956} INFO - Dependencies all met for dep_context=non-requeueable deps ti=<TaskInstance: dag___freshness.dbt_freshness_check scheduled__2024-03-16T13:00:00+00:00 [queued]>
[2024-04-01T10:03:54.241+0000] {taskinstance.py:1956} INFO - Dependencies all met for dep_context=requeueable deps ti=<TaskInstance: dag___freshness.dbt_freshness_check scheduled__2024-03-16T13:00:00+00:00 [queued]>
[2024-04-01T10:03:54.242+0000] {taskinstance.py:2170} INFO - Starting attempt 1 of 2
[2024-04-01T10:03:54.358+0000] {taskinstance.py:2191} INFO - Executing <Task(BashOperator): dbt_freshness_check> on 2024-03-16 13:00:00+00:00
[2024-04-01T10:03:54.378+0000] {standard_task_runner.py:60} INFO - Started process 1138 to run task
[2024-04-01T10:03:54.397+0000] {standard_task_runner.py:87} INFO - Running: ['***', 'tasks', 'run', 'dag___freshness', 'dbt_freshness_check', 'scheduled__2024-03-16T13:00:00+00:00', '--job-id', '177', '--raw', '--subdir', 'DAGS_FOLDER/freshness_test_dag.py', '--cfg-path', '/tmp/tmp2osi9zbz']
[2024-04-01T10:03:54.402+0000] {standard_task_runner.py:88} INFO - Job 177: Subtask dbt_freshness_check
[2024-04-01T10:03:54.592+0000] {task_command.py:423} INFO - Running <TaskInstance: dag___freshness.dbt_freshness_check scheduled__2024-03-16T13:00:00+00:00 [running]> on host 62dc842f1ceb
[2024-04-01T10:03:54.896+0000] {taskinstance.py:2480} INFO - Exporting env vars: AIRFLOW_CTX_DAG_OWNER='***' AIRFLOW_CTX_DAG_ID='dag___freshness' AIRFLOW_CTX_TASK_ID='dbt_freshness_check' AIRFLOW_CTX_EXECUTION_DATE='2024-03-16T13:00:00+00:00' AIRFLOW_CTX_TRY_NUMBER='1' AIRFLOW_CTX_DAG_RUN_ID='scheduled__2024-03-16T13:00:00+00:00'
[2024-04-01T10:03:54.901+0000] {subprocess.py:63} INFO - Tmp dir root location: /tmp
[2024-04-01T10:03:54.903+0000] {subprocess.py:75} INFO - Running command: ['/usr/bin/bash', '-c', '/home/***/.local/bin/dbt source freshness --profiles-dir /home/***/.dbt --project-dir /opt/***/proj']
[2024-04-01T10:03:54.952+0000] {subprocess.py:86} INFO - Output:
[2024-04-01T10:04:15.031+0000] {subprocess.py:93} INFO - [0m10:04:15  Running with dbt=1.7.10
[2024-04-01T10:04:17.811+0000] {subprocess.py:93} INFO - [0m10:04:17  Registered adapter: postgres=1.7.10
[2024-04-01T10:04:46.078+0000] {local_task_job_runner.py:302} WARNING - State of this instance has been externally set to removed. Terminating instance.
[2024-04-01T10:04:46.088+0000] {process_utils.py:131} INFO - Sending 15 to group 1138. PIDs of all processes in the group: [1139, 1138]
[2024-04-01T10:04:46.106+0000] {process_utils.py:86} INFO - Sending the signal 15 to group 1138
[2024-04-01T10:04:46.137+0000] {taskinstance.py:2450} ERROR - Received SIGTERM. Terminating subprocesses.
[2024-04-01T10:04:46.155+0000] {subprocess.py:104} INFO - Sending SIGTERM signal to process group
[2024-04-01T10:04:46.452+0000] {process_utils.py:79} INFO - Process psutil.Process(pid=1139, status='terminated', started='10:03:54') (1139) terminated with exit code None
[2024-04-01T10:04:46.454+0000] {process_utils.py:79} INFO - Process psutil.Process(pid=1138, status='terminated', exitcode=0, started='10:03:53') (1138) terminated with exit code 0
