[2024-04-02T11:51:51.947+0000] {taskinstance.py:1956} INFO - Dependencies all met for dep_context=non-requeueable deps ti=<TaskInstance: dag___fresh.dbt_data_quality_checks scheduled__2024-04-01T00:00:00+00:00 [queued]>
[2024-04-02T11:51:51.990+0000] {taskinstance.py:1956} INFO - Dependencies all met for dep_context=requeueable deps ti=<TaskInstance: dag___fresh.dbt_data_quality_checks scheduled__2024-04-01T00:00:00+00:00 [queued]>
[2024-04-02T11:51:51.992+0000] {taskinstance.py:2170} INFO - Starting attempt 1 of 2
[2024-04-02T11:51:52.089+0000] {taskinstance.py:2191} INFO - Executing <Task(BashOperator): dbt_data_quality_checks> on 2024-04-01 00:00:00+00:00
[2024-04-02T11:51:52.104+0000] {standard_task_runner.py:60} INFO - Started process 64 to run task
[2024-04-02T11:51:52.116+0000] {standard_task_runner.py:87} INFO - Running: ['***', 'tasks', 'run', 'dag___fresh', 'dbt_data_quality_checks', 'scheduled__2024-04-01T00:00:00+00:00', '--job-id', '337', '--raw', '--subdir', 'DAGS_FOLDER/dbt_dag.py', '--cfg-path', '/tmp/tmp8ohguldh']
[2024-04-02T11:51:52.122+0000] {standard_task_runner.py:88} INFO - Job 337: Subtask dbt_data_quality_checks
[2024-04-02T11:51:52.387+0000] {task_command.py:423} INFO - Running <TaskInstance: dag___fresh.dbt_data_quality_checks scheduled__2024-04-01T00:00:00+00:00 [running]> on host 62dc842f1ceb
[2024-04-02T11:51:52.914+0000] {taskinstance.py:2480} INFO - Exporting env vars: AIRFLOW_CTX_DAG_OWNER='***' AIRFLOW_CTX_DAG_ID='dag___fresh' AIRFLOW_CTX_TASK_ID='dbt_data_quality_checks' AIRFLOW_CTX_EXECUTION_DATE='2024-04-01T00:00:00+00:00' AIRFLOW_CTX_TRY_NUMBER='1' AIRFLOW_CTX_DAG_RUN_ID='scheduled__2024-04-01T00:00:00+00:00'
[2024-04-02T11:51:52.919+0000] {subprocess.py:63} INFO - Tmp dir root location: /tmp
[2024-04-02T11:51:52.921+0000] {subprocess.py:75} INFO - Running command: ['/usr/bin/bash', '-c', '/home/***/.local/bin/dbt source freshness --select "source:public.freshnes_test" --profiles-dir /home/***/.dbt --project-dir /opt/***/proj']
[2024-04-02T11:51:52.966+0000] {subprocess.py:86} INFO - Output:
[2024-04-02T11:52:20.498+0000] {subprocess.py:93} INFO - [0m11:52:20  Running with dbt=1.7.10
[2024-04-02T11:52:21.449+0000] {subprocess.py:93} INFO - [0m11:52:21  Registered adapter: postgres=1.7.10
[2024-04-02T11:52:25.354+0000] {subprocess.py:93} INFO - [0m11:52:25  Found 34 models, 2 operations, 5 tests, 1 source, 0 exposures, 0 metrics, 1407 macros, 0 groups, 0 semantic models
[2024-04-02T11:52:25.362+0000] {subprocess.py:93} INFO - [0m11:52:25
[2024-04-02T11:52:26.033+0000] {subprocess.py:93} INFO - [0m11:52:26  Concurrency: 1 threads (target='dev')
[2024-04-02T11:52:26.037+0000] {subprocess.py:93} INFO - [0m11:52:26
[2024-04-02T11:52:26.055+0000] {subprocess.py:93} INFO - [0m11:52:26  1 of 1 START freshness of public.freshnes_test ................................. [RUN]
[2024-04-02T11:52:26.206+0000] {subprocess.py:93} INFO - [0m11:52:26  1 of 1 PASS freshness of public.freshnes_test .................................. [[32mPASS[0m in 0.15s]
[2024-04-02T11:52:26.302+0000] {subprocess.py:93} INFO - [0m11:52:26  Done.
[2024-04-02T11:52:27.268+0000] {subprocess.py:97} INFO - Command exited with return code 0
[2024-04-02T11:52:27.306+0000] {taskinstance.py:1138} INFO - Marking task as SUCCESS. dag_id=dag___fresh, task_id=dbt_data_quality_checks, execution_date=20240401T000000, start_date=20240402T115151, end_date=20240402T115227
[2024-04-02T11:52:27.353+0000] {local_task_job_runner.py:234} INFO - Task exited with return code 0
[2024-04-02T11:52:27.400+0000] {taskinstance.py:3280} INFO - 0 downstream tasks scheduled from follow-on schedule check
