[2024-04-01T10:30:26.862+0000] {taskinstance.py:1956} INFO - Dependencies all met for dep_context=non-requeueable deps ti=<TaskInstance: dag___dbt.run_model1 manual__2024-04-01T10:30:23.429686+00:00 [queued]>
[2024-04-01T10:30:26.893+0000] {taskinstance.py:1956} INFO - Dependencies all met for dep_context=requeueable deps ti=<TaskInstance: dag___dbt.run_model1 manual__2024-04-01T10:30:23.429686+00:00 [queued]>
[2024-04-01T10:30:26.894+0000] {taskinstance.py:2170} INFO - Starting attempt 1 of 2
[2024-04-01T10:30:26.936+0000] {taskinstance.py:2191} INFO - Executing <Task(BashOperator): run_model1> on 2024-04-01 10:30:23.429686+00:00
[2024-04-01T10:30:26.952+0000] {standard_task_runner.py:60} INFO - Started process 234 to run task
[2024-04-01T10:30:26.963+0000] {standard_task_runner.py:87} INFO - Running: ['***', 'tasks', 'run', 'dag___dbt', 'run_model1', 'manual__2024-04-01T10:30:23.429686+00:00', '--job-id', '235', '--raw', '--subdir', 'DAGS_FOLDER/freshness_test_dag.py', '--cfg-path', '/tmp/tmpftio44tn']
[2024-04-01T10:30:26.970+0000] {standard_task_runner.py:88} INFO - Job 235: Subtask run_model1
[2024-04-01T10:30:27.104+0000] {task_command.py:423} INFO - Running <TaskInstance: dag___dbt.run_model1 manual__2024-04-01T10:30:23.429686+00:00 [running]> on host 62dc842f1ceb
[2024-04-01T10:30:27.375+0000] {taskinstance.py:2480} INFO - Exporting env vars: AIRFLOW_CTX_DAG_OWNER='***' AIRFLOW_CTX_DAG_ID='dag___dbt' AIRFLOW_CTX_TASK_ID='run_model1' AIRFLOW_CTX_EXECUTION_DATE='2024-04-01T10:30:23.429686+00:00' AIRFLOW_CTX_TRY_NUMBER='1' AIRFLOW_CTX_DAG_RUN_ID='manual__2024-04-01T10:30:23.429686+00:00'
[2024-04-01T10:30:27.379+0000] {subprocess.py:63} INFO - Tmp dir root location: /tmp
[2024-04-01T10:30:27.381+0000] {subprocess.py:75} INFO - Running command: ['/usr/bin/bash', '-c', '/home/***/.local/bin/dbt run --models my_first_dbt_model my_second_dbt_model  --profiles-dir /home/***/.dbt --project-dir /opt/***/proj']
[2024-04-01T10:30:27.402+0000] {subprocess.py:86} INFO - Output:
[2024-04-01T10:30:34.909+0000] {subprocess.py:93} INFO - [0m10:30:34  Running with dbt=1.7.10
[2024-04-01T10:30:35.626+0000] {subprocess.py:93} INFO - [0m10:30:35  Registered adapter: postgres=1.7.10
[2024-04-01T10:30:46.546+0000] {subprocess.py:93} INFO - [0m10:30:46  Found 34 models, 2 operations, 5 tests, 1 source, 0 exposures, 0 metrics, 1407 macros, 0 groups, 0 semantic models
[2024-04-01T10:30:46.557+0000] {subprocess.py:93} INFO - [0m10:30:46
[2024-04-01T10:30:47.259+0000] {subprocess.py:93} INFO - [0m10:30:47
[2024-04-01T10:30:47.261+0000] {subprocess.py:93} INFO - [0m10:30:47  Running 1 on-run-start hook
[2024-04-01T10:30:47.385+0000] {subprocess.py:93} INFO - [0m10:30:47  1 of 1 START hook: elementary.on-run-start.0 ................................... [RUN]
[2024-04-01T10:30:47.387+0000] {subprocess.py:93} INFO - [0m10:30:47  1 of 1 OK hook: elementary.on-run-start.0 ...................................... [[32mOK[0m in 0.00s]
[2024-04-01T10:30:47.389+0000] {subprocess.py:93} INFO - [0m10:30:47
[2024-04-01T10:30:47.394+0000] {subprocess.py:93} INFO - [0m10:30:47  Concurrency: 1 threads (target='dev')
[2024-04-01T10:30:47.396+0000] {subprocess.py:93} INFO - [0m10:30:47
[2024-04-01T10:30:47.412+0000] {subprocess.py:93} INFO - [0m10:30:47  1 of 2 START sql table model public.my_first_dbt_model ......................... [RUN]
[2024-04-01T10:30:47.971+0000] {subprocess.py:93} INFO - [0m10:30:47  1 of 2 OK created sql table model public.my_first_dbt_model .................... [[32mSELECT 2[0m in 0.55s]
[2024-04-01T10:30:47.978+0000] {subprocess.py:93} INFO - [0m10:30:47  2 of 2 START sql view model public.my_second_dbt_model ......................... [RUN]
[2024-04-01T10:30:48.240+0000] {subprocess.py:93} INFO - [0m10:30:48  2 of 2 OK created sql view model public.my_second_dbt_model .................... [[32mCREATE VIEW[0m in 0.26s]
[2024-04-01T10:30:48.323+0000] {subprocess.py:93} INFO - [0m10:30:48
[2024-04-01T10:30:48.324+0000] {subprocess.py:93} INFO - [0m10:30:48  Running 1 on-run-end hook
[2024-04-01T10:30:51.395+0000] {subprocess.py:93} INFO - [0m10:30:51  1 of 1 START hook: elementary.on-run-end.0 ..................................... [RUN]
[2024-04-01T10:30:51.397+0000] {subprocess.py:93} INFO - [0m10:30:51  1 of 1 OK hook: elementary.on-run-end.0 ........................................ [[32mOK[0m in 0.00s]
[2024-04-01T10:30:51.399+0000] {subprocess.py:93} INFO - [0m10:30:51
[2024-04-01T10:30:51.407+0000] {subprocess.py:93} INFO - [0m10:30:51
[2024-04-01T10:30:51.409+0000] {subprocess.py:93} INFO - [0m10:30:51  Finished running 1 table model, 1 view model, 2 hooks in 0 hours 0 minutes and 4.85 seconds (4.85s).
[2024-04-01T10:30:51.527+0000] {subprocess.py:93} INFO - [0m10:30:51
[2024-04-01T10:30:51.529+0000] {subprocess.py:93} INFO - [0m10:30:51  [32mCompleted successfully[0m
[2024-04-01T10:30:51.532+0000] {subprocess.py:93} INFO - [0m10:30:51
[2024-04-01T10:30:51.534+0000] {subprocess.py:93} INFO - [0m10:30:51  Done. PASS=2 WARN=0 ERROR=0 SKIP=0 TOTAL=2
[2024-04-01T10:30:52.410+0000] {subprocess.py:97} INFO - Command exited with return code 0
[2024-04-01T10:30:52.443+0000] {taskinstance.py:1138} INFO - Marking task as SUCCESS. dag_id=dag___dbt, task_id=run_model1, execution_date=20240401T103023, start_date=20240401T103026, end_date=20240401T103052
[2024-04-01T10:30:52.478+0000] {local_task_job_runner.py:234} INFO - Task exited with return code 0
[2024-04-01T10:30:52.515+0000] {taskinstance.py:3280} INFO - 1 downstream tasks scheduled from follow-on schedule check
