[2024-04-01T10:03:46.075+0000] {taskinstance.py:1956} INFO - Dependencies all met for dep_context=non-requeueable deps ti=<TaskInstance: dag___freshness.dbt_freshness_check scheduled__2024-03-16T10:00:00+00:00 [queued]>
[2024-04-01T10:03:46.129+0000] {taskinstance.py:1956} INFO - Dependencies all met for dep_context=requeueable deps ti=<TaskInstance: dag___freshness.dbt_freshness_check scheduled__2024-03-16T10:00:00+00:00 [queued]>
[2024-04-01T10:03:46.130+0000] {taskinstance.py:2170} INFO - Starting attempt 1 of 2
[2024-04-01T10:03:46.171+0000] {taskinstance.py:2191} INFO - Executing <Task(BashOperator): dbt_freshness_check> on 2024-03-16 10:00:00+00:00
[2024-04-01T10:03:46.185+0000] {standard_task_runner.py:60} INFO - Started process 1110 to run task
[2024-04-01T10:03:46.208+0000] {standard_task_runner.py:87} INFO - Running: ['***', 'tasks', 'run', 'dag___freshness', 'dbt_freshness_check', 'scheduled__2024-03-16T10:00:00+00:00', '--job-id', '172', '--raw', '--subdir', 'DAGS_FOLDER/freshness_test_dag.py', '--cfg-path', '/tmp/tmp6kwd4kyd']
[2024-04-01T10:03:46.219+0000] {standard_task_runner.py:88} INFO - Job 172: Subtask dbt_freshness_check
[2024-04-01T10:03:46.422+0000] {task_command.py:423} INFO - Running <TaskInstance: dag___freshness.dbt_freshness_check scheduled__2024-03-16T10:00:00+00:00 [running]> on host 62dc842f1ceb
[2024-04-01T10:03:46.699+0000] {taskinstance.py:2480} INFO - Exporting env vars: AIRFLOW_CTX_DAG_OWNER='***' AIRFLOW_CTX_DAG_ID='dag___freshness' AIRFLOW_CTX_TASK_ID='dbt_freshness_check' AIRFLOW_CTX_EXECUTION_DATE='2024-03-16T10:00:00+00:00' AIRFLOW_CTX_TRY_NUMBER='1' AIRFLOW_CTX_DAG_RUN_ID='scheduled__2024-03-16T10:00:00+00:00'
[2024-04-01T10:03:46.707+0000] {subprocess.py:63} INFO - Tmp dir root location: /tmp
[2024-04-01T10:03:46.725+0000] {subprocess.py:75} INFO - Running command: ['/usr/bin/bash', '-c', '/home/***/.local/bin/dbt source freshness --profiles-dir /home/***/.dbt --project-dir /opt/***/proj']
[2024-04-01T10:03:46.795+0000] {subprocess.py:86} INFO - Output:
[2024-04-01T10:04:05.646+0000] {subprocess.py:93} INFO - [0m10:04:05  Running with dbt=1.7.10
[2024-04-01T10:04:08.858+0000] {subprocess.py:93} INFO - [0m10:04:08  Registered adapter: postgres=1.7.10
[2024-04-01T10:04:46.190+0000] {subprocess.py:93} INFO - [0m10:04:46  Found 34 models, 2 operations, 5 tests, 1 source, 0 exposures, 0 metrics, 1407 macros, 0 groups, 0 semantic models
[2024-04-01T10:04:46.238+0000] {subprocess.py:93} INFO - [0m10:04:46
[2024-04-01T10:04:47.575+0000] {local_task_job_runner.py:302} WARNING - State of this instance has been externally set to removed. Terminating instance.
[2024-04-01T10:04:47.637+0000] {process_utils.py:131} INFO - Sending 15 to group 1110. PIDs of all processes in the group: [1111, 1110]
[2024-04-01T10:04:47.647+0000] {process_utils.py:86} INFO - Sending the signal 15 to group 1110
[2024-04-01T10:04:47.648+0000] {taskinstance.py:2450} ERROR - Received SIGTERM. Terminating subprocesses.
[2024-04-01T10:04:47.650+0000] {subprocess.py:104} INFO - Sending SIGTERM signal to process group
[2024-04-01T10:04:48.371+0000] {process_utils.py:79} INFO - Process psutil.Process(pid=1110, status='terminated', exitcode=0, started='10:03:45') (1110) terminated with exit code 0
[2024-04-01T10:04:48.373+0000] {process_utils.py:79} INFO - Process psutil.Process(pid=1111, status='terminated', started='10:03:45') (1111) terminated with exit code None
