[2024-04-01T09:55:20.794+0000] {taskinstance.py:1956} INFO - Dependencies all met for dep_context=non-requeueable deps ti=<TaskInstance: dag___dbt.run_model1 scheduled__2024-03-30T11:00:00+00:00 [queued]>
[2024-04-01T09:55:20.847+0000] {taskinstance.py:1956} INFO - Dependencies all met for dep_context=requeueable deps ti=<TaskInstance: dag___dbt.run_model1 scheduled__2024-03-30T11:00:00+00:00 [queued]>
[2024-04-01T09:55:20.848+0000] {taskinstance.py:2170} INFO - Starting attempt 1 of 2
[2024-04-01T09:55:20.908+0000] {taskinstance.py:2191} INFO - Executing <Task(BashOperator): run_model1> on 2024-03-30 11:00:00+00:00
[2024-04-01T09:55:20.919+0000] {standard_task_runner.py:60} INFO - Started process 558 to run task
[2024-04-01T09:55:20.926+0000] {standard_task_runner.py:87} INFO - Running: ['***', 'tasks', 'run', 'dag___dbt', 'run_model1', 'scheduled__2024-03-30T11:00:00+00:00', '--job-id', '111', '--raw', '--subdir', 'DAGS_FOLDER/freshness_test_dag.py', '--cfg-path', '/tmp/tmp1imvwbuq']
[2024-04-01T09:55:20.932+0000] {standard_task_runner.py:88} INFO - Job 111: Subtask run_model1
[2024-04-01T09:55:21.055+0000] {task_command.py:423} INFO - Running <TaskInstance: dag___dbt.run_model1 scheduled__2024-03-30T11:00:00+00:00 [running]> on host 62dc842f1ceb
[2024-04-01T09:55:21.286+0000] {taskinstance.py:2480} INFO - Exporting env vars: AIRFLOW_CTX_DAG_OWNER='***' AIRFLOW_CTX_DAG_ID='dag___dbt' AIRFLOW_CTX_TASK_ID='run_model1' AIRFLOW_CTX_EXECUTION_DATE='2024-03-30T11:00:00+00:00' AIRFLOW_CTX_TRY_NUMBER='1' AIRFLOW_CTX_DAG_RUN_ID='scheduled__2024-03-30T11:00:00+00:00'
[2024-04-01T09:55:21.291+0000] {subprocess.py:63} INFO - Tmp dir root location: /tmp
[2024-04-01T09:55:21.306+0000] {subprocess.py:75} INFO - Running command: ['/usr/bin/bash', '-c', '/home/***/.local/bin/dbt run --models my_first_dbt_model --profiles-dir /home/***/.dbt --project-dir /opt/***/proj']
[2024-04-01T09:55:21.354+0000] {subprocess.py:86} INFO - Output:
[2024-04-01T09:55:33.246+0000] {subprocess.py:93} INFO - [0m09:55:33  Running with dbt=1.7.10
[2024-04-01T09:55:36.219+0000] {subprocess.py:93} INFO - [0m09:55:36  Registered adapter: postgres=1.7.10
[2024-04-01T09:55:56.949+0000] {subprocess.py:93} INFO - [0m09:55:56  Found 34 models, 2 operations, 5 tests, 1 source, 0 exposures, 0 metrics, 1407 macros, 0 groups, 0 semantic models
[2024-04-01T09:55:56.961+0000] {subprocess.py:93} INFO - [0m09:55:56
[2024-04-01T09:55:58.280+0000] {subprocess.py:93} INFO - [0m09:55:58
[2024-04-01T09:55:58.282+0000] {subprocess.py:93} INFO - [0m09:55:58  Running 1 on-run-start hook
[2024-04-01T09:55:58.533+0000] {subprocess.py:93} INFO - [0m09:55:58  1 of 1 START hook: elementary.on-run-start.0 ................................... [RUN]
[2024-04-01T09:55:58.537+0000] {subprocess.py:93} INFO - [0m09:55:58  1 of 1 OK hook: elementary.on-run-start.0 ...................................... [[32mOK[0m in 0.00s]
[2024-04-01T09:55:58.539+0000] {subprocess.py:93} INFO - [0m09:55:58
[2024-04-01T09:55:58.546+0000] {subprocess.py:93} INFO - [0m09:55:58  Concurrency: 1 threads (target='dev')
[2024-04-01T09:55:58.557+0000] {subprocess.py:93} INFO - [0m09:55:58
[2024-04-01T09:55:58.589+0000] {subprocess.py:93} INFO - [0m09:55:58  1 of 1 START sql table model public.my_first_dbt_model ......................... [RUN]
[2024-04-01T09:55:59.881+0000] {subprocess.py:93} INFO - [0m09:55:59  1 of 1 OK created sql table model public.my_first_dbt_model .................... [[32mSELECT 2[0m in 1.28s]
[2024-04-01T09:56:00.091+0000] {subprocess.py:93} INFO - [0m09:56:00
[2024-04-01T09:56:00.096+0000] {subprocess.py:93} INFO - [0m09:56:00  Running 1 on-run-end hook
[2024-04-01T09:56:09.441+0000] {subprocess.py:93} INFO - [0m09:56:09  1 of 1 START hook: elementary.on-run-end.0 ..................................... [RUN]
[2024-04-01T09:56:09.450+0000] {subprocess.py:93} INFO - [0m09:56:09  1 of 1 OK hook: elementary.on-run-end.0 ........................................ [[32mOK[0m in 0.00s]
[2024-04-01T09:56:09.456+0000] {subprocess.py:93} INFO - [0m09:56:09
[2024-04-01T09:56:09.499+0000] {subprocess.py:93} INFO - [0m09:56:09
[2024-04-01T09:56:09.505+0000] {subprocess.py:93} INFO - [0m09:56:09  Finished running 1 table model, 2 hooks in 0 hours 0 minutes and 12.53 seconds (12.53s).
[2024-04-01T09:56:09.841+0000] {subprocess.py:93} INFO - [0m09:56:09
[2024-04-01T09:56:09.848+0000] {subprocess.py:93} INFO - [0m09:56:09  [32mCompleted successfully[0m
[2024-04-01T09:56:09.852+0000] {subprocess.py:93} INFO - [0m09:56:09
[2024-04-01T09:56:09.857+0000] {subprocess.py:93} INFO - [0m09:56:09  Done. PASS=1 WARN=0 ERROR=0 SKIP=0 TOTAL=1
[2024-04-01T09:56:11.406+0000] {subprocess.py:97} INFO - Command exited with return code 0
[2024-04-01T09:56:11.501+0000] {taskinstance.py:1138} INFO - Marking task as SUCCESS. dag_id=dag___dbt, task_id=run_model1, execution_date=20240330T110000, start_date=20240401T095520, end_date=20240401T095611
[2024-04-01T09:56:11.644+0000] {local_task_job_runner.py:234} INFO - Task exited with return code 0
[2024-04-01T09:56:11.738+0000] {taskinstance.py:3280} INFO - 1 downstream tasks scheduled from follow-on schedule check
