[2024-03-28T09:46:48.482+0000] {taskinstance.py:1956} INFO - Dependencies all met for dep_context=non-requeueable deps ti=<TaskInstance: dag___dbt.elementary_reports_generation scheduled__2024-03-27T00:00:00+00:00 [queued]>
[2024-03-28T09:46:48.495+0000] {taskinstance.py:1956} INFO - Dependencies all met for dep_context=requeueable deps ti=<TaskInstance: dag___dbt.elementary_reports_generation scheduled__2024-03-27T00:00:00+00:00 [queued]>
[2024-03-28T09:46:48.496+0000] {taskinstance.py:2170} INFO - Starting attempt 1 of 2
[2024-03-28T09:46:48.518+0000] {taskinstance.py:2191} INFO - Executing <Task(BashOperator): elementary_reports_generation> on 2024-03-27 00:00:00+00:00
[2024-03-28T09:46:48.527+0000] {standard_task_runner.py:60} INFO - Started process 11510 to run task
[2024-03-28T09:46:48.532+0000] {standard_task_runner.py:87} INFO - Running: ['***', 'tasks', 'run', 'dag___dbt', 'elementary_reports_generation', 'scheduled__2024-03-27T00:00:00+00:00', '--job-id', '66', '--raw', '--subdir', 'DAGS_FOLDER/dbt_dag.py', '--cfg-path', '/tmp/tmppmu6e4ye']
[2024-03-28T09:46:48.536+0000] {standard_task_runner.py:88} INFO - Job 66: Subtask elementary_reports_generation
[2024-03-28T09:46:48.602+0000] {task_command.py:423} INFO - Running <TaskInstance: dag___dbt.elementary_reports_generation scheduled__2024-03-27T00:00:00+00:00 [running]> on host 62dc842f1ceb
[2024-03-28T09:46:48.717+0000] {taskinstance.py:2480} INFO - Exporting env vars: AIRFLOW_CTX_DAG_OWNER='***' AIRFLOW_CTX_DAG_ID='dag___dbt' AIRFLOW_CTX_TASK_ID='elementary_reports_generation' AIRFLOW_CTX_EXECUTION_DATE='2024-03-27T00:00:00+00:00' AIRFLOW_CTX_TRY_NUMBER='1' AIRFLOW_CTX_DAG_RUN_ID='scheduled__2024-03-27T00:00:00+00:00'
[2024-03-28T09:46:48.721+0000] {subprocess.py:63} INFO - Tmp dir root location: /tmp
[2024-03-28T09:46:48.723+0000] {subprocess.py:75} INFO - Running command: ['/usr/bin/bash', '-c', '/home/***/.local/bin/edr report']
[2024-03-28T09:46:48.741+0000] {subprocess.py:86} INFO - Output:
[2024-03-28T09:46:51.621+0000] {subprocess.py:93} INFO -     ________                          __
[2024-03-28T09:46:51.622+0000] {subprocess.py:93} INFO -    / ____/ /__  ____ ___  ___  ____  / /_____ ________  __
[2024-03-28T09:46:51.623+0000] {subprocess.py:93} INFO -   / __/ / / _ \/ __ `__ \/ _ \/ __ \/ __/ __ `/ ___/ / / /
[2024-03-28T09:46:51.624+0000] {subprocess.py:93} INFO -  / /___/ /  __/ / / / / /  __/ / / / /_/ /_/ / /  / /_/ /
[2024-03-28T09:46:51.624+0000] {subprocess.py:93} INFO - /_____/_/\___/_/ /_/ /_/\___/_/ /_/\__/\__,_/_/   \__, /
[2024-03-28T09:46:51.625+0000] {subprocess.py:93} INFO -                                                  /____/
[2024-03-28T09:46:51.626+0000] {subprocess.py:93} INFO - 
[2024-03-28T09:46:51.957+0000] {subprocess.py:93} INFO - Any feedback and suggestions are welcomed! join our community here - https://bit.ly/slack-elementary
[2024-03-28T09:46:51.959+0000] {subprocess.py:93} INFO - 
[2024-03-28T09:46:51.960+0000] {subprocess.py:93} INFO - 2024-03-28 09:46:51 — INFO — Running with edr=0.14.1
[2024-03-28T09:47:08.826+0000] {subprocess.py:93} INFO - 2024-03-28 09:47:08 — INFO — edr (0.14.1) and Elementary's dbt package (0.14.1) are compatible.
[2024-03-28T09:47:17.856+0000] {subprocess.py:93} INFO - 2024-03-28 09:47:17 — INFO — Elementary's database and schema: '"postgres.public_elementary"'
[2024-03-28T09:47:17.858+0000] {subprocess.py:93} INFO - 2024-03-28 09:47:17 — INFO — Running dbt --log-format json run-operation elementary.log_macro_results --args {"macro_name": "elementary_cli.get_test_results", "macro_args": {"days_back": 7, "invocations_per_test": 720, "disable_passed_test_metrics": false}} --project-dir /home/***/.local/lib/python3.8/site-packages/elementary/monitor/dbt_project
[2024-03-28T09:47:27.009+0000] {subprocess.py:93} INFO - 2024-03-28 09:47:27 — INFO — Running dbt --log-format json run-operation elementary.log_macro_results --args {"macro_name": "elementary_cli.get_source_freshness_results", "macro_args": {"days_back": 7, "invocations_per_test": 720}} --project-dir /home/***/.local/lib/python3.8/site-packages/elementary/monitor/dbt_project
[2024-03-28T09:47:35.771+0000] {subprocess.py:93} INFO - 2024-03-28 09:47:35 — INFO — Running dbt --log-format json run-operation elementary.log_macro_results --args {"macro_name": "elementary_cli.get_models", "macro_args": {"exclude_elementary": true}} --project-dir /home/***/.local/lib/python3.8/site-packages/elementary/monitor/dbt_project
[2024-03-28T09:47:44.307+0000] {subprocess.py:93} INFO - 2024-03-28 09:47:44 — INFO — Running dbt --log-format json run-operation elementary.log_macro_results --args {"macro_name": "elementary_cli.get_sources", "macro_args": {}} --project-dir /home/***/.local/lib/python3.8/site-packages/elementary/monitor/dbt_project
[2024-03-28T09:47:52.958+0000] {subprocess.py:93} INFO - 2024-03-28 09:47:52 — INFO — Running dbt --log-format json run-operation elementary.log_macro_results --args {"macro_name": "elementary_cli.get_exposures", "macro_args": {}} --project-dir /home/***/.local/lib/python3.8/site-packages/elementary/monitor/dbt_project
[2024-03-28T09:48:03.061+0000] {subprocess.py:93} INFO - 2024-03-28 09:48:03 — INFO — Running dbt --log-format json run-operation elementary.log_macro_results --args {"macro_name": "elementary_cli.get_models_runs", "macro_args": {"days_back": 7, "exclude_elementary": true}} --project-dir /home/***/.local/lib/python3.8/site-packages/elementary/monitor/dbt_project
[2024-03-28T09:48:11.821+0000] {subprocess.py:93} INFO - 2024-03-28 09:48:11 — INFO — Running dbt --log-format json run-operation elementary.log_macro_results --args {"macro_name": "elementary_cli.get_dbt_models_test_coverage", "macro_args": {}} --project-dir /home/***/.local/lib/python3.8/site-packages/elementary/monitor/dbt_project
[2024-03-28T09:48:20.417+0000] {subprocess.py:93} INFO - 2024-03-28 09:48:20 — INFO — Running dbt --log-format json run-operation elementary.log_macro_results --args {"macro_name": "elementary_cli.get_nodes_depends_on_nodes", "macro_args": {"exclude_elementary": true}} --project-dir /home/***/.local/lib/python3.8/site-packages/elementary/monitor/dbt_project
[2024-03-28T09:48:28.846+0000] {subprocess.py:93} INFO - 2024-03-28 09:48:28 — INFO — Running dbt --log-format json run-operation elementary.log_macro_results --args {"macro_name": "elementary_cli.get_models_latest_invocation", "macro_args": {}} --project-dir /home/***/.local/lib/python3.8/site-packages/elementary/monitor/dbt_project
[2024-03-28T09:48:39.012+0000] {subprocess.py:93} INFO - 2024-03-28 09:48:39 — INFO — Running dbt --log-format json run-operation elementary.log_macro_results --args {"macro_name": "elementary_cli.get_models_latest_invocations_data", "macro_args": {}} --project-dir /home/***/.local/lib/python3.8/site-packages/elementary/monitor/dbt_project
[2024-03-28T09:48:48.373+0000] {subprocess.py:97} INFO - Command exited with return code 0
[2024-03-28T09:48:48.415+0000] {taskinstance.py:1138} INFO - Marking task as SUCCESS. dag_id=dag___dbt, task_id=elementary_reports_generation, execution_date=20240327T000000, start_date=20240328T094648, end_date=20240328T094848
[2024-03-28T09:48:48.470+0000] {local_task_job_runner.py:234} INFO - Task exited with return code 0
[2024-03-28T09:48:48.493+0000] {taskinstance.py:3280} INFO - 0 downstream tasks scheduled from follow-on schedule check
