[2024-03-25T12:31:35.444+0000] {taskinstance.py:1956} INFO - Dependencies all met for dep_context=non-requeueable deps ti=<TaskInstance: dag___dbt.elementary_reports_generation manual__2024-03-25T12:24:46.758421+00:00 [queued]>
[2024-03-25T12:31:35.482+0000] {taskinstance.py:1956} INFO - Dependencies all met for dep_context=requeueable deps ti=<TaskInstance: dag___dbt.elementary_reports_generation manual__2024-03-25T12:24:46.758421+00:00 [queued]>
[2024-03-25T12:31:35.484+0000] {taskinstance.py:2170} INFO - Starting attempt 1 of 2
[2024-03-25T12:31:35.545+0000] {taskinstance.py:2191} INFO - Executing <Task(BashOperator): elementary_reports_generation> on 2024-03-25 12:24:46.758421+00:00
[2024-03-25T12:31:35.559+0000] {standard_task_runner.py:60} INFO - Started process 925 to run task
[2024-03-25T12:31:35.568+0000] {standard_task_runner.py:87} INFO - Running: ['***', 'tasks', 'run', 'dag___dbt', 'elementary_reports_generation', 'manual__2024-03-25T12:24:46.758421+00:00', '--job-id', '49', '--raw', '--subdir', 'DAGS_FOLDER/dbt_dag.py', '--cfg-path', '/tmp/tmpsmvj2rt_']
[2024-03-25T12:31:35.580+0000] {standard_task_runner.py:88} INFO - Job 49: Subtask elementary_reports_generation
[2024-03-25T12:31:35.867+0000] {task_command.py:423} INFO - Running <TaskInstance: dag___dbt.elementary_reports_generation manual__2024-03-25T12:24:46.758421+00:00 [running]> on host 62dc842f1ceb
[2024-03-25T12:31:36.631+0000] {taskinstance.py:2480} INFO - Exporting env vars: AIRFLOW_CTX_DAG_OWNER='***' AIRFLOW_CTX_DAG_ID='dag___dbt' AIRFLOW_CTX_TASK_ID='elementary_reports_generation' AIRFLOW_CTX_EXECUTION_DATE='2024-03-25T12:24:46.758421+00:00' AIRFLOW_CTX_TRY_NUMBER='1' AIRFLOW_CTX_DAG_RUN_ID='manual__2024-03-25T12:24:46.758421+00:00'
[2024-03-25T12:31:36.650+0000] {subprocess.py:63} INFO - Tmp dir root location: /tmp
[2024-03-25T12:31:36.665+0000] {subprocess.py:75} INFO - Running command: ['/usr/bin/bash', '-c', '/home/***/.local/bin/edr report']
[2024-03-25T12:31:36.724+0000] {subprocess.py:86} INFO - Output:
[2024-03-25T12:31:48.145+0000] {subprocess.py:93} INFO -     ________                          __
[2024-03-25T12:31:48.146+0000] {subprocess.py:93} INFO -    / ____/ /__  ____ ___  ___  ____  / /_____ ________  __
[2024-03-25T12:31:48.147+0000] {subprocess.py:93} INFO -   / __/ / / _ \/ __ `__ \/ _ \/ __ \/ __/ __ `/ ___/ / / /
[2024-03-25T12:31:48.148+0000] {subprocess.py:93} INFO -  / /___/ /  __/ / / / / /  __/ / / / /_/ /_/ / /  / /_/ /
[2024-03-25T12:31:48.149+0000] {subprocess.py:93} INFO - /_____/_/\___/_/ /_/ /_/\___/_/ /_/\__/\__,_/_/   \__, /
[2024-03-25T12:31:48.150+0000] {subprocess.py:93} INFO -                                                  /____/
[2024-03-25T12:31:48.151+0000] {subprocess.py:93} INFO - 
[2024-03-25T12:31:48.408+0000] {subprocess.py:93} INFO - Any feedback and suggestions are welcomed! join our community here - https://bit.ly/slack-elementary
[2024-03-25T12:31:48.410+0000] {subprocess.py:93} INFO - 
[2024-03-25T12:31:48.411+0000] {subprocess.py:93} INFO - 2024-03-25 12:31:48 — INFO — Running with edr=0.14.1
[2024-03-25T12:31:48.434+0000] {subprocess.py:93} INFO - 2024-03-25 12:31:48 — INFO — Installing packages for edr internal dbt package...
[2024-03-25T12:31:48.435+0000] {subprocess.py:93} INFO - 2024-03-25 12:31:48 — INFO — Running dbt --log-format json deps --project-dir /home/***/.local/lib/python3.8/site-packages/elementary/monitor/dbt_project
[2024-03-25T12:32:04.938+0000] {subprocess.py:93} INFO - 2024-03-25 12:32:04 — INFO — Running with dbt=1.7.10
[2024-03-25T12:32:04.940+0000] {subprocess.py:93} INFO - 2024-03-25 12:32:04 — INFO — Updating lock file in file path: /home/***/.local/lib/python3.8/site-packages/elementary/monitor/dbt_project/package-lock.yml
[2024-03-25T12:32:04.941+0000] {subprocess.py:93} INFO - 2024-03-25 12:32:04 — INFO — Installing dbt-labs/dbt_utils
[2024-03-25T12:32:04.942+0000] {subprocess.py:93} INFO - 2024-03-25 12:32:04 — INFO — Installed from version 0.8.6
[2024-03-25T12:32:04.943+0000] {subprocess.py:93} INFO - 2024-03-25 12:32:04 — INFO — Updated version available: 1.1.1
[2024-03-25T12:32:04.945+0000] {subprocess.py:93} INFO - 2024-03-25 12:32:04 — INFO — Installing elementary-data/elementary
[2024-03-25T12:32:04.946+0000] {subprocess.py:93} INFO - 2024-03-25 12:32:04 — INFO — Installed from version 0.14.1
[2024-03-25T12:32:04.947+0000] {subprocess.py:93} INFO - 2024-03-25 12:32:04 — INFO — Up to date!
[2024-03-25T12:32:04.948+0000] {subprocess.py:93} INFO - 2024-03-25 12:32:04 — INFO —
[2024-03-25T12:32:04.949+0000] {subprocess.py:93} INFO - 2024-03-25 12:32:04 — INFO — Updates available for packages: ['dbt-labs/dbt_utils']
[2024-03-25T12:32:04.950+0000] {subprocess.py:93} INFO - Update your versions in packages.yml, then run dbt deps
[2024-03-25T12:33:01.445+0000] {subprocess.py:93} INFO - 2024-03-25 12:33:01 — INFO — edr (0.14.1) and Elementary's dbt package (0.14.1) are compatible.
[2024-03-25T12:33:14.713+0000] {subprocess.py:93} INFO - 2024-03-25 12:33:14 — INFO — Elementary's database and schema: '"postgres.public_elementary"'
[2024-03-25T12:33:14.715+0000] {subprocess.py:93} INFO - 2024-03-25 12:33:14 — INFO — Running dbt --log-format json run-operation elementary.log_macro_results --args {"macro_name": "elementary_cli.get_test_results", "macro_args": {"days_back": 7, "invocations_per_test": 720, "disable_passed_test_metrics": false}} --project-dir /home/***/.local/lib/python3.8/site-packages/elementary/monitor/dbt_project
[2024-03-25T12:33:27.062+0000] {subprocess.py:93} INFO - 2024-03-25 12:33:27 — INFO — Running dbt --log-format json run-operation elementary.log_macro_results --args {"macro_name": "elementary_cli.get_source_freshness_results", "macro_args": {"days_back": 7, "invocations_per_test": 720}} --project-dir /home/***/.local/lib/python3.8/site-packages/elementary/monitor/dbt_project
[2024-03-25T12:33:41.833+0000] {subprocess.py:93} INFO - 2024-03-25 12:33:41 — INFO — Running dbt --log-format json run-operation elementary.log_macro_results --args {"macro_name": "elementary_cli.get_models", "macro_args": {"exclude_elementary": true}} --project-dir /home/***/.local/lib/python3.8/site-packages/elementary/monitor/dbt_project
[2024-03-25T12:34:03.403+0000] {subprocess.py:93} INFO - 2024-03-25 12:34:03 — INFO — Running dbt --log-format json run-operation elementary.log_macro_results --args {"macro_name": "elementary_cli.get_sources", "macro_args": {}} --project-dir /home/***/.local/lib/python3.8/site-packages/elementary/monitor/dbt_project
[2024-03-25T12:34:30.474+0000] {subprocess.py:93} INFO - 2024-03-25 12:34:30 — INFO — Running dbt --log-format json run-operation elementary.log_macro_results --args {"macro_name": "elementary_cli.get_exposures", "macro_args": {}} --project-dir /home/***/.local/lib/python3.8/site-packages/elementary/monitor/dbt_project
[2024-03-25T12:34:47.339+0000] {subprocess.py:93} INFO - 2024-03-25 12:34:47 — INFO — Running dbt --log-format json run-operation elementary.log_macro_results --args {"macro_name": "elementary_cli.get_models_runs", "macro_args": {"days_back": 7, "exclude_elementary": true}} --project-dir /home/***/.local/lib/python3.8/site-packages/elementary/monitor/dbt_project
[2024-03-25T12:35:02.678+0000] {subprocess.py:93} INFO - 2024-03-25 12:35:02 — INFO — Running dbt --log-format json run-operation elementary.log_macro_results --args {"macro_name": "elementary_cli.get_dbt_models_test_coverage", "macro_args": {}} --project-dir /home/***/.local/lib/python3.8/site-packages/elementary/monitor/dbt_project
[2024-03-25T12:35:19.503+0000] {subprocess.py:93} INFO - 2024-03-25 12:35:19 — INFO — Running dbt --log-format json run-operation elementary.log_macro_results --args {"macro_name": "elementary_cli.get_nodes_depends_on_nodes", "macro_args": {"exclude_elementary": true}} --project-dir /home/***/.local/lib/python3.8/site-packages/elementary/monitor/dbt_project
[2024-03-25T12:35:39.806+0000] {subprocess.py:93} INFO - 2024-03-25 12:35:39 — INFO — Running dbt --log-format json run-operation elementary.log_macro_results --args {"macro_name": "elementary_cli.get_models_latest_invocation", "macro_args": {}} --project-dir /home/***/.local/lib/python3.8/site-packages/elementary/monitor/dbt_project
[2024-03-25T12:36:01.253+0000] {subprocess.py:93} INFO - 2024-03-25 12:36:01 — INFO — Running dbt --log-format json run-operation elementary.log_macro_results --args {"macro_name": "elementary_cli.get_models_latest_invocations_data", "macro_args": {}} --project-dir /home/***/.local/lib/python3.8/site-packages/elementary/monitor/dbt_project
[2024-03-25T12:36:26.298+0000] {subprocess.py:97} INFO - Command exited with return code 0
[2024-03-25T12:36:26.539+0000] {taskinstance.py:1138} INFO - Marking task as SUCCESS. dag_id=dag___dbt, task_id=elementary_reports_generation, execution_date=20240325T122446, start_date=20240325T123135, end_date=20240325T123626
[2024-03-25T12:36:26.700+0000] {local_task_job_runner.py:234} INFO - Task exited with return code 0
[2024-03-25T12:36:26.953+0000] {taskinstance.py:3280} INFO - 0 downstream tasks scheduled from follow-on schedule check
