[2024-04-03T10:59:34.534+0000] {taskinstance.py:1956} INFO - Dependencies all met for dep_context=non-requeueable deps ti=<TaskInstance: dag___fresh.dbt_data_quality_checks manual__2024-04-03T10:59:30.848114+00:00 [queued]>
[2024-04-03T10:59:34.552+0000] {taskinstance.py:1956} INFO - Dependencies all met for dep_context=requeueable deps ti=<TaskInstance: dag___fresh.dbt_data_quality_checks manual__2024-04-03T10:59:30.848114+00:00 [queued]>
[2024-04-03T10:59:34.552+0000] {taskinstance.py:2170} INFO - Starting attempt 1 of 2
[2024-04-03T10:59:34.577+0000] {taskinstance.py:2191} INFO - Executing <Task(BashOperator): dbt_data_quality_checks> on 2024-04-03 10:59:30.848114+00:00
[2024-04-03T10:59:34.588+0000] {standard_task_runner.py:60} INFO - Started process 2115 to run task
[2024-04-03T10:59:34.594+0000] {standard_task_runner.py:87} INFO - Running: ['***', 'tasks', 'run', 'dag___fresh', 'dbt_data_quality_checks', 'manual__2024-04-03T10:59:30.848114+00:00', '--job-id', '356', '--raw', '--subdir', 'DAGS_FOLDER/dbt_dag.py', '--cfg-path', '/tmp/tmp2wq99id2']
[2024-04-03T10:59:34.600+0000] {standard_task_runner.py:88} INFO - Job 356: Subtask dbt_data_quality_checks
[2024-04-03T10:59:34.697+0000] {task_command.py:423} INFO - Running <TaskInstance: dag___fresh.dbt_data_quality_checks manual__2024-04-03T10:59:30.848114+00:00 [running]> on host 62dc842f1ceb
[2024-04-03T10:59:34.871+0000] {taskinstance.py:2480} INFO - Exporting env vars: AIRFLOW_CTX_DAG_OWNER='***' AIRFLOW_CTX_DAG_ID='dag___fresh' AIRFLOW_CTX_TASK_ID='dbt_data_quality_checks' AIRFLOW_CTX_EXECUTION_DATE='2024-04-03T10:59:30.848114+00:00' AIRFLOW_CTX_TRY_NUMBER='1' AIRFLOW_CTX_DAG_RUN_ID='manual__2024-04-03T10:59:30.848114+00:00'
[2024-04-03T10:59:34.874+0000] {subprocess.py:63} INFO - Tmp dir root location: /tmp
[2024-04-03T10:59:34.875+0000] {subprocess.py:75} INFO - Running command: ['/usr/bin/bash', '-c', '/home/***/.local/bin/dbt source freshness --select "source:public.freshnes_test" --profiles-dir /home/***/.dbt --project-dir /opt/***/proj']
[2024-04-03T10:59:34.894+0000] {subprocess.py:86} INFO - Output:
[2024-04-03T10:59:40.194+0000] {subprocess.py:93} INFO - [0m10:59:40  Running with dbt=1.7.10
[2024-04-03T10:59:40.836+0000] {subprocess.py:93} INFO - [0m10:59:40  Registered adapter: postgres=1.7.10
[2024-04-03T10:59:49.138+0000] {subprocess.py:93} INFO - [0m10:59:49  Found 34 models, 2 operations, 5 tests, 1 source, 0 exposures, 0 metrics, 1407 macros, 0 groups, 0 semantic models
[2024-04-03T10:59:49.144+0000] {subprocess.py:93} INFO - [0m10:59:49
[2024-04-03T10:59:49.666+0000] {subprocess.py:93} INFO - [0m10:59:49  Concurrency: 1 threads (target='dev')
[2024-04-03T10:59:49.669+0000] {subprocess.py:93} INFO - [0m10:59:49
[2024-04-03T10:59:49.686+0000] {subprocess.py:93} INFO - [0m10:59:49  1 of 1 START freshness of public.freshnes_test ................................. [RUN]
[2024-04-03T10:59:49.818+0000] {subprocess.py:93} INFO - [0m10:59:49  1 of 1 PASS freshness of public.freshnes_test .................................. [[32mPASS[0m in 0.13s]
[2024-04-03T10:59:49.897+0000] {subprocess.py:93} INFO - [0m10:59:49  Done.
[2024-04-03T10:59:50.747+0000] {subprocess.py:97} INFO - Command exited with return code 0
[2024-04-03T10:59:50.786+0000] {taskinstance.py:1138} INFO - Marking task as SUCCESS. dag_id=dag___fresh, task_id=dbt_data_quality_checks, execution_date=20240403T105930, start_date=20240403T105934, end_date=20240403T105950
[2024-04-03T10:59:50.829+0000] {local_task_job_runner.py:234} INFO - Task exited with return code 0
[2024-04-03T10:59:50.868+0000] {taskinstance.py:3280} INFO - 1 downstream tasks scheduled from follow-on schedule check
