[2024-04-01T10:02:12.013+0000] {taskinstance.py:1956} INFO - Dependencies all met for dep_context=non-requeueable deps ti=<TaskInstance: dag___freshness.dbt_freshness_check scheduled__2024-03-15T11:00:00+00:00 [queued]>
[2024-04-01T10:02:12.200+0000] {taskinstance.py:1956} INFO - Dependencies all met for dep_context=requeueable deps ti=<TaskInstance: dag___freshness.dbt_freshness_check scheduled__2024-03-15T11:00:00+00:00 [queued]>
[2024-04-01T10:02:12.217+0000] {taskinstance.py:2170} INFO - Starting attempt 1 of 2
[2024-04-01T10:02:12.480+0000] {taskinstance.py:2191} INFO - Executing <Task(BashOperator): dbt_freshness_check> on 2024-03-15 11:00:00+00:00
[2024-04-01T10:02:12.515+0000] {standard_task_runner.py:60} INFO - Started process 1014 to run task
[2024-04-01T10:02:12.557+0000] {standard_task_runner.py:87} INFO - Running: ['***', 'tasks', 'run', 'dag___freshness', 'dbt_freshness_check', 'scheduled__2024-03-15T11:00:00+00:00', '--job-id', '162', '--raw', '--subdir', 'DAGS_FOLDER/freshness_test_dag.py', '--cfg-path', '/tmp/tmpn27gaux5']
[2024-04-01T10:02:12.593+0000] {standard_task_runner.py:88} INFO - Job 162: Subtask dbt_freshness_check
[2024-04-01T10:02:13.383+0000] {task_command.py:423} INFO - Running <TaskInstance: dag___freshness.dbt_freshness_check scheduled__2024-03-15T11:00:00+00:00 [running]> on host 62dc842f1ceb
[2024-04-01T10:02:14.563+0000] {taskinstance.py:2480} INFO - Exporting env vars: AIRFLOW_CTX_DAG_OWNER='***' AIRFLOW_CTX_DAG_ID='dag___freshness' AIRFLOW_CTX_TASK_ID='dbt_freshness_check' AIRFLOW_CTX_EXECUTION_DATE='2024-03-15T11:00:00+00:00' AIRFLOW_CTX_TRY_NUMBER='1' AIRFLOW_CTX_DAG_RUN_ID='scheduled__2024-03-15T11:00:00+00:00'
[2024-04-01T10:02:14.586+0000] {subprocess.py:63} INFO - Tmp dir root location: /tmp
[2024-04-01T10:02:14.590+0000] {subprocess.py:75} INFO - Running command: ['/usr/bin/bash', '-c', '/home/***/.local/bin/dbt source freshness --profiles-dir /home/***/.dbt --project-dir /opt/***/proj']
[2024-04-01T10:02:14.676+0000] {subprocess.py:86} INFO - Output:
[2024-04-01T10:03:08.488+0000] {subprocess.py:93} INFO - [0m10:03:08  Running with dbt=1.7.10
[2024-04-01T10:03:12.402+0000] {subprocess.py:93} INFO - [0m10:03:12  Registered adapter: postgres=1.7.10
[2024-04-01T10:03:35.153+0000] {subprocess.py:93} INFO - [0m10:03:35  Found 34 models, 2 operations, 5 tests, 1 source, 0 exposures, 0 metrics, 1407 macros, 0 groups, 0 semantic models
[2024-04-01T10:03:35.189+0000] {subprocess.py:93} INFO - [0m10:03:35
[2024-04-01T10:03:36.471+0000] {subprocess.py:93} INFO - [0m10:03:36  Concurrency: 1 threads (target='dev')
[2024-04-01T10:03:36.475+0000] {subprocess.py:93} INFO - [0m10:03:36
[2024-04-01T10:03:36.504+0000] {subprocess.py:93} INFO - [0m10:03:36  1 of 1 START freshness of public.freshnes_test ................................. [RUN]
[2024-04-01T10:03:37.042+0000] {subprocess.py:93} INFO - [0m10:03:37  1 of 1 PASS freshness of public.freshnes_test .................................. [[32mPASS[0m in 0.53s]
[2024-04-01T10:03:37.412+0000] {subprocess.py:93} INFO - [0m10:03:37  Done.
[2024-04-01T10:03:38.952+0000] {subprocess.py:97} INFO - Command exited with return code 0
[2024-04-01T10:03:39.038+0000] {taskinstance.py:1138} INFO - Marking task as SUCCESS. dag_id=dag___freshness, task_id=dbt_freshness_check, execution_date=20240315T110000, start_date=20240401T100212, end_date=20240401T100339
[2024-04-01T10:03:39.134+0000] {local_task_job_runner.py:234} INFO - Task exited with return code 0
[2024-04-01T10:03:39.185+0000] {taskinstance.py:3280} INFO - 0 downstream tasks scheduled from follow-on schedule check
