[2024-04-01T10:06:31.845+0000] {taskinstance.py:1956} INFO - Dependencies all met for dep_context=non-requeueable deps ti=<TaskInstance: dag___freshness.dbt_data_quality_checks scheduled__2024-03-15T07:00:00+00:00 [queued]>
[2024-04-01T10:06:31.866+0000] {taskinstance.py:1956} INFO - Dependencies all met for dep_context=requeueable deps ti=<TaskInstance: dag___freshness.dbt_data_quality_checks scheduled__2024-03-15T07:00:00+00:00 [queued]>
[2024-04-01T10:06:31.867+0000] {taskinstance.py:2170} INFO - Starting attempt 1 of 2
[2024-04-01T10:06:31.900+0000] {taskinstance.py:2191} INFO - Executing <Task(BashOperator): dbt_data_quality_checks> on 2024-03-15 07:00:00+00:00
[2024-04-01T10:06:31.915+0000] {standard_task_runner.py:60} INFO - Started process 1324 to run task
[2024-04-01T10:06:31.922+0000] {standard_task_runner.py:87} INFO - Running: ['***', 'tasks', 'run', 'dag___freshness', 'dbt_data_quality_checks', 'scheduled__2024-03-15T07:00:00+00:00', '--job-id', '196', '--raw', '--subdir', 'DAGS_FOLDER/freshness_test_dag.py', '--cfg-path', '/tmp/tmp2gdfvtjo']
[2024-04-01T10:06:31.929+0000] {standard_task_runner.py:88} INFO - Job 196: Subtask dbt_data_quality_checks
[2024-04-01T10:06:32.052+0000] {task_command.py:423} INFO - Running <TaskInstance: dag___freshness.dbt_data_quality_checks scheduled__2024-03-15T07:00:00+00:00 [running]> on host 62dc842f1ceb
[2024-04-01T10:06:32.279+0000] {taskinstance.py:2480} INFO - Exporting env vars: AIRFLOW_CTX_DAG_OWNER='***' AIRFLOW_CTX_DAG_ID='dag___freshness' AIRFLOW_CTX_TASK_ID='dbt_data_quality_checks' AIRFLOW_CTX_EXECUTION_DATE='2024-03-15T07:00:00+00:00' AIRFLOW_CTX_TRY_NUMBER='1' AIRFLOW_CTX_DAG_RUN_ID='scheduled__2024-03-15T07:00:00+00:00'
[2024-04-01T10:06:32.284+0000] {subprocess.py:63} INFO - Tmp dir root location: /tmp
[2024-04-01T10:06:32.287+0000] {subprocess.py:75} INFO - Running command: ['/usr/bin/bash', '-c', '/home/***/.local/bin/dbt test --profiles-dir /home/***/.dbt --project-dir /opt/***/proj']
[2024-04-01T10:06:32.309+0000] {subprocess.py:86} INFO - Output:
[2024-04-01T10:06:45.079+0000] {subprocess.py:93} INFO - [0m10:06:45  Running with dbt=1.7.10
[2024-04-01T10:06:46.389+0000] {subprocess.py:93} INFO - [0m10:06:46  Registered adapter: postgres=1.7.10
[2024-04-01T10:07:02.084+0000] {subprocess.py:93} INFO - [0m10:07:02  Found 34 models, 2 operations, 5 tests, 1 source, 0 exposures, 0 metrics, 1407 macros, 0 groups, 0 semantic models
[2024-04-01T10:07:02.115+0000] {subprocess.py:93} INFO - [0m10:07:02
[2024-04-01T10:07:03.564+0000] {subprocess.py:93} INFO - [0m10:07:03
[2024-04-01T10:07:03.576+0000] {subprocess.py:93} INFO - [0m10:07:03  Running 1 on-run-start hook
[2024-04-01T10:07:03.940+0000] {subprocess.py:93} INFO - [0m10:07:03  1 of 1 START hook: elementary.on-run-start.0 ................................... [RUN]
[2024-04-01T10:07:03.944+0000] {subprocess.py:93} INFO - [0m10:07:03  1 of 1 OK hook: elementary.on-run-start.0 ...................................... [[32mOK[0m in 0.00s]
[2024-04-01T10:07:03.947+0000] {subprocess.py:93} INFO - [0m10:07:03
[2024-04-01T10:07:03.955+0000] {subprocess.py:93} INFO - [0m10:07:03  Concurrency: 1 threads (target='dev')
[2024-04-01T10:07:03.958+0000] {subprocess.py:93} INFO - [0m10:07:03
[2024-04-01T10:07:03.996+0000] {subprocess.py:93} INFO - [0m10:07:03  1 of 5 START test elementary_freshness_anomalies_raw_orders_creation_date ...... [RUN]
[2024-04-01T10:07:05.951+0000] {subprocess.py:93} INFO - [0m10:07:05  Elementary: Started running data monitors on: POSTGRES.PUBLIC.RAW_ORDERS
[2024-04-01T10:07:07.881+0000] {subprocess.py:93} INFO - [0m10:07:07  Elementary: Finished running data monitors on: POSTGRES.PUBLIC.RAW_ORDERS
[2024-04-01T10:07:11.044+0000] {subprocess.py:93} INFO - [0m10:07:11  1 of 5 PASS elementary_freshness_anomalies_raw_orders_creation_date ............ [[32mPASS[0m in 7.04s]
[2024-04-01T10:07:11.068+0000] {subprocess.py:93} INFO - [0m10:07:11  2 of 5 START test not_null_my_second_dbt_model_id .............................. [RUN]
[2024-04-01T10:07:11.955+0000] {subprocess.py:93} INFO - [0m10:07:11  2 of 5 PASS not_null_my_second_dbt_model_id .................................... [[32mPASS[0m in 0.88s]
[2024-04-01T10:07:11.970+0000] {subprocess.py:93} INFO - [0m10:07:11  3 of 5 START test not_null_raw_orders_creation_date ............................ [RUN]
[2024-04-01T10:07:12.497+0000] {subprocess.py:93} INFO - [0m10:07:12  3 of 5 PASS not_null_raw_orders_creation_date .................................. [[32mPASS[0m in 0.52s]
[2024-04-01T10:07:12.520+0000] {subprocess.py:93} INFO - [0m10:07:12  4 of 5 START test unique_my_first_dbt_model_id ................................. [RUN]
[2024-04-01T10:07:13.365+0000] {subprocess.py:93} INFO - [0m10:07:13  4 of 5 PASS unique_my_first_dbt_model_id ....................................... [[32mPASS[0m in 0.84s]
[2024-04-01T10:07:13.384+0000] {subprocess.py:93} INFO - [0m10:07:13  5 of 5 START test unique_my_second_dbt_model_id ................................ [RUN]
[2024-04-01T10:07:14.511+0000] {subprocess.py:93} INFO - [0m10:07:14  5 of 5 PASS unique_my_second_dbt_model_id ...................................... [[32mPASS[0m in 1.12s]
[2024-04-01T10:07:14.731+0000] {subprocess.py:93} INFO - [0m10:07:14
[2024-04-01T10:07:14.756+0000] {subprocess.py:93} INFO - [0m10:07:14  Running 1 on-run-end hook
[2024-04-01T10:07:28.508+0000] {subprocess.py:93} INFO - [0m10:07:28  1 of 1 START hook: elementary.on-run-end.0 ..................................... [RUN]
[2024-04-01T10:07:28.521+0000] {subprocess.py:93} INFO - [0m10:07:28  1 of 1 OK hook: elementary.on-run-end.0 ........................................ [[32mOK[0m in 0.00s]
[2024-04-01T10:07:28.533+0000] {subprocess.py:93} INFO - [0m10:07:28
[2024-04-01T10:07:28.604+0000] {subprocess.py:93} INFO - [0m10:07:28
[2024-04-01T10:07:28.622+0000] {subprocess.py:93} INFO - [0m10:07:28  Finished running 5 tests, 2 hooks in 0 hours 0 minutes and 26.48 seconds (26.48s).
[2024-04-01T10:07:28.914+0000] {subprocess.py:93} INFO - [0m10:07:28
[2024-04-01T10:07:28.924+0000] {subprocess.py:93} INFO - [0m10:07:28  [32mCompleted successfully[0m
[2024-04-01T10:07:28.930+0000] {subprocess.py:93} INFO - [0m10:07:28
[2024-04-01T10:07:28.934+0000] {subprocess.py:93} INFO - [0m10:07:28  Done. PASS=5 WARN=0 ERROR=0 SKIP=0 TOTAL=5
[2024-04-01T10:07:30.272+0000] {subprocess.py:97} INFO - Command exited with return code 0
[2024-04-01T10:07:30.340+0000] {taskinstance.py:1138} INFO - Marking task as SUCCESS. dag_id=dag___freshness, task_id=dbt_data_quality_checks, execution_date=20240315T070000, start_date=20240401T100631, end_date=20240401T100730
[2024-04-01T10:07:30.892+0000] {local_task_job_runner.py:234} INFO - Task exited with return code 0
[2024-04-01T10:07:31.001+0000] {taskinstance.py:3280} INFO - 1 downstream tasks scheduled from follow-on schedule check
