[2024-04-01T10:09:39.447+0000] {taskinstance.py:1956} INFO - Dependencies all met for dep_context=non-requeueable deps ti=<TaskInstance: freshness___dbt.run_model1 scheduled__2024-03-21T00:00:00+00:00 [queued]>
[2024-04-01T10:09:39.485+0000] {taskinstance.py:1956} INFO - Dependencies all met for dep_context=requeueable deps ti=<TaskInstance: freshness___dbt.run_model1 scheduled__2024-03-21T00:00:00+00:00 [queued]>
[2024-04-01T10:09:39.492+0000] {taskinstance.py:2170} INFO - Starting attempt 1 of 2
[2024-04-01T10:09:39.584+0000] {taskinstance.py:2191} INFO - Executing <Task(BashOperator): run_model1> on 2024-03-21 00:00:00+00:00
[2024-04-01T10:09:39.604+0000] {standard_task_runner.py:87} INFO - Running: ['***', 'tasks', 'run', 'freshness___dbt', 'run_model1', 'scheduled__2024-03-21T00:00:00+00:00', '--job-id', '213', '--raw', '--subdir', 'DAGS_FOLDER/freshness_dag.py', '--cfg-path', '/tmp/tmpwqknygoi']
[2024-04-01T10:09:39.594+0000] {standard_task_runner.py:60} INFO - Started process 1493 to run task
[2024-04-01T10:09:39.622+0000] {standard_task_runner.py:88} INFO - Job 213: Subtask run_model1
[2024-04-01T10:09:39.861+0000] {task_command.py:423} INFO - Running <TaskInstance: freshness___dbt.run_model1 scheduled__2024-03-21T00:00:00+00:00 [running]> on host 62dc842f1ceb
[2024-04-01T10:09:40.385+0000] {taskinstance.py:2480} INFO - Exporting env vars: AIRFLOW_CTX_DAG_OWNER='***' AIRFLOW_CTX_DAG_ID='freshness___dbt' AIRFLOW_CTX_TASK_ID='run_model1' AIRFLOW_CTX_EXECUTION_DATE='2024-03-21T00:00:00+00:00' AIRFLOW_CTX_TRY_NUMBER='1' AIRFLOW_CTX_DAG_RUN_ID='scheduled__2024-03-21T00:00:00+00:00'
[2024-04-01T10:09:40.395+0000] {subprocess.py:63} INFO - Tmp dir root location: /tmp
[2024-04-01T10:09:40.408+0000] {subprocess.py:75} INFO - Running command: ['/usr/bin/bash', '-c', '/home/***/.local/bin/dbt run --models  --profiles-dir /home/***/.dbt --project-dir /opt/***/proj']
[2024-04-01T10:09:40.515+0000] {subprocess.py:86} INFO - Output:
[2024-04-01T10:10:11.808+0000] {subprocess.py:93} INFO - [0m10:10:11  Running with dbt=1.7.10
[2024-04-01T10:10:16.298+0000] {subprocess.py:93} INFO - [0m10:10:16  Registered adapter: postgres=1.7.10
[2024-04-01T10:10:18.364+0000] {subprocess.py:93} INFO - [0m10:10:18  Encountered an error:
[2024-04-01T10:10:18.365+0000] {subprocess.py:93} INFO - [Errno 5] Input/output error: '/opt/***/proj/models/example/schema2.yml'
[2024-04-01T10:10:18.371+0000] {subprocess.py:93} INFO - [0m10:10:18  Traceback (most recent call last):
[2024-04-01T10:10:18.372+0000] {subprocess.py:93} INFO -   File "/home/***/.local/lib/python3.8/site-packages/dbt/cli/requires.py", line 91, in wrapper
[2024-04-01T10:10:18.377+0000] {subprocess.py:93} INFO -     result, success = func(*args, **kwargs)
[2024-04-01T10:10:18.378+0000] {subprocess.py:93} INFO -   File "/home/***/.local/lib/python3.8/site-packages/dbt/cli/requires.py", line 76, in wrapper
[2024-04-01T10:10:18.381+0000] {subprocess.py:93} INFO -     return func(*args, **kwargs)
[2024-04-01T10:10:18.383+0000] {subprocess.py:93} INFO -   File "/home/***/.local/lib/python3.8/site-packages/dbt/cli/requires.py", line 169, in wrapper
[2024-04-01T10:10:18.387+0000] {subprocess.py:93} INFO -     return func(*args, **kwargs)
[2024-04-01T10:10:18.395+0000] {subprocess.py:93} INFO -   File "/home/***/.local/lib/python3.8/site-packages/dbt/cli/requires.py", line 198, in wrapper
[2024-04-01T10:10:18.406+0000] {subprocess.py:93} INFO -     return func(*args, **kwargs)
[2024-04-01T10:10:18.409+0000] {subprocess.py:93} INFO -   File "/home/***/.local/lib/python3.8/site-packages/dbt/cli/requires.py", line 245, in wrapper
[2024-04-01T10:10:18.410+0000] {subprocess.py:93} INFO -     return func(*args, **kwargs)
[2024-04-01T10:10:18.410+0000] {subprocess.py:93} INFO -   File "/home/***/.local/lib/python3.8/site-packages/dbt/cli/requires.py", line 271, in wrapper
[2024-04-01T10:10:18.411+0000] {subprocess.py:93} INFO -     ctx.obj["manifest"] = parse_manifest(
[2024-04-01T10:10:18.412+0000] {subprocess.py:93} INFO -   File "/home/***/.local/lib/python3.8/site-packages/dbt/parser/manifest.py", line 1798, in parse_manifest
[2024-04-01T10:10:18.413+0000] {subprocess.py:93} INFO -     manifest = ManifestLoader.get_full_manifest(
[2024-04-01T10:10:18.414+0000] {subprocess.py:93} INFO -   File "/home/***/.local/lib/python3.8/site-packages/dbt/parser/manifest.py", line 318, in get_full_manifest
[2024-04-01T10:10:18.415+0000] {subprocess.py:93} INFO -     manifest = loader.load()
[2024-04-01T10:10:18.425+0000] {subprocess.py:93} INFO -   File "/home/***/.local/lib/python3.8/site-packages/dbt/parser/manifest.py", line 365, in load
[2024-04-01T10:10:18.432+0000] {subprocess.py:93} INFO -     file_reader.read_files()
[2024-04-01T10:10:18.433+0000] {subprocess.py:93} INFO -   File "/home/***/.local/lib/python3.8/site-packages/dbt/parser/read_files.py", line 203, in read_files
[2024-04-01T10:10:18.435+0000] {subprocess.py:93} INFO -     self.read_files_for_project(project, file_types)
[2024-04-01T10:10:18.436+0000] {subprocess.py:93} INFO -   File "/home/***/.local/lib/python3.8/site-packages/dbt/parser/read_files.py", line 210, in read_files_for_project
[2024-04-01T10:10:18.455+0000] {subprocess.py:93} INFO -     project_files[file_type_info["parser"]] = read_files_for_parser(
[2024-04-01T10:10:18.465+0000] {subprocess.py:93} INFO -   File "/home/***/.local/lib/python3.8/site-packages/dbt/parser/read_files.py", line 158, in read_files_for_parser
[2024-04-01T10:10:18.466+0000] {subprocess.py:93} INFO -     source_files = get_source_files(
[2024-04-01T10:10:18.466+0000] {subprocess.py:93} INFO -   File "/home/***/.local/lib/python3.8/site-packages/dbt/parser/read_files.py", line 134, in get_source_files
[2024-04-01T10:10:18.467+0000] {subprocess.py:93} INFO -     fp_list = filesystem_search(project, paths, extension, ignore_spec)
[2024-04-01T10:10:18.468+0000] {subprocess.py:93} INFO -   File "/home/***/.local/lib/python3.8/site-packages/dbt/parser/search.py", line 74, in filesystem_search
[2024-04-01T10:10:18.470+0000] {subprocess.py:93} INFO -     for result in find_matching(root, relative_dirs, ext, ignore_spec):
[2024-04-01T10:10:18.470+0000] {subprocess.py:93} INFO -   File "/home/***/.local/lib/python3.8/site-packages/dbt/clients/system.py", line 79, in find_matching
[2024-04-01T10:10:18.472+0000] {subprocess.py:93} INFO -     modification_time = os.path.getmtime(absolute_path)
[2024-04-01T10:10:18.474+0000] {subprocess.py:93} INFO -   File "/usr/local/lib/python3.8/genericpath.py", line 55, in getmtime
[2024-04-01T10:10:18.479+0000] {subprocess.py:93} INFO -     return os.stat(filename).st_mtime
[2024-04-01T10:10:18.480+0000] {subprocess.py:93} INFO - OSError: [Errno 5] Input/output error: '/opt/***/proj/models/example/schema2.yml'
[2024-04-01T10:10:18.482+0000] {subprocess.py:93} INFO - 
[2024-04-01T10:10:20.877+0000] {subprocess.py:97} INFO - Command exited with return code 2
[2024-04-01T10:10:20.930+0000] {taskinstance.py:2698} ERROR - Task failed with exception
Traceback (most recent call last):
  File "/home/airflow/.local/lib/python3.8/site-packages/airflow/models/taskinstance.py", line 433, in _execute_task
    result = execute_callable(context=context, **execute_callable_kwargs)
  File "/home/airflow/.local/lib/python3.8/site-packages/airflow/operators/bash.py", line 212, in execute
    raise AirflowException(
airflow.exceptions.AirflowException: Bash command failed. The command returned a non-zero exit code 2.
[2024-04-01T10:10:20.961+0000] {taskinstance.py:1138} INFO - Marking task as UP_FOR_RETRY. dag_id=freshness___dbt, task_id=run_model1, execution_date=20240321T000000, start_date=20240401T100939, end_date=20240401T101020
[2024-04-01T10:10:21.069+0000] {standard_task_runner.py:107} ERROR - Failed to execute job 213 for task run_model1 (Bash command failed. The command returned a non-zero exit code 2.; 1493)
[2024-04-01T10:10:21.116+0000] {local_task_job_runner.py:234} INFO - Task exited with return code 1
[2024-04-01T10:10:21.215+0000] {taskinstance.py:3280} INFO - 0 downstream tasks scheduled from follow-on schedule check
