[2024-03-25T12:08:48.141+0000] {taskinstance.py:1956} INFO - Dependencies all met for dep_context=non-requeueable deps ti=<TaskInstance: dag___dbt.run_model1 scheduled__2024-03-19T00:00:00+00:00 [queued]>
[2024-03-25T12:08:48.170+0000] {taskinstance.py:1956} INFO - Dependencies all met for dep_context=requeueable deps ti=<TaskInstance: dag___dbt.run_model1 scheduled__2024-03-19T00:00:00+00:00 [queued]>
[2024-03-25T12:08:48.188+0000] {taskinstance.py:2170} INFO - Starting attempt 1 of 2
[2024-03-25T12:08:48.271+0000] {taskinstance.py:2191} INFO - Executing <Task(BashOperator): run_model1> on 2024-03-19 00:00:00+00:00
[2024-03-25T12:08:48.286+0000] {standard_task_runner.py:60} INFO - Started process 209 to run task
[2024-03-25T12:08:48.297+0000] {standard_task_runner.py:87} INFO - Running: ['***', 'tasks', 'run', 'dag___dbt', 'run_model1', 'scheduled__2024-03-19T00:00:00+00:00', '--job-id', '11', '--raw', '--subdir', 'DAGS_FOLDER/dbt_dag.py', '--cfg-path', '/tmp/tmpqwi_9urf']
[2024-03-25T12:08:48.307+0000] {standard_task_runner.py:88} INFO - Job 11: Subtask run_model1
[2024-03-25T12:08:48.596+0000] {task_command.py:423} INFO - Running <TaskInstance: dag___dbt.run_model1 scheduled__2024-03-19T00:00:00+00:00 [running]> on host 62dc842f1ceb
[2024-03-25T12:08:49.520+0000] {taskinstance.py:2480} INFO - Exporting env vars: AIRFLOW_CTX_DAG_OWNER='***' AIRFLOW_CTX_DAG_ID='dag___dbt' AIRFLOW_CTX_TASK_ID='run_model1' AIRFLOW_CTX_EXECUTION_DATE='2024-03-19T00:00:00+00:00' AIRFLOW_CTX_TRY_NUMBER='1' AIRFLOW_CTX_DAG_RUN_ID='scheduled__2024-03-19T00:00:00+00:00'
[2024-03-25T12:08:49.546+0000] {subprocess.py:63} INFO - Tmp dir root location: /tmp
[2024-03-25T12:08:49.555+0000] {subprocess.py:75} INFO - Running command: ['/usr/bin/bash', '-c', '/home/***/.local/bin/dbt run --models my_first_dbt_model  --profiles-dir /home/***/.dbt --project-dir /opt/***/proj']
[2024-03-25T12:08:49.725+0000] {subprocess.py:86} INFO - Output:
[2024-03-25T12:08:49.740+0000] {subprocess.py:93} INFO - /usr/bin/bash: line 1: /home/***/.local/bin/dbt: No such file or directory
[2024-03-25T12:08:49.761+0000] {subprocess.py:97} INFO - Command exited with return code 127
[2024-03-25T12:08:49.842+0000] {taskinstance.py:2698} ERROR - Task failed with exception
Traceback (most recent call last):
  File "/home/airflow/.local/lib/python3.8/site-packages/airflow/models/taskinstance.py", line 433, in _execute_task
    result = execute_callable(context=context, **execute_callable_kwargs)
  File "/home/airflow/.local/lib/python3.8/site-packages/airflow/operators/bash.py", line 212, in execute
    raise AirflowException(
airflow.exceptions.AirflowException: Bash command failed. The command returned a non-zero exit code 127.
[2024-03-25T12:08:49.946+0000] {taskinstance.py:1138} INFO - Marking task as UP_FOR_RETRY. dag_id=dag___dbt, task_id=run_model1, execution_date=20240319T000000, start_date=20240325T120848, end_date=20240325T120849
[2024-03-25T12:08:49.997+0000] {standard_task_runner.py:107} ERROR - Failed to execute job 11 for task run_model1 (Bash command failed. The command returned a non-zero exit code 127.; 209)
[2024-03-25T12:08:50.078+0000] {local_task_job_runner.py:234} INFO - Task exited with return code 1
[2024-03-25T12:08:50.256+0000] {taskinstance.py:3280} INFO - 0 downstream tasks scheduled from follow-on schedule check
