[2024-04-01T10:39:23.459+0000] {taskinstance.py:1956} INFO - Dependencies all met for dep_context=non-requeueable deps ti=<TaskInstance: dag___fresh.run_model1 scheduled__2024-03-31T00:00:00+00:00 [queued]>
[2024-04-01T10:39:23.477+0000] {taskinstance.py:1956} INFO - Dependencies all met for dep_context=requeueable deps ti=<TaskInstance: dag___fresh.run_model1 scheduled__2024-03-31T00:00:00+00:00 [queued]>
[2024-04-01T10:39:23.478+0000] {taskinstance.py:2170} INFO - Starting attempt 1 of 2
[2024-04-01T10:39:23.506+0000] {taskinstance.py:2191} INFO - Executing <Task(BashOperator): run_model1> on 2024-03-31 00:00:00+00:00
[2024-04-01T10:39:23.516+0000] {standard_task_runner.py:60} INFO - Started process 609 to run task
[2024-04-01T10:39:23.523+0000] {standard_task_runner.py:87} INFO - Running: ['***', 'tasks', 'run', 'dag___fresh', 'run_model1', 'scheduled__2024-03-31T00:00:00+00:00', '--job-id', '260', '--raw', '--subdir', 'DAGS_FOLDER/dbt_dag.py', '--cfg-path', '/tmp/tmpshhis2p7']
[2024-04-01T10:39:23.529+0000] {standard_task_runner.py:88} INFO - Job 260: Subtask run_model1
[2024-04-01T10:39:23.630+0000] {task_command.py:423} INFO - Running <TaskInstance: dag___fresh.run_model1 scheduled__2024-03-31T00:00:00+00:00 [running]> on host 62dc842f1ceb
[2024-04-01T10:39:23.769+0000] {taskinstance.py:2480} INFO - Exporting env vars: AIRFLOW_CTX_DAG_OWNER='***' AIRFLOW_CTX_DAG_ID='dag___fresh' AIRFLOW_CTX_TASK_ID='run_model1' AIRFLOW_CTX_EXECUTION_DATE='2024-03-31T00:00:00+00:00' AIRFLOW_CTX_TRY_NUMBER='1' AIRFLOW_CTX_DAG_RUN_ID='scheduled__2024-03-31T00:00:00+00:00'
[2024-04-01T10:39:23.773+0000] {subprocess.py:63} INFO - Tmp dir root location: /tmp
[2024-04-01T10:39:23.776+0000] {subprocess.py:75} INFO - Running command: ['/usr/bin/bash', '-c', '/home/***/.local/bin/dbt run --models my_first_dbt_model my_second_dbt_model  --profiles-dir /home/***/.dbt --project-dir /opt/***/proj']
[2024-04-01T10:39:23.795+0000] {subprocess.py:86} INFO - Output:
[2024-04-01T10:39:31.354+0000] {subprocess.py:93} INFO - [0m10:39:31  Running with dbt=1.7.10
[2024-04-01T10:39:32.374+0000] {subprocess.py:93} INFO - [0m10:39:32  Registered adapter: postgres=1.7.10
[2024-04-01T10:39:42.701+0000] {subprocess.py:93} INFO - [0m10:39:42  Found 34 models, 2 operations, 5 tests, 1 source, 0 exposures, 0 metrics, 1407 macros, 0 groups, 0 semantic models
[2024-04-01T10:39:42.711+0000] {subprocess.py:93} INFO - [0m10:39:42
[2024-04-01T10:39:43.566+0000] {subprocess.py:93} INFO - [0m10:39:43
[2024-04-01T10:39:43.568+0000] {subprocess.py:93} INFO - [0m10:39:43  Running 1 on-run-start hook
[2024-04-01T10:39:43.704+0000] {subprocess.py:93} INFO - [0m10:39:43  1 of 1 START hook: elementary.on-run-start.0 ................................... [RUN]
[2024-04-01T10:39:43.707+0000] {subprocess.py:93} INFO - [0m10:39:43  1 of 1 OK hook: elementary.on-run-start.0 ...................................... [[32mOK[0m in 0.00s]
[2024-04-01T10:39:43.708+0000] {subprocess.py:93} INFO - [0m10:39:43
[2024-04-01T10:39:43.714+0000] {subprocess.py:93} INFO - [0m10:39:43  Concurrency: 1 threads (target='dev')
[2024-04-01T10:39:43.717+0000] {subprocess.py:93} INFO - [0m10:39:43
[2024-04-01T10:39:43.734+0000] {subprocess.py:93} INFO - [0m10:39:43  1 of 2 START sql table model public.my_first_dbt_model ......................... [RUN]
[2024-04-01T10:39:44.302+0000] {subprocess.py:93} INFO - [0m10:39:44  1 of 2 OK created sql table model public.my_first_dbt_model .................... [[32mSELECT 2[0m in 0.54s]
[2024-04-01T10:39:44.334+0000] {subprocess.py:93} INFO - [0m10:39:44  2 of 2 START sql view model public.my_second_dbt_model ......................... [RUN]
[2024-04-01T10:39:44.795+0000] {subprocess.py:93} INFO - [0m10:39:44  2 of 2 OK created sql view model public.my_second_dbt_model .................... [[32mCREATE VIEW[0m in 0.44s]
[2024-04-01T10:39:44.902+0000] {subprocess.py:93} INFO - [0m10:39:44
[2024-04-01T10:39:44.904+0000] {subprocess.py:93} INFO - [0m10:39:44  Running 1 on-run-end hook
[2024-04-01T10:39:48.082+0000] {subprocess.py:93} INFO - [0m10:39:48  1 of 1 START hook: elementary.on-run-end.0 ..................................... [RUN]
[2024-04-01T10:39:48.084+0000] {subprocess.py:93} INFO - [0m10:39:48  1 of 1 OK hook: elementary.on-run-end.0 ........................................ [[32mOK[0m in 0.00s]
[2024-04-01T10:39:48.085+0000] {subprocess.py:93} INFO - [0m10:39:48
[2024-04-01T10:39:48.094+0000] {subprocess.py:93} INFO - [0m10:39:48
[2024-04-01T10:39:48.096+0000] {subprocess.py:93} INFO - [0m10:39:48  Finished running 1 table model, 1 view model, 2 hooks in 0 hours 0 minutes and 5.38 seconds (5.38s).
[2024-04-01T10:39:48.184+0000] {subprocess.py:93} INFO - [0m10:39:48
[2024-04-01T10:39:48.186+0000] {subprocess.py:93} INFO - [0m10:39:48  [32mCompleted successfully[0m
[2024-04-01T10:39:48.187+0000] {subprocess.py:93} INFO - [0m10:39:48
[2024-04-01T10:39:48.189+0000] {subprocess.py:93} INFO - [0m10:39:48  Done. PASS=2 WARN=0 ERROR=0 SKIP=0 TOTAL=2
[2024-04-01T10:39:49.026+0000] {subprocess.py:97} INFO - Command exited with return code 0
[2024-04-01T10:39:49.074+0000] {taskinstance.py:1138} INFO - Marking task as SUCCESS. dag_id=dag___fresh, task_id=run_model1, execution_date=20240331T000000, start_date=20240401T103923, end_date=20240401T103949
[2024-04-01T10:39:49.109+0000] {local_task_job_runner.py:234} INFO - Task exited with return code 0
[2024-04-01T10:39:49.144+0000] {taskinstance.py:3280} INFO - 1 downstream tasks scheduled from follow-on schedule check
