[2024-04-01T10:36:18.279+0000] {taskinstance.py:1956} INFO - Dependencies all met for dep_context=non-requeueable deps ti=<TaskInstance: dag___fresness.run_model1 scheduled__2024-03-19T00:00:00+00:00 [queued]>
[2024-04-01T10:36:18.380+0000] {taskinstance.py:1956} INFO - Dependencies all met for dep_context=requeueable deps ti=<TaskInstance: dag___fresness.run_model1 scheduled__2024-03-19T00:00:00+00:00 [queued]>
[2024-04-01T10:36:18.382+0000] {taskinstance.py:2170} INFO - Starting attempt 1 of 2
[2024-04-01T10:36:18.548+0000] {taskinstance.py:2191} INFO - Executing <Task(BashOperator): run_model1> on 2024-03-19 00:00:00+00:00
[2024-04-01T10:36:18.568+0000] {standard_task_runner.py:60} INFO - Started process 511 to run task
[2024-04-01T10:36:18.649+0000] {standard_task_runner.py:87} INFO - Running: ['***', 'tasks', 'run', 'dag___fresness', 'run_model1', 'scheduled__2024-03-19T00:00:00+00:00', '--job-id', '249', '--raw', '--subdir', 'DAGS_FOLDER/dbt_dag.py', '--cfg-path', '/tmp/tmppwxekdn_']
[2024-04-01T10:36:18.658+0000] {standard_task_runner.py:88} INFO - Job 249: Subtask run_model1
[2024-04-01T10:36:19.112+0000] {task_command.py:423} INFO - Running <TaskInstance: dag___fresness.run_model1 scheduled__2024-03-19T00:00:00+00:00 [running]> on host 62dc842f1ceb
[2024-04-01T10:36:19.939+0000] {taskinstance.py:2480} INFO - Exporting env vars: AIRFLOW_CTX_DAG_OWNER='***' AIRFLOW_CTX_DAG_ID='dag___fresness' AIRFLOW_CTX_TASK_ID='run_model1' AIRFLOW_CTX_EXECUTION_DATE='2024-03-19T00:00:00+00:00' AIRFLOW_CTX_TRY_NUMBER='1' AIRFLOW_CTX_DAG_RUN_ID='scheduled__2024-03-19T00:00:00+00:00'
[2024-04-01T10:36:19.949+0000] {subprocess.py:63} INFO - Tmp dir root location: /tmp
[2024-04-01T10:36:19.959+0000] {subprocess.py:75} INFO - Running command: ['/usr/bin/bash', '-c', '/home/***/.local/bin/dbt run --models  --profiles-dir /home/***/.dbt --project-dir /opt/***/proj']
[2024-04-01T10:36:19.988+0000] {subprocess.py:86} INFO - Output:
[2024-04-01T10:36:57.400+0000] {subprocess.py:93} INFO - [0m10:36:57  Running with dbt=1.7.10
[2024-04-01T10:37:00.847+0000] {subprocess.py:93} INFO - [0m10:37:00  Registered adapter: postgres=1.7.10
[2024-04-01T10:37:10.034+0000] {subprocess.py:93} INFO - [0m10:37:10  Encountered an error:
[2024-04-01T10:37:10.038+0000] {subprocess.py:93} INFO - [Errno 5] Input/output error: '/opt/***/proj/dbt_packages/elementary/macros/edr/data_monitoring/data_monitors_configuration/get_column_monitors.sql'
[2024-04-01T10:37:10.045+0000] {subprocess.py:93} INFO - [0m10:37:10  Traceback (most recent call last):
[2024-04-01T10:37:10.047+0000] {subprocess.py:93} INFO -   File "/home/***/.local/lib/python3.8/site-packages/dbt/cli/requires.py", line 91, in wrapper
[2024-04-01T10:37:10.049+0000] {subprocess.py:93} INFO -     result, success = func(*args, **kwargs)
[2024-04-01T10:37:10.050+0000] {subprocess.py:93} INFO -   File "/home/***/.local/lib/python3.8/site-packages/dbt/cli/requires.py", line 76, in wrapper
[2024-04-01T10:37:10.053+0000] {subprocess.py:93} INFO -     return func(*args, **kwargs)
[2024-04-01T10:37:10.055+0000] {subprocess.py:93} INFO -   File "/home/***/.local/lib/python3.8/site-packages/dbt/cli/requires.py", line 169, in wrapper
[2024-04-01T10:37:10.057+0000] {subprocess.py:93} INFO -     return func(*args, **kwargs)
[2024-04-01T10:37:10.059+0000] {subprocess.py:93} INFO -   File "/home/***/.local/lib/python3.8/site-packages/dbt/cli/requires.py", line 198, in wrapper
[2024-04-01T10:37:10.062+0000] {subprocess.py:93} INFO -     return func(*args, **kwargs)
[2024-04-01T10:37:10.064+0000] {subprocess.py:93} INFO -   File "/home/***/.local/lib/python3.8/site-packages/dbt/cli/requires.py", line 245, in wrapper
[2024-04-01T10:37:10.066+0000] {subprocess.py:93} INFO -     return func(*args, **kwargs)
[2024-04-01T10:37:10.075+0000] {subprocess.py:93} INFO -   File "/home/***/.local/lib/python3.8/site-packages/dbt/cli/requires.py", line 271, in wrapper
[2024-04-01T10:37:10.077+0000] {subprocess.py:93} INFO -     ctx.obj["manifest"] = parse_manifest(
[2024-04-01T10:37:10.078+0000] {subprocess.py:93} INFO -   File "/home/***/.local/lib/python3.8/site-packages/dbt/parser/manifest.py", line 1798, in parse_manifest
[2024-04-01T10:37:10.083+0000] {subprocess.py:93} INFO -     manifest = ManifestLoader.get_full_manifest(
[2024-04-01T10:37:10.087+0000] {subprocess.py:93} INFO -   File "/home/***/.local/lib/python3.8/site-packages/dbt/parser/manifest.py", line 318, in get_full_manifest
[2024-04-01T10:37:10.094+0000] {subprocess.py:93} INFO -     manifest = loader.load()
[2024-04-01T10:37:10.097+0000] {subprocess.py:93} INFO -   File "/home/***/.local/lib/python3.8/site-packages/dbt/parser/manifest.py", line 365, in load
[2024-04-01T10:37:10.100+0000] {subprocess.py:93} INFO -     file_reader.read_files()
[2024-04-01T10:37:10.102+0000] {subprocess.py:93} INFO -   File "/home/***/.local/lib/python3.8/site-packages/dbt/parser/read_files.py", line 203, in read_files
[2024-04-01T10:37:10.113+0000] {subprocess.py:93} INFO -     self.read_files_for_project(project, file_types)
[2024-04-01T10:37:10.114+0000] {subprocess.py:93} INFO -   File "/home/***/.local/lib/python3.8/site-packages/dbt/parser/read_files.py", line 210, in read_files_for_project
[2024-04-01T10:37:10.116+0000] {subprocess.py:93} INFO -     project_files[file_type_info["parser"]] = read_files_for_parser(
[2024-04-01T10:37:10.118+0000] {subprocess.py:93} INFO -   File "/home/***/.local/lib/python3.8/site-packages/dbt/parser/read_files.py", line 158, in read_files_for_parser
[2024-04-01T10:37:10.130+0000] {subprocess.py:93} INFO -     source_files = get_source_files(
[2024-04-01T10:37:10.133+0000] {subprocess.py:93} INFO -   File "/home/***/.local/lib/python3.8/site-packages/dbt/parser/read_files.py", line 147, in get_source_files
[2024-04-01T10:37:10.136+0000] {subprocess.py:93} INFO -     file = load_source_file(fp, parse_file_type, project.project_name, saved_files)
[2024-04-01T10:37:10.137+0000] {subprocess.py:93} INFO -   File "/home/***/.local/lib/python3.8/site-packages/dbt/parser/read_files.py", line 75, in load_source_file
[2024-04-01T10:37:10.139+0000] {subprocess.py:93} INFO -     file_contents = load_file_contents(path.absolute_path, strip=True)
[2024-04-01T10:37:10.140+0000] {subprocess.py:93} INFO -   File "/home/***/.local/lib/python3.8/site-packages/dbt/clients/system.py", line 97, in load_file_contents
[2024-04-01T10:37:10.145+0000] {subprocess.py:93} INFO -     with open(path, "rb") as handle:
[2024-04-01T10:37:10.152+0000] {subprocess.py:93} INFO - OSError: [Errno 5] Input/output error: '/opt/***/proj/dbt_packages/elementary/macros/edr/data_monitoring/data_monitors_configuration/get_column_monitors.sql'
[2024-04-01T10:37:10.157+0000] {subprocess.py:93} INFO - 
[2024-04-01T10:37:11.683+0000] {subprocess.py:97} INFO - Command exited with return code 2
[2024-04-01T10:37:11.736+0000] {taskinstance.py:2698} ERROR - Task failed with exception
Traceback (most recent call last):
  File "/home/airflow/.local/lib/python3.8/site-packages/airflow/models/taskinstance.py", line 433, in _execute_task
    result = execute_callable(context=context, **execute_callable_kwargs)
  File "/home/airflow/.local/lib/python3.8/site-packages/airflow/operators/bash.py", line 212, in execute
    raise AirflowException(
airflow.exceptions.AirflowException: Bash command failed. The command returned a non-zero exit code 2.
[2024-04-01T10:37:11.760+0000] {taskinstance.py:1138} INFO - Marking task as UP_FOR_RETRY. dag_id=dag___fresness, task_id=run_model1, execution_date=20240319T000000, start_date=20240401T103618, end_date=20240401T103711
[2024-04-01T10:37:11.835+0000] {standard_task_runner.py:107} ERROR - Failed to execute job 249 for task run_model1 (Bash command failed. The command returned a non-zero exit code 2.; 511)
[2024-04-01T10:37:11.914+0000] {local_task_job_runner.py:234} INFO - Task exited with return code 1
[2024-04-01T10:37:12.055+0000] {taskinstance.py:3280} INFO - 0 downstream tasks scheduled from follow-on schedule check
