[0m10:29:21.960616 [debug] [MainThread]: Sending event: {'category': 'dbt', 'action': 'invocation', 'label': 'start', 'context': [<snowplow_tracker.self_describing_json.SelfDescribingJson object at 0x00000152BB7413D0>, <snowplow_tracker.self_describing_json.SelfDescribingJson object at 0x00000152BB743A10>, <snowplow_tracker.self_describing_json.SelfDescribingJson object at 0x00000152BB742ED0>]}


============================== 10:29:21.967615 | b16b95a0-52cd-4367-becd-43708b35c399 ==============================
[0m10:29:21.967615 [info ] [MainThread]: Running with dbt=1.6.6
[0m10:29:21.968615 [debug] [MainThread]: running dbt with arguments {'printer_width': '80', 'indirect_selection': 'eager', 'log_cache_events': 'False', 'write_json': 'True', 'partial_parse': 'True', 'cache_selected_only': 'False', 'profiles_dir': 'C:\\Users\\NEMO\\.dbt', 'debug': 'False', 'fail_fast': 'False', 'log_path': 'logs', 'version_check': 'True', 'warn_error': 'None', 'use_colors': 'True', 'use_experimental_parser': 'False', 'no_print': 'None', 'quiet': 'False', 'log_format': 'default', 'static_parser': 'True', 'invocation_command': 'dbt source freshness', 'warn_error_options': 'WarnErrorOptions(include=[], exclude=[])', 'target_path': 'None', 'introspect': 'True', 'send_anonymous_usage_stats': 'True'}
[0m10:29:21.969616 [error] [MainThread]: Encountered an error:
Runtime Error
  No dbt_project.yml found at expected path C:\Users\NEMO\PycharmProjects\dbt5\controller\dbt_project.yml
  Verify that each entry within packages.yml (and their transitive dependencies) contains a file named dbt_project.yml
  
[0m10:29:21.970617 [debug] [MainThread]: Command `dbt source freshness` failed at 10:29:21.970617 after 0.06 seconds
[0m10:29:21.970617 [debug] [MainThread]: Sending event: {'category': 'dbt', 'action': 'invocation', 'label': 'end', 'context': [<snowplow_tracker.self_describing_json.SelfDescribingJson object at 0x00000152BB057B00>, <snowplow_tracker.self_describing_json.SelfDescribingJson object at 0x00000152BB4E7C80>, <snowplow_tracker.self_describing_json.SelfDescribingJson object at 0x00000152BB504290>]}
[0m10:29:21.971615 [debug] [MainThread]: Flushing usage events
[0m10:29:45.747526 [debug] [MainThread]: Sending event: {'category': 'dbt', 'action': 'invocation', 'label': 'start', 'context': [<snowplow_tracker.self_describing_json.SelfDescribingJson object at 0x0000024A3A112960>, <snowplow_tracker.self_describing_json.SelfDescribingJson object at 0x0000024A3A111130>, <snowplow_tracker.self_describing_json.SelfDescribingJson object at 0x0000024A3A1130E0>]}


============================== 10:29:45.752525 | bb7ef304-8359-45f8-8c76-417cc11526e5 ==============================
[0m10:29:45.752525 [info ] [MainThread]: Running with dbt=1.6.6
[0m10:29:45.752525 [debug] [MainThread]: running dbt with arguments {'printer_width': '80', 'indirect_selection': 'eager', 'write_json': 'True', 'log_cache_events': 'False', 'partial_parse': 'True', 'cache_selected_only': 'False', 'profiles_dir': 'C:\\Users\\NEMO\\.dbt', 'version_check': 'True', 'fail_fast': 'False', 'log_path': 'logs', 'debug': 'False', 'warn_error': 'None', 'use_colors': 'True', 'use_experimental_parser': 'False', 'no_print': 'None', 'quiet': 'False', 'warn_error_options': 'WarnErrorOptions(include=[], exclude=[])', 'invocation_command': 'dbt test', 'static_parser': 'True', 'introspect': 'True', 'target_path': 'None', 'log_format': 'default', 'send_anonymous_usage_stats': 'True'}
[0m10:29:45.753564 [error] [MainThread]: Encountered an error:
Runtime Error
  No dbt_project.yml found at expected path C:\Users\NEMO\PycharmProjects\dbt5\controller\dbt_project.yml
  Verify that each entry within packages.yml (and their transitive dependencies) contains a file named dbt_project.yml
  
[0m10:29:45.754524 [debug] [MainThread]: Command `dbt test` failed at 10:29:45.754524 after 0.05 seconds
[0m10:29:45.755527 [debug] [MainThread]: Sending event: {'category': 'dbt', 'action': 'invocation', 'label': 'end', 'context': [<snowplow_tracker.self_describing_json.SelfDescribingJson object at 0x0000024A3A025700>, <snowplow_tracker.self_describing_json.SelfDescribingJson object at 0x0000024A396D2090>, <snowplow_tracker.self_describing_json.SelfDescribingJson object at 0x0000024A3A0F7DA0>]}
[0m10:29:45.755527 [debug] [MainThread]: Flushing usage events
