[2024-03-25T12:35:15.112+0000] {taskinstance.py:1956} INFO - Dependencies all met for dep_context=non-requeueable deps ti=<TaskInstance: dag___dbt.elementary_reports_generation manual__2024-03-25T12:17:02.080631+00:00 [queued]>
[2024-03-25T12:35:15.131+0000] {taskinstance.py:1956} INFO - Dependencies all met for dep_context=requeueable deps ti=<TaskInstance: dag___dbt.elementary_reports_generation manual__2024-03-25T12:17:02.080631+00:00 [queued]>
[2024-03-25T12:35:15.132+0000] {taskinstance.py:2170} INFO - Starting attempt 2 of 2
[2024-03-25T12:35:15.170+0000] {taskinstance.py:2191} INFO - Executing <Task(BashOperator): elementary_reports_generation> on 2024-03-25 12:17:02.080631+00:00
[2024-03-25T12:35:15.181+0000] {standard_task_runner.py:60} INFO - Started process 1152 to run task
[2024-03-25T12:35:15.188+0000] {standard_task_runner.py:87} INFO - Running: ['***', 'tasks', 'run', 'dag___dbt', 'elementary_reports_generation', 'manual__2024-03-25T12:17:02.080631+00:00', '--job-id', '56', '--raw', '--subdir', 'DAGS_FOLDER/dbt_dag.py', '--cfg-path', '/tmp/tmpgx2ahe0_']
[2024-03-25T12:35:15.195+0000] {standard_task_runner.py:88} INFO - Job 56: Subtask elementary_reports_generation
[2024-03-25T12:35:15.310+0000] {task_command.py:423} INFO - Running <TaskInstance: dag___dbt.elementary_reports_generation manual__2024-03-25T12:17:02.080631+00:00 [running]> on host 62dc842f1ceb
[2024-03-25T12:35:15.487+0000] {taskinstance.py:2480} INFO - Exporting env vars: AIRFLOW_CTX_DAG_OWNER='***' AIRFLOW_CTX_DAG_ID='dag___dbt' AIRFLOW_CTX_TASK_ID='elementary_reports_generation' AIRFLOW_CTX_EXECUTION_DATE='2024-03-25T12:17:02.080631+00:00' AIRFLOW_CTX_TRY_NUMBER='2' AIRFLOW_CTX_DAG_RUN_ID='manual__2024-03-25T12:17:02.080631+00:00'
[2024-03-25T12:35:15.493+0000] {subprocess.py:63} INFO - Tmp dir root location: /tmp
[2024-03-25T12:35:15.495+0000] {subprocess.py:75} INFO - Running command: ['/usr/bin/bash', '-c', '/home/***/.local/bin/edr report']
[2024-03-25T12:35:15.522+0000] {subprocess.py:86} INFO - Output:
[2024-03-25T12:35:21.433+0000] {subprocess.py:93} INFO -     ________                          __
[2024-03-25T12:35:21.435+0000] {subprocess.py:93} INFO -    / ____/ /__  ____ ___  ___  ____  / /_____ ________  __
[2024-03-25T12:35:21.440+0000] {subprocess.py:93} INFO -   / __/ / / _ \/ __ `__ \/ _ \/ __ \/ __/ __ `/ ___/ / / /
[2024-03-25T12:35:21.442+0000] {subprocess.py:93} INFO -  / /___/ /  __/ / / / / /  __/ / / / /_/ /_/ / /  / /_/ /
[2024-03-25T12:35:21.444+0000] {subprocess.py:93} INFO - /_____/_/\___/_/ /_/ /_/\___/_/ /_/\__/\__,_/_/   \__, /
[2024-03-25T12:35:21.446+0000] {subprocess.py:93} INFO -                                                  /____/
[2024-03-25T12:35:21.454+0000] {subprocess.py:93} INFO - 
[2024-03-25T12:35:21.793+0000] {subprocess.py:93} INFO - Any feedback and suggestions are welcomed! join our community here - https://bit.ly/slack-elementary
[2024-03-25T12:35:21.796+0000] {subprocess.py:93} INFO - 
[2024-03-25T12:35:21.800+0000] {subprocess.py:93} INFO - 2024-03-25 12:35:21 — INFO — Running with edr=0.14.1
[2024-03-25T12:36:04.542+0000] {subprocess.py:93} INFO - 2024-03-25 12:36:04 — INFO — edr (0.14.1) and Elementary's dbt package (0.14.1) are compatible.
[2024-03-25T12:36:27.889+0000] {subprocess.py:93} INFO - 2024-03-25 12:36:27 — INFO — Elementary's database and schema: '"postgres.public_elementary"'
[2024-03-25T12:36:27.892+0000] {subprocess.py:93} INFO - 2024-03-25 12:36:27 — INFO — Running dbt --log-format json run-operation elementary.log_macro_results --args {"macro_name": "elementary_cli.get_test_results", "macro_args": {"days_back": 7, "invocations_per_test": 720, "disable_passed_test_metrics": false}} --project-dir /home/***/.local/lib/python3.8/site-packages/elementary/monitor/dbt_project
[2024-03-25T12:36:56.022+0000] {subprocess.py:93} INFO - 2024-03-25 12:36:56 — INFO — Running dbt --log-format json run-operation elementary.log_macro_results --args {"macro_name": "elementary_cli.get_source_freshness_results", "macro_args": {"days_back": 7, "invocations_per_test": 720}} --project-dir /home/***/.local/lib/python3.8/site-packages/elementary/monitor/dbt_project
[2024-03-25T12:37:20.645+0000] {subprocess.py:93} INFO - 2024-03-25 12:37:20 — INFO — Running dbt --log-format json run-operation elementary.log_macro_results --args {"macro_name": "elementary_cli.get_models", "macro_args": {"exclude_elementary": true}} --project-dir /home/***/.local/lib/python3.8/site-packages/elementary/monitor/dbt_project
[2024-03-25T12:37:39.406+0000] {subprocess.py:93} INFO - 2024-03-25 12:37:39 — INFO — Running dbt --log-format json run-operation elementary.log_macro_results --args {"macro_name": "elementary_cli.get_sources", "macro_args": {}} --project-dir /home/***/.local/lib/python3.8/site-packages/elementary/monitor/dbt_project
[2024-03-25T12:37:57.858+0000] {subprocess.py:93} INFO - 2024-03-25 12:37:57 — INFO — Running dbt --log-format json run-operation elementary.log_macro_results --args {"macro_name": "elementary_cli.get_exposures", "macro_args": {}} --project-dir /home/***/.local/lib/python3.8/site-packages/elementary/monitor/dbt_project
[2024-03-25T12:38:10.631+0000] {subprocess.py:93} INFO - 2024-03-25 12:38:10 — INFO — Running dbt --log-format json run-operation elementary.log_macro_results --args {"macro_name": "elementary_cli.get_models_runs", "macro_args": {"days_back": 7, "exclude_elementary": true}} --project-dir /home/***/.local/lib/python3.8/site-packages/elementary/monitor/dbt_project
[2024-03-25T12:38:19.603+0000] {subprocess.py:93} INFO - 2024-03-25 12:38:19 — INFO — Running dbt --log-format json run-operation elementary.log_macro_results --args {"macro_name": "elementary_cli.get_dbt_models_test_coverage", "macro_args": {}} --project-dir /home/***/.local/lib/python3.8/site-packages/elementary/monitor/dbt_project
[2024-03-25T12:38:28.030+0000] {subprocess.py:93} INFO - 2024-03-25 12:38:28 — INFO — Running dbt --log-format json run-operation elementary.log_macro_results --args {"macro_name": "elementary_cli.get_nodes_depends_on_nodes", "macro_args": {"exclude_elementary": true}} --project-dir /home/***/.local/lib/python3.8/site-packages/elementary/monitor/dbt_project
[2024-03-25T12:38:35.465+0000] {subprocess.py:93} INFO - 2024-03-25 12:38:35 — INFO — Running dbt --log-format json run-operation elementary.log_macro_results --args {"macro_name": "elementary_cli.get_models_latest_invocation", "macro_args": {}} --project-dir /home/***/.local/lib/python3.8/site-packages/elementary/monitor/dbt_project
[2024-03-25T12:38:42.197+0000] {subprocess.py:93} INFO - 2024-03-25 12:38:42 — INFO — Running dbt --log-format json run-operation elementary.log_macro_results --args {"macro_name": "elementary_cli.get_models_latest_invocations_data", "macro_args": {}} --project-dir /home/***/.local/lib/python3.8/site-packages/elementary/monitor/dbt_project
[2024-03-25T12:38:50.446+0000] {subprocess.py:97} INFO - Command exited with return code 0
[2024-03-25T12:38:50.496+0000] {taskinstance.py:1138} INFO - Marking task as SUCCESS. dag_id=dag___dbt, task_id=elementary_reports_generation, execution_date=20240325T121702, start_date=20240325T123515, end_date=20240325T123850
[2024-03-25T12:38:50.560+0000] {local_task_job_runner.py:234} INFO - Task exited with return code 0
[2024-03-25T12:38:50.586+0000] {taskinstance.py:3280} INFO - 0 downstream tasks scheduled from follow-on schedule check
