[2024-04-04T12:03:28.651+0000] {taskinstance.py:1956} INFO - Dependencies all met for dep_context=non-requeueable deps ti=<TaskInstance: dag___fresh.dbt_data_quality_checks manual__2024-04-04T12:03:26.305262+00:00 [queued]>
[2024-04-04T12:03:28.665+0000] {taskinstance.py:1956} INFO - Dependencies all met for dep_context=requeueable deps ti=<TaskInstance: dag___fresh.dbt_data_quality_checks manual__2024-04-04T12:03:26.305262+00:00 [queued]>
[2024-04-04T12:03:28.665+0000] {taskinstance.py:2170} INFO - Starting attempt 1 of 2
[2024-04-04T12:03:28.687+0000] {taskinstance.py:2191} INFO - Executing <Task(CustomBashOperator): dbt_data_quality_checks> on 2024-04-04 12:03:26.305262+00:00
[2024-04-04T12:03:28.696+0000] {standard_task_runner.py:60} INFO - Started process 7324 to run task
[2024-04-04T12:03:28.702+0000] {standard_task_runner.py:87} INFO - Running: ['***', 'tasks', 'run', 'dag___fresh', 'dbt_data_quality_checks', 'manual__2024-04-04T12:03:26.305262+00:00', '--job-id', '417', '--raw', '--subdir', 'DAGS_FOLDER/dbt_dag.py', '--cfg-path', '/tmp/tmp1ryr5wyb']
[2024-04-04T12:03:28.708+0000] {standard_task_runner.py:88} INFO - Job 417: Subtask dbt_data_quality_checks
[2024-04-04T12:03:28.796+0000] {task_command.py:423} INFO - Running <TaskInstance: dag___fresh.dbt_data_quality_checks manual__2024-04-04T12:03:26.305262+00:00 [running]> on host 62dc842f1ceb
[2024-04-04T12:03:28.910+0000] {taskinstance.py:2480} INFO - Exporting env vars: AIRFLOW_CTX_DAG_OWNER='***' AIRFLOW_CTX_DAG_ID='dag___fresh' AIRFLOW_CTX_TASK_ID='dbt_data_quality_checks' AIRFLOW_CTX_EXECUTION_DATE='2024-04-04T12:03:26.305262+00:00' AIRFLOW_CTX_TRY_NUMBER='1' AIRFLOW_CTX_DAG_RUN_ID='manual__2024-04-04T12:03:26.305262+00:00'
[2024-04-04T12:03:48.403+0000] {logging_mixin.py:188} INFO - 12:03:33  Running with dbt=1.7.10
12:03:33  Registered adapter: postgres=1.7.10
12:03:41  Found 34 models, 2 operations, 6 tests, 1 source, 0 exposures, 0 metrics, 1407 macros, 0 groups, 0 semantic models
12:03:41  
12:03:41  
12:03:41  Running 1 on-run-start hook
12:03:42  1 of 1 START hook: elementary.on-run-start.0 ................................... [RUN]
12:03:42  1 of 1 OK hook: elementary.on-run-start.0 ...................................... [OK in 0.00s]
12:03:42  
12:03:42  Concurrency: 1 threads (target='dev')
12:03:42  
12:03:42  1 of 6 START test elementary_freshness_anomalies_raw_orders_creation_date ...... [RUN]
12:03:42  Elementary: Started running data monitors on: POSTGRES.PUBLIC.RAW_ORDERS
12:03:43  Elementary: Finished running data monitors on: POSTGRES.PUBLIC.RAW_ORDERS
12:03:43  1 of 6 PASS elementary_freshness_anomalies_raw_orders_creation_date ............ [PASS in 1.78s]
12:03:43  2 of 6 START test not_null_my_first_dbt_model_id ............................... [RUN]
12:03:44  2 of 6 FAIL 1 not_null_my_first_dbt_model_id ................................... [FAIL 1 in 0.18s]
12:03:44  3 of 6 START test not_null_my_second_dbt_model_id .............................. [RUN]
12:03:44  3 of 6 PASS not_null_my_second_dbt_model_id .................................... [PASS in 0.14s]
12:03:44  4 of 6 START test not_null_raw_orders_creation_date ............................ [RUN]
12:03:44  4 of 6 PASS not_null_raw_orders_creation_date .................................. [PASS in 0.14s]
12:03:44  5 of 6 START test unique_my_first_dbt_model_id ................................. [RUN]
12:03:44  5 of 6 PASS unique_my_first_dbt_model_id ....................................... [PASS in 0.15s]
12:03:44  6 of 6 START test unique_my_second_dbt_model_id ................................ [RUN]
12:03:44  6 of 6 PASS unique_my_second_dbt_model_id ...................................... [PASS in 0.16s]
12:03:44  
12:03:44  Running 1 on-run-end hook
12:03:47  1 of 1 START hook: elementary.on-run-end.0 ..................................... [RUN]
12:03:47  1 of 1 OK hook: elementary.on-run-end.0 ........................................ [OK in 0.00s]
12:03:47  
12:03:47  
12:03:47  Finished running 6 tests, 2 hooks in 0 hours 0 minutes and 5.97 seconds (5.97s).
12:03:47  
12:03:47  Completed with 1 error and 0 warnings:
12:03:47  
12:03:47  Failure in test not_null_my_first_dbt_model_id (models/example/schema.yml)
12:03:47    Got 1 result, configured to fail if != 0
12:03:47  
12:03:47    compiled Code at target/compiled/proj/models/example/schema.yml/not_null_my_first_dbt_model_id.sql
12:03:47  
12:03:47  Done. PASS=5 WARN=0 ERROR=1 SKIP=0 TOTAL=6
[2024-04-04T12:03:48.405+0000] {logging_mixin.py:188} INFO - elementary_freshness_anomalies_raw_orders_creation_date
[2024-04-04T12:03:48.406+0000] {logging_mixin.py:188} INFO - not_null_my_first_dbt_model_id
[2024-04-04T12:03:48.406+0000] {logging_mixin.py:188} INFO - not_null_my_second_dbt_model_id
[2024-04-04T12:03:48.407+0000] {logging_mixin.py:188} INFO - not_null_raw_orders_creation_date
[2024-04-04T12:03:48.407+0000] {logging_mixin.py:188} INFO - unique_my_first_dbt_model_id
[2024-04-04T12:03:48.408+0000] {logging_mixin.py:188} INFO - unique_my_second_dbt_model_id
[2024-04-04T12:03:48.445+0000] {taskinstance.py:1138} INFO - Marking task as SUCCESS. dag_id=dag___fresh, task_id=dbt_data_quality_checks, execution_date=20240404T120326, start_date=20240404T120328, end_date=20240404T120348
[2024-04-04T12:03:48.495+0000] {local_task_job_runner.py:234} INFO - Task exited with return code 0
[2024-04-04T12:03:48.515+0000] {taskinstance.py:3280} INFO - 1 downstream tasks scheduled from follow-on schedule check
