[2024-03-25T12:24:50.507+0000] {taskinstance.py:1956} INFO - Dependencies all met for dep_context=non-requeueable deps ti=<TaskInstance: dag___dbt.run_model1 manual__2024-03-25T12:24:46.758421+00:00 [queued]>
[2024-03-25T12:24:50.524+0000] {taskinstance.py:1956} INFO - Dependencies all met for dep_context=requeueable deps ti=<TaskInstance: dag___dbt.run_model1 manual__2024-03-25T12:24:46.758421+00:00 [queued]>
[2024-03-25T12:24:50.524+0000] {taskinstance.py:2170} INFO - Starting attempt 1 of 2
[2024-03-25T12:24:50.551+0000] {taskinstance.py:2191} INFO - Executing <Task(BashOperator): run_model1> on 2024-03-25 12:24:46.758421+00:00
[2024-03-25T12:24:50.559+0000] {standard_task_runner.py:60} INFO - Started process 671 to run task
[2024-03-25T12:24:50.565+0000] {standard_task_runner.py:87} INFO - Running: ['***', 'tasks', 'run', 'dag___dbt', 'run_model1', 'manual__2024-03-25T12:24:46.758421+00:00', '--job-id', '36', '--raw', '--subdir', 'DAGS_FOLDER/dbt_dag.py', '--cfg-path', '/tmp/tmpyt1vkzpp']
[2024-03-25T12:24:50.569+0000] {standard_task_runner.py:88} INFO - Job 36: Subtask run_model1
[2024-03-25T12:24:50.645+0000] {task_command.py:423} INFO - Running <TaskInstance: dag___dbt.run_model1 manual__2024-03-25T12:24:46.758421+00:00 [running]> on host 62dc842f1ceb
[2024-03-25T12:24:50.782+0000] {taskinstance.py:2480} INFO - Exporting env vars: AIRFLOW_CTX_DAG_OWNER='***' AIRFLOW_CTX_DAG_ID='dag___dbt' AIRFLOW_CTX_TASK_ID='run_model1' AIRFLOW_CTX_EXECUTION_DATE='2024-03-25T12:24:46.758421+00:00' AIRFLOW_CTX_TRY_NUMBER='1' AIRFLOW_CTX_DAG_RUN_ID='manual__2024-03-25T12:24:46.758421+00:00'
[2024-03-25T12:24:50.785+0000] {subprocess.py:63} INFO - Tmp dir root location: /tmp
[2024-03-25T12:24:50.786+0000] {subprocess.py:75} INFO - Running command: ['/usr/bin/bash', '-c', '/home/***/.local/bin/dbt run --models my_first_dbt_model my_second_dbt_model  --profiles-dir /home/***/.dbt --project-dir /opt/***/proj']
[2024-03-25T12:24:50.803+0000] {subprocess.py:86} INFO - Output:
[2024-03-25T12:24:58.815+0000] {subprocess.py:93} INFO - [0m12:24:58  Running with dbt=1.7.10
[2024-03-25T12:24:59.607+0000] {subprocess.py:93} INFO - [0m12:24:59  Registered adapter: postgres=1.7.10
[2024-03-25T12:25:13.076+0000] {subprocess.py:93} INFO - [0m12:25:13  Found 32 models, 2 operations, 4 tests, 0 sources, 0 exposures, 0 metrics, 1407 macros, 0 groups, 0 semantic models
[2024-03-25T12:25:13.082+0000] {subprocess.py:93} INFO - [0m12:25:13
[2024-03-25T12:25:13.667+0000] {subprocess.py:93} INFO - [0m12:25:13
[2024-03-25T12:25:13.669+0000] {subprocess.py:93} INFO - [0m12:25:13  Running 1 on-run-start hook
[2024-03-25T12:25:13.770+0000] {subprocess.py:93} INFO - [0m12:25:13  1 of 1 START hook: elementary.on-run-start.0 ................................... [RUN]
[2024-03-25T12:25:13.772+0000] {subprocess.py:93} INFO - [0m12:25:13  1 of 1 OK hook: elementary.on-run-start.0 ...................................... [[32mOK[0m in 0.00s]
[2024-03-25T12:25:13.774+0000] {subprocess.py:93} INFO - [0m12:25:13
[2024-03-25T12:25:13.778+0000] {subprocess.py:93} INFO - [0m12:25:13  Concurrency: 1 threads (target='dev')
[2024-03-25T12:25:13.780+0000] {subprocess.py:93} INFO - [0m12:25:13
[2024-03-25T12:25:13.796+0000] {subprocess.py:93} INFO - [0m12:25:13  1 of 2 START sql table model public.my_first_dbt_model ......................... [RUN]
[2024-03-25T12:25:14.441+0000] {subprocess.py:93} INFO - [0m12:25:14  1 of 2 OK created sql table model public.my_first_dbt_model .................... [[32mSELECT 2[0m in 0.64s]
[2024-03-25T12:25:14.450+0000] {subprocess.py:93} INFO - [0m12:25:14  2 of 2 START sql view model public.my_second_dbt_model ......................... [RUN]
[2024-03-25T12:25:14.736+0000] {subprocess.py:93} INFO - [0m12:25:14  2 of 2 OK created sql view model public.my_second_dbt_model .................... [[32mCREATE VIEW[0m in 0.28s]
[2024-03-25T12:25:14.850+0000] {subprocess.py:93} INFO - [0m12:25:14
[2024-03-25T12:25:14.853+0000] {subprocess.py:93} INFO - [0m12:25:14  Running 1 on-run-end hook
[2024-03-25T12:25:18.053+0000] {subprocess.py:93} INFO - [0m12:25:18  1 of 1 START hook: elementary.on-run-end.0 ..................................... [RUN]
[2024-03-25T12:25:18.055+0000] {subprocess.py:93} INFO - [0m12:25:18  1 of 1 OK hook: elementary.on-run-end.0 ........................................ [[32mOK[0m in 0.00s]
[2024-03-25T12:25:18.056+0000] {subprocess.py:93} INFO - [0m12:25:18
[2024-03-25T12:25:18.066+0000] {subprocess.py:93} INFO - [0m12:25:18
[2024-03-25T12:25:18.068+0000] {subprocess.py:93} INFO - [0m12:25:18  Finished running 1 table model, 1 view model, 2 hooks in 0 hours 0 minutes and 4.98 seconds (4.98s).
[2024-03-25T12:25:18.159+0000] {subprocess.py:93} INFO - [0m12:25:18
[2024-03-25T12:25:18.161+0000] {subprocess.py:93} INFO - [0m12:25:18  [32mCompleted successfully[0m
[2024-03-25T12:25:18.163+0000] {subprocess.py:93} INFO - [0m12:25:18
[2024-03-25T12:25:18.165+0000] {subprocess.py:93} INFO - [0m12:25:18  Done. PASS=2 WARN=0 ERROR=0 SKIP=0 TOTAL=2
[2024-03-25T12:25:19.186+0000] {subprocess.py:97} INFO - Command exited with return code 0
[2024-03-25T12:25:19.237+0000] {taskinstance.py:1138} INFO - Marking task as SUCCESS. dag_id=dag___dbt, task_id=run_model1, execution_date=20240325T122446, start_date=20240325T122450, end_date=20240325T122519
[2024-03-25T12:25:19.294+0000] {local_task_job_runner.py:234} INFO - Task exited with return code 0
[2024-03-25T12:25:19.347+0000] {taskinstance.py:3280} INFO - 1 downstream tasks scheduled from follow-on schedule check
