[2024-03-28T09:46:09.540+0000] {taskinstance.py:1956} INFO - Dependencies all met for dep_context=non-requeueable deps ti=<TaskInstance: dag___dbt.dbt_data_quality_checks scheduled__2024-03-27T00:00:00+00:00 [queued]>
[2024-03-28T09:46:09.558+0000] {taskinstance.py:1956} INFO - Dependencies all met for dep_context=requeueable deps ti=<TaskInstance: dag___dbt.dbt_data_quality_checks scheduled__2024-03-27T00:00:00+00:00 [queued]>
[2024-03-28T09:46:09.559+0000] {taskinstance.py:2170} INFO - Starting attempt 1 of 2
[2024-03-28T09:46:09.592+0000] {taskinstance.py:2191} INFO - Executing <Task(BashOperator): dbt_data_quality_checks> on 2024-03-27 00:00:00+00:00
[2024-03-28T09:46:09.603+0000] {standard_task_runner.py:60} INFO - Started process 11492 to run task
[2024-03-28T09:46:09.610+0000] {standard_task_runner.py:87} INFO - Running: ['***', 'tasks', 'run', 'dag___dbt', 'dbt_data_quality_checks', 'scheduled__2024-03-27T00:00:00+00:00', '--job-id', '65', '--raw', '--subdir', 'DAGS_FOLDER/dbt_dag.py', '--cfg-path', '/tmp/tmpa6qz5e58']
[2024-03-28T09:46:09.616+0000] {standard_task_runner.py:88} INFO - Job 65: Subtask dbt_data_quality_checks
[2024-03-28T09:46:09.716+0000] {task_command.py:423} INFO - Running <TaskInstance: dag___dbt.dbt_data_quality_checks scheduled__2024-03-27T00:00:00+00:00 [running]> on host 62dc842f1ceb
[2024-03-28T09:46:09.867+0000] {taskinstance.py:2480} INFO - Exporting env vars: AIRFLOW_CTX_DAG_OWNER='***' AIRFLOW_CTX_DAG_ID='dag___dbt' AIRFLOW_CTX_TASK_ID='dbt_data_quality_checks' AIRFLOW_CTX_EXECUTION_DATE='2024-03-27T00:00:00+00:00' AIRFLOW_CTX_TRY_NUMBER='1' AIRFLOW_CTX_DAG_RUN_ID='scheduled__2024-03-27T00:00:00+00:00'
[2024-03-28T09:46:09.872+0000] {subprocess.py:63} INFO - Tmp dir root location: /tmp
[2024-03-28T09:46:09.874+0000] {subprocess.py:75} INFO - Running command: ['/usr/bin/bash', '-c', '/home/***/.local/bin/dbt test --profiles-dir /home/***/.dbt --project-dir /opt/***/proj']
[2024-03-28T09:46:09.897+0000] {subprocess.py:86} INFO - Output:
[2024-03-28T09:46:16.809+0000] {subprocess.py:93} INFO - [0m09:46:16  Running with dbt=1.7.10
[2024-03-28T09:46:17.667+0000] {subprocess.py:93} INFO - [0m09:46:17  Registered adapter: postgres=1.7.10
[2024-03-28T09:46:37.444+0000] {subprocess.py:93} INFO - [0m09:46:37  Found 34 models, 2 operations, 4 tests, 0 sources, 0 exposures, 0 metrics, 1407 macros, 0 groups, 0 semantic models
[2024-03-28T09:46:37.453+0000] {subprocess.py:93} INFO - [0m09:46:37
[2024-03-28T09:46:38.023+0000] {subprocess.py:93} INFO - [0m09:46:38
[2024-03-28T09:46:38.024+0000] {subprocess.py:93} INFO - [0m09:46:38  Running 1 on-run-start hook
[2024-03-28T09:46:38.196+0000] {subprocess.py:93} INFO - [0m09:46:38  1 of 1 START hook: elementary.on-run-start.0 ................................... [RUN]
[2024-03-28T09:46:38.199+0000] {subprocess.py:93} INFO - [0m09:46:38  1 of 1 OK hook: elementary.on-run-start.0 ...................................... [[32mOK[0m in 0.00s]
[2024-03-28T09:46:38.200+0000] {subprocess.py:93} INFO - [0m09:46:38
[2024-03-28T09:46:38.205+0000] {subprocess.py:93} INFO - [0m09:46:38  Concurrency: 1 threads (target='dev')
[2024-03-28T09:46:38.207+0000] {subprocess.py:93} INFO - [0m09:46:38
[2024-03-28T09:46:38.221+0000] {subprocess.py:93} INFO - [0m09:46:38  1 of 4 START test not_null_my_second_dbt_model_id .............................. [RUN]
[2024-03-28T09:46:38.931+0000] {subprocess.py:93} INFO - [0m09:46:38  1 of 4 PASS not_null_my_second_dbt_model_id .................................... [[32mPASS[0m in 0.71s]
[2024-03-28T09:46:38.937+0000] {subprocess.py:93} INFO - [0m09:46:38  2 of 4 START test not_null_raw_orders_creation_date ............................ [RUN]
[2024-03-28T09:46:39.149+0000] {subprocess.py:93} INFO - [0m09:46:39  2 of 4 PASS not_null_raw_orders_creation_date .................................. [[32mPASS[0m in 0.21s]
[2024-03-28T09:46:39.158+0000] {subprocess.py:93} INFO - [0m09:46:39  3 of 4 START test unique_my_first_dbt_model_id ................................. [RUN]
[2024-03-28T09:46:39.374+0000] {subprocess.py:93} INFO - [0m09:46:39  3 of 4 PASS unique_my_first_dbt_model_id ....................................... [[32mPASS[0m in 0.21s]
[2024-03-28T09:46:39.382+0000] {subprocess.py:93} INFO - [0m09:46:39  4 of 4 START test unique_my_second_dbt_model_id ................................ [RUN]
[2024-03-28T09:46:39.736+0000] {subprocess.py:93} INFO - [0m09:46:39  4 of 4 PASS unique_my_second_dbt_model_id ...................................... [[32mPASS[0m in 0.35s]
[2024-03-28T09:46:39.836+0000] {subprocess.py:93} INFO - [0m09:46:39
[2024-03-28T09:46:39.837+0000] {subprocess.py:93} INFO - [0m09:46:39  Running 1 on-run-end hook
[2024-03-28T09:46:44.017+0000] {subprocess.py:93} INFO - [0m09:46:44  1 of 1 START hook: elementary.on-run-end.0 ..................................... [RUN]
[2024-03-28T09:46:44.019+0000] {subprocess.py:93} INFO - [0m09:46:44  1 of 1 OK hook: elementary.on-run-end.0 ........................................ [[32mOK[0m in 0.00s]
[2024-03-28T09:46:44.022+0000] {subprocess.py:93} INFO - [0m09:46:44
[2024-03-28T09:46:44.033+0000] {subprocess.py:93} INFO - [0m09:46:44
[2024-03-28T09:46:44.035+0000] {subprocess.py:93} INFO - [0m09:46:44  Finished running 4 tests, 2 hooks in 0 hours 0 minutes and 6.57 seconds (6.57s).
[2024-03-28T09:46:44.120+0000] {subprocess.py:93} INFO - [0m09:46:44
[2024-03-28T09:46:44.122+0000] {subprocess.py:93} INFO - [0m09:46:44  [32mCompleted successfully[0m
[2024-03-28T09:46:44.124+0000] {subprocess.py:93} INFO - [0m09:46:44
[2024-03-28T09:46:44.126+0000] {subprocess.py:93} INFO - [0m09:46:44  Done. PASS=4 WARN=0 ERROR=0 SKIP=0 TOTAL=4
[2024-03-28T09:46:45.563+0000] {subprocess.py:97} INFO - Command exited with return code 0
[2024-03-28T09:46:45.610+0000] {taskinstance.py:1138} INFO - Marking task as SUCCESS. dag_id=dag___dbt, task_id=dbt_data_quality_checks, execution_date=20240327T000000, start_date=20240328T094609, end_date=20240328T094645
[2024-03-28T09:46:45.665+0000] {local_task_job_runner.py:234} INFO - Task exited with return code 0
[2024-03-28T09:46:45.702+0000] {taskinstance.py:3280} INFO - 1 downstream tasks scheduled from follow-on schedule check
