[2024-04-08T10:31:21.845+0000] {taskinstance.py:1956} INFO - Dependencies all met for dep_context=non-requeueable deps ti=<TaskInstance: dag___dbt.run_model1 scheduled__2024-04-06T10:00:00+00:00 [queued]>
[2024-04-08T10:31:21.970+0000] {taskinstance.py:1956} INFO - Dependencies all met for dep_context=requeueable deps ti=<TaskInstance: dag___dbt.run_model1 scheduled__2024-04-06T10:00:00+00:00 [queued]>
[2024-04-08T10:31:21.976+0000] {taskinstance.py:2170} INFO - Starting attempt 1 of 2
[2024-04-08T10:31:22.184+0000] {taskinstance.py:2191} INFO - Executing <Task(BashOperator): run_model1> on 2024-04-06 10:00:00+00:00
[2024-04-08T10:31:22.240+0000] {standard_task_runner.py:60} INFO - Started process 80 to run task
[2024-04-08T10:31:22.347+0000] {standard_task_runner.py:87} INFO - Running: ['***', 'tasks', 'run', 'dag___dbt', 'run_model1', 'scheduled__2024-04-06T10:00:00+00:00', '--job-id', '423', '--raw', '--subdir', 'DAGS_FOLDER/freshness_test_dag.py', '--cfg-path', '/tmp/tmpqbpxi807']
[2024-04-08T10:31:22.381+0000] {standard_task_runner.py:88} INFO - Job 423: Subtask run_model1
[2024-04-08T10:31:22.838+0000] {task_command.py:423} INFO - Running <TaskInstance: dag___dbt.run_model1 scheduled__2024-04-06T10:00:00+00:00 [running]> on host 62dc842f1ceb
[2024-04-08T10:31:23.806+0000] {taskinstance.py:2480} INFO - Exporting env vars: AIRFLOW_CTX_DAG_OWNER='***' AIRFLOW_CTX_DAG_ID='dag___dbt' AIRFLOW_CTX_TASK_ID='run_model1' AIRFLOW_CTX_EXECUTION_DATE='2024-04-06T10:00:00+00:00' AIRFLOW_CTX_TRY_NUMBER='1' AIRFLOW_CTX_DAG_RUN_ID='scheduled__2024-04-06T10:00:00+00:00'
[2024-04-08T10:31:23.845+0000] {subprocess.py:63} INFO - Tmp dir root location: /tmp
[2024-04-08T10:31:23.855+0000] {subprocess.py:75} INFO - Running command: ['/usr/bin/bash', '-c', '/home/***/.local/bin/dbt run --models my_first_dbt_model my_second_dbt_model  --profiles-dir /home/***/.dbt --project-dir /opt/***/proj']
[2024-04-08T10:31:24.049+0000] {subprocess.py:86} INFO - Output:
[2024-04-08T10:32:17.050+0000] {subprocess.py:93} INFO - [0m10:32:17  Running with dbt=1.7.10
[2024-04-08T10:32:21.579+0000] {subprocess.py:93} INFO - [0m10:32:21  Registered adapter: postgres=1.7.10
[2024-04-08T10:32:42.889+0000] {subprocess.py:93} INFO - [0m10:32:42  Found 34 models, 2 operations, 6 tests, 1 source, 0 exposures, 0 metrics, 1407 macros, 0 groups, 0 semantic models
[2024-04-08T10:32:42.939+0000] {subprocess.py:93} INFO - [0m10:32:42
[2024-04-08T10:32:47.125+0000] {subprocess.py:93} INFO - [0m10:32:47
[2024-04-08T10:32:47.170+0000] {subprocess.py:93} INFO - [0m10:32:47  Running 1 on-run-start hook
[2024-04-08T10:32:49.226+0000] {subprocess.py:93} INFO - [0m10:32:49  1 of 1 START hook: elementary.on-run-start.0 ................................... [RUN]
[2024-04-08T10:32:49.255+0000] {subprocess.py:93} INFO - [0m10:32:49  1 of 1 OK hook: elementary.on-run-start.0 ...................................... [[32mOK[0m in 0.00s]
[2024-04-08T10:32:49.326+0000] {subprocess.py:93} INFO - [0m10:32:49
[2024-04-08T10:32:49.419+0000] {subprocess.py:93} INFO - [0m10:32:49  Concurrency: 1 threads (target='dev')
[2024-04-08T10:32:49.480+0000] {subprocess.py:93} INFO - [0m10:32:49
[2024-04-08T10:32:49.892+0000] {subprocess.py:93} INFO - [0m10:32:49  1 of 2 START sql table model public.my_first_dbt_model ......................... [RUN]
[2024-04-08T10:32:53.360+0000] {subprocess.py:93} INFO - [0m10:32:53  1 of 2 OK created sql table model public.my_first_dbt_model .................... [[32mSELECT 2[0m in 3.35s]
[2024-04-08T10:32:53.427+0000] {subprocess.py:93} INFO - [0m10:32:53  2 of 2 START sql view model public.my_second_dbt_model ......................... [RUN]
[2024-04-08T10:32:55.307+0000] {subprocess.py:93} INFO - [0m10:32:55  2 of 2 OK created sql view model public.my_second_dbt_model .................... [[32mCREATE VIEW[0m in 1.85s]
[2024-04-08T10:32:55.552+0000] {subprocess.py:93} INFO - [0m10:32:55
[2024-04-08T10:32:55.555+0000] {subprocess.py:93} INFO - [0m10:32:55  Running 1 on-run-end hook
[2024-04-08T10:33:11.239+0000] {subprocess.py:93} INFO - [0m10:33:11  1 of 1 START hook: elementary.on-run-end.0 ..................................... [RUN]
[2024-04-08T10:33:11.244+0000] {subprocess.py:93} INFO - [0m10:33:11  1 of 1 OK hook: elementary.on-run-end.0 ........................................ [[32mOK[0m in 0.00s]
[2024-04-08T10:33:11.254+0000] {subprocess.py:93} INFO - [0m10:33:11
[2024-04-08T10:33:11.372+0000] {subprocess.py:93} INFO - [0m10:33:11
[2024-04-08T10:33:11.383+0000] {subprocess.py:93} INFO - [0m10:33:11  Finished running 1 table model, 1 view model, 2 hooks in 0 hours 0 minutes and 28.40 seconds (28.40s).
[2024-04-08T10:33:11.775+0000] {subprocess.py:93} INFO - [0m10:33:11
[2024-04-08T10:33:11.782+0000] {subprocess.py:93} INFO - [0m10:33:11  [32mCompleted successfully[0m
[2024-04-08T10:33:11.786+0000] {subprocess.py:93} INFO - [0m10:33:11
[2024-04-08T10:33:11.793+0000] {subprocess.py:93} INFO - [0m10:33:11  Done. PASS=2 WARN=0 ERROR=0 SKIP=0 TOTAL=2
[2024-04-08T10:33:13.550+0000] {subprocess.py:97} INFO - Command exited with return code 0
[2024-04-08T10:33:13.788+0000] {taskinstance.py:1138} INFO - Marking task as SUCCESS. dag_id=dag___dbt, task_id=run_model1, execution_date=20240406T100000, start_date=20240408T103121, end_date=20240408T103313
[2024-04-08T10:33:14.302+0000] {local_task_job_runner.py:234} INFO - Task exited with return code 0
[2024-04-08T10:33:14.387+0000] {taskinstance.py:3280} INFO - 1 downstream tasks scheduled from follow-on schedule check
