[2024-04-01T09:58:18.924+0000] {taskinstance.py:1956} INFO - Dependencies all met for dep_context=non-requeueable deps ti=<TaskInstance: dag___dbt.dbt_freshness_check manual__2024-04-01T09:49:45.629187+00:00 [queued]>
[2024-04-01T09:58:19.018+0000] {taskinstance.py:1956} INFO - Dependencies all met for dep_context=requeueable deps ti=<TaskInstance: dag___dbt.dbt_freshness_check manual__2024-04-01T09:49:45.629187+00:00 [queued]>
[2024-04-01T09:58:19.023+0000] {taskinstance.py:2170} INFO - Starting attempt 2 of 2
[2024-04-01T09:58:19.139+0000] {taskinstance.py:2191} INFO - Executing <Task(BashOperator): dbt_freshness_check> on 2024-04-01 09:49:45.629187+00:00
[2024-04-01T09:58:19.177+0000] {standard_task_runner.py:60} INFO - Started process 773 to run task
[2024-04-01T09:58:19.251+0000] {standard_task_runner.py:87} INFO - Running: ['***', 'tasks', 'run', 'dag___dbt', 'dbt_freshness_check', 'manual__2024-04-01T09:49:45.629187+00:00', '--job-id', '137', '--raw', '--subdir', 'DAGS_FOLDER/freshness_test_dag.py', '--cfg-path', '/tmp/tmp8_08y465']
[2024-04-01T09:58:19.270+0000] {standard_task_runner.py:88} INFO - Job 137: Subtask dbt_freshness_check
[2024-04-01T09:58:19.551+0000] {task_command.py:423} INFO - Running <TaskInstance: dag___dbt.dbt_freshness_check manual__2024-04-01T09:49:45.629187+00:00 [running]> on host 62dc842f1ceb
[2024-04-01T09:58:19.816+0000] {taskinstance.py:2480} INFO - Exporting env vars: AIRFLOW_CTX_DAG_OWNER='***' AIRFLOW_CTX_DAG_ID='dag___dbt' AIRFLOW_CTX_TASK_ID='dbt_freshness_check' AIRFLOW_CTX_EXECUTION_DATE='2024-04-01T09:49:45.629187+00:00' AIRFLOW_CTX_TRY_NUMBER='2' AIRFLOW_CTX_DAG_RUN_ID='manual__2024-04-01T09:49:45.629187+00:00'
[2024-04-01T09:58:19.822+0000] {subprocess.py:63} INFO - Tmp dir root location: /tmp
[2024-04-01T09:58:19.826+0000] {subprocess.py:75} INFO - Running command: ['/usr/bin/bash', '-c', '/home/***/.local/bin/dbt source freshness --profiles-dir /home/***/.dbt --project-dir /opt/***/proj']
[2024-04-01T09:58:19.851+0000] {subprocess.py:86} INFO - Output:
[2024-04-01T09:58:42.790+0000] {subprocess.py:93} INFO - [0m09:58:42  Running with dbt=1.7.10
[2024-04-01T09:58:45.189+0000] {subprocess.py:93} INFO - [0m09:58:45  Registered adapter: postgres=1.7.10
[2024-04-01T09:59:19.409+0000] {subprocess.py:93} INFO - [0m09:59:19  Found 34 models, 2 operations, 5 tests, 1 source, 0 exposures, 0 metrics, 1407 macros, 0 groups, 0 semantic models
[2024-04-01T09:59:19.503+0000] {subprocess.py:93} INFO - [0m09:59:19
[2024-04-01T09:59:23.805+0000] {subprocess.py:93} INFO - [0m09:59:23  Concurrency: 1 threads (target='dev')
[2024-04-01T09:59:23.815+0000] {subprocess.py:93} INFO - [0m09:59:23
[2024-04-01T09:59:23.880+0000] {subprocess.py:93} INFO - [0m09:59:23  1 of 1 START freshness of public.freshnes_test ................................. [RUN]
[2024-04-01T09:59:24.559+0000] {subprocess.py:93} INFO - [0m09:59:24  1 of 1 PASS freshness of public.freshnes_test .................................. [[32mPASS[0m in 0.65s]
[2024-04-01T09:59:25.131+0000] {subprocess.py:93} INFO - [0m09:59:25  Done.
[2024-04-01T09:59:26.137+0000] {local_task_job_runner.py:302} WARNING - State of this instance has been externally set to removed. Terminating instance.
[2024-04-01T09:59:26.146+0000] {process_utils.py:131} INFO - Sending 15 to group 773. PIDs of all processes in the group: [785, 773]
[2024-04-01T09:59:26.151+0000] {process_utils.py:86} INFO - Sending the signal 15 to group 773
[2024-04-01T09:59:26.154+0000] {taskinstance.py:2450} ERROR - Received SIGTERM. Terminating subprocesses.
[2024-04-01T09:59:26.158+0000] {subprocess.py:104} INFO - Sending SIGTERM signal to process group
[2024-04-01T09:59:26.337+0000] {process_utils.py:79} INFO - Process psutil.Process(pid=785, status='terminated', started='09:58:19') (785) terminated with exit code None
[2024-04-01T09:59:26.341+0000] {process_utils.py:79} INFO - Process psutil.Process(pid=773, status='terminated', exitcode=0, started='09:58:18') (773) terminated with exit code 0
