[2024-04-01T09:56:47.693+0000] {taskinstance.py:1956} INFO - Dependencies all met for dep_context=non-requeueable deps ti=<TaskInstance: dag___dbt.dbt_freshness_check manual__2024-04-01T09:49:45.629187+00:00 [queued]>
[2024-04-01T09:56:47.736+0000] {taskinstance.py:1956} INFO - Dependencies all met for dep_context=requeueable deps ti=<TaskInstance: dag___dbt.dbt_freshness_check manual__2024-04-01T09:49:45.629187+00:00 [queued]>
[2024-04-01T09:56:47.737+0000] {taskinstance.py:2170} INFO - Starting attempt 1 of 2
[2024-04-01T09:56:47.788+0000] {taskinstance.py:2191} INFO - Executing <Task(BashOperator): dbt_freshness_check> on 2024-04-01 09:49:45.629187+00:00
[2024-04-01T09:56:47.801+0000] {standard_task_runner.py:60} INFO - Started process 657 to run task
[2024-04-01T09:56:47.809+0000] {standard_task_runner.py:87} INFO - Running: ['***', 'tasks', 'run', 'dag___dbt', 'dbt_freshness_check', 'manual__2024-04-01T09:49:45.629187+00:00', '--job-id', '119', '--raw', '--subdir', 'DAGS_FOLDER/freshness_test_dag.py', '--cfg-path', '/tmp/tmpnp9nskw2']
[2024-04-01T09:56:47.815+0000] {standard_task_runner.py:88} INFO - Job 119: Subtask dbt_freshness_check
[2024-04-01T09:56:47.933+0000] {task_command.py:423} INFO - Running <TaskInstance: dag___dbt.dbt_freshness_check manual__2024-04-01T09:49:45.629187+00:00 [running]> on host 62dc842f1ceb
[2024-04-01T09:56:48.146+0000] {taskinstance.py:2480} INFO - Exporting env vars: AIRFLOW_CTX_DAG_OWNER='***' AIRFLOW_CTX_DAG_ID='dag___dbt' AIRFLOW_CTX_TASK_ID='dbt_freshness_check' AIRFLOW_CTX_EXECUTION_DATE='2024-04-01T09:49:45.629187+00:00' AIRFLOW_CTX_TRY_NUMBER='1' AIRFLOW_CTX_DAG_RUN_ID='manual__2024-04-01T09:49:45.629187+00:00'
[2024-04-01T09:56:48.151+0000] {subprocess.py:63} INFO - Tmp dir root location: /tmp
[2024-04-01T09:56:48.153+0000] {subprocess.py:75} INFO - Running command: ['/usr/bin/bash', '-c', '/home/***/.local/bin/dbt test --profiles-dir /home/***/.dbt --project-dir /opt/***/proj']
[2024-04-01T09:56:48.174+0000] {subprocess.py:86} INFO - Output:
[2024-04-01T09:57:05.271+0000] {subprocess.py:93} INFO - [0m09:57:05  Running with dbt=1.7.10
[2024-04-01T09:57:08.532+0000] {subprocess.py:93} INFO - [0m09:57:08  Registered adapter: postgres=1.7.10
[2024-04-01T09:57:18.660+0000] {local_task_job_runner.py:302} WARNING - State of this instance has been externally set to removed. Terminating instance.
[2024-04-01T09:57:18.690+0000] {process_utils.py:131} INFO - Sending 15 to group 657. PIDs of all processes in the group: [663, 657]
[2024-04-01T09:57:18.692+0000] {process_utils.py:86} INFO - Sending the signal 15 to group 657
[2024-04-01T09:57:18.693+0000] {taskinstance.py:2450} ERROR - Received SIGTERM. Terminating subprocesses.
[2024-04-01T09:57:18.694+0000] {subprocess.py:104} INFO - Sending SIGTERM signal to process group
[2024-04-01T09:57:18.874+0000] {process_utils.py:79} INFO - Process psutil.Process(pid=657, status='terminated', exitcode=0, started='09:56:47') (657) terminated with exit code 0
[2024-04-01T09:57:18.877+0000] {process_utils.py:79} INFO - Process psutil.Process(pid=663, status='terminated', started='09:56:47') (663) terminated with exit code None
