[2024-04-01T10:06:32.040+0000] {taskinstance.py:1956} INFO - Dependencies all met for dep_context=non-requeueable deps ti=<TaskInstance: dag___freshness.dbt_data_quality_checks scheduled__2024-03-15T03:00:00+00:00 [queued]>
[2024-04-01T10:06:32.084+0000] {taskinstance.py:1956} INFO - Dependencies all met for dep_context=requeueable deps ti=<TaskInstance: dag___freshness.dbt_data_quality_checks scheduled__2024-03-15T03:00:00+00:00 [queued]>
[2024-04-01T10:06:32.087+0000] {taskinstance.py:2170} INFO - Starting attempt 1 of 2
[2024-04-01T10:06:32.119+0000] {taskinstance.py:2191} INFO - Executing <Task(BashOperator): dbt_data_quality_checks> on 2024-03-15 03:00:00+00:00
[2024-04-01T10:06:32.129+0000] {standard_task_runner.py:60} INFO - Started process 1325 to run task
[2024-04-01T10:06:32.138+0000] {standard_task_runner.py:87} INFO - Running: ['***', 'tasks', 'run', 'dag___freshness', 'dbt_data_quality_checks', 'scheduled__2024-03-15T03:00:00+00:00', '--job-id', '197', '--raw', '--subdir', 'DAGS_FOLDER/freshness_test_dag.py', '--cfg-path', '/tmp/tmpg124q_o9']
[2024-04-01T10:06:32.144+0000] {standard_task_runner.py:88} INFO - Job 197: Subtask dbt_data_quality_checks
[2024-04-01T10:06:32.268+0000] {task_command.py:423} INFO - Running <TaskInstance: dag___freshness.dbt_data_quality_checks scheduled__2024-03-15T03:00:00+00:00 [running]> on host 62dc842f1ceb
[2024-04-01T10:06:32.460+0000] {taskinstance.py:2480} INFO - Exporting env vars: AIRFLOW_CTX_DAG_OWNER='***' AIRFLOW_CTX_DAG_ID='dag___freshness' AIRFLOW_CTX_TASK_ID='dbt_data_quality_checks' AIRFLOW_CTX_EXECUTION_DATE='2024-03-15T03:00:00+00:00' AIRFLOW_CTX_TRY_NUMBER='1' AIRFLOW_CTX_DAG_RUN_ID='scheduled__2024-03-15T03:00:00+00:00'
[2024-04-01T10:06:32.464+0000] {subprocess.py:63} INFO - Tmp dir root location: /tmp
[2024-04-01T10:06:32.465+0000] {subprocess.py:75} INFO - Running command: ['/usr/bin/bash', '-c', '/home/***/.local/bin/dbt test --profiles-dir /home/***/.dbt --project-dir /opt/***/proj']
[2024-04-01T10:06:32.501+0000] {subprocess.py:86} INFO - Output:
[2024-04-01T10:06:45.071+0000] {subprocess.py:93} INFO - [0m10:06:45  Running with dbt=1.7.10
[2024-04-01T10:06:46.615+0000] {subprocess.py:93} INFO - [0m10:06:46  Registered adapter: postgres=1.7.10
[2024-04-01T10:07:02.019+0000] {subprocess.py:93} INFO - [0m10:07:02  Found 34 models, 2 operations, 5 tests, 1 source, 0 exposures, 0 metrics, 1407 macros, 0 groups, 0 semantic models
[2024-04-01T10:07:02.039+0000] {subprocess.py:93} INFO - [0m10:07:02
[2024-04-01T10:07:03.419+0000] {subprocess.py:93} INFO - [0m10:07:03
[2024-04-01T10:07:03.422+0000] {subprocess.py:93} INFO - [0m10:07:03  Running 1 on-run-start hook
[2024-04-01T10:07:03.811+0000] {subprocess.py:93} INFO - [0m10:07:03  1 of 1 START hook: elementary.on-run-start.0 ................................... [RUN]
[2024-04-01T10:07:03.814+0000] {subprocess.py:93} INFO - [0m10:07:03  1 of 1 OK hook: elementary.on-run-start.0 ...................................... [[32mOK[0m in 0.00s]
[2024-04-01T10:07:03.816+0000] {subprocess.py:93} INFO - [0m10:07:03
[2024-04-01T10:07:03.827+0000] {subprocess.py:93} INFO - [0m10:07:03  Concurrency: 1 threads (target='dev')
[2024-04-01T10:07:03.829+0000] {subprocess.py:93} INFO - [0m10:07:03
[2024-04-01T10:07:03.858+0000] {subprocess.py:93} INFO - [0m10:07:03  1 of 5 START test elementary_freshness_anomalies_raw_orders_creation_date ...... [RUN]
[2024-04-01T10:07:05.810+0000] {subprocess.py:93} INFO - [0m10:07:05  Elementary: Started running data monitors on: POSTGRES.PUBLIC.RAW_ORDERS
[2024-04-01T10:07:07.594+0000] {subprocess.py:93} INFO - [0m10:07:07  Elementary: Finished running data monitors on: POSTGRES.PUBLIC.RAW_ORDERS
[2024-04-01T10:07:10.385+0000] {subprocess.py:93} INFO - [0m10:07:10  1 of 5 PASS elementary_freshness_anomalies_raw_orders_creation_date ............ [[32mPASS[0m in 6.52s]
[2024-04-01T10:07:10.622+0000] {subprocess.py:93} INFO - [0m10:07:10  2 of 5 START test not_null_my_second_dbt_model_id .............................. [RUN]
[2024-04-01T10:07:11.452+0000] {subprocess.py:93} INFO - [0m10:07:11  2 of 5 PASS not_null_my_second_dbt_model_id .................................... [[32mPASS[0m in 0.82s]
[2024-04-01T10:07:11.473+0000] {subprocess.py:93} INFO - [0m10:07:11  3 of 5 START test not_null_raw_orders_creation_date ............................ [RUN]
[2024-04-01T10:07:12.191+0000] {subprocess.py:93} INFO - [0m10:07:12  3 of 5 PASS not_null_raw_orders_creation_date .................................. [[32mPASS[0m in 0.71s]
[2024-04-01T10:07:12.209+0000] {subprocess.py:93} INFO - [0m10:07:12  4 of 5 START test unique_my_first_dbt_model_id ................................. [RUN]
[2024-04-01T10:07:13.044+0000] {subprocess.py:93} INFO - [0m10:07:13  4 of 5 PASS unique_my_first_dbt_model_id ....................................... [[32mPASS[0m in 0.83s]
[2024-04-01T10:07:13.068+0000] {subprocess.py:93} INFO - [0m10:07:13  5 of 5 START test unique_my_second_dbt_model_id ................................ [RUN]
[2024-04-01T10:07:14.175+0000] {subprocess.py:93} INFO - [0m10:07:14  5 of 5 PASS unique_my_second_dbt_model_id ...................................... [[32mPASS[0m in 1.09s]
[2024-04-01T10:07:14.436+0000] {subprocess.py:93} INFO - [0m10:07:14
[2024-04-01T10:07:14.441+0000] {subprocess.py:93} INFO - [0m10:07:14  Running 1 on-run-end hook
[2024-04-01T10:07:27.139+0000] {subprocess.py:93} INFO - [0m10:07:27  1 of 1 START hook: elementary.on-run-end.0 ..................................... [RUN]
[2024-04-01T10:07:27.142+0000] {subprocess.py:93} INFO - [0m10:07:27  1 of 1 OK hook: elementary.on-run-end.0 ........................................ [[32mOK[0m in 0.00s]
[2024-04-01T10:07:27.303+0000] {subprocess.py:93} INFO - [0m10:07:27
[2024-04-01T10:07:27.398+0000] {subprocess.py:93} INFO - [0m10:07:27
[2024-04-01T10:07:27.442+0000] {subprocess.py:93} INFO - [0m10:07:27  Finished running 5 tests, 2 hooks in 0 hours 0 minutes and 25.36 seconds (25.36s).
[2024-04-01T10:07:28.040+0000] {subprocess.py:93} INFO - [0m10:07:28
[2024-04-01T10:07:28.049+0000] {subprocess.py:93} INFO - [0m10:07:28  [32mCompleted successfully[0m
[2024-04-01T10:07:28.061+0000] {subprocess.py:93} INFO - [0m10:07:28
[2024-04-01T10:07:28.074+0000] {subprocess.py:93} INFO - [0m10:07:28  Done. PASS=5 WARN=0 ERROR=0 SKIP=0 TOTAL=5
[2024-04-01T10:07:29.716+0000] {subprocess.py:97} INFO - Command exited with return code 0
[2024-04-01T10:07:29.793+0000] {taskinstance.py:1138} INFO - Marking task as SUCCESS. dag_id=dag___freshness, task_id=dbt_data_quality_checks, execution_date=20240315T030000, start_date=20240401T100632, end_date=20240401T100729
[2024-04-01T10:07:29.879+0000] {local_task_job_runner.py:234} INFO - Task exited with return code 0
[2024-04-01T10:07:29.942+0000] {taskinstance.py:3280} INFO - 1 downstream tasks scheduled from follow-on schedule check
