[2024-04-03T11:05:36.257+0000] {taskinstance.py:1956} INFO - Dependencies all met for dep_context=non-requeueable deps ti=<TaskInstance: dag___fresh.dbt_data_quality_checks manual__2024-04-03T11:05:33.526602+00:00 [queued]>
[2024-04-03T11:05:36.271+0000] {taskinstance.py:1956} INFO - Dependencies all met for dep_context=requeueable deps ti=<TaskInstance: dag___fresh.dbt_data_quality_checks manual__2024-04-03T11:05:33.526602+00:00 [queued]>
[2024-04-03T11:05:36.271+0000] {taskinstance.py:2170} INFO - Starting attempt 1 of 2
[2024-04-03T11:05:36.294+0000] {taskinstance.py:2191} INFO - Executing <Task(BashOperator): dbt_data_quality_checks> on 2024-04-03 11:05:33.526602+00:00
[2024-04-03T11:05:36.303+0000] {standard_task_runner.py:60} INFO - Started process 2260 to run task
[2024-04-03T11:05:36.308+0000] {standard_task_runner.py:87} INFO - Running: ['***', 'tasks', 'run', 'dag___fresh', 'dbt_data_quality_checks', 'manual__2024-04-03T11:05:33.526602+00:00', '--job-id', '359', '--raw', '--subdir', 'DAGS_FOLDER/dbt_dag.py', '--cfg-path', '/tmp/tmprkzq9djf']
[2024-04-03T11:05:36.311+0000] {standard_task_runner.py:88} INFO - Job 359: Subtask dbt_data_quality_checks
[2024-04-03T11:05:36.393+0000] {task_command.py:423} INFO - Running <TaskInstance: dag___fresh.dbt_data_quality_checks manual__2024-04-03T11:05:33.526602+00:00 [running]> on host 62dc842f1ceb
[2024-04-03T11:05:36.521+0000] {taskinstance.py:2480} INFO - Exporting env vars: AIRFLOW_CTX_DAG_OWNER='***' AIRFLOW_CTX_DAG_ID='dag___fresh' AIRFLOW_CTX_TASK_ID='dbt_data_quality_checks' AIRFLOW_CTX_EXECUTION_DATE='2024-04-03T11:05:33.526602+00:00' AIRFLOW_CTX_TRY_NUMBER='1' AIRFLOW_CTX_DAG_RUN_ID='manual__2024-04-03T11:05:33.526602+00:00'
[2024-04-03T11:05:36.525+0000] {subprocess.py:63} INFO - Tmp dir root location: /tmp
[2024-04-03T11:05:36.526+0000] {subprocess.py:75} INFO - Running command: ['/usr/bin/bash', '-c', '/home/***/.local/bin/dbt test --profiles-dir /home/***/.dbt --project-dir /opt/***/proj']
[2024-04-03T11:05:36.544+0000] {subprocess.py:86} INFO - Output:
[2024-04-03T11:05:41.323+0000] {subprocess.py:93} INFO - [0m11:05:41  Running with dbt=1.7.10
[2024-04-03T11:05:41.989+0000] {subprocess.py:93} INFO - [0m11:05:41  Registered adapter: postgres=1.7.10
[2024-04-03T11:05:51.086+0000] {subprocess.py:93} INFO - [0m11:05:51  Found 34 models, 2 operations, 5 tests, 1 source, 0 exposures, 0 metrics, 1407 macros, 0 groups, 0 semantic models
[2024-04-03T11:05:51.092+0000] {subprocess.py:93} INFO - [0m11:05:51
[2024-04-03T11:05:51.662+0000] {subprocess.py:93} INFO - [0m11:05:51
[2024-04-03T11:05:51.663+0000] {subprocess.py:93} INFO - [0m11:05:51  Running 1 on-run-start hook
[2024-04-03T11:05:51.835+0000] {subprocess.py:93} INFO - [0m11:05:51  1 of 1 START hook: elementary.on-run-start.0 ................................... [RUN]
[2024-04-03T11:05:51.836+0000] {subprocess.py:93} INFO - [0m11:05:51  1 of 1 OK hook: elementary.on-run-start.0 ...................................... [[32mOK[0m in 0.00s]
[2024-04-03T11:05:51.838+0000] {subprocess.py:93} INFO - [0m11:05:51
[2024-04-03T11:05:51.842+0000] {subprocess.py:93} INFO - [0m11:05:51  Concurrency: 1 threads (target='dev')
[2024-04-03T11:05:51.844+0000] {subprocess.py:93} INFO - [0m11:05:51
[2024-04-03T11:05:51.857+0000] {subprocess.py:93} INFO - [0m11:05:51  1 of 5 START test elementary_freshness_anomalies_raw_orders_creation_date ...... [RUN]
[2024-04-03T11:05:52.468+0000] {subprocess.py:93} INFO - [0m11:05:52  Elementary: Started running data monitors on: POSTGRES.PUBLIC.RAW_ORDERS
[2024-04-03T11:05:53.115+0000] {subprocess.py:93} INFO - [0m11:05:53  Elementary: Finished running data monitors on: POSTGRES.PUBLIC.RAW_ORDERS
[2024-04-03T11:05:53.964+0000] {subprocess.py:93} INFO - [0m11:05:53  1 of 5 PASS elementary_freshness_anomalies_raw_orders_creation_date ............ [[32mPASS[0m in 2.10s]
[2024-04-03T11:05:53.972+0000] {subprocess.py:93} INFO - [0m11:05:53  2 of 5 START test not_null_my_second_dbt_model_id .............................. [RUN]
[2024-04-03T11:05:54.190+0000] {subprocess.py:93} INFO - [0m11:05:54  2 of 5 PASS not_null_my_second_dbt_model_id .................................... [[32mPASS[0m in 0.22s]
[2024-04-03T11:05:54.196+0000] {subprocess.py:93} INFO - [0m11:05:54  3 of 5 START test not_null_raw_orders_creation_date ............................ [RUN]
[2024-04-03T11:05:54.367+0000] {subprocess.py:93} INFO - [0m11:05:54  3 of 5 PASS not_null_raw_orders_creation_date .................................. [[32mPASS[0m in 0.17s]
[2024-04-03T11:05:54.373+0000] {subprocess.py:93} INFO - [0m11:05:54  4 of 5 START test unique_my_first_dbt_model_id ................................. [RUN]
[2024-04-03T11:05:54.549+0000] {subprocess.py:93} INFO - [0m11:05:54  4 of 5 PASS unique_my_first_dbt_model_id ....................................... [[32mPASS[0m in 0.17s]
[2024-04-03T11:05:54.555+0000] {subprocess.py:93} INFO - [0m11:05:54  5 of 5 START test unique_my_second_dbt_model_id ................................ [RUN]
[2024-04-03T11:05:54.712+0000] {subprocess.py:93} INFO - [0m11:05:54  5 of 5 PASS unique_my_second_dbt_model_id ...................................... [[32mPASS[0m in 0.15s]
[2024-04-03T11:05:54.789+0000] {subprocess.py:93} INFO - [0m11:05:54
[2024-04-03T11:05:54.791+0000] {subprocess.py:93} INFO - [0m11:05:54  Running 1 on-run-end hook
[2024-04-03T11:05:57.543+0000] {subprocess.py:93} INFO - [0m11:05:57  1 of 1 START hook: elementary.on-run-end.0 ..................................... [RUN]
[2024-04-03T11:05:57.545+0000] {subprocess.py:93} INFO - [0m11:05:57  1 of 1 OK hook: elementary.on-run-end.0 ........................................ [[32mOK[0m in 0.00s]
[2024-04-03T11:05:57.546+0000] {subprocess.py:93} INFO - [0m11:05:57
[2024-04-03T11:05:57.552+0000] {subprocess.py:93} INFO - [0m11:05:57
[2024-04-03T11:05:57.553+0000] {subprocess.py:93} INFO - [0m11:05:57  Finished running 5 tests, 2 hooks in 0 hours 0 minutes and 6.46 seconds (6.46s).
[2024-04-03T11:05:57.621+0000] {subprocess.py:93} INFO - [0m11:05:57
[2024-04-03T11:05:57.622+0000] {subprocess.py:93} INFO - [0m11:05:57  [32mCompleted successfully[0m
[2024-04-03T11:05:57.624+0000] {subprocess.py:93} INFO - [0m11:05:57
[2024-04-03T11:05:57.625+0000] {subprocess.py:93} INFO - [0m11:05:57  Done. PASS=5 WARN=0 ERROR=0 SKIP=0 TOTAL=5
[2024-04-03T11:05:58.553+0000] {subprocess.py:97} INFO - Command exited with return code 0
[2024-04-03T11:05:58.581+0000] {taskinstance.py:1138} INFO - Marking task as SUCCESS. dag_id=dag___fresh, task_id=dbt_data_quality_checks, execution_date=20240403T110533, start_date=20240403T110536, end_date=20240403T110558
[2024-04-03T11:05:58.616+0000] {local_task_job_runner.py:234} INFO - Task exited with return code 0
[2024-04-03T11:05:58.637+0000] {taskinstance.py:3280} INFO - 1 downstream tasks scheduled from follow-on schedule check
