[2024-04-03T14:56:29.470+0000] {taskinstance.py:1956} INFO - Dependencies all met for dep_context=non-requeueable deps ti=<TaskInstance: dag___dbt.run_model1 manual__2024-04-03T14:56:25.566348+00:00 [queued]>
[2024-04-03T14:56:29.514+0000] {taskinstance.py:1956} INFO - Dependencies all met for dep_context=requeueable deps ti=<TaskInstance: dag___dbt.run_model1 manual__2024-04-03T14:56:25.566348+00:00 [queued]>
[2024-04-03T14:56:29.515+0000] {taskinstance.py:2170} INFO - Starting attempt 1 of 2
[2024-04-03T14:56:29.558+0000] {taskinstance.py:2191} INFO - Executing <Task(BashOperator): run_model1> on 2024-04-03 14:56:25.566348+00:00
[2024-04-03T14:56:29.569+0000] {standard_task_runner.py:60} INFO - Started process 5745 to run task
[2024-04-03T14:56:29.576+0000] {standard_task_runner.py:87} INFO - Running: ['***', 'tasks', 'run', 'dag___dbt', 'run_model1', 'manual__2024-04-03T14:56:25.566348+00:00', '--job-id', '388', '--raw', '--subdir', 'DAGS_FOLDER/freshness_test_dag.py', '--cfg-path', '/tmp/tmp3hf7prwd']
[2024-04-03T14:56:29.584+0000] {standard_task_runner.py:88} INFO - Job 388: Subtask run_model1
[2024-04-03T14:56:29.733+0000] {task_command.py:423} INFO - Running <TaskInstance: dag___dbt.run_model1 manual__2024-04-03T14:56:25.566348+00:00 [running]> on host 62dc842f1ceb
[2024-04-03T14:56:29.973+0000] {taskinstance.py:2480} INFO - Exporting env vars: AIRFLOW_CTX_DAG_OWNER='***' AIRFLOW_CTX_DAG_ID='dag___dbt' AIRFLOW_CTX_TASK_ID='run_model1' AIRFLOW_CTX_EXECUTION_DATE='2024-04-03T14:56:25.566348+00:00' AIRFLOW_CTX_TRY_NUMBER='1' AIRFLOW_CTX_DAG_RUN_ID='manual__2024-04-03T14:56:25.566348+00:00'
[2024-04-03T14:56:29.979+0000] {subprocess.py:63} INFO - Tmp dir root location: /tmp
[2024-04-03T14:56:29.981+0000] {subprocess.py:75} INFO - Running command: ['/usr/bin/bash', '-c', '/home/***/.local/bin/dbt run --models my_first_dbt_model my_second_dbt_model  --profiles-dir /home/***/.dbt --project-dir /opt/***/proj']
[2024-04-03T14:56:30.012+0000] {subprocess.py:86} INFO - Output:
[2024-04-03T14:56:38.041+0000] {subprocess.py:93} INFO - [0m14:56:38  Running with dbt=1.7.10
[2024-04-03T14:56:38.883+0000] {subprocess.py:93} INFO - [0m14:56:38  Registered adapter: postgres=1.7.10
[2024-04-03T14:56:52.705+0000] {subprocess.py:93} INFO - [0m14:56:52  Found 34 models, 2 operations, 5 tests, 1 source, 0 exposures, 0 metrics, 1407 macros, 0 groups, 0 semantic models
[2024-04-03T14:56:52.713+0000] {subprocess.py:93} INFO - [0m14:56:52
[2024-04-03T14:56:53.464+0000] {subprocess.py:93} INFO - [0m14:56:53
[2024-04-03T14:56:53.465+0000] {subprocess.py:93} INFO - [0m14:56:53  Running 1 on-run-start hook
[2024-04-03T14:56:53.594+0000] {subprocess.py:93} INFO - [0m14:56:53  1 of 1 START hook: elementary.on-run-start.0 ................................... [RUN]
[2024-04-03T14:56:53.596+0000] {subprocess.py:93} INFO - [0m14:56:53  1 of 1 OK hook: elementary.on-run-start.0 ...................................... [[32mOK[0m in 0.00s]
[2024-04-03T14:56:53.599+0000] {subprocess.py:93} INFO - [0m14:56:53
[2024-04-03T14:56:53.609+0000] {subprocess.py:93} INFO - [0m14:56:53  Concurrency: 1 threads (target='dev')
[2024-04-03T14:56:53.614+0000] {subprocess.py:93} INFO - [0m14:56:53
[2024-04-03T14:56:53.644+0000] {subprocess.py:93} INFO - [0m14:56:53  1 of 2 START sql table model public.my_first_dbt_model ......................... [RUN]
[2024-04-03T14:56:54.165+0000] {subprocess.py:93} INFO - [0m14:56:54  1 of 2 OK created sql table model public.my_first_dbt_model .................... [[32mSELECT 2[0m in 0.52s]
[2024-04-03T14:56:54.175+0000] {subprocess.py:93} INFO - [0m14:56:54  2 of 2 START sql view model public.my_second_dbt_model ......................... [RUN]
[2024-04-03T14:56:54.463+0000] {subprocess.py:93} INFO - [0m14:56:54  2 of 2 OK created sql view model public.my_second_dbt_model .................... [[32mCREATE VIEW[0m in 0.28s]
[2024-04-03T14:56:54.551+0000] {subprocess.py:93} INFO - [0m14:56:54
[2024-04-03T14:56:54.552+0000] {subprocess.py:93} INFO - [0m14:56:54  Running 1 on-run-end hook
[2024-04-03T14:56:57.029+0000] {subprocess.py:93} INFO - [0m14:56:57  1 of 1 START hook: elementary.on-run-end.0 ..................................... [RUN]
[2024-04-03T14:56:57.032+0000] {subprocess.py:93} INFO - [0m14:56:57  1 of 1 OK hook: elementary.on-run-end.0 ........................................ [[32mOK[0m in 0.00s]
[2024-04-03T14:56:57.033+0000] {subprocess.py:93} INFO - [0m14:56:57
[2024-04-03T14:56:57.042+0000] {subprocess.py:93} INFO - [0m14:56:57
[2024-04-03T14:56:57.044+0000] {subprocess.py:93} INFO - [0m14:56:57  Finished running 1 table model, 1 view model, 2 hooks in 0 hours 0 minutes and 4.33 seconds (4.33s).
[2024-04-03T14:56:57.124+0000] {subprocess.py:93} INFO - [0m14:56:57
[2024-04-03T14:56:57.126+0000] {subprocess.py:93} INFO - [0m14:56:57  [32mCompleted successfully[0m
[2024-04-03T14:56:57.127+0000] {subprocess.py:93} INFO - [0m14:56:57
[2024-04-03T14:56:57.129+0000] {subprocess.py:93} INFO - [0m14:56:57  Done. PASS=2 WARN=0 ERROR=0 SKIP=0 TOTAL=2
[2024-04-03T14:56:58.111+0000] {subprocess.py:97} INFO - Command exited with return code 0
[2024-04-03T14:56:58.150+0000] {taskinstance.py:1138} INFO - Marking task as SUCCESS. dag_id=dag___dbt, task_id=run_model1, execution_date=20240403T145625, start_date=20240403T145629, end_date=20240403T145658
[2024-04-03T14:56:58.190+0000] {local_task_job_runner.py:234} INFO - Task exited with return code 0
[2024-04-03T14:56:58.230+0000] {taskinstance.py:3280} INFO - 1 downstream tasks scheduled from follow-on schedule check
