[2024-04-03T11:12:30.884+0000] {taskinstance.py:1956} INFO - Dependencies all met for dep_context=non-requeueable deps ti=<TaskInstance: dag___fresh.handle_dbt_result manual__2024-04-03T11:11:59.607612+00:00 [queued]>
[2024-04-03T11:12:30.896+0000] {taskinstance.py:1956} INFO - Dependencies all met for dep_context=requeueable deps ti=<TaskInstance: dag___fresh.handle_dbt_result manual__2024-04-03T11:11:59.607612+00:00 [queued]>
[2024-04-03T11:12:30.896+0000] {taskinstance.py:2170} INFO - Starting attempt 1 of 2
[2024-04-03T11:12:30.916+0000] {taskinstance.py:2191} INFO - Executing <Task(PythonOperator): handle_dbt_result> on 2024-04-03 11:11:59.607612+00:00
[2024-04-03T11:12:30.922+0000] {standard_task_runner.py:60} INFO - Started process 2379 to run task
[2024-04-03T11:12:30.927+0000] {standard_task_runner.py:87} INFO - Running: ['***', 'tasks', 'run', 'dag___fresh', 'handle_dbt_result', 'manual__2024-04-03T11:11:59.607612+00:00', '--job-id', '362', '--raw', '--subdir', 'DAGS_FOLDER/dbt_dag.py', '--cfg-path', '/tmp/tmpu0pb4j13']
[2024-04-03T11:12:30.931+0000] {standard_task_runner.py:88} INFO - Job 362: Subtask handle_dbt_result
[2024-04-03T11:12:30.996+0000] {task_command.py:423} INFO - Running <TaskInstance: dag___fresh.handle_dbt_result manual__2024-04-03T11:11:59.607612+00:00 [running]> on host 62dc842f1ceb
[2024-04-03T11:12:31.120+0000] {taskinstance.py:2480} INFO - Exporting env vars: AIRFLOW_CTX_DAG_OWNER='***' AIRFLOW_CTX_DAG_ID='dag___fresh' AIRFLOW_CTX_TASK_ID='handle_dbt_result' AIRFLOW_CTX_EXECUTION_DATE='2024-04-03T11:11:59.607612+00:00' AIRFLOW_CTX_TRY_NUMBER='1' AIRFLOW_CTX_DAG_RUN_ID='manual__2024-04-03T11:11:59.607612+00:00'
[2024-04-03T11:12:31.139+0000] {logging_mixin.py:188} INFO - Result of dbt command:
[2024-04-03T11:12:31.140+0000] {logging_mixin.py:188} INFO - 
[
0
m
1
1
:
1
2
:
2
7
 
 
D
o
n
e
.
 
P
A
S
S
=
5
 
W
A
R
N
=
0
 
E
R
R
O
R
=
0
 
S
K
I
P
=
0
 
T
O
T
A
L
=
5
[2024-04-03T11:12:31.141+0000] {logging_mixin.py:188} INFO - -----------
[2024-04-03T11:12:31.141+0000] {python.py:201} INFO - Done. Returned value was: None
[2024-04-03T11:12:31.155+0000] {taskinstance.py:1138} INFO - Marking task as SUCCESS. dag_id=dag___fresh, task_id=handle_dbt_result, execution_date=20240403T111159, start_date=20240403T111230, end_date=20240403T111231
[2024-04-03T11:12:31.179+0000] {local_task_job_runner.py:234} INFO - Task exited with return code 0
[2024-04-03T11:12:31.204+0000] {taskinstance.py:3280} INFO - 0 downstream tasks scheduled from follow-on schedule check
