[2024-04-04T15:01:17.583+0000] {processor.py:161} INFO - Started process (PID=46102) to work on /opt/airflow/dags/deg.py
[2024-04-04T15:01:17.593+0000] {processor.py:830} INFO - Processing file /opt/airflow/dags/deg.py for tasks to queue
[2024-04-04T15:01:17.596+0000] {logging_mixin.py:188} INFO - [2024-04-04T15:01:17.595+0000] {dagbag.py:538} INFO - Filling up the DagBag from /opt/airflow/dags/deg.py
[2024-04-04T15:01:17.621+0000] {processor.py:840} INFO - DAG(s) 'dag_airflow_test1' retrieved from /opt/airflow/dags/deg.py
[2024-04-04T15:01:17.690+0000] {logging_mixin.py:188} INFO - [2024-04-04T15:01:17.678+0000] {dag.py:3036} INFO - Sync 1 DAGs
[2024-04-04T15:01:17.740+0000] {logging_mixin.py:188} INFO - [2024-04-04T15:01:17.740+0000] {dag.py:3823} INFO - Setting next_dagrun for dag_airflow_test1 to None, run_after=None
[2024-04-04T15:01:18.131+0000] {processor.py:183} INFO - Processing /opt/airflow/dags/deg.py took 0.554 seconds
[2024-04-04T18:12:32.238+0000] {processor.py:161} INFO - Started process (PID=46162) to work on /opt/airflow/dags/deg.py
[2024-04-04T18:12:32.241+0000] {processor.py:830} INFO - Processing file /opt/airflow/dags/deg.py for tasks to queue
[2024-04-04T18:12:32.244+0000] {logging_mixin.py:188} INFO - [2024-04-04T18:12:32.243+0000] {dagbag.py:538} INFO - Filling up the DagBag from /opt/airflow/dags/deg.py
[2024-04-04T18:12:32.273+0000] {processor.py:840} INFO - DAG(s) 'dag_airflow_test1' retrieved from /opt/airflow/dags/deg.py
[2024-04-04T18:12:32.303+0000] {logging_mixin.py:188} INFO - [2024-04-04T18:12:32.302+0000] {dag.py:3036} INFO - Sync 1 DAGs
[2024-04-04T18:12:32.339+0000] {logging_mixin.py:188} INFO - [2024-04-04T18:12:32.338+0000] {dag.py:3823} INFO - Setting next_dagrun for dag_airflow_test1 to None, run_after=None
[2024-04-04T18:12:32.408+0000] {processor.py:183} INFO - Processing /opt/airflow/dags/deg.py took 0.178 seconds
[2024-04-04T18:13:02.905+0000] {processor.py:161} INFO - Started process (PID=46222) to work on /opt/airflow/dags/deg.py
[2024-04-04T18:13:02.907+0000] {processor.py:830} INFO - Processing file /opt/airflow/dags/deg.py for tasks to queue
[2024-04-04T18:13:02.908+0000] {logging_mixin.py:188} INFO - [2024-04-04T18:13:02.908+0000] {dagbag.py:538} INFO - Filling up the DagBag from /opt/airflow/dags/deg.py
[2024-04-04T18:13:02.929+0000] {processor.py:840} INFO - DAG(s) 'dag_airflow_test1' retrieved from /opt/airflow/dags/deg.py
[2024-04-04T18:13:02.949+0000] {logging_mixin.py:188} INFO - [2024-04-04T18:13:02.949+0000] {dag.py:3036} INFO - Sync 1 DAGs
[2024-04-04T18:13:02.971+0000] {logging_mixin.py:188} INFO - [2024-04-04T18:13:02.970+0000] {dag.py:3823} INFO - Setting next_dagrun for dag_airflow_test1 to None, run_after=None
[2024-04-04T18:13:02.999+0000] {processor.py:183} INFO - Processing /opt/airflow/dags/deg.py took 0.099 seconds
[2024-04-04T18:13:33.681+0000] {processor.py:161} INFO - Started process (PID=46282) to work on /opt/airflow/dags/deg.py
[2024-04-04T18:13:33.684+0000] {processor.py:830} INFO - Processing file /opt/airflow/dags/deg.py for tasks to queue
[2024-04-04T18:13:33.687+0000] {logging_mixin.py:188} INFO - [2024-04-04T18:13:33.686+0000] {dagbag.py:538} INFO - Filling up the DagBag from /opt/airflow/dags/deg.py
[2024-04-04T18:13:33.719+0000] {processor.py:840} INFO - DAG(s) 'dag_airflow_test1' retrieved from /opt/airflow/dags/deg.py
[2024-04-04T18:13:33.744+0000] {logging_mixin.py:188} INFO - [2024-04-04T18:13:33.743+0000] {dag.py:3036} INFO - Sync 1 DAGs
[2024-04-04T18:13:33.771+0000] {logging_mixin.py:188} INFO - [2024-04-04T18:13:33.771+0000] {dag.py:3823} INFO - Setting next_dagrun for dag_airflow_test1 to None, run_after=None
[2024-04-04T18:13:33.827+0000] {processor.py:183} INFO - Processing /opt/airflow/dags/deg.py took 0.154 seconds
[2024-04-04T18:14:04.023+0000] {processor.py:161} INFO - Started process (PID=46342) to work on /opt/airflow/dags/deg.py
[2024-04-04T18:14:04.029+0000] {processor.py:830} INFO - Processing file /opt/airflow/dags/deg.py for tasks to queue
[2024-04-04T18:14:04.038+0000] {logging_mixin.py:188} INFO - [2024-04-04T18:14:04.032+0000] {dagbag.py:538} INFO - Filling up the DagBag from /opt/airflow/dags/deg.py
[2024-04-04T18:14:04.065+0000] {processor.py:840} INFO - DAG(s) 'dag_airflow_test1' retrieved from /opt/airflow/dags/deg.py
[2024-04-04T18:14:04.113+0000] {logging_mixin.py:188} INFO - [2024-04-04T18:14:04.112+0000] {dag.py:3036} INFO - Sync 1 DAGs
[2024-04-04T18:14:04.166+0000] {logging_mixin.py:188} INFO - [2024-04-04T18:14:04.166+0000] {dag.py:3823} INFO - Setting next_dagrun for dag_airflow_test1 to None, run_after=None
[2024-04-04T18:14:04.209+0000] {processor.py:183} INFO - Processing /opt/airflow/dags/deg.py took 0.195 seconds
[2024-04-04T18:14:34.438+0000] {processor.py:161} INFO - Started process (PID=46402) to work on /opt/airflow/dags/deg.py
[2024-04-04T18:14:34.439+0000] {processor.py:830} INFO - Processing file /opt/airflow/dags/deg.py for tasks to queue
[2024-04-04T18:14:34.440+0000] {logging_mixin.py:188} INFO - [2024-04-04T18:14:34.440+0000] {dagbag.py:538} INFO - Filling up the DagBag from /opt/airflow/dags/deg.py
[2024-04-04T18:14:34.456+0000] {processor.py:840} INFO - DAG(s) 'dag_airflow_test1' retrieved from /opt/airflow/dags/deg.py
[2024-04-04T18:14:34.471+0000] {logging_mixin.py:188} INFO - [2024-04-04T18:14:34.471+0000] {dag.py:3036} INFO - Sync 1 DAGs
[2024-04-04T18:14:34.489+0000] {logging_mixin.py:188} INFO - [2024-04-04T18:14:34.489+0000] {dag.py:3823} INFO - Setting next_dagrun for dag_airflow_test1 to None, run_after=None
[2024-04-04T18:14:34.526+0000] {processor.py:183} INFO - Processing /opt/airflow/dags/deg.py took 0.092 seconds
[2024-04-04T18:15:07.436+0000] {processor.py:161} INFO - Started process (PID=46458) to work on /opt/airflow/dags/deg.py
[2024-04-04T18:15:07.442+0000] {processor.py:830} INFO - Processing file /opt/airflow/dags/deg.py for tasks to queue
[2024-04-04T18:15:07.448+0000] {logging_mixin.py:188} INFO - [2024-04-04T18:15:07.446+0000] {dagbag.py:538} INFO - Filling up the DagBag from /opt/airflow/dags/deg.py
[2024-04-04T18:15:07.527+0000] {processor.py:840} INFO - DAG(s) 'dag_airflow_test1' retrieved from /opt/airflow/dags/deg.py
[2024-04-04T18:15:07.591+0000] {logging_mixin.py:188} INFO - [2024-04-04T18:15:07.589+0000] {dag.py:3036} INFO - Sync 1 DAGs
[2024-04-04T18:15:07.654+0000] {logging_mixin.py:188} INFO - [2024-04-04T18:15:07.653+0000] {dag.py:3823} INFO - Setting next_dagrun for dag_airflow_test1 to None, run_after=None
[2024-04-04T18:15:07.735+0000] {processor.py:183} INFO - Processing /opt/airflow/dags/deg.py took 0.318 seconds
[2024-04-04T18:15:42.792+0000] {processor.py:161} INFO - Started process (PID=46518) to work on /opt/airflow/dags/deg.py
[2024-04-04T18:15:42.799+0000] {processor.py:830} INFO - Processing file /opt/airflow/dags/deg.py for tasks to queue
[2024-04-04T18:15:42.805+0000] {logging_mixin.py:188} INFO - [2024-04-04T18:15:42.803+0000] {dagbag.py:538} INFO - Filling up the DagBag from /opt/airflow/dags/deg.py
[2024-04-04T18:15:42.857+0000] {processor.py:840} INFO - DAG(s) 'dag_airflow_test1' retrieved from /opt/airflow/dags/deg.py
[2024-04-04T18:15:42.914+0000] {logging_mixin.py:188} INFO - [2024-04-04T18:15:42.913+0000] {dag.py:3036} INFO - Sync 1 DAGs
[2024-04-04T18:15:43.013+0000] {logging_mixin.py:188} INFO - [2024-04-04T18:15:43.012+0000] {dag.py:3823} INFO - Setting next_dagrun for dag_airflow_test1 to None, run_after=None
[2024-04-04T18:15:43.169+0000] {processor.py:183} INFO - Processing /opt/airflow/dags/deg.py took 0.399 seconds
[2024-04-04T18:16:14.291+0000] {processor.py:161} INFO - Started process (PID=46578) to work on /opt/airflow/dags/deg.py
[2024-04-04T18:16:14.296+0000] {processor.py:830} INFO - Processing file /opt/airflow/dags/deg.py for tasks to queue
[2024-04-04T18:16:14.302+0000] {logging_mixin.py:188} INFO - [2024-04-04T18:16:14.300+0000] {dagbag.py:538} INFO - Filling up the DagBag from /opt/airflow/dags/deg.py
[2024-04-04T18:16:14.365+0000] {processor.py:840} INFO - DAG(s) 'dag_airflow_test1' retrieved from /opt/airflow/dags/deg.py
[2024-04-04T18:16:14.426+0000] {logging_mixin.py:188} INFO - [2024-04-04T18:16:14.425+0000] {dag.py:3036} INFO - Sync 1 DAGs
[2024-04-04T18:16:14.530+0000] {logging_mixin.py:188} INFO - [2024-04-04T18:16:14.520+0000] {dag.py:3823} INFO - Setting next_dagrun for dag_airflow_test1 to None, run_after=None
[2024-04-04T18:16:14.701+0000] {processor.py:183} INFO - Processing /opt/airflow/dags/deg.py took 0.428 seconds
[2024-04-04T18:16:45.497+0000] {processor.py:161} INFO - Started process (PID=46638) to work on /opt/airflow/dags/deg.py
[2024-04-04T18:16:45.506+0000] {processor.py:830} INFO - Processing file /opt/airflow/dags/deg.py for tasks to queue
[2024-04-04T18:16:45.515+0000] {logging_mixin.py:188} INFO - [2024-04-04T18:16:45.512+0000] {dagbag.py:538} INFO - Filling up the DagBag from /opt/airflow/dags/deg.py
[2024-04-04T18:16:45.614+0000] {processor.py:840} INFO - DAG(s) 'dag_airflow_test1' retrieved from /opt/airflow/dags/deg.py
[2024-04-04T18:16:45.699+0000] {logging_mixin.py:188} INFO - [2024-04-04T18:16:45.697+0000] {dag.py:3036} INFO - Sync 1 DAGs
[2024-04-04T18:16:45.849+0000] {logging_mixin.py:188} INFO - [2024-04-04T18:16:45.847+0000] {dag.py:3823} INFO - Setting next_dagrun for dag_airflow_test1 to None, run_after=None
[2024-04-04T18:16:45.999+0000] {processor.py:183} INFO - Processing /opt/airflow/dags/deg.py took 0.549 seconds
[2024-04-04T18:17:16.722+0000] {processor.py:161} INFO - Started process (PID=46699) to work on /opt/airflow/dags/deg.py
[2024-04-04T18:17:16.725+0000] {processor.py:830} INFO - Processing file /opt/airflow/dags/deg.py for tasks to queue
[2024-04-04T18:17:16.727+0000] {logging_mixin.py:188} INFO - [2024-04-04T18:17:16.727+0000] {dagbag.py:538} INFO - Filling up the DagBag from /opt/airflow/dags/deg.py
[2024-04-04T18:17:16.762+0000] {processor.py:840} INFO - DAG(s) 'dag_airflow_test1' retrieved from /opt/airflow/dags/deg.py
[2024-04-04T18:17:16.788+0000] {logging_mixin.py:188} INFO - [2024-04-04T18:17:16.788+0000] {dag.py:3036} INFO - Sync 1 DAGs
[2024-04-04T18:17:16.818+0000] {logging_mixin.py:188} INFO - [2024-04-04T18:17:16.818+0000] {dag.py:3823} INFO - Setting next_dagrun for dag_airflow_test1 to None, run_after=None
[2024-04-04T18:17:16.857+0000] {processor.py:183} INFO - Processing /opt/airflow/dags/deg.py took 0.144 seconds
[2024-04-04T18:17:48.273+0000] {processor.py:161} INFO - Started process (PID=46759) to work on /opt/airflow/dags/deg.py
[2024-04-04T18:17:48.277+0000] {processor.py:830} INFO - Processing file /opt/airflow/dags/deg.py for tasks to queue
[2024-04-04T18:17:48.282+0000] {logging_mixin.py:188} INFO - [2024-04-04T18:17:48.281+0000] {dagbag.py:538} INFO - Filling up the DagBag from /opt/airflow/dags/deg.py
[2024-04-04T18:17:48.343+0000] {processor.py:840} INFO - DAG(s) 'dag_airflow_test1' retrieved from /opt/airflow/dags/deg.py
[2024-04-04T18:17:48.408+0000] {logging_mixin.py:188} INFO - [2024-04-04T18:17:48.407+0000] {dag.py:3036} INFO - Sync 1 DAGs
[2024-04-04T18:17:48.525+0000] {logging_mixin.py:188} INFO - [2024-04-04T18:17:48.523+0000] {dag.py:3823} INFO - Setting next_dagrun for dag_airflow_test1 to None, run_after=None
[2024-04-04T18:17:48.618+0000] {processor.py:183} INFO - Processing /opt/airflow/dags/deg.py took 0.362 seconds
[2024-04-04T18:18:19.454+0000] {processor.py:161} INFO - Started process (PID=46819) to work on /opt/airflow/dags/deg.py
[2024-04-04T18:18:19.458+0000] {processor.py:830} INFO - Processing file /opt/airflow/dags/deg.py for tasks to queue
[2024-04-04T18:18:19.463+0000] {logging_mixin.py:188} INFO - [2024-04-04T18:18:19.462+0000] {dagbag.py:538} INFO - Filling up the DagBag from /opt/airflow/dags/deg.py
[2024-04-04T18:18:19.515+0000] {processor.py:840} INFO - DAG(s) 'dag_airflow_test1' retrieved from /opt/airflow/dags/deg.py
[2024-04-04T18:18:19.562+0000] {logging_mixin.py:188} INFO - [2024-04-04T18:18:19.561+0000] {dag.py:3036} INFO - Sync 1 DAGs
[2024-04-04T18:18:19.617+0000] {logging_mixin.py:188} INFO - [2024-04-04T18:18:19.616+0000] {dag.py:3823} INFO - Setting next_dagrun for dag_airflow_test1 to None, run_after=None
[2024-04-04T18:18:19.700+0000] {processor.py:183} INFO - Processing /opt/airflow/dags/deg.py took 0.261 seconds
[2024-04-04T18:18:50.183+0000] {processor.py:161} INFO - Started process (PID=46879) to work on /opt/airflow/dags/deg.py
[2024-04-04T18:18:50.190+0000] {processor.py:830} INFO - Processing file /opt/airflow/dags/deg.py for tasks to queue
[2024-04-04T18:18:50.196+0000] {logging_mixin.py:188} INFO - [2024-04-04T18:18:50.194+0000] {dagbag.py:538} INFO - Filling up the DagBag from /opt/airflow/dags/deg.py
[2024-04-04T18:18:50.285+0000] {processor.py:840} INFO - DAG(s) 'dag_airflow_test1' retrieved from /opt/airflow/dags/deg.py
[2024-04-04T18:18:50.366+0000] {logging_mixin.py:188} INFO - [2024-04-04T18:18:50.365+0000] {dag.py:3036} INFO - Sync 1 DAGs
[2024-04-04T18:18:50.453+0000] {logging_mixin.py:188} INFO - [2024-04-04T18:18:50.452+0000] {dag.py:3823} INFO - Setting next_dagrun for dag_airflow_test1 to None, run_after=None
[2024-04-04T18:18:50.570+0000] {processor.py:183} INFO - Processing /opt/airflow/dags/deg.py took 0.412 seconds
[2024-04-04T18:19:20.909+0000] {processor.py:161} INFO - Started process (PID=46939) to work on /opt/airflow/dags/deg.py
[2024-04-04T18:19:20.911+0000] {processor.py:830} INFO - Processing file /opt/airflow/dags/deg.py for tasks to queue
[2024-04-04T18:19:20.913+0000] {logging_mixin.py:188} INFO - [2024-04-04T18:19:20.912+0000] {dagbag.py:538} INFO - Filling up the DagBag from /opt/airflow/dags/deg.py
[2024-04-04T18:19:20.941+0000] {processor.py:840} INFO - DAG(s) 'dag_airflow_test1' retrieved from /opt/airflow/dags/deg.py
[2024-04-04T18:19:20.964+0000] {logging_mixin.py:188} INFO - [2024-04-04T18:19:20.964+0000] {dag.py:3036} INFO - Sync 1 DAGs
[2024-04-04T18:19:20.990+0000] {logging_mixin.py:188} INFO - [2024-04-04T18:19:20.990+0000] {dag.py:3823} INFO - Setting next_dagrun for dag_airflow_test1 to None, run_after=None
[2024-04-04T18:19:21.025+0000] {processor.py:183} INFO - Processing /opt/airflow/dags/deg.py took 0.124 seconds
[2024-04-04T18:19:52.001+0000] {processor.py:161} INFO - Started process (PID=46999) to work on /opt/airflow/dags/deg.py
[2024-04-04T18:19:52.003+0000] {processor.py:830} INFO - Processing file /opt/airflow/dags/deg.py for tasks to queue
[2024-04-04T18:19:52.006+0000] {logging_mixin.py:188} INFO - [2024-04-04T18:19:52.005+0000] {dagbag.py:538} INFO - Filling up the DagBag from /opt/airflow/dags/deg.py
[2024-04-04T18:19:52.048+0000] {processor.py:840} INFO - DAG(s) 'dag_airflow_test1' retrieved from /opt/airflow/dags/deg.py
[2024-04-04T18:19:52.078+0000] {logging_mixin.py:188} INFO - [2024-04-04T18:19:52.077+0000] {dag.py:3036} INFO - Sync 1 DAGs
[2024-04-04T18:19:52.111+0000] {logging_mixin.py:188} INFO - [2024-04-04T18:19:52.110+0000] {dag.py:3823} INFO - Setting next_dagrun for dag_airflow_test1 to None, run_after=None
[2024-04-04T18:19:52.169+0000] {processor.py:183} INFO - Processing /opt/airflow/dags/deg.py took 0.177 seconds
[2024-04-04T18:20:23.351+0000] {processor.py:161} INFO - Started process (PID=47059) to work on /opt/airflow/dags/deg.py
[2024-04-04T18:20:23.361+0000] {processor.py:830} INFO - Processing file /opt/airflow/dags/deg.py for tasks to queue
[2024-04-04T18:20:23.378+0000] {logging_mixin.py:188} INFO - [2024-04-04T18:20:23.376+0000] {dagbag.py:538} INFO - Filling up the DagBag from /opt/airflow/dags/deg.py
[2024-04-04T18:20:23.460+0000] {processor.py:840} INFO - DAG(s) 'dag_airflow_test1' retrieved from /opt/airflow/dags/deg.py
[2024-04-04T18:20:23.548+0000] {logging_mixin.py:188} INFO - [2024-04-04T18:20:23.546+0000] {dag.py:3036} INFO - Sync 1 DAGs
[2024-04-04T18:20:23.646+0000] {logging_mixin.py:188} INFO - [2024-04-04T18:20:23.645+0000] {dag.py:3823} INFO - Setting next_dagrun for dag_airflow_test1 to None, run_after=None
[2024-04-04T18:20:23.771+0000] {processor.py:183} INFO - Processing /opt/airflow/dags/deg.py took 0.464 seconds
[2024-04-04T18:20:54.736+0000] {processor.py:161} INFO - Started process (PID=47125) to work on /opt/airflow/dags/deg.py
[2024-04-04T18:20:54.743+0000] {processor.py:830} INFO - Processing file /opt/airflow/dags/deg.py for tasks to queue
[2024-04-04T18:20:54.751+0000] {logging_mixin.py:188} INFO - [2024-04-04T18:20:54.749+0000] {dagbag.py:538} INFO - Filling up the DagBag from /opt/airflow/dags/deg.py
[2024-04-04T18:20:54.858+0000] {processor.py:840} INFO - DAG(s) 'dag_airflow_test1' retrieved from /opt/airflow/dags/deg.py
[2024-04-04T18:20:54.940+0000] {logging_mixin.py:188} INFO - [2024-04-04T18:20:54.938+0000] {dag.py:3036} INFO - Sync 1 DAGs
[2024-04-04T18:20:55.074+0000] {logging_mixin.py:188} INFO - [2024-04-04T18:20:55.070+0000] {dag.py:3823} INFO - Setting next_dagrun for dag_airflow_test1 to None, run_after=None
[2024-04-04T18:20:55.272+0000] {processor.py:183} INFO - Processing /opt/airflow/dags/deg.py took 0.564 seconds
[2024-04-04T18:21:25.606+0000] {processor.py:161} INFO - Started process (PID=47185) to work on /opt/airflow/dags/deg.py
[2024-04-04T18:21:25.610+0000] {processor.py:830} INFO - Processing file /opt/airflow/dags/deg.py for tasks to queue
[2024-04-04T18:21:25.614+0000] {logging_mixin.py:188} INFO - [2024-04-04T18:21:25.613+0000] {dagbag.py:538} INFO - Filling up the DagBag from /opt/airflow/dags/deg.py
[2024-04-04T18:21:25.670+0000] {processor.py:840} INFO - DAG(s) 'dag_airflow_test1' retrieved from /opt/airflow/dags/deg.py
[2024-04-04T18:21:25.718+0000] {logging_mixin.py:188} INFO - [2024-04-04T18:21:25.717+0000] {dag.py:3036} INFO - Sync 1 DAGs
[2024-04-04T18:21:25.770+0000] {logging_mixin.py:188} INFO - [2024-04-04T18:21:25.769+0000] {dag.py:3823} INFO - Setting next_dagrun for dag_airflow_test1 to None, run_after=None
[2024-04-04T18:21:25.841+0000] {processor.py:183} INFO - Processing /opt/airflow/dags/deg.py took 0.249 seconds
[2024-04-04T18:21:55.956+0000] {processor.py:161} INFO - Started process (PID=47245) to work on /opt/airflow/dags/deg.py
[2024-04-04T18:21:55.960+0000] {processor.py:830} INFO - Processing file /opt/airflow/dags/deg.py for tasks to queue
[2024-04-04T18:21:55.963+0000] {logging_mixin.py:188} INFO - [2024-04-04T18:21:55.962+0000] {dagbag.py:538} INFO - Filling up the DagBag from /opt/airflow/dags/deg.py
[2024-04-04T18:21:56.010+0000] {processor.py:840} INFO - DAG(s) 'dag_airflow_test1' retrieved from /opt/airflow/dags/deg.py
[2024-04-04T18:21:56.046+0000] {logging_mixin.py:188} INFO - [2024-04-04T18:21:56.045+0000] {dag.py:3036} INFO - Sync 1 DAGs
[2024-04-04T18:21:56.086+0000] {logging_mixin.py:188} INFO - [2024-04-04T18:21:56.085+0000] {dag.py:3823} INFO - Setting next_dagrun for dag_airflow_test1 to None, run_after=None
[2024-04-04T18:21:56.151+0000] {processor.py:183} INFO - Processing /opt/airflow/dags/deg.py took 0.205 seconds
[2024-04-04T18:22:27.136+0000] {processor.py:161} INFO - Started process (PID=47305) to work on /opt/airflow/dags/deg.py
[2024-04-04T18:22:27.139+0000] {processor.py:830} INFO - Processing file /opt/airflow/dags/deg.py for tasks to queue
[2024-04-04T18:22:27.142+0000] {logging_mixin.py:188} INFO - [2024-04-04T18:22:27.142+0000] {dagbag.py:538} INFO - Filling up the DagBag from /opt/airflow/dags/deg.py
[2024-04-04T18:22:27.196+0000] {processor.py:840} INFO - DAG(s) 'dag_airflow_test1' retrieved from /opt/airflow/dags/deg.py
[2024-04-04T18:22:27.235+0000] {logging_mixin.py:188} INFO - [2024-04-04T18:22:27.234+0000] {dag.py:3036} INFO - Sync 1 DAGs
[2024-04-04T18:22:27.276+0000] {logging_mixin.py:188} INFO - [2024-04-04T18:22:27.276+0000] {dag.py:3823} INFO - Setting next_dagrun for dag_airflow_test1 to None, run_after=None
[2024-04-04T18:22:27.329+0000] {processor.py:183} INFO - Processing /opt/airflow/dags/deg.py took 0.205 seconds
[2024-04-04T18:22:58.345+0000] {processor.py:161} INFO - Started process (PID=47365) to work on /opt/airflow/dags/deg.py
[2024-04-04T18:22:58.350+0000] {processor.py:830} INFO - Processing file /opt/airflow/dags/deg.py for tasks to queue
[2024-04-04T18:22:58.355+0000] {logging_mixin.py:188} INFO - [2024-04-04T18:22:58.354+0000] {dagbag.py:538} INFO - Filling up the DagBag from /opt/airflow/dags/deg.py
[2024-04-04T18:22:58.430+0000] {processor.py:840} INFO - DAG(s) 'dag_airflow_test1' retrieved from /opt/airflow/dags/deg.py
[2024-04-04T18:22:58.503+0000] {logging_mixin.py:188} INFO - [2024-04-04T18:22:58.502+0000] {dag.py:3036} INFO - Sync 1 DAGs
[2024-04-04T18:22:58.585+0000] {logging_mixin.py:188} INFO - [2024-04-04T18:22:58.584+0000] {dag.py:3823} INFO - Setting next_dagrun for dag_airflow_test1 to None, run_after=None
[2024-04-04T18:22:58.666+0000] {processor.py:183} INFO - Processing /opt/airflow/dags/deg.py took 0.337 seconds
[2024-04-04T18:23:29.128+0000] {processor.py:161} INFO - Started process (PID=47425) to work on /opt/airflow/dags/deg.py
[2024-04-04T18:23:29.132+0000] {processor.py:830} INFO - Processing file /opt/airflow/dags/deg.py for tasks to queue
[2024-04-04T18:23:29.135+0000] {logging_mixin.py:188} INFO - [2024-04-04T18:23:29.134+0000] {dagbag.py:538} INFO - Filling up the DagBag from /opt/airflow/dags/deg.py
[2024-04-04T18:23:29.189+0000] {processor.py:840} INFO - DAG(s) 'dag_airflow_test1' retrieved from /opt/airflow/dags/deg.py
[2024-04-04T18:23:29.237+0000] {logging_mixin.py:188} INFO - [2024-04-04T18:23:29.236+0000] {dag.py:3036} INFO - Sync 1 DAGs
[2024-04-04T18:23:29.301+0000] {logging_mixin.py:188} INFO - [2024-04-04T18:23:29.300+0000] {dag.py:3823} INFO - Setting next_dagrun for dag_airflow_test1 to None, run_after=None
[2024-04-04T18:23:29.368+0000] {processor.py:183} INFO - Processing /opt/airflow/dags/deg.py took 0.253 seconds
[2024-04-04T19:14:32.063+0000] {processor.py:161} INFO - Started process (PID=47476) to work on /opt/airflow/dags/deg.py
[2024-04-04T19:14:32.064+0000] {processor.py:830} INFO - Processing file /opt/airflow/dags/deg.py for tasks to queue
[2024-04-04T19:14:32.066+0000] {logging_mixin.py:188} INFO - [2024-04-04T19:14:32.065+0000] {dagbag.py:538} INFO - Filling up the DagBag from /opt/airflow/dags/deg.py
[2024-04-04T19:14:32.081+0000] {processor.py:840} INFO - DAG(s) 'dag_airflow_test1' retrieved from /opt/airflow/dags/deg.py
[2024-04-04T19:14:32.099+0000] {logging_mixin.py:188} INFO - [2024-04-04T19:14:32.098+0000] {dag.py:3036} INFO - Sync 1 DAGs
[2024-04-04T19:14:32.121+0000] {logging_mixin.py:188} INFO - [2024-04-04T19:14:32.121+0000] {dag.py:3823} INFO - Setting next_dagrun for dag_airflow_test1 to None, run_after=None
[2024-04-04T19:14:32.153+0000] {processor.py:183} INFO - Processing /opt/airflow/dags/deg.py took 0.096 seconds
[2024-04-04T19:15:03.004+0000] {processor.py:161} INFO - Started process (PID=47536) to work on /opt/airflow/dags/deg.py
[2024-04-04T19:15:03.008+0000] {processor.py:830} INFO - Processing file /opt/airflow/dags/deg.py for tasks to queue
[2024-04-04T19:15:03.012+0000] {logging_mixin.py:188} INFO - [2024-04-04T19:15:03.011+0000] {dagbag.py:538} INFO - Filling up the DagBag from /opt/airflow/dags/deg.py
[2024-04-04T19:15:03.058+0000] {processor.py:840} INFO - DAG(s) 'dag_airflow_test1' retrieved from /opt/airflow/dags/deg.py
[2024-04-04T19:15:03.101+0000] {logging_mixin.py:188} INFO - [2024-04-04T19:15:03.100+0000] {dag.py:3036} INFO - Sync 1 DAGs
[2024-04-04T19:15:03.152+0000] {logging_mixin.py:188} INFO - [2024-04-04T19:15:03.151+0000] {dag.py:3823} INFO - Setting next_dagrun for dag_airflow_test1 to None, run_after=None
[2024-04-04T19:15:03.221+0000] {processor.py:183} INFO - Processing /opt/airflow/dags/deg.py took 0.230 seconds
[2024-04-04T22:03:46.657+0000] {processor.py:161} INFO - Started process (PID=47616) to work on /opt/airflow/dags/deg.py
[2024-04-04T22:03:46.659+0000] {processor.py:830} INFO - Processing file /opt/airflow/dags/deg.py for tasks to queue
[2024-04-04T22:03:46.662+0000] {logging_mixin.py:188} INFO - [2024-04-04T22:03:46.661+0000] {dagbag.py:538} INFO - Filling up the DagBag from /opt/airflow/dags/deg.py
[2024-04-04T22:03:46.695+0000] {processor.py:840} INFO - DAG(s) 'dag_airflow_test1' retrieved from /opt/airflow/dags/deg.py
[2024-04-04T22:03:46.952+0000] {logging_mixin.py:188} INFO - [2024-04-04T22:03:46.952+0000] {dag.py:3036} INFO - Sync 1 DAGs
[2024-04-04T22:03:46.977+0000] {logging_mixin.py:188} INFO - [2024-04-04T22:03:46.976+0000] {dag.py:3823} INFO - Setting next_dagrun for dag_airflow_test1 to None, run_after=None
[2024-04-04T22:03:47.255+0000] {processor.py:183} INFO - Processing /opt/airflow/dags/deg.py took 0.604 seconds
[2024-04-04T23:15:24.416+0000] {processor.py:161} INFO - Started process (PID=47694) to work on /opt/airflow/dags/deg.py
[2024-04-04T23:15:24.442+0000] {processor.py:830} INFO - Processing file /opt/airflow/dags/deg.py for tasks to queue
[2024-04-04T23:15:24.476+0000] {logging_mixin.py:188} INFO - [2024-04-04T23:15:24.465+0000] {dagbag.py:538} INFO - Filling up the DagBag from /opt/airflow/dags/deg.py
[2024-04-04T23:15:24.633+0000] {processor.py:840} INFO - DAG(s) 'dag_airflow_test1' retrieved from /opt/airflow/dags/deg.py
[2024-04-04T23:15:24.709+0000] {logging_mixin.py:188} INFO - [2024-04-04T23:15:24.707+0000] {dag.py:3036} INFO - Sync 1 DAGs
[2024-04-04T23:15:24.808+0000] {logging_mixin.py:188} INFO - [2024-04-04T23:15:24.807+0000] {dag.py:3823} INFO - Setting next_dagrun for dag_airflow_test1 to None, run_after=None
[2024-04-04T23:15:24.912+0000] {processor.py:183} INFO - Processing /opt/airflow/dags/deg.py took 0.575 seconds
[2024-04-04T23:15:57.096+0000] {processor.py:161} INFO - Started process (PID=47754) to work on /opt/airflow/dags/deg.py
[2024-04-04T23:15:57.103+0000] {processor.py:830} INFO - Processing file /opt/airflow/dags/deg.py for tasks to queue
[2024-04-04T23:15:57.111+0000] {logging_mixin.py:188} INFO - [2024-04-04T23:15:57.109+0000] {dagbag.py:538} INFO - Filling up the DagBag from /opt/airflow/dags/deg.py
[2024-04-04T23:15:57.200+0000] {processor.py:840} INFO - DAG(s) 'dag_airflow_test1' retrieved from /opt/airflow/dags/deg.py
[2024-04-04T23:15:59.075+0000] {logging_mixin.py:188} INFO - [2024-04-04T23:15:59.073+0000] {dag.py:3036} INFO - Sync 1 DAGs
[2024-04-04T23:15:59.131+0000] {logging_mixin.py:188} INFO - [2024-04-04T23:15:59.130+0000] {dag.py:3823} INFO - Setting next_dagrun for dag_airflow_test1 to None, run_after=None
[2024-04-04T23:15:59.234+0000] {processor.py:183} INFO - Processing /opt/airflow/dags/deg.py took 2.175 seconds
[2024-04-04T23:16:29.813+0000] {processor.py:161} INFO - Started process (PID=47814) to work on /opt/airflow/dags/deg.py
[2024-04-04T23:16:29.815+0000] {processor.py:830} INFO - Processing file /opt/airflow/dags/deg.py for tasks to queue
[2024-04-04T23:16:29.818+0000] {logging_mixin.py:188} INFO - [2024-04-04T23:16:29.818+0000] {dagbag.py:538} INFO - Filling up the DagBag from /opt/airflow/dags/deg.py
[2024-04-04T23:16:29.863+0000] {processor.py:840} INFO - DAG(s) 'dag_airflow_test1' retrieved from /opt/airflow/dags/deg.py
[2024-04-04T23:16:29.916+0000] {logging_mixin.py:188} INFO - [2024-04-04T23:16:29.915+0000] {dag.py:3036} INFO - Sync 1 DAGs
[2024-04-04T23:16:29.962+0000] {logging_mixin.py:188} INFO - [2024-04-04T23:16:29.961+0000] {dag.py:3823} INFO - Setting next_dagrun for dag_airflow_test1 to None, run_after=None
[2024-04-04T23:16:30.029+0000] {processor.py:183} INFO - Processing /opt/airflow/dags/deg.py took 0.227 seconds
[2024-04-04T23:17:00.200+0000] {processor.py:161} INFO - Started process (PID=47874) to work on /opt/airflow/dags/deg.py
[2024-04-04T23:17:00.206+0000] {processor.py:830} INFO - Processing file /opt/airflow/dags/deg.py for tasks to queue
[2024-04-04T23:17:00.212+0000] {logging_mixin.py:188} INFO - [2024-04-04T23:17:00.210+0000] {dagbag.py:538} INFO - Filling up the DagBag from /opt/airflow/dags/deg.py
[2024-04-04T23:17:00.290+0000] {processor.py:840} INFO - DAG(s) 'dag_airflow_test1' retrieved from /opt/airflow/dags/deg.py
[2024-04-04T23:17:00.364+0000] {logging_mixin.py:188} INFO - [2024-04-04T23:17:00.363+0000] {dag.py:3036} INFO - Sync 1 DAGs
[2024-04-04T23:17:00.461+0000] {logging_mixin.py:188} INFO - [2024-04-04T23:17:00.460+0000] {dag.py:3823} INFO - Setting next_dagrun for dag_airflow_test1 to None, run_after=None
[2024-04-04T23:17:00.635+0000] {processor.py:183} INFO - Processing /opt/airflow/dags/deg.py took 0.458 seconds
[2024-04-04T23:17:31.293+0000] {processor.py:161} INFO - Started process (PID=47934) to work on /opt/airflow/dags/deg.py
[2024-04-04T23:17:31.298+0000] {processor.py:830} INFO - Processing file /opt/airflow/dags/deg.py for tasks to queue
[2024-04-04T23:17:31.303+0000] {logging_mixin.py:188} INFO - [2024-04-04T23:17:31.302+0000] {dagbag.py:538} INFO - Filling up the DagBag from /opt/airflow/dags/deg.py
[2024-04-04T23:17:31.366+0000] {processor.py:840} INFO - DAG(s) 'dag_airflow_test1' retrieved from /opt/airflow/dags/deg.py
[2024-04-04T23:17:31.880+0000] {logging_mixin.py:188} INFO - [2024-04-04T23:17:31.879+0000] {dag.py:3036} INFO - Sync 1 DAGs
[2024-04-04T23:17:31.928+0000] {logging_mixin.py:188} INFO - [2024-04-04T23:17:31.927+0000] {dag.py:3823} INFO - Setting next_dagrun for dag_airflow_test1 to None, run_after=None
[2024-04-04T23:17:32.030+0000] {processor.py:183} INFO - Processing /opt/airflow/dags/deg.py took 0.765 seconds
[2024-04-04T23:18:02.887+0000] {processor.py:161} INFO - Started process (PID=47992) to work on /opt/airflow/dags/deg.py
[2024-04-04T23:18:02.889+0000] {processor.py:830} INFO - Processing file /opt/airflow/dags/deg.py for tasks to queue
[2024-04-04T23:18:02.890+0000] {logging_mixin.py:188} INFO - [2024-04-04T23:18:02.890+0000] {dagbag.py:538} INFO - Filling up the DagBag from /opt/airflow/dags/deg.py
[2024-04-04T23:18:02.911+0000] {processor.py:840} INFO - DAG(s) 'dag_airflow_test1' retrieved from /opt/airflow/dags/deg.py
[2024-04-04T23:18:02.945+0000] {logging_mixin.py:188} INFO - [2024-04-04T23:18:02.944+0000] {dag.py:3036} INFO - Sync 1 DAGs
[2024-04-04T23:18:02.965+0000] {logging_mixin.py:188} INFO - [2024-04-04T23:18:02.965+0000] {dag.py:3823} INFO - Setting next_dagrun for dag_airflow_test1 to None, run_after=None
[2024-04-04T23:18:03.007+0000] {processor.py:183} INFO - Processing /opt/airflow/dags/deg.py took 0.126 seconds
[2024-04-04T23:18:33.548+0000] {processor.py:161} INFO - Started process (PID=48052) to work on /opt/airflow/dags/deg.py
[2024-04-04T23:18:33.550+0000] {processor.py:830} INFO - Processing file /opt/airflow/dags/deg.py for tasks to queue
[2024-04-04T23:18:33.552+0000] {logging_mixin.py:188} INFO - [2024-04-04T23:18:33.551+0000] {dagbag.py:538} INFO - Filling up the DagBag from /opt/airflow/dags/deg.py
[2024-04-04T23:18:33.576+0000] {processor.py:840} INFO - DAG(s) 'dag_airflow_test1' retrieved from /opt/airflow/dags/deg.py
[2024-04-04T23:18:33.600+0000] {logging_mixin.py:188} INFO - [2024-04-04T23:18:33.600+0000] {dag.py:3036} INFO - Sync 1 DAGs
[2024-04-04T23:18:33.624+0000] {logging_mixin.py:188} INFO - [2024-04-04T23:18:33.624+0000] {dag.py:3823} INFO - Setting next_dagrun for dag_airflow_test1 to None, run_after=None
[2024-04-04T23:18:33.668+0000] {processor.py:183} INFO - Processing /opt/airflow/dags/deg.py took 0.127 seconds
[2024-04-04T23:19:03.912+0000] {processor.py:161} INFO - Started process (PID=48113) to work on /opt/airflow/dags/deg.py
[2024-04-04T23:19:03.915+0000] {processor.py:830} INFO - Processing file /opt/airflow/dags/deg.py for tasks to queue
[2024-04-04T23:19:03.919+0000] {logging_mixin.py:188} INFO - [2024-04-04T23:19:03.918+0000] {dagbag.py:538} INFO - Filling up the DagBag from /opt/airflow/dags/deg.py
[2024-04-04T23:19:03.969+0000] {processor.py:840} INFO - DAG(s) 'dag_airflow_test1' retrieved from /opt/airflow/dags/deg.py
[2024-04-04T23:19:04.427+0000] {logging_mixin.py:188} INFO - [2024-04-04T23:19:04.426+0000] {dag.py:3036} INFO - Sync 1 DAGs
[2024-04-04T23:19:04.492+0000] {logging_mixin.py:188} INFO - [2024-04-04T23:19:04.491+0000] {dag.py:3823} INFO - Setting next_dagrun for dag_airflow_test1 to None, run_after=None
[2024-04-04T23:19:04.574+0000] {processor.py:183} INFO - Processing /opt/airflow/dags/deg.py took 0.674 seconds
[2024-04-04T23:19:34.823+0000] {processor.py:161} INFO - Started process (PID=48174) to work on /opt/airflow/dags/deg.py
[2024-04-04T23:19:34.828+0000] {processor.py:830} INFO - Processing file /opt/airflow/dags/deg.py for tasks to queue
[2024-04-04T23:19:34.834+0000] {logging_mixin.py:188} INFO - [2024-04-04T23:19:34.833+0000] {dagbag.py:538} INFO - Filling up the DagBag from /opt/airflow/dags/deg.py
[2024-04-04T23:19:34.925+0000] {processor.py:840} INFO - DAG(s) 'dag_airflow_test1' retrieved from /opt/airflow/dags/deg.py
[2024-04-04T23:19:35.027+0000] {logging_mixin.py:188} INFO - [2024-04-04T23:19:35.026+0000] {dag.py:3036} INFO - Sync 1 DAGs
[2024-04-04T23:19:35.097+0000] {logging_mixin.py:188} INFO - [2024-04-04T23:19:35.096+0000] {dag.py:3823} INFO - Setting next_dagrun for dag_airflow_test1 to None, run_after=None
[2024-04-04T23:19:35.173+0000] {processor.py:183} INFO - Processing /opt/airflow/dags/deg.py took 0.370 seconds
[2024-04-04T23:20:05.886+0000] {processor.py:161} INFO - Started process (PID=48233) to work on /opt/airflow/dags/deg.py
[2024-04-04T23:20:05.888+0000] {processor.py:830} INFO - Processing file /opt/airflow/dags/deg.py for tasks to queue
[2024-04-04T23:20:05.890+0000] {logging_mixin.py:188} INFO - [2024-04-04T23:20:05.889+0000] {dagbag.py:538} INFO - Filling up the DagBag from /opt/airflow/dags/deg.py
[2024-04-04T23:20:05.912+0000] {processor.py:840} INFO - DAG(s) 'dag_airflow_test1' retrieved from /opt/airflow/dags/deg.py
[2024-04-04T23:20:05.934+0000] {logging_mixin.py:188} INFO - [2024-04-04T23:20:05.934+0000] {dag.py:3036} INFO - Sync 1 DAGs
[2024-04-04T23:20:05.957+0000] {logging_mixin.py:188} INFO - [2024-04-04T23:20:05.957+0000] {dag.py:3823} INFO - Setting next_dagrun for dag_airflow_test1 to None, run_after=None
[2024-04-04T23:20:05.996+0000] {processor.py:183} INFO - Processing /opt/airflow/dags/deg.py took 0.117 seconds
[2024-04-04T23:20:36.873+0000] {processor.py:161} INFO - Started process (PID=48293) to work on /opt/airflow/dags/deg.py
[2024-04-04T23:20:36.874+0000] {processor.py:830} INFO - Processing file /opt/airflow/dags/deg.py for tasks to queue
[2024-04-04T23:20:36.876+0000] {logging_mixin.py:188} INFO - [2024-04-04T23:20:36.876+0000] {dagbag.py:538} INFO - Filling up the DagBag from /opt/airflow/dags/deg.py
[2024-04-04T23:20:36.900+0000] {processor.py:840} INFO - DAG(s) 'dag_airflow_test1' retrieved from /opt/airflow/dags/deg.py
[2024-04-04T23:20:37.096+0000] {logging_mixin.py:188} INFO - [2024-04-04T23:20:37.096+0000] {dag.py:3036} INFO - Sync 1 DAGs
[2024-04-04T23:20:37.118+0000] {logging_mixin.py:188} INFO - [2024-04-04T23:20:37.118+0000] {dag.py:3823} INFO - Setting next_dagrun for dag_airflow_test1 to None, run_after=None
[2024-04-04T23:20:37.159+0000] {processor.py:183} INFO - Processing /opt/airflow/dags/deg.py took 0.293 seconds
[2024-04-04T23:21:07.766+0000] {processor.py:161} INFO - Started process (PID=48354) to work on /opt/airflow/dags/deg.py
[2024-04-04T23:21:07.772+0000] {processor.py:830} INFO - Processing file /opt/airflow/dags/deg.py for tasks to queue
[2024-04-04T23:21:07.776+0000] {logging_mixin.py:188} INFO - [2024-04-04T23:21:07.774+0000] {dagbag.py:538} INFO - Filling up the DagBag from /opt/airflow/dags/deg.py
[2024-04-04T23:21:07.832+0000] {processor.py:840} INFO - DAG(s) 'dag_airflow_test1' retrieved from /opt/airflow/dags/deg.py
[2024-04-04T23:21:07.913+0000] {logging_mixin.py:188} INFO - [2024-04-04T23:21:07.912+0000] {dag.py:3036} INFO - Sync 1 DAGs
[2024-04-04T23:21:07.965+0000] {logging_mixin.py:188} INFO - [2024-04-04T23:21:07.964+0000] {dag.py:3823} INFO - Setting next_dagrun for dag_airflow_test1 to None, run_after=None
[2024-04-04T23:21:08.053+0000] {processor.py:183} INFO - Processing /opt/airflow/dags/deg.py took 0.306 seconds
[2024-04-04T23:21:38.703+0000] {processor.py:161} INFO - Started process (PID=48413) to work on /opt/airflow/dags/deg.py
[2024-04-04T23:21:38.707+0000] {processor.py:830} INFO - Processing file /opt/airflow/dags/deg.py for tasks to queue
[2024-04-04T23:21:38.710+0000] {logging_mixin.py:188} INFO - [2024-04-04T23:21:38.709+0000] {dagbag.py:538} INFO - Filling up the DagBag from /opt/airflow/dags/deg.py
[2024-04-04T23:21:38.754+0000] {processor.py:840} INFO - DAG(s) 'dag_airflow_test1' retrieved from /opt/airflow/dags/deg.py
[2024-04-04T23:21:38.800+0000] {logging_mixin.py:188} INFO - [2024-04-04T23:21:38.799+0000] {dag.py:3036} INFO - Sync 1 DAGs
[2024-04-04T23:21:38.856+0000] {logging_mixin.py:188} INFO - [2024-04-04T23:21:38.855+0000] {dag.py:3823} INFO - Setting next_dagrun for dag_airflow_test1 to None, run_after=None
[2024-04-04T23:21:38.936+0000] {processor.py:183} INFO - Processing /opt/airflow/dags/deg.py took 0.253 seconds
[2024-04-04T23:22:09.143+0000] {processor.py:161} INFO - Started process (PID=48473) to work on /opt/airflow/dags/deg.py
[2024-04-04T23:22:09.145+0000] {processor.py:830} INFO - Processing file /opt/airflow/dags/deg.py for tasks to queue
[2024-04-04T23:22:09.147+0000] {logging_mixin.py:188} INFO - [2024-04-04T23:22:09.146+0000] {dagbag.py:538} INFO - Filling up the DagBag from /opt/airflow/dags/deg.py
[2024-04-04T23:22:09.170+0000] {processor.py:840} INFO - DAG(s) 'dag_airflow_test1' retrieved from /opt/airflow/dags/deg.py
[2024-04-04T23:22:09.367+0000] {logging_mixin.py:188} INFO - [2024-04-04T23:22:09.366+0000] {dag.py:3036} INFO - Sync 1 DAGs
[2024-04-04T23:22:09.397+0000] {logging_mixin.py:188} INFO - [2024-04-04T23:22:09.396+0000] {dag.py:3823} INFO - Setting next_dagrun for dag_airflow_test1 to None, run_after=None
[2024-04-04T23:22:09.434+0000] {processor.py:183} INFO - Processing /opt/airflow/dags/deg.py took 0.297 seconds
[2024-04-04T23:22:40.502+0000] {processor.py:161} INFO - Started process (PID=48533) to work on /opt/airflow/dags/deg.py
[2024-04-04T23:22:40.504+0000] {processor.py:830} INFO - Processing file /opt/airflow/dags/deg.py for tasks to queue
[2024-04-04T23:22:40.506+0000] {logging_mixin.py:188} INFO - [2024-04-04T23:22:40.506+0000] {dagbag.py:538} INFO - Filling up the DagBag from /opt/airflow/dags/deg.py
[2024-04-04T23:22:40.534+0000] {processor.py:840} INFO - DAG(s) 'dag_airflow_test1' retrieved from /opt/airflow/dags/deg.py
[2024-04-04T23:22:40.569+0000] {logging_mixin.py:188} INFO - [2024-04-04T23:22:40.568+0000] {dag.py:3036} INFO - Sync 1 DAGs
[2024-04-04T23:22:40.592+0000] {logging_mixin.py:188} INFO - [2024-04-04T23:22:40.592+0000] {dag.py:3823} INFO - Setting next_dagrun for dag_airflow_test1 to None, run_after=None
[2024-04-04T23:22:40.629+0000] {processor.py:183} INFO - Processing /opt/airflow/dags/deg.py took 0.134 seconds
[2024-04-04T23:23:11.266+0000] {processor.py:161} INFO - Started process (PID=48593) to work on /opt/airflow/dags/deg.py
[2024-04-04T23:23:11.269+0000] {processor.py:830} INFO - Processing file /opt/airflow/dags/deg.py for tasks to queue
[2024-04-04T23:23:11.276+0000] {logging_mixin.py:188} INFO - [2024-04-04T23:23:11.272+0000] {dagbag.py:538} INFO - Filling up the DagBag from /opt/airflow/dags/deg.py
[2024-04-04T23:23:11.329+0000] {processor.py:840} INFO - DAG(s) 'dag_airflow_test1' retrieved from /opt/airflow/dags/deg.py
[2024-04-04T23:23:11.376+0000] {logging_mixin.py:188} INFO - [2024-04-04T23:23:11.374+0000] {dag.py:3036} INFO - Sync 1 DAGs
[2024-04-04T23:23:11.451+0000] {logging_mixin.py:188} INFO - [2024-04-04T23:23:11.449+0000] {dag.py:3823} INFO - Setting next_dagrun for dag_airflow_test1 to None, run_after=None
[2024-04-04T23:23:11.555+0000] {processor.py:183} INFO - Processing /opt/airflow/dags/deg.py took 0.300 seconds
[2024-04-04T23:23:42.198+0000] {processor.py:161} INFO - Started process (PID=48659) to work on /opt/airflow/dags/deg.py
[2024-04-04T23:23:42.204+0000] {processor.py:830} INFO - Processing file /opt/airflow/dags/deg.py for tasks to queue
[2024-04-04T23:23:42.220+0000] {logging_mixin.py:188} INFO - [2024-04-04T23:23:42.217+0000] {dagbag.py:538} INFO - Filling up the DagBag from /opt/airflow/dags/deg.py
[2024-04-04T23:23:42.298+0000] {processor.py:840} INFO - DAG(s) 'dag_airflow_test1' retrieved from /opt/airflow/dags/deg.py
[2024-04-04T23:23:42.960+0000] {logging_mixin.py:188} INFO - [2024-04-04T23:23:42.959+0000] {dag.py:3036} INFO - Sync 1 DAGs
[2024-04-04T23:23:43.010+0000] {logging_mixin.py:188} INFO - [2024-04-04T23:23:43.009+0000] {dag.py:3823} INFO - Setting next_dagrun for dag_airflow_test1 to None, run_after=None
[2024-04-04T23:23:43.126+0000] {processor.py:183} INFO - Processing /opt/airflow/dags/deg.py took 0.971 seconds
[2024-04-04T23:24:13.856+0000] {processor.py:161} INFO - Started process (PID=48719) to work on /opt/airflow/dags/deg.py
[2024-04-04T23:24:13.859+0000] {processor.py:830} INFO - Processing file /opt/airflow/dags/deg.py for tasks to queue
[2024-04-04T23:24:13.862+0000] {logging_mixin.py:188} INFO - [2024-04-04T23:24:13.861+0000] {dagbag.py:538} INFO - Filling up the DagBag from /opt/airflow/dags/deg.py
[2024-04-04T23:24:13.892+0000] {processor.py:840} INFO - DAG(s) 'dag_airflow_test1' retrieved from /opt/airflow/dags/deg.py
[2024-04-04T23:24:13.939+0000] {logging_mixin.py:188} INFO - [2024-04-04T23:24:13.939+0000] {dag.py:3036} INFO - Sync 1 DAGs
[2024-04-04T23:24:13.969+0000] {logging_mixin.py:188} INFO - [2024-04-04T23:24:13.968+0000] {dag.py:3823} INFO - Setting next_dagrun for dag_airflow_test1 to None, run_after=None
[2024-04-04T23:24:14.013+0000] {processor.py:183} INFO - Processing /opt/airflow/dags/deg.py took 0.167 seconds
[2024-04-04T23:24:44.360+0000] {processor.py:161} INFO - Started process (PID=48779) to work on /opt/airflow/dags/deg.py
[2024-04-04T23:24:44.362+0000] {processor.py:830} INFO - Processing file /opt/airflow/dags/deg.py for tasks to queue
[2024-04-04T23:24:44.364+0000] {logging_mixin.py:188} INFO - [2024-04-04T23:24:44.363+0000] {dagbag.py:538} INFO - Filling up the DagBag from /opt/airflow/dags/deg.py
[2024-04-04T23:24:44.389+0000] {processor.py:840} INFO - DAG(s) 'dag_airflow_test1' retrieved from /opt/airflow/dags/deg.py
[2024-04-04T23:24:44.411+0000] {logging_mixin.py:188} INFO - [2024-04-04T23:24:44.410+0000] {dag.py:3036} INFO - Sync 1 DAGs
[2024-04-04T23:24:44.434+0000] {logging_mixin.py:188} INFO - [2024-04-04T23:24:44.433+0000] {dag.py:3823} INFO - Setting next_dagrun for dag_airflow_test1 to None, run_after=None
[2024-04-04T23:24:44.476+0000] {processor.py:183} INFO - Processing /opt/airflow/dags/deg.py took 0.124 seconds
[2024-04-04T23:25:14.775+0000] {processor.py:161} INFO - Started process (PID=48839) to work on /opt/airflow/dags/deg.py
[2024-04-04T23:25:14.778+0000] {processor.py:830} INFO - Processing file /opt/airflow/dags/deg.py for tasks to queue
[2024-04-04T23:25:14.780+0000] {logging_mixin.py:188} INFO - [2024-04-04T23:25:14.779+0000] {dagbag.py:538} INFO - Filling up the DagBag from /opt/airflow/dags/deg.py
[2024-04-04T23:25:14.813+0000] {processor.py:840} INFO - DAG(s) 'dag_airflow_test1' retrieved from /opt/airflow/dags/deg.py
[2024-04-04T23:25:15.063+0000] {logging_mixin.py:188} INFO - [2024-04-04T23:25:15.063+0000] {dag.py:3036} INFO - Sync 1 DAGs
[2024-04-04T23:25:15.087+0000] {logging_mixin.py:188} INFO - [2024-04-04T23:25:15.086+0000] {dag.py:3823} INFO - Setting next_dagrun for dag_airflow_test1 to None, run_after=None
[2024-04-04T23:25:15.142+0000] {processor.py:183} INFO - Processing /opt/airflow/dags/deg.py took 0.374 seconds
[2024-04-04T23:25:45.848+0000] {processor.py:161} INFO - Started process (PID=48899) to work on /opt/airflow/dags/deg.py
[2024-04-04T23:25:45.854+0000] {processor.py:830} INFO - Processing file /opt/airflow/dags/deg.py for tasks to queue
[2024-04-04T23:25:45.859+0000] {logging_mixin.py:188} INFO - [2024-04-04T23:25:45.858+0000] {dagbag.py:538} INFO - Filling up the DagBag from /opt/airflow/dags/deg.py
[2024-04-04T23:25:45.916+0000] {processor.py:840} INFO - DAG(s) 'dag_airflow_test1' retrieved from /opt/airflow/dags/deg.py
[2024-04-04T23:25:46.028+0000] {logging_mixin.py:188} INFO - [2024-04-04T23:25:46.027+0000] {dag.py:3036} INFO - Sync 1 DAGs
[2024-04-04T23:25:46.099+0000] {logging_mixin.py:188} INFO - [2024-04-04T23:25:46.098+0000] {dag.py:3823} INFO - Setting next_dagrun for dag_airflow_test1 to None, run_after=None
[2024-04-04T23:25:46.203+0000] {processor.py:183} INFO - Processing /opt/airflow/dags/deg.py took 0.375 seconds
[2024-04-04T23:26:16.747+0000] {processor.py:161} INFO - Started process (PID=48959) to work on /opt/airflow/dags/deg.py
[2024-04-04T23:26:16.750+0000] {processor.py:830} INFO - Processing file /opt/airflow/dags/deg.py for tasks to queue
[2024-04-04T23:26:16.753+0000] {logging_mixin.py:188} INFO - [2024-04-04T23:26:16.753+0000] {dagbag.py:538} INFO - Filling up the DagBag from /opt/airflow/dags/deg.py
[2024-04-04T23:26:16.796+0000] {processor.py:840} INFO - DAG(s) 'dag_airflow_test1' retrieved from /opt/airflow/dags/deg.py
[2024-04-04T23:26:16.833+0000] {logging_mixin.py:188} INFO - [2024-04-04T23:26:16.832+0000] {dag.py:3036} INFO - Sync 1 DAGs
[2024-04-04T23:26:16.874+0000] {logging_mixin.py:188} INFO - [2024-04-04T23:26:16.873+0000] {dag.py:3823} INFO - Setting next_dagrun for dag_airflow_test1 to None, run_after=None
[2024-04-04T23:26:16.939+0000] {processor.py:183} INFO - Processing /opt/airflow/dags/deg.py took 0.203 seconds
[2024-04-04T23:26:47.173+0000] {processor.py:161} INFO - Started process (PID=49019) to work on /opt/airflow/dags/deg.py
[2024-04-04T23:26:47.175+0000] {processor.py:830} INFO - Processing file /opt/airflow/dags/deg.py for tasks to queue
[2024-04-04T23:26:47.177+0000] {logging_mixin.py:188} INFO - [2024-04-04T23:26:47.177+0000] {dagbag.py:538} INFO - Filling up the DagBag from /opt/airflow/dags/deg.py
[2024-04-04T23:26:47.203+0000] {processor.py:840} INFO - DAG(s) 'dag_airflow_test1' retrieved from /opt/airflow/dags/deg.py
[2024-04-04T23:26:47.391+0000] {logging_mixin.py:188} INFO - [2024-04-04T23:26:47.391+0000] {dag.py:3036} INFO - Sync 1 DAGs
[2024-04-04T23:26:47.410+0000] {logging_mixin.py:188} INFO - [2024-04-04T23:26:47.409+0000] {dag.py:3823} INFO - Setting next_dagrun for dag_airflow_test1 to None, run_after=None
[2024-04-04T23:26:47.461+0000] {processor.py:183} INFO - Processing /opt/airflow/dags/deg.py took 0.293 seconds
[2024-04-04T23:27:18.328+0000] {processor.py:161} INFO - Started process (PID=49079) to work on /opt/airflow/dags/deg.py
[2024-04-04T23:27:18.334+0000] {processor.py:830} INFO - Processing file /opt/airflow/dags/deg.py for tasks to queue
[2024-04-04T23:27:18.341+0000] {logging_mixin.py:188} INFO - [2024-04-04T23:27:18.339+0000] {dagbag.py:538} INFO - Filling up the DagBag from /opt/airflow/dags/deg.py
[2024-04-04T23:27:18.415+0000] {processor.py:840} INFO - DAG(s) 'dag_airflow_test1' retrieved from /opt/airflow/dags/deg.py
[2024-04-04T23:27:18.548+0000] {logging_mixin.py:188} INFO - [2024-04-04T23:27:18.546+0000] {dag.py:3036} INFO - Sync 1 DAGs
[2024-04-04T23:27:18.633+0000] {logging_mixin.py:188} INFO - [2024-04-04T23:27:18.632+0000] {dag.py:3823} INFO - Setting next_dagrun for dag_airflow_test1 to None, run_after=None
[2024-04-04T23:27:18.735+0000] {processor.py:183} INFO - Processing /opt/airflow/dags/deg.py took 0.430 seconds
[2024-04-04T23:27:49.888+0000] {processor.py:161} INFO - Started process (PID=49139) to work on /opt/airflow/dags/deg.py
[2024-04-04T23:27:49.896+0000] {processor.py:830} INFO - Processing file /opt/airflow/dags/deg.py for tasks to queue
[2024-04-04T23:27:49.904+0000] {logging_mixin.py:188} INFO - [2024-04-04T23:27:49.902+0000] {dagbag.py:538} INFO - Filling up the DagBag from /opt/airflow/dags/deg.py
[2024-04-04T23:27:49.987+0000] {processor.py:840} INFO - DAG(s) 'dag_airflow_test1' retrieved from /opt/airflow/dags/deg.py
[2024-04-04T23:27:50.064+0000] {logging_mixin.py:188} INFO - [2024-04-04T23:27:50.062+0000] {dag.py:3036} INFO - Sync 1 DAGs
[2024-04-04T23:27:50.195+0000] {logging_mixin.py:188} INFO - [2024-04-04T23:27:50.187+0000] {dag.py:3823} INFO - Setting next_dagrun for dag_airflow_test1 to None, run_after=None
[2024-04-04T23:27:50.329+0000] {processor.py:183} INFO - Processing /opt/airflow/dags/deg.py took 0.468 seconds
[2024-04-04T23:28:21.234+0000] {processor.py:161} INFO - Started process (PID=49199) to work on /opt/airflow/dags/deg.py
[2024-04-04T23:28:21.240+0000] {processor.py:830} INFO - Processing file /opt/airflow/dags/deg.py for tasks to queue
[2024-04-04T23:28:21.247+0000] {logging_mixin.py:188} INFO - [2024-04-04T23:28:21.245+0000] {dagbag.py:538} INFO - Filling up the DagBag from /opt/airflow/dags/deg.py
[2024-04-04T23:28:21.316+0000] {processor.py:840} INFO - DAG(s) 'dag_airflow_test1' retrieved from /opt/airflow/dags/deg.py
[2024-04-04T23:28:22.051+0000] {logging_mixin.py:188} INFO - [2024-04-04T23:28:22.050+0000] {dag.py:3036} INFO - Sync 1 DAGs
[2024-04-04T23:28:22.128+0000] {logging_mixin.py:188} INFO - [2024-04-04T23:28:22.126+0000] {dag.py:3823} INFO - Setting next_dagrun for dag_airflow_test1 to None, run_after=None
[2024-04-04T23:28:22.269+0000] {processor.py:183} INFO - Processing /opt/airflow/dags/deg.py took 1.059 seconds
[2024-04-04T23:28:53.010+0000] {processor.py:161} INFO - Started process (PID=49259) to work on /opt/airflow/dags/deg.py
[2024-04-04T23:28:53.013+0000] {processor.py:830} INFO - Processing file /opt/airflow/dags/deg.py for tasks to queue
[2024-04-04T23:28:53.015+0000] {logging_mixin.py:188} INFO - [2024-04-04T23:28:53.014+0000] {dagbag.py:538} INFO - Filling up the DagBag from /opt/airflow/dags/deg.py
[2024-04-04T23:28:53.046+0000] {processor.py:840} INFO - DAG(s) 'dag_airflow_test1' retrieved from /opt/airflow/dags/deg.py
[2024-04-04T23:28:53.088+0000] {logging_mixin.py:188} INFO - [2024-04-04T23:28:53.087+0000] {dag.py:3036} INFO - Sync 1 DAGs
[2024-04-04T23:28:53.113+0000] {logging_mixin.py:188} INFO - [2024-04-04T23:28:53.112+0000] {dag.py:3823} INFO - Setting next_dagrun for dag_airflow_test1 to None, run_after=None
[2024-04-04T23:28:53.152+0000] {processor.py:183} INFO - Processing /opt/airflow/dags/deg.py took 0.151 seconds
[2024-04-04T23:29:24.117+0000] {processor.py:161} INFO - Started process (PID=49319) to work on /opt/airflow/dags/deg.py
[2024-04-04T23:29:24.122+0000] {processor.py:830} INFO - Processing file /opt/airflow/dags/deg.py for tasks to queue
[2024-04-04T23:29:24.135+0000] {logging_mixin.py:188} INFO - [2024-04-04T23:29:24.134+0000] {dagbag.py:538} INFO - Filling up the DagBag from /opt/airflow/dags/deg.py
[2024-04-04T23:29:24.224+0000] {processor.py:840} INFO - DAG(s) 'dag_airflow_test1' retrieved from /opt/airflow/dags/deg.py
[2024-04-04T23:29:24.268+0000] {logging_mixin.py:188} INFO - [2024-04-04T23:29:24.267+0000] {dag.py:3036} INFO - Sync 1 DAGs
[2024-04-04T23:29:24.324+0000] {logging_mixin.py:188} INFO - [2024-04-04T23:29:24.323+0000] {dag.py:3823} INFO - Setting next_dagrun for dag_airflow_test1 to None, run_after=None
[2024-04-04T23:29:24.396+0000] {processor.py:183} INFO - Processing /opt/airflow/dags/deg.py took 0.307 seconds
[2024-04-04T23:29:54.650+0000] {processor.py:161} INFO - Started process (PID=49378) to work on /opt/airflow/dags/deg.py
[2024-04-04T23:29:54.654+0000] {processor.py:830} INFO - Processing file /opt/airflow/dags/deg.py for tasks to queue
[2024-04-04T23:29:54.659+0000] {logging_mixin.py:188} INFO - [2024-04-04T23:29:54.657+0000] {dagbag.py:538} INFO - Filling up the DagBag from /opt/airflow/dags/deg.py
[2024-04-04T23:29:54.716+0000] {processor.py:840} INFO - DAG(s) 'dag_airflow_test1' retrieved from /opt/airflow/dags/deg.py
[2024-04-04T23:29:55.121+0000] {logging_mixin.py:188} INFO - [2024-04-04T23:29:55.120+0000] {dag.py:3036} INFO - Sync 1 DAGs
[2024-04-04T23:29:55.160+0000] {logging_mixin.py:188} INFO - [2024-04-04T23:29:55.159+0000] {dag.py:3823} INFO - Setting next_dagrun for dag_airflow_test1 to None, run_after=None
[2024-04-04T23:29:55.225+0000] {processor.py:183} INFO - Processing /opt/airflow/dags/deg.py took 0.590 seconds
[2024-04-04T23:30:25.772+0000] {processor.py:161} INFO - Started process (PID=49433) to work on /opt/airflow/dags/deg.py
[2024-04-04T23:30:25.780+0000] {processor.py:830} INFO - Processing file /opt/airflow/dags/deg.py for tasks to queue
[2024-04-04T23:30:25.794+0000] {logging_mixin.py:188} INFO - [2024-04-04T23:30:25.792+0000] {dagbag.py:538} INFO - Filling up the DagBag from /opt/airflow/dags/deg.py
[2024-04-04T23:30:25.898+0000] {processor.py:840} INFO - DAG(s) 'dag_airflow_test1' retrieved from /opt/airflow/dags/deg.py
[2024-04-04T23:30:26.049+0000] {logging_mixin.py:188} INFO - [2024-04-04T23:30:26.047+0000] {dag.py:3036} INFO - Sync 1 DAGs
[2024-04-04T23:30:26.152+0000] {logging_mixin.py:188} INFO - [2024-04-04T23:30:26.150+0000] {dag.py:3823} INFO - Setting next_dagrun for dag_airflow_test1 to None, run_after=None
[2024-04-04T23:30:26.285+0000] {processor.py:183} INFO - Processing /opt/airflow/dags/deg.py took 0.547 seconds
[2024-04-04T23:30:56.571+0000] {processor.py:161} INFO - Started process (PID=49493) to work on /opt/airflow/dags/deg.py
[2024-04-04T23:30:56.576+0000] {processor.py:830} INFO - Processing file /opt/airflow/dags/deg.py for tasks to queue
[2024-04-04T23:30:56.580+0000] {logging_mixin.py:188} INFO - [2024-04-04T23:30:56.579+0000] {dagbag.py:538} INFO - Filling up the DagBag from /opt/airflow/dags/deg.py
[2024-04-04T23:30:56.616+0000] {processor.py:840} INFO - DAG(s) 'dag_airflow_test1' retrieved from /opt/airflow/dags/deg.py
[2024-04-04T23:30:56.649+0000] {logging_mixin.py:188} INFO - [2024-04-04T23:30:56.648+0000] {dag.py:3036} INFO - Sync 1 DAGs
[2024-04-04T23:30:56.685+0000] {logging_mixin.py:188} INFO - [2024-04-04T23:30:56.684+0000] {dag.py:3823} INFO - Setting next_dagrun for dag_airflow_test1 to None, run_after=None
[2024-04-04T23:30:56.734+0000] {processor.py:183} INFO - Processing /opt/airflow/dags/deg.py took 0.173 seconds
[2024-04-04T23:31:26.977+0000] {processor.py:161} INFO - Started process (PID=49551) to work on /opt/airflow/dags/deg.py
[2024-04-04T23:31:26.979+0000] {processor.py:830} INFO - Processing file /opt/airflow/dags/deg.py for tasks to queue
[2024-04-04T23:31:26.982+0000] {logging_mixin.py:188} INFO - [2024-04-04T23:31:26.981+0000] {dagbag.py:538} INFO - Filling up the DagBag from /opt/airflow/dags/deg.py
[2024-04-04T23:31:27.010+0000] {processor.py:840} INFO - DAG(s) 'dag_airflow_test1' retrieved from /opt/airflow/dags/deg.py
[2024-04-04T23:31:27.205+0000] {logging_mixin.py:188} INFO - [2024-04-04T23:31:27.204+0000] {dag.py:3036} INFO - Sync 1 DAGs
[2024-04-04T23:31:27.224+0000] {logging_mixin.py:188} INFO - [2024-04-04T23:31:27.224+0000] {dag.py:3823} INFO - Setting next_dagrun for dag_airflow_test1 to None, run_after=None
[2024-04-04T23:31:27.270+0000] {processor.py:183} INFO - Processing /opt/airflow/dags/deg.py took 0.299 seconds
