[2024-03-25T12:32:20.938+0000] {taskinstance.py:1956} INFO - Dependencies all met for dep_context=non-requeueable deps ti=<TaskInstance: dag___dbt.elementary_reports_generation manual__2024-03-25T12:20:07.071014+00:00 [queued]>
[2024-03-25T12:32:20.961+0000] {taskinstance.py:1956} INFO - Dependencies all met for dep_context=requeueable deps ti=<TaskInstance: dag___dbt.elementary_reports_generation manual__2024-03-25T12:20:07.071014+00:00 [queued]>
[2024-03-25T12:32:20.962+0000] {taskinstance.py:2170} INFO - Starting attempt 1 of 2
[2024-03-25T12:32:20.999+0000] {taskinstance.py:2191} INFO - Executing <Task(BashOperator): elementary_reports_generation> on 2024-03-25 12:20:07.071014+00:00
[2024-03-25T12:32:21.013+0000] {standard_task_runner.py:60} INFO - Started process 964 to run task
[2024-03-25T12:32:21.021+0000] {standard_task_runner.py:87} INFO - Running: ['***', 'tasks', 'run', 'dag___dbt', 'elementary_reports_generation', 'manual__2024-03-25T12:20:07.071014+00:00', '--job-id', '51', '--raw', '--subdir', 'DAGS_FOLDER/dbt_dag.py', '--cfg-path', '/tmp/tmprqrls6th']
[2024-03-25T12:32:21.028+0000] {standard_task_runner.py:88} INFO - Job 51: Subtask elementary_reports_generation
[2024-03-25T12:32:21.166+0000] {task_command.py:423} INFO - Running <TaskInstance: dag___dbt.elementary_reports_generation manual__2024-03-25T12:20:07.071014+00:00 [running]> on host 62dc842f1ceb
[2024-03-25T12:32:21.379+0000] {taskinstance.py:2480} INFO - Exporting env vars: AIRFLOW_CTX_DAG_OWNER='***' AIRFLOW_CTX_DAG_ID='dag___dbt' AIRFLOW_CTX_TASK_ID='elementary_reports_generation' AIRFLOW_CTX_EXECUTION_DATE='2024-03-25T12:20:07.071014+00:00' AIRFLOW_CTX_TRY_NUMBER='1' AIRFLOW_CTX_DAG_RUN_ID='manual__2024-03-25T12:20:07.071014+00:00'
[2024-03-25T12:32:21.386+0000] {subprocess.py:63} INFO - Tmp dir root location: /tmp
[2024-03-25T12:32:21.388+0000] {subprocess.py:75} INFO - Running command: ['/usr/bin/bash', '-c', '/home/***/.local/bin/edr report']
[2024-03-25T12:32:21.419+0000] {subprocess.py:86} INFO - Output:
[2024-03-25T12:32:26.149+0000] {subprocess.py:93} INFO -     ________                          __
[2024-03-25T12:32:26.150+0000] {subprocess.py:93} INFO -    / ____/ /__  ____ ___  ___  ____  / /_____ ________  __
[2024-03-25T12:32:26.152+0000] {subprocess.py:93} INFO -   / __/ / / _ \/ __ `__ \/ _ \/ __ \/ __/ __ `/ ___/ / / /
[2024-03-25T12:32:26.153+0000] {subprocess.py:93} INFO -  / /___/ /  __/ / / / / /  __/ / / / /_/ /_/ / /  / /_/ /
[2024-03-25T12:32:26.156+0000] {subprocess.py:93} INFO - /_____/_/\___/_/ /_/ /_/\___/_/ /_/\__/\__,_/_/   \__, /
[2024-03-25T12:32:26.158+0000] {subprocess.py:93} INFO -                                                  /____/
[2024-03-25T12:32:26.160+0000] {subprocess.py:93} INFO - 
[2024-03-25T12:32:26.498+0000] {subprocess.py:93} INFO - Any feedback and suggestions are welcomed! join our community here - https://bit.ly/slack-elementary
[2024-03-25T12:32:26.499+0000] {subprocess.py:93} INFO - 
[2024-03-25T12:32:26.501+0000] {subprocess.py:93} INFO - 2024-03-25 12:32:26 — INFO — Running with edr=0.14.1
[2024-03-25T12:33:19.069+0000] {subprocess.py:93} INFO - 2024-03-25 12:33:19 — INFO — edr (0.14.1) and Elementary's dbt package (0.14.1) are compatible.
[2024-03-25T12:33:31.198+0000] {subprocess.py:93} INFO - 2024-03-25 12:33:31 — INFO — Elementary's database and schema: '"postgres.public_elementary"'
[2024-03-25T12:33:31.200+0000] {subprocess.py:93} INFO - 2024-03-25 12:33:31 — INFO — Running dbt --log-format json run-operation elementary.log_macro_results --args {"macro_name": "elementary_cli.get_test_results", "macro_args": {"days_back": 7, "invocations_per_test": 720, "disable_passed_test_metrics": false}} --project-dir /home/***/.local/lib/python3.8/site-packages/elementary/monitor/dbt_project
[2024-03-25T12:33:50.773+0000] {subprocess.py:93} INFO - 2024-03-25 12:33:50 — INFO — Running dbt --log-format json run-operation elementary.log_macro_results --args {"macro_name": "elementary_cli.get_source_freshness_results", "macro_args": {"days_back": 7, "invocations_per_test": 720}} --project-dir /home/***/.local/lib/python3.8/site-packages/elementary/monitor/dbt_project
[2024-03-25T12:34:14.544+0000] {subprocess.py:93} INFO - 2024-03-25 12:34:14 — INFO — Running dbt --log-format json run-operation elementary.log_macro_results --args {"macro_name": "elementary_cli.get_models", "macro_args": {"exclude_elementary": true}} --project-dir /home/***/.local/lib/python3.8/site-packages/elementary/monitor/dbt_project
[2024-03-25T12:34:37.139+0000] {subprocess.py:93} INFO - 2024-03-25 12:34:37 — INFO — Running dbt --log-format json run-operation elementary.log_macro_results --args {"macro_name": "elementary_cli.get_sources", "macro_args": {}} --project-dir /home/***/.local/lib/python3.8/site-packages/elementary/monitor/dbt_project
[2024-03-25T12:34:51.807+0000] {subprocess.py:93} INFO - 2024-03-25 12:34:51 — INFO — Running dbt --log-format json run-operation elementary.log_macro_results --args {"macro_name": "elementary_cli.get_exposures", "macro_args": {}} --project-dir /home/***/.local/lib/python3.8/site-packages/elementary/monitor/dbt_project
[2024-03-25T12:35:07.143+0000] {subprocess.py:93} INFO - 2024-03-25 12:35:07 — INFO — Running dbt --log-format json run-operation elementary.log_macro_results --args {"macro_name": "elementary_cli.get_models_runs", "macro_args": {"days_back": 7, "exclude_elementary": true}} --project-dir /home/***/.local/lib/python3.8/site-packages/elementary/monitor/dbt_project
[2024-03-25T12:35:24.160+0000] {subprocess.py:93} INFO - 2024-03-25 12:35:24 — INFO — Running dbt --log-format json run-operation elementary.log_macro_results --args {"macro_name": "elementary_cli.get_dbt_models_test_coverage", "macro_args": {}} --project-dir /home/***/.local/lib/python3.8/site-packages/elementary/monitor/dbt_project
[2024-03-25T12:35:42.684+0000] {subprocess.py:93} INFO - 2024-03-25 12:35:42 — INFO — Running dbt --log-format json run-operation elementary.log_macro_results --args {"macro_name": "elementary_cli.get_nodes_depends_on_nodes", "macro_args": {"exclude_elementary": true}} --project-dir /home/***/.local/lib/python3.8/site-packages/elementary/monitor/dbt_project
[2024-03-25T12:36:04.925+0000] {subprocess.py:93} INFO - 2024-03-25 12:36:04 — INFO — Running dbt --log-format json run-operation elementary.log_macro_results --args {"macro_name": "elementary_cli.get_models_latest_invocation", "macro_args": {}} --project-dir /home/***/.local/lib/python3.8/site-packages/elementary/monitor/dbt_project
[2024-03-25T12:36:28.695+0000] {subprocess.py:93} INFO - 2024-03-25 12:36:28 — INFO — Running dbt --log-format json run-operation elementary.log_macro_results --args {"macro_name": "elementary_cli.get_models_latest_invocations_data", "macro_args": {}} --project-dir /home/***/.local/lib/python3.8/site-packages/elementary/monitor/dbt_project
[2024-03-25T12:36:58.640+0000] {subprocess.py:97} INFO - Command exited with return code 0
[2024-03-25T12:36:58.767+0000] {taskinstance.py:1138} INFO - Marking task as SUCCESS. dag_id=dag___dbt, task_id=elementary_reports_generation, execution_date=20240325T122007, start_date=20240325T123220, end_date=20240325T123658
[2024-03-25T12:36:58.912+0000] {local_task_job_runner.py:234} INFO - Task exited with return code 0
[2024-03-25T12:36:59.018+0000] {taskinstance.py:3280} INFO - 0 downstream tasks scheduled from follow-on schedule check
