[2024-04-01T10:04:56.870+0000] {taskinstance.py:1956} INFO - Dependencies all met for dep_context=non-requeueable deps ti=<TaskInstance: dag___freshness.run_model1 scheduled__2024-03-15T07:00:00+00:00 [queued]>
[2024-04-01T10:04:56.942+0000] {taskinstance.py:1956} INFO - Dependencies all met for dep_context=requeueable deps ti=<TaskInstance: dag___freshness.run_model1 scheduled__2024-03-15T07:00:00+00:00 [queued]>
[2024-04-01T10:04:56.945+0000] {taskinstance.py:2170} INFO - Starting attempt 1 of 2
[2024-04-01T10:04:57.054+0000] {taskinstance.py:2191} INFO - Executing <Task(BashOperator): run_model1> on 2024-03-15 07:00:00+00:00
[2024-04-01T10:04:57.068+0000] {standard_task_runner.py:60} INFO - Started process 1222 to run task
[2024-04-01T10:04:57.088+0000] {standard_task_runner.py:87} INFO - Running: ['***', 'tasks', 'run', 'dag___freshness', 'run_model1', 'scheduled__2024-03-15T07:00:00+00:00', '--job-id', '186', '--raw', '--subdir', 'DAGS_FOLDER/freshness_test_dag.py', '--cfg-path', '/tmp/tmpu5p2ofnf']
[2024-04-01T10:04:57.110+0000] {standard_task_runner.py:88} INFO - Job 186: Subtask run_model1
[2024-04-01T10:04:57.431+0000] {task_command.py:423} INFO - Running <TaskInstance: dag___freshness.run_model1 scheduled__2024-03-15T07:00:00+00:00 [running]> on host 62dc842f1ceb
[2024-04-01T10:04:57.968+0000] {taskinstance.py:2480} INFO - Exporting env vars: AIRFLOW_CTX_DAG_OWNER='***' AIRFLOW_CTX_DAG_ID='dag___freshness' AIRFLOW_CTX_TASK_ID='run_model1' AIRFLOW_CTX_EXECUTION_DATE='2024-03-15T07:00:00+00:00' AIRFLOW_CTX_TRY_NUMBER='1' AIRFLOW_CTX_DAG_RUN_ID='scheduled__2024-03-15T07:00:00+00:00'
[2024-04-01T10:04:57.979+0000] {subprocess.py:63} INFO - Tmp dir root location: /tmp
[2024-04-01T10:04:57.981+0000] {subprocess.py:75} INFO - Running command: ['/usr/bin/bash', '-c', '/home/***/.local/bin/dbt run --models my_first_dbt_model my_second_dbt_model  --profiles-dir /home/***/.dbt --project-dir /opt/***/proj']
[2024-04-01T10:04:58.070+0000] {subprocess.py:86} INFO - Output:
[2024-04-01T10:05:41.195+0000] {subprocess.py:93} INFO - [0m10:05:41  Running with dbt=1.7.10
[2024-04-01T10:05:45.755+0000] {subprocess.py:93} INFO - [0m10:05:45  Registered adapter: postgres=1.7.10
[2024-04-01T10:06:04.085+0000] {subprocess.py:93} INFO - [0m10:06:04  Found 34 models, 2 operations, 5 tests, 1 source, 0 exposures, 0 metrics, 1407 macros, 0 groups, 0 semantic models
[2024-04-01T10:06:04.100+0000] {subprocess.py:93} INFO - [0m10:06:04
[2024-04-01T10:06:05.594+0000] {subprocess.py:93} INFO - [0m10:06:05
[2024-04-01T10:06:05.598+0000] {subprocess.py:93} INFO - [0m10:06:05  Running 1 on-run-start hook
[2024-04-01T10:06:05.853+0000] {subprocess.py:93} INFO - [0m10:06:05  1 of 1 START hook: elementary.on-run-start.0 ................................... [RUN]
[2024-04-01T10:06:05.857+0000] {subprocess.py:93} INFO - [0m10:06:05  1 of 1 OK hook: elementary.on-run-start.0 ...................................... [[32mOK[0m in 0.00s]
[2024-04-01T10:06:05.860+0000] {subprocess.py:93} INFO - [0m10:06:05
[2024-04-01T10:06:05.874+0000] {subprocess.py:93} INFO - [0m10:06:05  Concurrency: 1 threads (target='dev')
[2024-04-01T10:06:05.883+0000] {subprocess.py:93} INFO - [0m10:06:05
[2024-04-01T10:06:05.911+0000] {subprocess.py:93} INFO - [0m10:06:05  1 of 2 START sql table model public.my_first_dbt_model ......................... [RUN]
[2024-04-01T10:06:06.997+0000] {subprocess.py:93} INFO - [0m10:06:06  1 of 2 OK created sql table model public.my_first_dbt_model .................... [[32mSELECT 2[0m in 1.07s]
[2024-04-01T10:06:07.010+0000] {subprocess.py:93} INFO - [0m10:06:07  2 of 2 START sql view model public.my_second_dbt_model ......................... [RUN]
[2024-04-01T10:06:07.672+0000] {subprocess.py:93} INFO - [0m10:06:07  2 of 2 OK created sql view model public.my_second_dbt_model .................... [[32mCREATE VIEW[0m in 0.63s]
[2024-04-01T10:06:07.872+0000] {subprocess.py:93} INFO - [0m10:06:07
[2024-04-01T10:06:07.879+0000] {subprocess.py:93} INFO - [0m10:06:07  Running 1 on-run-end hook
[2024-04-01T10:06:15.283+0000] {subprocess.py:93} INFO - [0m10:06:15  1 of 1 START hook: elementary.on-run-end.0 ..................................... [RUN]
[2024-04-01T10:06:15.302+0000] {subprocess.py:93} INFO - [0m10:06:15  1 of 1 OK hook: elementary.on-run-end.0 ........................................ [[32mOK[0m in 0.00s]
[2024-04-01T10:06:15.313+0000] {subprocess.py:93} INFO - [0m10:06:15
[2024-04-01T10:06:15.341+0000] {subprocess.py:93} INFO - [0m10:06:15
[2024-04-01T10:06:15.346+0000] {subprocess.py:93} INFO - [0m10:06:15  Finished running 1 table model, 1 view model, 2 hooks in 0 hours 0 minutes and 11.24 seconds (11.24s).
[2024-04-01T10:06:15.704+0000] {subprocess.py:93} INFO - [0m10:06:15
[2024-04-01T10:06:15.708+0000] {subprocess.py:93} INFO - [0m10:06:15  [32mCompleted successfully[0m
[2024-04-01T10:06:15.722+0000] {subprocess.py:93} INFO - [0m10:06:15
[2024-04-01T10:06:15.727+0000] {subprocess.py:93} INFO - [0m10:06:15  Done. PASS=2 WARN=0 ERROR=0 SKIP=0 TOTAL=2
[2024-04-01T10:06:17.305+0000] {subprocess.py:97} INFO - Command exited with return code 0
[2024-04-01T10:06:17.384+0000] {taskinstance.py:1138} INFO - Marking task as SUCCESS. dag_id=dag___freshness, task_id=run_model1, execution_date=20240315T070000, start_date=20240401T100456, end_date=20240401T100617
[2024-04-01T10:06:17.453+0000] {local_task_job_runner.py:234} INFO - Task exited with return code 0
[2024-04-01T10:06:17.556+0000] {taskinstance.py:3280} INFO - 1 downstream tasks scheduled from follow-on schedule check
