[2024-04-01T10:01:40.221+0000] {taskinstance.py:1956} INFO - Dependencies all met for dep_context=non-requeueable deps ti=<TaskInstance: dag___freshness.dbt_freshness_check scheduled__2024-03-15T00:00:00+00:00 [queued]>
[2024-04-01T10:01:40.278+0000] {taskinstance.py:1956} INFO - Dependencies all met for dep_context=requeueable deps ti=<TaskInstance: dag___freshness.dbt_freshness_check scheduled__2024-03-15T00:00:00+00:00 [queued]>
[2024-04-01T10:01:40.297+0000] {taskinstance.py:2170} INFO - Starting attempt 1 of 2
[2024-04-01T10:01:40.457+0000] {taskinstance.py:2191} INFO - Executing <Task(BashOperator): dbt_freshness_check> on 2024-03-15 00:00:00+00:00
[2024-04-01T10:01:40.518+0000] {standard_task_runner.py:60} INFO - Started process 979 to run task
[2024-04-01T10:01:40.541+0000] {standard_task_runner.py:87} INFO - Running: ['***', 'tasks', 'run', 'dag___freshness', 'dbt_freshness_check', 'scheduled__2024-03-15T00:00:00+00:00', '--job-id', '157', '--raw', '--subdir', 'DAGS_FOLDER/freshness_test_dag.py', '--cfg-path', '/tmp/tmpw6lq805w']
[2024-04-01T10:01:40.554+0000] {standard_task_runner.py:88} INFO - Job 157: Subtask dbt_freshness_check
[2024-04-01T10:01:41.268+0000] {task_command.py:423} INFO - Running <TaskInstance: dag___freshness.dbt_freshness_check scheduled__2024-03-15T00:00:00+00:00 [running]> on host 62dc842f1ceb
[2024-04-01T10:01:41.964+0000] {taskinstance.py:2480} INFO - Exporting env vars: AIRFLOW_CTX_DAG_OWNER='***' AIRFLOW_CTX_DAG_ID='dag___freshness' AIRFLOW_CTX_TASK_ID='dbt_freshness_check' AIRFLOW_CTX_EXECUTION_DATE='2024-03-15T00:00:00+00:00' AIRFLOW_CTX_TRY_NUMBER='1' AIRFLOW_CTX_DAG_RUN_ID='scheduled__2024-03-15T00:00:00+00:00'
[2024-04-01T10:01:41.970+0000] {subprocess.py:63} INFO - Tmp dir root location: /tmp
[2024-04-01T10:01:41.974+0000] {subprocess.py:75} INFO - Running command: ['/usr/bin/bash', '-c', '/home/***/.local/bin/dbt source freshness --profiles-dir /home/***/.dbt --project-dir /opt/***/proj']
[2024-04-01T10:01:42.087+0000] {subprocess.py:86} INFO - Output:
[2024-04-01T10:02:47.384+0000] {subprocess.py:93} INFO - [0m10:02:47  Running with dbt=1.7.10
[2024-04-01T10:02:52.791+0000] {subprocess.py:93} INFO - [0m10:02:52  Registered adapter: postgres=1.7.10
[2024-04-01T10:03:24.018+0000] {subprocess.py:93} INFO - [0m10:03:24  Found 34 models, 2 operations, 5 tests, 1 source, 0 exposures, 0 metrics, 1394 macros, 0 groups, 0 semantic models
[2024-04-01T10:03:24.034+0000] {subprocess.py:93} INFO - [0m10:03:24
[2024-04-01T10:03:25.281+0000] {subprocess.py:93} INFO - [0m10:03:25  Concurrency: 1 threads (target='dev')
[2024-04-01T10:03:25.288+0000] {subprocess.py:93} INFO - [0m10:03:25
[2024-04-01T10:03:25.327+0000] {subprocess.py:93} INFO - [0m10:03:25  1 of 1 START freshness of public.freshnes_test ................................. [RUN]
[2024-04-01T10:03:25.732+0000] {subprocess.py:93} INFO - [0m10:03:25  1 of 1 PASS freshness of public.freshnes_test .................................. [[32mPASS[0m in 0.40s]
[2024-04-01T10:03:26.002+0000] {subprocess.py:93} INFO - [0m10:03:26  Done.
[2024-04-01T10:03:27.320+0000] {subprocess.py:97} INFO - Command exited with return code 0
[2024-04-01T10:03:27.425+0000] {taskinstance.py:1138} INFO - Marking task as SUCCESS. dag_id=dag___freshness, task_id=dbt_freshness_check, execution_date=20240315T000000, start_date=20240401T100140, end_date=20240401T100327
[2024-04-01T10:03:27.539+0000] {local_task_job_runner.py:234} INFO - Task exited with return code 0
[2024-04-01T10:03:27.590+0000] {taskinstance.py:3280} INFO - 0 downstream tasks scheduled from follow-on schedule check
