[2024-04-01T10:02:15.266+0000] {taskinstance.py:1956} INFO - Dependencies all met for dep_context=non-requeueable deps ti=<TaskInstance: dag___freshness.dbt_freshness_check scheduled__2024-03-15T14:00:00+00:00 [queued]>
[2024-04-01T10:02:15.507+0000] {taskinstance.py:1956} INFO - Dependencies all met for dep_context=requeueable deps ti=<TaskInstance: dag___freshness.dbt_freshness_check scheduled__2024-03-15T14:00:00+00:00 [queued]>
[2024-04-01T10:02:15.512+0000] {taskinstance.py:2170} INFO - Starting attempt 1 of 2
[2024-04-01T10:02:15.840+0000] {taskinstance.py:2191} INFO - Executing <Task(BashOperator): dbt_freshness_check> on 2024-03-15 14:00:00+00:00
[2024-04-01T10:02:15.871+0000] {standard_task_runner.py:87} INFO - Running: ['***', 'tasks', 'run', 'dag___freshness', 'dbt_freshness_check', 'scheduled__2024-03-15T14:00:00+00:00', '--job-id', '164', '--raw', '--subdir', 'DAGS_FOLDER/freshness_test_dag.py', '--cfg-path', '/tmp/tmpvsymmnru']
[2024-04-01T10:02:15.894+0000] {standard_task_runner.py:88} INFO - Job 164: Subtask dbt_freshness_check
[2024-04-01T10:02:15.860+0000] {standard_task_runner.py:60} INFO - Started process 1018 to run task
[2024-04-01T10:02:16.573+0000] {task_command.py:423} INFO - Running <TaskInstance: dag___freshness.dbt_freshness_check scheduled__2024-03-15T14:00:00+00:00 [running]> on host 62dc842f1ceb
[2024-04-01T10:02:17.195+0000] {taskinstance.py:2480} INFO - Exporting env vars: AIRFLOW_CTX_DAG_OWNER='***' AIRFLOW_CTX_DAG_ID='dag___freshness' AIRFLOW_CTX_TASK_ID='dbt_freshness_check' AIRFLOW_CTX_EXECUTION_DATE='2024-03-15T14:00:00+00:00' AIRFLOW_CTX_TRY_NUMBER='1' AIRFLOW_CTX_DAG_RUN_ID='scheduled__2024-03-15T14:00:00+00:00'
[2024-04-01T10:02:17.201+0000] {subprocess.py:63} INFO - Tmp dir root location: /tmp
[2024-04-01T10:02:17.211+0000] {subprocess.py:75} INFO - Running command: ['/usr/bin/bash', '-c', '/home/***/.local/bin/dbt source freshness --profiles-dir /home/***/.dbt --project-dir /opt/***/proj']
[2024-04-01T10:02:17.293+0000] {subprocess.py:86} INFO - Output:
[2024-04-01T10:03:04.517+0000] {subprocess.py:93} INFO - [0m10:03:04  Running with dbt=1.7.10
[2024-04-01T10:03:08.390+0000] {subprocess.py:93} INFO - [0m10:03:08  Registered adapter: postgres=1.7.10
[2024-04-01T10:03:30.619+0000] {subprocess.py:93} INFO - [0m10:03:30  Found 34 models, 2 operations, 5 tests, 1 source, 0 exposures, 0 metrics, 1407 macros, 0 groups, 0 semantic models
[2024-04-01T10:03:30.637+0000] {subprocess.py:93} INFO - [0m10:03:30
[2024-04-01T10:03:31.998+0000] {subprocess.py:93} INFO - [0m10:03:31  Concurrency: 1 threads (target='dev')
[2024-04-01T10:03:32.005+0000] {subprocess.py:93} INFO - [0m10:03:32
[2024-04-01T10:03:32.048+0000] {subprocess.py:93} INFO - [0m10:03:32  1 of 1 START freshness of public.freshnes_test ................................. [RUN]
[2024-04-01T10:03:32.376+0000] {subprocess.py:93} INFO - [0m10:03:32  1 of 1 PASS freshness of public.freshnes_test .................................. [[32mPASS[0m in 0.32s]
[2024-04-01T10:03:32.644+0000] {subprocess.py:93} INFO - [0m10:03:32  Done.
[2024-04-01T10:03:34.185+0000] {subprocess.py:97} INFO - Command exited with return code 0
[2024-04-01T10:03:34.263+0000] {taskinstance.py:1138} INFO - Marking task as SUCCESS. dag_id=dag___freshness, task_id=dbt_freshness_check, execution_date=20240315T140000, start_date=20240401T100215, end_date=20240401T100334
[2024-04-01T10:03:34.356+0000] {local_task_job_runner.py:234} INFO - Task exited with return code 0
[2024-04-01T10:03:34.883+0000] {taskinstance.py:3280} INFO - 0 downstream tasks scheduled from follow-on schedule check
