[2024-04-03T11:50:33.871+0000] {taskinstance.py:1956} INFO - Dependencies all met for dep_context=non-requeueable deps ti=<TaskInstance: dag___fresh.handle_dbt_result manual__2024-04-03T11:49:50.717980+00:00 [queued]>
[2024-04-03T11:50:33.886+0000] {taskinstance.py:1956} INFO - Dependencies all met for dep_context=requeueable deps ti=<TaskInstance: dag___fresh.handle_dbt_result manual__2024-04-03T11:49:50.717980+00:00 [queued]>
[2024-04-03T11:50:33.888+0000] {taskinstance.py:2170} INFO - Starting attempt 1 of 2
[2024-04-03T11:50:33.910+0000] {taskinstance.py:2191} INFO - Executing <Task(PythonOperator): handle_dbt_result> on 2024-04-03 11:49:50.717980+00:00
[2024-04-03T11:50:33.919+0000] {standard_task_runner.py:60} INFO - Started process 3044 to run task
[2024-04-03T11:50:33.925+0000] {standard_task_runner.py:87} INFO - Running: ['***', 'tasks', 'run', 'dag___fresh', 'handle_dbt_result', 'manual__2024-04-03T11:49:50.717980+00:00', '--job-id', '380', '--raw', '--subdir', 'DAGS_FOLDER/dbt_dag.py', '--cfg-path', '/tmp/tmpzf8kdiuu']
[2024-04-03T11:50:33.929+0000] {standard_task_runner.py:88} INFO - Job 380: Subtask handle_dbt_result
[2024-04-03T11:50:34.015+0000] {task_command.py:423} INFO - Running <TaskInstance: dag___fresh.handle_dbt_result manual__2024-04-03T11:49:50.717980+00:00 [running]> on host 62dc842f1ceb
[2024-04-03T11:50:34.150+0000] {taskinstance.py:2480} INFO - Exporting env vars: AIRFLOW_CTX_DAG_OWNER='***' AIRFLOW_CTX_DAG_ID='dag___fresh' AIRFLOW_CTX_TASK_ID='handle_dbt_result' AIRFLOW_CTX_EXECUTION_DATE='2024-04-03T11:49:50.717980+00:00' AIRFLOW_CTX_TRY_NUMBER='1' AIRFLOW_CTX_DAG_RUN_ID='manual__2024-04-03T11:49:50.717980+00:00'
[2024-04-03T11:50:34.153+0000] {logging_mixin.py:188} INFO - Result of dbt command:
[2024-04-03T11:50:34.154+0000] {logging_mixin.py:188} INFO - -------
[2024-04-03T11:50:34.173+0000] {logging_mixin.py:188} INFO - 11:50:02  Running with dbt=1.7.10
11:50:03  Registered adapter: postgres=1.7.10
11:50:18  Found 34 models, 2 operations, 5 tests, 1 source, 0 exposures, 0 metrics, 1407 macros, 0 groups, 0 semantic models
11:50:18  
11:50:19  
11:50:19  Running 1 on-run-start hook
11:50:19  1 of 1 START hook: elementary.on-run-start.0 ................................... [RUN]
11:50:19  1 of 1 OK hook: elementary.on-run-start.0 ...................................... [OK in 0.00s]
11:50:19  
11:50:19  Concurrency: 1 threads (target='dev')
11:50:19  
11:50:19  1 of 5 START test elementary_freshness_anomalies_raw_orders_creation_date ...... [RUN]
11:50:20  Elementary: Started running data monitors on: POSTGRES.PUBLIC.RAW_ORDERS
11:50:21  Elementary: Finished running data monitors on: POSTGRES.PUBLIC.RAW_ORDERS
11:50:22  1 of 5 PASS elementary_freshness_anomalies_raw_orders_creation_date ............ [PASS in 3.12s]
11:50:22  2 of 5 START test not_null_my_second_dbt_model_id .............................. [RUN]
11:50:22  2 of 5 PASS not_null_my_second_dbt_model_id .................................... [PASS in 0.23s]
11:50:22  3 of 5 START test not_null_raw_orders_creation_date ............................ [RUN]
11:50:23  3 of 5 PASS not_null_raw_orders_creation_date .................................. [PASS in 0.21s]
11:50:23  4 of 5 START test unique_my_first_dbt_model_id ................................. [RUN]
11:50:23  4 of 5 PASS unique_my_first_dbt_model_id ....................................... [PASS in 0.42s]
11:50:23  5 of 5 START test unique_my_second_dbt_model_id ................................ [RUN]
11:50:23  5 of 5 PASS unique_my_second_dbt_model_id ...................................... [PASS in 0.40s]
11:50:24  
11:50:24  Running 1 on-run-end hook
11:50:29  1 of 1 START hook: elementary.on-run-end.0 ..................................... [RUN]
11:50:29  1 of 1 OK hook: elementary.on-run-end.0 ........................................ [OK in 0.00s]
11:50:29  
11:50:29  
11:50:29  Finished running 5 tests, 2 hooks in 0 hours 0 minutes and 11.27 seconds (11.27s).
11:50:29  
11:50:29  Completed successfully
11:50:29  
11:50:29  Done. PASS=5 WARN=0 ERROR=0 SKIP=0 TOTAL=5
[2024-04-03T11:50:34.174+0000] {logging_mixin.py:188} INFO - -----------
[2024-04-03T11:50:34.175+0000] {python.py:201} INFO - Done. Returned value was: None
[2024-04-03T11:50:34.191+0000] {taskinstance.py:1138} INFO - Marking task as SUCCESS. dag_id=dag___fresh, task_id=handle_dbt_result, execution_date=20240403T114950, start_date=20240403T115033, end_date=20240403T115034
[2024-04-03T11:50:34.259+0000] {local_task_job_runner.py:234} INFO - Task exited with return code 0
[2024-04-03T11:50:34.291+0000] {taskinstance.py:3280} INFO - 0 downstream tasks scheduled from follow-on schedule check
