[2024-04-01T10:05:19.405+0000] {taskinstance.py:1956} INFO - Dependencies all met for dep_context=non-requeueable deps ti=<TaskInstance: dag___freshness.run_model1 scheduled__2024-03-19T10:00:00+00:00 [queued]>
[2024-04-01T10:05:19.598+0000] {taskinstance.py:1956} INFO - Dependencies all met for dep_context=requeueable deps ti=<TaskInstance: dag___freshness.run_model1 scheduled__2024-03-19T10:00:00+00:00 [queued]>
[2024-04-01T10:05:19.617+0000] {taskinstance.py:2170} INFO - Starting attempt 1 of 2
[2024-04-01T10:05:19.750+0000] {taskinstance.py:2191} INFO - Executing <Task(BashOperator): run_model1> on 2024-03-19 10:00:00+00:00
[2024-04-01T10:05:19.794+0000] {standard_task_runner.py:60} INFO - Started process 1255 to run task
[2024-04-01T10:05:19.866+0000] {standard_task_runner.py:87} INFO - Running: ['***', 'tasks', 'run', 'dag___freshness', 'run_model1', 'scheduled__2024-03-19T10:00:00+00:00', '--job-id', '195', '--raw', '--subdir', 'DAGS_FOLDER/freshness_test_dag.py', '--cfg-path', '/tmp/tmp2837azlr']
[2024-04-01T10:05:20.002+0000] {standard_task_runner.py:88} INFO - Job 195: Subtask run_model1
[2024-04-01T10:05:20.482+0000] {task_command.py:423} INFO - Running <TaskInstance: dag___freshness.run_model1 scheduled__2024-03-19T10:00:00+00:00 [running]> on host 62dc842f1ceb
[2024-04-01T10:05:21.698+0000] {taskinstance.py:2480} INFO - Exporting env vars: AIRFLOW_CTX_DAG_OWNER='***' AIRFLOW_CTX_DAG_ID='dag___freshness' AIRFLOW_CTX_TASK_ID='run_model1' AIRFLOW_CTX_EXECUTION_DATE='2024-03-19T10:00:00+00:00' AIRFLOW_CTX_TRY_NUMBER='1' AIRFLOW_CTX_DAG_RUN_ID='scheduled__2024-03-19T10:00:00+00:00'
[2024-04-01T10:05:21.712+0000] {subprocess.py:63} INFO - Tmp dir root location: /tmp
[2024-04-01T10:05:21.727+0000] {subprocess.py:75} INFO - Running command: ['/usr/bin/bash', '-c', '/home/***/.local/bin/dbt run --models my_first_dbt_model my_second_dbt_model  --profiles-dir /home/***/.dbt --project-dir /opt/***/proj']
[2024-04-01T10:05:22.054+0000] {subprocess.py:86} INFO - Output:
[2024-04-01T10:05:55.579+0000] {subprocess.py:93} INFO - [0m10:05:55  Running with dbt=1.7.10
[2024-04-01T10:05:58.047+0000] {subprocess.py:93} INFO - [0m10:05:58  Registered adapter: postgres=1.7.10
[2024-04-01T10:06:25.230+0000] {subprocess.py:93} INFO - [0m10:06:25  Found 34 models, 2 operations, 5 tests, 1 source, 0 exposures, 0 metrics, 1407 macros, 0 groups, 0 semantic models
[2024-04-01T10:06:25.272+0000] {subprocess.py:93} INFO - [0m10:06:25
[2024-04-01T10:06:26.995+0000] {subprocess.py:93} INFO - [0m10:06:26
[2024-04-01T10:06:27.004+0000] {subprocess.py:93} INFO - [0m10:06:27  Running 1 on-run-start hook
[2024-04-01T10:06:27.160+0000] {subprocess.py:93} INFO - [0m10:06:27  1 of 1 START hook: elementary.on-run-start.0 ................................... [RUN]
[2024-04-01T10:06:27.162+0000] {subprocess.py:93} INFO - [0m10:06:27  1 of 1 OK hook: elementary.on-run-start.0 ...................................... [[32mOK[0m in 0.00s]
[2024-04-01T10:06:27.164+0000] {subprocess.py:93} INFO - [0m10:06:27
[2024-04-01T10:06:27.170+0000] {subprocess.py:93} INFO - [0m10:06:27  Concurrency: 1 threads (target='dev')
[2024-04-01T10:06:27.174+0000] {subprocess.py:93} INFO - [0m10:06:27
[2024-04-01T10:06:27.214+0000] {subprocess.py:93} INFO - [0m10:06:27  1 of 2 START sql table model public.my_first_dbt_model ......................... [RUN]
[2024-04-01T10:06:28.124+0000] {subprocess.py:93} INFO - [0m10:06:28  1 of 2 OK created sql table model public.my_first_dbt_model .................... [[32mSELECT 2[0m in 0.89s]
[2024-04-01T10:06:28.154+0000] {subprocess.py:93} INFO - [0m10:06:28  2 of 2 START sql view model public.my_second_dbt_model ......................... [RUN]
[2024-04-01T10:06:28.707+0000] {subprocess.py:93} INFO - [0m10:06:28  2 of 2 OK created sql view model public.my_second_dbt_model .................... [[32mCREATE VIEW[0m in 0.53s]
[2024-04-01T10:06:28.882+0000] {subprocess.py:93} INFO - [0m10:06:28
[2024-04-01T10:06:28.884+0000] {subprocess.py:93} INFO - [0m10:06:28  Running 1 on-run-end hook
[2024-04-01T10:06:34.215+0000] {subprocess.py:93} INFO - [0m10:06:34  1 of 1 START hook: elementary.on-run-end.0 ..................................... [RUN]
[2024-04-01T10:06:34.230+0000] {subprocess.py:93} INFO - [0m10:06:34  1 of 1 OK hook: elementary.on-run-end.0 ........................................ [[32mOK[0m in 0.00s]
[2024-04-01T10:06:34.238+0000] {subprocess.py:93} INFO - [0m10:06:34
[2024-04-01T10:06:34.277+0000] {subprocess.py:93} INFO - [0m10:06:34
[2024-04-01T10:06:34.288+0000] {subprocess.py:93} INFO - [0m10:06:34  Finished running 1 table model, 1 view model, 2 hooks in 0 hours 0 minutes and 8.99 seconds (8.99s).
[2024-04-01T10:06:34.502+0000] {subprocess.py:93} INFO - [0m10:06:34
[2024-04-01T10:06:34.505+0000] {subprocess.py:93} INFO - [0m10:06:34  [32mCompleted successfully[0m
[2024-04-01T10:06:34.507+0000] {subprocess.py:93} INFO - [0m10:06:34
[2024-04-01T10:06:34.510+0000] {subprocess.py:93} INFO - [0m10:06:34  Done. PASS=2 WARN=0 ERROR=0 SKIP=0 TOTAL=2
[2024-04-01T10:06:36.003+0000] {subprocess.py:97} INFO - Command exited with return code 0
[2024-04-01T10:06:36.078+0000] {taskinstance.py:1138} INFO - Marking task as SUCCESS. dag_id=dag___freshness, task_id=run_model1, execution_date=20240319T100000, start_date=20240401T100519, end_date=20240401T100636
[2024-04-01T10:06:36.173+0000] {local_task_job_runner.py:234} INFO - Task exited with return code 0
[2024-04-01T10:06:36.705+0000] {taskinstance.py:3280} INFO - 0 downstream tasks scheduled from follow-on schedule check
