[2024-03-25T12:30:57.863+0000] {taskinstance.py:1956} INFO - Dependencies all met for dep_context=non-requeueable deps ti=<TaskInstance: dag___dbt.dbt_data_quality_checks manual__2024-03-25T12:24:46.758421+00:00 [queued]>
[2024-03-25T12:30:57.876+0000] {taskinstance.py:1956} INFO - Dependencies all met for dep_context=requeueable deps ti=<TaskInstance: dag___dbt.dbt_data_quality_checks manual__2024-03-25T12:24:46.758421+00:00 [queued]>
[2024-03-25T12:30:57.877+0000] {taskinstance.py:2170} INFO - Starting attempt 2 of 2
[2024-03-25T12:30:57.905+0000] {taskinstance.py:2191} INFO - Executing <Task(BashOperator): dbt_data_quality_checks> on 2024-03-25 12:24:46.758421+00:00
[2024-03-25T12:30:57.915+0000] {standard_task_runner.py:60} INFO - Started process 901 to run task
[2024-03-25T12:30:57.921+0000] {standard_task_runner.py:87} INFO - Running: ['***', 'tasks', 'run', 'dag___dbt', 'dbt_data_quality_checks', 'manual__2024-03-25T12:24:46.758421+00:00', '--job-id', '47', '--raw', '--subdir', 'DAGS_FOLDER/dbt_dag.py', '--cfg-path', '/tmp/tmpasj3_qgs']
[2024-03-25T12:30:57.926+0000] {standard_task_runner.py:88} INFO - Job 47: Subtask dbt_data_quality_checks
[2024-03-25T12:30:58.009+0000] {task_command.py:423} INFO - Running <TaskInstance: dag___dbt.dbt_data_quality_checks manual__2024-03-25T12:24:46.758421+00:00 [running]> on host 62dc842f1ceb
[2024-03-25T12:30:58.127+0000] {taskinstance.py:2480} INFO - Exporting env vars: AIRFLOW_CTX_DAG_OWNER='***' AIRFLOW_CTX_DAG_ID='dag___dbt' AIRFLOW_CTX_TASK_ID='dbt_data_quality_checks' AIRFLOW_CTX_EXECUTION_DATE='2024-03-25T12:24:46.758421+00:00' AIRFLOW_CTX_TRY_NUMBER='2' AIRFLOW_CTX_DAG_RUN_ID='manual__2024-03-25T12:24:46.758421+00:00'
[2024-03-25T12:30:58.132+0000] {subprocess.py:63} INFO - Tmp dir root location: /tmp
[2024-03-25T12:30:58.133+0000] {subprocess.py:75} INFO - Running command: ['/usr/bin/bash', '-c', '/home/***/.local/bin/dbt test --profiles-dir /home/***/.dbt --project-dir /opt/***/proj']
[2024-03-25T12:30:58.151+0000] {subprocess.py:86} INFO - Output:
[2024-03-25T12:31:05.452+0000] {subprocess.py:93} INFO - [0m12:31:05  Running with dbt=1.7.10
[2024-03-25T12:31:06.211+0000] {subprocess.py:93} INFO - [0m12:31:06  Registered adapter: postgres=1.7.10
[2024-03-25T12:31:19.614+0000] {subprocess.py:93} INFO - [0m12:31:19  Found 32 models, 2 operations, 3 tests, 0 sources, 0 exposures, 0 metrics, 1407 macros, 0 groups, 0 semantic models
[2024-03-25T12:31:19.622+0000] {subprocess.py:93} INFO - [0m12:31:19
[2024-03-25T12:31:20.529+0000] {subprocess.py:93} INFO - [0m12:31:20
[2024-03-25T12:31:20.532+0000] {subprocess.py:93} INFO - [0m12:31:20  Running 1 on-run-start hook
[2024-03-25T12:31:21.075+0000] {subprocess.py:93} INFO - [0m12:31:21  1 of 1 START hook: elementary.on-run-start.0 ................................... [RUN]
[2024-03-25T12:31:21.079+0000] {subprocess.py:93} INFO - [0m12:31:21  1 of 1 OK hook: elementary.on-run-start.0 ...................................... [[32mOK[0m in 0.00s]
[2024-03-25T12:31:21.094+0000] {subprocess.py:93} INFO - [0m12:31:21
[2024-03-25T12:31:21.106+0000] {subprocess.py:93} INFO - [0m12:31:21  Concurrency: 1 threads (target='dev')
[2024-03-25T12:31:21.123+0000] {subprocess.py:93} INFO - [0m12:31:21
[2024-03-25T12:31:21.158+0000] {subprocess.py:93} INFO - [0m12:31:21  1 of 3 START test not_null_my_second_dbt_model_id .............................. [RUN]
[2024-03-25T12:31:22.884+0000] {subprocess.py:93} INFO - [0m12:31:22  1 of 3 PASS not_null_my_second_dbt_model_id .................................... [[32mPASS[0m in 1.72s]
[2024-03-25T12:31:22.896+0000] {subprocess.py:93} INFO - [0m12:31:22  2 of 3 START test unique_my_first_dbt_model_id ................................. [RUN]
[2024-03-25T12:31:23.147+0000] {subprocess.py:93} INFO - [0m12:31:23  2 of 3 PASS unique_my_first_dbt_model_id ....................................... [[32mPASS[0m in 0.25s]
[2024-03-25T12:31:23.156+0000] {subprocess.py:93} INFO - [0m12:31:23  3 of 3 START test unique_my_second_dbt_model_id ................................ [RUN]
[2024-03-25T12:31:23.410+0000] {subprocess.py:93} INFO - [0m12:31:23  3 of 3 PASS unique_my_second_dbt_model_id ...................................... [[32mPASS[0m in 0.25s]
[2024-03-25T12:31:23.590+0000] {subprocess.py:93} INFO - [0m12:31:23
[2024-03-25T12:31:23.592+0000] {subprocess.py:93} INFO - [0m12:31:23  Running 1 on-run-end hook
[2024-03-25T12:31:28.565+0000] {subprocess.py:93} INFO - [0m12:31:28  1 of 1 START hook: elementary.on-run-end.0 ..................................... [RUN]
[2024-03-25T12:31:28.568+0000] {subprocess.py:93} INFO - [0m12:31:28  1 of 1 OK hook: elementary.on-run-end.0 ........................................ [[32mOK[0m in 0.00s]
[2024-03-25T12:31:28.572+0000] {subprocess.py:93} INFO - [0m12:31:28
[2024-03-25T12:31:28.585+0000] {subprocess.py:93} INFO - [0m12:31:28
[2024-03-25T12:31:28.587+0000] {subprocess.py:93} INFO - [0m12:31:28  Finished running 3 tests, 2 hooks in 0 hours 0 minutes and 8.96 seconds (8.96s).
[2024-03-25T12:31:28.769+0000] {subprocess.py:93} INFO - [0m12:31:28
[2024-03-25T12:31:28.779+0000] {subprocess.py:93} INFO - [0m12:31:28  [32mCompleted successfully[0m
[2024-03-25T12:31:28.782+0000] {subprocess.py:93} INFO - [0m12:31:28
[2024-03-25T12:31:28.784+0000] {subprocess.py:93} INFO - [0m12:31:28  Done. PASS=3 WARN=0 ERROR=0 SKIP=0 TOTAL=3
[2024-03-25T12:31:29.933+0000] {subprocess.py:97} INFO - Command exited with return code 0
[2024-03-25T12:31:29.975+0000] {taskinstance.py:1138} INFO - Marking task as SUCCESS. dag_id=dag___dbt, task_id=dbt_data_quality_checks, execution_date=20240325T122446, start_date=20240325T123057, end_date=20240325T123129
[2024-03-25T12:31:30.037+0000] {local_task_job_runner.py:234} INFO - Task exited with return code 0
[2024-03-25T12:31:30.065+0000] {taskinstance.py:3280} INFO - 1 downstream tasks scheduled from follow-on schedule check
