[2024-04-01T10:39:50.148+0000] {taskinstance.py:1956} INFO - Dependencies all met for dep_context=non-requeueable deps ti=<TaskInstance: dag___fresh.dbt_data_quality_checks manual__2024-04-01T10:39:18.286613+00:00 [queued]>
[2024-04-01T10:39:50.164+0000] {taskinstance.py:1956} INFO - Dependencies all met for dep_context=requeueable deps ti=<TaskInstance: dag___fresh.dbt_data_quality_checks manual__2024-04-01T10:39:18.286613+00:00 [queued]>
[2024-04-01T10:39:50.165+0000] {taskinstance.py:2170} INFO - Starting attempt 1 of 2
[2024-04-01T10:39:50.186+0000] {taskinstance.py:2191} INFO - Executing <Task(BashOperator): dbt_data_quality_checks> on 2024-04-01 10:39:18.286613+00:00
[2024-04-01T10:39:50.194+0000] {standard_task_runner.py:60} INFO - Started process 635 to run task
[2024-04-01T10:39:50.199+0000] {standard_task_runner.py:87} INFO - Running: ['***', 'tasks', 'run', 'dag___fresh', 'dbt_data_quality_checks', 'manual__2024-04-01T10:39:18.286613+00:00', '--job-id', '261', '--raw', '--subdir', 'DAGS_FOLDER/dbt_dag.py', '--cfg-path', '/tmp/tmpgl3_aouh']
[2024-04-01T10:39:50.204+0000] {standard_task_runner.py:88} INFO - Job 261: Subtask dbt_data_quality_checks
[2024-04-01T10:39:50.272+0000] {task_command.py:423} INFO - Running <TaskInstance: dag___fresh.dbt_data_quality_checks manual__2024-04-01T10:39:18.286613+00:00 [running]> on host 62dc842f1ceb
[2024-04-01T10:39:50.381+0000] {taskinstance.py:2480} INFO - Exporting env vars: AIRFLOW_CTX_DAG_OWNER='***' AIRFLOW_CTX_DAG_ID='dag___fresh' AIRFLOW_CTX_TASK_ID='dbt_data_quality_checks' AIRFLOW_CTX_EXECUTION_DATE='2024-04-01T10:39:18.286613+00:00' AIRFLOW_CTX_TRY_NUMBER='1' AIRFLOW_CTX_DAG_RUN_ID='manual__2024-04-01T10:39:18.286613+00:00'
[2024-04-01T10:39:50.385+0000] {subprocess.py:63} INFO - Tmp dir root location: /tmp
[2024-04-01T10:39:50.386+0000] {subprocess.py:75} INFO - Running command: ['/usr/bin/bash', '-c', '/home/***/.local/bin/dbt test --profiles-dir /home/***/.dbt --project-dir /opt/***/proj']
[2024-04-01T10:39:50.401+0000] {subprocess.py:86} INFO - Output:
[2024-04-01T10:39:57.377+0000] {subprocess.py:93} INFO - [0m10:39:57  Running with dbt=1.7.10
[2024-04-01T10:39:58.187+0000] {subprocess.py:93} INFO - [0m10:39:58  Registered adapter: postgres=1.7.10
[2024-04-01T10:40:10.652+0000] {subprocess.py:93} INFO - [0m10:40:10  Found 34 models, 2 operations, 5 tests, 1 source, 0 exposures, 0 metrics, 1407 macros, 0 groups, 0 semantic models
[2024-04-01T10:40:10.661+0000] {subprocess.py:93} INFO - [0m10:40:10
[2024-04-01T10:40:11.418+0000] {subprocess.py:93} INFO - [0m10:40:11
[2024-04-01T10:40:11.421+0000] {subprocess.py:93} INFO - [0m10:40:11  Running 1 on-run-start hook
[2024-04-01T10:40:11.725+0000] {subprocess.py:93} INFO - [0m10:40:11  1 of 1 START hook: elementary.on-run-start.0 ................................... [RUN]
[2024-04-01T10:40:11.734+0000] {subprocess.py:93} INFO - [0m10:40:11  1 of 1 OK hook: elementary.on-run-start.0 ...................................... [[32mOK[0m in 0.00s]
[2024-04-01T10:40:11.740+0000] {subprocess.py:93} INFO - [0m10:40:11
[2024-04-01T10:40:11.747+0000] {subprocess.py:93} INFO - [0m10:40:11  Concurrency: 1 threads (target='dev')
[2024-04-01T10:40:11.750+0000] {subprocess.py:93} INFO - [0m10:40:11
[2024-04-01T10:40:11.776+0000] {subprocess.py:93} INFO - [0m10:40:11  1 of 5 START test elementary_freshness_anomalies_raw_orders_creation_date ...... [RUN]
[2024-04-01T10:40:12.836+0000] {subprocess.py:93} INFO - [0m10:40:12  Elementary: Started running data monitors on: POSTGRES.PUBLIC.RAW_ORDERS
[2024-04-01T10:40:13.669+0000] {subprocess.py:93} INFO - [0m10:40:13  Elementary: Finished running data monitors on: POSTGRES.PUBLIC.RAW_ORDERS
[2024-04-01T10:40:14.844+0000] {subprocess.py:93} INFO - [0m10:40:14  1 of 5 PASS elementary_freshness_anomalies_raw_orders_creation_date ............ [[32mPASS[0m in 3.06s]
[2024-04-01T10:40:14.854+0000] {subprocess.py:93} INFO - [0m10:40:14  2 of 5 START test not_null_my_second_dbt_model_id .............................. [RUN]
[2024-04-01T10:40:15.115+0000] {subprocess.py:93} INFO - [0m10:40:15  2 of 5 PASS not_null_my_second_dbt_model_id .................................... [[32mPASS[0m in 0.26s]
[2024-04-01T10:40:15.124+0000] {subprocess.py:93} INFO - [0m10:40:15  3 of 5 START test not_null_raw_orders_creation_date ............................ [RUN]
[2024-04-01T10:40:15.347+0000] {subprocess.py:93} INFO - [0m10:40:15  3 of 5 PASS not_null_raw_orders_creation_date .................................. [[32mPASS[0m in 0.22s]
[2024-04-01T10:40:15.354+0000] {subprocess.py:93} INFO - [0m10:40:15  4 of 5 START test unique_my_first_dbt_model_id ................................. [RUN]
[2024-04-01T10:40:15.599+0000] {subprocess.py:93} INFO - [0m10:40:15  4 of 5 PASS unique_my_first_dbt_model_id ....................................... [[32mPASS[0m in 0.24s]
[2024-04-01T10:40:15.607+0000] {subprocess.py:93} INFO - [0m10:40:15  5 of 5 START test unique_my_second_dbt_model_id ................................ [RUN]
[2024-04-01T10:40:15.842+0000] {subprocess.py:93} INFO - [0m10:40:15  5 of 5 PASS unique_my_second_dbt_model_id ...................................... [[32mPASS[0m in 0.23s]
[2024-04-01T10:40:15.935+0000] {subprocess.py:93} INFO - [0m10:40:15
[2024-04-01T10:40:15.936+0000] {subprocess.py:93} INFO - [0m10:40:15  Running 1 on-run-end hook
[2024-04-01T10:40:22.415+0000] {subprocess.py:93} INFO - [0m10:40:22  1 of 1 START hook: elementary.on-run-end.0 ..................................... [RUN]
[2024-04-01T10:40:22.418+0000] {subprocess.py:93} INFO - [0m10:40:22  1 of 1 OK hook: elementary.on-run-end.0 ........................................ [[32mOK[0m in 0.00s]
[2024-04-01T10:40:22.420+0000] {subprocess.py:93} INFO - [0m10:40:22
[2024-04-01T10:40:22.434+0000] {subprocess.py:93} INFO - [0m10:40:22
[2024-04-01T10:40:22.437+0000] {subprocess.py:93} INFO - [0m10:40:22  Finished running 5 tests, 2 hooks in 0 hours 0 minutes and 11.77 seconds (11.77s).
[2024-04-01T10:40:22.589+0000] {subprocess.py:93} INFO - [0m10:40:22
[2024-04-01T10:40:22.591+0000] {subprocess.py:93} INFO - [0m10:40:22  [32mCompleted successfully[0m
[2024-04-01T10:40:22.593+0000] {subprocess.py:93} INFO - [0m10:40:22
[2024-04-01T10:40:22.596+0000] {subprocess.py:93} INFO - [0m10:40:22  Done. PASS=5 WARN=0 ERROR=0 SKIP=0 TOTAL=5
[2024-04-01T10:40:23.574+0000] {subprocess.py:97} INFO - Command exited with return code 0
[2024-04-01T10:40:23.620+0000] {taskinstance.py:1138} INFO - Marking task as SUCCESS. dag_id=dag___fresh, task_id=dbt_data_quality_checks, execution_date=20240401T103918, start_date=20240401T103950, end_date=20240401T104023
[2024-04-01T10:40:23.684+0000] {local_task_job_runner.py:234} INFO - Task exited with return code 0
[2024-04-01T10:40:23.721+0000] {taskinstance.py:3280} INFO - 1 downstream tasks scheduled from follow-on schedule check
