[2024-04-03T10:59:59.113+0000] {taskinstance.py:1956} INFO - Dependencies all met for dep_context=non-requeueable deps ti=<TaskInstance: dag___dbt.elementary_reports_generation manual__2024-04-03T10:58:59.424418+00:00 [queued]>
[2024-04-03T10:59:59.125+0000] {taskinstance.py:1956} INFO - Dependencies all met for dep_context=requeueable deps ti=<TaskInstance: dag___dbt.elementary_reports_generation manual__2024-04-03T10:58:59.424418+00:00 [queued]>
[2024-04-03T10:59:59.126+0000] {taskinstance.py:2170} INFO - Starting attempt 1 of 2
[2024-04-03T10:59:59.142+0000] {taskinstance.py:2191} INFO - Executing <Task(BashOperator): elementary_reports_generation> on 2024-04-03 10:58:59.424418+00:00
[2024-04-03T10:59:59.148+0000] {standard_task_runner.py:60} INFO - Started process 2141 to run task
[2024-04-03T10:59:59.151+0000] {standard_task_runner.py:87} INFO - Running: ['***', 'tasks', 'run', 'dag___dbt', 'elementary_reports_generation', 'manual__2024-04-03T10:58:59.424418+00:00', '--job-id', '358', '--raw', '--subdir', 'DAGS_FOLDER/freshness_test_dag.py', '--cfg-path', '/tmp/tmph4436t3n']
[2024-04-03T10:59:59.154+0000] {standard_task_runner.py:88} INFO - Job 358: Subtask elementary_reports_generation
[2024-04-03T10:59:59.206+0000] {task_command.py:423} INFO - Running <TaskInstance: dag___dbt.elementary_reports_generation manual__2024-04-03T10:58:59.424418+00:00 [running]> on host 62dc842f1ceb
[2024-04-03T10:59:59.294+0000] {taskinstance.py:2480} INFO - Exporting env vars: AIRFLOW_CTX_DAG_OWNER='***' AIRFLOW_CTX_DAG_ID='dag___dbt' AIRFLOW_CTX_TASK_ID='elementary_reports_generation' AIRFLOW_CTX_EXECUTION_DATE='2024-04-03T10:58:59.424418+00:00' AIRFLOW_CTX_TRY_NUMBER='1' AIRFLOW_CTX_DAG_RUN_ID='manual__2024-04-03T10:58:59.424418+00:00'
[2024-04-03T10:59:59.297+0000] {subprocess.py:63} INFO - Tmp dir root location: /tmp
[2024-04-03T10:59:59.298+0000] {subprocess.py:75} INFO - Running command: ['/usr/bin/bash', '-c', '/home/***/.local/bin/edr report']
[2024-04-03T10:59:59.312+0000] {subprocess.py:86} INFO - Output:
[2024-04-03T11:00:01.356+0000] {subprocess.py:93} INFO -     ________                          __
[2024-04-03T11:00:01.357+0000] {subprocess.py:93} INFO -    / ____/ /__  ____ ___  ___  ____  / /_____ ________  __
[2024-04-03T11:00:01.358+0000] {subprocess.py:93} INFO -   / __/ / / _ \/ __ `__ \/ _ \/ __ \/ __/ __ `/ ___/ / / /
[2024-04-03T11:00:01.358+0000] {subprocess.py:93} INFO -  / /___/ /  __/ / / / / /  __/ / / / /_/ /_/ / /  / /_/ /
[2024-04-03T11:00:01.359+0000] {subprocess.py:93} INFO - /_____/_/\___/_/ /_/ /_/\___/_/ /_/\__/\__,_/_/   \__, /
[2024-04-03T11:00:01.359+0000] {subprocess.py:93} INFO -                                                  /____/
[2024-04-03T11:00:01.360+0000] {subprocess.py:93} INFO - 
[2024-04-03T11:00:01.655+0000] {subprocess.py:93} INFO - Any feedback and suggestions are welcomed! join our community here - https://bit.ly/slack-elementary
[2024-04-03T11:00:01.656+0000] {subprocess.py:93} INFO - 
[2024-04-03T11:00:01.657+0000] {subprocess.py:93} INFO - 2024-04-03 11:00:01 — INFO — Running with edr=0.14.1
[2024-04-03T11:00:16.098+0000] {subprocess.py:93} INFO - 2024-04-03 11:00:16 — INFO — edr (0.14.1) and Elementary's dbt package (0.14.1) are compatible.
[2024-04-03T11:00:22.334+0000] {subprocess.py:93} INFO - 2024-04-03 11:00:22 — INFO — Elementary's database and schema: '"postgres.public_elementary"'
[2024-04-03T11:00:22.335+0000] {subprocess.py:93} INFO - 2024-04-03 11:00:22 — INFO — Running dbt --log-format json run-operation elementary.log_macro_results --args {"macro_name": "elementary_cli.get_test_results", "macro_args": {"days_back": 7, "invocations_per_test": 720, "disable_passed_test_metrics": false}} --project-dir /home/***/.local/lib/python3.8/site-packages/elementary/monitor/dbt_project
[2024-04-03T11:00:29.219+0000] {subprocess.py:93} INFO - 2024-04-03 11:00:29 — INFO — Running dbt --log-format json run-operation elementary.log_macro_results --args {"macro_name": "elementary_cli.get_source_freshness_results", "macro_args": {"days_back": 7, "invocations_per_test": 720}} --project-dir /home/***/.local/lib/python3.8/site-packages/elementary/monitor/dbt_project
[2024-04-03T11:00:37.158+0000] {subprocess.py:93} INFO - 2024-04-03 11:00:37 — INFO — Running dbt --log-format json run-operation elementary.log_macro_results --args {"macro_name": "elementary_cli.get_models", "macro_args": {"exclude_elementary": true}} --project-dir /home/***/.local/lib/python3.8/site-packages/elementary/monitor/dbt_project
[2024-04-03T11:00:43.237+0000] {subprocess.py:93} INFO - 2024-04-03 11:00:43 — INFO — Running dbt --log-format json run-operation elementary.log_macro_results --args {"macro_name": "elementary_cli.get_sources", "macro_args": {}} --project-dir /home/***/.local/lib/python3.8/site-packages/elementary/monitor/dbt_project
[2024-04-03T11:00:49.738+0000] {subprocess.py:93} INFO - 2024-04-03 11:00:49 — INFO — Running dbt --log-format json run-operation elementary.log_macro_results --args {"macro_name": "elementary_cli.get_exposures", "macro_args": {}} --project-dir /home/***/.local/lib/python3.8/site-packages/elementary/monitor/dbt_project
[2024-04-03T11:00:55.939+0000] {subprocess.py:93} INFO - 2024-04-03 11:00:55 — INFO — Running dbt --log-format json run-operation elementary.log_macro_results --args {"macro_name": "elementary_cli.get_models_runs", "macro_args": {"days_back": 7, "exclude_elementary": true}} --project-dir /home/***/.local/lib/python3.8/site-packages/elementary/monitor/dbt_project
[2024-04-03T11:01:02.644+0000] {subprocess.py:93} INFO - 2024-04-03 11:01:02 — INFO — Running dbt --log-format json run-operation elementary.log_macro_results --args {"macro_name": "elementary_cli.get_dbt_models_test_coverage", "macro_args": {}} --project-dir /home/***/.local/lib/python3.8/site-packages/elementary/monitor/dbt_project
[2024-04-03T11:01:10.364+0000] {subprocess.py:93} INFO - 2024-04-03 11:01:10 — INFO — Running dbt --log-format json run-operation elementary.log_macro_results --args {"macro_name": "elementary_cli.get_nodes_depends_on_nodes", "macro_args": {"exclude_elementary": true}} --project-dir /home/***/.local/lib/python3.8/site-packages/elementary/monitor/dbt_project
[2024-04-03T11:01:17.085+0000] {subprocess.py:93} INFO - 2024-04-03 11:01:17 — INFO — Running dbt --log-format json run-operation elementary.log_macro_results --args {"macro_name": "elementary_cli.get_models_latest_invocation", "macro_args": {}} --project-dir /home/***/.local/lib/python3.8/site-packages/elementary/monitor/dbt_project
[2024-04-03T11:01:23.697+0000] {subprocess.py:93} INFO - 2024-04-03 11:01:23 — INFO — Running dbt --log-format json run-operation elementary.log_macro_results --args {"macro_name": "elementary_cli.get_models_latest_invocations_data", "macro_args": {}} --project-dir /home/***/.local/lib/python3.8/site-packages/elementary/monitor/dbt_project
[2024-04-03T11:01:31.806+0000] {subprocess.py:97} INFO - Command exited with return code 0
[2024-04-03T11:01:31.842+0000] {taskinstance.py:1138} INFO - Marking task as SUCCESS. dag_id=dag___dbt, task_id=elementary_reports_generation, execution_date=20240403T105859, start_date=20240403T105959, end_date=20240403T110131
[2024-04-03T11:01:31.880+0000] {local_task_job_runner.py:234} INFO - Task exited with return code 0
[2024-04-03T11:01:31.900+0000] {taskinstance.py:3280} INFO - 0 downstream tasks scheduled from follow-on schedule check
