[2024-04-01T10:06:40.094+0000] {taskinstance.py:1956} INFO - Dependencies all met for dep_context=non-requeueable deps ti=<TaskInstance: dag___freshness.dbt_data_quality_checks manual__2024-04-01T10:00:33.691349+00:00 [queued]>
[2024-04-01T10:06:40.118+0000] {taskinstance.py:1956} INFO - Dependencies all met for dep_context=requeueable deps ti=<TaskInstance: dag___freshness.dbt_data_quality_checks manual__2024-04-01T10:00:33.691349+00:00 [queued]>
[2024-04-01T10:06:40.121+0000] {taskinstance.py:2170} INFO - Starting attempt 1 of 2
[2024-04-01T10:06:40.227+0000] {taskinstance.py:2191} INFO - Executing <Task(BashOperator): dbt_data_quality_checks> on 2024-04-01 10:00:33.691349+00:00
[2024-04-01T10:06:40.265+0000] {standard_task_runner.py:60} INFO - Started process 1342 to run task
[2024-04-01T10:06:40.279+0000] {standard_task_runner.py:87} INFO - Running: ['***', 'tasks', 'run', 'dag___freshness', 'dbt_data_quality_checks', 'manual__2024-04-01T10:00:33.691349+00:00', '--job-id', '198', '--raw', '--subdir', 'DAGS_FOLDER/freshness_test_dag.py', '--cfg-path', '/tmp/tmpgexl8m9e']
[2024-04-01T10:06:40.297+0000] {standard_task_runner.py:88} INFO - Job 198: Subtask dbt_data_quality_checks
[2024-04-01T10:06:40.646+0000] {task_command.py:423} INFO - Running <TaskInstance: dag___freshness.dbt_data_quality_checks manual__2024-04-01T10:00:33.691349+00:00 [running]> on host 62dc842f1ceb
[2024-04-01T10:06:41.030+0000] {taskinstance.py:2480} INFO - Exporting env vars: AIRFLOW_CTX_DAG_OWNER='***' AIRFLOW_CTX_DAG_ID='dag___freshness' AIRFLOW_CTX_TASK_ID='dbt_data_quality_checks' AIRFLOW_CTX_EXECUTION_DATE='2024-04-01T10:00:33.691349+00:00' AIRFLOW_CTX_TRY_NUMBER='1' AIRFLOW_CTX_DAG_RUN_ID='manual__2024-04-01T10:00:33.691349+00:00'
[2024-04-01T10:06:41.043+0000] {subprocess.py:63} INFO - Tmp dir root location: /tmp
[2024-04-01T10:06:41.047+0000] {subprocess.py:75} INFO - Running command: ['/usr/bin/bash', '-c', '/home/***/.local/bin/dbt test --profiles-dir /home/***/.dbt --project-dir /opt/***/proj']
[2024-04-01T10:06:41.112+0000] {subprocess.py:86} INFO - Output:
[2024-04-01T10:06:53.569+0000] {subprocess.py:93} INFO - [0m10:06:53  Running with dbt=1.7.10
[2024-04-01T10:06:55.786+0000] {subprocess.py:93} INFO - [0m10:06:55  Registered adapter: postgres=1.7.10
[2024-04-01T10:07:24.168+0000] {subprocess.py:93} INFO - [0m10:07:24  Found 34 models, 2 operations, 5 tests, 1 source, 0 exposures, 0 metrics, 1407 macros, 0 groups, 0 semantic models
[2024-04-01T10:07:24.185+0000] {subprocess.py:93} INFO - [0m10:07:24
[2024-04-01T10:07:25.837+0000] {subprocess.py:93} INFO - [0m10:07:25
[2024-04-01T10:07:25.847+0000] {subprocess.py:93} INFO - [0m10:07:25  Running 1 on-run-start hook
[2024-04-01T10:07:27.183+0000] {subprocess.py:93} INFO - [0m10:07:27  1 of 1 START hook: elementary.on-run-start.0 ................................... [RUN]
[2024-04-01T10:07:27.304+0000] {subprocess.py:93} INFO - [0m10:07:27  1 of 1 OK hook: elementary.on-run-start.0 ...................................... [[32mOK[0m in 0.00s]
[2024-04-01T10:07:27.328+0000] {subprocess.py:93} INFO - [0m10:07:27
[2024-04-01T10:07:27.340+0000] {subprocess.py:93} INFO - [0m10:07:27  Concurrency: 1 threads (target='dev')
[2024-04-01T10:07:27.394+0000] {subprocess.py:93} INFO - [0m10:07:27
[2024-04-01T10:07:27.457+0000] {subprocess.py:93} INFO - [0m10:07:27  1 of 5 START test elementary_freshness_anomalies_raw_orders_creation_date ...... [RUN]
[2024-04-01T10:07:30.008+0000] {subprocess.py:93} INFO - [0m10:07:30  Elementary: Started running data monitors on: POSTGRES.PUBLIC.RAW_ORDERS
[2024-04-01T10:07:31.562+0000] {subprocess.py:93} INFO - [0m10:07:31  Elementary: Finished running data monitors on: POSTGRES.PUBLIC.RAW_ORDERS
[2024-04-01T10:07:33.762+0000] {subprocess.py:93} INFO - [0m10:07:33  1 of 5 PASS elementary_freshness_anomalies_raw_orders_creation_date ............ [[32mPASS[0m in 6.30s]
[2024-04-01T10:07:33.779+0000] {subprocess.py:93} INFO - [0m10:07:33  2 of 5 START test not_null_my_second_dbt_model_id .............................. [RUN]
[2024-04-01T10:07:34.252+0000] {subprocess.py:93} INFO - [0m10:07:34  2 of 5 PASS not_null_my_second_dbt_model_id .................................... [[32mPASS[0m in 0.47s]
[2024-04-01T10:07:34.270+0000] {subprocess.py:93} INFO - [0m10:07:34  3 of 5 START test not_null_raw_orders_creation_date ............................ [RUN]
[2024-04-01T10:07:34.812+0000] {subprocess.py:93} INFO - [0m10:07:34  3 of 5 PASS not_null_raw_orders_creation_date .................................. [[32mPASS[0m in 0.54s]
[2024-04-01T10:07:34.846+0000] {subprocess.py:93} INFO - [0m10:07:34  4 of 5 START test unique_my_first_dbt_model_id ................................. [RUN]
[2024-04-01T10:07:35.915+0000] {subprocess.py:93} INFO - [0m10:07:35  4 of 5 PASS unique_my_first_dbt_model_id ....................................... [[32mPASS[0m in 1.04s]
[2024-04-01T10:07:35.985+0000] {subprocess.py:93} INFO - [0m10:07:35  5 of 5 START test unique_my_second_dbt_model_id ................................ [RUN]
[2024-04-01T10:07:36.883+0000] {subprocess.py:93} INFO - [0m10:07:36  5 of 5 PASS unique_my_second_dbt_model_id ...................................... [[32mPASS[0m in 0.89s]
[2024-04-01T10:07:37.226+0000] {subprocess.py:93} INFO - [0m10:07:37
[2024-04-01T10:07:37.231+0000] {subprocess.py:93} INFO - [0m10:07:37  Running 1 on-run-end hook
[2024-04-01T10:07:48.518+0000] {subprocess.py:93} INFO - [0m10:07:48  1 of 1 START hook: elementary.on-run-end.0 ..................................... [RUN]
[2024-04-01T10:07:48.523+0000] {subprocess.py:93} INFO - [0m10:07:48  1 of 1 OK hook: elementary.on-run-end.0 ........................................ [[32mOK[0m in 0.00s]
[2024-04-01T10:07:48.527+0000] {subprocess.py:93} INFO - [0m10:07:48
[2024-04-01T10:07:48.552+0000] {subprocess.py:93} INFO - [0m10:07:48
[2024-04-01T10:07:48.563+0000] {subprocess.py:93} INFO - [0m10:07:48  Finished running 5 tests, 2 hooks in 0 hours 0 minutes and 24.36 seconds (24.36s).
[2024-04-01T10:07:48.888+0000] {subprocess.py:93} INFO - [0m10:07:48
[2024-04-01T10:07:48.907+0000] {subprocess.py:93} INFO - [0m10:07:48  [32mCompleted successfully[0m
[2024-04-01T10:07:48.933+0000] {subprocess.py:93} INFO - [0m10:07:48
[2024-04-01T10:07:48.949+0000] {subprocess.py:93} INFO - [0m10:07:48  Done. PASS=5 WARN=0 ERROR=0 SKIP=0 TOTAL=5
[2024-04-01T10:07:50.477+0000] {subprocess.py:97} INFO - Command exited with return code 0
[2024-04-01T10:07:50.546+0000] {taskinstance.py:1138} INFO - Marking task as SUCCESS. dag_id=dag___freshness, task_id=dbt_data_quality_checks, execution_date=20240401T100033, start_date=20240401T100640, end_date=20240401T100750
[2024-04-01T10:07:50.634+0000] {local_task_job_runner.py:234} INFO - Task exited with return code 0
[2024-04-01T10:07:50.680+0000] {taskinstance.py:3280} INFO - 1 downstream tasks scheduled from follow-on schedule check
