[2024-04-01T10:36:14.070+0000] {taskinstance.py:1956} INFO - Dependencies all met for dep_context=non-requeueable deps ti=<TaskInstance: dag___fresness.run_model1 scheduled__2024-03-16T00:00:00+00:00 [queued]>
[2024-04-01T10:36:14.178+0000] {taskinstance.py:1956} INFO - Dependencies all met for dep_context=requeueable deps ti=<TaskInstance: dag___fresness.run_model1 scheduled__2024-03-16T00:00:00+00:00 [queued]>
[2024-04-01T10:36:14.207+0000] {taskinstance.py:2170} INFO - Starting attempt 1 of 2
[2024-04-01T10:36:14.312+0000] {taskinstance.py:2191} INFO - Executing <Task(BashOperator): run_model1> on 2024-03-16 00:00:00+00:00
[2024-04-01T10:36:14.399+0000] {standard_task_runner.py:87} INFO - Running: ['***', 'tasks', 'run', 'dag___fresness', 'run_model1', 'scheduled__2024-03-16T00:00:00+00:00', '--job-id', '245', '--raw', '--subdir', 'DAGS_FOLDER/dbt_dag.py', '--cfg-path', '/tmp/tmprcmpezpt']
[2024-04-01T10:36:14.409+0000] {standard_task_runner.py:60} INFO - Started process 497 to run task
[2024-04-01T10:36:14.429+0000] {standard_task_runner.py:88} INFO - Job 245: Subtask run_model1
[2024-04-01T10:36:14.684+0000] {task_command.py:423} INFO - Running <TaskInstance: dag___fresness.run_model1 scheduled__2024-03-16T00:00:00+00:00 [running]> on host 62dc842f1ceb
[2024-04-01T10:36:15.126+0000] {taskinstance.py:2480} INFO - Exporting env vars: AIRFLOW_CTX_DAG_OWNER='***' AIRFLOW_CTX_DAG_ID='dag___fresness' AIRFLOW_CTX_TASK_ID='run_model1' AIRFLOW_CTX_EXECUTION_DATE='2024-03-16T00:00:00+00:00' AIRFLOW_CTX_TRY_NUMBER='1' AIRFLOW_CTX_DAG_RUN_ID='scheduled__2024-03-16T00:00:00+00:00'
[2024-04-01T10:36:15.143+0000] {subprocess.py:63} INFO - Tmp dir root location: /tmp
[2024-04-01T10:36:15.145+0000] {subprocess.py:75} INFO - Running command: ['/usr/bin/bash', '-c', '/home/***/.local/bin/dbt run --models  --profiles-dir /home/***/.dbt --project-dir /opt/***/proj']
[2024-04-01T10:36:15.272+0000] {subprocess.py:86} INFO - Output:
[2024-04-01T10:36:54.135+0000] {subprocess.py:93} INFO - [0m10:36:54  Running with dbt=1.7.10
[2024-04-01T10:36:56.564+0000] {subprocess.py:93} INFO - [0m10:36:56  Registered adapter: postgres=1.7.10
[2024-04-01T10:36:56.675+0000] {subprocess.py:93} INFO - [0m10:36:56  Encountered an error:
[2024-04-01T10:36:56.676+0000] {subprocess.py:93} INFO - [Errno 5] Input/output error: '/opt/***/proj/dbt_packages/dbt_date/dbt_project.yml'
[2024-04-01T10:36:56.686+0000] {subprocess.py:93} INFO - [0m10:36:56  Traceback (most recent call last):
[2024-04-01T10:36:56.687+0000] {subprocess.py:93} INFO -   File "/home/***/.local/lib/python3.8/site-packages/dbt/cli/requires.py", line 91, in wrapper
[2024-04-01T10:36:56.688+0000] {subprocess.py:93} INFO -     result, success = func(*args, **kwargs)
[2024-04-01T10:36:56.689+0000] {subprocess.py:93} INFO -   File "/home/***/.local/lib/python3.8/site-packages/dbt/cli/requires.py", line 76, in wrapper
[2024-04-01T10:36:56.690+0000] {subprocess.py:93} INFO -     return func(*args, **kwargs)
[2024-04-01T10:36:56.691+0000] {subprocess.py:93} INFO -   File "/home/***/.local/lib/python3.8/site-packages/dbt/cli/requires.py", line 169, in wrapper
[2024-04-01T10:36:56.692+0000] {subprocess.py:93} INFO -     return func(*args, **kwargs)
[2024-04-01T10:36:56.693+0000] {subprocess.py:93} INFO -   File "/home/***/.local/lib/python3.8/site-packages/dbt/cli/requires.py", line 198, in wrapper
[2024-04-01T10:36:56.694+0000] {subprocess.py:93} INFO -     return func(*args, **kwargs)
[2024-04-01T10:36:56.695+0000] {subprocess.py:93} INFO -   File "/home/***/.local/lib/python3.8/site-packages/dbt/cli/requires.py", line 245, in wrapper
[2024-04-01T10:36:56.696+0000] {subprocess.py:93} INFO -     return func(*args, **kwargs)
[2024-04-01T10:36:56.697+0000] {subprocess.py:93} INFO -   File "/home/***/.local/lib/python3.8/site-packages/dbt/cli/requires.py", line 271, in wrapper
[2024-04-01T10:36:56.698+0000] {subprocess.py:93} INFO -     ctx.obj["manifest"] = parse_manifest(
[2024-04-01T10:36:56.699+0000] {subprocess.py:93} INFO -   File "/home/***/.local/lib/python3.8/site-packages/dbt/parser/manifest.py", line 1798, in parse_manifest
[2024-04-01T10:36:56.700+0000] {subprocess.py:93} INFO -     manifest = ManifestLoader.get_full_manifest(
[2024-04-01T10:36:56.701+0000] {subprocess.py:93} INFO -   File "/home/***/.local/lib/python3.8/site-packages/dbt/parser/manifest.py", line 310, in get_full_manifest
[2024-04-01T10:36:56.702+0000] {subprocess.py:93} INFO -     projects = config.load_dependencies()
[2024-04-01T10:36:56.703+0000] {subprocess.py:93} INFO -   File "/home/***/.local/lib/python3.8/site-packages/dbt/config/runtime.py", line 378, in load_dependencies
[2024-04-01T10:36:56.703+0000] {subprocess.py:93} INFO -     for project_name, project in self.load_projects(project_paths):
[2024-04-01T10:36:56.704+0000] {subprocess.py:93} INFO -   File "/home/***/.local/lib/python3.8/site-packages/dbt/config/runtime.py", line 392, in load_projects
[2024-04-01T10:36:56.705+0000] {subprocess.py:93} INFO -     project = self.new_project(str(path))
[2024-04-01T10:36:56.706+0000] {subprocess.py:93} INFO -   File "/home/***/.local/lib/python3.8/site-packages/dbt/config/runtime.py", line 206, in new_project
[2024-04-01T10:36:56.708+0000] {subprocess.py:93} INFO -     project = Project.from_project_root(
[2024-04-01T10:36:56.709+0000] {subprocess.py:93} INFO -   File "/home/***/.local/lib/python3.8/site-packages/dbt/config/project.py", line 742, in from_project_root
[2024-04-01T10:36:56.709+0000] {subprocess.py:93} INFO -     partial = PartialProject.from_project_root(project_root, verify_version=verify_version)
[2024-04-01T10:36:56.712+0000] {subprocess.py:93} INFO -   File "/home/***/.local/lib/python3.8/site-packages/dbt/config/project.py", line 565, in from_project_root
[2024-04-01T10:36:56.713+0000] {subprocess.py:93} INFO -     project_dict = load_raw_project(project_root)
[2024-04-01T10:36:56.714+0000] {subprocess.py:93} INFO -   File "/home/***/.local/lib/python3.8/site-packages/dbt/config/project.py", line 208, in load_raw_project
[2024-04-01T10:36:56.715+0000] {subprocess.py:93} INFO -     project_dict = _load_yaml(project_yaml_filepath)
[2024-04-01T10:36:56.719+0000] {subprocess.py:93} INFO -   File "/home/***/.local/lib/python3.8/site-packages/dbt/config/project.py", line 97, in _load_yaml
[2024-04-01T10:36:56.720+0000] {subprocess.py:93} INFO -     contents = load_file_contents(path)
[2024-04-01T10:36:56.721+0000] {subprocess.py:93} INFO -   File "/home/***/.local/lib/python3.8/site-packages/dbt/clients/system.py", line 97, in load_file_contents
[2024-04-01T10:36:56.722+0000] {subprocess.py:93} INFO -     with open(path, "rb") as handle:
[2024-04-01T10:36:56.723+0000] {subprocess.py:93} INFO - OSError: [Errno 5] Input/output error: '/opt/***/proj/dbt_packages/dbt_date/dbt_project.yml'
[2024-04-01T10:36:56.724+0000] {subprocess.py:93} INFO - 
[2024-04-01T10:36:58.379+0000] {subprocess.py:97} INFO - Command exited with return code 2
[2024-04-01T10:36:58.407+0000] {taskinstance.py:2698} ERROR - Task failed with exception
Traceback (most recent call last):
  File "/home/airflow/.local/lib/python3.8/site-packages/airflow/models/taskinstance.py", line 433, in _execute_task
    result = execute_callable(context=context, **execute_callable_kwargs)
  File "/home/airflow/.local/lib/python3.8/site-packages/airflow/operators/bash.py", line 212, in execute
    raise AirflowException(
airflow.exceptions.AirflowException: Bash command failed. The command returned a non-zero exit code 2.
[2024-04-01T10:36:58.416+0000] {taskinstance.py:1138} INFO - Marking task as UP_FOR_RETRY. dag_id=dag___fresness, task_id=run_model1, execution_date=20240316T000000, start_date=20240401T103614, end_date=20240401T103658
[2024-04-01T10:36:58.494+0000] {standard_task_runner.py:107} ERROR - Failed to execute job 245 for task run_model1 (Bash command failed. The command returned a non-zero exit code 2.; 497)
[2024-04-01T10:36:58.594+0000] {local_task_job_runner.py:234} INFO - Task exited with return code 1
[2024-04-01T10:36:58.681+0000] {taskinstance.py:3280} INFO - 0 downstream tasks scheduled from follow-on schedule check
