[2024-04-01T10:47:18.591+0000] {taskinstance.py:1956} INFO - Dependencies all met for dep_context=non-requeueable deps ti=<TaskInstance: dag___fresh.dbt_data_quality_checks manual__2024-04-01T10:47:15.297432+00:00 [queued]>
[2024-04-01T10:47:18.605+0000] {taskinstance.py:1956} INFO - Dependencies all met for dep_context=requeueable deps ti=<TaskInstance: dag___fresh.dbt_data_quality_checks manual__2024-04-01T10:47:15.297432+00:00 [queued]>
[2024-04-01T10:47:18.606+0000] {taskinstance.py:2170} INFO - Starting attempt 1 of 2
[2024-04-01T10:47:18.633+0000] {taskinstance.py:2191} INFO - Executing <Task(BashOperator): dbt_data_quality_checks> on 2024-04-01 10:47:15.297432+00:00
[2024-04-01T10:47:18.642+0000] {standard_task_runner.py:60} INFO - Started process 881 to run task
[2024-04-01T10:47:18.648+0000] {standard_task_runner.py:87} INFO - Running: ['***', 'tasks', 'run', 'dag___fresh', 'dbt_data_quality_checks', 'manual__2024-04-01T10:47:15.297432+00:00', '--job-id', '269', '--raw', '--subdir', 'DAGS_FOLDER/dbt_dag.py', '--cfg-path', '/tmp/tmpc3jd20t_']
[2024-04-01T10:47:18.653+0000] {standard_task_runner.py:88} INFO - Job 269: Subtask dbt_data_quality_checks
[2024-04-01T10:47:18.728+0000] {task_command.py:423} INFO - Running <TaskInstance: dag___fresh.dbt_data_quality_checks manual__2024-04-01T10:47:15.297432+00:00 [running]> on host 62dc842f1ceb
[2024-04-01T10:47:18.869+0000] {taskinstance.py:2480} INFO - Exporting env vars: AIRFLOW_CTX_DAG_OWNER='***' AIRFLOW_CTX_DAG_ID='dag___fresh' AIRFLOW_CTX_TASK_ID='dbt_data_quality_checks' AIRFLOW_CTX_EXECUTION_DATE='2024-04-01T10:47:15.297432+00:00' AIRFLOW_CTX_TRY_NUMBER='1' AIRFLOW_CTX_DAG_RUN_ID='manual__2024-04-01T10:47:15.297432+00:00'
[2024-04-01T10:47:18.873+0000] {subprocess.py:63} INFO - Tmp dir root location: /tmp
[2024-04-01T10:47:18.874+0000] {subprocess.py:75} INFO - Running command: ['/usr/bin/bash', '-c', '/home/***/.local/bin/dbt source freshness --profiles-dir /home/***/.dbt --project-dir /opt/***/proj']
[2024-04-01T10:47:18.894+0000] {subprocess.py:86} INFO - Output:
[2024-04-01T10:47:26.338+0000] {subprocess.py:93} INFO - [0m10:47:26  Running with dbt=1.7.10
[2024-04-01T10:47:27.167+0000] {subprocess.py:93} INFO - [0m10:47:27  Registered adapter: postgres=1.7.10
[2024-04-01T10:47:39.136+0000] {subprocess.py:93} INFO - [0m10:47:39  Found 34 models, 2 operations, 5 tests, 1 source, 0 exposures, 0 metrics, 1407 macros, 0 groups, 0 semantic models
[2024-04-01T10:47:39.144+0000] {subprocess.py:93} INFO - [0m10:47:39
[2024-04-01T10:47:39.799+0000] {subprocess.py:93} INFO - [0m10:47:39  Concurrency: 1 threads (target='dev')
[2024-04-01T10:47:39.801+0000] {subprocess.py:93} INFO - [0m10:47:39
[2024-04-01T10:47:39.820+0000] {subprocess.py:93} INFO - [0m10:47:39  1 of 1 START freshness of public.freshnes_test ................................. [RUN]
[2024-04-01T10:47:39.968+0000] {subprocess.py:93} INFO - [0m10:47:39  1 of 1 PASS freshness of public.freshnes_test .................................. [[32mPASS[0m in 0.15s]
[2024-04-01T10:47:40.066+0000] {subprocess.py:93} INFO - [0m10:47:40  Done.
[2024-04-01T10:47:40.929+0000] {subprocess.py:97} INFO - Command exited with return code 0
[2024-04-01T10:47:40.962+0000] {taskinstance.py:1138} INFO - Marking task as SUCCESS. dag_id=dag___fresh, task_id=dbt_data_quality_checks, execution_date=20240401T104715, start_date=20240401T104718, end_date=20240401T104740
[2024-04-01T10:47:40.989+0000] {local_task_job_runner.py:234} INFO - Task exited with return code 0
[2024-04-01T10:47:41.008+0000] {taskinstance.py:3280} INFO - 0 downstream tasks scheduled from follow-on schedule check
