[2024-04-01T10:31:22.815+0000] {taskinstance.py:1956} INFO - Dependencies all met for dep_context=non-requeueable deps ti=<TaskInstance: dag___dbt.elementary_reports_generation manual__2024-04-01T10:25:58.667610+00:00 [queued]>
[2024-04-01T10:31:22.829+0000] {taskinstance.py:1956} INFO - Dependencies all met for dep_context=requeueable deps ti=<TaskInstance: dag___dbt.elementary_reports_generation manual__2024-04-01T10:25:58.667610+00:00 [queued]>
[2024-04-01T10:31:22.830+0000] {taskinstance.py:2170} INFO - Starting attempt 1 of 2
[2024-04-01T10:31:22.852+0000] {taskinstance.py:2191} INFO - Executing <Task(BashOperator): elementary_reports_generation> on 2024-04-01 10:25:58.667610+00:00
[2024-04-01T10:31:22.861+0000] {standard_task_runner.py:60} INFO - Started process 279 to run task
[2024-04-01T10:31:22.866+0000] {standard_task_runner.py:87} INFO - Running: ['***', 'tasks', 'run', 'dag___dbt', 'elementary_reports_generation', 'manual__2024-04-01T10:25:58.667610+00:00', '--job-id', '238', '--raw', '--subdir', 'DAGS_FOLDER/dbt_dag.py', '--cfg-path', '/tmp/tmpjhixk7ae']
[2024-04-01T10:31:22.869+0000] {standard_task_runner.py:88} INFO - Job 238: Subtask elementary_reports_generation
[2024-04-01T10:31:22.940+0000] {task_command.py:423} INFO - Running <TaskInstance: dag___dbt.elementary_reports_generation manual__2024-04-01T10:25:58.667610+00:00 [running]> on host 62dc842f1ceb
[2024-04-01T10:31:23.062+0000] {taskinstance.py:2480} INFO - Exporting env vars: AIRFLOW_CTX_DAG_OWNER='***' AIRFLOW_CTX_DAG_ID='dag___dbt' AIRFLOW_CTX_TASK_ID='elementary_reports_generation' AIRFLOW_CTX_EXECUTION_DATE='2024-04-01T10:25:58.667610+00:00' AIRFLOW_CTX_TRY_NUMBER='1' AIRFLOW_CTX_DAG_RUN_ID='manual__2024-04-01T10:25:58.667610+00:00'
[2024-04-01T10:31:23.065+0000] {subprocess.py:63} INFO - Tmp dir root location: /tmp
[2024-04-01T10:31:23.066+0000] {subprocess.py:75} INFO - Running command: ['/usr/bin/bash', '-c', '/home/***/.local/bin/edr report']
[2024-04-01T10:31:23.082+0000] {subprocess.py:86} INFO - Output:
[2024-04-01T10:31:25.960+0000] {subprocess.py:93} INFO -     ________                          __
[2024-04-01T10:31:25.961+0000] {subprocess.py:93} INFO -    / ____/ /__  ____ ___  ___  ____  / /_____ ________  __
[2024-04-01T10:31:25.962+0000] {subprocess.py:93} INFO -   / __/ / / _ \/ __ `__ \/ _ \/ __ \/ __/ __ `/ ___/ / / /
[2024-04-01T10:31:25.962+0000] {subprocess.py:93} INFO -  / /___/ /  __/ / / / / /  __/ / / / /_/ /_/ / /  / /_/ /
[2024-04-01T10:31:25.963+0000] {subprocess.py:93} INFO - /_____/_/\___/_/ /_/ /_/\___/_/ /_/\__/\__,_/_/   \__, /
[2024-04-01T10:31:25.963+0000] {subprocess.py:93} INFO -                                                  /____/
[2024-04-01T10:31:25.964+0000] {subprocess.py:93} INFO - 
[2024-04-01T10:31:26.179+0000] {subprocess.py:93} INFO - Any feedback and suggestions are welcomed! join our community here - https://bit.ly/slack-elementary
[2024-04-01T10:31:26.180+0000] {subprocess.py:93} INFO - 
[2024-04-01T10:31:26.181+0000] {subprocess.py:93} INFO - 2024-04-01 10:31:26 — INFO — Running with edr=0.14.1
[2024-04-01T10:31:46.594+0000] {subprocess.py:93} INFO - 2024-04-01 10:31:46 — INFO — edr (0.14.1) and Elementary's dbt package (0.14.1) are compatible.
[2024-04-01T10:31:54.957+0000] {subprocess.py:93} INFO - 2024-04-01 10:31:54 — INFO — Elementary's database and schema: '"postgres.public_elementary"'
[2024-04-01T10:31:54.959+0000] {subprocess.py:93} INFO - 2024-04-01 10:31:54 — INFO — Running dbt --log-format json run-operation elementary.log_macro_results --args {"macro_name": "elementary_cli.get_test_results", "macro_args": {"days_back": 7, "invocations_per_test": 720, "disable_passed_test_metrics": false}} --project-dir /home/***/.local/lib/python3.8/site-packages/elementary/monitor/dbt_project
[2024-04-01T10:32:10.425+0000] {subprocess.py:93} INFO - 2024-04-01 10:32:10 — INFO — Running dbt --log-format json run-operation elementary.log_macro_results --args {"macro_name": "elementary_cli.get_source_freshness_results", "macro_args": {"days_back": 7, "invocations_per_test": 720}} --project-dir /home/***/.local/lib/python3.8/site-packages/elementary/monitor/dbt_project
[2024-04-01T10:32:25.039+0000] {subprocess.py:93} INFO - 2024-04-01 10:32:25 — INFO — Running dbt --log-format json run-operation elementary.log_macro_results --args {"macro_name": "elementary_cli.get_models", "macro_args": {"exclude_elementary": true}} --project-dir /home/***/.local/lib/python3.8/site-packages/elementary/monitor/dbt_project
[2024-04-01T10:32:35.388+0000] {subprocess.py:93} INFO - 2024-04-01 10:32:35 — INFO — Running dbt --log-format json run-operation elementary.log_macro_results --args {"macro_name": "elementary_cli.get_sources", "macro_args": {}} --project-dir /home/***/.local/lib/python3.8/site-packages/elementary/monitor/dbt_project
[2024-04-01T10:32:49.530+0000] {subprocess.py:93} INFO - 2024-04-01 10:32:49 — INFO — Running dbt --log-format json run-operation elementary.log_macro_results --args {"macro_name": "elementary_cli.get_exposures", "macro_args": {}} --project-dir /home/***/.local/lib/python3.8/site-packages/elementary/monitor/dbt_project
[2024-04-01T10:33:00.483+0000] {subprocess.py:93} INFO - 2024-04-01 10:33:00 — INFO — Running dbt --log-format json run-operation elementary.log_macro_results --args {"macro_name": "elementary_cli.get_models_runs", "macro_args": {"days_back": 7, "exclude_elementary": true}} --project-dir /home/***/.local/lib/python3.8/site-packages/elementary/monitor/dbt_project
[2024-04-01T10:33:09.188+0000] {subprocess.py:93} INFO - 2024-04-01 10:33:09 — INFO — Running dbt --log-format json run-operation elementary.log_macro_results --args {"macro_name": "elementary_cli.get_dbt_models_test_coverage", "macro_args": {}} --project-dir /home/***/.local/lib/python3.8/site-packages/elementary/monitor/dbt_project
[2024-04-01T10:33:17.826+0000] {subprocess.py:93} INFO - 2024-04-01 10:33:17 — INFO — Running dbt --log-format json run-operation elementary.log_macro_results --args {"macro_name": "elementary_cli.get_nodes_depends_on_nodes", "macro_args": {"exclude_elementary": true}} --project-dir /home/***/.local/lib/python3.8/site-packages/elementary/monitor/dbt_project
[2024-04-01T10:33:26.240+0000] {subprocess.py:93} INFO - 2024-04-01 10:33:26 — INFO — Running dbt --log-format json run-operation elementary.log_macro_results --args {"macro_name": "elementary_cli.get_models_latest_invocation", "macro_args": {}} --project-dir /home/***/.local/lib/python3.8/site-packages/elementary/monitor/dbt_project
[2024-04-01T10:33:35.167+0000] {subprocess.py:93} INFO - 2024-04-01 10:33:35 — INFO — Running dbt --log-format json run-operation elementary.log_macro_results --args {"macro_name": "elementary_cli.get_models_latest_invocations_data", "macro_args": {}} --project-dir /home/***/.local/lib/python3.8/site-packages/elementary/monitor/dbt_project
[2024-04-01T10:33:43.873+0000] {subprocess.py:97} INFO - Command exited with return code 0
[2024-04-01T10:33:43.910+0000] {taskinstance.py:1138} INFO - Marking task as SUCCESS. dag_id=dag___dbt, task_id=elementary_reports_generation, execution_date=20240401T102558, start_date=20240401T103122, end_date=20240401T103343
[2024-04-01T10:33:43.962+0000] {local_task_job_runner.py:234} INFO - Task exited with return code 0
[2024-04-01T10:33:43.985+0000] {taskinstance.py:3280} INFO - 0 downstream tasks scheduled from follow-on schedule check
